7.4892 	WARNING 	User requested fullscreen with size [1024  768], but screen is actually [1920, 1200]. Using actual size
8.4179 	EXP 	Created window1 = Window(allowGUI=True, allowStencil=False, args=UNKNOWN, autoLog=True, bitsMode=UNKNOWN, blendMode='avg', color=array([0., 0., 0.]), colorSpace='rgb', fullscr=<method-wrapper '__getattribute__' of attributeSetter object at 0x0000022768183E10>, gamma=None, gammaErrorPolicy='raise', kwargs=UNKNOWN, lms=UNKNOWN, monitor=<psychopy.monitors.calibTools.Monitor object at 0x00000227682DB630>, multiSample=False, name='window1', numSamples=2, pos=[0.0, 0.0], screen=0, size=array([1920, 1200]), stereo=False, units='height', useFBO=True, useRetina=False, viewOri=0.0, viewPos=None, viewScale=None, waitBlanking=True, winType='pyglet')
8.4180 	EXP 	window1: recordFrameIntervals = False
8.5841 	EXP 	window1: recordFrameIntervals = True
8.7675 	EXP 	window1: recordFrameIntervals = False
8.9723 	EXP 	Created Instructions = TextStim(__class__=<class 'psychopy.visual.text.TextStim'>, alignHoriz='center', alignVert='center', antialias=True, autoLog=True, bold=False, color='white', colorSpace='named', contrast=1.0, depth=0.0, flipHoriz=False, flipVert=False, font='Arial', fontFiles=[], height=0.05, italic=False, languageStyle='LTR', name='Instructions', opacity=1.0, ori=0, pos=array([0., 0.]), rgb=array([255., 255., 255.]), text=str(...), units='height', win=Window(...), wrapWidth=1.5)
8.9922 	EXP 	Created Iti = TextStim(__class__=<class 'psychopy.visual.text.TextStim'>, alignHoriz='center', alignVert='center', antialias=True, autoLog=True, bold=False, color='white', colorSpace='named', contrast=1.0, depth=0.0, flipHoriz=False, flipVert=False, font='Arial', fontFiles=[], height=0.1, italic=False, languageStyle='LTR', name='Iti', opacity=1.0, ori=0, pos=array([0., 0.]), rgb=array([255., 255., 255.]), text='default text', units='height', win=Window(...), wrapWidth=1)
8.9931 	EXP 	Created cue = TextStim(__class__=<class 'psychopy.visual.text.TextStim'>, alignHoriz='center', alignVert='center', antialias=True, autoLog=True, bold=False, color='white', colorSpace='named', contrast=1.0, depth=0.0, flipHoriz=False, flipVert=False, font='Arial', fontFiles=[], height=0.12, italic=False, languageStyle='LTR', name='cue', opacity=1.0, ori=0, pos=array([0., 0.]), rgb=array([255., 255., 255.]), text='', units='height', win=Window(...), wrapWidth=1)
8.9972 	EXP 	Created ISI = TextStim(__class__=<class 'psychopy.visual.text.TextStim'>, alignHoriz='center', alignVert='center', antialias=True, autoLog=True, bold=False, color='white', colorSpace='named', contrast=1.0, depth=-1.0, flipHoriz=False, flipVert=False, font='Arial', fontFiles=[], height=0.1, italic=False, languageStyle='LTR', name='ISI', opacity=1.0, ori=0, pos=array([0., 0.]), rgb=array([255., 255., 255.]), text='default text', units='height', win=Window(...), wrapWidth=1)
8.9995 	EXP 	Created Image = ImageStim(__class__=<class 'psychopy.visual.image.ImageStim'>, autoLog=True, color=array([1., 1., 1.]), colorSpace='rgb', contrast=1.0, depth=0.0, flipHoriz=False, flipVert=False, image='sin', interpolate=True, mask=None, maskParams=None, name='Image', opacity=1.0, ori=0.0, pos=array([0., 0.]), size=array([1., 1.]), texRes=128, units='height', win=Window(...))
9.0102 	EXP 	Created ratingQ = TextStim(__class__=<class 'psychopy.visual.text.TextStim'>, alignHoriz='center', alignVert='center', antialias=True, autoLog=True, bold=False, color='white', colorSpace='named', contrast=1.0, depth=0.0, flipHoriz=False, flipVert=False, font='Arial', fontFiles=[], height=0.06, italic=False, languageStyle='LTR', name='ratingQ', opacity=1.0, ori=0, pos=array([0.  , 0.19]), rgb=array([255., 255., 255.]), text='default text', units='height', win=Window(...), wrapWidth=1.3)
9.0205 	EXP 	Created text_2 = TextStim(__class__=<class 'psychopy.visual.text.TextStim'>, alignHoriz='center', alignVert='center', antialias=True, autoLog=True, bold=False, color='white', colorSpace='named', contrast=1.0, depth=-1.0, flipHoriz=False, flipVert=False, font='Arial', fontFiles=[], height=0.035, italic=False, languageStyle='LTR', name='text_2', opacity=1.0, ori=0, pos=array([-0.25, -0.1 ]), rgb=array([255., 255., 255.]), text='default text', units='height', win=Window(...), wrapWidth=1.6)
9.0575 	EXP 	Created rating = RatingScale(__class__=type(...), acceptKeys=['return'], acceptPreText=UNKNOWN, acceptSize=UNKNOWN, acceptText='accept?', autoLog=True, choices=['1', '2', '3', '4', '5'], depth=0, disappear=False, flipVert=False, high=4, kwargs=UNKNOWN, labels=list(...), leftKeys=['left'], lineColor='White', low=0, marker=ShapeStim(...), markerColor='DarkBlue', markerExpansion=UNKNOWN, markerStart=None, maxTime=0.0, minTime=0.4, mouseOnly=False, name='rating', noMouse=False, pos=[0.0, -0.33], precision=1, respKeys=['0', '1', '2', '3', '4'], rightKeys=['right'], scale='<default>', self=UNKNOWN, showAccept=True, showValue=True, singleClick=False, size=0.84, skipKeys=['tab'], stretch=1.0, textColor='LightGray', textFont='Helvetica Bold', textSize=0.168, tickHeight=-1, tickMarks=4.0, win=Window(...))
9.0606 	EXP 	Created text_4 = TextStim(__class__=<class 'psychopy.visual.text.TextStim'>, alignHoriz='center', alignVert='center', antialias=True, autoLog=True, bold=False, color='white', colorSpace='named', contrast=1.0, depth=-3.0, flipHoriz=False, flipVert=False, font='Arial', fontFiles=[], height=0.035, italic=False, languageStyle='LTR', name='text_4', opacity=1.0, ori=0, pos=array([ 0.25, -0.1 ]), rgb=array([255., 255., 255.]), text='default text', units='height', win=Window(...), wrapWidth=1)
9.0648 	EXP 	Created Iti = TextStim(__class__=<class 'psychopy.visual.text.TextStim'>, alignHoriz='center', alignVert='center', antialias=True, autoLog=True, bold=False, color='white', colorSpace='named', contrast=1.0, depth=0.0, flipHoriz=False, flipVert=False, font='Arial', fontFiles=[], height=0.1, italic=False, languageStyle='LTR', name='Iti', opacity=1.0, ori=0, pos=array([0., 0.]), rgb=array([255., 255., 255.]), text='default text', units='height', win=Window(...), wrapWidth=1)
9.0982 	EXP 	Created text = TextStim(__class__=<class 'psychopy.visual.text.TextStim'>, alignHoriz='center', alignVert='center', antialias=True, autoLog=True, bold=False, color='white', colorSpace='named', contrast=1.0, depth=0.0, flipHoriz=False, flipVert=False, font='Arial', fontFiles=[], height=0.08, italic=False, languageStyle='LTR', name='text', opacity=1.0, ori=0, pos=array([0., 0.]), rgb=array([255., 255., 255.]), text=str(...), units='height', win=Window(...), wrapWidth=1.5)
9.1025 	EXP 	Created Iti = TextStim(__class__=<class 'psychopy.visual.text.TextStim'>, alignHoriz='center', alignVert='center', antialias=True, autoLog=True, bold=False, color='white', colorSpace='named', contrast=1.0, depth=0.0, flipHoriz=False, flipVert=False, font='Arial', fontFiles=[], height=0.1, italic=False, languageStyle='LTR', name='Iti', opacity=1.0, ori=0, pos=array([0., 0.]), rgb=array([255., 255., 255.]), text='default text', units='height', win=Window(...), wrapWidth=1)
9.1029 	EXP 	Created cue = TextStim(__class__=<class 'psychopy.visual.text.TextStim'>, alignHoriz='center', alignVert='center', antialias=True, autoLog=True, bold=False, color='white', colorSpace='named', contrast=1.0, depth=0.0, flipHoriz=False, flipVert=False, font='Arial', fontFiles=[], height=0.12, italic=False, languageStyle='LTR', name='cue', opacity=1.0, ori=0, pos=array([0., 0.]), rgb=array([255., 255., 255.]), text='', units='height', win=Window(...), wrapWidth=1)
9.1072 	EXP 	Created ISI = TextStim(__class__=<class 'psychopy.visual.text.TextStim'>, alignHoriz='center', alignVert='center', antialias=True, autoLog=True, bold=False, color='white', colorSpace='named', contrast=1.0, depth=-1.0, flipHoriz=False, flipVert=False, font='Arial', fontFiles=[], height=0.1, italic=False, languageStyle='LTR', name='ISI', opacity=1.0, ori=0, pos=array([0., 0.]), rgb=array([255., 255., 255.]), text='default text', units='height', win=Window(...), wrapWidth=1)
9.1092 	EXP 	Created Image = ImageStim(__class__=<class 'psychopy.visual.image.ImageStim'>, autoLog=True, color=array([1., 1., 1.]), colorSpace='rgb', contrast=1.0, depth=0.0, flipHoriz=False, flipVert=False, image='sin', interpolate=True, mask=None, maskParams=None, name='Image', opacity=1.0, ori=0.0, pos=array([0., 0.]), size=array([1., 1.]), texRes=128, units='height', win=Window(...))
9.1122 	EXP 	Created ratingQ = TextStim(__class__=<class 'psychopy.visual.text.TextStim'>, alignHoriz='center', alignVert='center', antialias=True, autoLog=True, bold=False, color='white', colorSpace='named', contrast=1.0, depth=0.0, flipHoriz=False, flipVert=False, font='Arial', fontFiles=[], height=0.06, italic=False, languageStyle='LTR', name='ratingQ', opacity=1.0, ori=0, pos=array([0.  , 0.19]), rgb=array([255., 255., 255.]), text='default text', units='height', win=Window(...), wrapWidth=1.3)
9.1152 	EXP 	Created text_2 = TextStim(__class__=<class 'psychopy.visual.text.TextStim'>, alignHoriz='center', alignVert='center', antialias=True, autoLog=True, bold=False, color='white', colorSpace='named', contrast=1.0, depth=-1.0, flipHoriz=False, flipVert=False, font='Arial', fontFiles=[], height=0.035, italic=False, languageStyle='LTR', name='text_2', opacity=1.0, ori=0, pos=array([-0.25, -0.1 ]), rgb=array([255., 255., 255.]), text='default text', units='height', win=Window(...), wrapWidth=1.6)
9.1296 	EXP 	Created rating = RatingScale(__class__=type(...), acceptKeys=['return'], acceptPreText=UNKNOWN, acceptSize=UNKNOWN, acceptText='accept?', autoLog=True, choices=['1', '2', '3', '4', '5'], depth=0, disappear=False, flipVert=False, high=4, kwargs=UNKNOWN, labels=list(...), leftKeys=['left'], lineColor='White', low=0, marker=ShapeStim(...), markerColor='DarkBlue', markerExpansion=UNKNOWN, markerStart=None, maxTime=0.0, minTime=0.4, mouseOnly=False, name='rating', noMouse=False, pos=[0.0, -0.33], precision=1, respKeys=['0', '1', '2', '3', '4'], rightKeys=['right'], scale='<default>', self=UNKNOWN, showAccept=True, showValue=True, singleClick=False, size=0.84, skipKeys=['tab'], stretch=1.0, textColor='LightGray', textFont='Helvetica Bold', textSize=0.168, tickHeight=-1, tickMarks=4.0, win=Window(...))
9.1328 	EXP 	Created text_4 = TextStim(__class__=<class 'psychopy.visual.text.TextStim'>, alignHoriz='center', alignVert='center', antialias=True, autoLog=True, bold=False, color='white', colorSpace='named', contrast=1.0, depth=-3.0, flipHoriz=False, flipVert=False, font='Arial', fontFiles=[], height=0.035, italic=False, languageStyle='LTR', name='text_4', opacity=1.0, ori=0, pos=array([ 0.25, -0.1 ]), rgb=array([255., 255., 255.]), text='default text', units='height', win=Window(...), wrapWidth=1)
9.1370 	EXP 	Created Iti = TextStim(__class__=<class 'psychopy.visual.text.TextStim'>, alignHoriz='center', alignVert='center', antialias=True, autoLog=True, bold=False, color='white', colorSpace='named', contrast=1.0, depth=0.0, flipHoriz=False, flipVert=False, font='Arial', fontFiles=[], height=0.1, italic=False, languageStyle='LTR', name='Iti', opacity=1.0, ori=0, pos=array([0., 0.]), rgb=array([255., 255., 255.]), text='default text', units='height', win=Window(...), wrapWidth=1)
9.1773 	EXP 	Created text_3 = TextStim(__class__=<class 'psychopy.visual.text.TextStim'>, alignHoriz='center', alignVert='center', antialias=True, autoLog=True, bold=False, color='white', colorSpace='named', contrast=1.0, depth=0.0, flipHoriz=False, flipVert=False, font='Arial', fontFiles=[], height=0.1, italic=False, languageStyle='LTR', name='text_3', opacity=1.0, ori=0, pos=array([0., 0.]), rgb=array([255., 255., 255.]), text=str(...), units='height', win=Window(...), wrapWidth=1.3)
9.2068 	EXP 	rating: flipVert = False
9.2068 	EXP 	rating: autoLog = True
9.2068 	EXP 	rating: flipVert = False
9.2068 	EXP 	rating: autoLog = True
9.2068 	EXP 	Instructions: autoDraw = True
11.0135 	DATA 	Keypress: space
11.0200 	EXP 	Instructions: autoDraw = False
11.0200 	EXP 	Iti: text = '+'
11.0200 	EXP 	Iti: autoDraw = True
13.0268 	EXP 	Imported EmotionRegCues.csv as conditions, 1 conditions, 3 params
13.0270 	EXP 	Created sequence: random, trialTypes=1, nReps=1, seed=None
13.0272 	EXP 	New trial (rep=0, index=0): OrderedDict([('CueType1', 'REGULATE'), ('rows', '003:0021'), ('CueType2', 'REACT')])
13.0537 	EXP 	Iti: autoDraw = False
13.0537 	EXP 	Iti: autoDraw = False
13.0537 	EXP 	cue: text = ''
13.0537 	EXP 	ISI: text = '+'
13.0537 	EXP 	cue: text = 'REACT'
13.0537 	EXP 	cue: autoDraw = True
16.0402 	EXP 	ISI: autoDraw = True
16.0570 	EXP 	cue: autoDraw = False
18.0143 	EXP 	Imported EmotionReg.csv as conditions, 3 conditions, 5 params
18.0144 	EXP 	Created sequence: sequential, trialTypes=3, nReps=1, seed=None
18.0146 	EXP 	New trial (rep=0, index=0): OrderedDict([('Picture', 'musician.jpg'), ('LeftText', 'Negative'), ('NeutralText', 'Neutral'), ('EmoType', 'Neutral'), ('RightText', 'Neutral')])
18.0479 	EXP 	cue: autoDraw = False
18.0479 	EXP 	ISI: autoDraw = False
18.0479 	EXP 	Image: size = array([1.5, 1. ])
18.0479 	EXP 	Image: image = 'musician.jpg'
18.0479 	EXP 	Image: autoDraw = True
26.0421 	EXP 	RatingScale rating: reset()
26.0592 	EXP 	Image: autoDraw = False
26.0592 	EXP 	ratingQ: text = 'How would you characterize your feelings at the present moment?'
26.0592 	EXP 	text_2: text = 'Negative'
26.0592 	EXP 	text_4: text = 'Neutral'
26.0592 	EXP 	ratingQ: autoDraw = True
26.0592 	EXP 	text_2: autoDraw = True
26.0592 	EXP 	rating: autoDraw = True
26.0592 	EXP 	text_4: autoDraw = True
31.0360 	EXP 	ratingQ: autoDraw = False
31.0360 	EXP 	text_2: autoDraw = False
31.0360 	EXP 	rating: autoDraw = False
31.0360 	EXP 	text_4: autoDraw = False
31.0360 	EXP 	Iti: text = '+'
31.0360 	EXP 	Iti: autoDraw = True
32.5393 	DATA 	Keypress: escape
32.6663 	EXP 	window1: mouseVisible = True
