4.7626 	WARNING 	User requested fullscreen with size [1024  768], but screen is actually [1920, 1200]. Using actual size
5.5575 	EXP 	Created window1 = Window(allowGUI=True, allowStencil=False, args=UNKNOWN, autoLog=True, bitsMode=UNKNOWN, blendMode='avg', color=array([0., 0., 0.]), colorSpace='rgb', fullscr=<method-wrapper '__getattribute__' of attributeSetter object at 0x0000023BF9FACDA0>, gamma=None, gammaErrorPolicy='raise', kwargs=UNKNOWN, lms=UNKNOWN, monitor=<psychopy.monitors.calibTools.Monitor object at 0x0000023BFA13C5C0>, multiSample=False, name='window1', numSamples=2, pos=[0.0, 0.0], screen=0, size=array([1920, 1200]), stereo=False, units='height', useFBO=True, useRetina=False, viewOri=0.0, viewPos=None, viewScale=None, waitBlanking=True, winType='pyglet')
5.5576 	EXP 	window1: recordFrameIntervals = False
5.7240 	EXP 	window1: recordFrameIntervals = True
5.9073 	EXP 	window1: recordFrameIntervals = False
6.1108 	EXP 	Created Instructions = TextStim(__class__=<class 'psychopy.visual.text.TextStim'>, alignHoriz='center', alignVert='center', antialias=True, autoLog=True, bold=False, color='white', colorSpace='named', contrast=1.0, depth=0.0, flipHoriz=False, flipVert=False, font='Arial', fontFiles=[], height=0.05, italic=False, languageStyle='LTR', name='Instructions', opacity=1.0, ori=0, pos=array([0., 0.]), rgb=array([255., 255., 255.]), text=str(...), units='height', win=Window(...), wrapWidth=1.5)
6.1297 	EXP 	Created Iti = TextStim(__class__=<class 'psychopy.visual.text.TextStim'>, alignHoriz='center', alignVert='center', antialias=True, autoLog=True, bold=False, color='white', colorSpace='named', contrast=1.0, depth=0.0, flipHoriz=False, flipVert=False, font='Arial', fontFiles=[], height=0.1, italic=False, languageStyle='LTR', name='Iti', opacity=1.0, ori=0, pos=array([0., 0.]), rgb=array([255., 255., 255.]), text='default text', units='height', win=Window(...), wrapWidth=1)
6.1307 	EXP 	Created cue = TextStim(__class__=<class 'psychopy.visual.text.TextStim'>, alignHoriz='center', alignVert='center', antialias=True, autoLog=True, bold=False, color='white', colorSpace='named', contrast=1.0, depth=0.0, flipHoriz=False, flipVert=False, font='Arial', fontFiles=[], height=0.12, italic=False, languageStyle='LTR', name='cue', opacity=1.0, ori=0, pos=array([0., 0.]), rgb=array([255., 255., 255.]), text='', units='height', win=Window(...), wrapWidth=1)
6.1350 	EXP 	Created ISI = TextStim(__class__=<class 'psychopy.visual.text.TextStim'>, alignHoriz='center', alignVert='center', antialias=True, autoLog=True, bold=False, color='white', colorSpace='named', contrast=1.0, depth=-1.0, flipHoriz=False, flipVert=False, font='Arial', fontFiles=[], height=0.1, italic=False, languageStyle='LTR', name='ISI', opacity=1.0, ori=0, pos=array([0., 0.]), rgb=array([255., 255., 255.]), text='default text', units='height', win=Window(...), wrapWidth=1)
6.1376 	EXP 	Created Image = ImageStim(__class__=<class 'psychopy.visual.image.ImageStim'>, autoLog=True, color=array([1., 1., 1.]), colorSpace='rgb', contrast=1.0, depth=0.0, flipHoriz=False, flipVert=False, image='sin', interpolate=True, mask=None, maskParams=None, name='Image', opacity=1.0, ori=0.0, pos=array([0., 0.]), size=array([1., 1.]), texRes=128, units='height', win=Window(...))
6.1487 	EXP 	Created ratingQ = TextStim(__class__=<class 'psychopy.visual.text.TextStim'>, alignHoriz='center', alignVert='center', antialias=True, autoLog=True, bold=False, color='white', colorSpace='named', contrast=1.0, depth=0.0, flipHoriz=False, flipVert=False, font='Arial', fontFiles=[], height=0.06, italic=False, languageStyle='LTR', name='ratingQ', opacity=1.0, ori=0, pos=array([0.  , 0.19]), rgb=array([255., 255., 255.]), text='default text', units='height', win=Window(...), wrapWidth=1.3)
6.1598 	EXP 	Created text_2 = TextStim(__class__=<class 'psychopy.visual.text.TextStim'>, alignHoriz='center', alignVert='center', antialias=True, autoLog=True, bold=False, color='white', colorSpace='named', contrast=1.0, depth=-1.0, flipHoriz=False, flipVert=False, font='Arial', fontFiles=[], height=0.039, italic=False, languageStyle='LTR', name='text_2', opacity=1.0, ori=0, pos=array([-0.33, -0.1 ]), rgb=array([255., 255., 255.]), text='default text', units='height', win=Window(...), wrapWidth=1.6)
6.1630 	EXP 	Created text_4 = TextStim(__class__=<class 'psychopy.visual.text.TextStim'>, alignHoriz='center', alignVert='center', antialias=True, autoLog=True, bold=False, color='white', colorSpace='named', contrast=1.0, depth=-2.0, flipHoriz=False, flipVert=False, font='Arial', fontFiles=[], height=0.039, italic=False, languageStyle='LTR', name='text_4', opacity=1.0, ori=0, pos=array([ 0.33, -0.1 ]), rgb=array([255., 255., 255.]), text='default text', units='height', win=Window(...), wrapWidth=1)
6.2039 	EXP 	Created rating_2 = RatingScale(__class__=type(...), acceptKeys=['return'], acceptPreText=UNKNOWN, acceptSize=UNKNOWN, acceptText='accept?', autoLog=True, choices=['1', '2', '3', '4', '5'], depth=0, disappear=False, flipVert=False, high=4, kwargs=UNKNOWN, labels=list(...), leftKeys=['left'], lineColor='White', low=0, marker=ShapeStim(...), markerColor='DarkBlue', markerExpansion=UNKNOWN, markerStart=None, maxTime=0.0, minTime=0.4, mouseOnly=False, name='rating_2', noMouse=False, pos=[0.0, -0.4], precision=1, respKeys=['0', '1', '2', '3', '4'], rightKeys=['right'], scale='<default>', self=UNKNOWN, showAccept=True, showValue=True, singleClick=False, size=0.6, skipKeys=['tab'], stretch=1.0, textColor='LightGray', textFont='Helvetica Bold', textSize=0.12, tickHeight=-1, tickMarks=4.0, win=Window(...))
6.2083 	EXP 	Created Iti = TextStim(__class__=<class 'psychopy.visual.text.TextStim'>, alignHoriz='center', alignVert='center', antialias=True, autoLog=True, bold=False, color='white', colorSpace='named', contrast=1.0, depth=0.0, flipHoriz=False, flipVert=False, font='Arial', fontFiles=[], height=0.1, italic=False, languageStyle='LTR', name='Iti', opacity=1.0, ori=0, pos=array([0., 0.]), rgb=array([255., 255., 255.]), text='default text', units='height', win=Window(...), wrapWidth=1)
6.2445 	EXP 	Created text = TextStim(__class__=<class 'psychopy.visual.text.TextStim'>, alignHoriz='center', alignVert='center', antialias=True, autoLog=True, bold=False, color='white', colorSpace='named', contrast=1.0, depth=0.0, flipHoriz=False, flipVert=False, font='Arial', fontFiles=[], height=0.08, italic=False, languageStyle='LTR', name='text', opacity=1.0, ori=0, pos=array([0., 0.]), rgb=array([255., 255., 255.]), text=str(...), units='height', win=Window(...), wrapWidth=1.5)
6.2490 	EXP 	Created Iti = TextStim(__class__=<class 'psychopy.visual.text.TextStim'>, alignHoriz='center', alignVert='center', antialias=True, autoLog=True, bold=False, color='white', colorSpace='named', contrast=1.0, depth=0.0, flipHoriz=False, flipVert=False, font='Arial', fontFiles=[], height=0.1, italic=False, languageStyle='LTR', name='Iti', opacity=1.0, ori=0, pos=array([0., 0.]), rgb=array([255., 255., 255.]), text='default text', units='height', win=Window(...), wrapWidth=1)
6.2494 	EXP 	Created cue = TextStim(__class__=<class 'psychopy.visual.text.TextStim'>, alignHoriz='center', alignVert='center', antialias=True, autoLog=True, bold=False, color='white', colorSpace='named', contrast=1.0, depth=0.0, flipHoriz=False, flipVert=False, font='Arial', fontFiles=[], height=0.12, italic=False, languageStyle='LTR', name='cue', opacity=1.0, ori=0, pos=array([0., 0.]), rgb=array([255., 255., 255.]), text='', units='height', win=Window(...), wrapWidth=1)
6.2539 	EXP 	Created ISI = TextStim(__class__=<class 'psychopy.visual.text.TextStim'>, alignHoriz='center', alignVert='center', antialias=True, autoLog=True, bold=False, color='white', colorSpace='named', contrast=1.0, depth=-1.0, flipHoriz=False, flipVert=False, font='Arial', fontFiles=[], height=0.1, italic=False, languageStyle='LTR', name='ISI', opacity=1.0, ori=0, pos=array([0., 0.]), rgb=array([255., 255., 255.]), text='default text', units='height', win=Window(...), wrapWidth=1)
6.2560 	EXP 	Created Image = ImageStim(__class__=<class 'psychopy.visual.image.ImageStim'>, autoLog=True, color=array([1., 1., 1.]), colorSpace='rgb', contrast=1.0, depth=0.0, flipHoriz=False, flipVert=False, image='sin', interpolate=True, mask=None, maskParams=None, name='Image', opacity=1.0, ori=0.0, pos=array([0., 0.]), size=array([1., 1.]), texRes=128, units='height', win=Window(...))
6.2592 	EXP 	Created ratingQ = TextStim(__class__=<class 'psychopy.visual.text.TextStim'>, alignHoriz='center', alignVert='center', antialias=True, autoLog=True, bold=False, color='white', colorSpace='named', contrast=1.0, depth=0.0, flipHoriz=False, flipVert=False, font='Arial', fontFiles=[], height=0.06, italic=False, languageStyle='LTR', name='ratingQ', opacity=1.0, ori=0, pos=array([0.  , 0.19]), rgb=array([255., 255., 255.]), text='default text', units='height', win=Window(...), wrapWidth=1.3)
6.2624 	EXP 	Created text_2 = TextStim(__class__=<class 'psychopy.visual.text.TextStim'>, alignHoriz='center', alignVert='center', antialias=True, autoLog=True, bold=False, color='white', colorSpace='named', contrast=1.0, depth=-1.0, flipHoriz=False, flipVert=False, font='Arial', fontFiles=[], height=0.039, italic=False, languageStyle='LTR', name='text_2', opacity=1.0, ori=0, pos=array([-0.33, -0.1 ]), rgb=array([255., 255., 255.]), text='default text', units='height', win=Window(...), wrapWidth=1.6)
6.2656 	EXP 	Created text_4 = TextStim(__class__=<class 'psychopy.visual.text.TextStim'>, alignHoriz='center', alignVert='center', antialias=True, autoLog=True, bold=False, color='white', colorSpace='named', contrast=1.0, depth=-2.0, flipHoriz=False, flipVert=False, font='Arial', fontFiles=[], height=0.039, italic=False, languageStyle='LTR', name='text_4', opacity=1.0, ori=0, pos=array([ 0.33, -0.1 ]), rgb=array([255., 255., 255.]), text='default text', units='height', win=Window(...), wrapWidth=1)
6.2804 	EXP 	Created rating_2 = RatingScale(__class__=type(...), acceptKeys=['return'], acceptPreText=UNKNOWN, acceptSize=UNKNOWN, acceptText='accept?', autoLog=True, choices=['1', '2', '3', '4', '5'], depth=0, disappear=False, flipVert=False, high=4, kwargs=UNKNOWN, labels=list(...), leftKeys=['left'], lineColor='White', low=0, marker=ShapeStim(...), markerColor='DarkBlue', markerExpansion=UNKNOWN, markerStart=None, maxTime=0.0, minTime=0.4, mouseOnly=False, name='rating_2', noMouse=False, pos=[0.0, -0.4], precision=1, respKeys=['0', '1', '2', '3', '4'], rightKeys=['right'], scale='<default>', self=UNKNOWN, showAccept=True, showValue=True, singleClick=False, size=0.6, skipKeys=['tab'], stretch=1.0, textColor='LightGray', textFont='Helvetica Bold', textSize=0.12, tickHeight=-1, tickMarks=4.0, win=Window(...))
6.2849 	EXP 	Created Iti = TextStim(__class__=<class 'psychopy.visual.text.TextStim'>, alignHoriz='center', alignVert='center', antialias=True, autoLog=True, bold=False, color='white', colorSpace='named', contrast=1.0, depth=0.0, flipHoriz=False, flipVert=False, font='Arial', fontFiles=[], height=0.1, italic=False, languageStyle='LTR', name='Iti', opacity=1.0, ori=0, pos=array([0., 0.]), rgb=array([255., 255., 255.]), text='default text', units='height', win=Window(...), wrapWidth=1)
6.3261 	EXP 	Created text_3 = TextStim(__class__=<class 'psychopy.visual.text.TextStim'>, alignHoriz='center', alignVert='center', antialias=True, autoLog=True, bold=False, color='white', colorSpace='named', contrast=1.0, depth=0.0, flipHoriz=False, flipVert=False, font='Arial', fontFiles=[], height=0.1, italic=False, languageStyle='LTR', name='text_3', opacity=1.0, ori=0, pos=array([0., 0.]), rgb=array([255., 255., 255.]), text=str(...), units='height', win=Window(...), wrapWidth=1.3)
6.3559 	EXP 	rating_2: flipVert = False
6.3559 	EXP 	rating_2: autoLog = True
6.3559 	EXP 	rating_2: flipVert = False
6.3559 	EXP 	rating_2: autoLog = True
6.3559 	EXP 	Instructions: autoDraw = True
7.8847 	DATA 	Keypress: space
7.8920 	EXP 	Instructions: autoDraw = False
7.8920 	EXP 	Iti: text = '+'
7.8920 	EXP 	Iti: autoDraw = True
9.8992 	EXP 	Imported EmotionRegCues.csv as conditions, 1 conditions, 3 params
9.8994 	EXP 	Created sequence: random, trialTypes=1, nReps=1, seed=None
9.8996 	EXP 	New trial (rep=0, index=0): OrderedDict([('CueType1', 'REGULATE'), ('rows', '003:0021'), ('CueType2', 'REACT')])
9.9254 	EXP 	Iti: autoDraw = False
9.9254 	EXP 	Iti: autoDraw = False
9.9254 	EXP 	cue: text = ''
9.9254 	EXP 	ISI: text = '+'
9.9254 	EXP 	cue: text = 'REACT'
9.9254 	EXP 	cue: autoDraw = True
12.9130 	EXP 	ISI: autoDraw = True
12.9295 	EXP 	cue: autoDraw = False
14.8868 	EXP 	Imported EmotionReg.csv as conditions, 3 conditions, 5 params
14.8869 	EXP 	Created sequence: sequential, trialTypes=3, nReps=1, seed=None
14.8871 	EXP 	New trial (rep=0, index=0): OrderedDict([('Picture', 'musician.jpg'), ('LeftText', 'Negative'), ('NeutralText', 'Neutral'), ('EmoType', 'Neutral'), ('RightText', 'Neutral')])
14.9201 	EXP 	cue: autoDraw = False
14.9201 	EXP 	ISI: autoDraw = False
14.9201 	EXP 	Image: size = array([1.5, 1. ])
14.9201 	EXP 	Image: image = 'musician.jpg'
14.9201 	EXP 	Image: autoDraw = True
22.9161 	EXP 	RatingScale rating_2: reset()
22.9293 	EXP 	Image: autoDraw = False
22.9293 	EXP 	ratingQ: text = 'How would you characterize your feelings at the present moment?'
22.9293 	EXP 	text_2: text = 'Negative'
22.9293 	EXP 	text_4: text = 'Neutral'
22.9293 	EXP 	ratingQ: autoDraw = True
22.9293 	EXP 	text_2: autoDraw = True
22.9293 	EXP 	text_4: autoDraw = True
22.9293 	EXP 	rating_2: autoDraw = True
24.4926 	DATA 	Keypress: 1
25.3766 	DATA 	Keypress: 2
25.8102 	DATA 	Keypress: 3
26.1606 	DATA 	Keypress: 4
26.5448 	DATA 	Keypress: 1
26.9117 	DATA 	Keypress: 2
27.2451 	DATA 	Keypress: 1
27.4621 	DATA 	Keypress: 1
27.7791 	DATA 	Keypress: 1
27.9087 	EXP 	ratingQ: autoDraw = False
27.9087 	EXP 	text_2: autoDraw = False
27.9087 	EXP 	text_4: autoDraw = False
27.9087 	EXP 	rating_2: autoDraw = False
27.9087 	EXP 	Iti: text = '+'
27.9087 	EXP 	Iti: autoDraw = True
28.4493 	DATA 	Keypress: escape
28.5543 	EXP 	window1: mouseVisible = True
