4.8377 	WARNING 	User requested fullscreen with size [1024  768], but screen is actually [1920, 1200]. Using actual size
5.6509 	EXP 	Created window1 = Window(allowGUI=True, allowStencil=False, args=UNKNOWN, autoLog=True, bitsMode=UNKNOWN, blendMode='avg', color=array([0., 0., 0.]), colorSpace='rgb', fullscr=<method-wrapper '__getattribute__' of attributeSetter object at 0x00000188412DDBA8>, gamma=None, gammaErrorPolicy='raise', kwargs=UNKNOWN, lms=UNKNOWN, monitor=<psychopy.monitors.calibTools.Monitor object at 0x00000188411EC3C8>, multiSample=False, name='window1', numSamples=2, pos=[0.0, 0.0], screen=0, size=array([1920, 1200]), stereo=False, units='height', useFBO=True, useRetina=False, viewOri=0.0, viewPos=None, viewScale=None, waitBlanking=True, winType='pyglet')
5.6509 	EXP 	window1: recordFrameIntervals = False
5.8170 	EXP 	window1: recordFrameIntervals = True
6.0008 	EXP 	window1: recordFrameIntervals = False
6.2081 	EXP 	Created Instructions = TextStim(__class__=<class 'psychopy.visual.text.TextStim'>, alignHoriz='center', alignVert='center', antialias=True, autoLog=True, bold=False, color='white', colorSpace='named', contrast=1.0, depth=0.0, flipHoriz=False, flipVert=False, font='Arial', fontFiles=[], height=0.05, italic=False, languageStyle='LTR', name='Instructions', opacity=1.0, ori=0, pos=array([0., 0.]), rgb=array([255., 255., 255.]), text=str(...), units='height', win=Window(...), wrapWidth=1.5)
6.2278 	EXP 	Created Iti = TextStim(__class__=<class 'psychopy.visual.text.TextStim'>, alignHoriz='center', alignVert='center', antialias=True, autoLog=True, bold=False, color='white', colorSpace='named', contrast=1.0, depth=0.0, flipHoriz=False, flipVert=False, font='Arial', fontFiles=[], height=0.1, italic=False, languageStyle='LTR', name='Iti', opacity=1.0, ori=0, pos=array([0., 0.]), rgb=array([255., 255., 255.]), text='default text', units='height', win=Window(...), wrapWidth=1)
6.2288 	EXP 	Created cue = TextStim(__class__=<class 'psychopy.visual.text.TextStim'>, alignHoriz='center', alignVert='center', antialias=True, autoLog=True, bold=False, color='white', colorSpace='named', contrast=1.0, depth=0.0, flipHoriz=False, flipVert=False, font='Arial', fontFiles=[], height=0.12, italic=False, languageStyle='LTR', name='cue', opacity=1.0, ori=0, pos=array([0., 0.]), rgb=array([255., 255., 255.]), text='', units='height', win=Window(...), wrapWidth=1)
6.2332 	EXP 	Created ISI = TextStim(__class__=<class 'psychopy.visual.text.TextStim'>, alignHoriz='center', alignVert='center', antialias=True, autoLog=True, bold=False, color='white', colorSpace='named', contrast=1.0, depth=-1.0, flipHoriz=False, flipVert=False, font='Arial', fontFiles=[], height=0.1, italic=False, languageStyle='LTR', name='ISI', opacity=1.0, ori=0, pos=array([0., 0.]), rgb=array([255., 255., 255.]), text='default text', units='height', win=Window(...), wrapWidth=1)
6.2358 	EXP 	Created Image = ImageStim(__class__=<class 'psychopy.visual.image.ImageStim'>, autoLog=True, color=array([1., 1., 1.]), colorSpace='rgb', contrast=1.0, depth=0.0, flipHoriz=False, flipVert=False, image='sin', interpolate=True, mask=None, maskParams=None, name='Image', opacity=1.0, ori=0.0, pos=array([0., 0.]), size=array([1., 1.]), texRes=128, units='height', win=Window(...))
6.2472 	EXP 	Created ratingQ = TextStim(__class__=<class 'psychopy.visual.text.TextStim'>, alignHoriz='center', alignVert='center', antialias=True, autoLog=True, bold=False, color='white', colorSpace='named', contrast=1.0, depth=0.0, flipHoriz=False, flipVert=False, font='Arial', fontFiles=[], height=0.06, italic=False, languageStyle='LTR', name='ratingQ', opacity=1.0, ori=0, pos=array([0.  , 0.19]), rgb=array([255., 255., 255.]), text='default text', units='height', win=Window(...), wrapWidth=1.3)
6.2579 	EXP 	Created text_2 = TextStim(__class__=<class 'psychopy.visual.text.TextStim'>, alignHoriz='center', alignVert='center', antialias=True, autoLog=True, bold=False, color='white', colorSpace='named', contrast=1.0, depth=-1.0, flipHoriz=False, flipVert=False, font='Arial', fontFiles=[], height=0.035, italic=False, languageStyle='LTR', name='text_2', opacity=1.0, ori=0, pos=array([-0.02, -0.1 ]), rgb=array([255., 255., 255.]), text='default text', units='height', win=Window(...), wrapWidth=1.6)
6.3019 	EXP 	Created rating = RatingScale(__class__=type(...), acceptKeys=['return'], acceptPreText=UNKNOWN, acceptSize=UNKNOWN, acceptText='accept?', autoLog=True, choices=['1', '2', '3', '4', '5', '6', '7'], depth=0, disappear=False, flipVert=False, high=6, kwargs=UNKNOWN, labels=list(...), leftKeys=['left'], lineColor='White', low=0, marker=ShapeStim(...), markerColor='DarkBlue', markerExpansion=UNKNOWN, markerStart=None, maxTime=0.0, minTime=0.4, mouseOnly=False, name='rating', noMouse=False, pos=[0.0, -0.33], precision=1, respKeys=['0', '1', '2', '3', '4', '5', '6'], rightKeys=['right'], scale='<default>', self=UNKNOWN, showAccept=True, showValue=True, singleClick=False, size=0.84, skipKeys=['tab'], stretch=1.0, textColor='LightGray', textFont='Helvetica Bold', textSize=0.168, tickHeight=-1, tickMarks=6.0, win=Window(...))
6.3064 	EXP 	Created Iti = TextStim(__class__=<class 'psychopy.visual.text.TextStim'>, alignHoriz='center', alignVert='center', antialias=True, autoLog=True, bold=False, color='white', colorSpace='named', contrast=1.0, depth=0.0, flipHoriz=False, flipVert=False, font='Arial', fontFiles=[], height=0.1, italic=False, languageStyle='LTR', name='Iti', opacity=1.0, ori=0, pos=array([0., 0.]), rgb=array([255., 255., 255.]), text='default text', units='height', win=Window(...), wrapWidth=1)
6.3493 	EXP 	Created text = TextStim(__class__=<class 'psychopy.visual.text.TextStim'>, alignHoriz='center', alignVert='center', antialias=True, autoLog=True, bold=False, color='white', colorSpace='named', contrast=1.0, depth=0.0, flipHoriz=False, flipVert=False, font='Arial', fontFiles=[], height=0.08, italic=False, languageStyle='LTR', name='text', opacity=1.0, ori=0, pos=array([0., 0.]), rgb=array([255., 255., 255.]), text=str(...), units='height', win=Window(...), wrapWidth=1.5)
6.3542 	EXP 	Created Iti = TextStim(__class__=<class 'psychopy.visual.text.TextStim'>, alignHoriz='center', alignVert='center', antialias=True, autoLog=True, bold=False, color='white', colorSpace='named', contrast=1.0, depth=0.0, flipHoriz=False, flipVert=False, font='Arial', fontFiles=[], height=0.1, italic=False, languageStyle='LTR', name='Iti', opacity=1.0, ori=0, pos=array([0., 0.]), rgb=array([255., 255., 255.]), text='default text', units='height', win=Window(...), wrapWidth=1)
6.3547 	EXP 	Created cue = TextStim(__class__=<class 'psychopy.visual.text.TextStim'>, alignHoriz='center', alignVert='center', antialias=True, autoLog=True, bold=False, color='white', colorSpace='named', contrast=1.0, depth=0.0, flipHoriz=False, flipVert=False, font='Arial', fontFiles=[], height=0.12, italic=False, languageStyle='LTR', name='cue', opacity=1.0, ori=0, pos=array([0., 0.]), rgb=array([255., 255., 255.]), text='', units='height', win=Window(...), wrapWidth=1)
6.3598 	EXP 	Created ISI = TextStim(__class__=<class 'psychopy.visual.text.TextStim'>, alignHoriz='center', alignVert='center', antialias=True, autoLog=True, bold=False, color='white', colorSpace='named', contrast=1.0, depth=-1.0, flipHoriz=False, flipVert=False, font='Arial', fontFiles=[], height=0.1, italic=False, languageStyle='LTR', name='ISI', opacity=1.0, ori=0, pos=array([0., 0.]), rgb=array([255., 255., 255.]), text='default text', units='height', win=Window(...), wrapWidth=1)
6.3624 	EXP 	Created Image = ImageStim(__class__=<class 'psychopy.visual.image.ImageStim'>, autoLog=True, color=array([1., 1., 1.]), colorSpace='rgb', contrast=1.0, depth=0.0, flipHoriz=False, flipVert=False, image='sin', interpolate=True, mask=None, maskParams=None, name='Image', opacity=1.0, ori=0.0, pos=array([0., 0.]), size=array([1., 1.]), texRes=128, units='height', win=Window(...))
6.3664 	EXP 	Created ratingQ = TextStim(__class__=<class 'psychopy.visual.text.TextStim'>, alignHoriz='center', alignVert='center', antialias=True, autoLog=True, bold=False, color='white', colorSpace='named', contrast=1.0, depth=0.0, flipHoriz=False, flipVert=False, font='Arial', fontFiles=[], height=0.06, italic=False, languageStyle='LTR', name='ratingQ', opacity=1.0, ori=0, pos=array([0.  , 0.19]), rgb=array([255., 255., 255.]), text='default text', units='height', win=Window(...), wrapWidth=1.3)
6.3707 	EXP 	Created text_2 = TextStim(__class__=<class 'psychopy.visual.text.TextStim'>, alignHoriz='center', alignVert='center', antialias=True, autoLog=True, bold=False, color='white', colorSpace='named', contrast=1.0, depth=-1.0, flipHoriz=False, flipVert=False, font='Arial', fontFiles=[], height=0.035, italic=False, languageStyle='LTR', name='text_2', opacity=1.0, ori=0, pos=array([-0.02, -0.1 ]), rgb=array([255., 255., 255.]), text='default text', units='height', win=Window(...), wrapWidth=1.6)
6.3896 	EXP 	Created rating = RatingScale(__class__=type(...), acceptKeys=['return'], acceptPreText=UNKNOWN, acceptSize=UNKNOWN, acceptText='accept?', autoLog=True, choices=['1', '2', '3', '4', '5', '6', '7'], depth=0, disappear=False, flipVert=False, high=6, kwargs=UNKNOWN, labels=list(...), leftKeys=['left'], lineColor='White', low=0, marker=ShapeStim(...), markerColor='DarkBlue', markerExpansion=UNKNOWN, markerStart=None, maxTime=0.0, minTime=0.4, mouseOnly=False, name='rating', noMouse=False, pos=[0.0, -0.33], precision=1, respKeys=['0', '1', '2', '3', '4', '5', '6'], rightKeys=['right'], scale='<default>', self=UNKNOWN, showAccept=True, showValue=True, singleClick=False, size=0.84, skipKeys=['tab'], stretch=1.0, textColor='LightGray', textFont='Helvetica Bold', textSize=0.168, tickHeight=-1, tickMarks=6.0, win=Window(...))
6.3943 	EXP 	Created Iti = TextStim(__class__=<class 'psychopy.visual.text.TextStim'>, alignHoriz='center', alignVert='center', antialias=True, autoLog=True, bold=False, color='white', colorSpace='named', contrast=1.0, depth=0.0, flipHoriz=False, flipVert=False, font='Arial', fontFiles=[], height=0.1, italic=False, languageStyle='LTR', name='Iti', opacity=1.0, ori=0, pos=array([0., 0.]), rgb=array([255., 255., 255.]), text='default text', units='height', win=Window(...), wrapWidth=1)
6.4393 	EXP 	Created text_3 = TextStim(__class__=<class 'psychopy.visual.text.TextStim'>, alignHoriz='center', alignVert='center', antialias=True, autoLog=True, bold=False, color='white', colorSpace='named', contrast=1.0, depth=0.0, flipHoriz=False, flipVert=False, font='Arial', fontFiles=[], height=0.1, italic=False, languageStyle='LTR', name='text_3', opacity=1.0, ori=0, pos=array([0., 0.]), rgb=array([255., 255., 255.]), text=str(...), units='height', win=Window(...), wrapWidth=1.3)
6.4708 	EXP 	rating: flipVert = False
6.4708 	EXP 	rating: autoLog = True
6.4708 	EXP 	rating: flipVert = False
6.4708 	EXP 	rating: autoLog = True
6.4708 	EXP 	Instructions: autoDraw = True
8.2302 	DATA 	Keypress: space
8.2366 	EXP 	Instructions: autoDraw = False
8.2366 	EXP 	Iti: text = '+'
8.2366 	EXP 	Iti: autoDraw = True
10.2414 	EXP 	Imported EmotionRegCues.csv as conditions, 1 conditions, 3 params
10.2416 	EXP 	Created sequence: random, trialTypes=1, nReps=1, seed=None
10.2418 	EXP 	New trial (rep=0, index=0): OrderedDict([('CueType1', 'REGULATE'), ('rows', '003:0021'), ('CueType2', 'REACT')])
10.2731 	EXP 	Iti: autoDraw = False
10.2731 	EXP 	Iti: autoDraw = False
10.2731 	EXP 	cue: text = ''
10.2731 	EXP 	ISI: text = '+'
10.2731 	EXP 	cue: text = 'REGULATE'
10.2731 	EXP 	cue: autoDraw = True
15.2746 	EXP 	cue: autoDraw = False
15.2746 	EXP 	ISI: autoDraw = True
17.2301 	EXP 	Imported EmotionReg.csv as conditions, 3 conditions, 1 params
17.2303 	EXP 	Created sequence: sequential, trialTypes=3, nReps=1, seed=None
17.2305 	EXP 	New trial (rep=0, index=0): OrderedDict([('Picture', 'musician.jpg')])
17.2642 	EXP 	cue: autoDraw = False
17.2642 	EXP 	ISI: autoDraw = False
17.2642 	EXP 	Image: size = array([1.5, 1. ])
17.2642 	EXP 	Image: image = 'musician.jpg'
17.2642 	EXP 	Image: autoDraw = True
25.2667 	EXP 	RatingScale rating: reset()
25.2804 	EXP 	Image: autoDraw = False
25.2804 	EXP 	ratingQ: text = 'How would you characterize your feelings at the present moment?'
25.2804 	EXP 	text_2: text = 'Very Negative                                                 Very Positive'
25.2804 	EXP 	ratingQ: autoDraw = True
25.2804 	EXP 	text_2: autoDraw = True
25.2804 	EXP 	rating: autoDraw = True
27.0552 	DATA 	Keypress: 1
28.5734 	DATA 	Keypress: backspace
29.6398 	DATA 	Keypress: 4
30.2540 	EXP 	ratingQ: autoDraw = False
30.2540 	EXP 	text_2: autoDraw = False
30.2540 	EXP 	rating: autoDraw = False
30.2540 	EXP 	Iti: text = '+'
30.2540 	EXP 	Iti: autoDraw = True
32.2394 	EXP 	New trial (rep=0, index=1): OrderedDict([('Picture', 'picnic1.jpg')])
32.2609 	EXP 	Iti: autoDraw = False
32.2609 	EXP 	Image: size = array([1.5, 1. ])
32.2609 	EXP 	Image: image = 'picnic1.jpg'
32.2609 	EXP 	Image: autoDraw = True
40.2330 	EXP 	RatingScale rating: reset()
40.2455 	EXP 	Image: autoDraw = False
40.2455 	EXP 	ratingQ: text = 'How would you characterize your feelings at the present moment?'
40.2455 	EXP 	text_2: text = 'Very Negative                                                 Very Positive'
40.2455 	EXP 	ratingQ: autoDraw = True
40.2455 	EXP 	text_2: autoDraw = True
40.2455 	EXP 	rating: autoDraw = True
42.0504 	DATA 	Mouse: Left button down, pos=(686,425)
42.1679 	DATA 	Mouse:  Left button up, pos=(686,425)
43.0514 	DATA 	Keypress: return
43.0515 	DATA 	RatingScale rating: (key response) rating=2
43.0515 	DATA 	RatingScale rating: rating RT=2.817
43.0515 	DATA 	RatingScale rating: history=[(None, 0.0), ('2', 1.816), ('2', 2.817)]
43.0813 	EXP 	ratingQ: autoDraw = False
43.0813 	EXP 	text_2: autoDraw = False
43.0813 	EXP 	rating: autoDraw = False
43.0813 	EXP 	Iti: text = '+'
43.0813 	EXP 	Iti: autoDraw = True
45.0685 	EXP 	New trial (rep=0, index=2): OrderedDict([('Picture', 'frustratedpose7.jpg')])
45.0867 	EXP 	Iti: autoDraw = False
45.0867 	EXP 	Iti: autoDraw = False
45.0867 	EXP 	Image: size = array([1.5, 1. ])
45.0867 	EXP 	Image: image = 'frustratedpose7.jpg'
45.0867 	EXP 	Image: autoDraw = True
53.0785 	EXP 	RatingScale rating: reset()
53.0898 	EXP 	Image: autoDraw = False
53.0898 	EXP 	Image: autoDraw = False
53.0898 	EXP 	ratingQ: text = 'How would you characterize your feelings at the present moment?'
53.0898 	EXP 	text_2: text = 'Very Negative                                                 Very Positive'
53.0898 	EXP 	ratingQ: autoDraw = True
53.0898 	EXP 	text_2: autoDraw = True
53.0898 	EXP 	rating: autoDraw = True
58.0772 	EXP 	ratingQ: autoDraw = False
58.0938 	EXP 	text_2: autoDraw = False
60.2454 	EXP 	ratingQ: autoDraw = False
60.2454 	EXP 	text_2: autoDraw = False
60.2454 	EXP 	rating: autoDraw = False
60.2454 	EXP 	Iti: text = '+'
60.2454 	EXP 	Iti: autoDraw = True
62.2484 	EXP 	Iti: autoDraw = False
62.2484 	EXP 	text: autoDraw = True
62.9581 	DATA 	Mouse: Left button down, pos=(866,586)
63.0354 	DATA 	Mouse:  Left button up, pos=(866,586)
63.7697 	DATA 	Keypress: space
63.7982 	EXP 	text: autoDraw = False
63.7982 	EXP 	Iti: text = '+'
63.7982 	EXP 	Iti: autoDraw = True
65.7881 	EXP 	Imported EmotionRegCues.csv as conditions, 5 conditions, 3 params
65.7883 	EXP 	Created sequence: random, trialTypes=5, nReps=1, seed=None
65.7885 	EXP 	New trial (rep=0, index=0): OrderedDict([('CueType1', 'REGULATE'), ('rows', '0075:93'), ('CueType2', 'REACT')])
65.8031 	EXP 	Iti: autoDraw = False
65.8031 	EXP 	Iti: autoDraw = False
65.8031 	EXP 	cue: text = ''
65.8031 	EXP 	ISI: text = '+'
65.8031 	EXP 	cue: text = 'REGULATE'
65.8031 	EXP 	cue: autoDraw = True
70.7889 	EXP 	ISI: autoDraw = True
70.8041 	EXP 	cue: autoDraw = False
72.7774 	EXP 	Imported EmotionReg.csv as conditions, 18 conditions, 1 params
72.7776 	EXP 	Created sequence: random, trialTypes=18, nReps=1, seed=None
72.7777 	EXP 	New trial (rep=0, index=0): OrderedDict([('Picture', 'bored.jpg')])
72.8020 	EXP 	ISI: autoDraw = False
72.8020 	EXP 	cue: autoDraw = False
72.8020 	EXP 	ISI: autoDraw = False
72.8020 	EXP 	Image: size = array([1.5, 1. ])
72.8020 	EXP 	Image: image = 'bored.jpg'
72.8020 	EXP 	Image: autoDraw = True
80.7966 	EXP 	RatingScale rating: reset()
80.8124 	EXP 	Image: autoDraw = False
80.8124 	EXP 	ratingQ: text = 'How would you characterize your feelings at the present moment?'
80.8124 	EXP 	text_2: text = 'Very Negative                                                 Very Positive'
80.8124 	EXP 	ratingQ: autoDraw = True
80.8124 	EXP 	text_2: autoDraw = True
80.8124 	EXP 	rating: autoDraw = True
82.4500 	DATA 	Keypress: 4
83.1847 	DATA 	Keypress: return
83.1848 	DATA 	RatingScale rating: (key response) rating=5
83.1848 	DATA 	RatingScale rating: rating RT=2.386
83.1848 	DATA 	RatingScale rating: history=[(None, 0.0), ('5', 1.651), ('5', 2.386)]
83.2143 	EXP 	ratingQ: autoDraw = False
83.2143 	EXP 	text_2: autoDraw = False
83.2143 	EXP 	rating: autoDraw = False
83.2143 	EXP 	Iti: text = '+'
83.2143 	EXP 	Iti: autoDraw = True
85.2019 	EXP 	New trial (rep=0, index=1): OrderedDict([('Picture', 'school4.jpg')])
85.2273 	EXP 	Iti: autoDraw = False
85.2273 	EXP 	Iti: autoDraw = False
85.2273 	EXP 	Image: size = array([1.5, 1. ])
85.2273 	EXP 	Image: image = 'school4.jpg'
85.2273 	EXP 	Image: autoDraw = True
93.2283 	EXP 	RatingScale rating: reset()
93.2396 	EXP 	Image: autoDraw = False
93.2396 	EXP 	Image: autoDraw = False
93.2396 	EXP 	ratingQ: text = 'How would you characterize your feelings at the present moment?'
93.2396 	EXP 	text_2: text = 'Very Negative                                                 Very Positive'
93.2396 	EXP 	ratingQ: autoDraw = True
93.2396 	EXP 	text_2: autoDraw = True
93.2396 	EXP 	rating: autoDraw = True
98.2269 	EXP 	ratingQ: autoDraw = False
98.2437 	EXP 	text_2: autoDraw = False
100.8123 	EXP 	ratingQ: autoDraw = False
100.8123 	EXP 	text_2: autoDraw = False
100.8123 	EXP 	rating: autoDraw = False
100.8123 	EXP 	Iti: text = '+'
100.8123 	EXP 	Iti: autoDraw = True
102.7977 	EXP 	New trial (rep=0, index=2): OrderedDict([('Picture', 'sadpose1.jpg')])
102.8195 	EXP 	Iti: autoDraw = False
102.8195 	EXP 	Image: size = array([1.5, 1. ])
102.8195 	EXP 	Image: image = 'sadpose1.jpg'
102.8195 	EXP 	Image: autoDraw = True
110.7881 	EXP 	RatingScale rating: reset()
110.8042 	EXP 	Image: autoDraw = False
110.8042 	EXP 	ratingQ: text = 'How would you characterize your feelings at the present moment?'
110.8042 	EXP 	text_2: text = 'Very Negative                                                 Very Positive'
110.8042 	EXP 	ratingQ: autoDraw = True
110.8042 	EXP 	text_2: autoDraw = True
110.8042 	EXP 	rating: autoDraw = True
115.7748 	EXP 	ratingQ: autoDraw = False
115.8086 	EXP 	ratingQ: autoDraw = False
115.8086 	EXP 	text_2: autoDraw = False
115.8086 	EXP 	rating: autoDraw = False
115.8086 	EXP 	Iti: text = '+'
115.8086 	EXP 	Iti: autoDraw = True
117.7938 	EXP 	New trial (rep=0, index=3): OrderedDict([('Picture', 'Surprise2.jpg')])
117.8166 	EXP 	Iti: autoDraw = False
117.8166 	EXP 	Image: size = array([1.5, 1. ])
117.8166 	EXP 	Image: image = 'Surprise2.jpg'
117.8166 	EXP 	Image: autoDraw = True
125.8006 	EXP 	RatingScale rating: reset()
125.8164 	EXP 	Image: autoDraw = False
125.8164 	EXP 	ratingQ: text = 'How would you characterize your feelings at the present moment?'
125.8164 	EXP 	text_2: text = 'Very Negative                                                 Very Positive'
125.8164 	EXP 	ratingQ: autoDraw = True
125.8164 	EXP 	text_2: autoDraw = True
125.8164 	EXP 	rating: autoDraw = True
130.7874 	EXP 	ratingQ: autoDraw = False
130.8039 	EXP 	ratingQ: autoDraw = False
130.8039 	EXP 	text_2: autoDraw = False
130.8039 	EXP 	rating: autoDraw = False
130.8039 	EXP 	Iti: text = '+'
130.8039 	EXP 	Iti: autoDraw = True
132.7893 	EXP 	New trial (rep=0, index=4): OrderedDict([('Picture', 'sad4.jpg')])
132.8110 	EXP 	Iti: autoDraw = False
132.8110 	EXP 	Image: size = array([1.5, 1. ])
132.8110 	EXP 	Image: image = 'sad4.jpg'
132.8110 	EXP 	Image: autoDraw = True
140.7964 	EXP 	RatingScale rating: reset()
140.8122 	EXP 	Image: autoDraw = False
140.8122 	EXP 	ratingQ: text = 'How would you characterize your feelings at the present moment?'
140.8122 	EXP 	text_2: text = 'Very Negative                                                 Very Positive'
140.8122 	EXP 	ratingQ: autoDraw = True
140.8122 	EXP 	text_2: autoDraw = True
140.8122 	EXP 	rating: autoDraw = True
145.7830 	EXP 	ratingQ: autoDraw = False
145.8164 	EXP 	ratingQ: autoDraw = False
145.8164 	EXP 	text_2: autoDraw = False
145.8164 	EXP 	rating: autoDraw = False
145.8164 	EXP 	Iti: text = '+'
145.8164 	EXP 	Iti: autoDraw = True
147.8021 	EXP 	New trial (rep=0, index=5): OrderedDict([('Picture', 'guitar.jpg')])
147.8251 	EXP 	Iti: autoDraw = False
147.8251 	EXP 	Image: size = array([1.5, 1. ])
147.8251 	EXP 	Image: image = 'guitar.jpg'
147.8251 	EXP 	Image: autoDraw = True
155.7920 	EXP 	RatingScale rating: reset()
155.8082 	EXP 	Image: autoDraw = False
155.8082 	EXP 	ratingQ: text = 'How would you characterize your feelings at the present moment?'
155.8082 	EXP 	text_2: text = 'Very Negative                                                 Very Positive'
155.8082 	EXP 	ratingQ: autoDraw = True
155.8082 	EXP 	text_2: autoDraw = True
155.8082 	EXP 	rating: autoDraw = True
160.7787 	EXP 	ratingQ: autoDraw = False
160.8121 	EXP 	ratingQ: autoDraw = False
160.8121 	EXP 	text_2: autoDraw = False
160.8121 	EXP 	rating: autoDraw = False
160.8121 	EXP 	Iti: text = '+'
160.8121 	EXP 	Iti: autoDraw = True
162.7975 	EXP 	New trial (rep=0, index=6): OrderedDict([('Picture', 'dancing1.jpg')])
162.8207 	EXP 	Iti: autoDraw = False
162.8207 	EXP 	Image: size = array([1.5, 1. ])
162.8207 	EXP 	Image: image = 'dancing1.jpg'
162.8207 	EXP 	Image: autoDraw = True
170.7879 	EXP 	RatingScale rating: reset()
170.8037 	EXP 	Image: autoDraw = False
170.8037 	EXP 	ratingQ: text = 'How would you characterize your feelings at the present moment?'
170.8037 	EXP 	text_2: text = 'Very Negative                                                 Very Positive'
170.8037 	EXP 	ratingQ: autoDraw = True
170.8037 	EXP 	text_2: autoDraw = True
170.8037 	EXP 	rating: autoDraw = True
175.7744 	EXP 	ratingQ: autoDraw = False
175.8078 	EXP 	ratingQ: autoDraw = False
175.8078 	EXP 	text_2: autoDraw = False
175.8078 	EXP 	rating: autoDraw = False
175.8078 	EXP 	Iti: text = '+'
175.8078 	EXP 	Iti: autoDraw = True
177.7933 	EXP 	New trial (rep=0, index=7): OrderedDict([('Picture', 'mother2.jpg')])
177.8156 	EXP 	Iti: autoDraw = False
177.8156 	EXP 	Image: size = array([1.5, 1. ])
177.8156 	EXP 	Image: image = 'mother2.jpg'
177.8156 	EXP 	Image: autoDraw = True
185.8004 	EXP 	RatingScale rating: reset()
185.8162 	EXP 	Image: autoDraw = False
185.8162 	EXP 	ratingQ: text = 'How would you characterize your feelings at the present moment?'
185.8162 	EXP 	text_2: text = 'Very Negative                                                 Very Positive'
185.8162 	EXP 	ratingQ: autoDraw = True
185.8162 	EXP 	text_2: autoDraw = True
185.8162 	EXP 	rating: autoDraw = True
190.7871 	EXP 	ratingQ: autoDraw = False
190.8036 	EXP 	ratingQ: autoDraw = False
190.8036 	EXP 	text_2: autoDraw = False
190.8036 	EXP 	rating: autoDraw = False
190.8036 	EXP 	Iti: text = '+'
190.8036 	EXP 	Iti: autoDraw = True
192.7892 	EXP 	New trial (rep=0, index=8): OrderedDict([('Picture', 'police2.jpg')])
192.8118 	EXP 	Iti: autoDraw = False
192.8118 	EXP 	Image: size = array([1.5, 1. ])
192.8118 	EXP 	Image: image = 'police2.jpg'
192.8118 	EXP 	Image: autoDraw = True
200.7960 	EXP 	RatingScale rating: reset()
200.8119 	EXP 	Image: autoDraw = False
200.8119 	EXP 	ratingQ: text = 'How would you characterize your feelings at the present moment?'
200.8119 	EXP 	text_2: text = 'Very Negative                                                 Very Positive'
200.8119 	EXP 	ratingQ: autoDraw = True
200.8119 	EXP 	text_2: autoDraw = True
200.8119 	EXP 	rating: autoDraw = True
205.7828 	EXP 	ratingQ: autoDraw = False
205.8161 	EXP 	ratingQ: autoDraw = False
205.8161 	EXP 	text_2: autoDraw = False
205.8161 	EXP 	rating: autoDraw = False
205.8161 	EXP 	Iti: text = '+'
205.8161 	EXP 	Iti: autoDraw = True
207.8016 	EXP 	New trial (rep=0, index=9): OrderedDict([('Picture', 'gazing4.jpg')])
207.8255 	EXP 	Iti: autoDraw = False
207.8255 	EXP 	Image: size = array([1.5, 1. ])
207.8255 	EXP 	Image: image = 'gazing4.jpg'
207.8255 	EXP 	Image: autoDraw = True
215.7919 	EXP 	RatingScale rating: reset()
215.8079 	EXP 	Image: autoDraw = False
215.8079 	EXP 	ratingQ: text = 'How would you characterize your feelings at the present moment?'
215.8079 	EXP 	text_2: text = 'Very Negative                                                 Very Positive'
215.8079 	EXP 	ratingQ: autoDraw = True
215.8079 	EXP 	text_2: autoDraw = True
215.8079 	EXP 	rating: autoDraw = True
220.7787 	EXP 	ratingQ: autoDraw = False
220.8120 	EXP 	ratingQ: autoDraw = False
220.8120 	EXP 	text_2: autoDraw = False
220.8120 	EXP 	rating: autoDraw = False
220.8120 	EXP 	Iti: text = '+'
220.8120 	EXP 	Iti: autoDraw = True
222.7973 	EXP 	New trial (rep=0, index=10): OrderedDict([('Picture', 'doctor3.jpg')])
222.8203 	EXP 	Iti: autoDraw = False
222.8203 	EXP 	Image: size = array([1.5, 1. ])
222.8203 	EXP 	Image: image = 'doctor3.jpg'
222.8203 	EXP 	Image: autoDraw = True
230.7876 	EXP 	RatingScale rating: reset()
230.8035 	EXP 	Image: autoDraw = False
230.8035 	EXP 	ratingQ: text = 'How would you characterize your feelings at the present moment?'
230.8035 	EXP 	text_2: text = 'Very Negative                                                 Very Positive'
230.8035 	EXP 	ratingQ: autoDraw = True
230.8035 	EXP 	text_2: autoDraw = True
230.8035 	EXP 	rating: autoDraw = True
235.7744 	EXP 	ratingQ: autoDraw = False
235.8078 	EXP 	ratingQ: autoDraw = False
235.8078 	EXP 	text_2: autoDraw = False
235.8078 	EXP 	rating: autoDraw = False
235.8078 	EXP 	Iti: text = '+'
235.8078 	EXP 	Iti: autoDraw = True
237.7931 	EXP 	New trial (rep=0, index=11): OrderedDict([('Picture', 'eating2.jpg')])
237.8173 	EXP 	Iti: autoDraw = False
237.8173 	EXP 	Image: size = array([1.5, 1. ])
237.8173 	EXP 	Image: image = 'eating2.jpg'
237.8173 	EXP 	Image: autoDraw = True
245.8002 	EXP 	RatingScale rating: reset()
245.8159 	EXP 	Image: autoDraw = False
245.8159 	EXP 	ratingQ: text = 'How would you characterize your feelings at the present moment?'
245.8159 	EXP 	text_2: text = 'Very Negative                                                 Very Positive'
245.8159 	EXP 	ratingQ: autoDraw = True
245.8159 	EXP 	text_2: autoDraw = True
245.8159 	EXP 	rating: autoDraw = True
250.7867 	EXP 	ratingQ: autoDraw = False
250.8034 	EXP 	ratingQ: autoDraw = False
250.8034 	EXP 	text_2: autoDraw = False
250.8034 	EXP 	rating: autoDraw = False
250.8034 	EXP 	Iti: text = '+'
250.8034 	EXP 	Iti: autoDraw = True
252.7890 	EXP 	New trial (rep=0, index=12): OrderedDict([('Picture', 'war3.jpg')])
252.8118 	EXP 	Iti: autoDraw = False
252.8118 	EXP 	Image: size = array([1.5, 1. ])
252.8118 	EXP 	Image: image = 'war3.jpg'
252.8118 	EXP 	Image: autoDraw = True
260.7960 	EXP 	RatingScale rating: reset()
260.8118 	EXP 	Image: autoDraw = False
260.8118 	EXP 	ratingQ: text = 'How would you characterize your feelings at the present moment?'
260.8118 	EXP 	text_2: text = 'Very Negative                                                 Very Positive'
260.8118 	EXP 	ratingQ: autoDraw = True
260.8118 	EXP 	text_2: autoDraw = True
260.8118 	EXP 	rating: autoDraw = True
265.7825 	EXP 	ratingQ: autoDraw = False
265.8159 	EXP 	ratingQ: autoDraw = False
265.8159 	EXP 	text_2: autoDraw = False
265.8159 	EXP 	rating: autoDraw = False
265.8159 	EXP 	Iti: text = '+'
265.8159 	EXP 	Iti: autoDraw = True
267.8015 	EXP 	New trial (rep=0, index=13): OrderedDict([('Picture', 'gun.jpg')])
267.8241 	EXP 	Iti: autoDraw = False
267.8241 	EXP 	Image: size = array([1.5, 1. ])
267.8241 	EXP 	Image: image = 'gun.jpg'
267.8241 	EXP 	Image: autoDraw = True
275.7917 	EXP 	RatingScale rating: reset()
275.8078 	EXP 	Image: autoDraw = False
275.8078 	EXP 	ratingQ: text = 'How would you characterize your feelings at the present moment?'
275.8078 	EXP 	text_2: text = 'Very Negative                                                 Very Positive'
275.8078 	EXP 	ratingQ: autoDraw = True
275.8078 	EXP 	text_2: autoDraw = True
275.8078 	EXP 	rating: autoDraw = True
280.7782 	EXP 	ratingQ: autoDraw = False
280.8114 	EXP 	ratingQ: autoDraw = False
280.8114 	EXP 	text_2: autoDraw = False
280.8114 	EXP 	rating: autoDraw = False
280.8114 	EXP 	Iti: text = '+'
280.8114 	EXP 	Iti: autoDraw = True
282.7970 	EXP 	New trial (rep=0, index=14): OrderedDict([('Picture', 'Parade1.jpg')])
282.8201 	EXP 	Iti: autoDraw = False
282.8201 	EXP 	Image: size = array([1.5, 1. ])
282.8201 	EXP 	Image: image = 'Parade1.jpg'
282.8201 	EXP 	Image: autoDraw = True
290.7875 	EXP 	RatingScale rating: reset()
290.8038 	EXP 	Image: autoDraw = False
290.8038 	EXP 	ratingQ: text = 'How would you characterize your feelings at the present moment?'
290.8038 	EXP 	text_2: text = 'Very Negative                                                 Very Positive'
290.8038 	EXP 	ratingQ: autoDraw = True
290.8038 	EXP 	text_2: autoDraw = True
290.8038 	EXP 	rating: autoDraw = True
295.7741 	EXP 	ratingQ: autoDraw = False
295.8075 	EXP 	ratingQ: autoDraw = False
295.8075 	EXP 	text_2: autoDraw = False
295.8075 	EXP 	rating: autoDraw = False
295.8075 	EXP 	Iti: text = '+'
295.8075 	EXP 	Iti: autoDraw = True
297.7930 	EXP 	New trial (rep=0, index=15): OrderedDict([('Picture', 'biking.jpg')])
297.8155 	EXP 	Iti: autoDraw = False
297.8155 	EXP 	Image: size = array([1.5, 1. ])
297.8155 	EXP 	Image: image = 'biking.jpg'
297.8155 	EXP 	Image: autoDraw = True
305.7998 	EXP 	RatingScale rating: reset()
305.8158 	EXP 	Image: autoDraw = False
305.8158 	EXP 	ratingQ: text = 'How would you characterize your feelings at the present moment?'
305.8158 	EXP 	text_2: text = 'Very Negative                                                 Very Positive'
305.8158 	EXP 	ratingQ: autoDraw = True
305.8158 	EXP 	text_2: autoDraw = True
305.8158 	EXP 	rating: autoDraw = True
310.7867 	EXP 	ratingQ: autoDraw = False
310.8034 	EXP 	ratingQ: autoDraw = False
310.8034 	EXP 	text_2: autoDraw = False
310.8034 	EXP 	rating: autoDraw = False
310.8034 	EXP 	Iti: text = '+'
310.8034 	EXP 	Iti: autoDraw = True
312.7886 	EXP 	New trial (rep=0, index=16): OrderedDict([('Picture', 'baby3.jpg')])
312.8118 	EXP 	Iti: autoDraw = False
312.8118 	EXP 	Image: size = array([1.5, 1. ])
312.8118 	EXP 	Image: image = 'baby3.jpg'
312.8118 	EXP 	Image: autoDraw = True
320.7959 	EXP 	RatingScale rating: reset()
320.8117 	EXP 	Image: autoDraw = False
320.8117 	EXP 	ratingQ: text = 'How would you characterize your feelings at the present moment?'
320.8117 	EXP 	text_2: text = 'Very Negative                                                 Very Positive'
320.8117 	EXP 	ratingQ: autoDraw = True
320.8117 	EXP 	text_2: autoDraw = True
320.8117 	EXP 	rating: autoDraw = True
325.7825 	EXP 	ratingQ: autoDraw = False
325.8163 	EXP 	ratingQ: autoDraw = False
325.8163 	EXP 	text_2: autoDraw = False
325.8163 	EXP 	rating: autoDraw = False
325.8163 	EXP 	Iti: text = '+'
325.8163 	EXP 	Iti: autoDraw = True
327.8013 	EXP 	New trial (rep=0, index=17): OrderedDict([('Picture', 'picnic.jpg')])
327.8243 	EXP 	Iti: autoDraw = False
327.8243 	EXP 	Image: size = array([1.5, 1. ])
327.8243 	EXP 	Image: image = 'picnic.jpg'
327.8243 	EXP 	Image: autoDraw = True
335.7918 	EXP 	RatingScale rating: reset()
335.8075 	EXP 	Image: autoDraw = False
335.8075 	EXP 	ratingQ: text = 'How would you characterize your feelings at the present moment?'
335.8075 	EXP 	text_2: text = 'Very Negative                                                 Very Positive'
335.8075 	EXP 	ratingQ: autoDraw = True
335.8075 	EXP 	text_2: autoDraw = True
335.8075 	EXP 	rating: autoDraw = True
340.7781 	EXP 	ratingQ: autoDraw = False
340.8115 	EXP 	ratingQ: autoDraw = False
340.8115 	EXP 	text_2: autoDraw = False
340.8115 	EXP 	rating: autoDraw = False
340.8115 	EXP 	Iti: text = '+'
340.8115 	EXP 	Iti: autoDraw = True
342.7969 	EXP 	New trial (rep=0, index=1): OrderedDict([('CueType1', 'REACT'), ('rows', '0039:0057'), ('CueType2', 'REGULATE')])
342.8130 	EXP 	Iti: autoDraw = False
342.8130 	EXP 	cue: text = ''
342.8130 	EXP 	ISI: text = '+'
342.8130 	EXP 	cue: text = 'REACT'
342.8130 	EXP 	cue: autoDraw = True
347.8007 	EXP 	ISI: autoDraw = True
347.8177 	EXP 	cue: autoDraw = False
349.7901 	EXP 	Imported EmotionReg.csv as conditions, 18 conditions, 1 params
349.7903 	EXP 	Created sequence: random, trialTypes=18, nReps=1, seed=None
349.7904 	EXP 	New trial (rep=0, index=0): OrderedDict([('Picture', 'doctor2.jpg')])
349.8120 	EXP 	cue: autoDraw = False
349.8120 	EXP 	ISI: autoDraw = False
349.8120 	EXP 	Image: size = array([1.5, 1. ])
349.8120 	EXP 	Image: image = 'doctor2.jpg'
349.8120 	EXP 	Image: autoDraw = True
357.7936 	EXP 	RatingScale rating: reset()
357.8085 	EXP 	Image: autoDraw = False
357.8085 	EXP 	ratingQ: text = 'How would you characterize your feelings at the present moment?'
357.8085 	EXP 	text_2: text = 'Very Negative                                                 Very Positive'
357.8085 	EXP 	ratingQ: autoDraw = True
357.8085 	EXP 	text_2: autoDraw = True
357.8085 	EXP 	rating: autoDraw = True
362.7797 	EXP 	ratingQ: autoDraw = False
362.8132 	EXP 	ratingQ: autoDraw = False
362.8132 	EXP 	text_2: autoDraw = False
362.8132 	EXP 	rating: autoDraw = False
362.8132 	EXP 	Iti: text = '+'
362.8132 	EXP 	Iti: autoDraw = True
364.7986 	EXP 	New trial (rep=0, index=1): OrderedDict([('Picture', 'angry1.jpg')])
364.8210 	EXP 	Iti: autoDraw = False
364.8210 	EXP 	Image: size = array([1.5, 1. ])
364.8210 	EXP 	Image: image = 'angry1.jpg'
364.8210 	EXP 	Image: autoDraw = True
372.7891 	EXP 	RatingScale rating: reset()
372.8046 	EXP 	Image: autoDraw = False
372.8046 	EXP 	ratingQ: text = 'How would you characterize your feelings at the present moment?'
372.8046 	EXP 	text_2: text = 'Very Negative                                                 Very Positive'
372.8046 	EXP 	ratingQ: autoDraw = True
372.8046 	EXP 	text_2: autoDraw = True
372.8046 	EXP 	rating: autoDraw = True
377.7752 	EXP 	ratingQ: autoDraw = False
377.8089 	EXP 	ratingQ: autoDraw = False
377.8089 	EXP 	text_2: autoDraw = False
377.8089 	EXP 	rating: autoDraw = False
377.8089 	EXP 	Iti: text = '+'
377.8089 	EXP 	Iti: autoDraw = True
379.7945 	EXP 	New trial (rep=0, index=2): OrderedDict([('Picture', 'scared.jpg')])
379.8170 	EXP 	Iti: autoDraw = False
379.8170 	EXP 	Image: size = array([1.5, 1. ])
379.8170 	EXP 	Image: image = 'scared.jpg'
379.8170 	EXP 	Image: autoDraw = True
387.8015 	EXP 	RatingScale rating: reset()
387.8173 	EXP 	Image: autoDraw = False
387.8173 	EXP 	ratingQ: text = 'How would you characterize your feelings at the present moment?'
387.8173 	EXP 	text_2: text = 'Very Negative                                                 Very Positive'
387.8173 	EXP 	ratingQ: autoDraw = True
387.8173 	EXP 	text_2: autoDraw = True
387.8173 	EXP 	rating: autoDraw = True
392.7881 	EXP 	ratingQ: autoDraw = False
392.8044 	EXP 	ratingQ: autoDraw = False
392.8044 	EXP 	text_2: autoDraw = False
392.8044 	EXP 	rating: autoDraw = False
392.8044 	EXP 	Iti: text = '+'
392.8044 	EXP 	Iti: autoDraw = True
394.7899 	EXP 	New trial (rep=0, index=3): OrderedDict([('Picture', 'band.jpg')])
394.8127 	EXP 	Iti: autoDraw = False
394.8127 	EXP 	Image: size = array([1.5, 1. ])
394.8127 	EXP 	Image: image = 'band.jpg'
394.8127 	EXP 	Image: autoDraw = True
402.7970 	EXP 	RatingScale rating: reset()
402.8129 	EXP 	Image: autoDraw = False
402.8129 	EXP 	ratingQ: text = 'How would you characterize your feelings at the present moment?'
402.8129 	EXP 	text_2: text = 'Very Negative                                                 Very Positive'
402.8129 	EXP 	ratingQ: autoDraw = True
402.8129 	EXP 	text_2: autoDraw = True
402.8129 	EXP 	rating: autoDraw = True
407.7836 	EXP 	ratingQ: autoDraw = False
407.8170 	EXP 	ratingQ: autoDraw = False
407.8170 	EXP 	text_2: autoDraw = False
407.8170 	EXP 	rating: autoDraw = False
407.8170 	EXP 	Iti: text = '+'
407.8170 	EXP 	Iti: autoDraw = True
409.7861 	EXP 	New trial (rep=0, index=4): OrderedDict([('Picture', 'eating.jpg')])
409.8083 	EXP 	Iti: autoDraw = False
409.8083 	EXP 	Image: size = array([1.5, 1. ])
409.8083 	EXP 	Image: image = 'eating.jpg'
409.8083 	EXP 	Image: autoDraw = True
417.7929 	EXP 	RatingScale rating: reset()
417.8087 	EXP 	Image: autoDraw = False
417.8087 	EXP 	ratingQ: text = 'How would you characterize your feelings at the present moment?'
417.8087 	EXP 	text_2: text = 'Very Negative                                                 Very Positive'
417.8087 	EXP 	ratingQ: autoDraw = True
417.8087 	EXP 	text_2: autoDraw = True
417.8087 	EXP 	rating: autoDraw = True
422.7796 	EXP 	ratingQ: autoDraw = False
422.8130 	EXP 	ratingQ: autoDraw = False
422.8130 	EXP 	text_2: autoDraw = False
422.8130 	EXP 	rating: autoDraw = False
422.8130 	EXP 	Iti: text = '+'
422.8130 	EXP 	Iti: autoDraw = True
424.7984 	EXP 	New trial (rep=0, index=5): OrderedDict([('Picture', 'sadface.jpg')])
424.8207 	EXP 	Iti: autoDraw = False
424.8207 	EXP 	Image: size = array([1.5, 1. ])
424.8207 	EXP 	Image: image = 'sadface.jpg'
424.8207 	EXP 	Image: autoDraw = True
432.7887 	EXP 	RatingScale rating: reset()
432.8046 	EXP 	Image: autoDraw = False
432.8046 	EXP 	ratingQ: text = 'How would you characterize your feelings at the present moment?'
432.8046 	EXP 	text_2: text = 'Very Negative                                                 Very Positive'
432.8046 	EXP 	ratingQ: autoDraw = True
432.8046 	EXP 	text_2: autoDraw = True
432.8046 	EXP 	rating: autoDraw = True
437.7755 	EXP 	ratingQ: autoDraw = False
437.8086 	EXP 	ratingQ: autoDraw = False
437.8086 	EXP 	text_2: autoDraw = False
437.8086 	EXP 	rating: autoDraw = False
437.8086 	EXP 	Iti: text = '+'
437.8086 	EXP 	Iti: autoDraw = True
439.7940 	EXP 	New trial (rep=0, index=6): OrderedDict([('Picture', 'depressed3.jpg')])
439.8169 	EXP 	Iti: autoDraw = False
439.8169 	EXP 	Image: size = array([1.5, 1. ])
439.8169 	EXP 	Image: image = 'depressed3.jpg'
439.8169 	EXP 	Image: autoDraw = True
447.8013 	EXP 	RatingScale rating: reset()
447.8170 	EXP 	Image: autoDraw = False
447.8170 	EXP 	ratingQ: text = 'How would you characterize your feelings at the present moment?'
447.8170 	EXP 	text_2: text = 'Very Negative                                                 Very Positive'
447.8170 	EXP 	ratingQ: autoDraw = True
447.8170 	EXP 	text_2: autoDraw = True
447.8170 	EXP 	rating: autoDraw = True
452.7879 	EXP 	ratingQ: autoDraw = False
452.8045 	EXP 	ratingQ: autoDraw = False
452.8045 	EXP 	text_2: autoDraw = False
452.8045 	EXP 	rating: autoDraw = False
452.8045 	EXP 	Iti: text = '+'
452.8045 	EXP 	Iti: autoDraw = True
454.7898 	EXP 	New trial (rep=0, index=7): OrderedDict([('Picture', 'children.jpg')])
454.8200 	EXP 	Iti: autoDraw = False
454.8200 	EXP 	Image: size = array([1.5, 1. ])
454.8200 	EXP 	Image: image = 'children.jpg'
454.8200 	EXP 	Image: autoDraw = True
462.7966 	EXP 	RatingScale rating: reset()
462.8131 	EXP 	Image: autoDraw = False
462.8131 	EXP 	ratingQ: text = 'How would you characterize your feelings at the present moment?'
462.8131 	EXP 	text_2: text = 'Very Negative                                                 Very Positive'
462.8131 	EXP 	ratingQ: autoDraw = True
462.8131 	EXP 	text_2: autoDraw = True
462.8131 	EXP 	rating: autoDraw = True
467.7835 	EXP 	ratingQ: autoDraw = False
467.8168 	EXP 	ratingQ: autoDraw = False
467.8168 	EXP 	text_2: autoDraw = False
467.8168 	EXP 	rating: autoDraw = False
467.8168 	EXP 	Iti: text = '+'
467.8168 	EXP 	Iti: autoDraw = True
469.7857 	EXP 	New trial (rep=0, index=8): OrderedDict([('Picture', 'excited3.jpg')])
469.8095 	EXP 	Iti: autoDraw = False
469.8095 	EXP 	Image: size = array([1.5, 1. ])
469.8095 	EXP 	Image: image = 'excited3.jpg'
469.8095 	EXP 	Image: autoDraw = True
477.7926 	EXP 	RatingScale rating: reset()
477.8086 	EXP 	Image: autoDraw = False
477.8086 	EXP 	ratingQ: text = 'How would you characterize your feelings at the present moment?'
477.8086 	EXP 	text_2: text = 'Very Negative                                                 Very Positive'
477.8086 	EXP 	ratingQ: autoDraw = True
477.8086 	EXP 	text_2: autoDraw = True
477.8086 	EXP 	rating: autoDraw = True
482.7794 	EXP 	ratingQ: autoDraw = False
482.8127 	EXP 	ratingQ: autoDraw = False
482.8127 	EXP 	text_2: autoDraw = False
482.8127 	EXP 	rating: autoDraw = False
482.8127 	EXP 	Iti: text = '+'
482.8127 	EXP 	Iti: autoDraw = True
484.7979 	EXP 	New trial (rep=0, index=9): OrderedDict([('Picture', 'cheerleader.jpg')])
484.8209 	EXP 	Iti: autoDraw = False
484.8209 	EXP 	Image: size = array([1.5, 1. ])
484.8209 	EXP 	Image: image = 'cheerleader.jpg'
484.8209 	EXP 	Image: autoDraw = True
492.7884 	EXP 	RatingScale rating: reset()
492.8044 	EXP 	Image: autoDraw = False
492.8044 	EXP 	ratingQ: text = 'How would you characterize your feelings at the present moment?'
492.8044 	EXP 	text_2: text = 'Very Negative                                                 Very Positive'
492.8044 	EXP 	ratingQ: autoDraw = True
492.8044 	EXP 	text_2: autoDraw = True
492.8044 	EXP 	rating: autoDraw = True
497.7754 	EXP 	ratingQ: autoDraw = False
497.8084 	EXP 	ratingQ: autoDraw = False
497.8084 	EXP 	text_2: autoDraw = False
497.8084 	EXP 	rating: autoDraw = False
497.8084 	EXP 	Iti: text = '+'
497.8084 	EXP 	Iti: autoDraw = True
499.7937 	EXP 	New trial (rep=0, index=10): OrderedDict([('Picture', 'mother.jpg')])
499.8158 	EXP 	Iti: autoDraw = False
499.8158 	EXP 	Image: size = array([1.5, 1. ])
499.8158 	EXP 	Image: image = 'mother.jpg'
499.8158 	EXP 	Image: autoDraw = True
507.8008 	EXP 	RatingScale rating: reset()
507.8166 	EXP 	Image: autoDraw = False
507.8166 	EXP 	ratingQ: text = 'How would you characterize your feelings at the present moment?'
507.8166 	EXP 	text_2: text = 'Very Negative                                                 Very Positive'
507.8166 	EXP 	ratingQ: autoDraw = True
507.8166 	EXP 	text_2: autoDraw = True
507.8166 	EXP 	rating: autoDraw = True
512.7875 	EXP 	ratingQ: autoDraw = False
512.8042 	EXP 	ratingQ: autoDraw = False
512.8042 	EXP 	text_2: autoDraw = False
512.8042 	EXP 	rating: autoDraw = False
512.8042 	EXP 	Iti: text = '+'
512.8042 	EXP 	Iti: autoDraw = True
514.7896 	EXP 	New trial (rep=0, index=11): OrderedDict([('Picture', 'couple1.jpg')])
514.8125 	EXP 	Iti: autoDraw = False
514.8125 	EXP 	Image: size = array([1.5, 1. ])
514.8125 	EXP 	Image: image = 'couple1.jpg'
514.8125 	EXP 	Image: autoDraw = True
522.7965 	EXP 	RatingScale rating: reset()
522.8126 	EXP 	Image: autoDraw = False
522.8126 	EXP 	ratingQ: text = 'How would you characterize your feelings at the present moment?'
522.8126 	EXP 	text_2: text = 'Very Negative                                                 Very Positive'
522.8126 	EXP 	ratingQ: autoDraw = True
522.8126 	EXP 	text_2: autoDraw = True
522.8126 	EXP 	rating: autoDraw = True
527.7833 	EXP 	ratingQ: autoDraw = False
527.8168 	EXP 	ratingQ: autoDraw = False
527.8168 	EXP 	text_2: autoDraw = False
527.8168 	EXP 	rating: autoDraw = False
527.8168 	EXP 	Iti: text = '+'
527.8168 	EXP 	Iti: autoDraw = True
529.8021 	EXP 	New trial (rep=0, index=12): OrderedDict([('Picture', 'skier.jpg')])
529.8249 	EXP 	Iti: autoDraw = False
529.8249 	EXP 	Image: size = array([1.5, 1. ])
529.8249 	EXP 	Image: image = 'skier.jpg'
529.8249 	EXP 	Image: autoDraw = True
537.7924 	EXP 	RatingScale rating: reset()
537.8083 	EXP 	Image: autoDraw = False
537.8083 	EXP 	ratingQ: text = 'How would you characterize your feelings at the present moment?'
537.8083 	EXP 	text_2: text = 'Very Negative                                                 Very Positive'
537.8083 	EXP 	ratingQ: autoDraw = True
537.8083 	EXP 	text_2: autoDraw = True
537.8083 	EXP 	rating: autoDraw = True
542.7790 	EXP 	ratingQ: autoDraw = False
542.8125 	EXP 	ratingQ: autoDraw = False
542.8125 	EXP 	text_2: autoDraw = False
542.8125 	EXP 	rating: autoDraw = False
542.8125 	EXP 	Iti: text = '+'
542.8125 	EXP 	Iti: autoDraw = True
544.7977 	EXP 	New trial (rep=0, index=13): OrderedDict([('Picture', 'school.jpg')])
544.8202 	EXP 	Iti: autoDraw = False
544.8202 	EXP 	Image: size = array([1.5, 1. ])
544.8202 	EXP 	Image: image = 'school.jpg'
544.8202 	EXP 	Image: autoDraw = True
552.7880 	EXP 	RatingScale rating: reset()
552.8040 	EXP 	Image: autoDraw = False
552.8040 	EXP 	ratingQ: text = 'How would you characterize your feelings at the present moment?'
552.8040 	EXP 	text_2: text = 'Very Negative                                                 Very Positive'
552.8040 	EXP 	ratingQ: autoDraw = True
552.8040 	EXP 	text_2: autoDraw = True
552.8040 	EXP 	rating: autoDraw = True
557.7749 	EXP 	ratingQ: autoDraw = False
557.8081 	EXP 	ratingQ: autoDraw = False
557.8081 	EXP 	text_2: autoDraw = False
557.8081 	EXP 	rating: autoDraw = False
557.8081 	EXP 	Iti: text = '+'
557.8081 	EXP 	Iti: autoDraw = True
559.7935 	EXP 	New trial (rep=0, index=14): OrderedDict([('Picture', 'wedding.jpg')])
559.8156 	EXP 	Iti: autoDraw = False
559.8156 	EXP 	Image: size = array([1.5, 1. ])
559.8156 	EXP 	Image: image = 'wedding.jpg'
559.8156 	EXP 	Image: autoDraw = True
567.8006 	EXP 	RatingScale rating: reset()
567.8166 	EXP 	Image: autoDraw = False
567.8166 	EXP 	ratingQ: text = 'How would you characterize your feelings at the present moment?'
567.8166 	EXP 	text_2: text = 'Very Negative                                                 Very Positive'
567.8166 	EXP 	ratingQ: autoDraw = True
567.8166 	EXP 	text_2: autoDraw = True
567.8166 	EXP 	rating: autoDraw = True
572.7873 	EXP 	ratingQ: autoDraw = False
572.8039 	EXP 	ratingQ: autoDraw = False
572.8039 	EXP 	text_2: autoDraw = False
572.8039 	EXP 	rating: autoDraw = False
572.8039 	EXP 	Iti: text = '+'
572.8039 	EXP 	Iti: autoDraw = True
574.7893 	EXP 	New trial (rep=0, index=15): OrderedDict([('Picture', 'face.jpg')])
574.8114 	EXP 	Iti: autoDraw = False
574.8114 	EXP 	Image: size = array([1.5, 1. ])
574.8114 	EXP 	Image: image = 'face.jpg'
574.8114 	EXP 	Image: autoDraw = True
582.7964 	EXP 	RatingScale rating: reset()
582.8125 	EXP 	Image: autoDraw = False
582.8125 	EXP 	ratingQ: text = 'How would you characterize your feelings at the present moment?'
582.8125 	EXP 	text_2: text = 'Very Negative                                                 Very Positive'
582.8125 	EXP 	ratingQ: autoDraw = True
582.8125 	EXP 	text_2: autoDraw = True
582.8125 	EXP 	rating: autoDraw = True
587.7831 	EXP 	ratingQ: autoDraw = False
587.8164 	EXP 	ratingQ: autoDraw = False
587.8164 	EXP 	text_2: autoDraw = False
587.8164 	EXP 	rating: autoDraw = False
587.8164 	EXP 	Iti: text = '+'
587.8164 	EXP 	Iti: autoDraw = True
589.8017 	EXP 	New trial (rep=0, index=16): OrderedDict([('Picture', 'scary.jpg')])
589.8254 	EXP 	Iti: autoDraw = False
589.8254 	EXP 	Image: size = array([1.5, 1. ])
589.8254 	EXP 	Image: image = 'scary.jpg'
589.8254 	EXP 	Image: autoDraw = True
597.7928 	EXP 	RatingScale rating: reset()
597.8079 	EXP 	Image: autoDraw = False
597.8079 	EXP 	ratingQ: text = 'How would you characterize your feelings at the present moment?'
597.8079 	EXP 	text_2: text = 'Very Negative                                                 Very Positive'
597.8079 	EXP 	ratingQ: autoDraw = True
597.8079 	EXP 	text_2: autoDraw = True
597.8079 	EXP 	rating: autoDraw = True
602.7788 	EXP 	ratingQ: autoDraw = False
602.8121 	EXP 	ratingQ: autoDraw = False
602.8121 	EXP 	text_2: autoDraw = False
602.8121 	EXP 	rating: autoDraw = False
602.8121 	EXP 	Iti: text = '+'
602.8121 	EXP 	Iti: autoDraw = True
604.7977 	EXP 	New trial (rep=0, index=17): OrderedDict([('Picture', 'yoga1.jpg')])
604.8200 	EXP 	Iti: autoDraw = False
604.8200 	EXP 	Image: size = array([1.5, 1. ])
604.8200 	EXP 	Image: image = 'yoga1.jpg'
604.8200 	EXP 	Image: autoDraw = True
612.7880 	EXP 	RatingScale rating: reset()
612.8037 	EXP 	Image: autoDraw = False
612.8037 	EXP 	ratingQ: text = 'How would you characterize your feelings at the present moment?'
612.8037 	EXP 	text_2: text = 'Very Negative                                                 Very Positive'
612.8037 	EXP 	ratingQ: autoDraw = True
612.8037 	EXP 	text_2: autoDraw = True
612.8037 	EXP 	rating: autoDraw = True
617.7749 	EXP 	ratingQ: autoDraw = False
617.8082 	EXP 	ratingQ: autoDraw = False
617.8082 	EXP 	text_2: autoDraw = False
617.8082 	EXP 	rating: autoDraw = False
617.8082 	EXP 	Iti: text = '+'
617.8082 	EXP 	Iti: autoDraw = True
619.7933 	EXP 	New trial (rep=0, index=2): OrderedDict([('CueType1', 'REACT'), ('rows', '0021:0039'), ('CueType2', 'REGULATE')])
619.8096 	EXP 	Iti: autoDraw = False
619.8096 	EXP 	cue: text = ''
619.8096 	EXP 	ISI: text = '+'
619.8096 	EXP 	cue: text = 'REACT'
619.8096 	EXP 	cue: autoDraw = True
624.7971 	EXP 	ISI: autoDraw = True
624.8137 	EXP 	cue: autoDraw = False
626.7869 	EXP 	Imported EmotionReg.csv as conditions, 18 conditions, 1 params
626.7871 	EXP 	Created sequence: random, trialTypes=18, nReps=1, seed=None
626.7873 	EXP 	New trial (rep=0, index=0): OrderedDict([('Picture', 'Shot3.jpg')])
626.8073 	EXP 	ISI: autoDraw = False
626.8073 	EXP 	cue: autoDraw = False
626.8073 	EXP 	ISI: autoDraw = False
626.8073 	EXP 	Image: size = array([1.5, 1. ])
626.8073 	EXP 	Image: image = 'Shot3.jpg'
626.8073 	EXP 	Image: autoDraw = True
634.7897 	EXP 	RatingScale rating: reset()
634.8057 	EXP 	Image: autoDraw = False
634.8057 	EXP 	ratingQ: text = 'How would you characterize your feelings at the present moment?'
634.8057 	EXP 	text_2: text = 'Very Negative                                                 Very Positive'
634.8057 	EXP 	ratingQ: autoDraw = True
634.8057 	EXP 	text_2: autoDraw = True
634.8057 	EXP 	rating: autoDraw = True
639.7763 	EXP 	ratingQ: autoDraw = False
639.8094 	EXP 	ratingQ: autoDraw = False
639.8094 	EXP 	text_2: autoDraw = False
639.8094 	EXP 	rating: autoDraw = False
639.8094 	EXP 	Iti: text = '+'
639.8094 	EXP 	Iti: autoDraw = True
641.7956 	EXP 	New trial (rep=0, index=1): OrderedDict([('Picture', 'cold.jpg')])
641.8179 	EXP 	Iti: autoDraw = False
641.8179 	EXP 	Image: size = array([1.5, 1. ])
641.8179 	EXP 	Image: image = 'cold.jpg'
641.8179 	EXP 	Image: autoDraw = True
649.8020 	EXP 	RatingScale rating: reset()
649.8192 	EXP 	Image: autoDraw = False
649.8192 	EXP 	ratingQ: text = 'How would you characterize your feelings at the present moment?'
649.8192 	EXP 	text_2: text = 'Very Negative                                                 Very Positive'
649.8192 	EXP 	ratingQ: autoDraw = True
649.8192 	EXP 	text_2: autoDraw = True
649.8192 	EXP 	rating: autoDraw = True
654.7886 	EXP 	ratingQ: autoDraw = False
654.8053 	EXP 	ratingQ: autoDraw = False
654.8053 	EXP 	text_2: autoDraw = False
654.8053 	EXP 	rating: autoDraw = False
654.8053 	EXP 	Iti: text = '+'
654.8053 	EXP 	Iti: autoDraw = True
656.7906 	EXP 	New trial (rep=0, index=2): OrderedDict([('Picture', 'baby4.jpg')])
656.8133 	EXP 	Iti: autoDraw = False
656.8133 	EXP 	Image: size = array([1.5, 1. ])
656.8133 	EXP 	Image: image = 'baby4.jpg'
656.8133 	EXP 	Image: autoDraw = True
664.7977 	EXP 	RatingScale rating: reset()
664.8137 	EXP 	Image: autoDraw = False
664.8137 	EXP 	ratingQ: text = 'How would you characterize your feelings at the present moment?'
664.8137 	EXP 	text_2: text = 'Very Negative                                                 Very Positive'
664.8137 	EXP 	ratingQ: autoDraw = True
664.8137 	EXP 	text_2: autoDraw = True
664.8137 	EXP 	rating: autoDraw = True
669.7843 	EXP 	ratingQ: autoDraw = False
669.8177 	EXP 	ratingQ: autoDraw = False
669.8177 	EXP 	text_2: autoDraw = False
669.8177 	EXP 	rating: autoDraw = False
669.8177 	EXP 	Iti: text = '+'
669.8177 	EXP 	Iti: autoDraw = True
671.7867 	EXP 	New trial (rep=0, index=3): OrderedDict([('Picture', 'toast.jpg')])
671.8103 	EXP 	Iti: autoDraw = False
671.8103 	EXP 	Image: size = array([1.5, 1. ])
671.8103 	EXP 	Image: image = 'toast.jpg'
671.8103 	EXP 	Image: autoDraw = True
679.7935 	EXP 	RatingScale rating: reset()
679.8100 	EXP 	Image: autoDraw = False
679.8100 	EXP 	ratingQ: text = 'How would you characterize your feelings at the present moment?'
679.8100 	EXP 	text_2: text = 'Very Negative                                                 Very Positive'
679.8100 	EXP 	ratingQ: autoDraw = True
679.8100 	EXP 	text_2: autoDraw = True
679.8100 	EXP 	rating: autoDraw = True
684.7801 	EXP 	ratingQ: autoDraw = False
684.8135 	EXP 	ratingQ: autoDraw = False
684.8135 	EXP 	text_2: autoDraw = False
684.8135 	EXP 	rating: autoDraw = False
684.8135 	EXP 	Iti: text = '+'
684.8135 	EXP 	Iti: autoDraw = True
686.7989 	EXP 	New trial (rep=0, index=4): OrderedDict([('Picture', 'hangover.jpg')])
686.8208 	EXP 	Iti: autoDraw = False
686.8208 	EXP 	Image: size = array([1.5, 1. ])
686.8208 	EXP 	Image: image = 'hangover.jpg'
686.8208 	EXP 	Image: autoDraw = True
694.7895 	EXP 	RatingScale rating: reset()
694.8054 	EXP 	Image: autoDraw = False
694.8054 	EXP 	ratingQ: text = 'How would you characterize your feelings at the present moment?'
694.8054 	EXP 	text_2: text = 'Very Negative                                                 Very Positive'
694.8054 	EXP 	ratingQ: autoDraw = True
694.8054 	EXP 	text_2: autoDraw = True
694.8054 	EXP 	rating: autoDraw = True
699.7761 	EXP 	ratingQ: autoDraw = False
699.8096 	EXP 	ratingQ: autoDraw = False
699.8096 	EXP 	text_2: autoDraw = False
699.8096 	EXP 	rating: autoDraw = False
699.8096 	EXP 	Iti: text = '+'
699.8096 	EXP 	Iti: autoDraw = True
701.7948 	EXP 	New trial (rep=0, index=5): OrderedDict([('Picture', 'sad2.jpg')])
701.8180 	EXP 	Iti: autoDraw = False
701.8180 	EXP 	Image: size = array([1.5, 1. ])
701.8180 	EXP 	Image: image = 'sad2.jpg'
701.8180 	EXP 	Image: autoDraw = True
709.8017 	EXP 	RatingScale rating: reset()
709.8179 	EXP 	Image: autoDraw = False
709.8179 	EXP 	ratingQ: text = 'How would you characterize your feelings at the present moment?'
709.8179 	EXP 	text_2: text = 'Very Negative                                                 Very Positive'
709.8179 	EXP 	ratingQ: autoDraw = True
709.8179 	EXP 	text_2: autoDraw = True
709.8179 	EXP 	rating: autoDraw = True
714.7886 	EXP 	ratingQ: autoDraw = False
714.8052 	EXP 	ratingQ: autoDraw = False
714.8052 	EXP 	text_2: autoDraw = False
714.8052 	EXP 	rating: autoDraw = False
714.8052 	EXP 	Iti: text = '+'
714.8052 	EXP 	Iti: autoDraw = True
716.7908 	EXP 	New trial (rep=0, index=6): OrderedDict([('Picture', 'exercise.jpg')])
716.8134 	EXP 	Iti: autoDraw = False
716.8134 	EXP 	Image: size = array([1.5, 1. ])
716.8134 	EXP 	Image: image = 'exercise.jpg'
716.8134 	EXP 	Image: autoDraw = True
724.7975 	EXP 	RatingScale rating: reset()
724.8134 	EXP 	Image: autoDraw = False
724.8134 	EXP 	ratingQ: text = 'How would you characterize your feelings at the present moment?'
724.8134 	EXP 	text_2: text = 'Very Negative                                                 Very Positive'
724.8134 	EXP 	ratingQ: autoDraw = True
724.8134 	EXP 	text_2: autoDraw = True
724.8134 	EXP 	rating: autoDraw = True
729.7841 	EXP 	ratingQ: autoDraw = False
729.8178 	EXP 	ratingQ: autoDraw = False
729.8178 	EXP 	text_2: autoDraw = False
729.8178 	EXP 	rating: autoDraw = False
729.8178 	EXP 	Iti: text = '+'
729.8178 	EXP 	Iti: autoDraw = True
731.7863 	EXP 	New trial (rep=0, index=7): OrderedDict([('Picture', 'gazing2.jpg')])
731.8089 	EXP 	Iti: autoDraw = False
731.8089 	EXP 	Image: size = array([1.5, 1. ])
731.8089 	EXP 	Image: image = 'gazing2.jpg'
731.8089 	EXP 	Image: autoDraw = True
739.7933 	EXP 	RatingScale rating: reset()
739.8093 	EXP 	Image: autoDraw = False
739.8093 	EXP 	ratingQ: text = 'How would you characterize your feelings at the present moment?'
739.8093 	EXP 	text_2: text = 'Very Negative                                                 Very Positive'
739.8093 	EXP 	ratingQ: autoDraw = True
739.8093 	EXP 	text_2: autoDraw = True
739.8093 	EXP 	rating: autoDraw = True
744.7800 	EXP 	ratingQ: autoDraw = False
744.8134 	EXP 	ratingQ: autoDraw = False
744.8134 	EXP 	text_2: autoDraw = False
744.8134 	EXP 	rating: autoDraw = False
744.8134 	EXP 	Iti: text = '+'
744.8134 	EXP 	Iti: autoDraw = True
746.7988 	EXP 	New trial (rep=0, index=8): OrderedDict([('Picture', 'neutralface2.jpg')])
746.8203 	EXP 	Iti: autoDraw = False
746.8203 	EXP 	Image: size = array([1.5, 1. ])
746.8203 	EXP 	Image: image = 'neutralface2.jpg'
746.8203 	EXP 	Image: autoDraw = True
754.7890 	EXP 	RatingScale rating: reset()
754.8050 	EXP 	Image: autoDraw = False
754.8050 	EXP 	ratingQ: text = 'How would you characterize your feelings at the present moment?'
754.8050 	EXP 	text_2: text = 'Very Negative                                                 Very Positive'
754.8050 	EXP 	ratingQ: autoDraw = True
754.8050 	EXP 	text_2: autoDraw = True
754.8050 	EXP 	rating: autoDraw = True
759.7758 	EXP 	ratingQ: autoDraw = False
759.8090 	EXP 	ratingQ: autoDraw = False
759.8090 	EXP 	text_2: autoDraw = False
759.8090 	EXP 	rating: autoDraw = False
759.8090 	EXP 	Iti: text = '+'
759.8090 	EXP 	Iti: autoDraw = True
761.7946 	EXP 	New trial (rep=0, index=9): OrderedDict([('Picture', 'depressed.jpg')])
761.8168 	EXP 	Iti: autoDraw = False
761.8168 	EXP 	Image: size = array([1.5, 1. ])
761.8168 	EXP 	Image: image = 'depressed.jpg'
761.8168 	EXP 	Image: autoDraw = True
769.8017 	EXP 	RatingScale rating: reset()
769.8173 	EXP 	Image: autoDraw = False
769.8173 	EXP 	ratingQ: text = 'How would you characterize your feelings at the present moment?'
769.8173 	EXP 	text_2: text = 'Very Negative                                                 Very Positive'
769.8173 	EXP 	ratingQ: autoDraw = True
769.8173 	EXP 	text_2: autoDraw = True
769.8173 	EXP 	rating: autoDraw = True
774.7881 	EXP 	ratingQ: autoDraw = False
774.8048 	EXP 	ratingQ: autoDraw = False
774.8048 	EXP 	text_2: autoDraw = False
774.8048 	EXP 	rating: autoDraw = False
774.8048 	EXP 	Iti: text = '+'
774.8048 	EXP 	Iti: autoDraw = True
776.7902 	EXP 	New trial (rep=0, index=10): OrderedDict([('Picture', 'happy.jpg')])
776.8126 	EXP 	Iti: autoDraw = False
776.8126 	EXP 	Image: size = array([1.5, 1. ])
776.8126 	EXP 	Image: image = 'happy.jpg'
776.8126 	EXP 	Image: autoDraw = True
784.7973 	EXP 	RatingScale rating: reset()
784.8132 	EXP 	Image: autoDraw = False
784.8132 	EXP 	ratingQ: text = 'How would you characterize your feelings at the present moment?'
784.8132 	EXP 	text_2: text = 'Very Negative                                                 Very Positive'
784.8132 	EXP 	ratingQ: autoDraw = True
784.8132 	EXP 	text_2: autoDraw = True
784.8132 	EXP 	rating: autoDraw = True
789.7841 	EXP 	ratingQ: autoDraw = False
789.8173 	EXP 	ratingQ: autoDraw = False
789.8173 	EXP 	text_2: autoDraw = False
789.8173 	EXP 	rating: autoDraw = False
789.8173 	EXP 	Iti: text = '+'
789.8173 	EXP 	Iti: autoDraw = True
791.7860 	EXP 	New trial (rep=0, index=11): OrderedDict([('Picture', 'picnic2.jpg')])
791.8090 	EXP 	Iti: autoDraw = False
791.8090 	EXP 	Image: size = array([1.5, 1. ])
791.8090 	EXP 	Image: image = 'picnic2.jpg'
791.8090 	EXP 	Image: autoDraw = True
799.7931 	EXP 	RatingScale rating: reset()
799.8090 	EXP 	Image: autoDraw = False
799.8090 	EXP 	ratingQ: text = 'How would you characterize your feelings at the present moment?'
799.8090 	EXP 	text_2: text = 'Very Negative                                                 Very Positive'
799.8090 	EXP 	ratingQ: autoDraw = True
799.8090 	EXP 	text_2: autoDraw = True
799.8090 	EXP 	rating: autoDraw = True
804.7798 	EXP 	ratingQ: autoDraw = False
804.8131 	EXP 	ratingQ: autoDraw = False
804.8131 	EXP 	text_2: autoDraw = False
804.8131 	EXP 	rating: autoDraw = False
804.8131 	EXP 	Iti: text = '+'
804.8131 	EXP 	Iti: autoDraw = True
806.7984 	EXP 	New trial (rep=0, index=12): OrderedDict([('Picture', 'baby2.jpg')])
806.8212 	EXP 	Iti: autoDraw = False
806.8212 	EXP 	Image: size = array([1.5, 1. ])
806.8212 	EXP 	Image: image = 'baby2.jpg'
806.8212 	EXP 	Image: autoDraw = True
814.7891 	EXP 	RatingScale rating: reset()
814.8049 	EXP 	Image: autoDraw = False
814.8049 	EXP 	ratingQ: text = 'How would you characterize your feelings at the present moment?'
814.8049 	EXP 	text_2: text = 'Very Negative                                                 Very Positive'
814.8049 	EXP 	ratingQ: autoDraw = True
814.8049 	EXP 	text_2: autoDraw = True
814.8049 	EXP 	rating: autoDraw = True
819.7755 	EXP 	ratingQ: autoDraw = False
819.8087 	EXP 	ratingQ: autoDraw = False
819.8087 	EXP 	text_2: autoDraw = False
819.8087 	EXP 	rating: autoDraw = False
819.8087 	EXP 	Iti: text = '+'
819.8087 	EXP 	Iti: autoDraw = True
821.7942 	EXP 	New trial (rep=0, index=13): OrderedDict([('Picture', 'astronaut.jpg')])
821.8169 	EXP 	Iti: autoDraw = False
821.8169 	EXP 	Image: size = array([1.5, 1. ])
821.8169 	EXP 	Image: image = 'astronaut.jpg'
821.8169 	EXP 	Image: autoDraw = True
829.8013 	EXP 	RatingScale rating: reset()
829.8173 	EXP 	Image: autoDraw = False
829.8173 	EXP 	ratingQ: text = 'How would you characterize your feelings at the present moment?'
829.8173 	EXP 	text_2: text = 'Very Negative                                                 Very Positive'
829.8173 	EXP 	ratingQ: autoDraw = True
829.8173 	EXP 	text_2: autoDraw = True
829.8173 	EXP 	rating: autoDraw = True
834.7881 	EXP 	ratingQ: autoDraw = False
834.8046 	EXP 	ratingQ: autoDraw = False
834.8046 	EXP 	text_2: autoDraw = False
834.8046 	EXP 	rating: autoDraw = False
834.8046 	EXP 	Iti: text = '+'
834.8046 	EXP 	Iti: autoDraw = True
836.7900 	EXP 	New trial (rep=0, index=14): OrderedDict([('Picture', 'rugby.jpg')])
836.8127 	EXP 	Iti: autoDraw = False
836.8127 	EXP 	Image: size = array([1.5, 1. ])
836.8127 	EXP 	Image: image = 'rugby.jpg'
836.8127 	EXP 	Image: autoDraw = True
844.7970 	EXP 	RatingScale rating: reset()
844.8129 	EXP 	Image: autoDraw = False
844.8129 	EXP 	ratingQ: text = 'How would you characterize your feelings at the present moment?'
844.8129 	EXP 	text_2: text = 'Very Negative                                                 Very Positive'
844.8129 	EXP 	ratingQ: autoDraw = True
844.8129 	EXP 	text_2: autoDraw = True
844.8129 	EXP 	rating: autoDraw = True
849.7839 	EXP 	ratingQ: autoDraw = False
849.8172 	EXP 	ratingQ: autoDraw = False
849.8172 	EXP 	text_2: autoDraw = False
849.8172 	EXP 	rating: autoDraw = False
849.8172 	EXP 	Iti: text = '+'
849.8172 	EXP 	Iti: autoDraw = True
851.7860 	EXP 	New trial (rep=0, index=15): OrderedDict([('Picture', 'War1.jpg')])
851.8082 	EXP 	Iti: autoDraw = False
851.8082 	EXP 	Image: size = array([1.5, 1. ])
851.8082 	EXP 	Image: image = 'War1.jpg'
851.8082 	EXP 	Image: autoDraw = True
859.7928 	EXP 	RatingScale rating: reset()
859.8089 	EXP 	Image: autoDraw = False
859.8089 	EXP 	ratingQ: text = 'How would you characterize your feelings at the present moment?'
859.8089 	EXP 	text_2: text = 'Very Negative                                                 Very Positive'
859.8089 	EXP 	ratingQ: autoDraw = True
859.8089 	EXP 	text_2: autoDraw = True
859.8089 	EXP 	rating: autoDraw = True
864.7795 	EXP 	ratingQ: autoDraw = False
864.8131 	EXP 	ratingQ: autoDraw = False
864.8131 	EXP 	text_2: autoDraw = False
864.8131 	EXP 	rating: autoDraw = False
864.8131 	EXP 	Iti: text = '+'
864.8131 	EXP 	Iti: autoDraw = True
866.7982 	EXP 	New trial (rep=0, index=16): OrderedDict([('Picture', 'skydiving.jpg')])
866.8210 	EXP 	Iti: autoDraw = False
866.8210 	EXP 	Image: size = array([1.5, 1. ])
866.8210 	EXP 	Image: image = 'skydiving.jpg'
866.8210 	EXP 	Image: autoDraw = True
874.7891 	EXP 	RatingScale rating: reset()
874.8045 	EXP 	Image: autoDraw = False
874.8045 	EXP 	ratingQ: text = 'How would you characterize your feelings at the present moment?'
874.8045 	EXP 	text_2: text = 'Very Negative                                                 Very Positive'
874.8045 	EXP 	ratingQ: autoDraw = True
874.8045 	EXP 	text_2: autoDraw = True
874.8045 	EXP 	rating: autoDraw = True
879.7754 	EXP 	ratingQ: autoDraw = False
879.8088 	EXP 	ratingQ: autoDraw = False
879.8088 	EXP 	text_2: autoDraw = False
879.8088 	EXP 	rating: autoDraw = False
879.8088 	EXP 	Iti: text = '+'
879.8088 	EXP 	Iti: autoDraw = True
881.7942 	EXP 	New trial (rep=0, index=17): OrderedDict([('Picture', 'surgery.jpg')])
881.8177 	EXP 	Iti: autoDraw = False
881.8177 	EXP 	Image: size = array([1.5, 1. ])
881.8177 	EXP 	Image: image = 'surgery.jpg'
881.8177 	EXP 	Image: autoDraw = True
889.8013 	EXP 	RatingScale rating: reset()
889.8173 	EXP 	Image: autoDraw = False
889.8173 	EXP 	ratingQ: text = 'How would you characterize your feelings at the present moment?'
889.8173 	EXP 	text_2: text = 'Very Negative                                                 Very Positive'
889.8173 	EXP 	ratingQ: autoDraw = True
889.8173 	EXP 	text_2: autoDraw = True
889.8173 	EXP 	rating: autoDraw = True
894.7878 	EXP 	ratingQ: autoDraw = False
894.8045 	EXP 	ratingQ: autoDraw = False
894.8045 	EXP 	text_2: autoDraw = False
894.8045 	EXP 	rating: autoDraw = False
894.8045 	EXP 	Iti: text = '+'
894.8045 	EXP 	Iti: autoDraw = True
896.7901 	EXP 	New trial (rep=0, index=3): OrderedDict([('CueType1', 'REGULATE'), ('rows', '003:0021'), ('CueType2', 'REACT')])
896.8060 	EXP 	Iti: autoDraw = False
896.8060 	EXP 	cue: text = ''
896.8060 	EXP 	ISI: text = '+'
896.8060 	EXP 	cue: text = 'REGULATE'
896.8060 	EXP 	cue: autoDraw = True
901.7938 	EXP 	ISI: autoDraw = True
901.8104 	EXP 	cue: autoDraw = False
903.7839 	EXP 	Imported EmotionReg.csv as conditions, 18 conditions, 1 params
903.7841 	EXP 	Created sequence: random, trialTypes=18, nReps=1, seed=None
903.7843 	EXP 	New trial (rep=0, index=0): OrderedDict([('Picture', 'angry2.jpg')])
903.8060 	EXP 	ISI: autoDraw = False
903.8060 	EXP 	cue: autoDraw = False
903.8060 	EXP 	ISI: autoDraw = False
903.8060 	EXP 	Image: size = array([1.5, 1. ])
903.8060 	EXP 	Image: image = 'angry2.jpg'
903.8060 	EXP 	Image: autoDraw = True
911.7863 	EXP 	RatingScale rating: reset()
911.8020 	EXP 	Image: autoDraw = False
911.8020 	EXP 	ratingQ: text = 'How would you characterize your feelings at the present moment?'
911.8020 	EXP 	text_2: text = 'Very Negative                                                 Very Positive'
911.8020 	EXP 	ratingQ: autoDraw = True
911.8020 	EXP 	text_2: autoDraw = True
911.8020 	EXP 	rating: autoDraw = True
916.7726 	EXP 	ratingQ: autoDraw = False
916.8059 	EXP 	ratingQ: autoDraw = False
916.8059 	EXP 	text_2: autoDraw = False
916.8059 	EXP 	rating: autoDraw = False
916.8059 	EXP 	Iti: text = '+'
916.8059 	EXP 	Iti: autoDraw = True
918.7917 	EXP 	New trial (rep=0, index=1): OrderedDict([('Picture', 'camping.jpg')])
918.8217 	EXP 	Iti: autoDraw = False
918.8217 	EXP 	Image: size = array([1.5, 1. ])
918.8217 	EXP 	Image: image = 'camping.jpg'
918.8217 	EXP 	Image: autoDraw = True
926.7987 	EXP 	RatingScale rating: reset()
926.8142 	EXP 	Image: autoDraw = False
926.8142 	EXP 	ratingQ: text = 'How would you characterize your feelings at the present moment?'
926.8142 	EXP 	text_2: text = 'Very Negative                                                 Very Positive'
926.8142 	EXP 	ratingQ: autoDraw = True
926.8142 	EXP 	text_2: autoDraw = True
926.8142 	EXP 	rating: autoDraw = True
931.7851 	EXP 	ratingQ: autoDraw = False
931.8016 	EXP 	ratingQ: autoDraw = False
931.8016 	EXP 	text_2: autoDraw = False
931.8016 	EXP 	rating: autoDraw = False
931.8016 	EXP 	Iti: text = '+'
931.8016 	EXP 	Iti: autoDraw = True
933.7875 	EXP 	New trial (rep=0, index=2): OrderedDict([('Picture', 'soldier3.jpg')])
933.8106 	EXP 	Iti: autoDraw = False
933.8106 	EXP 	Image: size = array([1.5, 1. ])
933.8106 	EXP 	Image: image = 'soldier3.jpg'
933.8106 	EXP 	Image: autoDraw = True
941.7946 	EXP 	RatingScale rating: reset()
941.8102 	EXP 	Image: autoDraw = False
941.8102 	EXP 	ratingQ: text = 'How would you characterize your feelings at the present moment?'
941.8102 	EXP 	text_2: text = 'Very Negative                                                 Very Positive'
941.8102 	EXP 	ratingQ: autoDraw = True
941.8102 	EXP 	text_2: autoDraw = True
941.8102 	EXP 	rating: autoDraw = True
946.7810 	EXP 	ratingQ: autoDraw = False
946.8144 	EXP 	ratingQ: autoDraw = False
946.8144 	EXP 	text_2: autoDraw = False
946.8144 	EXP 	rating: autoDraw = False
946.8144 	EXP 	Iti: text = '+'
946.8144 	EXP 	Iti: autoDraw = True
948.7999 	EXP 	New trial (rep=0, index=3): OrderedDict([('Picture', 'baby1.jpg')])
948.8222 	EXP 	Iti: autoDraw = False
948.8222 	EXP 	Image: size = array([1.5, 1. ])
948.8222 	EXP 	Image: image = 'baby1.jpg'
948.8222 	EXP 	Image: autoDraw = True
956.7902 	EXP 	RatingScale rating: reset()
956.8061 	EXP 	Image: autoDraw = False
956.8061 	EXP 	ratingQ: text = 'How would you characterize your feelings at the present moment?'
956.8061 	EXP 	text_2: text = 'Very Negative                                                 Very Positive'
956.8061 	EXP 	ratingQ: autoDraw = True
956.8061 	EXP 	text_2: autoDraw = True
956.8061 	EXP 	rating: autoDraw = True
961.7767 	EXP 	ratingQ: autoDraw = False
961.8102 	EXP 	ratingQ: autoDraw = False
961.8102 	EXP 	text_2: autoDraw = False
961.8102 	EXP 	rating: autoDraw = False
961.8102 	EXP 	Iti: text = '+'
961.8102 	EXP 	Iti: autoDraw = True
963.7956 	EXP 	New trial (rep=0, index=4): OrderedDict([('Picture', 'scared1.jpg')])
963.8172 	EXP 	Iti: autoDraw = False
963.8172 	EXP 	Image: size = array([1.5, 1. ])
963.8172 	EXP 	Image: image = 'scared1.jpg'
963.8172 	EXP 	Image: autoDraw = True
971.7860 	EXP 	RatingScale rating: reset()
971.8017 	EXP 	Image: autoDraw = False
971.8017 	EXP 	ratingQ: text = 'How would you characterize your feelings at the present moment?'
971.8017 	EXP 	text_2: text = 'Very Negative                                                 Very Positive'
971.8017 	EXP 	ratingQ: autoDraw = True
971.8017 	EXP 	text_2: autoDraw = True
971.8017 	EXP 	rating: autoDraw = True
976.7727 	EXP 	ratingQ: autoDraw = False
976.8062 	EXP 	ratingQ: autoDraw = False
976.8062 	EXP 	text_2: autoDraw = False
976.8062 	EXP 	rating: autoDraw = False
976.8062 	EXP 	Iti: text = '+'
976.8062 	EXP 	Iti: autoDraw = True
978.7910 	EXP 	New trial (rep=0, index=5): OrderedDict([('Picture', 'excited2.jpg')])
978.8134 	EXP 	Iti: autoDraw = False
978.8134 	EXP 	Image: size = array([1.5, 1. ])
978.8134 	EXP 	Image: image = 'excited2.jpg'
978.8134 	EXP 	Image: autoDraw = True
986.7982 	EXP 	RatingScale rating: reset()
986.8140 	EXP 	Image: autoDraw = False
986.8140 	EXP 	ratingQ: text = 'How would you characterize your feelings at the present moment?'
986.8140 	EXP 	text_2: text = 'Very Negative                                                 Very Positive'
986.8140 	EXP 	ratingQ: autoDraw = True
986.8140 	EXP 	text_2: autoDraw = True
986.8140 	EXP 	rating: autoDraw = True
991.7850 	EXP 	ratingQ: autoDraw = False
991.8016 	EXP 	ratingQ: autoDraw = False
991.8016 	EXP 	text_2: autoDraw = False
991.8016 	EXP 	rating: autoDraw = False
991.8016 	EXP 	Iti: text = '+'
991.8016 	EXP 	Iti: autoDraw = True
993.7869 	EXP 	New trial (rep=0, index=6): OrderedDict([('Picture', 'dessert.jpg')])
993.8095 	EXP 	Iti: autoDraw = False
993.8095 	EXP 	Image: size = array([1.5, 1. ])
993.8095 	EXP 	Image: image = 'dessert.jpg'
993.8095 	EXP 	Image: autoDraw = True
1001.7939 	EXP 	RatingScale rating: reset()
1001.8098 	EXP 	Image: autoDraw = False
1001.8098 	EXP 	ratingQ: text = 'How would you characterize your feelings at the present moment?'
1001.8098 	EXP 	text_2: text = 'Very Negative                                                 Very Positive'
1001.8098 	EXP 	ratingQ: autoDraw = True
1001.8098 	EXP 	text_2: autoDraw = True
1001.8098 	EXP 	rating: autoDraw = True
1006.7806 	EXP 	ratingQ: autoDraw = False
1006.8141 	EXP 	ratingQ: autoDraw = False
1006.8141 	EXP 	text_2: autoDraw = False
1006.8141 	EXP 	rating: autoDraw = False
1006.8141 	EXP 	Iti: text = '+'
1006.8141 	EXP 	Iti: autoDraw = True
1008.7994 	EXP 	New trial (rep=0, index=7): OrderedDict([('Picture', 'sad5.jpg')])
1008.8225 	EXP 	Iti: autoDraw = False
1008.8225 	EXP 	Image: size = array([1.5, 1. ])
1008.8225 	EXP 	Image: image = 'sad5.jpg'
1008.8225 	EXP 	Image: autoDraw = True
1016.7898 	EXP 	RatingScale rating: reset()
1016.8055 	EXP 	Image: autoDraw = False
1016.8055 	EXP 	ratingQ: text = 'How would you characterize your feelings at the present moment?'
1016.8055 	EXP 	text_2: text = 'Very Negative                                                 Very Positive'
1016.8055 	EXP 	ratingQ: autoDraw = True
1016.8055 	EXP 	text_2: autoDraw = True
1016.8055 	EXP 	rating: autoDraw = True
1021.7766 	EXP 	ratingQ: autoDraw = False
1021.8099 	EXP 	ratingQ: autoDraw = False
1021.8099 	EXP 	text_2: autoDraw = False
1021.8099 	EXP 	rating: autoDraw = False
1021.8099 	EXP 	Iti: text = '+'
1021.8099 	EXP 	Iti: autoDraw = True
1023.7953 	EXP 	New trial (rep=0, index=8): OrderedDict([('Picture', 'sleepy.jpg')])
1023.8178 	EXP 	Iti: autoDraw = False
1023.8178 	EXP 	Image: size = array([1.5, 1. ])
1023.8178 	EXP 	Image: image = 'sleepy.jpg'
1023.8178 	EXP 	Image: autoDraw = True
1031.8021 	EXP 	RatingScale rating: reset()
1031.8181 	EXP 	Image: autoDraw = False
1031.8181 	EXP 	ratingQ: text = 'How would you characterize your feelings at the present moment?'
1031.8181 	EXP 	text_2: text = 'Very Negative                                                 Very Positive'
1031.8181 	EXP 	ratingQ: autoDraw = True
1031.8181 	EXP 	text_2: autoDraw = True
1031.8181 	EXP 	rating: autoDraw = True
1036.7890 	EXP 	ratingQ: autoDraw = False
1036.8054 	EXP 	ratingQ: autoDraw = False
1036.8054 	EXP 	text_2: autoDraw = False
1036.8054 	EXP 	rating: autoDraw = False
1036.8054 	EXP 	Iti: text = '+'
1036.8054 	EXP 	Iti: autoDraw = True
1038.7910 	EXP 	New trial (rep=0, index=9): OrderedDict([('Picture', 'band2.jpg')])
1038.8136 	EXP 	Iti: autoDraw = False
1038.8136 	EXP 	Image: size = array([1.5, 1. ])
1038.8136 	EXP 	Image: image = 'band2.jpg'
1038.8136 	EXP 	Image: autoDraw = True
1046.7979 	EXP 	RatingScale rating: reset()
1046.8139 	EXP 	Image: autoDraw = False
1046.8139 	EXP 	ratingQ: text = 'How would you characterize your feelings at the present moment?'
1046.8139 	EXP 	text_2: text = 'Very Negative                                                 Very Positive'
1046.8139 	EXP 	ratingQ: autoDraw = True
1046.8139 	EXP 	text_2: autoDraw = True
1046.8139 	EXP 	rating: autoDraw = True
1051.7848 	EXP 	ratingQ: autoDraw = False
1051.8180 	EXP 	ratingQ: autoDraw = False
1051.8180 	EXP 	text_2: autoDraw = False
1051.8180 	EXP 	rating: autoDraw = False
1051.8180 	EXP 	Iti: text = '+'
1051.8180 	EXP 	Iti: autoDraw = True
1053.7870 	EXP 	New trial (rep=0, index=10): OrderedDict([('Picture', 'massage.jpg')])
1053.8096 	EXP 	Iti: autoDraw = False
1053.8096 	EXP 	Image: size = array([1.5, 1. ])
1053.8096 	EXP 	Image: image = 'massage.jpg'
1053.8096 	EXP 	Image: autoDraw = True
1061.7942 	EXP 	RatingScale rating: reset()
1061.8099 	EXP 	Image: autoDraw = False
1061.8099 	EXP 	ratingQ: text = 'How would you characterize your feelings at the present moment?'
1061.8099 	EXP 	text_2: text = 'Very Negative                                                 Very Positive'
1061.8099 	EXP 	ratingQ: autoDraw = True
1061.8099 	EXP 	text_2: autoDraw = True
1061.8099 	EXP 	rating: autoDraw = True
1066.7804 	EXP 	ratingQ: autoDraw = False
1066.8139 	EXP 	ratingQ: autoDraw = False
1066.8139 	EXP 	text_2: autoDraw = False
1066.8139 	EXP 	rating: autoDraw = False
1066.8139 	EXP 	Iti: text = '+'
1066.8139 	EXP 	Iti: autoDraw = True
1068.7991 	EXP 	New trial (rep=0, index=11): OrderedDict([('Picture', 'mother4')])
1068.7996 	WARNING 	Requested image 'mother4' not found but similar filename 'mother4.jpg' exists. This will be used instead but changing the filename is advised.
1068.8215 	EXP 	Iti: autoDraw = False
1068.8215 	EXP 	Image: size = array([1.5, 1. ])
1068.8215 	EXP 	Image: image = 'mother4'
1068.8215 	EXP 	Image: autoDraw = True
1076.7896 	EXP 	RatingScale rating: reset()
1076.8053 	EXP 	Image: autoDraw = False
1076.8053 	EXP 	ratingQ: text = 'How would you characterize your feelings at the present moment?'
1076.8053 	EXP 	text_2: text = 'Very Negative                                                 Very Positive'
1076.8053 	EXP 	ratingQ: autoDraw = True
1076.8053 	EXP 	text_2: autoDraw = True
1076.8053 	EXP 	rating: autoDraw = True
1081.7760 	EXP 	ratingQ: autoDraw = False
1081.8100 	EXP 	ratingQ: autoDraw = False
1081.8100 	EXP 	text_2: autoDraw = False
1081.8100 	EXP 	rating: autoDraw = False
1081.8100 	EXP 	Iti: text = '+'
1081.8100 	EXP 	Iti: autoDraw = True
1083.7951 	EXP 	New trial (rep=0, index=12): OrderedDict([('Picture', 'rockclimb.jpg')])
1083.8180 	EXP 	Iti: autoDraw = False
1083.8180 	EXP 	Image: size = array([1.5, 1. ])
1083.8180 	EXP 	Image: image = 'rockclimb.jpg'
1083.8180 	EXP 	Image: autoDraw = True
1091.8026 	EXP 	RatingScale rating: reset()
1091.8182 	EXP 	Image: autoDraw = False
1091.8182 	EXP 	ratingQ: text = 'How would you characterize your feelings at the present moment?'
1091.8182 	EXP 	text_2: text = 'Very Negative                                                 Very Positive'
1091.8182 	EXP 	ratingQ: autoDraw = True
1091.8182 	EXP 	text_2: autoDraw = True
1091.8182 	EXP 	rating: autoDraw = True
1096.7887 	EXP 	ratingQ: autoDraw = False
1096.8053 	EXP 	ratingQ: autoDraw = False
1096.8053 	EXP 	text_2: autoDraw = False
1096.8053 	EXP 	rating: autoDraw = False
1096.8053 	EXP 	Iti: text = '+'
1096.8053 	EXP 	Iti: autoDraw = True
1098.7911 	EXP 	New trial (rep=0, index=13): OrderedDict([('Picture', 'dancing2.jpg')])
1098.8139 	EXP 	Iti: autoDraw = False
1098.8139 	EXP 	Image: size = array([1.5, 1. ])
1098.8139 	EXP 	Image: image = 'dancing2.jpg'
1098.8139 	EXP 	Image: autoDraw = True
1106.7978 	EXP 	RatingScale rating: reset()
1106.8137 	EXP 	Image: autoDraw = False
1106.8137 	EXP 	ratingQ: text = 'How would you characterize your feelings at the present moment?'
1106.8137 	EXP 	text_2: text = 'Very Negative                                                 Very Positive'
1106.8137 	EXP 	ratingQ: autoDraw = True
1106.8137 	EXP 	text_2: autoDraw = True
1106.8137 	EXP 	rating: autoDraw = True
1111.7844 	EXP 	ratingQ: autoDraw = False
1111.8178 	EXP 	ratingQ: autoDraw = False
1111.8178 	EXP 	text_2: autoDraw = False
1111.8178 	EXP 	rating: autoDraw = False
1111.8178 	EXP 	Iti: text = '+'
1111.8178 	EXP 	Iti: autoDraw = True
1113.7865 	EXP 	New trial (rep=0, index=14): OrderedDict([('Picture', 'police.jpg')])
1113.8092 	EXP 	Iti: autoDraw = False
1113.8092 	EXP 	Image: size = array([1.5, 1. ])
1113.8092 	EXP 	Image: image = 'police.jpg'
1113.8092 	EXP 	Image: autoDraw = True
1121.7936 	EXP 	RatingScale rating: reset()
1121.8095 	EXP 	Image: autoDraw = False
1121.8095 	EXP 	ratingQ: text = 'How would you characterize your feelings at the present moment?'
1121.8095 	EXP 	text_2: text = 'Very Negative                                                 Very Positive'
1121.8095 	EXP 	ratingQ: autoDraw = True
1121.8095 	EXP 	text_2: autoDraw = True
1121.8095 	EXP 	rating: autoDraw = True
1126.7802 	EXP 	ratingQ: autoDraw = False
1126.8134 	EXP 	ratingQ: autoDraw = False
1126.8134 	EXP 	text_2: autoDraw = False
1126.8134 	EXP 	rating: autoDraw = False
1126.8134 	EXP 	Iti: text = '+'
1126.8134 	EXP 	Iti: autoDraw = True
1128.7990 	EXP 	New trial (rep=0, index=15): OrderedDict([('Picture', 'happy2.jpg')])
1128.8205 	EXP 	Iti: autoDraw = False
1128.8205 	EXP 	Image: size = array([1.5, 1. ])
1128.8205 	EXP 	Image: image = 'happy2.jpg'
1128.8205 	EXP 	Image: autoDraw = True
1136.7892 	EXP 	RatingScale rating: reset()
1136.8052 	EXP 	Image: autoDraw = False
1136.8052 	EXP 	ratingQ: text = 'How would you characterize your feelings at the present moment?'
1136.8052 	EXP 	text_2: text = 'Very Negative                                                 Very Positive'
1136.8052 	EXP 	ratingQ: autoDraw = True
1136.8052 	EXP 	text_2: autoDraw = True
1136.8052 	EXP 	rating: autoDraw = True
1141.7762 	EXP 	ratingQ: autoDraw = False
1141.8092 	EXP 	ratingQ: autoDraw = False
1141.8092 	EXP 	text_2: autoDraw = False
1141.8092 	EXP 	rating: autoDraw = False
1141.8092 	EXP 	Iti: text = '+'
1141.8092 	EXP 	Iti: autoDraw = True
1143.7949 	EXP 	New trial (rep=0, index=16): OrderedDict([('Picture', 'depressed2.jpg')])
1143.8181 	EXP 	Iti: autoDraw = False
1143.8181 	EXP 	Image: size = array([1.5, 1. ])
1143.8181 	EXP 	Image: image = 'depressed2.jpg'
1143.8181 	EXP 	Image: autoDraw = True
1151.8018 	EXP 	RatingScale rating: reset()
1151.8176 	EXP 	Image: autoDraw = False
1151.8176 	EXP 	ratingQ: text = 'How would you characterize your feelings at the present moment?'
1151.8176 	EXP 	text_2: text = 'Very Negative                                                 Very Positive'
1151.8176 	EXP 	ratingQ: autoDraw = True
1151.8176 	EXP 	text_2: autoDraw = True
1151.8176 	EXP 	rating: autoDraw = True
1156.7883 	EXP 	ratingQ: autoDraw = False
1156.8051 	EXP 	ratingQ: autoDraw = False
1156.8051 	EXP 	text_2: autoDraw = False
1156.8051 	EXP 	rating: autoDraw = False
1156.8051 	EXP 	Iti: text = '+'
1156.8051 	EXP 	Iti: autoDraw = True
1158.7905 	EXP 	New trial (rep=0, index=17): OrderedDict([('Picture', 'gazing.jpg')])
1158.8125 	EXP 	Iti: autoDraw = False
1158.8125 	EXP 	Image: size = array([1.5, 1. ])
1158.8125 	EXP 	Image: image = 'gazing.jpg'
1158.8125 	EXP 	Image: autoDraw = True
1166.7978 	EXP 	RatingScale rating: reset()
1166.8133 	EXP 	Image: autoDraw = False
1166.8133 	EXP 	ratingQ: text = 'How would you characterize your feelings at the present moment?'
1166.8133 	EXP 	text_2: text = 'Very Negative                                                 Very Positive'
1166.8133 	EXP 	ratingQ: autoDraw = True
1166.8133 	EXP 	text_2: autoDraw = True
1166.8133 	EXP 	rating: autoDraw = True
1171.7842 	EXP 	ratingQ: autoDraw = False
1171.8177 	EXP 	ratingQ: autoDraw = False
1171.8177 	EXP 	text_2: autoDraw = False
1171.8177 	EXP 	rating: autoDraw = False
1171.8177 	EXP 	Iti: text = '+'
1171.8177 	EXP 	Iti: autoDraw = True
1173.7863 	EXP 	New trial (rep=0, index=4): OrderedDict([('CueType1', 'REGULATE'), ('rows', '0057:75'), ('CueType2', 'REACT')])
1173.8026 	EXP 	Iti: autoDraw = False
1173.8026 	EXP 	cue: text = ''
1173.8026 	EXP 	ISI: text = '+'
1173.8026 	EXP 	cue: text = 'REGULATE'
1173.8026 	EXP 	cue: autoDraw = True
1178.7902 	EXP 	ISI: autoDraw = True
1178.8069 	EXP 	cue: autoDraw = False
1180.7801 	EXP 	Imported EmotionReg.csv as conditions, 18 conditions, 1 params
1180.7803 	EXP 	Created sequence: random, trialTypes=18, nReps=1, seed=None
1180.7804 	EXP 	New trial (rep=0, index=0): OrderedDict([('Picture', 'baby.jpg')])
1180.8022 	EXP 	ISI: autoDraw = False
1180.8022 	EXP 	cue: autoDraw = False
1180.8022 	EXP 	ISI: autoDraw = False
1180.8022 	EXP 	Image: size = array([1.5, 1. ])
1180.8022 	EXP 	Image: image = 'baby.jpg'
1180.8022 	EXP 	Image: autoDraw = True
1188.7993 	EXP 	RatingScale rating: reset()
1188.8149 	EXP 	Image: autoDraw = False
1188.8149 	EXP 	ratingQ: text = 'How would you characterize your feelings at the present moment?'
1188.8149 	EXP 	text_2: text = 'Very Negative                                                 Very Positive'
1188.8149 	EXP 	ratingQ: autoDraw = True
1188.8149 	EXP 	text_2: autoDraw = True
1188.8149 	EXP 	rating: autoDraw = True
1193.7860 	EXP 	ratingQ: autoDraw = False
1193.8025 	EXP 	ratingQ: autoDraw = False
1193.8025 	EXP 	text_2: autoDraw = False
1193.8025 	EXP 	rating: autoDraw = False
1193.8025 	EXP 	Iti: text = '+'
1193.8025 	EXP 	Iti: autoDraw = True
1195.7879 	EXP 	New trial (rep=0, index=1): OrderedDict([('Picture', 'soldier1.jpg')])
1195.8115 	EXP 	Iti: autoDraw = False
1195.8115 	EXP 	Image: size = array([1.5, 1. ])
1195.8115 	EXP 	Image: image = 'soldier1.jpg'
1195.8115 	EXP 	Image: autoDraw = True
1203.7949 	EXP 	RatingScale rating: reset()
1203.8110 	EXP 	Image: autoDraw = False
1203.8110 	EXP 	ratingQ: text = 'How would you characterize your feelings at the present moment?'
1203.8110 	EXP 	text_2: text = 'Very Negative                                                 Very Positive'
1203.8110 	EXP 	ratingQ: autoDraw = True
1203.8110 	EXP 	text_2: autoDraw = True
1203.8110 	EXP 	rating: autoDraw = True
1208.7815 	EXP 	ratingQ: autoDraw = False
1208.8151 	EXP 	ratingQ: autoDraw = False
1208.8151 	EXP 	text_2: autoDraw = False
1208.8151 	EXP 	rating: autoDraw = False
1208.8151 	EXP 	Iti: text = '+'
1208.8151 	EXP 	Iti: autoDraw = True
1210.8005 	EXP 	New trial (rep=0, index=2): OrderedDict([('Picture', 'raft.jpg')])
1210.8213 	EXP 	Iti: autoDraw = False
1210.8213 	EXP 	Image: size = array([1.5, 1. ])
1210.8213 	EXP 	Image: image = 'raft.jpg'
1210.8213 	EXP 	Image: autoDraw = True
1218.7909 	EXP 	RatingScale rating: reset()
1218.8066 	EXP 	Image: autoDraw = False
1218.8066 	EXP 	ratingQ: text = 'How would you characterize your feelings at the present moment?'
1218.8066 	EXP 	text_2: text = 'Very Negative                                                 Very Positive'
1218.8066 	EXP 	ratingQ: autoDraw = True
1218.8066 	EXP 	text_2: autoDraw = True
1218.8066 	EXP 	rating: autoDraw = True
1223.7773 	EXP 	ratingQ: autoDraw = False
1223.8104 	EXP 	ratingQ: autoDraw = False
1223.8104 	EXP 	text_2: autoDraw = False
1223.8104 	EXP 	rating: autoDraw = False
1223.8104 	EXP 	Iti: text = '+'
1223.8104 	EXP 	Iti: autoDraw = True
1225.7960 	EXP 	New trial (rep=0, index=3): OrderedDict([('Picture', 'mother3.jpg')])
1225.8144 	EXP 	Iti: autoDraw = False
1225.8144 	EXP 	Image: size = array([1.5, 1. ])
1225.8144 	EXP 	Image: image = 'mother3.jpg'
1225.8144 	EXP 	Image: autoDraw = True
1233.7865 	EXP 	RatingScale rating: reset()
1233.8026 	EXP 	Image: autoDraw = False
1233.8026 	EXP 	ratingQ: text = 'How would you characterize your feelings at the present moment?'
1233.8026 	EXP 	text_2: text = 'Very Negative                                                 Very Positive'
1233.8026 	EXP 	ratingQ: autoDraw = True
1233.8026 	EXP 	text_2: autoDraw = True
1233.8026 	EXP 	rating: autoDraw = True
1238.7733 	EXP 	ratingQ: autoDraw = False
1238.8065 	EXP 	ratingQ: autoDraw = False
1238.8065 	EXP 	text_2: autoDraw = False
1238.8065 	EXP 	rating: autoDraw = False
1238.8065 	EXP 	Iti: text = '+'
1238.8065 	EXP 	Iti: autoDraw = True
1240.7919 	EXP 	New trial (rep=0, index=4): OrderedDict([('Picture', 'smiling.jpg')])
1240.8224 	EXP 	Iti: autoDraw = False
1240.8224 	EXP 	Image: size = array([1.5, 1. ])
1240.8224 	EXP 	Image: image = 'smiling.jpg'
1240.8224 	EXP 	Image: autoDraw = True
1248.7989 	EXP 	RatingScale rating: reset()
1248.8148 	EXP 	Image: autoDraw = False
1248.8148 	EXP 	ratingQ: text = 'How would you characterize your feelings at the present moment?'
1248.8148 	EXP 	text_2: text = 'Very Negative                                                 Very Positive'
1248.8148 	EXP 	ratingQ: autoDraw = True
1248.8148 	EXP 	text_2: autoDraw = True
1248.8148 	EXP 	rating: autoDraw = True
1253.7856 	EXP 	ratingQ: autoDraw = False
1253.8022 	EXP 	ratingQ: autoDraw = False
1253.8022 	EXP 	text_2: autoDraw = False
1253.8022 	EXP 	rating: autoDraw = False
1253.8022 	EXP 	Iti: text = '+'
1253.8022 	EXP 	Iti: autoDraw = True
1255.7876 	EXP 	New trial (rep=0, index=5): OrderedDict([('Picture', 'War2.jpg')])
1255.8104 	EXP 	Iti: autoDraw = False
1255.8104 	EXP 	Image: size = array([1.5, 1. ])
1255.8104 	EXP 	Image: image = 'War2.jpg'
1255.8104 	EXP 	Image: autoDraw = True
1263.7952 	EXP 	RatingScale rating: reset()
1263.8109 	EXP 	Image: autoDraw = False
1263.8109 	EXP 	ratingQ: text = 'How would you characterize your feelings at the present moment?'
1263.8109 	EXP 	text_2: text = 'Very Negative                                                 Very Positive'
1263.8109 	EXP 	ratingQ: autoDraw = True
1263.8109 	EXP 	text_2: autoDraw = True
1263.8109 	EXP 	rating: autoDraw = True
1268.7814 	EXP 	ratingQ: autoDraw = False
1268.8146 	EXP 	ratingQ: autoDraw = False
1268.8146 	EXP 	text_2: autoDraw = False
1268.8146 	EXP 	rating: autoDraw = False
1268.8146 	EXP 	Iti: text = '+'
1268.8146 	EXP 	Iti: autoDraw = True
1270.8002 	EXP 	New trial (rep=0, index=6): OrderedDict([('Picture', 'frisbee.jpg')])
1270.8228 	EXP 	Iti: autoDraw = False
1270.8228 	EXP 	Image: size = array([1.5, 1. ])
1270.8228 	EXP 	Image: image = 'frisbee.jpg'
1270.8228 	EXP 	Image: autoDraw = True
1278.7906 	EXP 	RatingScale rating: reset()
1278.8063 	EXP 	Image: autoDraw = False
1278.8063 	EXP 	ratingQ: text = 'How would you characterize your feelings at the present moment?'
1278.8063 	EXP 	text_2: text = 'Very Negative                                                 Very Positive'
1278.8063 	EXP 	ratingQ: autoDraw = True
1278.8063 	EXP 	text_2: autoDraw = True
1278.8063 	EXP 	rating: autoDraw = True
1283.7771 	EXP 	ratingQ: autoDraw = False
1283.8102 	EXP 	ratingQ: autoDraw = False
1283.8102 	EXP 	text_2: autoDraw = False
1283.8102 	EXP 	rating: autoDraw = False
1283.8102 	EXP 	Iti: text = '+'
1283.8102 	EXP 	Iti: autoDraw = True
1285.7960 	EXP 	New trial (rep=0, index=7): OrderedDict([('Picture', 'sleepy2.jpg')])
1285.8187 	EXP 	Iti: autoDraw = False
1285.8187 	EXP 	Image: size = array([1.5, 1. ])
1285.8187 	EXP 	Image: image = 'sleepy2.jpg'
1285.8187 	EXP 	Image: autoDraw = True
1293.7866 	EXP 	RatingScale rating: reset()
1293.8022 	EXP 	Image: autoDraw = False
1293.8022 	EXP 	ratingQ: text = 'How would you characterize your feelings at the present moment?'
1293.8022 	EXP 	text_2: text = 'Very Negative                                                 Very Positive'
1293.8022 	EXP 	ratingQ: autoDraw = True
1293.8022 	EXP 	text_2: autoDraw = True
1293.8022 	EXP 	rating: autoDraw = True
1298.7732 	EXP 	ratingQ: autoDraw = False
1298.8064 	EXP 	ratingQ: autoDraw = False
1298.8064 	EXP 	text_2: autoDraw = False
1298.8064 	EXP 	rating: autoDraw = False
1298.8064 	EXP 	Iti: text = '+'
1298.8064 	EXP 	Iti: autoDraw = True
1300.7917 	EXP 	New trial (rep=0, index=8): OrderedDict([('Picture', 'dancing3.jpg')])
1300.8147 	EXP 	Iti: autoDraw = False
1300.8147 	EXP 	Image: size = array([1.5, 1. ])
1300.8147 	EXP 	Image: image = 'dancing3.jpg'
1300.8147 	EXP 	Image: autoDraw = True
1308.7987 	EXP 	RatingScale rating: reset()
1308.8145 	EXP 	Image: autoDraw = False
1308.8145 	EXP 	ratingQ: text = 'How would you characterize your feelings at the present moment?'
1308.8145 	EXP 	text_2: text = 'Very Negative                                                 Very Positive'
1308.8145 	EXP 	ratingQ: autoDraw = True
1308.8145 	EXP 	text_2: autoDraw = True
1308.8145 	EXP 	rating: autoDraw = True
1313.7853 	EXP 	ratingQ: autoDraw = False
1313.8019 	EXP 	ratingQ: autoDraw = False
1313.8019 	EXP 	text_2: autoDraw = False
1313.8019 	EXP 	rating: autoDraw = False
1313.8019 	EXP 	Iti: text = '+'
1313.8019 	EXP 	Iti: autoDraw = True
1315.7875 	EXP 	New trial (rep=0, index=9): OrderedDict([('Picture', 'miserable.jpg')])
1315.8104 	EXP 	Iti: autoDraw = False
1315.8104 	EXP 	Image: size = array([1.5, 1. ])
1315.8104 	EXP 	Image: image = 'miserable.jpg'
1315.8104 	EXP 	Image: autoDraw = True
1323.7945 	EXP 	RatingScale rating: reset()
1323.8103 	EXP 	Image: autoDraw = False
1323.8103 	EXP 	ratingQ: text = 'How would you characterize your feelings at the present moment?'
1323.8103 	EXP 	text_2: text = 'Very Negative                                                 Very Positive'
1323.8103 	EXP 	ratingQ: autoDraw = True
1323.8103 	EXP 	text_2: autoDraw = True
1323.8103 	EXP 	rating: autoDraw = True
1328.7814 	EXP 	ratingQ: autoDraw = False
1328.8147 	EXP 	ratingQ: autoDraw = False
1328.8147 	EXP 	text_2: autoDraw = False
1328.8147 	EXP 	rating: autoDraw = False
1328.8147 	EXP 	Iti: text = '+'
1328.8147 	EXP 	Iti: autoDraw = True
1330.8000 	EXP 	New trial (rep=0, index=10): OrderedDict([('Picture', 'dancing.jpg')])
1330.8216 	EXP 	Iti: autoDraw = False
1330.8216 	EXP 	Image: size = array([1.5, 1. ])
1330.8216 	EXP 	Image: image = 'dancing.jpg'
1330.8216 	EXP 	Image: autoDraw = True
1338.7900 	EXP 	RatingScale rating: reset()
1338.8061 	EXP 	Image: autoDraw = False
1338.8061 	EXP 	ratingQ: text = 'How would you characterize your feelings at the present moment?'
1338.8061 	EXP 	text_2: text = 'Very Negative                                                 Very Positive'
1338.8061 	EXP 	ratingQ: autoDraw = True
1338.8061 	EXP 	text_2: autoDraw = True
1338.8061 	EXP 	rating: autoDraw = True
1343.7769 	EXP 	ratingQ: autoDraw = False
1343.8103 	EXP 	ratingQ: autoDraw = False
1343.8103 	EXP 	text_2: autoDraw = False
1343.8103 	EXP 	rating: autoDraw = False
1343.8103 	EXP 	Iti: text = '+'
1343.8103 	EXP 	Iti: autoDraw = True
1345.7956 	EXP 	New trial (rep=0, index=11): OrderedDict([('Picture', 'excited4.jpg')])
1345.8187 	EXP 	Iti: autoDraw = False
1345.8187 	EXP 	Image: size = array([1.5, 1. ])
1345.8187 	EXP 	Image: image = 'excited4.jpg'
1345.8187 	EXP 	Image: autoDraw = True
1353.7860 	EXP 	RatingScale rating: reset()
1353.8021 	EXP 	Image: autoDraw = False
1353.8021 	EXP 	ratingQ: text = 'How would you characterize your feelings at the present moment?'
1353.8021 	EXP 	text_2: text = 'Very Negative                                                 Very Positive'
1353.8021 	EXP 	ratingQ: autoDraw = True
1353.8021 	EXP 	text_2: autoDraw = True
1353.8021 	EXP 	rating: autoDraw = True
1358.7726 	EXP 	ratingQ: autoDraw = False
1358.8060 	EXP 	ratingQ: autoDraw = False
1358.8060 	EXP 	text_2: autoDraw = False
1358.8060 	EXP 	rating: autoDraw = False
1358.8060 	EXP 	Iti: text = '+'
1358.8060 	EXP 	Iti: autoDraw = True
1360.7915 	EXP 	New trial (rep=0, index=12): OrderedDict([('Picture', 'couple2.jpg')])
1360.8136 	EXP 	Iti: autoDraw = False
1360.8136 	EXP 	Image: size = array([1.5, 1. ])
1360.8136 	EXP 	Image: image = 'couple2.jpg'
1360.8136 	EXP 	Image: autoDraw = True
1368.7985 	EXP 	RatingScale rating: reset()
1368.8143 	EXP 	Image: autoDraw = False
1368.8143 	EXP 	ratingQ: text = 'How would you characterize your feelings at the present moment?'
1368.8143 	EXP 	text_2: text = 'Very Negative                                                 Very Positive'
1368.8143 	EXP 	ratingQ: autoDraw = True
1368.8143 	EXP 	text_2: autoDraw = True
1368.8143 	EXP 	rating: autoDraw = True
1373.7852 	EXP 	ratingQ: autoDraw = False
1373.8018 	EXP 	ratingQ: autoDraw = False
1373.8018 	EXP 	text_2: autoDraw = False
1373.8018 	EXP 	rating: autoDraw = False
1373.8018 	EXP 	Iti: text = '+'
1373.8018 	EXP 	Iti: autoDraw = True
1375.7873 	EXP 	New trial (rep=0, index=13): OrderedDict([('Picture', 'school3.jpg')])
1375.8099 	EXP 	Iti: autoDraw = False
1375.8099 	EXP 	Image: size = array([1.5, 1. ])
1375.8099 	EXP 	Image: image = 'school3.jpg'
1375.8099 	EXP 	Image: autoDraw = True
1383.7943 	EXP 	RatingScale rating: reset()
1383.8101 	EXP 	Image: autoDraw = False
1383.8101 	EXP 	ratingQ: text = 'How would you characterize your feelings at the present moment?'
1383.8101 	EXP 	text_2: text = 'Very Negative                                                 Very Positive'
1383.8101 	EXP 	ratingQ: autoDraw = True
1383.8101 	EXP 	text_2: autoDraw = True
1383.8101 	EXP 	rating: autoDraw = True
1388.7808 	EXP 	ratingQ: autoDraw = False
1388.8141 	EXP 	ratingQ: autoDraw = False
1388.8141 	EXP 	text_2: autoDraw = False
1388.8141 	EXP 	rating: autoDraw = False
1388.8141 	EXP 	Iti: text = '+'
1388.8141 	EXP 	Iti: autoDraw = True
1390.7996 	EXP 	New trial (rep=0, index=14): OrderedDict([('Picture', 'war6.jpg')])
1390.8223 	EXP 	Iti: autoDraw = False
1390.8223 	EXP 	Image: size = array([1.5, 1. ])
1390.8223 	EXP 	Image: image = 'war6.jpg'
1390.8223 	EXP 	Image: autoDraw = True
1398.7900 	EXP 	RatingScale rating: reset()
1398.8060 	EXP 	Image: autoDraw = False
1398.8060 	EXP 	ratingQ: text = 'How would you characterize your feelings at the present moment?'
1398.8060 	EXP 	text_2: text = 'Very Negative                                                 Very Positive'
1398.8060 	EXP 	ratingQ: autoDraw = True
1398.8060 	EXP 	text_2: autoDraw = True
1398.8060 	EXP 	rating: autoDraw = True
1403.7767 	EXP 	ratingQ: autoDraw = False
1403.8099 	EXP 	ratingQ: autoDraw = False
1403.8099 	EXP 	text_2: autoDraw = False
1403.8099 	EXP 	rating: autoDraw = False
1403.8099 	EXP 	Iti: text = '+'
1403.8099 	EXP 	Iti: autoDraw = True
1405.7956 	EXP 	New trial (rep=0, index=15): OrderedDict([('Picture', 'gazing3.jpg')])
1405.8173 	EXP 	Iti: autoDraw = False
1405.8173 	EXP 	Image: size = array([1.5, 1. ])
1405.8173 	EXP 	Image: image = 'gazing3.jpg'
1405.8173 	EXP 	Image: autoDraw = True
1413.7860 	EXP 	RatingScale rating: reset()
1413.8017 	EXP 	Image: autoDraw = False
1413.8017 	EXP 	ratingQ: text = 'How would you characterize your feelings at the present moment?'
1413.8017 	EXP 	text_2: text = 'Very Negative                                                 Very Positive'
1413.8017 	EXP 	ratingQ: autoDraw = True
1413.8017 	EXP 	text_2: autoDraw = True
1413.8017 	EXP 	rating: autoDraw = True
1418.7725 	EXP 	ratingQ: autoDraw = False
1418.8061 	EXP 	ratingQ: autoDraw = False
1418.8061 	EXP 	text_2: autoDraw = False
1418.8061 	EXP 	rating: autoDraw = False
1418.8061 	EXP 	Iti: text = '+'
1418.8061 	EXP 	Iti: autoDraw = True
1420.7912 	EXP 	New trial (rep=0, index=16): OrderedDict([('Picture', 'shooting.jpg')])
1420.8213 	EXP 	Iti: autoDraw = False
1420.8213 	EXP 	Image: size = array([1.5, 1. ])
1420.8213 	EXP 	Image: image = 'shooting.jpg'
1420.8213 	EXP 	Image: autoDraw = True
1428.7985 	EXP 	RatingScale rating: reset()
1428.8143 	EXP 	Image: autoDraw = False
1428.8143 	EXP 	ratingQ: text = 'How would you characterize your feelings at the present moment?'
1428.8143 	EXP 	text_2: text = 'Very Negative                                                 Very Positive'
1428.8143 	EXP 	ratingQ: autoDraw = True
1428.8143 	EXP 	text_2: autoDraw = True
1428.8143 	EXP 	rating: autoDraw = True
1433.7848 	EXP 	ratingQ: autoDraw = False
1433.8184 	EXP 	ratingQ: autoDraw = False
1433.8184 	EXP 	text_2: autoDraw = False
1433.8184 	EXP 	rating: autoDraw = False
1433.8184 	EXP 	Iti: text = '+'
1433.8184 	EXP 	Iti: autoDraw = True
1435.7872 	EXP 	New trial (rep=0, index=17): OrderedDict([('Picture', 'sad1.jpg')])
1435.8061 	EXP 	Iti: autoDraw = False
1435.8061 	EXP 	Image: size = array([1.5, 1. ])
1435.8061 	EXP 	Image: image = 'sad1.jpg'
1435.8061 	EXP 	Image: autoDraw = True
1443.7939 	EXP 	RatingScale rating: reset()
1443.8101 	EXP 	Image: autoDraw = False
1443.8101 	EXP 	ratingQ: text = 'How would you characterize your feelings at the present moment?'
1443.8101 	EXP 	text_2: text = 'Very Negative                                                 Very Positive'
1443.8101 	EXP 	ratingQ: autoDraw = True
1443.8101 	EXP 	text_2: autoDraw = True
1443.8101 	EXP 	rating: autoDraw = True
1448.7809 	EXP 	ratingQ: autoDraw = False
1448.8141 	EXP 	ratingQ: autoDraw = False
1448.8141 	EXP 	text_2: autoDraw = False
1448.8141 	EXP 	rating: autoDraw = False
1448.8141 	EXP 	Iti: text = '+'
1448.8141 	EXP 	Iti: autoDraw = True
1450.8156 	EXP 	Iti: autoDraw = False
1450.8156 	EXP 	text_3: autoDraw = True
1461.9444 	DATA 	Keypress: escape
1462.1141 	EXP 	window1: mouseVisible = True
