7.0224 	WARNING 	User requested fullscreen with size [1024  768], but screen is actually [1920, 1200]. Using actual size
7.9827 	EXP 	Created window1 = Window(allowGUI=False, allowStencil=False, args=UNKNOWN, autoLog=True, bitsMode=UNKNOWN, blendMode='avg', color=array([0., 0., 0.]), colorSpace='rgb', fullscr=<method-wrapper '__getattribute__' of attributeSetter object at 0x000002130129F7F0>, gamma=None, gammaErrorPolicy='raise', kwargs=UNKNOWN, lms=UNKNOWN, monitor=<psychopy.monitors.calibTools.Monitor object at 0x00000213011BBFD0>, multiSample=False, name='window1', numSamples=2, pos=[0.0, 0.0], screen=0, size=array([1920, 1200]), stereo=False, units='height', useFBO=True, useRetina=False, viewOri=0.0, viewPos=None, viewScale=None, waitBlanking=True, winType='pyglet')
7.9827 	EXP 	window1: recordFrameIntervals = False
8.1488 	EXP 	window1: recordFrameIntervals = True
8.3322 	EXP 	window1: recordFrameIntervals = False
9.5773 	EXP 	Created Instructions = TextStim(__class__=<class 'psychopy.visual.text.TextStim'>, alignHoriz='center', alignVert='center', antialias=True, autoLog=True, bold=False, color='white', colorSpace='named', contrast=1.0, depth=0.0, flipHoriz=False, flipVert=False, font='Arial', fontFiles=[], height=1.0, italic=False, languageStyle='LTR', name='Instructions', opacity=1.0, ori=0, pos=array([0., 0.]), rgb=array([255., 255., 255.]), text='default text', units='height', win=Window(...), wrapWidth=1.4)
9.6569 	EXP 	Created instruct2 = TextStim(__class__=<class 'psychopy.visual.text.TextStim'>, alignHoriz='center', alignVert='center', antialias=True, autoLog=True, bold=False, color='white', colorSpace='named', contrast=1.0, depth=0.0, flipHoriz=False, flipVert=False, font='Arial', fontFiles=[], height=0.055, italic=False, languageStyle='LTR', name='instruct2', opacity=1.0, ori=0, pos=array([0., 0.]), rgb=array([255., 255., 255.]), text=str(...), units='height', win=Window(...), wrapWidth=1.4)
9.6761 	EXP 	Created isi2 = TextStim(__class__=<class 'psychopy.visual.text.TextStim'>, alignHoriz='center', alignVert='center', antialias=True, autoLog=True, bold=False, color='white', colorSpace='named', contrast=1.0, depth=0.0, flipHoriz=False, flipVert=False, font='Arial', fontFiles=[], height=0.1, italic=False, languageStyle='LTR', name='isi2', opacity=1.0, ori=0, pos=array([0., 0.]), rgb=array([255., 255., 255.]), text='default text', units='height', win=Window(...), wrapWidth=1)
9.7063 	EXP 	Created text = TextStim(__class__=<class 'psychopy.visual.text.TextStim'>, alignHoriz='center', alignVert='center', antialias=True, autoLog=True, bold=False, color='white', colorSpace='named', contrast=1.0, depth=0.0, flipHoriz=False, flipVert=False, font='Arial', fontFiles=[], height=0.13, italic=False, languageStyle='LTR', name='text', opacity=1.0, ori=0, pos=array([0., 0.]), rgb=array([255., 255., 255.]), text='REGULATE', units='height', win=Window(...), wrapWidth=1)
9.7106 	EXP 	Created isi2 = TextStim(__class__=<class 'psychopy.visual.text.TextStim'>, alignHoriz='center', alignVert='center', antialias=True, autoLog=True, bold=False, color='white', colorSpace='named', contrast=1.0, depth=0.0, flipHoriz=False, flipVert=False, font='Arial', fontFiles=[], height=0.1, italic=False, languageStyle='LTR', name='isi2', opacity=1.0, ori=0, pos=array([0., 0.]), rgb=array([255., 255., 255.]), text='default text', units='height', win=Window(...), wrapWidth=1)
9.7134 	EXP 	Created Line = Line(__class__=<class 'psychopy.visual.line.Line'>, autoDraw=False, autoLog=True, closeShape=False, contrast=1.0, depth=0.0, fillColor=None, fillColorSpace='rgb', interpolate=True, lineColor=array([1., 1., 1.]), lineColorSpace='rgb', lineWidth=1.0, name='Line', opacity=1.0, ori=array(90.), pos=array([0., 0.]), size=array([1., 1.]), units='height', vertices=array([[-0.5,  0. ],
       [ 0.5,  0. ]]), win=Window(...), windingRule=None)
9.7169 	EXP 	Created ImmedMoneyAmt = TextStim(__class__=<class 'psychopy.visual.text.TextStim'>, alignHoriz='center', alignVert='center', antialias=True, autoLog=True, bold=False, color='white', colorSpace='named', contrast=1.0, depth=-2.0, flipHoriz=False, flipVert=False, font='Arial', fontFiles=[], height=1.0, italic=False, languageStyle='LTR', name='ImmedMoneyAmt', opacity=1.0, ori=0, pos=array([0., 0.]), rgb=array([255., 255., 255.]), text='default text', units='height', win=Window(...), wrapWidth=1)
9.7201 	EXP 	Created DelayMoneyAmt = TextStim(__class__=<class 'psychopy.visual.text.TextStim'>, alignHoriz='center', alignVert='center', antialias=True, autoLog=True, bold=False, color='white', colorSpace='named', contrast=1.0, depth=-3.0, flipHoriz=False, flipVert=False, font='Arial', fontFiles=[], height=1.0, italic=False, languageStyle='LTR', name='DelayMoneyAmt', opacity=1.0, ori=0, pos=array([0., 0.]), rgb=array([255., 255., 255.]), text='default text', units='height', win=Window(...), wrapWidth=1)
9.7234 	EXP 	Created Immedtoday = TextStim(__class__=<class 'psychopy.visual.text.TextStim'>, alignHoriz='center', alignVert='center', antialias=True, autoLog=True, bold=False, color='white', colorSpace='named', contrast=1.0, depth=-4.0, flipHoriz=False, flipVert=False, font='Arial', fontFiles=[], height=1.0, italic=False, languageStyle='LTR', name='Immedtoday', opacity=1.0, ori=0, pos=array([0., 0.]), rgb=array([255., 255., 255.]), text='default text', units='height', win=Window(...), wrapWidth=1)
9.7267 	EXP 	Created DelayTime = TextStim(__class__=<class 'psychopy.visual.text.TextStim'>, alignHoriz='center', alignVert='center', antialias=True, autoLog=True, bold=False, color='white', colorSpace='named', contrast=1.0, depth=-5.0, flipHoriz=False, flipVert=False, font='Arial', fontFiles=[], height=1.0, italic=False, languageStyle='LTR', name='DelayTime', opacity=1.0, ori=0, pos=array([0., 0.]), rgb=array([255., 255., 255.]), text='default text', units='height', win=Window(...), wrapWidth=1)
9.7271 	EXP 	Created blank = TextStim(__class__=<class 'psychopy.visual.text.TextStim'>, alignHoriz='center', alignVert='center', antialias=True, autoLog=True, bold=False, color='white', colorSpace='named', contrast=1.0, depth=-7.0, flipHoriz=False, flipVert=False, font='Arial', fontFiles=[], height=0.1, italic=False, languageStyle='LTR', name='blank', opacity=1.0, ori=0, pos=array([0., 0.]), rgb=array([255., 255., 255.]), text='', units='height', win=Window(...), wrapWidth=1)
9.7489 	EXP 	Created text_2 = TextStim(__class__=<class 'psychopy.visual.text.TextStim'>, alignHoriz='center', alignVert='center', antialias=True, autoLog=True, bold=False, color='white', colorSpace='named', contrast=1.0, depth=0.0, flipHoriz=False, flipVert=False, font='Arial', fontFiles=[], height=0.1, italic=False, languageStyle='LTR', name='text_2', opacity=1.0, ori=0, pos=array([0., 0.]), rgb=array([255., 255., 255.]), text='You will now begin the full task.', units='height', win=Window(...), wrapWidth=1)
9.7534 	EXP 	Created isi2 = TextStim(__class__=<class 'psychopy.visual.text.TextStim'>, alignHoriz='center', alignVert='center', antialias=True, autoLog=True, bold=False, color='white', colorSpace='named', contrast=1.0, depth=0.0, flipHoriz=False, flipVert=False, font='Arial', fontFiles=[], height=0.1, italic=False, languageStyle='LTR', name='isi2', opacity=1.0, ori=0, pos=array([0., 0.]), rgb=array([255., 255., 255.]), text='default text', units='height', win=Window(...), wrapWidth=1)
9.7544 	EXP 	Created cue = TextStim(__class__=<class 'psychopy.visual.text.TextStim'>, alignHoriz='center', alignVert='center', antialias=True, autoLog=True, bold=False, color='white', colorSpace='named', contrast=1.0, depth=0.0, flipHoriz=False, flipVert=False, font='Arial', fontFiles=[], height=0.15, italic=False, languageStyle='LTR', name='cue', opacity=1.0, ori=0, pos=array([0., 0.]), rgb=array([255., 255., 255.]), text='', units='height', win=Window(...), wrapWidth=1)
9.7608 	EXP 	Created isi2 = TextStim(__class__=<class 'psychopy.visual.text.TextStim'>, alignHoriz='center', alignVert='center', antialias=True, autoLog=True, bold=False, color='white', colorSpace='named', contrast=1.0, depth=0.0, flipHoriz=False, flipVert=False, font='Arial', fontFiles=[], height=0.1, italic=False, languageStyle='LTR', name='isi2', opacity=1.0, ori=0, pos=array([0., 0.]), rgb=array([255., 255., 255.]), text='default text', units='height', win=Window(...), wrapWidth=1)
9.7615 	EXP 	Created Line = Line(__class__=<class 'psychopy.visual.line.Line'>, autoDraw=False, autoLog=True, closeShape=False, contrast=1.0, depth=0.0, fillColor=None, fillColorSpace='rgb', interpolate=True, lineColor=array([1., 1., 1.]), lineColorSpace='rgb', lineWidth=1.0, name='Line', opacity=1.0, ori=array(90.), pos=array([0., 0.]), size=array([1., 1.]), units='height', vertices=array([[-0.5,  0. ],
       [ 0.5,  0. ]]), win=Window(...), windingRule=None)
9.7651 	EXP 	Created ImmedMoneyAmt = TextStim(__class__=<class 'psychopy.visual.text.TextStim'>, alignHoriz='center', alignVert='center', antialias=True, autoLog=True, bold=False, color='white', colorSpace='named', contrast=1.0, depth=-2.0, flipHoriz=False, flipVert=False, font='Arial', fontFiles=[], height=1.0, italic=False, languageStyle='LTR', name='ImmedMoneyAmt', opacity=1.0, ori=0, pos=array([0., 0.]), rgb=array([255., 255., 255.]), text='default text', units='height', win=Window(...), wrapWidth=1)
9.7685 	EXP 	Created DelayMoneyAmt = TextStim(__class__=<class 'psychopy.visual.text.TextStim'>, alignHoriz='center', alignVert='center', antialias=True, autoLog=True, bold=False, color='white', colorSpace='named', contrast=1.0, depth=-3.0, flipHoriz=False, flipVert=False, font='Arial', fontFiles=[], height=1.0, italic=False, languageStyle='LTR', name='DelayMoneyAmt', opacity=1.0, ori=0, pos=array([0., 0.]), rgb=array([255., 255., 255.]), text='default text', units='height', win=Window(...), wrapWidth=1)
9.7718 	EXP 	Created Immedtoday = TextStim(__class__=<class 'psychopy.visual.text.TextStim'>, alignHoriz='center', alignVert='center', antialias=True, autoLog=True, bold=False, color='white', colorSpace='named', contrast=1.0, depth=-4.0, flipHoriz=False, flipVert=False, font='Arial', fontFiles=[], height=1.0, italic=False, languageStyle='LTR', name='Immedtoday', opacity=1.0, ori=0, pos=array([0., 0.]), rgb=array([255., 255., 255.]), text='default text', units='height', win=Window(...), wrapWidth=1)
9.7751 	EXP 	Created DelayTime = TextStim(__class__=<class 'psychopy.visual.text.TextStim'>, alignHoriz='center', alignVert='center', antialias=True, autoLog=True, bold=False, color='white', colorSpace='named', contrast=1.0, depth=-5.0, flipHoriz=False, flipVert=False, font='Arial', fontFiles=[], height=1.0, italic=False, languageStyle='LTR', name='DelayTime', opacity=1.0, ori=0, pos=array([0., 0.]), rgb=array([255., 255., 255.]), text='default text', units='height', win=Window(...), wrapWidth=1)
9.7755 	EXP 	Created blank = TextStim(__class__=<class 'psychopy.visual.text.TextStim'>, alignHoriz='center', alignVert='center', antialias=True, autoLog=True, bold=False, color='white', colorSpace='named', contrast=1.0, depth=-7.0, flipHoriz=False, flipVert=False, font='Arial', fontFiles=[], height=0.1, italic=False, languageStyle='LTR', name='blank', opacity=1.0, ori=0, pos=array([0., 0.]), rgb=array([255., 255., 255.]), text='', units='height', win=Window(...), wrapWidth=1)
9.8139 	EXP 	Created ThankYou = TextStim(__class__=<class 'psychopy.visual.text.TextStim'>, alignHoriz='center', alignVert='center', antialias=True, autoLog=True, bold=False, color='white', colorSpace='named', contrast=1.0, depth=0.0, flipHoriz=False, flipVert=False, font='Arial', fontFiles=[], height=0.1, italic=False, languageStyle='LTR', name='ThankYou', opacity=1.0, ori=0, pos=array([0., 0.]), rgb=array([255., 255., 255.]), text=str(...), units='height', win=Window(...), wrapWidth=1)
11.9392 	EXP 	Instructions: color = 'white (named)'
11.9392 	EXP 	Instructions: pos = array([0., 0.])
11.9392 	EXP 	Instructions: text = 'In this task you will be choosing between two different monetary rewards. \n\nYou will be given a regulation strategy prior to a block of trials. Please employ the strategy given while making decisions.\n\nPress SPACE to continue.\n'
11.9392 	EXP 	Instructions: font = 'Arial'
11.9392 	EXP 	Instructions: height = 0.055
11.9392 	EXP 	Instructions: autoDraw = True
11.9392 	EXP 	Instructions: text = 'In this task you will be choosing between two different monetary rewards. \n\nYou will be given a regulation strategy prior to a block of trials. Please employ the strategy given while making decisions.\n\nPress SPACE to continue.\n'
15.1430 	DATA 	Keypress: space
15.1540 	EXP 	Instructions: autoDraw = False
15.1540 	EXP 	instruct2: autoDraw = True
18.5497 	DATA 	Keypress: return
18.5569 	EXP 	instruct2: autoDraw = False
18.5569 	EXP 	isi2: text = '+'
18.5569 	EXP 	isi2: autoDraw = True
20.5588 	EXP 	isi2: autoDraw = False
20.5588 	EXP 	isi2: autoDraw = False
20.5588 	EXP 	text: autoDraw = True
24.5672 	EXP 	Imported DelayDiscountingAmt.csv as conditions, 3 conditions, 3 params
24.5685 	EXP 	Created sequence: sequential, trialTypes=3, nReps=1, seed=None
24.5687 	EXP 	New trial (rep=0, index=0): OrderedDict([('ImMoney', '$48 '), ('DelayMoney', '$49 '), ('DelayDays', 'in 15 days')])
24.5740 	EXP 	text: autoDraw = False
24.5740 	EXP 	isi2: text = '+'
24.5740 	EXP 	isi2: autoDraw = True
27.1454 	EXP 	isi2: autoDraw = False
27.1454 	EXP 	Line: size = array([3. , 0.5])
27.1454 	EXP 	Line: fillColor = '[-1. -1. -1.] (rgb)'
27.1454 	EXP 	Line: lineColor = '[-1. -1. -1.] (rgb)'
27.1454 	EXP 	Line: lineWidth = 7.0
27.1454 	EXP 	ImmedMoneyAmt: color = 'white (named)'
27.1454 	EXP 	ImmedMoneyAmt: pos = array([-0.41,  0.15])
27.1454 	EXP 	ImmedMoneyAmt: text = '$48 '
27.1454 	EXP 	ImmedMoneyAmt: font = 'Arial'
27.1454 	EXP 	ImmedMoneyAmt: height = 0.12
27.1454 	EXP 	DelayMoneyAmt: color = 'white (named)'
27.1454 	EXP 	DelayMoneyAmt: pos = array([0.41, 0.15])
27.1454 	EXP 	DelayMoneyAmt: text = '$49 '
27.1454 	EXP 	DelayMoneyAmt: font = 'Arial'
27.1454 	EXP 	DelayMoneyAmt: height = 0.12
27.1454 	EXP 	Immedtoday: color = 'white (named)'
27.1454 	EXP 	Immedtoday: pos = array([-0.41, -0.1 ])
27.1454 	EXP 	Immedtoday: text = 'today'
27.1454 	EXP 	Immedtoday: font = 'Arial'
27.1454 	EXP 	Immedtoday: height = 0.12
27.1454 	EXP 	DelayTime: color = 'white (named)'
27.1454 	EXP 	DelayTime: pos = array([ 0.41, -0.1 ])
27.1454 	EXP 	DelayTime: text = 'in 15 days'
27.1454 	EXP 	DelayTime: font = 'Arial'
27.1454 	EXP 	DelayTime: height = 0.12
27.1454 	EXP 	ImmedMoneyAmt: text = '$48 '
27.1454 	EXP 	DelayMoneyAmt: text = '$49 '
27.1454 	EXP 	Immedtoday: text = 'today'
27.1454 	EXP 	DelayTime: text = 'in 15 days'
27.1454 	EXP 	blank: text = ''
27.1454 	EXP 	Line: autoDraw = True
27.1454 	EXP 	ImmedMoneyAmt: autoDraw = True
27.1454 	EXP 	DelayMoneyAmt: autoDraw = True
27.1454 	EXP 	Immedtoday: autoDraw = True
27.1454 	EXP 	DelayTime: autoDraw = True
27.1454 	EXP 	blank: autoDraw = True
27.1454 	EXP 	ImmedMoneyAmt: text = '$48 '
27.1454 	EXP 	DelayMoneyAmt: text = '$49 '
27.1454 	EXP 	Immedtoday: text = 'today'
27.1454 	EXP 	DelayTime: text = 'in 15 days'
28.6487 	EXP 	blank: autoDraw = False
28.8034 	DATA 	Keypress: 2
28.8156 	EXP 	DelayTime: color = 'green (named)'
28.8156 	EXP 	DelayMoneyAmt: color = 'green (named)'
28.8324 	EXP 	DelayTime: color = 'green (named)'
28.8324 	EXP 	DelayMoneyAmt: color = 'green (named)'
28.8489 	EXP 	DelayTime: color = 'green (named)'
28.8489 	EXP 	DelayMoneyAmt: color = 'green (named)'
28.8657 	EXP 	DelayTime: color = 'green (named)'
28.8657 	EXP 	DelayMoneyAmt: color = 'green (named)'
28.8821 	EXP 	DelayTime: color = 'green (named)'
28.8821 	EXP 	DelayMoneyAmt: color = 'green (named)'
28.8987 	EXP 	DelayTime: color = 'green (named)'
28.8987 	EXP 	DelayMoneyAmt: color = 'green (named)'
28.9158 	EXP 	DelayTime: color = 'green (named)'
28.9158 	EXP 	DelayMoneyAmt: color = 'green (named)'
28.9325 	EXP 	DelayTime: color = 'green (named)'
28.9325 	EXP 	DelayMoneyAmt: color = 'green (named)'
28.9489 	EXP 	DelayTime: color = 'green (named)'
28.9489 	EXP 	DelayMoneyAmt: color = 'green (named)'
28.9655 	EXP 	DelayTime: color = 'green (named)'
28.9655 	EXP 	DelayMoneyAmt: color = 'green (named)'
28.9824 	EXP 	DelayTime: color = 'green (named)'
28.9824 	EXP 	DelayMoneyAmt: color = 'green (named)'
28.9991 	EXP 	DelayTime: color = 'green (named)'
28.9991 	EXP 	DelayMoneyAmt: color = 'green (named)'
29.0155 	EXP 	DelayTime: color = 'green (named)'
29.0155 	EXP 	DelayMoneyAmt: color = 'green (named)'
29.0326 	EXP 	DelayTime: color = 'green (named)'
29.0326 	EXP 	DelayMoneyAmt: color = 'green (named)'
29.0487 	EXP 	DelayTime: color = 'green (named)'
29.0487 	EXP 	DelayMoneyAmt: color = 'green (named)'
29.0660 	EXP 	DelayTime: color = 'green (named)'
29.0660 	EXP 	DelayMoneyAmt: color = 'green (named)'
29.0825 	EXP 	DelayTime: color = 'green (named)'
29.0825 	EXP 	DelayMoneyAmt: color = 'green (named)'
29.0993 	EXP 	DelayTime: color = 'green (named)'
29.0993 	EXP 	DelayMoneyAmt: color = 'green (named)'
29.1159 	EXP 	DelayTime: color = 'green (named)'
29.1159 	EXP 	DelayMoneyAmt: color = 'green (named)'
29.1325 	EXP 	DelayTime: color = 'green (named)'
29.1325 	EXP 	DelayMoneyAmt: color = 'green (named)'
29.1492 	EXP 	DelayTime: color = 'green (named)'
29.1492 	EXP 	DelayMoneyAmt: color = 'green (named)'
29.1658 	EXP 	DelayTime: color = 'green (named)'
29.1658 	EXP 	DelayMoneyAmt: color = 'green (named)'
29.1826 	EXP 	DelayTime: color = 'green (named)'
29.1826 	EXP 	DelayMoneyAmt: color = 'green (named)'
29.1989 	EXP 	DelayTime: color = 'green (named)'
29.1989 	EXP 	DelayMoneyAmt: color = 'green (named)'
29.2160 	EXP 	DelayTime: color = 'green (named)'
29.2160 	EXP 	DelayMoneyAmt: color = 'green (named)'
29.2325 	EXP 	DelayTime: color = 'green (named)'
29.2325 	EXP 	DelayMoneyAmt: color = 'green (named)'
29.2494 	EXP 	DelayTime: color = 'green (named)'
29.2494 	EXP 	DelayMoneyAmt: color = 'green (named)'
29.2660 	EXP 	DelayTime: color = 'green (named)'
29.2660 	EXP 	DelayMoneyAmt: color = 'green (named)'
29.2826 	EXP 	DelayTime: color = 'green (named)'
29.2826 	EXP 	DelayMoneyAmt: color = 'green (named)'
29.2992 	EXP 	DelayTime: color = 'green (named)'
29.2992 	EXP 	DelayMoneyAmt: color = 'green (named)'
29.3160 	EXP 	DelayTime: color = 'green (named)'
29.3160 	EXP 	DelayMoneyAmt: color = 'green (named)'
29.3324 	EXP 	DelayTime: color = 'green (named)'
29.3324 	EXP 	DelayMoneyAmt: color = 'green (named)'
29.3494 	EXP 	DelayTime: color = 'green (named)'
29.3494 	EXP 	DelayMoneyAmt: color = 'green (named)'
29.3658 	EXP 	DelayTime: color = 'green (named)'
29.3658 	EXP 	DelayMoneyAmt: color = 'green (named)'
29.3829 	EXP 	DelayTime: color = 'green (named)'
29.3829 	EXP 	DelayMoneyAmt: color = 'green (named)'
29.3994 	EXP 	DelayTime: color = 'green (named)'
29.3994 	EXP 	DelayMoneyAmt: color = 'green (named)'
29.4161 	EXP 	DelayTime: color = 'green (named)'
29.4161 	EXP 	DelayMoneyAmt: color = 'green (named)'
29.4328 	EXP 	DelayTime: color = 'green (named)'
29.4328 	EXP 	DelayMoneyAmt: color = 'green (named)'
29.4496 	EXP 	DelayTime: color = 'green (named)'
29.4496 	EXP 	DelayMoneyAmt: color = 'green (named)'
29.4664 	EXP 	DelayTime: color = 'green (named)'
29.4664 	EXP 	DelayMoneyAmt: color = 'green (named)'
29.4829 	EXP 	DelayTime: color = 'green (named)'
29.4829 	EXP 	DelayMoneyAmt: color = 'green (named)'
29.4996 	EXP 	DelayTime: color = 'green (named)'
29.4996 	EXP 	DelayMoneyAmt: color = 'green (named)'
29.5162 	EXP 	DelayTime: color = 'green (named)'
29.5162 	EXP 	DelayMoneyAmt: color = 'green (named)'
29.5327 	EXP 	DelayTime: color = 'green (named)'
29.5327 	EXP 	DelayMoneyAmt: color = 'green (named)'
29.5497 	EXP 	DelayTime: color = 'green (named)'
29.5497 	EXP 	DelayMoneyAmt: color = 'green (named)'
29.5660 	EXP 	DelayTime: color = 'green (named)'
29.5660 	EXP 	DelayMoneyAmt: color = 'green (named)'
29.5829 	EXP 	DelayTime: color = 'green (named)'
29.5829 	EXP 	DelayMoneyAmt: color = 'green (named)'
29.5996 	EXP 	DelayTime: color = 'green (named)'
29.5996 	EXP 	DelayMoneyAmt: color = 'green (named)'
29.6163 	EXP 	DelayTime: color = 'green (named)'
29.6163 	EXP 	DelayMoneyAmt: color = 'green (named)'
29.6330 	EXP 	DelayTime: color = 'green (named)'
29.6330 	EXP 	DelayMoneyAmt: color = 'green (named)'
29.6497 	EXP 	DelayTime: color = 'green (named)'
29.6497 	EXP 	DelayMoneyAmt: color = 'green (named)'
29.6663 	EXP 	DelayTime: color = 'green (named)'
29.6663 	EXP 	DelayMoneyAmt: color = 'green (named)'
29.6829 	EXP 	DelayTime: color = 'green (named)'
29.6829 	EXP 	DelayMoneyAmt: color = 'green (named)'
29.6996 	EXP 	DelayTime: color = 'green (named)'
29.6996 	EXP 	DelayMoneyAmt: color = 'green (named)'
29.7166 	EXP 	DelayTime: color = 'green (named)'
29.7166 	EXP 	DelayMoneyAmt: color = 'green (named)'
29.7331 	EXP 	DelayTime: color = 'green (named)'
29.7331 	EXP 	DelayMoneyAmt: color = 'green (named)'
29.7498 	EXP 	DelayTime: color = 'green (named)'
29.7498 	EXP 	DelayMoneyAmt: color = 'green (named)'
29.7664 	EXP 	DelayTime: color = 'green (named)'
29.7664 	EXP 	DelayMoneyAmt: color = 'green (named)'
29.7832 	EXP 	DelayTime: color = 'green (named)'
29.7832 	EXP 	DelayMoneyAmt: color = 'green (named)'
29.7997 	EXP 	DelayTime: color = 'green (named)'
29.7997 	EXP 	DelayMoneyAmt: color = 'green (named)'
29.8165 	EXP 	DelayTime: color = 'green (named)'
29.8165 	EXP 	DelayMoneyAmt: color = 'green (named)'
29.8332 	EXP 	DelayTime: color = 'green (named)'
29.8332 	EXP 	DelayMoneyAmt: color = 'green (named)'
29.8499 	EXP 	DelayTime: color = 'green (named)'
29.8499 	EXP 	DelayMoneyAmt: color = 'green (named)'
29.8664 	EXP 	DelayTime: color = 'green (named)'
29.8664 	EXP 	DelayMoneyAmt: color = 'green (named)'
29.8833 	EXP 	DelayTime: color = 'green (named)'
29.8833 	EXP 	DelayMoneyAmt: color = 'green (named)'
29.8999 	EXP 	DelayTime: color = 'green (named)'
29.8999 	EXP 	DelayMoneyAmt: color = 'green (named)'
29.9167 	EXP 	DelayTime: color = 'green (named)'
29.9167 	EXP 	DelayMoneyAmt: color = 'green (named)'
29.9332 	EXP 	DelayTime: color = 'green (named)'
29.9332 	EXP 	DelayMoneyAmt: color = 'green (named)'
29.9497 	EXP 	DelayTime: color = 'green (named)'
29.9497 	EXP 	DelayMoneyAmt: color = 'green (named)'
29.9667 	EXP 	DelayTime: color = 'green (named)'
29.9667 	EXP 	DelayMoneyAmt: color = 'green (named)'
29.9830 	EXP 	DelayTime: color = 'green (named)'
29.9830 	EXP 	DelayMoneyAmt: color = 'green (named)'
29.9998 	EXP 	DelayTime: color = 'green (named)'
29.9998 	EXP 	DelayMoneyAmt: color = 'green (named)'
30.0163 	EXP 	DelayTime: color = 'green (named)'
30.0163 	EXP 	DelayMoneyAmt: color = 'green (named)'
30.0332 	EXP 	DelayTime: color = 'green (named)'
30.0332 	EXP 	DelayMoneyAmt: color = 'green (named)'
30.0497 	EXP 	DelayTime: color = 'green (named)'
30.0497 	EXP 	DelayMoneyAmt: color = 'green (named)'
30.0665 	EXP 	DelayTime: color = 'green (named)'
30.0665 	EXP 	DelayMoneyAmt: color = 'green (named)'
30.0830 	EXP 	DelayTime: color = 'green (named)'
30.0830 	EXP 	DelayMoneyAmt: color = 'green (named)'
30.0997 	EXP 	DelayTime: color = 'green (named)'
30.0997 	EXP 	DelayMoneyAmt: color = 'green (named)'
30.1168 	EXP 	DelayTime: color = 'green (named)'
30.1168 	EXP 	DelayMoneyAmt: color = 'green (named)'
30.1332 	EXP 	DelayTime: color = 'green (named)'
30.1332 	EXP 	DelayMoneyAmt: color = 'green (named)'
30.1501 	EXP 	DelayTime: color = 'green (named)'
30.1501 	EXP 	DelayMoneyAmt: color = 'green (named)'
30.1668 	EXP 	DelayTime: color = 'green (named)'
30.1668 	EXP 	DelayMoneyAmt: color = 'green (named)'
30.1834 	EXP 	DelayTime: color = 'green (named)'
30.1834 	EXP 	DelayMoneyAmt: color = 'green (named)'
30.2001 	EXP 	DelayTime: color = 'green (named)'
30.2001 	EXP 	DelayMoneyAmt: color = 'green (named)'
30.2165 	EXP 	DelayTime: color = 'green (named)'
30.2165 	EXP 	DelayMoneyAmt: color = 'green (named)'
30.2333 	EXP 	DelayTime: color = 'green (named)'
30.2333 	EXP 	DelayMoneyAmt: color = 'green (named)'
30.2502 	EXP 	DelayTime: color = 'green (named)'
30.2502 	EXP 	DelayMoneyAmt: color = 'green (named)'
30.2665 	EXP 	DelayTime: color = 'green (named)'
30.2665 	EXP 	DelayMoneyAmt: color = 'green (named)'
30.2835 	EXP 	DelayTime: color = 'green (named)'
30.2835 	EXP 	DelayMoneyAmt: color = 'green (named)'
30.3006 	EXP 	DelayTime: color = 'green (named)'
30.3006 	EXP 	DelayMoneyAmt: color = 'green (named)'
30.3169 	EXP 	DelayTime: color = 'green (named)'
30.3169 	EXP 	DelayMoneyAmt: color = 'green (named)'
30.3335 	EXP 	DelayTime: color = 'green (named)'
30.3335 	EXP 	DelayMoneyAmt: color = 'green (named)'
30.3502 	EXP 	DelayTime: color = 'green (named)'
30.3502 	EXP 	DelayMoneyAmt: color = 'green (named)'
30.3669 	EXP 	DelayTime: color = 'green (named)'
30.3669 	EXP 	DelayMoneyAmt: color = 'green (named)'
30.3836 	EXP 	DelayTime: color = 'green (named)'
30.3836 	EXP 	DelayMoneyAmt: color = 'green (named)'
30.4002 	EXP 	DelayTime: color = 'green (named)'
30.4002 	EXP 	DelayMoneyAmt: color = 'green (named)'
30.4167 	EXP 	DelayTime: color = 'green (named)'
30.4167 	EXP 	DelayMoneyAmt: color = 'green (named)'
30.4337 	EXP 	DelayTime: color = 'green (named)'
30.4337 	EXP 	DelayMoneyAmt: color = 'green (named)'
30.4503 	EXP 	DelayTime: color = 'green (named)'
30.4503 	EXP 	DelayMoneyAmt: color = 'green (named)'
30.4670 	EXP 	DelayTime: color = 'green (named)'
30.4670 	EXP 	DelayMoneyAmt: color = 'green (named)'
30.4837 	EXP 	DelayTime: color = 'green (named)'
30.4837 	EXP 	DelayMoneyAmt: color = 'green (named)'
30.5004 	EXP 	DelayTime: color = 'green (named)'
30.5004 	EXP 	DelayMoneyAmt: color = 'green (named)'
30.5170 	EXP 	DelayTime: color = 'green (named)'
30.5170 	EXP 	DelayMoneyAmt: color = 'green (named)'
30.5336 	EXP 	DelayTime: color = 'green (named)'
30.5336 	EXP 	DelayMoneyAmt: color = 'green (named)'
30.5504 	EXP 	DelayTime: color = 'green (named)'
30.5504 	EXP 	DelayMoneyAmt: color = 'green (named)'
30.5670 	EXP 	DelayTime: color = 'green (named)'
30.5670 	EXP 	DelayMoneyAmt: color = 'green (named)'
30.5838 	EXP 	DelayTime: color = 'green (named)'
30.5838 	EXP 	DelayMoneyAmt: color = 'green (named)'
30.6005 	EXP 	DelayTime: color = 'green (named)'
30.6005 	EXP 	DelayMoneyAmt: color = 'green (named)'
30.6172 	EXP 	DelayTime: color = 'green (named)'
30.6172 	EXP 	DelayMoneyAmt: color = 'green (named)'
30.6339 	EXP 	DelayTime: color = 'green (named)'
30.6339 	EXP 	DelayMoneyAmt: color = 'green (named)'
30.6505 	EXP 	DelayTime: color = 'green (named)'
30.6505 	EXP 	DelayMoneyAmt: color = 'green (named)'
30.6672 	EXP 	DelayTime: color = 'green (named)'
30.6672 	EXP 	DelayMoneyAmt: color = 'green (named)'
30.6839 	EXP 	DelayTime: color = 'green (named)'
30.6839 	EXP 	DelayMoneyAmt: color = 'green (named)'
30.7004 	EXP 	DelayTime: color = 'green (named)'
30.7004 	EXP 	DelayMoneyAmt: color = 'green (named)'
30.7173 	EXP 	DelayTime: color = 'green (named)'
30.7173 	EXP 	DelayMoneyAmt: color = 'green (named)'
30.7339 	EXP 	DelayTime: color = 'green (named)'
30.7339 	EXP 	DelayMoneyAmt: color = 'green (named)'
30.7504 	EXP 	DelayTime: color = 'green (named)'
30.7504 	EXP 	DelayMoneyAmt: color = 'green (named)'
30.7673 	EXP 	DelayTime: color = 'green (named)'
30.7673 	EXP 	DelayMoneyAmt: color = 'green (named)'
30.7840 	EXP 	DelayTime: color = 'green (named)'
30.7840 	EXP 	DelayMoneyAmt: color = 'green (named)'
30.8005 	EXP 	DelayTime: color = 'green (named)'
30.8005 	EXP 	DelayMoneyAmt: color = 'green (named)'
30.8173 	EXP 	DelayTime: color = 'green (named)'
30.8173 	EXP 	DelayMoneyAmt: color = 'green (named)'
30.8341 	EXP 	DelayTime: color = 'green (named)'
30.8341 	EXP 	DelayMoneyAmt: color = 'green (named)'
30.8506 	EXP 	DelayTime: color = 'green (named)'
30.8506 	EXP 	DelayMoneyAmt: color = 'green (named)'
30.8674 	EXP 	DelayTime: color = 'green (named)'
30.8674 	EXP 	DelayMoneyAmt: color = 'green (named)'
30.8841 	EXP 	DelayTime: color = 'green (named)'
30.8841 	EXP 	DelayMoneyAmt: color = 'green (named)'
30.9007 	EXP 	DelayTime: color = 'green (named)'
30.9007 	EXP 	DelayMoneyAmt: color = 'green (named)'
30.9174 	EXP 	DelayTime: color = 'green (named)'
30.9174 	EXP 	DelayMoneyAmt: color = 'green (named)'
30.9341 	EXP 	DelayTime: color = 'green (named)'
30.9341 	EXP 	DelayMoneyAmt: color = 'green (named)'
30.9508 	EXP 	DelayTime: color = 'green (named)'
30.9508 	EXP 	DelayMoneyAmt: color = 'green (named)'
30.9674 	EXP 	DelayTime: color = 'green (named)'
30.9674 	EXP 	DelayMoneyAmt: color = 'green (named)'
30.9843 	EXP 	DelayTime: color = 'green (named)'
30.9843 	EXP 	DelayMoneyAmt: color = 'green (named)'
31.0008 	EXP 	DelayTime: color = 'green (named)'
31.0008 	EXP 	DelayMoneyAmt: color = 'green (named)'
31.0173 	EXP 	DelayTime: color = 'green (named)'
31.0173 	EXP 	DelayMoneyAmt: color = 'green (named)'
31.0343 	EXP 	DelayTime: color = 'green (named)'
31.0343 	EXP 	DelayMoneyAmt: color = 'green (named)'
31.0508 	EXP 	DelayTime: color = 'green (named)'
31.0508 	EXP 	DelayMoneyAmt: color = 'green (named)'
31.0676 	EXP 	DelayTime: color = 'green (named)'
31.0676 	EXP 	DelayMoneyAmt: color = 'green (named)'
31.0843 	EXP 	DelayTime: color = 'green (named)'
31.0843 	EXP 	DelayMoneyAmt: color = 'green (named)'
31.1007 	EXP 	DelayTime: color = 'green (named)'
31.1007 	EXP 	DelayMoneyAmt: color = 'green (named)'
31.1175 	EXP 	DelayTime: color = 'green (named)'
31.1175 	EXP 	DelayMoneyAmt: color = 'green (named)'
31.1341 	EXP 	DelayTime: color = 'green (named)'
31.1341 	EXP 	DelayMoneyAmt: color = 'green (named)'
31.1369 	EXP 	New trial (rep=0, index=1): OrderedDict([('ImMoney', '$55 '), ('DelayMoney', '$62 '), ('DelayDays', 'in 97 days')])
31.1507 	EXP 	Line: autoDraw = False
31.1507 	EXP 	ImmedMoneyAmt: autoDraw = False
31.1507 	EXP 	DelayMoneyAmt: autoDraw = False
31.1507 	EXP 	Immedtoday: autoDraw = False
31.1507 	EXP 	DelayTime: autoDraw = False
31.1507 	EXP 	DelayTime: color = 'green (named)'
31.1507 	EXP 	DelayMoneyAmt: color = 'green (named)'
31.1507 	EXP 	Line: autoDraw = False
31.1507 	EXP 	ImmedMoneyAmt: autoDraw = False
31.1507 	EXP 	DelayMoneyAmt: autoDraw = False
31.1507 	EXP 	Immedtoday: autoDraw = False
31.1507 	EXP 	DelayTime: autoDraw = False
31.1507 	EXP 	blank: autoDraw = False
31.1507 	EXP 	ImmedMoneyAmt: color = 'white (named)'
31.1507 	EXP 	Immedtoday: color = 'white (named)'
31.1507 	EXP 	DelayTime: color = 'white (named)'
31.1507 	EXP 	DelayMoneyAmt: color = 'white (named)'
31.1507 	EXP 	ImmedMoneyAmt: autoDraw = False
31.1507 	EXP 	Immedtoday: autoDraw = False
31.1507 	EXP 	DelayTime: autoDraw = False
31.1507 	EXP 	DelayMoneyAmt: autoDraw = False
31.1507 	EXP 	Line: autoDraw = False
31.1507 	EXP 	isi2: text = '+'
31.1507 	EXP 	isi2: autoDraw = True
33.1809 	EXP 	isi2: autoDraw = False
33.1809 	EXP 	isi2: autoDraw = False
33.1809 	EXP 	Line: size = array([3. , 0.5])
33.1809 	EXP 	Line: fillColor = '[-1. -1. -1.] (rgb)'
33.1809 	EXP 	Line: lineColor = '[-1. -1. -1.] (rgb)'
33.1809 	EXP 	Line: lineWidth = 7.0
33.1809 	EXP 	ImmedMoneyAmt: color = 'white (named)'
33.1809 	EXP 	ImmedMoneyAmt: pos = array([-0.41,  0.15])
33.1809 	EXP 	ImmedMoneyAmt: text = '$55 '
33.1809 	EXP 	ImmedMoneyAmt: font = 'Arial'
33.1809 	EXP 	ImmedMoneyAmt: height = 0.12
33.1809 	EXP 	DelayMoneyAmt: color = 'white (named)'
33.1809 	EXP 	DelayMoneyAmt: pos = array([0.41, 0.15])
33.1809 	EXP 	DelayMoneyAmt: text = '$62 '
33.1809 	EXP 	DelayMoneyAmt: font = 'Arial'
33.1809 	EXP 	DelayMoneyAmt: height = 0.12
33.1809 	EXP 	Immedtoday: color = 'white (named)'
33.1809 	EXP 	Immedtoday: pos = array([-0.41, -0.1 ])
33.1809 	EXP 	Immedtoday: text = 'today'
33.1809 	EXP 	Immedtoday: font = 'Arial'
33.1809 	EXP 	Immedtoday: height = 0.12
33.1809 	EXP 	DelayTime: color = 'white (named)'
33.1809 	EXP 	DelayTime: pos = array([ 0.41, -0.1 ])
33.1809 	EXP 	DelayTime: text = 'in 97 days'
33.1809 	EXP 	DelayTime: font = 'Arial'
33.1809 	EXP 	DelayTime: height = 0.12
33.1809 	EXP 	ImmedMoneyAmt: text = '$55 '
33.1809 	EXP 	DelayMoneyAmt: text = '$62 '
33.1809 	EXP 	Immedtoday: text = 'today'
33.1809 	EXP 	DelayTime: text = 'in 97 days'
33.1809 	EXP 	blank: text = ''
33.1809 	EXP 	Line: autoDraw = True
33.1809 	EXP 	ImmedMoneyAmt: autoDraw = True
33.1809 	EXP 	DelayMoneyAmt: autoDraw = True
33.1809 	EXP 	Immedtoday: autoDraw = True
33.1809 	EXP 	DelayTime: autoDraw = True
33.1809 	EXP 	blank: autoDraw = True
33.1809 	EXP 	ImmedMoneyAmt: text = '$55 '
33.1809 	EXP 	DelayMoneyAmt: text = '$62 '
33.1809 	EXP 	Immedtoday: text = 'today'
33.1809 	EXP 	DelayTime: text = 'in 97 days'
34.6872 	EXP 	blank: autoDraw = False
37.1759 	EXP 	New trial (rep=0, index=2): OrderedDict([('ImMoney', '$20 '), ('DelayMoney', '$37 '), ('DelayDays', 'in 32 days')])
37.1889 	EXP 	Line: autoDraw = False
37.1889 	EXP 	ImmedMoneyAmt: autoDraw = False
37.1889 	EXP 	DelayMoneyAmt: autoDraw = False
37.1889 	EXP 	Immedtoday: autoDraw = False
37.1889 	EXP 	DelayTime: autoDraw = False
37.1889 	EXP 	Line: autoDraw = False
37.1889 	EXP 	ImmedMoneyAmt: autoDraw = False
37.1889 	EXP 	DelayMoneyAmt: autoDraw = False
37.1889 	EXP 	Immedtoday: autoDraw = False
37.1889 	EXP 	DelayTime: autoDraw = False
37.1889 	EXP 	blank: autoDraw = False
37.1889 	EXP 	ImmedMoneyAmt: color = 'white (named)'
37.1889 	EXP 	Immedtoday: color = 'white (named)'
37.1889 	EXP 	DelayTime: color = 'white (named)'
37.1889 	EXP 	DelayMoneyAmt: color = 'white (named)'
37.1889 	EXP 	ImmedMoneyAmt: autoDraw = False
37.1889 	EXP 	Immedtoday: autoDraw = False
37.1889 	EXP 	DelayTime: autoDraw = False
37.1889 	EXP 	DelayMoneyAmt: autoDraw = False
37.1889 	EXP 	Line: autoDraw = False
37.1889 	EXP 	isi2: text = '+'
37.1889 	EXP 	isi2: autoDraw = True
39.2188 	EXP 	isi2: autoDraw = False
39.2188 	EXP 	isi2: autoDraw = False
39.2188 	EXP 	Line: size = array([3. , 0.5])
39.2188 	EXP 	Line: fillColor = '[-1. -1. -1.] (rgb)'
39.2188 	EXP 	Line: lineColor = '[-1. -1. -1.] (rgb)'
39.2188 	EXP 	Line: lineWidth = 7.0
39.2188 	EXP 	ImmedMoneyAmt: color = 'white (named)'
39.2188 	EXP 	ImmedMoneyAmt: pos = array([-0.41,  0.15])
39.2188 	EXP 	ImmedMoneyAmt: text = '$20 '
39.2188 	EXP 	ImmedMoneyAmt: font = 'Arial'
39.2188 	EXP 	ImmedMoneyAmt: height = 0.12
39.2188 	EXP 	DelayMoneyAmt: color = 'white (named)'
39.2188 	EXP 	DelayMoneyAmt: pos = array([0.41, 0.15])
39.2188 	EXP 	DelayMoneyAmt: text = '$37 '
39.2188 	EXP 	DelayMoneyAmt: font = 'Arial'
39.2188 	EXP 	DelayMoneyAmt: height = 0.12
39.2188 	EXP 	Immedtoday: color = 'white (named)'
39.2188 	EXP 	Immedtoday: pos = array([-0.41, -0.1 ])
39.2188 	EXP 	Immedtoday: text = 'today'
39.2188 	EXP 	Immedtoday: font = 'Arial'
39.2188 	EXP 	Immedtoday: height = 0.12
39.2188 	EXP 	DelayTime: color = 'white (named)'
39.2188 	EXP 	DelayTime: pos = array([ 0.41, -0.1 ])
39.2188 	EXP 	DelayTime: text = 'in 32 days'
39.2188 	EXP 	DelayTime: font = 'Arial'
39.2188 	EXP 	DelayTime: height = 0.12
39.2188 	EXP 	ImmedMoneyAmt: text = '$20 '
39.2188 	EXP 	DelayMoneyAmt: text = '$37 '
39.2188 	EXP 	Immedtoday: text = 'today'
39.2188 	EXP 	DelayTime: text = 'in 32 days'
39.2188 	EXP 	blank: text = ''
39.2188 	EXP 	Line: autoDraw = True
39.2188 	EXP 	ImmedMoneyAmt: autoDraw = True
39.2188 	EXP 	DelayMoneyAmt: autoDraw = True
39.2188 	EXP 	Immedtoday: autoDraw = True
39.2188 	EXP 	DelayTime: autoDraw = True
39.2188 	EXP 	blank: autoDraw = True
39.2188 	EXP 	ImmedMoneyAmt: text = '$20 '
39.2188 	EXP 	DelayMoneyAmt: text = '$37 '
39.2188 	EXP 	Immedtoday: text = 'today'
39.2188 	EXP 	DelayTime: text = 'in 32 days'
40.7281 	EXP 	blank: autoDraw = False
43.2276 	EXP 	Line: autoDraw = False
43.2276 	EXP 	ImmedMoneyAmt: autoDraw = False
43.2276 	EXP 	DelayMoneyAmt: autoDraw = False
43.2276 	EXP 	Immedtoday: autoDraw = False
43.2276 	EXP 	DelayTime: autoDraw = False
43.2276 	EXP 	Line: autoDraw = False
43.2276 	EXP 	ImmedMoneyAmt: autoDraw = False
43.2276 	EXP 	DelayMoneyAmt: autoDraw = False
43.2276 	EXP 	Immedtoday: autoDraw = False
43.2276 	EXP 	DelayTime: autoDraw = False
43.2276 	EXP 	blank: autoDraw = False
43.2276 	EXP 	ImmedMoneyAmt: color = 'white (named)'
43.2276 	EXP 	Immedtoday: color = 'white (named)'
43.2276 	EXP 	DelayTime: color = 'white (named)'
43.2276 	EXP 	DelayMoneyAmt: color = 'white (named)'
43.2276 	EXP 	ImmedMoneyAmt: autoDraw = False
43.2276 	EXP 	Immedtoday: autoDraw = False
43.2276 	EXP 	DelayTime: autoDraw = False
43.2276 	EXP 	DelayMoneyAmt: autoDraw = False
43.2276 	EXP 	Line: autoDraw = False
43.2276 	EXP 	text_2: autoDraw = True
46.2182 	EXP 	Imported DelayDiscountingCues.csv as conditions, 7 conditions, 3 params
46.2184 	EXP 	Created sequence: sequential, trialTypes=7, nReps=1, seed=None
46.2186 	EXP 	New trial (rep=0, index=0): OrderedDict([('CueType1', 'REGULATE'), ('rows', '000:003'), ('CueType2', 'REACT')])
46.2298 	EXP 	text_2: autoDraw = False
46.2298 	EXP 	text_2: autoDraw = False
46.2298 	EXP 	isi2: text = '+'
46.2298 	EXP 	isi2: autoDraw = True
46.6323 	DATA 	Keypress: escape
46.7482 	EXP 	window1: mouseVisible = True
