5.0442 	WARNING 	User requested fullscreen with size [1024  768], but screen is actually [1920, 1200]. Using actual size
6.2199 	EXP 	Created window1 = Window(allowGUI=False, allowStencil=False, args=UNKNOWN, autoLog=True, bitsMode=UNKNOWN, blendMode='avg', color=array([0., 0., 0.]), colorSpace='rgb', fullscr=<method-wrapper '__getattribute__' of attributeSetter object at 0x000002A60526C668>, gamma=None, gammaErrorPolicy='raise', kwargs=UNKNOWN, lms=UNKNOWN, monitor=<psychopy.monitors.calibTools.Monitor object at 0x000002A60517EE48>, multiSample=False, name='window1', numSamples=2, pos=[0.0, 0.0], screen=0, size=array([1920, 1200]), stereo=False, units='height', useFBO=True, useRetina=False, viewOri=0.0, viewPos=None, viewScale=None, waitBlanking=True, winType='pyglet')
6.2199 	EXP 	window1: recordFrameIntervals = False
6.3859 	EXP 	window1: recordFrameIntervals = True
6.5691 	EXP 	window1: recordFrameIntervals = False
8.9803 	EXP 	Created Instructions = TextStim(__class__=<class 'psychopy.visual.text.TextStim'>, alignHoriz='center', alignVert='center', antialias=True, autoLog=True, bold=False, color='white', colorSpace='named', contrast=1.0, depth=0.0, flipHoriz=False, flipVert=False, font='Arial', fontFiles=[], height=1.0, italic=False, languageStyle='LTR', name='Instructions', opacity=1.0, ori=0, pos=array([0., 0.]), rgb=array([255., 255., 255.]), text='default text', units='height', win=Window(...), wrapWidth=1.6)
9.1117 	EXP 	Created instruct2 = TextStim(__class__=<class 'psychopy.visual.text.TextStim'>, alignHoriz='center', alignVert='center', antialias=True, autoLog=True, bold=False, color='white', colorSpace='named', contrast=1.0, depth=0.0, flipHoriz=False, flipVert=False, font='Arial', fontFiles=[], height=0.065, italic=False, languageStyle='LTR', name='instruct2', opacity=1.0, ori=0, pos=array([0., 0.]), rgb=array([255., 255., 255.]), text=str(...), units='height', win=Window(...), wrapWidth=1.6)
9.1320 	EXP 	Created isi2 = TextStim(__class__=<class 'psychopy.visual.text.TextStim'>, alignHoriz='center', alignVert='center', antialias=True, autoLog=True, bold=False, color='white', colorSpace='named', contrast=1.0, depth=0.0, flipHoriz=False, flipVert=False, font='Arial', fontFiles=[], height=0.1, italic=False, languageStyle='LTR', name='isi2', opacity=1.0, ori=0, pos=array([0., 0.]), rgb=array([255., 255., 255.]), text='default text', units='height', win=Window(...), wrapWidth=1)
9.1555 	EXP 	Created text = TextStim(__class__=<class 'psychopy.visual.text.TextStim'>, alignHoriz='center', alignVert='center', antialias=True, autoLog=True, bold=False, color='white', colorSpace='named', contrast=1.0, depth=0.0, flipHoriz=False, flipVert=False, font='Arial', fontFiles=[], height=0.13, italic=False, languageStyle='LTR', name='text', opacity=1.0, ori=0, pos=array([0., 0.]), rgb=array([255., 255., 255.]), text='REGULATE', units='height', win=Window(...), wrapWidth=1)
9.1601 	EXP 	Created isi2 = TextStim(__class__=<class 'psychopy.visual.text.TextStim'>, alignHoriz='center', alignVert='center', antialias=True, autoLog=True, bold=False, color='white', colorSpace='named', contrast=1.0, depth=0.0, flipHoriz=False, flipVert=False, font='Arial', fontFiles=[], height=0.1, italic=False, languageStyle='LTR', name='isi2', opacity=1.0, ori=0, pos=array([0., 0.]), rgb=array([255., 255., 255.]), text='default text', units='height', win=Window(...), wrapWidth=1)
9.1618 	EXP 	Created Line = Line(__class__=<class 'psychopy.visual.line.Line'>, autoDraw=False, autoLog=True, closeShape=False, contrast=1.0, depth=0.0, fillColor=None, fillColorSpace='rgb', interpolate=True, lineColor=array([1., 1., 1.]), lineColorSpace='rgb', lineWidth=1.0, name='Line', opacity=1.0, ori=array(90.), pos=array([0., 0.]), size=array([1., 1.]), units='height', vertices=array([[-0.5,  0. ],
       [ 0.5,  0. ]]), win=Window(...), windingRule=None)
9.1652 	EXP 	Created ImmedMoneyAmt = TextStim(__class__=<class 'psychopy.visual.text.TextStim'>, alignHoriz='center', alignVert='center', antialias=True, autoLog=True, bold=False, color='white', colorSpace='named', contrast=1.0, depth=-2.0, flipHoriz=False, flipVert=False, font='Arial', fontFiles=[], height=1.0, italic=False, languageStyle='LTR', name='ImmedMoneyAmt', opacity=1.0, ori=0, pos=array([0., 0.]), rgb=array([255., 255., 255.]), text='default text', units='height', win=Window(...), wrapWidth=1)
9.1686 	EXP 	Created DelayMoneyAmt = TextStim(__class__=<class 'psychopy.visual.text.TextStim'>, alignHoriz='center', alignVert='center', antialias=True, autoLog=True, bold=False, color='white', colorSpace='named', contrast=1.0, depth=-3.0, flipHoriz=False, flipVert=False, font='Arial', fontFiles=[], height=1.0, italic=False, languageStyle='LTR', name='DelayMoneyAmt', opacity=1.0, ori=0, pos=array([0., 0.]), rgb=array([255., 255., 255.]), text='default text', units='height', win=Window(...), wrapWidth=1)
9.1719 	EXP 	Created Immedtoday = TextStim(__class__=<class 'psychopy.visual.text.TextStim'>, alignHoriz='center', alignVert='center', antialias=True, autoLog=True, bold=False, color='white', colorSpace='named', contrast=1.0, depth=-4.0, flipHoriz=False, flipVert=False, font='Arial', fontFiles=[], height=1.0, italic=False, languageStyle='LTR', name='Immedtoday', opacity=1.0, ori=0, pos=array([0., 0.]), rgb=array([255., 255., 255.]), text='default text', units='height', win=Window(...), wrapWidth=1)
9.1753 	EXP 	Created DelayTime = TextStim(__class__=<class 'psychopy.visual.text.TextStim'>, alignHoriz='center', alignVert='center', antialias=True, autoLog=True, bold=False, color='white', colorSpace='named', contrast=1.0, depth=-5.0, flipHoriz=False, flipVert=False, font='Arial', fontFiles=[], height=1.0, italic=False, languageStyle='LTR', name='DelayTime', opacity=1.0, ori=0, pos=array([0., 0.]), rgb=array([255., 255., 255.]), text='default text', units='height', win=Window(...), wrapWidth=1)
9.1757 	EXP 	Created blank = TextStim(__class__=<class 'psychopy.visual.text.TextStim'>, alignHoriz='center', alignVert='center', antialias=True, autoLog=True, bold=False, color='white', colorSpace='named', contrast=1.0, depth=-7.0, flipHoriz=False, flipVert=False, font='Arial', fontFiles=[], height=0.1, italic=False, languageStyle='LTR', name='blank', opacity=1.0, ori=0, pos=array([0., 0.]), rgb=array([255., 255., 255.]), text='', units='height', win=Window(...), wrapWidth=1)
9.1978 	EXP 	Created text_2 = TextStim(__class__=<class 'psychopy.visual.text.TextStim'>, alignHoriz='center', alignVert='center', antialias=True, autoLog=True, bold=False, color='white', colorSpace='named', contrast=1.0, depth=0.0, flipHoriz=False, flipVert=False, font='Arial', fontFiles=[], height=0.1, italic=False, languageStyle='LTR', name='text_2', opacity=1.0, ori=0, pos=array([0., 0.]), rgb=array([255., 255., 255.]), text='You will now begin the full task.', units='height', win=Window(...), wrapWidth=1)
9.2023 	EXP 	Created isi2 = TextStim(__class__=<class 'psychopy.visual.text.TextStim'>, alignHoriz='center', alignVert='center', antialias=True, autoLog=True, bold=False, color='white', colorSpace='named', contrast=1.0, depth=0.0, flipHoriz=False, flipVert=False, font='Arial', fontFiles=[], height=0.1, italic=False, languageStyle='LTR', name='isi2', opacity=1.0, ori=0, pos=array([0., 0.]), rgb=array([255., 255., 255.]), text='default text', units='height', win=Window(...), wrapWidth=1)
9.2334 	EXP 	Created cue = TextStim(__class__=<class 'psychopy.visual.text.TextStim'>, alignHoriz='center', alignVert='center', antialias=True, autoLog=True, bold=False, color='white', colorSpace='named', contrast=1.0, depth=0.0, flipHoriz=False, flipVert=False, font='Arial', fontFiles=[], height=0.15, italic=False, languageStyle='LTR', name='cue', opacity=1.0, ori=0, pos=array([0., 0.]), rgb=array([255., 255., 255.]), text='default text', units='height', win=Window(...), wrapWidth=1)
9.2376 	EXP 	Created isi2 = TextStim(__class__=<class 'psychopy.visual.text.TextStim'>, alignHoriz='center', alignVert='center', antialias=True, autoLog=True, bold=False, color='white', colorSpace='named', contrast=1.0, depth=0.0, flipHoriz=False, flipVert=False, font='Arial', fontFiles=[], height=0.1, italic=False, languageStyle='LTR', name='isi2', opacity=1.0, ori=0, pos=array([0., 0.]), rgb=array([255., 255., 255.]), text='default text', units='height', win=Window(...), wrapWidth=1)
9.2382 	EXP 	Created Line = Line(__class__=<class 'psychopy.visual.line.Line'>, autoDraw=False, autoLog=True, closeShape=False, contrast=1.0, depth=0.0, fillColor=None, fillColorSpace='rgb', interpolate=True, lineColor=array([1., 1., 1.]), lineColorSpace='rgb', lineWidth=1.0, name='Line', opacity=1.0, ori=array(90.), pos=array([0., 0.]), size=array([1., 1.]), units='height', vertices=array([[-0.5,  0. ],
       [ 0.5,  0. ]]), win=Window(...), windingRule=None)
9.2415 	EXP 	Created ImmedMoneyAmt = TextStim(__class__=<class 'psychopy.visual.text.TextStim'>, alignHoriz='center', alignVert='center', antialias=True, autoLog=True, bold=False, color='white', colorSpace='named', contrast=1.0, depth=-2.0, flipHoriz=False, flipVert=False, font='Arial', fontFiles=[], height=1.0, italic=False, languageStyle='LTR', name='ImmedMoneyAmt', opacity=1.0, ori=0, pos=array([0., 0.]), rgb=array([255., 255., 255.]), text='default text', units='height', win=Window(...), wrapWidth=1)
9.2447 	EXP 	Created DelayMoneyAmt = TextStim(__class__=<class 'psychopy.visual.text.TextStim'>, alignHoriz='center', alignVert='center', antialias=True, autoLog=True, bold=False, color='white', colorSpace='named', contrast=1.0, depth=-3.0, flipHoriz=False, flipVert=False, font='Arial', fontFiles=[], height=1.0, italic=False, languageStyle='LTR', name='DelayMoneyAmt', opacity=1.0, ori=0, pos=array([0., 0.]), rgb=array([255., 255., 255.]), text='default text', units='height', win=Window(...), wrapWidth=1)
9.2480 	EXP 	Created Immedtoday = TextStim(__class__=<class 'psychopy.visual.text.TextStim'>, alignHoriz='center', alignVert='center', antialias=True, autoLog=True, bold=False, color='white', colorSpace='named', contrast=1.0, depth=-4.0, flipHoriz=False, flipVert=False, font='Arial', fontFiles=[], height=1.0, italic=False, languageStyle='LTR', name='Immedtoday', opacity=1.0, ori=0, pos=array([0., 0.]), rgb=array([255., 255., 255.]), text='default text', units='height', win=Window(...), wrapWidth=1)
9.2513 	EXP 	Created DelayTime = TextStim(__class__=<class 'psychopy.visual.text.TextStim'>, alignHoriz='center', alignVert='center', antialias=True, autoLog=True, bold=False, color='white', colorSpace='named', contrast=1.0, depth=-5.0, flipHoriz=False, flipVert=False, font='Arial', fontFiles=[], height=1.0, italic=False, languageStyle='LTR', name='DelayTime', opacity=1.0, ori=0, pos=array([0., 0.]), rgb=array([255., 255., 255.]), text='default text', units='height', win=Window(...), wrapWidth=1)
9.2517 	EXP 	Created blank = TextStim(__class__=<class 'psychopy.visual.text.TextStim'>, alignHoriz='center', alignVert='center', antialias=True, autoLog=True, bold=False, color='white', colorSpace='named', contrast=1.0, depth=-7.0, flipHoriz=False, flipVert=False, font='Arial', fontFiles=[], height=0.1, italic=False, languageStyle='LTR', name='blank', opacity=1.0, ori=0, pos=array([0., 0.]), rgb=array([255., 255., 255.]), text='', units='height', win=Window(...), wrapWidth=1)
9.2895 	EXP 	Created ThankYou = TextStim(__class__=<class 'psychopy.visual.text.TextStim'>, alignHoriz='center', alignVert='center', antialias=True, autoLog=True, bold=False, color='white', colorSpace='named', contrast=1.0, depth=0.0, flipHoriz=False, flipVert=False, font='Arial', fontFiles=[], height=0.1, italic=False, languageStyle='LTR', name='ThankYou', opacity=1.0, ori=0, pos=array([0., 0.]), rgb=array([255., 255., 255.]), text=str(...), units='height', win=Window(...), wrapWidth=1)
11.6019 	EXP 	Instructions: color = 'white (named)'
11.6019 	EXP 	Instructions: pos = array([0., 0.])
11.6019 	EXP 	Instructions: text = 'In this task you will be choosing between two different monetary rewards. \n\nYou will be given a regulation strategy prior to a block of trials. Please employ the strategy given while making decisions.\n\nPress SPACE to continue.\n'
11.6019 	EXP 	Instructions: font = 'Arial'
11.6019 	EXP 	Instructions: height = 0.065
11.6019 	EXP 	Instructions: autoDraw = True
11.6019 	EXP 	Instructions: text = 'In this task you will be choosing between two different monetary rewards. \n\nYou will be given a regulation strategy prior to a block of trials. Please employ the strategy given while making decisions.\n\nPress SPACE to continue.\n'
12.9814 	DATA 	Keypress: space
12.9917 	EXP 	Instructions: autoDraw = False
12.9917 	EXP 	instruct2: autoDraw = True
14.5690 	DATA 	Keypress: return
14.5759 	EXP 	instruct2: autoDraw = False
14.5759 	EXP 	isi2: text = '+'
14.5759 	EXP 	isi2: autoDraw = True
16.5774 	EXP 	isi2: autoDraw = False
16.5774 	EXP 	isi2: autoDraw = False
16.5774 	EXP 	text: autoDraw = True
18.5863 	EXP 	Imported DelayDiscountingAmt.csv as conditions, 3 conditions, 3 params
18.5865 	EXP 	Created sequence: sequential, trialTypes=3, nReps=1, seed=None
18.5867 	EXP 	New trial (rep=0, index=0): OrderedDict([('ImMoney', '$48 '), ('DelayMoney', '$49 '), ('DelayDays', 'in 15 days')])
18.5928 	EXP 	text: autoDraw = False
18.5928 	EXP 	text: autoDraw = False
18.5928 	EXP 	isi2: text = '+'
18.5928 	EXP 	isi2: autoDraw = True
21.1662 	EXP 	isi2: autoDraw = False
21.1662 	EXP 	Line: size = array([3. , 0.5])
21.1662 	EXP 	Line: fillColor = '[-1. -1. -1.] (rgb)'
21.1662 	EXP 	Line: lineColor = '[-1. -1. -1.] (rgb)'
21.1662 	EXP 	Line: lineWidth = 7.0
21.1662 	EXP 	ImmedMoneyAmt: color = 'white (named)'
21.1662 	EXP 	ImmedMoneyAmt: pos = array([-0.41,  0.15])
21.1662 	EXP 	ImmedMoneyAmt: text = '$48 '
21.1662 	EXP 	ImmedMoneyAmt: font = 'Arial'
21.1662 	EXP 	ImmedMoneyAmt: height = 0.12
21.1662 	EXP 	DelayMoneyAmt: color = 'white (named)'
21.1662 	EXP 	DelayMoneyAmt: pos = array([0.41, 0.15])
21.1662 	EXP 	DelayMoneyAmt: text = '$49 '
21.1662 	EXP 	DelayMoneyAmt: font = 'Arial'
21.1662 	EXP 	DelayMoneyAmt: height = 0.12
21.1662 	EXP 	Immedtoday: color = 'white (named)'
21.1662 	EXP 	Immedtoday: pos = array([-0.41, -0.1 ])
21.1662 	EXP 	Immedtoday: text = 'today'
21.1662 	EXP 	Immedtoday: font = 'Arial'
21.1662 	EXP 	Immedtoday: height = 0.12
21.1662 	EXP 	DelayTime: color = 'white (named)'
21.1662 	EXP 	DelayTime: pos = array([ 0.41, -0.1 ])
21.1662 	EXP 	DelayTime: text = 'in 15 days'
21.1662 	EXP 	DelayTime: font = 'Arial'
21.1662 	EXP 	DelayTime: height = 0.12
21.1662 	EXP 	ImmedMoneyAmt: text = '$48 '
21.1662 	EXP 	DelayMoneyAmt: text = '$49 '
21.1662 	EXP 	Immedtoday: text = 'today'
21.1662 	EXP 	DelayTime: text = 'in 15 days'
21.1662 	EXP 	blank: text = ''
21.1662 	EXP 	Line: autoDraw = True
21.1662 	EXP 	ImmedMoneyAmt: autoDraw = True
21.1662 	EXP 	DelayMoneyAmt: autoDraw = True
21.1662 	EXP 	Immedtoday: autoDraw = True
21.1662 	EXP 	DelayTime: autoDraw = True
21.1662 	EXP 	blank: autoDraw = True
21.1662 	EXP 	ImmedMoneyAmt: text = '$48 '
21.1662 	EXP 	DelayMoneyAmt: text = '$49 '
21.1662 	EXP 	Immedtoday: text = 'today'
21.1662 	EXP 	DelayTime: text = 'in 15 days'
22.5537 	DATA 	Keypress: 1
22.5823 	EXP 	ImmedMoneyAmt: color = 'green (named)'
22.5823 	EXP 	Immedtoday: color = 'green (named)'
22.5993 	EXP 	ImmedMoneyAmt: color = 'green (named)'
22.5993 	EXP 	Immedtoday: color = 'green (named)'
22.6160 	EXP 	ImmedMoneyAmt: color = 'green (named)'
22.6160 	EXP 	Immedtoday: color = 'green (named)'
22.6327 	EXP 	ImmedMoneyAmt: color = 'green (named)'
22.6327 	EXP 	Immedtoday: color = 'green (named)'
22.6492 	EXP 	ImmedMoneyAmt: color = 'green (named)'
22.6492 	EXP 	Immedtoday: color = 'green (named)'
22.6660 	EXP 	ImmedMoneyAmt: color = 'green (named)'
22.6660 	EXP 	Immedtoday: color = 'green (named)'
22.6660 	EXP 	blank: autoDraw = False
22.6828 	EXP 	ImmedMoneyAmt: color = 'green (named)'
22.6828 	EXP 	Immedtoday: color = 'green (named)'
22.6991 	EXP 	ImmedMoneyAmt: color = 'green (named)'
22.6991 	EXP 	Immedtoday: color = 'green (named)'
22.7163 	EXP 	ImmedMoneyAmt: color = 'green (named)'
22.7163 	EXP 	Immedtoday: color = 'green (named)'
22.7326 	EXP 	ImmedMoneyAmt: color = 'green (named)'
22.7326 	EXP 	Immedtoday: color = 'green (named)'
22.7493 	EXP 	ImmedMoneyAmt: color = 'green (named)'
22.7493 	EXP 	Immedtoday: color = 'green (named)'
22.7661 	EXP 	ImmedMoneyAmt: color = 'green (named)'
22.7661 	EXP 	Immedtoday: color = 'green (named)'
22.7829 	EXP 	ImmedMoneyAmt: color = 'green (named)'
22.7829 	EXP 	Immedtoday: color = 'green (named)'
22.7992 	EXP 	ImmedMoneyAmt: color = 'green (named)'
22.7992 	EXP 	Immedtoday: color = 'green (named)'
22.8159 	EXP 	ImmedMoneyAmt: color = 'green (named)'
22.8159 	EXP 	Immedtoday: color = 'green (named)'
22.8331 	EXP 	ImmedMoneyAmt: color = 'green (named)'
22.8331 	EXP 	Immedtoday: color = 'green (named)'
22.8495 	EXP 	ImmedMoneyAmt: color = 'green (named)'
22.8495 	EXP 	Immedtoday: color = 'green (named)'
22.8659 	EXP 	ImmedMoneyAmt: color = 'green (named)'
22.8659 	EXP 	Immedtoday: color = 'green (named)'
22.8827 	EXP 	ImmedMoneyAmt: color = 'green (named)'
22.8827 	EXP 	Immedtoday: color = 'green (named)'
22.8995 	EXP 	ImmedMoneyAmt: color = 'green (named)'
22.8995 	EXP 	Immedtoday: color = 'green (named)'
22.9163 	EXP 	ImmedMoneyAmt: color = 'green (named)'
22.9163 	EXP 	Immedtoday: color = 'green (named)'
22.9332 	EXP 	ImmedMoneyAmt: color = 'green (named)'
22.9332 	EXP 	Immedtoday: color = 'green (named)'
22.9496 	EXP 	ImmedMoneyAmt: color = 'green (named)'
22.9496 	EXP 	Immedtoday: color = 'green (named)'
22.9663 	EXP 	ImmedMoneyAmt: color = 'green (named)'
22.9663 	EXP 	Immedtoday: color = 'green (named)'
22.9830 	EXP 	ImmedMoneyAmt: color = 'green (named)'
22.9830 	EXP 	Immedtoday: color = 'green (named)'
22.9995 	EXP 	ImmedMoneyAmt: color = 'green (named)'
22.9995 	EXP 	Immedtoday: color = 'green (named)'
23.0165 	EXP 	ImmedMoneyAmt: color = 'green (named)'
23.0165 	EXP 	Immedtoday: color = 'green (named)'
23.0328 	EXP 	ImmedMoneyAmt: color = 'green (named)'
23.0328 	EXP 	Immedtoday: color = 'green (named)'
23.0498 	EXP 	ImmedMoneyAmt: color = 'green (named)'
23.0498 	EXP 	Immedtoday: color = 'green (named)'
23.0661 	EXP 	ImmedMoneyAmt: color = 'green (named)'
23.0661 	EXP 	Immedtoday: color = 'green (named)'
23.0831 	EXP 	ImmedMoneyAmt: color = 'green (named)'
23.0831 	EXP 	Immedtoday: color = 'green (named)'
23.0995 	EXP 	ImmedMoneyAmt: color = 'green (named)'
23.0995 	EXP 	Immedtoday: color = 'green (named)'
23.1163 	EXP 	ImmedMoneyAmt: color = 'green (named)'
23.1163 	EXP 	Immedtoday: color = 'green (named)'
23.1332 	EXP 	ImmedMoneyAmt: color = 'green (named)'
23.1332 	EXP 	Immedtoday: color = 'green (named)'
23.1499 	EXP 	ImmedMoneyAmt: color = 'green (named)'
23.1499 	EXP 	Immedtoday: color = 'green (named)'
23.1661 	EXP 	ImmedMoneyAmt: color = 'green (named)'
23.1661 	EXP 	Immedtoday: color = 'green (named)'
23.1834 	EXP 	ImmedMoneyAmt: color = 'green (named)'
23.1834 	EXP 	Immedtoday: color = 'green (named)'
23.2000 	EXP 	ImmedMoneyAmt: color = 'green (named)'
23.2000 	EXP 	Immedtoday: color = 'green (named)'
23.2165 	EXP 	ImmedMoneyAmt: color = 'green (named)'
23.2165 	EXP 	Immedtoday: color = 'green (named)'
23.2332 	EXP 	ImmedMoneyAmt: color = 'green (named)'
23.2332 	EXP 	Immedtoday: color = 'green (named)'
23.2498 	EXP 	ImmedMoneyAmt: color = 'green (named)'
23.2498 	EXP 	Immedtoday: color = 'green (named)'
23.2664 	EXP 	ImmedMoneyAmt: color = 'green (named)'
23.2664 	EXP 	Immedtoday: color = 'green (named)'
23.2834 	EXP 	ImmedMoneyAmt: color = 'green (named)'
23.2834 	EXP 	Immedtoday: color = 'green (named)'
23.2997 	EXP 	ImmedMoneyAmt: color = 'green (named)'
23.2997 	EXP 	Immedtoday: color = 'green (named)'
23.3164 	EXP 	ImmedMoneyAmt: color = 'green (named)'
23.3164 	EXP 	Immedtoday: color = 'green (named)'
23.3331 	EXP 	ImmedMoneyAmt: color = 'green (named)'
23.3331 	EXP 	Immedtoday: color = 'green (named)'
23.3500 	EXP 	ImmedMoneyAmt: color = 'green (named)'
23.3500 	EXP 	Immedtoday: color = 'green (named)'
23.3667 	EXP 	ImmedMoneyAmt: color = 'green (named)'
23.3667 	EXP 	Immedtoday: color = 'green (named)'
23.3833 	EXP 	ImmedMoneyAmt: color = 'green (named)'
23.3833 	EXP 	Immedtoday: color = 'green (named)'
23.4001 	EXP 	ImmedMoneyAmt: color = 'green (named)'
23.4001 	EXP 	Immedtoday: color = 'green (named)'
23.4169 	EXP 	ImmedMoneyAmt: color = 'green (named)'
23.4169 	EXP 	Immedtoday: color = 'green (named)'
23.4333 	EXP 	ImmedMoneyAmt: color = 'green (named)'
23.4333 	EXP 	Immedtoday: color = 'green (named)'
23.4499 	EXP 	ImmedMoneyAmt: color = 'green (named)'
23.4499 	EXP 	Immedtoday: color = 'green (named)'
23.4665 	EXP 	ImmedMoneyAmt: color = 'green (named)'
23.4665 	EXP 	Immedtoday: color = 'green (named)'
23.4830 	EXP 	ImmedMoneyAmt: color = 'green (named)'
23.4830 	EXP 	Immedtoday: color = 'green (named)'
23.5001 	EXP 	ImmedMoneyAmt: color = 'green (named)'
23.5001 	EXP 	Immedtoday: color = 'green (named)'
23.5169 	EXP 	ImmedMoneyAmt: color = 'green (named)'
23.5169 	EXP 	Immedtoday: color = 'green (named)'
23.5335 	EXP 	ImmedMoneyAmt: color = 'green (named)'
23.5335 	EXP 	Immedtoday: color = 'green (named)'
23.5501 	EXP 	ImmedMoneyAmt: color = 'green (named)'
23.5501 	EXP 	Immedtoday: color = 'green (named)'
23.5670 	EXP 	ImmedMoneyAmt: color = 'green (named)'
23.5670 	EXP 	Immedtoday: color = 'green (named)'
23.5832 	EXP 	ImmedMoneyAmt: color = 'green (named)'
23.5832 	EXP 	Immedtoday: color = 'green (named)'
23.6001 	EXP 	ImmedMoneyAmt: color = 'green (named)'
23.6001 	EXP 	Immedtoday: color = 'green (named)'
23.6168 	EXP 	ImmedMoneyAmt: color = 'green (named)'
23.6168 	EXP 	Immedtoday: color = 'green (named)'
23.6336 	EXP 	ImmedMoneyAmt: color = 'green (named)'
23.6336 	EXP 	Immedtoday: color = 'green (named)'
23.6503 	EXP 	ImmedMoneyAmt: color = 'green (named)'
23.6503 	EXP 	Immedtoday: color = 'green (named)'
23.6668 	EXP 	ImmedMoneyAmt: color = 'green (named)'
23.6668 	EXP 	Immedtoday: color = 'green (named)'
23.6835 	EXP 	ImmedMoneyAmt: color = 'green (named)'
23.6835 	EXP 	Immedtoday: color = 'green (named)'
23.6999 	EXP 	ImmedMoneyAmt: color = 'green (named)'
23.6999 	EXP 	Immedtoday: color = 'green (named)'
23.7168 	EXP 	ImmedMoneyAmt: color = 'green (named)'
23.7168 	EXP 	Immedtoday: color = 'green (named)'
23.7336 	EXP 	ImmedMoneyAmt: color = 'green (named)'
23.7336 	EXP 	Immedtoday: color = 'green (named)'
23.7504 	EXP 	ImmedMoneyAmt: color = 'green (named)'
23.7504 	EXP 	Immedtoday: color = 'green (named)'
23.7669 	EXP 	ImmedMoneyAmt: color = 'green (named)'
23.7669 	EXP 	Immedtoday: color = 'green (named)'
23.7833 	EXP 	ImmedMoneyAmt: color = 'green (named)'
23.7833 	EXP 	Immedtoday: color = 'green (named)'
23.7999 	EXP 	ImmedMoneyAmt: color = 'green (named)'
23.7999 	EXP 	Immedtoday: color = 'green (named)'
23.8173 	EXP 	ImmedMoneyAmt: color = 'green (named)'
23.8173 	EXP 	Immedtoday: color = 'green (named)'
23.8336 	EXP 	ImmedMoneyAmt: color = 'green (named)'
23.8336 	EXP 	Immedtoday: color = 'green (named)'
23.8503 	EXP 	ImmedMoneyAmt: color = 'green (named)'
23.8503 	EXP 	Immedtoday: color = 'green (named)'
23.8667 	EXP 	ImmedMoneyAmt: color = 'green (named)'
23.8667 	EXP 	Immedtoday: color = 'green (named)'
23.8837 	EXP 	ImmedMoneyAmt: color = 'green (named)'
23.8837 	EXP 	Immedtoday: color = 'green (named)'
23.9003 	EXP 	ImmedMoneyAmt: color = 'green (named)'
23.9003 	EXP 	Immedtoday: color = 'green (named)'
23.9172 	EXP 	ImmedMoneyAmt: color = 'green (named)'
23.9172 	EXP 	Immedtoday: color = 'green (named)'
23.9337 	EXP 	ImmedMoneyAmt: color = 'green (named)'
23.9337 	EXP 	Immedtoday: color = 'green (named)'
23.9502 	EXP 	ImmedMoneyAmt: color = 'green (named)'
23.9502 	EXP 	Immedtoday: color = 'green (named)'
23.9672 	EXP 	ImmedMoneyAmt: color = 'green (named)'
23.9672 	EXP 	Immedtoday: color = 'green (named)'
23.9836 	EXP 	ImmedMoneyAmt: color = 'green (named)'
23.9836 	EXP 	Immedtoday: color = 'green (named)'
24.0005 	EXP 	ImmedMoneyAmt: color = 'green (named)'
24.0005 	EXP 	Immedtoday: color = 'green (named)'
24.0171 	EXP 	ImmedMoneyAmt: color = 'green (named)'
24.0171 	EXP 	Immedtoday: color = 'green (named)'
24.0341 	EXP 	ImmedMoneyAmt: color = 'green (named)'
24.0341 	EXP 	Immedtoday: color = 'green (named)'
24.0508 	EXP 	ImmedMoneyAmt: color = 'green (named)'
24.0508 	EXP 	Immedtoday: color = 'green (named)'
24.0674 	EXP 	ImmedMoneyAmt: color = 'green (named)'
24.0674 	EXP 	Immedtoday: color = 'green (named)'
24.0835 	EXP 	ImmedMoneyAmt: color = 'green (named)'
24.0835 	EXP 	Immedtoday: color = 'green (named)'
24.1004 	EXP 	ImmedMoneyAmt: color = 'green (named)'
24.1004 	EXP 	Immedtoday: color = 'green (named)'
24.1172 	EXP 	ImmedMoneyAmt: color = 'green (named)'
24.1172 	EXP 	Immedtoday: color = 'green (named)'
24.1340 	EXP 	ImmedMoneyAmt: color = 'green (named)'
24.1340 	EXP 	Immedtoday: color = 'green (named)'
24.1505 	EXP 	ImmedMoneyAmt: color = 'green (named)'
24.1505 	EXP 	Immedtoday: color = 'green (named)'
24.1672 	EXP 	ImmedMoneyAmt: color = 'green (named)'
24.1672 	EXP 	Immedtoday: color = 'green (named)'
24.1839 	EXP 	ImmedMoneyAmt: color = 'green (named)'
24.1839 	EXP 	Immedtoday: color = 'green (named)'
24.2006 	EXP 	ImmedMoneyAmt: color = 'green (named)'
24.2006 	EXP 	Immedtoday: color = 'green (named)'
24.2170 	EXP 	ImmedMoneyAmt: color = 'green (named)'
24.2170 	EXP 	Immedtoday: color = 'green (named)'
24.2339 	EXP 	ImmedMoneyAmt: color = 'green (named)'
24.2339 	EXP 	Immedtoday: color = 'green (named)'
24.2504 	EXP 	ImmedMoneyAmt: color = 'green (named)'
24.2504 	EXP 	Immedtoday: color = 'green (named)'
24.2674 	EXP 	ImmedMoneyAmt: color = 'green (named)'
24.2674 	EXP 	Immedtoday: color = 'green (named)'
24.2841 	EXP 	ImmedMoneyAmt: color = 'green (named)'
24.2841 	EXP 	Immedtoday: color = 'green (named)'
24.3005 	EXP 	ImmedMoneyAmt: color = 'green (named)'
24.3005 	EXP 	Immedtoday: color = 'green (named)'
24.3176 	EXP 	ImmedMoneyAmt: color = 'green (named)'
24.3176 	EXP 	Immedtoday: color = 'green (named)'
24.3342 	EXP 	ImmedMoneyAmt: color = 'green (named)'
24.3342 	EXP 	Immedtoday: color = 'green (named)'
24.3507 	EXP 	ImmedMoneyAmt: color = 'green (named)'
24.3507 	EXP 	Immedtoday: color = 'green (named)'
24.3675 	EXP 	ImmedMoneyAmt: color = 'green (named)'
24.3675 	EXP 	Immedtoday: color = 'green (named)'
24.3843 	EXP 	ImmedMoneyAmt: color = 'green (named)'
24.3843 	EXP 	Immedtoday: color = 'green (named)'
24.4007 	EXP 	ImmedMoneyAmt: color = 'green (named)'
24.4007 	EXP 	Immedtoday: color = 'green (named)'
24.4177 	EXP 	ImmedMoneyAmt: color = 'green (named)'
24.4177 	EXP 	Immedtoday: color = 'green (named)'
24.4341 	EXP 	ImmedMoneyAmt: color = 'green (named)'
24.4341 	EXP 	Immedtoday: color = 'green (named)'
24.4509 	EXP 	ImmedMoneyAmt: color = 'green (named)'
24.4509 	EXP 	Immedtoday: color = 'green (named)'
24.4676 	EXP 	ImmedMoneyAmt: color = 'green (named)'
24.4676 	EXP 	Immedtoday: color = 'green (named)'
24.4843 	EXP 	ImmedMoneyAmt: color = 'green (named)'
24.4843 	EXP 	Immedtoday: color = 'green (named)'
24.5010 	EXP 	ImmedMoneyAmt: color = 'green (named)'
24.5010 	EXP 	Immedtoday: color = 'green (named)'
24.5174 	EXP 	ImmedMoneyAmt: color = 'green (named)'
24.5174 	EXP 	Immedtoday: color = 'green (named)'
24.5342 	EXP 	ImmedMoneyAmt: color = 'green (named)'
24.5342 	EXP 	Immedtoday: color = 'green (named)'
24.5509 	EXP 	ImmedMoneyAmt: color = 'green (named)'
24.5509 	EXP 	Immedtoday: color = 'green (named)'
24.5676 	EXP 	ImmedMoneyAmt: color = 'green (named)'
24.5676 	EXP 	Immedtoday: color = 'green (named)'
24.5841 	EXP 	ImmedMoneyAmt: color = 'green (named)'
24.5841 	EXP 	Immedtoday: color = 'green (named)'
24.6009 	EXP 	ImmedMoneyAmt: color = 'green (named)'
24.6009 	EXP 	Immedtoday: color = 'green (named)'
24.6175 	EXP 	ImmedMoneyAmt: color = 'green (named)'
24.6175 	EXP 	Immedtoday: color = 'green (named)'
24.6343 	EXP 	ImmedMoneyAmt: color = 'green (named)'
24.6343 	EXP 	Immedtoday: color = 'green (named)'
24.6511 	EXP 	ImmedMoneyAmt: color = 'green (named)'
24.6511 	EXP 	Immedtoday: color = 'green (named)'
24.6681 	EXP 	ImmedMoneyAmt: color = 'green (named)'
24.6681 	EXP 	Immedtoday: color = 'green (named)'
24.6843 	EXP 	ImmedMoneyAmt: color = 'green (named)'
24.6843 	EXP 	Immedtoday: color = 'green (named)'
24.7010 	EXP 	ImmedMoneyAmt: color = 'green (named)'
24.7010 	EXP 	Immedtoday: color = 'green (named)'
24.7177 	EXP 	ImmedMoneyAmt: color = 'green (named)'
24.7177 	EXP 	Immedtoday: color = 'green (named)'
24.7345 	EXP 	ImmedMoneyAmt: color = 'green (named)'
24.7345 	EXP 	Immedtoday: color = 'green (named)'
24.7507 	EXP 	ImmedMoneyAmt: color = 'green (named)'
24.7507 	EXP 	Immedtoday: color = 'green (named)'
24.7677 	EXP 	ImmedMoneyAmt: color = 'green (named)'
24.7677 	EXP 	Immedtoday: color = 'green (named)'
24.7844 	EXP 	ImmedMoneyAmt: color = 'green (named)'
24.7844 	EXP 	Immedtoday: color = 'green (named)'
24.8012 	EXP 	ImmedMoneyAmt: color = 'green (named)'
24.8012 	EXP 	Immedtoday: color = 'green (named)'
24.8176 	EXP 	ImmedMoneyAmt: color = 'green (named)'
24.8176 	EXP 	Immedtoday: color = 'green (named)'
24.8345 	EXP 	ImmedMoneyAmt: color = 'green (named)'
24.8345 	EXP 	Immedtoday: color = 'green (named)'
24.8512 	EXP 	ImmedMoneyAmt: color = 'green (named)'
24.8512 	EXP 	Immedtoday: color = 'green (named)'
24.8679 	EXP 	ImmedMoneyAmt: color = 'green (named)'
24.8679 	EXP 	Immedtoday: color = 'green (named)'
24.8846 	EXP 	ImmedMoneyAmt: color = 'green (named)'
24.8846 	EXP 	Immedtoday: color = 'green (named)'
24.9012 	EXP 	ImmedMoneyAmt: color = 'green (named)'
24.9012 	EXP 	Immedtoday: color = 'green (named)'
24.9179 	EXP 	ImmedMoneyAmt: color = 'green (named)'
24.9179 	EXP 	Immedtoday: color = 'green (named)'
24.9346 	EXP 	ImmedMoneyAmt: color = 'green (named)'
24.9346 	EXP 	Immedtoday: color = 'green (named)'
24.9513 	EXP 	ImmedMoneyAmt: color = 'green (named)'
24.9513 	EXP 	Immedtoday: color = 'green (named)'
24.9678 	EXP 	ImmedMoneyAmt: color = 'green (named)'
24.9678 	EXP 	Immedtoday: color = 'green (named)'
24.9846 	EXP 	ImmedMoneyAmt: color = 'green (named)'
24.9846 	EXP 	Immedtoday: color = 'green (named)'
25.0009 	EXP 	ImmedMoneyAmt: color = 'green (named)'
25.0009 	EXP 	Immedtoday: color = 'green (named)'
25.0180 	EXP 	ImmedMoneyAmt: color = 'green (named)'
25.0180 	EXP 	Immedtoday: color = 'green (named)'
25.0348 	EXP 	ImmedMoneyAmt: color = 'green (named)'
25.0348 	EXP 	Immedtoday: color = 'green (named)'
25.0518 	EXP 	ImmedMoneyAmt: color = 'green (named)'
25.0518 	EXP 	Immedtoday: color = 'green (named)'
25.0683 	EXP 	ImmedMoneyAmt: color = 'green (named)'
25.0683 	EXP 	Immedtoday: color = 'green (named)'
25.0847 	EXP 	ImmedMoneyAmt: color = 'green (named)'
25.0847 	EXP 	Immedtoday: color = 'green (named)'
25.1013 	EXP 	ImmedMoneyAmt: color = 'green (named)'
25.1013 	EXP 	Immedtoday: color = 'green (named)'
25.1179 	EXP 	ImmedMoneyAmt: color = 'green (named)'
25.1179 	EXP 	Immedtoday: color = 'green (named)'
25.1347 	EXP 	ImmedMoneyAmt: color = 'green (named)'
25.1347 	EXP 	Immedtoday: color = 'green (named)'
25.1512 	EXP 	ImmedMoneyAmt: color = 'green (named)'
25.1512 	EXP 	Immedtoday: color = 'green (named)'
25.1540 	EXP 	New trial (rep=0, index=1): OrderedDict([('ImMoney', '$55 '), ('DelayMoney', '$62 '), ('DelayDays', 'in 97 days')])
25.1676 	EXP 	Line: autoDraw = False
25.1676 	EXP 	ImmedMoneyAmt: autoDraw = False
25.1676 	EXP 	DelayMoneyAmt: autoDraw = False
25.1676 	EXP 	Immedtoday: autoDraw = False
25.1676 	EXP 	DelayTime: autoDraw = False
25.1676 	EXP 	ImmedMoneyAmt: color = 'green (named)'
25.1676 	EXP 	Immedtoday: color = 'green (named)'
25.1676 	EXP 	Line: autoDraw = False
25.1676 	EXP 	ImmedMoneyAmt: autoDraw = False
25.1676 	EXP 	DelayMoneyAmt: autoDraw = False
25.1676 	EXP 	Immedtoday: autoDraw = False
25.1676 	EXP 	DelayTime: autoDraw = False
25.1676 	EXP 	blank: autoDraw = False
25.1676 	EXP 	ImmedMoneyAmt: color = 'white (named)'
25.1676 	EXP 	Immedtoday: color = 'white (named)'
25.1676 	EXP 	DelayTime: color = 'white (named)'
25.1676 	EXP 	DelayMoneyAmt: color = 'white (named)'
25.1676 	EXP 	ImmedMoneyAmt: autoDraw = False
25.1676 	EXP 	Immedtoday: autoDraw = False
25.1676 	EXP 	DelayTime: autoDraw = False
25.1676 	EXP 	DelayMoneyAmt: autoDraw = False
25.1676 	EXP 	Line: autoDraw = False
25.1676 	EXP 	isi2: text = '+'
25.1676 	EXP 	isi2: autoDraw = True
27.1981 	EXP 	isi2: autoDraw = False
27.1981 	EXP 	isi2: autoDraw = False
27.1981 	EXP 	Line: size = array([3. , 0.5])
27.1981 	EXP 	Line: fillColor = '[-1. -1. -1.] (rgb)'
27.1981 	EXP 	Line: lineColor = '[-1. -1. -1.] (rgb)'
27.1981 	EXP 	Line: lineWidth = 7.0
27.1981 	EXP 	ImmedMoneyAmt: color = 'white (named)'
27.1981 	EXP 	ImmedMoneyAmt: pos = array([-0.41,  0.15])
27.1981 	EXP 	ImmedMoneyAmt: text = '$55 '
27.1981 	EXP 	ImmedMoneyAmt: font = 'Arial'
27.1981 	EXP 	ImmedMoneyAmt: height = 0.12
27.1981 	EXP 	DelayMoneyAmt: color = 'white (named)'
27.1981 	EXP 	DelayMoneyAmt: pos = array([0.41, 0.15])
27.1981 	EXP 	DelayMoneyAmt: text = '$62 '
27.1981 	EXP 	DelayMoneyAmt: font = 'Arial'
27.1981 	EXP 	DelayMoneyAmt: height = 0.12
27.1981 	EXP 	Immedtoday: color = 'white (named)'
27.1981 	EXP 	Immedtoday: pos = array([-0.41, -0.1 ])
27.1981 	EXP 	Immedtoday: text = 'today'
27.1981 	EXP 	Immedtoday: font = 'Arial'
27.1981 	EXP 	Immedtoday: height = 0.12
27.1981 	EXP 	DelayTime: color = 'white (named)'
27.1981 	EXP 	DelayTime: pos = array([ 0.41, -0.1 ])
27.1981 	EXP 	DelayTime: text = 'in 97 days'
27.1981 	EXP 	DelayTime: font = 'Arial'
27.1981 	EXP 	DelayTime: height = 0.12
27.1981 	EXP 	ImmedMoneyAmt: text = '$55 '
27.1981 	EXP 	DelayMoneyAmt: text = '$62 '
27.1981 	EXP 	Immedtoday: text = 'today'
27.1981 	EXP 	DelayTime: text = 'in 97 days'
27.1981 	EXP 	blank: text = ''
27.1981 	EXP 	Line: autoDraw = True
27.1981 	EXP 	ImmedMoneyAmt: autoDraw = True
27.1981 	EXP 	DelayMoneyAmt: autoDraw = True
27.1981 	EXP 	Immedtoday: autoDraw = True
27.1981 	EXP 	DelayTime: autoDraw = True
27.1981 	EXP 	blank: autoDraw = True
27.1981 	EXP 	ImmedMoneyAmt: text = '$55 '
27.1981 	EXP 	DelayMoneyAmt: text = '$62 '
27.1981 	EXP 	Immedtoday: text = 'today'
27.1981 	EXP 	DelayTime: text = 'in 97 days'
28.5091 	DATA 	Keypress: 2
28.5209 	EXP 	DelayTime: color = 'green (named)'
28.5209 	EXP 	DelayMoneyAmt: color = 'green (named)'
28.5376 	EXP 	DelayTime: color = 'green (named)'
28.5376 	EXP 	DelayMoneyAmt: color = 'green (named)'
28.5543 	EXP 	DelayTime: color = 'green (named)'
28.5543 	EXP 	DelayMoneyAmt: color = 'green (named)'
28.5708 	EXP 	DelayTime: color = 'green (named)'
28.5708 	EXP 	DelayMoneyAmt: color = 'green (named)'
28.5880 	EXP 	DelayTime: color = 'green (named)'
28.5880 	EXP 	DelayMoneyAmt: color = 'green (named)'
28.6042 	EXP 	DelayTime: color = 'green (named)'
28.6042 	EXP 	DelayMoneyAmt: color = 'green (named)'
28.6209 	EXP 	DelayTime: color = 'green (named)'
28.6209 	EXP 	DelayMoneyAmt: color = 'green (named)'
28.6373 	EXP 	DelayTime: color = 'green (named)'
28.6373 	EXP 	DelayMoneyAmt: color = 'green (named)'
28.6541 	EXP 	DelayTime: color = 'green (named)'
28.6541 	EXP 	DelayMoneyAmt: color = 'green (named)'
28.6712 	EXP 	DelayTime: color = 'green (named)'
28.6712 	EXP 	DelayMoneyAmt: color = 'green (named)'
28.6876 	EXP 	DelayTime: color = 'green (named)'
28.6876 	EXP 	DelayMoneyAmt: color = 'green (named)'
28.7042 	EXP 	DelayTime: color = 'green (named)'
28.7042 	EXP 	DelayMoneyAmt: color = 'green (named)'
28.7042 	EXP 	blank: autoDraw = False
28.7206 	EXP 	DelayTime: color = 'green (named)'
28.7206 	EXP 	DelayMoneyAmt: color = 'green (named)'
28.7377 	EXP 	DelayTime: color = 'green (named)'
28.7377 	EXP 	DelayMoneyAmt: color = 'green (named)'
28.7542 	EXP 	DelayTime: color = 'green (named)'
28.7542 	EXP 	DelayMoneyAmt: color = 'green (named)'
28.7711 	EXP 	DelayTime: color = 'green (named)'
28.7711 	EXP 	DelayMoneyAmt: color = 'green (named)'
28.7874 	EXP 	DelayTime: color = 'green (named)'
28.7874 	EXP 	DelayMoneyAmt: color = 'green (named)'
28.8042 	EXP 	DelayTime: color = 'green (named)'
28.8042 	EXP 	DelayMoneyAmt: color = 'green (named)'
28.8211 	EXP 	DelayTime: color = 'green (named)'
28.8211 	EXP 	DelayMoneyAmt: color = 'green (named)'
28.8380 	EXP 	DelayTime: color = 'green (named)'
28.8380 	EXP 	DelayMoneyAmt: color = 'green (named)'
28.8545 	EXP 	DelayTime: color = 'green (named)'
28.8545 	EXP 	DelayMoneyAmt: color = 'green (named)'
28.8710 	EXP 	DelayTime: color = 'green (named)'
28.8710 	EXP 	DelayMoneyAmt: color = 'green (named)'
28.8880 	EXP 	DelayTime: color = 'green (named)'
28.8880 	EXP 	DelayMoneyAmt: color = 'green (named)'
28.9043 	EXP 	DelayTime: color = 'green (named)'
28.9043 	EXP 	DelayMoneyAmt: color = 'green (named)'
28.9210 	EXP 	DelayTime: color = 'green (named)'
28.9210 	EXP 	DelayMoneyAmt: color = 'green (named)'
28.9378 	EXP 	DelayTime: color = 'green (named)'
28.9378 	EXP 	DelayMoneyAmt: color = 'green (named)'
28.9542 	EXP 	DelayTime: color = 'green (named)'
28.9542 	EXP 	DelayMoneyAmt: color = 'green (named)'
28.9710 	EXP 	DelayTime: color = 'green (named)'
28.9710 	EXP 	DelayMoneyAmt: color = 'green (named)'
28.9879 	EXP 	DelayTime: color = 'green (named)'
28.9879 	EXP 	DelayMoneyAmt: color = 'green (named)'
29.0043 	EXP 	DelayTime: color = 'green (named)'
29.0043 	EXP 	DelayMoneyAmt: color = 'green (named)'
29.0210 	EXP 	DelayTime: color = 'green (named)'
29.0210 	EXP 	DelayMoneyAmt: color = 'green (named)'
29.0380 	EXP 	DelayTime: color = 'green (named)'
29.0380 	EXP 	DelayMoneyAmt: color = 'green (named)'
29.0543 	EXP 	DelayTime: color = 'green (named)'
29.0543 	EXP 	DelayMoneyAmt: color = 'green (named)'
29.0710 	EXP 	DelayTime: color = 'green (named)'
29.0710 	EXP 	DelayMoneyAmt: color = 'green (named)'
29.0882 	EXP 	DelayTime: color = 'green (named)'
29.0882 	EXP 	DelayMoneyAmt: color = 'green (named)'
29.1045 	EXP 	DelayTime: color = 'green (named)'
29.1045 	EXP 	DelayMoneyAmt: color = 'green (named)'
29.1212 	EXP 	DelayTime: color = 'green (named)'
29.1212 	EXP 	DelayMoneyAmt: color = 'green (named)'
29.1381 	EXP 	DelayTime: color = 'green (named)'
29.1381 	EXP 	DelayMoneyAmt: color = 'green (named)'
29.1546 	EXP 	DelayTime: color = 'green (named)'
29.1546 	EXP 	DelayMoneyAmt: color = 'green (named)'
29.1714 	EXP 	DelayTime: color = 'green (named)'
29.1714 	EXP 	DelayMoneyAmt: color = 'green (named)'
29.1878 	EXP 	DelayTime: color = 'green (named)'
29.1878 	EXP 	DelayMoneyAmt: color = 'green (named)'
29.2049 	EXP 	DelayTime: color = 'green (named)'
29.2049 	EXP 	DelayMoneyAmt: color = 'green (named)'
29.2215 	EXP 	DelayTime: color = 'green (named)'
29.2215 	EXP 	DelayMoneyAmt: color = 'green (named)'
29.2379 	EXP 	DelayTime: color = 'green (named)'
29.2379 	EXP 	DelayMoneyAmt: color = 'green (named)'
29.2546 	EXP 	DelayTime: color = 'green (named)'
29.2546 	EXP 	DelayMoneyAmt: color = 'green (named)'
29.2714 	EXP 	DelayTime: color = 'green (named)'
29.2714 	EXP 	DelayMoneyAmt: color = 'green (named)'
29.2881 	EXP 	DelayTime: color = 'green (named)'
29.2881 	EXP 	DelayMoneyAmt: color = 'green (named)'
29.3051 	EXP 	DelayTime: color = 'green (named)'
29.3051 	EXP 	DelayMoneyAmt: color = 'green (named)'
29.3215 	EXP 	DelayTime: color = 'green (named)'
29.3215 	EXP 	DelayMoneyAmt: color = 'green (named)'
29.3384 	EXP 	DelayTime: color = 'green (named)'
29.3384 	EXP 	DelayMoneyAmt: color = 'green (named)'
29.3549 	EXP 	DelayTime: color = 'green (named)'
29.3549 	EXP 	DelayMoneyAmt: color = 'green (named)'
29.3715 	EXP 	DelayTime: color = 'green (named)'
29.3715 	EXP 	DelayMoneyAmt: color = 'green (named)'
29.3882 	EXP 	DelayTime: color = 'green (named)'
29.3882 	EXP 	DelayMoneyAmt: color = 'green (named)'
29.4048 	EXP 	DelayTime: color = 'green (named)'
29.4048 	EXP 	DelayMoneyAmt: color = 'green (named)'
29.4219 	EXP 	DelayTime: color = 'green (named)'
29.4219 	EXP 	DelayMoneyAmt: color = 'green (named)'
29.4383 	EXP 	DelayTime: color = 'green (named)'
29.4383 	EXP 	DelayMoneyAmt: color = 'green (named)'
29.4553 	EXP 	DelayTime: color = 'green (named)'
29.4553 	EXP 	DelayMoneyAmt: color = 'green (named)'
29.4716 	EXP 	DelayTime: color = 'green (named)'
29.4716 	EXP 	DelayMoneyAmt: color = 'green (named)'
29.4881 	EXP 	DelayTime: color = 'green (named)'
29.4881 	EXP 	DelayMoneyAmt: color = 'green (named)'
29.5051 	EXP 	DelayTime: color = 'green (named)'
29.5051 	EXP 	DelayMoneyAmt: color = 'green (named)'
29.5213 	EXP 	DelayTime: color = 'green (named)'
29.5213 	EXP 	DelayMoneyAmt: color = 'green (named)'
29.5381 	EXP 	DelayTime: color = 'green (named)'
29.5381 	EXP 	DelayMoneyAmt: color = 'green (named)'
29.5551 	EXP 	DelayTime: color = 'green (named)'
29.5551 	EXP 	DelayMoneyAmt: color = 'green (named)'
29.5720 	EXP 	DelayTime: color = 'green (named)'
29.5720 	EXP 	DelayMoneyAmt: color = 'green (named)'
29.5885 	EXP 	DelayTime: color = 'green (named)'
29.5885 	EXP 	DelayMoneyAmt: color = 'green (named)'
29.6049 	EXP 	DelayTime: color = 'green (named)'
29.6049 	EXP 	DelayMoneyAmt: color = 'green (named)'
29.6221 	EXP 	DelayTime: color = 'green (named)'
29.6221 	EXP 	DelayMoneyAmt: color = 'green (named)'
29.6384 	EXP 	DelayTime: color = 'green (named)'
29.6384 	EXP 	DelayMoneyAmt: color = 'green (named)'
29.6551 	EXP 	DelayTime: color = 'green (named)'
29.6551 	EXP 	DelayMoneyAmt: color = 'green (named)'
29.6718 	EXP 	DelayTime: color = 'green (named)'
29.6718 	EXP 	DelayMoneyAmt: color = 'green (named)'
29.6885 	EXP 	DelayTime: color = 'green (named)'
29.6885 	EXP 	DelayMoneyAmt: color = 'green (named)'
29.7051 	EXP 	DelayTime: color = 'green (named)'
29.7051 	EXP 	DelayMoneyAmt: color = 'green (named)'
29.7221 	EXP 	DelayTime: color = 'green (named)'
29.7221 	EXP 	DelayMoneyAmt: color = 'green (named)'
29.7385 	EXP 	DelayTime: color = 'green (named)'
29.7385 	EXP 	DelayMoneyAmt: color = 'green (named)'
29.7552 	EXP 	DelayTime: color = 'green (named)'
29.7552 	EXP 	DelayMoneyAmt: color = 'green (named)'
29.7717 	EXP 	DelayTime: color = 'green (named)'
29.7717 	EXP 	DelayMoneyAmt: color = 'green (named)'
29.7890 	EXP 	DelayTime: color = 'green (named)'
29.7890 	EXP 	DelayMoneyAmt: color = 'green (named)'
29.8051 	EXP 	DelayTime: color = 'green (named)'
29.8051 	EXP 	DelayMoneyAmt: color = 'green (named)'
29.8222 	EXP 	DelayTime: color = 'green (named)'
29.8222 	EXP 	DelayMoneyAmt: color = 'green (named)'
29.8390 	EXP 	DelayTime: color = 'green (named)'
29.8390 	EXP 	DelayMoneyAmt: color = 'green (named)'
29.8556 	EXP 	DelayTime: color = 'green (named)'
29.8556 	EXP 	DelayMoneyAmt: color = 'green (named)'
29.8720 	EXP 	DelayTime: color = 'green (named)'
29.8720 	EXP 	DelayMoneyAmt: color = 'green (named)'
29.8886 	EXP 	DelayTime: color = 'green (named)'
29.8886 	EXP 	DelayMoneyAmt: color = 'green (named)'
29.9054 	EXP 	DelayTime: color = 'green (named)'
29.9054 	EXP 	DelayMoneyAmt: color = 'green (named)'
29.9220 	EXP 	DelayTime: color = 'green (named)'
29.9220 	EXP 	DelayMoneyAmt: color = 'green (named)'
29.9387 	EXP 	DelayTime: color = 'green (named)'
29.9387 	EXP 	DelayMoneyAmt: color = 'green (named)'
29.9554 	EXP 	DelayTime: color = 'green (named)'
29.9554 	EXP 	DelayMoneyAmt: color = 'green (named)'
29.9719 	EXP 	DelayTime: color = 'green (named)'
29.9719 	EXP 	DelayMoneyAmt: color = 'green (named)'
29.9891 	EXP 	DelayTime: color = 'green (named)'
29.9891 	EXP 	DelayMoneyAmt: color = 'green (named)'
30.0054 	EXP 	DelayTime: color = 'green (named)'
30.0054 	EXP 	DelayMoneyAmt: color = 'green (named)'
30.0218 	EXP 	DelayTime: color = 'green (named)'
30.0218 	EXP 	DelayMoneyAmt: color = 'green (named)'
30.0386 	EXP 	DelayTime: color = 'green (named)'
30.0386 	EXP 	DelayMoneyAmt: color = 'green (named)'
30.0553 	EXP 	DelayTime: color = 'green (named)'
30.0553 	EXP 	DelayMoneyAmt: color = 'green (named)'
30.0719 	EXP 	DelayTime: color = 'green (named)'
30.0719 	EXP 	DelayMoneyAmt: color = 'green (named)'
30.0889 	EXP 	DelayTime: color = 'green (named)'
30.0889 	EXP 	DelayMoneyAmt: color = 'green (named)'
30.1054 	EXP 	DelayTime: color = 'green (named)'
30.1054 	EXP 	DelayMoneyAmt: color = 'green (named)'
30.1223 	EXP 	DelayTime: color = 'green (named)'
30.1223 	EXP 	DelayMoneyAmt: color = 'green (named)'
30.1389 	EXP 	DelayTime: color = 'green (named)'
30.1389 	EXP 	DelayMoneyAmt: color = 'green (named)'
30.1557 	EXP 	DelayTime: color = 'green (named)'
30.1557 	EXP 	DelayMoneyAmt: color = 'green (named)'
30.1721 	EXP 	DelayTime: color = 'green (named)'
30.1721 	EXP 	DelayMoneyAmt: color = 'green (named)'
30.1888 	EXP 	DelayTime: color = 'green (named)'
30.1888 	EXP 	DelayMoneyAmt: color = 'green (named)'
30.2057 	EXP 	DelayTime: color = 'green (named)'
30.2057 	EXP 	DelayMoneyAmt: color = 'green (named)'
30.2221 	EXP 	DelayTime: color = 'green (named)'
30.2221 	EXP 	DelayMoneyAmt: color = 'green (named)'
30.2390 	EXP 	DelayTime: color = 'green (named)'
30.2390 	EXP 	DelayMoneyAmt: color = 'green (named)'
30.2556 	EXP 	DelayTime: color = 'green (named)'
30.2556 	EXP 	DelayMoneyAmt: color = 'green (named)'
30.2722 	EXP 	DelayTime: color = 'green (named)'
30.2722 	EXP 	DelayMoneyAmt: color = 'green (named)'
30.2887 	EXP 	DelayTime: color = 'green (named)'
30.2887 	EXP 	DelayMoneyAmt: color = 'green (named)'
30.3056 	EXP 	DelayTime: color = 'green (named)'
30.3056 	EXP 	DelayMoneyAmt: color = 'green (named)'
30.3224 	EXP 	DelayTime: color = 'green (named)'
30.3224 	EXP 	DelayMoneyAmt: color = 'green (named)'
30.3392 	EXP 	DelayTime: color = 'green (named)'
30.3392 	EXP 	DelayMoneyAmt: color = 'green (named)'
30.3557 	EXP 	DelayTime: color = 'green (named)'
30.3557 	EXP 	DelayMoneyAmt: color = 'green (named)'
30.3723 	EXP 	DelayTime: color = 'green (named)'
30.3723 	EXP 	DelayMoneyAmt: color = 'green (named)'
30.3888 	EXP 	DelayTime: color = 'green (named)'
30.3888 	EXP 	DelayMoneyAmt: color = 'green (named)'
30.4054 	EXP 	DelayTime: color = 'green (named)'
30.4054 	EXP 	DelayMoneyAmt: color = 'green (named)'
30.4224 	EXP 	DelayTime: color = 'green (named)'
30.4224 	EXP 	DelayMoneyAmt: color = 'green (named)'
30.4391 	EXP 	DelayTime: color = 'green (named)'
30.4391 	EXP 	DelayMoneyAmt: color = 'green (named)'
30.4559 	EXP 	DelayTime: color = 'green (named)'
30.4559 	EXP 	DelayMoneyAmt: color = 'green (named)'
30.4725 	EXP 	DelayTime: color = 'green (named)'
30.4725 	EXP 	DelayMoneyAmt: color = 'green (named)'
30.4892 	EXP 	DelayTime: color = 'green (named)'
30.4892 	EXP 	DelayMoneyAmt: color = 'green (named)'
30.5058 	EXP 	DelayTime: color = 'green (named)'
30.5058 	EXP 	DelayMoneyAmt: color = 'green (named)'
30.5225 	EXP 	DelayTime: color = 'green (named)'
30.5225 	EXP 	DelayMoneyAmt: color = 'green (named)'
30.5394 	EXP 	DelayTime: color = 'green (named)'
30.5394 	EXP 	DelayMoneyAmt: color = 'green (named)'
30.5559 	EXP 	DelayTime: color = 'green (named)'
30.5559 	EXP 	DelayMoneyAmt: color = 'green (named)'
30.5727 	EXP 	DelayTime: color = 'green (named)'
30.5727 	EXP 	DelayMoneyAmt: color = 'green (named)'
30.5892 	EXP 	DelayTime: color = 'green (named)'
30.5892 	EXP 	DelayMoneyAmt: color = 'green (named)'
30.6060 	EXP 	DelayTime: color = 'green (named)'
30.6060 	EXP 	DelayMoneyAmt: color = 'green (named)'
30.6225 	EXP 	DelayTime: color = 'green (named)'
30.6225 	EXP 	DelayMoneyAmt: color = 'green (named)'
30.6393 	EXP 	DelayTime: color = 'green (named)'
30.6393 	EXP 	DelayMoneyAmt: color = 'green (named)'
30.6559 	EXP 	DelayTime: color = 'green (named)'
30.6559 	EXP 	DelayMoneyAmt: color = 'green (named)'
30.6727 	EXP 	DelayTime: color = 'green (named)'
30.6727 	EXP 	DelayMoneyAmt: color = 'green (named)'
30.6893 	EXP 	DelayTime: color = 'green (named)'
30.6893 	EXP 	DelayMoneyAmt: color = 'green (named)'
30.7061 	EXP 	DelayTime: color = 'green (named)'
30.7061 	EXP 	DelayMoneyAmt: color = 'green (named)'
30.7231 	EXP 	DelayTime: color = 'green (named)'
30.7231 	EXP 	DelayMoneyAmt: color = 'green (named)'
30.7392 	EXP 	DelayTime: color = 'green (named)'
30.7392 	EXP 	DelayMoneyAmt: color = 'green (named)'
30.7558 	EXP 	DelayTime: color = 'green (named)'
30.7558 	EXP 	DelayMoneyAmt: color = 'green (named)'
30.7730 	EXP 	DelayTime: color = 'green (named)'
30.7730 	EXP 	DelayMoneyAmt: color = 'green (named)'
30.7896 	EXP 	DelayTime: color = 'green (named)'
30.7896 	EXP 	DelayMoneyAmt: color = 'green (named)'
30.8061 	EXP 	DelayTime: color = 'green (named)'
30.8061 	EXP 	DelayMoneyAmt: color = 'green (named)'
30.8227 	EXP 	DelayTime: color = 'green (named)'
30.8227 	EXP 	DelayMoneyAmt: color = 'green (named)'
30.8397 	EXP 	DelayTime: color = 'green (named)'
30.8397 	EXP 	DelayMoneyAmt: color = 'green (named)'
30.8558 	EXP 	DelayTime: color = 'green (named)'
30.8558 	EXP 	DelayMoneyAmt: color = 'green (named)'
30.8725 	EXP 	DelayTime: color = 'green (named)'
30.8725 	EXP 	DelayMoneyAmt: color = 'green (named)'
30.8894 	EXP 	DelayTime: color = 'green (named)'
30.8894 	EXP 	DelayMoneyAmt: color = 'green (named)'
30.9062 	EXP 	DelayTime: color = 'green (named)'
30.9062 	EXP 	DelayMoneyAmt: color = 'green (named)'
30.9230 	EXP 	DelayTime: color = 'green (named)'
30.9230 	EXP 	DelayMoneyAmt: color = 'green (named)'
30.9393 	EXP 	DelayTime: color = 'green (named)'
30.9393 	EXP 	DelayMoneyAmt: color = 'green (named)'
30.9562 	EXP 	DelayTime: color = 'green (named)'
30.9562 	EXP 	DelayMoneyAmt: color = 'green (named)'
30.9732 	EXP 	DelayTime: color = 'green (named)'
30.9732 	EXP 	DelayMoneyAmt: color = 'green (named)'
30.9896 	EXP 	DelayTime: color = 'green (named)'
30.9896 	EXP 	DelayMoneyAmt: color = 'green (named)'
31.0063 	EXP 	DelayTime: color = 'green (named)'
31.0063 	EXP 	DelayMoneyAmt: color = 'green (named)'
31.0229 	EXP 	DelayTime: color = 'green (named)'
31.0229 	EXP 	DelayMoneyAmt: color = 'green (named)'
31.0397 	EXP 	DelayTime: color = 'green (named)'
31.0397 	EXP 	DelayMoneyAmt: color = 'green (named)'
31.0561 	EXP 	DelayTime: color = 'green (named)'
31.0561 	EXP 	DelayMoneyAmt: color = 'green (named)'
31.0729 	EXP 	DelayTime: color = 'green (named)'
31.0729 	EXP 	DelayMoneyAmt: color = 'green (named)'
31.0897 	EXP 	DelayTime: color = 'green (named)'
31.0897 	EXP 	DelayMoneyAmt: color = 'green (named)'
31.1066 	EXP 	DelayTime: color = 'green (named)'
31.1066 	EXP 	DelayMoneyAmt: color = 'green (named)'
31.1233 	EXP 	DelayTime: color = 'green (named)'
31.1233 	EXP 	DelayMoneyAmt: color = 'green (named)'
31.1394 	EXP 	DelayTime: color = 'green (named)'
31.1394 	EXP 	DelayMoneyAmt: color = 'green (named)'
31.1566 	EXP 	DelayTime: color = 'green (named)'
31.1566 	EXP 	DelayMoneyAmt: color = 'green (named)'
31.1731 	EXP 	DelayTime: color = 'green (named)'
31.1731 	EXP 	DelayMoneyAmt: color = 'green (named)'
31.1898 	EXP 	DelayTime: color = 'green (named)'
31.1898 	EXP 	DelayMoneyAmt: color = 'green (named)'
31.1932 	EXP 	New trial (rep=0, index=2): OrderedDict([('ImMoney', '$20 '), ('DelayMoney', '$37 '), ('DelayDays', 'in 32 days')])
31.2066 	EXP 	Line: autoDraw = False
31.2066 	EXP 	ImmedMoneyAmt: autoDraw = False
31.2066 	EXP 	DelayMoneyAmt: autoDraw = False
31.2066 	EXP 	Immedtoday: autoDraw = False
31.2066 	EXP 	DelayTime: autoDraw = False
31.2066 	EXP 	DelayTime: color = 'green (named)'
31.2066 	EXP 	DelayMoneyAmt: color = 'green (named)'
31.2066 	EXP 	Line: autoDraw = False
31.2066 	EXP 	ImmedMoneyAmt: autoDraw = False
31.2066 	EXP 	DelayMoneyAmt: autoDraw = False
31.2066 	EXP 	Immedtoday: autoDraw = False
31.2066 	EXP 	DelayTime: autoDraw = False
31.2066 	EXP 	blank: autoDraw = False
31.2066 	EXP 	ImmedMoneyAmt: color = 'white (named)'
31.2066 	EXP 	Immedtoday: color = 'white (named)'
31.2066 	EXP 	DelayTime: color = 'white (named)'
31.2066 	EXP 	DelayMoneyAmt: color = 'white (named)'
31.2066 	EXP 	ImmedMoneyAmt: autoDraw = False
31.2066 	EXP 	Immedtoday: autoDraw = False
31.2066 	EXP 	DelayTime: autoDraw = False
31.2066 	EXP 	DelayMoneyAmt: autoDraw = False
31.2066 	EXP 	Line: autoDraw = False
31.2066 	EXP 	isi2: text = '+'
31.2066 	EXP 	isi2: autoDraw = True
33.2352 	EXP 	isi2: autoDraw = False
33.2352 	EXP 	isi2: autoDraw = False
33.2352 	EXP 	Line: size = array([3. , 0.5])
33.2352 	EXP 	Line: fillColor = '[-1. -1. -1.] (rgb)'
33.2352 	EXP 	Line: lineColor = '[-1. -1. -1.] (rgb)'
33.2352 	EXP 	Line: lineWidth = 7.0
33.2352 	EXP 	ImmedMoneyAmt: color = 'white (named)'
33.2352 	EXP 	ImmedMoneyAmt: pos = array([-0.41,  0.15])
33.2352 	EXP 	ImmedMoneyAmt: text = '$20 '
33.2352 	EXP 	ImmedMoneyAmt: font = 'Arial'
33.2352 	EXP 	ImmedMoneyAmt: height = 0.12
33.2352 	EXP 	DelayMoneyAmt: color = 'white (named)'
33.2352 	EXP 	DelayMoneyAmt: pos = array([0.41, 0.15])
33.2352 	EXP 	DelayMoneyAmt: text = '$37 '
33.2352 	EXP 	DelayMoneyAmt: font = 'Arial'
33.2352 	EXP 	DelayMoneyAmt: height = 0.12
33.2352 	EXP 	Immedtoday: color = 'white (named)'
33.2352 	EXP 	Immedtoday: pos = array([-0.41, -0.1 ])
33.2352 	EXP 	Immedtoday: text = 'today'
33.2352 	EXP 	Immedtoday: font = 'Arial'
33.2352 	EXP 	Immedtoday: height = 0.12
33.2352 	EXP 	DelayTime: color = 'white (named)'
33.2352 	EXP 	DelayTime: pos = array([ 0.41, -0.1 ])
33.2352 	EXP 	DelayTime: text = 'in 32 days'
33.2352 	EXP 	DelayTime: font = 'Arial'
33.2352 	EXP 	DelayTime: height = 0.12
33.2352 	EXP 	ImmedMoneyAmt: text = '$20 '
33.2352 	EXP 	DelayMoneyAmt: text = '$37 '
33.2352 	EXP 	Immedtoday: text = 'today'
33.2352 	EXP 	DelayTime: text = 'in 32 days'
33.2352 	EXP 	blank: text = ''
33.2352 	EXP 	Line: autoDraw = True
33.2352 	EXP 	ImmedMoneyAmt: autoDraw = True
33.2352 	EXP 	DelayMoneyAmt: autoDraw = True
33.2352 	EXP 	Immedtoday: autoDraw = True
33.2352 	EXP 	DelayTime: autoDraw = True
33.2352 	EXP 	blank: autoDraw = True
33.2352 	EXP 	ImmedMoneyAmt: text = '$20 '
33.2352 	EXP 	DelayMoneyAmt: text = '$37 '
33.2352 	EXP 	Immedtoday: text = 'today'
33.2352 	EXP 	DelayTime: text = 'in 32 days'
34.7425 	EXP 	blank: autoDraw = False
37.2450 	EXP 	Line: autoDraw = False
37.2450 	EXP 	ImmedMoneyAmt: autoDraw = False
37.2450 	EXP 	DelayMoneyAmt: autoDraw = False
37.2450 	EXP 	Immedtoday: autoDraw = False
37.2450 	EXP 	DelayTime: autoDraw = False
37.2450 	EXP 	Line: autoDraw = False
37.2450 	EXP 	ImmedMoneyAmt: autoDraw = False
37.2450 	EXP 	DelayMoneyAmt: autoDraw = False
37.2450 	EXP 	Immedtoday: autoDraw = False
37.2450 	EXP 	DelayTime: autoDraw = False
37.2450 	EXP 	blank: autoDraw = False
37.2450 	EXP 	ImmedMoneyAmt: color = 'white (named)'
37.2450 	EXP 	Immedtoday: color = 'white (named)'
37.2450 	EXP 	DelayTime: color = 'white (named)'
37.2450 	EXP 	DelayMoneyAmt: color = 'white (named)'
37.2450 	EXP 	ImmedMoneyAmt: autoDraw = False
37.2450 	EXP 	Immedtoday: autoDraw = False
37.2450 	EXP 	DelayTime: autoDraw = False
37.2450 	EXP 	DelayMoneyAmt: autoDraw = False
37.2450 	EXP 	Line: autoDraw = False
37.2450 	EXP 	text_2: autoDraw = True
40.2349 	EXP 	Imported DelayDiscountingCues.csv as conditions, 7 conditions, 3 params
40.2350 	EXP 	Created sequence: sequential, trialTypes=7, nReps=1, seed=None
40.2352 	EXP 	New trial (rep=0, index=0): OrderedDict([('CueType1', 'REGULATE'), ('rows', '000:003'), ('CueType2', 'REACT')])
40.2470 	EXP 	text_2: autoDraw = False
40.2470 	EXP 	text_2: autoDraw = False
40.2470 	EXP 	isi2: text = '+'
40.2470 	EXP 	isi2: autoDraw = True
42.2547 	EXP 	window1: mouseVisible = True
