6.2719 	WARNING 	User requested fullscreen with size [1024  768], but screen is actually [1920, 1200]. Using actual size
7.0872 	EXP 	Created window1 = Window(allowGUI=False, allowStencil=False, args=UNKNOWN, autoLog=True, bitsMode=UNKNOWN, blendMode='avg', color=array([0., 0., 0.]), colorSpace='rgb', fullscr=<method-wrapper '__getattribute__' of attributeSetter object at 0x000002BAE256A7F0>, gamma=None, gammaErrorPolicy='raise', kwargs=UNKNOWN, lms=UNKNOWN, monitor=<psychopy.monitors.calibTools.Monitor object at 0x000002BAE267EFD0>, multiSample=False, name='window1', numSamples=2, pos=[0.0, 0.0], screen=0, size=array([1920, 1200]), stereo=False, units='height', useFBO=True, useRetina=False, viewOri=0.0, viewPos=None, viewScale=None, waitBlanking=True, winType='pyglet')
7.0872 	EXP 	window1: recordFrameIntervals = False
7.2535 	EXP 	window1: recordFrameIntervals = True
7.4368 	EXP 	window1: recordFrameIntervals = False
8.5873 	EXP 	Created Instructions = TextStim(__class__=<class 'psychopy.visual.text.TextStim'>, alignHoriz='center', alignVert='center', antialias=True, autoLog=True, bold=False, color='white', colorSpace='named', contrast=1.0, depth=0.0, flipHoriz=False, flipVert=False, font='Arial', fontFiles=[], height=1.0, italic=False, languageStyle='LTR', name='Instructions', opacity=1.0, ori=0, pos=array([0., 0.]), rgb=array([255., 255., 255.]), text='default text', units='height', win=Window(...), wrapWidth=1.4)
8.6575 	EXP 	Created instruct2 = TextStim(__class__=<class 'psychopy.visual.text.TextStim'>, alignHoriz='center', alignVert='center', antialias=True, autoLog=True, bold=False, color='white', colorSpace='named', contrast=1.0, depth=0.0, flipHoriz=False, flipVert=False, font='Arial', fontFiles=[], height=0.055, italic=False, languageStyle='LTR', name='instruct2', opacity=1.0, ori=0, pos=array([0., 0.]), rgb=array([255., 255., 255.]), text=str(...), units='height', win=Window(...), wrapWidth=1.4)
8.6755 	EXP 	Created isi2 = TextStim(__class__=<class 'psychopy.visual.text.TextStim'>, alignHoriz='center', alignVert='center', antialias=True, autoLog=True, bold=False, color='white', colorSpace='named', contrast=1.0, depth=0.0, flipHoriz=False, flipVert=False, font='Arial', fontFiles=[], height=0.1, italic=False, languageStyle='LTR', name='isi2', opacity=1.0, ori=0, pos=array([0., 0.]), rgb=array([255., 255., 255.]), text='default text', units='height', win=Window(...), wrapWidth=1)
8.6968 	EXP 	Created text = TextStim(__class__=<class 'psychopy.visual.text.TextStim'>, alignHoriz='center', alignVert='center', antialias=True, autoLog=True, bold=False, color='white', colorSpace='named', contrast=1.0, depth=0.0, flipHoriz=False, flipVert=False, font='Arial', fontFiles=[], height=0.13, italic=False, languageStyle='LTR', name='text', opacity=1.0, ori=0, pos=array([0., 0.]), rgb=array([255., 255., 255.]), text='REGULATE', units='height', win=Window(...), wrapWidth=1)
8.7009 	EXP 	Created isi2 = TextStim(__class__=<class 'psychopy.visual.text.TextStim'>, alignHoriz='center', alignVert='center', antialias=True, autoLog=True, bold=False, color='white', colorSpace='named', contrast=1.0, depth=0.0, flipHoriz=False, flipVert=False, font='Arial', fontFiles=[], height=0.1, italic=False, languageStyle='LTR', name='isi2', opacity=1.0, ori=0, pos=array([0., 0.]), rgb=array([255., 255., 255.]), text='default text', units='height', win=Window(...), wrapWidth=1)
8.7026 	EXP 	Created Line = Line(__class__=<class 'psychopy.visual.line.Line'>, autoDraw=False, autoLog=True, closeShape=False, contrast=1.0, depth=0.0, fillColor=None, fillColorSpace='rgb', interpolate=True, lineColor=array([1., 1., 1.]), lineColorSpace='rgb', lineWidth=1.0, name='Line', opacity=1.0, ori=array(90.), pos=array([0., 0.]), size=array([1., 1.]), units='height', vertices=array([[-0.5,  0. ],
       [ 0.5,  0. ]]), win=Window(...), windingRule=None)
8.7060 	EXP 	Created ImmedMoneyAmt = TextStim(__class__=<class 'psychopy.visual.text.TextStim'>, alignHoriz='center', alignVert='center', antialias=True, autoLog=True, bold=False, color='white', colorSpace='named', contrast=1.0, depth=-2.0, flipHoriz=False, flipVert=False, font='Arial', fontFiles=[], height=1.0, italic=False, languageStyle='LTR', name='ImmedMoneyAmt', opacity=1.0, ori=0, pos=array([0., 0.]), rgb=array([255., 255., 255.]), text='default text', units='height', win=Window(...), wrapWidth=1)
8.7093 	EXP 	Created DelayMoneyAmt = TextStim(__class__=<class 'psychopy.visual.text.TextStim'>, alignHoriz='center', alignVert='center', antialias=True, autoLog=True, bold=False, color='white', colorSpace='named', contrast=1.0, depth=-3.0, flipHoriz=False, flipVert=False, font='Arial', fontFiles=[], height=1.0, italic=False, languageStyle='LTR', name='DelayMoneyAmt', opacity=1.0, ori=0, pos=array([0., 0.]), rgb=array([255., 255., 255.]), text='default text', units='height', win=Window(...), wrapWidth=1)
8.7123 	EXP 	Created Immedtoday = TextStim(__class__=<class 'psychopy.visual.text.TextStim'>, alignHoriz='center', alignVert='center', antialias=True, autoLog=True, bold=False, color='white', colorSpace='named', contrast=1.0, depth=-4.0, flipHoriz=False, flipVert=False, font='Arial', fontFiles=[], height=1.0, italic=False, languageStyle='LTR', name='Immedtoday', opacity=1.0, ori=0, pos=array([0., 0.]), rgb=array([255., 255., 255.]), text='default text', units='height', win=Window(...), wrapWidth=1)
8.7154 	EXP 	Created DelayTime = TextStim(__class__=<class 'psychopy.visual.text.TextStim'>, alignHoriz='center', alignVert='center', antialias=True, autoLog=True, bold=False, color='white', colorSpace='named', contrast=1.0, depth=-5.0, flipHoriz=False, flipVert=False, font='Arial', fontFiles=[], height=1.0, italic=False, languageStyle='LTR', name='DelayTime', opacity=1.0, ori=0, pos=array([0., 0.]), rgb=array([255., 255., 255.]), text='default text', units='height', win=Window(...), wrapWidth=1)
8.7158 	EXP 	Created blank = TextStim(__class__=<class 'psychopy.visual.text.TextStim'>, alignHoriz='center', alignVert='center', antialias=True, autoLog=True, bold=False, color='white', colorSpace='named', contrast=1.0, depth=-7.0, flipHoriz=False, flipVert=False, font='Arial', fontFiles=[], height=0.1, italic=False, languageStyle='LTR', name='blank', opacity=1.0, ori=0, pos=array([0., 0.]), rgb=array([255., 255., 255.]), text='', units='height', win=Window(...), wrapWidth=1)
8.7588 	EXP 	Created text_2 = TextStim(__class__=<class 'psychopy.visual.text.TextStim'>, alignHoriz='center', alignVert='center', antialias=True, autoLog=True, bold=False, color='white', colorSpace='named', contrast=1.0, depth=0.0, flipHoriz=False, flipVert=False, font='Arial', fontFiles=[], height=0.08, italic=False, languageStyle='LTR', name='text_2', opacity=1.0, ori=0, pos=array([0., 0.]), rgb=array([255., 255., 255.]), text=str(...), units='height', win=Window(...), wrapWidth=1.4)
8.7636 	EXP 	Created isi2 = TextStim(__class__=<class 'psychopy.visual.text.TextStim'>, alignHoriz='center', alignVert='center', antialias=True, autoLog=True, bold=False, color='white', colorSpace='named', contrast=1.0, depth=0.0, flipHoriz=False, flipVert=False, font='Arial', fontFiles=[], height=0.1, italic=False, languageStyle='LTR', name='isi2', opacity=1.0, ori=0, pos=array([0., 0.]), rgb=array([255., 255., 255.]), text='default text', units='height', win=Window(...), wrapWidth=1)
8.7645 	EXP 	Created cue = TextStim(__class__=<class 'psychopy.visual.text.TextStim'>, alignHoriz='center', alignVert='center', antialias=True, autoLog=True, bold=False, color='white', colorSpace='named', contrast=1.0, depth=0.0, flipHoriz=False, flipVert=False, font='Arial', fontFiles=[], height=0.15, italic=False, languageStyle='LTR', name='cue', opacity=1.0, ori=0, pos=array([0., 0.]), rgb=array([255., 255., 255.]), text='', units='height', win=Window(...), wrapWidth=1)
8.7690 	EXP 	Created isi2 = TextStim(__class__=<class 'psychopy.visual.text.TextStim'>, alignHoriz='center', alignVert='center', antialias=True, autoLog=True, bold=False, color='white', colorSpace='named', contrast=1.0, depth=0.0, flipHoriz=False, flipVert=False, font='Arial', fontFiles=[], height=0.1, italic=False, languageStyle='LTR', name='isi2', opacity=1.0, ori=0, pos=array([0., 0.]), rgb=array([255., 255., 255.]), text='default text', units='height', win=Window(...), wrapWidth=1)
8.7696 	EXP 	Created Line = Line(__class__=<class 'psychopy.visual.line.Line'>, autoDraw=False, autoLog=True, closeShape=False, contrast=1.0, depth=0.0, fillColor=None, fillColorSpace='rgb', interpolate=True, lineColor=array([1., 1., 1.]), lineColorSpace='rgb', lineWidth=1.0, name='Line', opacity=1.0, ori=array(90.), pos=array([0., 0.]), size=array([1., 1.]), units='height', vertices=array([[-0.5,  0. ],
       [ 0.5,  0. ]]), win=Window(...), windingRule=None)
8.7730 	EXP 	Created ImmedMoneyAmt = TextStim(__class__=<class 'psychopy.visual.text.TextStim'>, alignHoriz='center', alignVert='center', antialias=True, autoLog=True, bold=False, color='white', colorSpace='named', contrast=1.0, depth=-2.0, flipHoriz=False, flipVert=False, font='Arial', fontFiles=[], height=1.0, italic=False, languageStyle='LTR', name='ImmedMoneyAmt', opacity=1.0, ori=0, pos=array([0., 0.]), rgb=array([255., 255., 255.]), text='default text', units='height', win=Window(...), wrapWidth=1)
8.7763 	EXP 	Created DelayMoneyAmt = TextStim(__class__=<class 'psychopy.visual.text.TextStim'>, alignHoriz='center', alignVert='center', antialias=True, autoLog=True, bold=False, color='white', colorSpace='named', contrast=1.0, depth=-3.0, flipHoriz=False, flipVert=False, font='Arial', fontFiles=[], height=1.0, italic=False, languageStyle='LTR', name='DelayMoneyAmt', opacity=1.0, ori=0, pos=array([0., 0.]), rgb=array([255., 255., 255.]), text='default text', units='height', win=Window(...), wrapWidth=1)
8.7796 	EXP 	Created Immedtoday = TextStim(__class__=<class 'psychopy.visual.text.TextStim'>, alignHoriz='center', alignVert='center', antialias=True, autoLog=True, bold=False, color='white', colorSpace='named', contrast=1.0, depth=-4.0, flipHoriz=False, flipVert=False, font='Arial', fontFiles=[], height=1.0, italic=False, languageStyle='LTR', name='Immedtoday', opacity=1.0, ori=0, pos=array([0., 0.]), rgb=array([255., 255., 255.]), text='default text', units='height', win=Window(...), wrapWidth=1)
8.7834 	EXP 	Created DelayTime = TextStim(__class__=<class 'psychopy.visual.text.TextStim'>, alignHoriz='center', alignVert='center', antialias=True, autoLog=True, bold=False, color='white', colorSpace='named', contrast=1.0, depth=-5.0, flipHoriz=False, flipVert=False, font='Arial', fontFiles=[], height=1.0, italic=False, languageStyle='LTR', name='DelayTime', opacity=1.0, ori=0, pos=array([0., 0.]), rgb=array([255., 255., 255.]), text='default text', units='height', win=Window(...), wrapWidth=1)
8.7838 	EXP 	Created blank = TextStim(__class__=<class 'psychopy.visual.text.TextStim'>, alignHoriz='center', alignVert='center', antialias=True, autoLog=True, bold=False, color='white', colorSpace='named', contrast=1.0, depth=-7.0, flipHoriz=False, flipVert=False, font='Arial', fontFiles=[], height=0.1, italic=False, languageStyle='LTR', name='blank', opacity=1.0, ori=0, pos=array([0., 0.]), rgb=array([255., 255., 255.]), text='', units='height', win=Window(...), wrapWidth=1)
8.8252 	EXP 	Created ThankYou = TextStim(__class__=<class 'psychopy.visual.text.TextStim'>, alignHoriz='center', alignVert='center', antialias=True, autoLog=True, bold=False, color='white', colorSpace='named', contrast=1.0, depth=0.0, flipHoriz=False, flipVert=False, font='Arial', fontFiles=[], height=0.1, italic=False, languageStyle='LTR', name='ThankYou', opacity=1.0, ori=0, pos=array([0., 0.]), rgb=array([255., 255., 255.]), text=str(...), units='height', win=Window(...), wrapWidth=1)
10.9501 	EXP 	Instructions: color = 'white (named)'
10.9501 	EXP 	Instructions: pos = array([0., 0.])
10.9501 	EXP 	Instructions: text = 'In this task you will be choosing between two different monetary rewards. \n\nYou will be given a regulation strategy prior to a block of trials. Please employ the strategy given while making decisions.\n\nPress SPACE to continue.\n'
10.9501 	EXP 	Instructions: font = 'Arial'
10.9501 	EXP 	Instructions: height = 0.055
10.9501 	EXP 	Instructions: autoDraw = True
10.9501 	EXP 	Instructions: text = 'In this task you will be choosing between two different monetary rewards. \n\nYou will be given a regulation strategy prior to a block of trials. Please employ the strategy given while making decisions.\n\nPress SPACE to continue.\n'
11.4269 	DATA 	Mouse: Left button down, pos=(697,572)
11.4949 	DATA 	Mouse:  Left button up, pos=(697,572)
16.1475 	DATA 	Keypress: space
16.1770 	EXP 	Instructions: autoDraw = False
16.1770 	EXP 	instruct2: autoDraw = True
30.4824 	DATA 	Keypress: return
30.4893 	EXP 	instruct2: autoDraw = False
30.4893 	EXP 	isi2: text = '+'
30.4893 	EXP 	isi2: autoDraw = True
32.4905 	EXP 	isi2: autoDraw = False
32.4905 	EXP 	isi2: autoDraw = False
32.4905 	EXP 	text: autoDraw = True
36.4981 	EXP 	Imported DelayDiscountingAmt.csv as conditions, 3 conditions, 3 params
36.4982 	EXP 	Created sequence: sequential, trialTypes=3, nReps=1, seed=None
36.4984 	EXP 	New trial (rep=0, index=0): OrderedDict([('ImMoney', '$48 '), ('DelayMoney', '$49 '), ('DelayDays', 'in 15 days')])
36.5048 	EXP 	text: autoDraw = False
36.5048 	EXP 	isi2: text = '+'
36.5048 	EXP 	isi2: autoDraw = True
39.0698 	EXP 	isi2: autoDraw = False
39.0698 	EXP 	Line: size = array([3. , 0.5])
39.0698 	EXP 	Line: fillColor = '[-1. -1. -1.] (rgb)'
39.0698 	EXP 	Line: lineColor = '[-1. -1. -1.] (rgb)'
39.0698 	EXP 	Line: lineWidth = 7.0
39.0698 	EXP 	ImmedMoneyAmt: color = 'white (named)'
39.0698 	EXP 	ImmedMoneyAmt: pos = array([-0.41,  0.15])
39.0698 	EXP 	ImmedMoneyAmt: text = '$48 '
39.0698 	EXP 	ImmedMoneyAmt: font = 'Arial'
39.0698 	EXP 	ImmedMoneyAmt: height = 0.12
39.0698 	EXP 	DelayMoneyAmt: color = 'white (named)'
39.0698 	EXP 	DelayMoneyAmt: pos = array([0.41, 0.15])
39.0698 	EXP 	DelayMoneyAmt: text = '$49 '
39.0698 	EXP 	DelayMoneyAmt: font = 'Arial'
39.0698 	EXP 	DelayMoneyAmt: height = 0.12
39.0698 	EXP 	Immedtoday: color = 'white (named)'
39.0698 	EXP 	Immedtoday: pos = array([-0.41, -0.1 ])
39.0698 	EXP 	Immedtoday: text = 'today'
39.0698 	EXP 	Immedtoday: font = 'Arial'
39.0698 	EXP 	Immedtoday: height = 0.12
39.0698 	EXP 	DelayTime: color = 'white (named)'
39.0698 	EXP 	DelayTime: pos = array([ 0.41, -0.1 ])
39.0698 	EXP 	DelayTime: text = 'in 15 days'
39.0698 	EXP 	DelayTime: font = 'Arial'
39.0698 	EXP 	DelayTime: height = 0.12
39.0698 	EXP 	ImmedMoneyAmt: text = '$48 '
39.0698 	EXP 	DelayMoneyAmt: text = '$49 '
39.0698 	EXP 	Immedtoday: text = 'today'
39.0698 	EXP 	DelayTime: text = 'in 15 days'
39.0698 	EXP 	blank: text = ''
39.0698 	EXP 	Line: autoDraw = True
39.0698 	EXP 	ImmedMoneyAmt: autoDraw = True
39.0698 	EXP 	DelayMoneyAmt: autoDraw = True
39.0698 	EXP 	Immedtoday: autoDraw = True
39.0698 	EXP 	DelayTime: autoDraw = True
39.0698 	EXP 	blank: autoDraw = True
39.0698 	EXP 	ImmedMoneyAmt: text = '$48 '
39.0698 	EXP 	DelayMoneyAmt: text = '$49 '
39.0698 	EXP 	Immedtoday: text = 'today'
39.0698 	EXP 	DelayTime: text = 'in 15 days'
40.4521 	DATA 	Keypress: 2
40.4637 	EXP 	DelayTime: color = 'green (named)'
40.4637 	EXP 	DelayMoneyAmt: color = 'green (named)'
40.4806 	EXP 	DelayTime: color = 'green (named)'
40.4806 	EXP 	DelayMoneyAmt: color = 'green (named)'
40.4972 	EXP 	DelayTime: color = 'green (named)'
40.4972 	EXP 	DelayMoneyAmt: color = 'green (named)'
40.5140 	EXP 	DelayTime: color = 'green (named)'
40.5140 	EXP 	DelayMoneyAmt: color = 'green (named)'
40.5304 	EXP 	DelayTime: color = 'green (named)'
40.5304 	EXP 	DelayMoneyAmt: color = 'green (named)'
40.5473 	EXP 	DelayTime: color = 'green (named)'
40.5473 	EXP 	DelayMoneyAmt: color = 'green (named)'
40.5638 	EXP 	DelayTime: color = 'green (named)'
40.5638 	EXP 	DelayMoneyAmt: color = 'green (named)'
40.5806 	EXP 	DelayTime: color = 'green (named)'
40.5806 	EXP 	DelayMoneyAmt: color = 'green (named)'
40.5806 	EXP 	blank: autoDraw = False
40.5973 	EXP 	DelayTime: color = 'green (named)'
40.5973 	EXP 	DelayMoneyAmt: color = 'green (named)'
40.6137 	EXP 	DelayTime: color = 'green (named)'
40.6137 	EXP 	DelayMoneyAmt: color = 'green (named)'
40.6308 	EXP 	DelayTime: color = 'green (named)'
40.6308 	EXP 	DelayMoneyAmt: color = 'green (named)'
40.6474 	EXP 	DelayTime: color = 'green (named)'
40.6474 	EXP 	DelayMoneyAmt: color = 'green (named)'
40.6638 	EXP 	DelayTime: color = 'green (named)'
40.6638 	EXP 	DelayMoneyAmt: color = 'green (named)'
40.6809 	EXP 	DelayTime: color = 'green (named)'
40.6809 	EXP 	DelayMoneyAmt: color = 'green (named)'
40.6973 	EXP 	DelayTime: color = 'green (named)'
40.6973 	EXP 	DelayMoneyAmt: color = 'green (named)'
40.7141 	EXP 	DelayTime: color = 'green (named)'
40.7141 	EXP 	DelayMoneyAmt: color = 'green (named)'
40.7308 	EXP 	DelayTime: color = 'green (named)'
40.7308 	EXP 	DelayMoneyAmt: color = 'green (named)'
40.7475 	EXP 	DelayTime: color = 'green (named)'
40.7475 	EXP 	DelayMoneyAmt: color = 'green (named)'
40.7638 	EXP 	DelayTime: color = 'green (named)'
40.7638 	EXP 	DelayMoneyAmt: color = 'green (named)'
40.7805 	EXP 	DelayTime: color = 'green (named)'
40.7805 	EXP 	DelayMoneyAmt: color = 'green (named)'
40.7974 	EXP 	DelayTime: color = 'green (named)'
40.7974 	EXP 	DelayMoneyAmt: color = 'green (named)'
40.8139 	EXP 	DelayTime: color = 'green (named)'
40.8139 	EXP 	DelayMoneyAmt: color = 'green (named)'
40.8308 	EXP 	DelayTime: color = 'green (named)'
40.8308 	EXP 	DelayMoneyAmt: color = 'green (named)'
40.8476 	EXP 	DelayTime: color = 'green (named)'
40.8476 	EXP 	DelayMoneyAmt: color = 'green (named)'
40.8641 	EXP 	DelayTime: color = 'green (named)'
40.8641 	EXP 	DelayMoneyAmt: color = 'green (named)'
40.8809 	EXP 	DelayTime: color = 'green (named)'
40.8809 	EXP 	DelayMoneyAmt: color = 'green (named)'
40.8971 	EXP 	DelayTime: color = 'green (named)'
40.8971 	EXP 	DelayMoneyAmt: color = 'green (named)'
40.9140 	EXP 	DelayTime: color = 'green (named)'
40.9140 	EXP 	DelayMoneyAmt: color = 'green (named)'
40.9307 	EXP 	DelayTime: color = 'green (named)'
40.9307 	EXP 	DelayMoneyAmt: color = 'green (named)'
40.9476 	EXP 	DelayTime: color = 'green (named)'
40.9476 	EXP 	DelayMoneyAmt: color = 'green (named)'
40.9640 	EXP 	DelayTime: color = 'green (named)'
40.9640 	EXP 	DelayMoneyAmt: color = 'green (named)'
40.9809 	EXP 	DelayTime: color = 'green (named)'
40.9809 	EXP 	DelayMoneyAmt: color = 'green (named)'
40.9976 	EXP 	DelayTime: color = 'green (named)'
40.9976 	EXP 	DelayMoneyAmt: color = 'green (named)'
41.0144 	EXP 	DelayTime: color = 'green (named)'
41.0144 	EXP 	DelayMoneyAmt: color = 'green (named)'
41.0310 	EXP 	DelayTime: color = 'green (named)'
41.0310 	EXP 	DelayMoneyAmt: color = 'green (named)'
41.0477 	EXP 	DelayTime: color = 'green (named)'
41.0477 	EXP 	DelayMoneyAmt: color = 'green (named)'
41.0644 	EXP 	DelayTime: color = 'green (named)'
41.0644 	EXP 	DelayMoneyAmt: color = 'green (named)'
41.0811 	EXP 	DelayTime: color = 'green (named)'
41.0811 	EXP 	DelayMoneyAmt: color = 'green (named)'
41.0976 	EXP 	DelayTime: color = 'green (named)'
41.0976 	EXP 	DelayMoneyAmt: color = 'green (named)'
41.1143 	EXP 	DelayTime: color = 'green (named)'
41.1143 	EXP 	DelayMoneyAmt: color = 'green (named)'
41.1312 	EXP 	DelayTime: color = 'green (named)'
41.1312 	EXP 	DelayMoneyAmt: color = 'green (named)'
41.1478 	EXP 	DelayTime: color = 'green (named)'
41.1478 	EXP 	DelayMoneyAmt: color = 'green (named)'
41.1645 	EXP 	DelayTime: color = 'green (named)'
41.1645 	EXP 	DelayMoneyAmt: color = 'green (named)'
41.1812 	EXP 	DelayTime: color = 'green (named)'
41.1812 	EXP 	DelayMoneyAmt: color = 'green (named)'
41.1978 	EXP 	DelayTime: color = 'green (named)'
41.1978 	EXP 	DelayMoneyAmt: color = 'green (named)'
41.2143 	EXP 	DelayTime: color = 'green (named)'
41.2143 	EXP 	DelayMoneyAmt: color = 'green (named)'
41.2312 	EXP 	DelayTime: color = 'green (named)'
41.2312 	EXP 	DelayMoneyAmt: color = 'green (named)'
41.2477 	EXP 	DelayTime: color = 'green (named)'
41.2477 	EXP 	DelayMoneyAmt: color = 'green (named)'
41.2644 	EXP 	DelayTime: color = 'green (named)'
41.2644 	EXP 	DelayMoneyAmt: color = 'green (named)'
41.2812 	EXP 	DelayTime: color = 'green (named)'
41.2812 	EXP 	DelayMoneyAmt: color = 'green (named)'
41.2978 	EXP 	DelayTime: color = 'green (named)'
41.2978 	EXP 	DelayMoneyAmt: color = 'green (named)'
41.3142 	EXP 	DelayTime: color = 'green (named)'
41.3142 	EXP 	DelayMoneyAmt: color = 'green (named)'
41.3312 	EXP 	DelayTime: color = 'green (named)'
41.3312 	EXP 	DelayMoneyAmt: color = 'green (named)'
41.3478 	EXP 	DelayTime: color = 'green (named)'
41.3478 	EXP 	DelayMoneyAmt: color = 'green (named)'
41.3646 	EXP 	DelayTime: color = 'green (named)'
41.3646 	EXP 	DelayMoneyAmt: color = 'green (named)'
41.3812 	EXP 	DelayTime: color = 'green (named)'
41.3812 	EXP 	DelayMoneyAmt: color = 'green (named)'
41.3980 	EXP 	DelayTime: color = 'green (named)'
41.3980 	EXP 	DelayMoneyAmt: color = 'green (named)'
41.4144 	EXP 	DelayTime: color = 'green (named)'
41.4144 	EXP 	DelayMoneyAmt: color = 'green (named)'
41.4311 	EXP 	DelayTime: color = 'green (named)'
41.4311 	EXP 	DelayMoneyAmt: color = 'green (named)'
41.4481 	EXP 	DelayTime: color = 'green (named)'
41.4481 	EXP 	DelayMoneyAmt: color = 'green (named)'
41.4644 	EXP 	DelayTime: color = 'green (named)'
41.4644 	EXP 	DelayMoneyAmt: color = 'green (named)'
41.4815 	EXP 	DelayTime: color = 'green (named)'
41.4815 	EXP 	DelayMoneyAmt: color = 'green (named)'
41.4979 	EXP 	DelayTime: color = 'green (named)'
41.4979 	EXP 	DelayMoneyAmt: color = 'green (named)'
41.5146 	EXP 	DelayTime: color = 'green (named)'
41.5146 	EXP 	DelayMoneyAmt: color = 'green (named)'
41.5315 	EXP 	DelayTime: color = 'green (named)'
41.5315 	EXP 	DelayMoneyAmt: color = 'green (named)'
41.5480 	EXP 	DelayTime: color = 'green (named)'
41.5480 	EXP 	DelayMoneyAmt: color = 'green (named)'
41.5648 	EXP 	DelayTime: color = 'green (named)'
41.5648 	EXP 	DelayMoneyAmt: color = 'green (named)'
41.5815 	EXP 	DelayTime: color = 'green (named)'
41.5815 	EXP 	DelayMoneyAmt: color = 'green (named)'
41.5982 	EXP 	DelayTime: color = 'green (named)'
41.5982 	EXP 	DelayMoneyAmt: color = 'green (named)'
41.6149 	EXP 	DelayTime: color = 'green (named)'
41.6149 	EXP 	DelayMoneyAmt: color = 'green (named)'
41.6316 	EXP 	DelayTime: color = 'green (named)'
41.6316 	EXP 	DelayMoneyAmt: color = 'green (named)'
41.6483 	EXP 	DelayTime: color = 'green (named)'
41.6483 	EXP 	DelayMoneyAmt: color = 'green (named)'
41.6649 	EXP 	DelayTime: color = 'green (named)'
41.6649 	EXP 	DelayMoneyAmt: color = 'green (named)'
41.6814 	EXP 	DelayTime: color = 'green (named)'
41.6814 	EXP 	DelayMoneyAmt: color = 'green (named)'
41.6982 	EXP 	DelayTime: color = 'green (named)'
41.6982 	EXP 	DelayMoneyAmt: color = 'green (named)'
41.7150 	EXP 	DelayTime: color = 'green (named)'
41.7150 	EXP 	DelayMoneyAmt: color = 'green (named)'
41.7316 	EXP 	DelayTime: color = 'green (named)'
41.7316 	EXP 	DelayMoneyAmt: color = 'green (named)'
41.7484 	EXP 	DelayTime: color = 'green (named)'
41.7484 	EXP 	DelayMoneyAmt: color = 'green (named)'
41.7649 	EXP 	DelayTime: color = 'green (named)'
41.7649 	EXP 	DelayMoneyAmt: color = 'green (named)'
41.7817 	EXP 	DelayTime: color = 'green (named)'
41.7817 	EXP 	DelayMoneyAmt: color = 'green (named)'
41.7981 	EXP 	DelayTime: color = 'green (named)'
41.7981 	EXP 	DelayMoneyAmt: color = 'green (named)'
41.8149 	EXP 	DelayTime: color = 'green (named)'
41.8149 	EXP 	DelayMoneyAmt: color = 'green (named)'
41.8317 	EXP 	DelayTime: color = 'green (named)'
41.8317 	EXP 	DelayMoneyAmt: color = 'green (named)'
41.8482 	EXP 	DelayTime: color = 'green (named)'
41.8482 	EXP 	DelayMoneyAmt: color = 'green (named)'
41.8647 	EXP 	DelayTime: color = 'green (named)'
41.8647 	EXP 	DelayMoneyAmt: color = 'green (named)'
41.8818 	EXP 	DelayTime: color = 'green (named)'
41.8818 	EXP 	DelayMoneyAmt: color = 'green (named)'
41.8985 	EXP 	DelayTime: color = 'green (named)'
41.8985 	EXP 	DelayMoneyAmt: color = 'green (named)'
41.9152 	EXP 	DelayTime: color = 'green (named)'
41.9152 	EXP 	DelayMoneyAmt: color = 'green (named)'
41.9318 	EXP 	DelayTime: color = 'green (named)'
41.9318 	EXP 	DelayMoneyAmt: color = 'green (named)'
41.9483 	EXP 	DelayTime: color = 'green (named)'
41.9483 	EXP 	DelayMoneyAmt: color = 'green (named)'
41.9649 	EXP 	DelayTime: color = 'green (named)'
41.9649 	EXP 	DelayMoneyAmt: color = 'green (named)'
41.9815 	EXP 	DelayTime: color = 'green (named)'
41.9815 	EXP 	DelayMoneyAmt: color = 'green (named)'
41.9985 	EXP 	DelayTime: color = 'green (named)'
41.9985 	EXP 	DelayMoneyAmt: color = 'green (named)'
42.0153 	EXP 	DelayTime: color = 'green (named)'
42.0153 	EXP 	DelayMoneyAmt: color = 'green (named)'
42.0319 	EXP 	DelayTime: color = 'green (named)'
42.0319 	EXP 	DelayMoneyAmt: color = 'green (named)'
42.0486 	EXP 	DelayTime: color = 'green (named)'
42.0486 	EXP 	DelayMoneyAmt: color = 'green (named)'
42.0651 	EXP 	DelayTime: color = 'green (named)'
42.0651 	EXP 	DelayMoneyAmt: color = 'green (named)'
42.0820 	EXP 	DelayTime: color = 'green (named)'
42.0820 	EXP 	DelayMoneyAmt: color = 'green (named)'
42.0984 	EXP 	DelayTime: color = 'green (named)'
42.0984 	EXP 	DelayMoneyAmt: color = 'green (named)'
42.1152 	EXP 	DelayTime: color = 'green (named)'
42.1152 	EXP 	DelayMoneyAmt: color = 'green (named)'
42.1318 	EXP 	DelayTime: color = 'green (named)'
42.1318 	EXP 	DelayMoneyAmt: color = 'green (named)'
42.1486 	EXP 	DelayTime: color = 'green (named)'
42.1486 	EXP 	DelayMoneyAmt: color = 'green (named)'
42.1653 	EXP 	DelayTime: color = 'green (named)'
42.1653 	EXP 	DelayMoneyAmt: color = 'green (named)'
42.1820 	EXP 	DelayTime: color = 'green (named)'
42.1820 	EXP 	DelayMoneyAmt: color = 'green (named)'
42.1988 	EXP 	DelayTime: color = 'green (named)'
42.1988 	EXP 	DelayMoneyAmt: color = 'green (named)'
42.2152 	EXP 	DelayTime: color = 'green (named)'
42.2152 	EXP 	DelayMoneyAmt: color = 'green (named)'
42.2322 	EXP 	DelayTime: color = 'green (named)'
42.2322 	EXP 	DelayMoneyAmt: color = 'green (named)'
42.2487 	EXP 	DelayTime: color = 'green (named)'
42.2487 	EXP 	DelayMoneyAmt: color = 'green (named)'
42.2653 	EXP 	DelayTime: color = 'green (named)'
42.2653 	EXP 	DelayMoneyAmt: color = 'green (named)'
42.2821 	EXP 	DelayTime: color = 'green (named)'
42.2821 	EXP 	DelayMoneyAmt: color = 'green (named)'
42.2988 	EXP 	DelayTime: color = 'green (named)'
42.2988 	EXP 	DelayMoneyAmt: color = 'green (named)'
42.3154 	EXP 	DelayTime: color = 'green (named)'
42.3154 	EXP 	DelayMoneyAmt: color = 'green (named)'
42.3321 	EXP 	DelayTime: color = 'green (named)'
42.3321 	EXP 	DelayMoneyAmt: color = 'green (named)'
42.3486 	EXP 	DelayTime: color = 'green (named)'
42.3486 	EXP 	DelayMoneyAmt: color = 'green (named)'
42.3654 	EXP 	DelayTime: color = 'green (named)'
42.3654 	EXP 	DelayMoneyAmt: color = 'green (named)'
42.3822 	EXP 	DelayTime: color = 'green (named)'
42.3822 	EXP 	DelayMoneyAmt: color = 'green (named)'
42.3989 	EXP 	DelayTime: color = 'green (named)'
42.3989 	EXP 	DelayMoneyAmt: color = 'green (named)'
42.4155 	EXP 	DelayTime: color = 'green (named)'
42.4155 	EXP 	DelayMoneyAmt: color = 'green (named)'
42.4326 	EXP 	DelayTime: color = 'green (named)'
42.4326 	EXP 	DelayMoneyAmt: color = 'green (named)'
42.4489 	EXP 	DelayTime: color = 'green (named)'
42.4489 	EXP 	DelayMoneyAmt: color = 'green (named)'
42.4653 	EXP 	DelayTime: color = 'green (named)'
42.4653 	EXP 	DelayMoneyAmt: color = 'green (named)'
42.4820 	EXP 	DelayTime: color = 'green (named)'
42.4820 	EXP 	DelayMoneyAmt: color = 'green (named)'
42.4987 	EXP 	DelayTime: color = 'green (named)'
42.4987 	EXP 	DelayMoneyAmt: color = 'green (named)'
42.5154 	EXP 	DelayTime: color = 'green (named)'
42.5154 	EXP 	DelayMoneyAmt: color = 'green (named)'
42.5321 	EXP 	DelayTime: color = 'green (named)'
42.5321 	EXP 	DelayMoneyAmt: color = 'green (named)'
42.5487 	EXP 	DelayTime: color = 'green (named)'
42.5487 	EXP 	DelayMoneyAmt: color = 'green (named)'
42.5656 	EXP 	DelayTime: color = 'green (named)'
42.5656 	EXP 	DelayMoneyAmt: color = 'green (named)'
42.5821 	EXP 	DelayTime: color = 'green (named)'
42.5821 	EXP 	DelayMoneyAmt: color = 'green (named)'
42.5990 	EXP 	DelayTime: color = 'green (named)'
42.5990 	EXP 	DelayMoneyAmt: color = 'green (named)'
42.6158 	EXP 	DelayTime: color = 'green (named)'
42.6158 	EXP 	DelayMoneyAmt: color = 'green (named)'
42.6323 	EXP 	DelayTime: color = 'green (named)'
42.6323 	EXP 	DelayMoneyAmt: color = 'green (named)'
42.6490 	EXP 	DelayTime: color = 'green (named)'
42.6490 	EXP 	DelayMoneyAmt: color = 'green (named)'
42.6659 	EXP 	DelayTime: color = 'green (named)'
42.6659 	EXP 	DelayMoneyAmt: color = 'green (named)'
42.6820 	EXP 	DelayTime: color = 'green (named)'
42.6820 	EXP 	DelayMoneyAmt: color = 'green (named)'
42.6992 	EXP 	DelayTime: color = 'green (named)'
42.6992 	EXP 	DelayMoneyAmt: color = 'green (named)'
42.7157 	EXP 	DelayTime: color = 'green (named)'
42.7157 	EXP 	DelayMoneyAmt: color = 'green (named)'
42.7324 	EXP 	DelayTime: color = 'green (named)'
42.7324 	EXP 	DelayMoneyAmt: color = 'green (named)'
42.7489 	EXP 	DelayTime: color = 'green (named)'
42.7489 	EXP 	DelayMoneyAmt: color = 'green (named)'
42.7658 	EXP 	DelayTime: color = 'green (named)'
42.7658 	EXP 	DelayMoneyAmt: color = 'green (named)'
42.7823 	EXP 	DelayTime: color = 'green (named)'
42.7823 	EXP 	DelayMoneyAmt: color = 'green (named)'
42.7993 	EXP 	DelayTime: color = 'green (named)'
42.7993 	EXP 	DelayMoneyAmt: color = 'green (named)'
42.8160 	EXP 	DelayTime: color = 'green (named)'
42.8160 	EXP 	DelayMoneyAmt: color = 'green (named)'
42.8325 	EXP 	DelayTime: color = 'green (named)'
42.8325 	EXP 	DelayMoneyAmt: color = 'green (named)'
42.8487 	EXP 	DelayTime: color = 'green (named)'
42.8487 	EXP 	DelayMoneyAmt: color = 'green (named)'
42.8654 	EXP 	DelayTime: color = 'green (named)'
42.8654 	EXP 	DelayMoneyAmt: color = 'green (named)'
42.8826 	EXP 	DelayTime: color = 'green (named)'
42.8826 	EXP 	DelayMoneyAmt: color = 'green (named)'
42.8991 	EXP 	DelayTime: color = 'green (named)'
42.8991 	EXP 	DelayMoneyAmt: color = 'green (named)'
42.9159 	EXP 	DelayTime: color = 'green (named)'
42.9159 	EXP 	DelayMoneyAmt: color = 'green (named)'
42.9330 	EXP 	DelayTime: color = 'green (named)'
42.9330 	EXP 	DelayMoneyAmt: color = 'green (named)'
42.9492 	EXP 	DelayTime: color = 'green (named)'
42.9492 	EXP 	DelayMoneyAmt: color = 'green (named)'
42.9658 	EXP 	DelayTime: color = 'green (named)'
42.9658 	EXP 	DelayMoneyAmt: color = 'green (named)'
42.9828 	EXP 	DelayTime: color = 'green (named)'
42.9828 	EXP 	DelayMoneyAmt: color = 'green (named)'
42.9991 	EXP 	DelayTime: color = 'green (named)'
42.9991 	EXP 	DelayMoneyAmt: color = 'green (named)'
43.0160 	EXP 	DelayTime: color = 'green (named)'
43.0160 	EXP 	DelayMoneyAmt: color = 'green (named)'
43.0329 	EXP 	DelayTime: color = 'green (named)'
43.0329 	EXP 	DelayMoneyAmt: color = 'green (named)'
43.0494 	EXP 	DelayTime: color = 'green (named)'
43.0494 	EXP 	DelayMoneyAmt: color = 'green (named)'
43.0661 	EXP 	DelayTime: color = 'green (named)'
43.0661 	EXP 	DelayMoneyAmt: color = 'green (named)'
43.0693 	EXP 	New trial (rep=0, index=1): OrderedDict([('ImMoney', '$55 '), ('DelayMoney', '$62 '), ('DelayDays', 'in 97 days')])
43.0825 	EXP 	Line: autoDraw = False
43.0825 	EXP 	ImmedMoneyAmt: autoDraw = False
43.0825 	EXP 	DelayMoneyAmt: autoDraw = False
43.0825 	EXP 	Immedtoday: autoDraw = False
43.0825 	EXP 	DelayTime: autoDraw = False
43.0825 	EXP 	DelayTime: color = 'green (named)'
43.0825 	EXP 	DelayMoneyAmt: color = 'green (named)'
43.0825 	EXP 	Line: autoDraw = False
43.0825 	EXP 	ImmedMoneyAmt: autoDraw = False
43.0825 	EXP 	DelayMoneyAmt: autoDraw = False
43.0825 	EXP 	Immedtoday: autoDraw = False
43.0825 	EXP 	DelayTime: autoDraw = False
43.0825 	EXP 	blank: autoDraw = False
43.0825 	EXP 	ImmedMoneyAmt: color = 'white (named)'
43.0825 	EXP 	Immedtoday: color = 'white (named)'
43.0825 	EXP 	DelayTime: color = 'white (named)'
43.0825 	EXP 	DelayMoneyAmt: color = 'white (named)'
43.0825 	EXP 	ImmedMoneyAmt: autoDraw = False
43.0825 	EXP 	Immedtoday: autoDraw = False
43.0825 	EXP 	DelayTime: autoDraw = False
43.0825 	EXP 	DelayMoneyAmt: autoDraw = False
43.0825 	EXP 	Line: autoDraw = False
43.0825 	EXP 	isi2: text = '+'
43.0825 	EXP 	isi2: autoDraw = True
45.1106 	EXP 	isi2: autoDraw = False
45.1106 	EXP 	isi2: autoDraw = False
45.1106 	EXP 	Line: size = array([3. , 0.5])
45.1106 	EXP 	Line: fillColor = '[-1. -1. -1.] (rgb)'
45.1106 	EXP 	Line: lineColor = '[-1. -1. -1.] (rgb)'
45.1106 	EXP 	Line: lineWidth = 7.0
45.1106 	EXP 	ImmedMoneyAmt: color = 'white (named)'
45.1106 	EXP 	ImmedMoneyAmt: pos = array([-0.41,  0.15])
45.1106 	EXP 	ImmedMoneyAmt: text = '$55 '
45.1106 	EXP 	ImmedMoneyAmt: font = 'Arial'
45.1106 	EXP 	ImmedMoneyAmt: height = 0.12
45.1106 	EXP 	DelayMoneyAmt: color = 'white (named)'
45.1106 	EXP 	DelayMoneyAmt: pos = array([0.41, 0.15])
45.1106 	EXP 	DelayMoneyAmt: text = '$62 '
45.1106 	EXP 	DelayMoneyAmt: font = 'Arial'
45.1106 	EXP 	DelayMoneyAmt: height = 0.12
45.1106 	EXP 	Immedtoday: color = 'white (named)'
45.1106 	EXP 	Immedtoday: pos = array([-0.41, -0.1 ])
45.1106 	EXP 	Immedtoday: text = 'today'
45.1106 	EXP 	Immedtoday: font = 'Arial'
45.1106 	EXP 	Immedtoday: height = 0.12
45.1106 	EXP 	DelayTime: color = 'white (named)'
45.1106 	EXP 	DelayTime: pos = array([ 0.41, -0.1 ])
45.1106 	EXP 	DelayTime: text = 'in 97 days'
45.1106 	EXP 	DelayTime: font = 'Arial'
45.1106 	EXP 	DelayTime: height = 0.12
45.1106 	EXP 	ImmedMoneyAmt: text = '$55 '
45.1106 	EXP 	DelayMoneyAmt: text = '$62 '
45.1106 	EXP 	Immedtoday: text = 'today'
45.1106 	EXP 	DelayTime: text = 'in 97 days'
45.1106 	EXP 	blank: text = ''
45.1106 	EXP 	Line: autoDraw = True
45.1106 	EXP 	ImmedMoneyAmt: autoDraw = True
45.1106 	EXP 	DelayMoneyAmt: autoDraw = True
45.1106 	EXP 	Immedtoday: autoDraw = True
45.1106 	EXP 	DelayTime: autoDraw = True
45.1106 	EXP 	blank: autoDraw = True
45.1106 	EXP 	ImmedMoneyAmt: text = '$55 '
45.1106 	EXP 	DelayMoneyAmt: text = '$62 '
45.1106 	EXP 	Immedtoday: text = 'today'
45.1106 	EXP 	DelayTime: text = 'in 97 days'
46.6191 	EXP 	blank: autoDraw = False
49.1072 	EXP 	New trial (rep=0, index=2): OrderedDict([('ImMoney', '$20 '), ('DelayMoney', '$37 '), ('DelayDays', 'in 32 days')])
49.1208 	EXP 	Line: autoDraw = False
49.1208 	EXP 	ImmedMoneyAmt: autoDraw = False
49.1208 	EXP 	DelayMoneyAmt: autoDraw = False
49.1208 	EXP 	Immedtoday: autoDraw = False
49.1208 	EXP 	DelayTime: autoDraw = False
49.1208 	EXP 	Line: autoDraw = False
49.1208 	EXP 	ImmedMoneyAmt: autoDraw = False
49.1208 	EXP 	DelayMoneyAmt: autoDraw = False
49.1208 	EXP 	Immedtoday: autoDraw = False
49.1208 	EXP 	DelayTime: autoDraw = False
49.1208 	EXP 	blank: autoDraw = False
49.1208 	EXP 	ImmedMoneyAmt: color = 'white (named)'
49.1208 	EXP 	Immedtoday: color = 'white (named)'
49.1208 	EXP 	DelayTime: color = 'white (named)'
49.1208 	EXP 	DelayMoneyAmt: color = 'white (named)'
49.1208 	EXP 	ImmedMoneyAmt: autoDraw = False
49.1208 	EXP 	Immedtoday: autoDraw = False
49.1208 	EXP 	DelayTime: autoDraw = False
49.1208 	EXP 	DelayMoneyAmt: autoDraw = False
49.1208 	EXP 	Line: autoDraw = False
49.1208 	EXP 	isi2: text = '+'
49.1208 	EXP 	isi2: autoDraw = True
51.1485 	EXP 	isi2: autoDraw = False
51.1485 	EXP 	isi2: autoDraw = False
51.1485 	EXP 	Line: size = array([3. , 0.5])
51.1485 	EXP 	Line: fillColor = '[-1. -1. -1.] (rgb)'
51.1485 	EXP 	Line: lineColor = '[-1. -1. -1.] (rgb)'
51.1485 	EXP 	Line: lineWidth = 7.0
51.1485 	EXP 	ImmedMoneyAmt: color = 'white (named)'
51.1485 	EXP 	ImmedMoneyAmt: pos = array([-0.41,  0.15])
51.1485 	EXP 	ImmedMoneyAmt: text = '$20 '
51.1485 	EXP 	ImmedMoneyAmt: font = 'Arial'
51.1485 	EXP 	ImmedMoneyAmt: height = 0.12
51.1485 	EXP 	DelayMoneyAmt: color = 'white (named)'
51.1485 	EXP 	DelayMoneyAmt: pos = array([0.41, 0.15])
51.1485 	EXP 	DelayMoneyAmt: text = '$37 '
51.1485 	EXP 	DelayMoneyAmt: font = 'Arial'
51.1485 	EXP 	DelayMoneyAmt: height = 0.12
51.1485 	EXP 	Immedtoday: color = 'white (named)'
51.1485 	EXP 	Immedtoday: pos = array([-0.41, -0.1 ])
51.1485 	EXP 	Immedtoday: text = 'today'
51.1485 	EXP 	Immedtoday: font = 'Arial'
51.1485 	EXP 	Immedtoday: height = 0.12
51.1485 	EXP 	DelayTime: color = 'white (named)'
51.1485 	EXP 	DelayTime: pos = array([ 0.41, -0.1 ])
51.1485 	EXP 	DelayTime: text = 'in 32 days'
51.1485 	EXP 	DelayTime: font = 'Arial'
51.1485 	EXP 	DelayTime: height = 0.12
51.1485 	EXP 	ImmedMoneyAmt: text = '$20 '
51.1485 	EXP 	DelayMoneyAmt: text = '$37 '
51.1485 	EXP 	Immedtoday: text = 'today'
51.1485 	EXP 	DelayTime: text = 'in 32 days'
51.1485 	EXP 	blank: text = ''
51.1485 	EXP 	Line: autoDraw = True
51.1485 	EXP 	ImmedMoneyAmt: autoDraw = True
51.1485 	EXP 	DelayMoneyAmt: autoDraw = True
51.1485 	EXP 	Immedtoday: autoDraw = True
51.1485 	EXP 	DelayTime: autoDraw = True
51.1485 	EXP 	blank: autoDraw = True
51.1485 	EXP 	ImmedMoneyAmt: text = '$20 '
51.1485 	EXP 	DelayMoneyAmt: text = '$37 '
51.1485 	EXP 	Immedtoday: text = 'today'
51.1485 	EXP 	DelayTime: text = 'in 32 days'
52.6571 	EXP 	blank: autoDraw = False
55.1594 	EXP 	Line: autoDraw = False
55.1594 	EXP 	ImmedMoneyAmt: autoDraw = False
55.1594 	EXP 	DelayMoneyAmt: autoDraw = False
55.1594 	EXP 	Immedtoday: autoDraw = False
55.1594 	EXP 	DelayTime: autoDraw = False
55.1594 	EXP 	Line: autoDraw = False
55.1594 	EXP 	ImmedMoneyAmt: autoDraw = False
55.1594 	EXP 	DelayMoneyAmt: autoDraw = False
55.1594 	EXP 	Immedtoday: autoDraw = False
55.1594 	EXP 	DelayTime: autoDraw = False
55.1594 	EXP 	blank: autoDraw = False
55.1594 	EXP 	ImmedMoneyAmt: color = 'white (named)'
55.1594 	EXP 	Immedtoday: color = 'white (named)'
55.1594 	EXP 	DelayTime: color = 'white (named)'
55.1594 	EXP 	DelayMoneyAmt: color = 'white (named)'
55.1594 	EXP 	ImmedMoneyAmt: autoDraw = False
55.1594 	EXP 	Immedtoday: autoDraw = False
55.1594 	EXP 	DelayTime: autoDraw = False
55.1594 	EXP 	DelayMoneyAmt: autoDraw = False
55.1594 	EXP 	Line: autoDraw = False
55.1594 	EXP 	text_2: autoDraw = True
83.4050 	EXP 	Imported DelayDiscountingCues.csv as conditions, 7 conditions, 3 params
83.4051 	EXP 	Created sequence: sequential, trialTypes=7, nReps=1, seed=None
83.4053 	EXP 	New trial (rep=0, index=0): OrderedDict([('CueType1', 'REGULATE'), ('rows', '000:003'), ('CueType2', 'REACT')])
83.4075 	DATA 	Keypress: space
83.4162 	EXP 	text_2: autoDraw = False
83.4162 	EXP 	isi2: text = '+'
83.4162 	EXP 	isi2: autoDraw = True
85.4337 	EXP 	isi2: autoDraw = False
85.4337 	EXP 	isi2: autoDraw = False
85.4337 	EXP 	cue: text = ''
85.4337 	EXP 	cue: text = 'REACT'
85.4337 	EXP 	cue: autoDraw = True
89.4079 	EXP 	Imported DelayDiscountingAmt.csv as conditions, 3 conditions, 3 params
89.4113 	EXP 	Created sequence: random, trialTypes=3, nReps=1, seed=None
89.4116 	EXP 	New trial (rep=0, index=0): OrderedDict([('ImMoney', '$55 '), ('DelayMoney', '$62 '), ('DelayDays', 'in 97 days')])
89.4208 	EXP 	cue: autoDraw = False
89.4208 	EXP 	isi2: text = '+'
89.4208 	EXP 	isi2: autoDraw = True
91.4422 	EXP 	isi2: autoDraw = False
91.4422 	EXP 	Line: size = array([3. , 0.5])
91.4422 	EXP 	Line: fillColor = '[-1. -1. -1.] (rgb)'
91.4422 	EXP 	Line: lineColor = '[-1. -1. -1.] (rgb)'
91.4422 	EXP 	Line: lineWidth = 7.0
91.4422 	EXP 	ImmedMoneyAmt: color = 'white (named)'
91.4422 	EXP 	ImmedMoneyAmt: pos = array([-0.41,  0.15])
91.4422 	EXP 	ImmedMoneyAmt: text = '$55 '
91.4422 	EXP 	ImmedMoneyAmt: font = 'Arial'
91.4422 	EXP 	ImmedMoneyAmt: height = 0.12
91.4422 	EXP 	DelayMoneyAmt: color = 'white (named)'
91.4422 	EXP 	DelayMoneyAmt: pos = array([0.41, 0.15])
91.4422 	EXP 	DelayMoneyAmt: text = '$62 '
91.4422 	EXP 	DelayMoneyAmt: font = 'Arial'
91.4422 	EXP 	DelayMoneyAmt: height = 0.12
91.4422 	EXP 	Immedtoday: color = 'white (named)'
91.4422 	EXP 	Immedtoday: pos = array([-0.41, -0.1 ])
91.4422 	EXP 	Immedtoday: text = 'today'
91.4422 	EXP 	Immedtoday: font = 'Arial'
91.4422 	EXP 	Immedtoday: height = 0.12
91.4422 	EXP 	DelayTime: color = 'white (named)'
91.4422 	EXP 	DelayTime: pos = array([ 0.41, -0.1 ])
91.4422 	EXP 	DelayTime: text = 'in 97 days'
91.4422 	EXP 	DelayTime: font = 'Arial'
91.4422 	EXP 	DelayTime: height = 0.12
91.4422 	EXP 	ImmedMoneyAmt: text = '$55 '
91.4422 	EXP 	DelayMoneyAmt: text = '$62 '
91.4422 	EXP 	Immedtoday: text = 'today'
91.4422 	EXP 	DelayTime: text = 'in 97 days'
91.4422 	EXP 	blank: text = ''
91.4422 	EXP 	Line: autoDraw = True
91.4422 	EXP 	ImmedMoneyAmt: autoDraw = True
91.4422 	EXP 	DelayMoneyAmt: autoDraw = True
91.4422 	EXP 	Immedtoday: autoDraw = True
91.4422 	EXP 	DelayTime: autoDraw = True
91.4422 	EXP 	blank: autoDraw = True
91.4422 	EXP 	ImmedMoneyAmt: text = '$55 '
91.4422 	EXP 	DelayMoneyAmt: text = '$62 '
91.4422 	EXP 	Immedtoday: text = 'today'
91.4422 	EXP 	DelayTime: text = 'in 97 days'
92.9575 	EXP 	blank: autoDraw = False
93.1962 	DATA 	Keypress: 2
93.2075 	EXP 	DelayTime: color = 'green (named)'
93.2075 	EXP 	DelayMoneyAmt: color = 'green (named)'
93.2240 	EXP 	DelayTime: color = 'green (named)'
93.2240 	EXP 	DelayMoneyAmt: color = 'green (named)'
93.2407 	EXP 	DelayTime: color = 'green (named)'
93.2407 	EXP 	DelayMoneyAmt: color = 'green (named)'
93.2575 	EXP 	DelayTime: color = 'green (named)'
93.2575 	EXP 	DelayMoneyAmt: color = 'green (named)'
93.2741 	EXP 	DelayTime: color = 'green (named)'
93.2741 	EXP 	DelayMoneyAmt: color = 'green (named)'
93.2909 	EXP 	DelayTime: color = 'green (named)'
93.2909 	EXP 	DelayMoneyAmt: color = 'green (named)'
93.3075 	EXP 	DelayTime: color = 'green (named)'
93.3075 	EXP 	DelayMoneyAmt: color = 'green (named)'
93.3245 	EXP 	DelayTime: color = 'green (named)'
93.3245 	EXP 	DelayMoneyAmt: color = 'green (named)'
93.3409 	EXP 	DelayTime: color = 'green (named)'
93.3409 	EXP 	DelayMoneyAmt: color = 'green (named)'
93.3577 	EXP 	DelayTime: color = 'green (named)'
93.3577 	EXP 	DelayMoneyAmt: color = 'green (named)'
93.3742 	EXP 	DelayTime: color = 'green (named)'
93.3742 	EXP 	DelayMoneyAmt: color = 'green (named)'
93.3909 	EXP 	DelayTime: color = 'green (named)'
93.3909 	EXP 	DelayMoneyAmt: color = 'green (named)'
93.4078 	EXP 	DelayTime: color = 'green (named)'
93.4078 	EXP 	DelayMoneyAmt: color = 'green (named)'
93.4244 	EXP 	DelayTime: color = 'green (named)'
93.4244 	EXP 	DelayMoneyAmt: color = 'green (named)'
93.4411 	EXP 	DelayTime: color = 'green (named)'
93.4411 	EXP 	DelayMoneyAmt: color = 'green (named)'
93.4576 	EXP 	DelayTime: color = 'green (named)'
93.4576 	EXP 	DelayMoneyAmt: color = 'green (named)'
93.4742 	EXP 	DelayTime: color = 'green (named)'
93.4742 	EXP 	DelayMoneyAmt: color = 'green (named)'
93.4912 	EXP 	DelayTime: color = 'green (named)'
93.4912 	EXP 	DelayMoneyAmt: color = 'green (named)'
93.5077 	EXP 	DelayTime: color = 'green (named)'
93.5077 	EXP 	DelayMoneyAmt: color = 'green (named)'
93.5244 	EXP 	DelayTime: color = 'green (named)'
93.5244 	EXP 	DelayMoneyAmt: color = 'green (named)'
93.5409 	EXP 	DelayTime: color = 'green (named)'
93.5409 	EXP 	DelayMoneyAmt: color = 'green (named)'
93.5578 	EXP 	DelayTime: color = 'green (named)'
93.5578 	EXP 	DelayMoneyAmt: color = 'green (named)'
93.5744 	EXP 	DelayTime: color = 'green (named)'
93.5744 	EXP 	DelayMoneyAmt: color = 'green (named)'
93.5913 	EXP 	DelayTime: color = 'green (named)'
93.5913 	EXP 	DelayMoneyAmt: color = 'green (named)'
93.6077 	EXP 	DelayTime: color = 'green (named)'
93.6077 	EXP 	DelayMoneyAmt: color = 'green (named)'
93.6245 	EXP 	DelayTime: color = 'green (named)'
93.6245 	EXP 	DelayMoneyAmt: color = 'green (named)'
93.6413 	EXP 	DelayTime: color = 'green (named)'
93.6413 	EXP 	DelayMoneyAmt: color = 'green (named)'
93.6580 	EXP 	DelayTime: color = 'green (named)'
93.6580 	EXP 	DelayMoneyAmt: color = 'green (named)'
93.6749 	EXP 	DelayTime: color = 'green (named)'
93.6749 	EXP 	DelayMoneyAmt: color = 'green (named)'
93.6914 	EXP 	DelayTime: color = 'green (named)'
93.6914 	EXP 	DelayMoneyAmt: color = 'green (named)'
93.7081 	EXP 	DelayTime: color = 'green (named)'
93.7081 	EXP 	DelayMoneyAmt: color = 'green (named)'
93.7248 	EXP 	DelayTime: color = 'green (named)'
93.7248 	EXP 	DelayMoneyAmt: color = 'green (named)'
93.7411 	EXP 	DelayTime: color = 'green (named)'
93.7411 	EXP 	DelayMoneyAmt: color = 'green (named)'
93.7582 	EXP 	DelayTime: color = 'green (named)'
93.7582 	EXP 	DelayMoneyAmt: color = 'green (named)'
93.7746 	EXP 	DelayTime: color = 'green (named)'
93.7746 	EXP 	DelayMoneyAmt: color = 'green (named)'
93.7913 	EXP 	DelayTime: color = 'green (named)'
93.7913 	EXP 	DelayMoneyAmt: color = 'green (named)'
93.8079 	EXP 	DelayTime: color = 'green (named)'
93.8079 	EXP 	DelayMoneyAmt: color = 'green (named)'
93.8249 	EXP 	DelayTime: color = 'green (named)'
93.8249 	EXP 	DelayMoneyAmt: color = 'green (named)'
93.8415 	EXP 	DelayTime: color = 'green (named)'
93.8415 	EXP 	DelayMoneyAmt: color = 'green (named)'
93.8578 	EXP 	DelayTime: color = 'green (named)'
93.8578 	EXP 	DelayMoneyAmt: color = 'green (named)'
93.8746 	EXP 	DelayTime: color = 'green (named)'
93.8746 	EXP 	DelayMoneyAmt: color = 'green (named)'
93.8911 	EXP 	DelayTime: color = 'green (named)'
93.8911 	EXP 	DelayMoneyAmt: color = 'green (named)'
93.9087 	EXP 	DelayTime: color = 'green (named)'
93.9087 	EXP 	DelayMoneyAmt: color = 'green (named)'
93.9248 	EXP 	DelayTime: color = 'green (named)'
93.9248 	EXP 	DelayMoneyAmt: color = 'green (named)'
93.9414 	EXP 	DelayTime: color = 'green (named)'
93.9414 	EXP 	DelayMoneyAmt: color = 'green (named)'
93.9581 	EXP 	DelayTime: color = 'green (named)'
93.9581 	EXP 	DelayMoneyAmt: color = 'green (named)'
93.9751 	EXP 	DelayTime: color = 'green (named)'
93.9751 	EXP 	DelayMoneyAmt: color = 'green (named)'
93.9918 	EXP 	DelayTime: color = 'green (named)'
93.9918 	EXP 	DelayMoneyAmt: color = 'green (named)'
94.0082 	EXP 	DelayTime: color = 'green (named)'
94.0082 	EXP 	DelayMoneyAmt: color = 'green (named)'
94.0249 	EXP 	DelayTime: color = 'green (named)'
94.0249 	EXP 	DelayMoneyAmt: color = 'green (named)'
94.0414 	EXP 	DelayTime: color = 'green (named)'
94.0414 	EXP 	DelayMoneyAmt: color = 'green (named)'
94.0585 	EXP 	DelayTime: color = 'green (named)'
94.0585 	EXP 	DelayMoneyAmt: color = 'green (named)'
94.0753 	EXP 	DelayTime: color = 'green (named)'
94.0753 	EXP 	DelayMoneyAmt: color = 'green (named)'
94.0918 	EXP 	DelayTime: color = 'green (named)'
94.0918 	EXP 	DelayMoneyAmt: color = 'green (named)'
94.1084 	EXP 	DelayTime: color = 'green (named)'
94.1084 	EXP 	DelayMoneyAmt: color = 'green (named)'
94.1248 	EXP 	DelayTime: color = 'green (named)'
94.1248 	EXP 	DelayMoneyAmt: color = 'green (named)'
94.1417 	EXP 	DelayTime: color = 'green (named)'
94.1417 	EXP 	DelayMoneyAmt: color = 'green (named)'
94.1585 	EXP 	DelayTime: color = 'green (named)'
94.1585 	EXP 	DelayMoneyAmt: color = 'green (named)'
94.1752 	EXP 	DelayTime: color = 'green (named)'
94.1752 	EXP 	DelayMoneyAmt: color = 'green (named)'
94.1916 	EXP 	DelayTime: color = 'green (named)'
94.1916 	EXP 	DelayMoneyAmt: color = 'green (named)'
94.2086 	EXP 	DelayTime: color = 'green (named)'
94.2086 	EXP 	DelayMoneyAmt: color = 'green (named)'
94.2252 	EXP 	DelayTime: color = 'green (named)'
94.2252 	EXP 	DelayMoneyAmt: color = 'green (named)'
94.2418 	EXP 	DelayTime: color = 'green (named)'
94.2418 	EXP 	DelayMoneyAmt: color = 'green (named)'
94.2583 	EXP 	DelayTime: color = 'green (named)'
94.2583 	EXP 	DelayMoneyAmt: color = 'green (named)'
94.2752 	EXP 	DelayTime: color = 'green (named)'
94.2752 	EXP 	DelayMoneyAmt: color = 'green (named)'
94.2920 	EXP 	DelayTime: color = 'green (named)'
94.2920 	EXP 	DelayMoneyAmt: color = 'green (named)'
94.3084 	EXP 	DelayTime: color = 'green (named)'
94.3084 	EXP 	DelayMoneyAmt: color = 'green (named)'
94.3252 	EXP 	DelayTime: color = 'green (named)'
94.3252 	EXP 	DelayMoneyAmt: color = 'green (named)'
94.3419 	EXP 	DelayTime: color = 'green (named)'
94.3419 	EXP 	DelayMoneyAmt: color = 'green (named)'
94.3586 	EXP 	DelayTime: color = 'green (named)'
94.3586 	EXP 	DelayMoneyAmt: color = 'green (named)'
94.3752 	EXP 	DelayTime: color = 'green (named)'
94.3752 	EXP 	DelayMoneyAmt: color = 'green (named)'
94.3917 	EXP 	DelayTime: color = 'green (named)'
94.3917 	EXP 	DelayMoneyAmt: color = 'green (named)'
94.4086 	EXP 	DelayTime: color = 'green (named)'
94.4086 	EXP 	DelayMoneyAmt: color = 'green (named)'
94.4254 	EXP 	DelayTime: color = 'green (named)'
94.4254 	EXP 	DelayMoneyAmt: color = 'green (named)'
94.4420 	EXP 	DelayTime: color = 'green (named)'
94.4420 	EXP 	DelayMoneyAmt: color = 'green (named)'
94.4586 	EXP 	DelayTime: color = 'green (named)'
94.4586 	EXP 	DelayMoneyAmt: color = 'green (named)'
94.4753 	EXP 	DelayTime: color = 'green (named)'
94.4753 	EXP 	DelayMoneyAmt: color = 'green (named)'
94.4921 	EXP 	DelayTime: color = 'green (named)'
94.4921 	EXP 	DelayMoneyAmt: color = 'green (named)'
94.5088 	EXP 	DelayTime: color = 'green (named)'
94.5088 	EXP 	DelayMoneyAmt: color = 'green (named)'
94.5253 	EXP 	DelayTime: color = 'green (named)'
94.5253 	EXP 	DelayMoneyAmt: color = 'green (named)'
94.5423 	EXP 	DelayTime: color = 'green (named)'
94.5423 	EXP 	DelayMoneyAmt: color = 'green (named)'
94.5586 	EXP 	DelayTime: color = 'green (named)'
94.5586 	EXP 	DelayMoneyAmt: color = 'green (named)'
94.5751 	EXP 	DelayTime: color = 'green (named)'
94.5751 	EXP 	DelayMoneyAmt: color = 'green (named)'
94.5918 	EXP 	DelayTime: color = 'green (named)'
94.5918 	EXP 	DelayMoneyAmt: color = 'green (named)'
94.6088 	EXP 	DelayTime: color = 'green (named)'
94.6088 	EXP 	DelayMoneyAmt: color = 'green (named)'
94.6255 	EXP 	DelayTime: color = 'green (named)'
94.6255 	EXP 	DelayMoneyAmt: color = 'green (named)'
94.6420 	EXP 	DelayTime: color = 'green (named)'
94.6420 	EXP 	DelayMoneyAmt: color = 'green (named)'
94.6585 	EXP 	DelayTime: color = 'green (named)'
94.6585 	EXP 	DelayMoneyAmt: color = 'green (named)'
94.6752 	EXP 	DelayTime: color = 'green (named)'
94.6752 	EXP 	DelayMoneyAmt: color = 'green (named)'
94.6923 	EXP 	DelayTime: color = 'green (named)'
94.6923 	EXP 	DelayMoneyAmt: color = 'green (named)'
94.7090 	EXP 	DelayTime: color = 'green (named)'
94.7090 	EXP 	DelayMoneyAmt: color = 'green (named)'
94.7254 	EXP 	DelayTime: color = 'green (named)'
94.7254 	EXP 	DelayMoneyAmt: color = 'green (named)'
94.7423 	EXP 	DelayTime: color = 'green (named)'
94.7423 	EXP 	DelayMoneyAmt: color = 'green (named)'
94.7588 	EXP 	DelayTime: color = 'green (named)'
94.7588 	EXP 	DelayMoneyAmt: color = 'green (named)'
94.7757 	EXP 	DelayTime: color = 'green (named)'
94.7757 	EXP 	DelayMoneyAmt: color = 'green (named)'
94.7923 	EXP 	DelayTime: color = 'green (named)'
94.7923 	EXP 	DelayMoneyAmt: color = 'green (named)'
94.8091 	EXP 	DelayTime: color = 'green (named)'
94.8091 	EXP 	DelayMoneyAmt: color = 'green (named)'
94.8255 	EXP 	DelayTime: color = 'green (named)'
94.8255 	EXP 	DelayMoneyAmt: color = 'green (named)'
94.8422 	EXP 	DelayTime: color = 'green (named)'
94.8422 	EXP 	DelayMoneyAmt: color = 'green (named)'
94.8589 	EXP 	DelayTime: color = 'green (named)'
94.8589 	EXP 	DelayMoneyAmt: color = 'green (named)'
94.8758 	EXP 	DelayTime: color = 'green (named)'
94.8758 	EXP 	DelayMoneyAmt: color = 'green (named)'
94.8922 	EXP 	DelayTime: color = 'green (named)'
94.8922 	EXP 	DelayMoneyAmt: color = 'green (named)'
94.9097 	EXP 	DelayTime: color = 'green (named)'
94.9097 	EXP 	DelayMoneyAmt: color = 'green (named)'
94.9255 	EXP 	DelayTime: color = 'green (named)'
94.9255 	EXP 	DelayMoneyAmt: color = 'green (named)'
94.9423 	EXP 	DelayTime: color = 'green (named)'
94.9423 	EXP 	DelayMoneyAmt: color = 'green (named)'
94.9592 	EXP 	DelayTime: color = 'green (named)'
94.9592 	EXP 	DelayMoneyAmt: color = 'green (named)'
94.9756 	EXP 	DelayTime: color = 'green (named)'
94.9756 	EXP 	DelayMoneyAmt: color = 'green (named)'
94.9923 	EXP 	DelayTime: color = 'green (named)'
94.9923 	EXP 	DelayMoneyAmt: color = 'green (named)'
95.0092 	EXP 	DelayTime: color = 'green (named)'
95.0092 	EXP 	DelayMoneyAmt: color = 'green (named)'
95.0259 	EXP 	DelayTime: color = 'green (named)'
95.0259 	EXP 	DelayMoneyAmt: color = 'green (named)'
95.0428 	EXP 	DelayTime: color = 'green (named)'
95.0428 	EXP 	DelayMoneyAmt: color = 'green (named)'
95.0590 	EXP 	DelayTime: color = 'green (named)'
95.0590 	EXP 	DelayMoneyAmt: color = 'green (named)'
95.0759 	EXP 	DelayTime: color = 'green (named)'
95.0759 	EXP 	DelayMoneyAmt: color = 'green (named)'
95.0920 	EXP 	DelayTime: color = 'green (named)'
95.0920 	EXP 	DelayMoneyAmt: color = 'green (named)'
95.1093 	EXP 	DelayTime: color = 'green (named)'
95.1093 	EXP 	DelayMoneyAmt: color = 'green (named)'
95.1257 	EXP 	DelayTime: color = 'green (named)'
95.1257 	EXP 	DelayMoneyAmt: color = 'green (named)'
95.1424 	EXP 	DelayTime: color = 'green (named)'
95.1424 	EXP 	DelayMoneyAmt: color = 'green (named)'
95.1592 	EXP 	DelayTime: color = 'green (named)'
95.1592 	EXP 	DelayMoneyAmt: color = 'green (named)'
95.1757 	EXP 	DelayTime: color = 'green (named)'
95.1757 	EXP 	DelayMoneyAmt: color = 'green (named)'
95.1926 	EXP 	DelayTime: color = 'green (named)'
95.1926 	EXP 	DelayMoneyAmt: color = 'green (named)'
95.2089 	EXP 	DelayTime: color = 'green (named)'
95.2089 	EXP 	DelayMoneyAmt: color = 'green (named)'
95.2256 	EXP 	DelayTime: color = 'green (named)'
95.2256 	EXP 	DelayMoneyAmt: color = 'green (named)'
95.2427 	EXP 	DelayTime: color = 'green (named)'
95.2427 	EXP 	DelayMoneyAmt: color = 'green (named)'
95.2593 	EXP 	DelayTime: color = 'green (named)'
95.2593 	EXP 	DelayMoneyAmt: color = 'green (named)'
95.2758 	EXP 	DelayTime: color = 'green (named)'
95.2758 	EXP 	DelayMoneyAmt: color = 'green (named)'
95.2926 	EXP 	DelayTime: color = 'green (named)'
95.2926 	EXP 	DelayMoneyAmt: color = 'green (named)'
95.3094 	EXP 	DelayTime: color = 'green (named)'
95.3094 	EXP 	DelayMoneyAmt: color = 'green (named)'
95.3260 	EXP 	DelayTime: color = 'green (named)'
95.3260 	EXP 	DelayMoneyAmt: color = 'green (named)'
95.3428 	EXP 	DelayTime: color = 'green (named)'
95.3428 	EXP 	DelayMoneyAmt: color = 'green (named)'
95.3595 	EXP 	DelayTime: color = 'green (named)'
95.3595 	EXP 	DelayMoneyAmt: color = 'green (named)'
95.3760 	EXP 	DelayTime: color = 'green (named)'
95.3760 	EXP 	DelayMoneyAmt: color = 'green (named)'
95.3926 	EXP 	DelayTime: color = 'green (named)'
95.3926 	EXP 	DelayMoneyAmt: color = 'green (named)'
95.4094 	EXP 	DelayTime: color = 'green (named)'
95.4094 	EXP 	DelayMoneyAmt: color = 'green (named)'
95.4110 	EXP 	New trial (rep=0, index=1): OrderedDict([('ImMoney', '$20 '), ('DelayMoney', '$37 '), ('DelayDays', 'in 32 days')])
95.4263 	EXP 	Line: autoDraw = False
95.4263 	EXP 	ImmedMoneyAmt: autoDraw = False
95.4263 	EXP 	DelayMoneyAmt: autoDraw = False
95.4263 	EXP 	Immedtoday: autoDraw = False
95.4263 	EXP 	DelayTime: autoDraw = False
95.4263 	EXP 	blank: autoDraw = False
95.4263 	EXP 	ImmedMoneyAmt: color = 'white (named)'
95.4263 	EXP 	Immedtoday: color = 'white (named)'
95.4263 	EXP 	DelayTime: color = 'white (named)'
95.4263 	EXP 	DelayMoneyAmt: color = 'white (named)'
95.4263 	EXP 	ImmedMoneyAmt: autoDraw = False
95.4263 	EXP 	Immedtoday: autoDraw = False
95.4263 	EXP 	DelayTime: autoDraw = False
95.4263 	EXP 	DelayMoneyAmt: autoDraw = False
95.4263 	EXP 	Line: autoDraw = False
95.4263 	EXP 	isi2: text = '+'
95.4263 	EXP 	isi2: autoDraw = True
97.4475 	EXP 	isi2: autoDraw = False
97.4475 	EXP 	Line: size = array([3. , 0.5])
97.4475 	EXP 	Line: fillColor = '[-1. -1. -1.] (rgb)'
97.4475 	EXP 	Line: lineColor = '[-1. -1. -1.] (rgb)'
97.4475 	EXP 	Line: lineWidth = 7.0
97.4475 	EXP 	ImmedMoneyAmt: color = 'white (named)'
97.4475 	EXP 	ImmedMoneyAmt: pos = array([-0.41,  0.15])
97.4475 	EXP 	ImmedMoneyAmt: text = '$20 '
97.4475 	EXP 	ImmedMoneyAmt: font = 'Arial'
97.4475 	EXP 	ImmedMoneyAmt: height = 0.12
97.4475 	EXP 	DelayMoneyAmt: color = 'white (named)'
97.4475 	EXP 	DelayMoneyAmt: pos = array([0.41, 0.15])
97.4475 	EXP 	DelayMoneyAmt: text = '$37 '
97.4475 	EXP 	DelayMoneyAmt: font = 'Arial'
97.4475 	EXP 	DelayMoneyAmt: height = 0.12
97.4475 	EXP 	Immedtoday: color = 'white (named)'
97.4475 	EXP 	Immedtoday: pos = array([-0.41, -0.1 ])
97.4475 	EXP 	Immedtoday: text = 'today'
97.4475 	EXP 	Immedtoday: font = 'Arial'
97.4475 	EXP 	Immedtoday: height = 0.12
97.4475 	EXP 	DelayTime: color = 'white (named)'
97.4475 	EXP 	DelayTime: pos = array([ 0.41, -0.1 ])
97.4475 	EXP 	DelayTime: text = 'in 32 days'
97.4475 	EXP 	DelayTime: font = 'Arial'
97.4475 	EXP 	DelayTime: height = 0.12
97.4475 	EXP 	ImmedMoneyAmt: text = '$20 '
97.4475 	EXP 	DelayMoneyAmt: text = '$37 '
97.4475 	EXP 	Immedtoday: text = 'today'
97.4475 	EXP 	DelayTime: text = 'in 32 days'
97.4475 	EXP 	blank: text = ''
97.4475 	EXP 	Line: autoDraw = True
97.4475 	EXP 	ImmedMoneyAmt: autoDraw = True
97.4475 	EXP 	DelayMoneyAmt: autoDraw = True
97.4475 	EXP 	Immedtoday: autoDraw = True
97.4475 	EXP 	DelayTime: autoDraw = True
97.4475 	EXP 	blank: autoDraw = True
97.4475 	EXP 	ImmedMoneyAmt: text = '$20 '
97.4475 	EXP 	DelayMoneyAmt: text = '$37 '
97.4475 	EXP 	Immedtoday: text = 'today'
97.4475 	EXP 	DelayTime: text = 'in 32 days'
98.9625 	EXP 	blank: autoDraw = False
99.3510 	DATA 	Keypress: 1
99.3628 	EXP 	ImmedMoneyAmt: color = 'green (named)'
99.3628 	EXP 	Immedtoday: color = 'green (named)'
99.3794 	EXP 	ImmedMoneyAmt: color = 'green (named)'
99.3794 	EXP 	Immedtoday: color = 'green (named)'
99.3958 	EXP 	ImmedMoneyAmt: color = 'green (named)'
99.3958 	EXP 	Immedtoday: color = 'green (named)'
99.4128 	EXP 	ImmedMoneyAmt: color = 'green (named)'
99.4128 	EXP 	Immedtoday: color = 'green (named)'
99.4295 	EXP 	ImmedMoneyAmt: color = 'green (named)'
99.4295 	EXP 	Immedtoday: color = 'green (named)'
99.4460 	EXP 	ImmedMoneyAmt: color = 'green (named)'
99.4460 	EXP 	Immedtoday: color = 'green (named)'
99.4626 	EXP 	ImmedMoneyAmt: color = 'green (named)'
99.4626 	EXP 	Immedtoday: color = 'green (named)'
99.4793 	EXP 	ImmedMoneyAmt: color = 'green (named)'
99.4793 	EXP 	Immedtoday: color = 'green (named)'
99.4962 	EXP 	ImmedMoneyAmt: color = 'green (named)'
99.4962 	EXP 	Immedtoday: color = 'green (named)'
99.5129 	EXP 	ImmedMoneyAmt: color = 'green (named)'
99.5129 	EXP 	Immedtoday: color = 'green (named)'
99.5296 	EXP 	ImmedMoneyAmt: color = 'green (named)'
99.5296 	EXP 	Immedtoday: color = 'green (named)'
99.5460 	EXP 	ImmedMoneyAmt: color = 'green (named)'
99.5460 	EXP 	Immedtoday: color = 'green (named)'
99.5629 	EXP 	ImmedMoneyAmt: color = 'green (named)'
99.5629 	EXP 	Immedtoday: color = 'green (named)'
99.5796 	EXP 	ImmedMoneyAmt: color = 'green (named)'
99.5796 	EXP 	Immedtoday: color = 'green (named)'
99.5962 	EXP 	ImmedMoneyAmt: color = 'green (named)'
99.5962 	EXP 	Immedtoday: color = 'green (named)'
99.6129 	EXP 	ImmedMoneyAmt: color = 'green (named)'
99.6129 	EXP 	Immedtoday: color = 'green (named)'
99.6294 	EXP 	ImmedMoneyAmt: color = 'green (named)'
99.6294 	EXP 	Immedtoday: color = 'green (named)'
99.6461 	EXP 	ImmedMoneyAmt: color = 'green (named)'
99.6461 	EXP 	Immedtoday: color = 'green (named)'
99.6627 	EXP 	ImmedMoneyAmt: color = 'green (named)'
99.6627 	EXP 	Immedtoday: color = 'green (named)'
99.6796 	EXP 	ImmedMoneyAmt: color = 'green (named)'
99.6796 	EXP 	Immedtoday: color = 'green (named)'
99.6962 	EXP 	ImmedMoneyAmt: color = 'green (named)'
99.6962 	EXP 	Immedtoday: color = 'green (named)'
99.7130 	EXP 	ImmedMoneyAmt: color = 'green (named)'
99.7130 	EXP 	Immedtoday: color = 'green (named)'
99.7297 	EXP 	ImmedMoneyAmt: color = 'green (named)'
99.7297 	EXP 	Immedtoday: color = 'green (named)'
99.7462 	EXP 	ImmedMoneyAmt: color = 'green (named)'
99.7462 	EXP 	Immedtoday: color = 'green (named)'
99.7630 	EXP 	ImmedMoneyAmt: color = 'green (named)'
99.7630 	EXP 	Immedtoday: color = 'green (named)'
99.7798 	EXP 	ImmedMoneyAmt: color = 'green (named)'
99.7798 	EXP 	Immedtoday: color = 'green (named)'
99.7965 	EXP 	ImmedMoneyAmt: color = 'green (named)'
99.7965 	EXP 	Immedtoday: color = 'green (named)'
99.8127 	EXP 	ImmedMoneyAmt: color = 'green (named)'
99.8127 	EXP 	Immedtoday: color = 'green (named)'
99.8298 	EXP 	ImmedMoneyAmt: color = 'green (named)'
99.8298 	EXP 	Immedtoday: color = 'green (named)'
99.8465 	EXP 	ImmedMoneyAmt: color = 'green (named)'
99.8465 	EXP 	Immedtoday: color = 'green (named)'
99.8632 	EXP 	ImmedMoneyAmt: color = 'green (named)'
99.8632 	EXP 	Immedtoday: color = 'green (named)'
99.8797 	EXP 	ImmedMoneyAmt: color = 'green (named)'
99.8797 	EXP 	Immedtoday: color = 'green (named)'
99.8966 	EXP 	ImmedMoneyAmt: color = 'green (named)'
99.8966 	EXP 	Immedtoday: color = 'green (named)'
99.9133 	EXP 	ImmedMoneyAmt: color = 'green (named)'
99.9133 	EXP 	Immedtoday: color = 'green (named)'
99.9300 	EXP 	ImmedMoneyAmt: color = 'green (named)'
99.9300 	EXP 	Immedtoday: color = 'green (named)'
99.9461 	EXP 	ImmedMoneyAmt: color = 'green (named)'
99.9461 	EXP 	Immedtoday: color = 'green (named)'
99.9632 	EXP 	ImmedMoneyAmt: color = 'green (named)'
99.9632 	EXP 	Immedtoday: color = 'green (named)'
99.9799 	EXP 	ImmedMoneyAmt: color = 'green (named)'
99.9799 	EXP 	Immedtoday: color = 'green (named)'
99.9964 	EXP 	ImmedMoneyAmt: color = 'green (named)'
99.9964 	EXP 	Immedtoday: color = 'green (named)'
100.0131 	EXP 	ImmedMoneyAmt: color = 'green (named)'
100.0131 	EXP 	Immedtoday: color = 'green (named)'
100.0298 	EXP 	ImmedMoneyAmt: color = 'green (named)'
100.0298 	EXP 	Immedtoday: color = 'green (named)'
100.0465 	EXP 	ImmedMoneyAmt: color = 'green (named)'
100.0465 	EXP 	Immedtoday: color = 'green (named)'
100.0633 	EXP 	ImmedMoneyAmt: color = 'green (named)'
100.0633 	EXP 	Immedtoday: color = 'green (named)'
100.0800 	EXP 	ImmedMoneyAmt: color = 'green (named)'
100.0800 	EXP 	Immedtoday: color = 'green (named)'
100.0966 	EXP 	ImmedMoneyAmt: color = 'green (named)'
100.0966 	EXP 	Immedtoday: color = 'green (named)'
100.1135 	EXP 	ImmedMoneyAmt: color = 'green (named)'
100.1135 	EXP 	Immedtoday: color = 'green (named)'
100.1299 	EXP 	ImmedMoneyAmt: color = 'green (named)'
100.1299 	EXP 	Immedtoday: color = 'green (named)'
100.1468 	EXP 	ImmedMoneyAmt: color = 'green (named)'
100.1468 	EXP 	Immedtoday: color = 'green (named)'
100.1635 	EXP 	ImmedMoneyAmt: color = 'green (named)'
100.1635 	EXP 	Immedtoday: color = 'green (named)'
100.1800 	EXP 	ImmedMoneyAmt: color = 'green (named)'
100.1800 	EXP 	Immedtoday: color = 'green (named)'
100.1966 	EXP 	ImmedMoneyAmt: color = 'green (named)'
100.1966 	EXP 	Immedtoday: color = 'green (named)'
100.2135 	EXP 	ImmedMoneyAmt: color = 'green (named)'
100.2135 	EXP 	Immedtoday: color = 'green (named)'
100.2300 	EXP 	ImmedMoneyAmt: color = 'green (named)'
100.2300 	EXP 	Immedtoday: color = 'green (named)'
100.2469 	EXP 	ImmedMoneyAmt: color = 'green (named)'
100.2469 	EXP 	Immedtoday: color = 'green (named)'
100.2635 	EXP 	ImmedMoneyAmt: color = 'green (named)'
100.2635 	EXP 	Immedtoday: color = 'green (named)'
100.2802 	EXP 	ImmedMoneyAmt: color = 'green (named)'
100.2802 	EXP 	Immedtoday: color = 'green (named)'
100.2969 	EXP 	ImmedMoneyAmt: color = 'green (named)'
100.2969 	EXP 	Immedtoday: color = 'green (named)'
100.3133 	EXP 	ImmedMoneyAmt: color = 'green (named)'
100.3133 	EXP 	Immedtoday: color = 'green (named)'
100.3299 	EXP 	ImmedMoneyAmt: color = 'green (named)'
100.3299 	EXP 	Immedtoday: color = 'green (named)'
100.3468 	EXP 	ImmedMoneyAmt: color = 'green (named)'
100.3468 	EXP 	Immedtoday: color = 'green (named)'
100.3636 	EXP 	ImmedMoneyAmt: color = 'green (named)'
100.3636 	EXP 	Immedtoday: color = 'green (named)'
100.3801 	EXP 	ImmedMoneyAmt: color = 'green (named)'
100.3801 	EXP 	Immedtoday: color = 'green (named)'
100.3967 	EXP 	ImmedMoneyAmt: color = 'green (named)'
100.3967 	EXP 	Immedtoday: color = 'green (named)'
100.4135 	EXP 	ImmedMoneyAmt: color = 'green (named)'
100.4135 	EXP 	Immedtoday: color = 'green (named)'
100.4303 	EXP 	ImmedMoneyAmt: color = 'green (named)'
100.4303 	EXP 	Immedtoday: color = 'green (named)'
100.4470 	EXP 	ImmedMoneyAmt: color = 'green (named)'
100.4470 	EXP 	Immedtoday: color = 'green (named)'
100.4634 	EXP 	ImmedMoneyAmt: color = 'green (named)'
100.4634 	EXP 	Immedtoday: color = 'green (named)'
100.4802 	EXP 	ImmedMoneyAmt: color = 'green (named)'
100.4802 	EXP 	Immedtoday: color = 'green (named)'
100.4971 	EXP 	ImmedMoneyAmt: color = 'green (named)'
100.4971 	EXP 	Immedtoday: color = 'green (named)'
100.5138 	EXP 	ImmedMoneyAmt: color = 'green (named)'
100.5138 	EXP 	Immedtoday: color = 'green (named)'
100.5304 	EXP 	ImmedMoneyAmt: color = 'green (named)'
100.5304 	EXP 	Immedtoday: color = 'green (named)'
100.5471 	EXP 	ImmedMoneyAmt: color = 'green (named)'
100.5471 	EXP 	Immedtoday: color = 'green (named)'
100.5636 	EXP 	ImmedMoneyAmt: color = 'green (named)'
100.5636 	EXP 	Immedtoday: color = 'green (named)'
100.5805 	EXP 	ImmedMoneyAmt: color = 'green (named)'
100.5805 	EXP 	Immedtoday: color = 'green (named)'
100.5972 	EXP 	ImmedMoneyAmt: color = 'green (named)'
100.5972 	EXP 	Immedtoday: color = 'green (named)'
100.6138 	EXP 	ImmedMoneyAmt: color = 'green (named)'
100.6138 	EXP 	Immedtoday: color = 'green (named)'
100.6302 	EXP 	ImmedMoneyAmt: color = 'green (named)'
100.6302 	EXP 	Immedtoday: color = 'green (named)'
100.6472 	EXP 	ImmedMoneyAmt: color = 'green (named)'
100.6472 	EXP 	Immedtoday: color = 'green (named)'
100.6637 	EXP 	ImmedMoneyAmt: color = 'green (named)'
100.6637 	EXP 	Immedtoday: color = 'green (named)'
100.6806 	EXP 	ImmedMoneyAmt: color = 'green (named)'
100.6806 	EXP 	Immedtoday: color = 'green (named)'
100.6972 	EXP 	ImmedMoneyAmt: color = 'green (named)'
100.6972 	EXP 	Immedtoday: color = 'green (named)'
100.7137 	EXP 	ImmedMoneyAmt: color = 'green (named)'
100.7137 	EXP 	Immedtoday: color = 'green (named)'
100.7304 	EXP 	ImmedMoneyAmt: color = 'green (named)'
100.7304 	EXP 	Immedtoday: color = 'green (named)'
100.7471 	EXP 	ImmedMoneyAmt: color = 'green (named)'
100.7471 	EXP 	Immedtoday: color = 'green (named)'
100.7638 	EXP 	ImmedMoneyAmt: color = 'green (named)'
100.7638 	EXP 	Immedtoday: color = 'green (named)'
100.7807 	EXP 	ImmedMoneyAmt: color = 'green (named)'
100.7807 	EXP 	Immedtoday: color = 'green (named)'
100.7970 	EXP 	ImmedMoneyAmt: color = 'green (named)'
100.7970 	EXP 	Immedtoday: color = 'green (named)'
100.8137 	EXP 	ImmedMoneyAmt: color = 'green (named)'
100.8137 	EXP 	Immedtoday: color = 'green (named)'
100.8304 	EXP 	ImmedMoneyAmt: color = 'green (named)'
100.8304 	EXP 	Immedtoday: color = 'green (named)'
100.8471 	EXP 	ImmedMoneyAmt: color = 'green (named)'
100.8471 	EXP 	Immedtoday: color = 'green (named)'
100.8640 	EXP 	ImmedMoneyAmt: color = 'green (named)'
100.8640 	EXP 	Immedtoday: color = 'green (named)'
100.8805 	EXP 	ImmedMoneyAmt: color = 'green (named)'
100.8805 	EXP 	Immedtoday: color = 'green (named)'
100.8974 	EXP 	ImmedMoneyAmt: color = 'green (named)'
100.8974 	EXP 	Immedtoday: color = 'green (named)'
100.9143 	EXP 	ImmedMoneyAmt: color = 'green (named)'
100.9143 	EXP 	Immedtoday: color = 'green (named)'
100.9304 	EXP 	ImmedMoneyAmt: color = 'green (named)'
100.9304 	EXP 	Immedtoday: color = 'green (named)'
100.9475 	EXP 	ImmedMoneyAmt: color = 'green (named)'
100.9475 	EXP 	Immedtoday: color = 'green (named)'
100.9635 	EXP 	ImmedMoneyAmt: color = 'green (named)'
100.9635 	EXP 	Immedtoday: color = 'green (named)'
100.9805 	EXP 	ImmedMoneyAmt: color = 'green (named)'
100.9805 	EXP 	Immedtoday: color = 'green (named)'
100.9973 	EXP 	ImmedMoneyAmt: color = 'green (named)'
100.9973 	EXP 	Immedtoday: color = 'green (named)'
101.0138 	EXP 	ImmedMoneyAmt: color = 'green (named)'
101.0138 	EXP 	Immedtoday: color = 'green (named)'
101.0307 	EXP 	ImmedMoneyAmt: color = 'green (named)'
101.0307 	EXP 	Immedtoday: color = 'green (named)'
101.0475 	EXP 	ImmedMoneyAmt: color = 'green (named)'
101.0475 	EXP 	Immedtoday: color = 'green (named)'
101.0638 	EXP 	ImmedMoneyAmt: color = 'green (named)'
101.0638 	EXP 	Immedtoday: color = 'green (named)'
101.0807 	EXP 	ImmedMoneyAmt: color = 'green (named)'
101.0807 	EXP 	Immedtoday: color = 'green (named)'
101.0974 	EXP 	ImmedMoneyAmt: color = 'green (named)'
101.0974 	EXP 	Immedtoday: color = 'green (named)'
101.1142 	EXP 	ImmedMoneyAmt: color = 'green (named)'
101.1142 	EXP 	Immedtoday: color = 'green (named)'
101.1308 	EXP 	ImmedMoneyAmt: color = 'green (named)'
101.1308 	EXP 	Immedtoday: color = 'green (named)'
101.1478 	EXP 	ImmedMoneyAmt: color = 'green (named)'
101.1478 	EXP 	Immedtoday: color = 'green (named)'
101.1642 	EXP 	ImmedMoneyAmt: color = 'green (named)'
101.1642 	EXP 	Immedtoday: color = 'green (named)'
101.1810 	EXP 	ImmedMoneyAmt: color = 'green (named)'
101.1810 	EXP 	Immedtoday: color = 'green (named)'
101.1976 	EXP 	ImmedMoneyAmt: color = 'green (named)'
101.1976 	EXP 	Immedtoday: color = 'green (named)'
101.2141 	EXP 	ImmedMoneyAmt: color = 'green (named)'
101.2141 	EXP 	Immedtoday: color = 'green (named)'
101.2309 	EXP 	ImmedMoneyAmt: color = 'green (named)'
101.2309 	EXP 	Immedtoday: color = 'green (named)'
101.2477 	EXP 	ImmedMoneyAmt: color = 'green (named)'
101.2477 	EXP 	Immedtoday: color = 'green (named)'
101.2642 	EXP 	ImmedMoneyAmt: color = 'green (named)'
101.2642 	EXP 	Immedtoday: color = 'green (named)'
101.2810 	EXP 	ImmedMoneyAmt: color = 'green (named)'
101.2810 	EXP 	Immedtoday: color = 'green (named)'
101.2974 	EXP 	ImmedMoneyAmt: color = 'green (named)'
101.2974 	EXP 	Immedtoday: color = 'green (named)'
101.3140 	EXP 	ImmedMoneyAmt: color = 'green (named)'
101.3140 	EXP 	Immedtoday: color = 'green (named)'
101.3310 	EXP 	ImmedMoneyAmt: color = 'green (named)'
101.3310 	EXP 	Immedtoday: color = 'green (named)'
101.3475 	EXP 	ImmedMoneyAmt: color = 'green (named)'
101.3475 	EXP 	Immedtoday: color = 'green (named)'
101.3643 	EXP 	ImmedMoneyAmt: color = 'green (named)'
101.3643 	EXP 	Immedtoday: color = 'green (named)'
101.3808 	EXP 	ImmedMoneyAmt: color = 'green (named)'
101.3808 	EXP 	Immedtoday: color = 'green (named)'
101.3975 	EXP 	ImmedMoneyAmt: color = 'green (named)'
101.3975 	EXP 	Immedtoday: color = 'green (named)'
101.4144 	EXP 	ImmedMoneyAmt: color = 'green (named)'
101.4144 	EXP 	Immedtoday: color = 'green (named)'
101.4154 	EXP 	New trial (rep=0, index=2): OrderedDict([('ImMoney', '$48 '), ('DelayMoney', '$49 '), ('DelayDays', 'in 15 days')])
101.4308 	EXP 	Line: autoDraw = False
101.4308 	EXP 	ImmedMoneyAmt: autoDraw = False
101.4308 	EXP 	DelayMoneyAmt: autoDraw = False
101.4308 	EXP 	Immedtoday: autoDraw = False
101.4308 	EXP 	DelayTime: autoDraw = False
101.4308 	EXP 	blank: autoDraw = False
101.4308 	EXP 	ImmedMoneyAmt: color = 'white (named)'
101.4308 	EXP 	Immedtoday: color = 'white (named)'
101.4308 	EXP 	DelayTime: color = 'white (named)'
101.4308 	EXP 	DelayMoneyAmt: color = 'white (named)'
101.4308 	EXP 	ImmedMoneyAmt: autoDraw = False
101.4308 	EXP 	Immedtoday: autoDraw = False
101.4308 	EXP 	DelayTime: autoDraw = False
101.4308 	EXP 	DelayMoneyAmt: autoDraw = False
101.4308 	EXP 	Line: autoDraw = False
101.4308 	EXP 	isi2: text = '+'
101.4308 	EXP 	isi2: autoDraw = True
103.4486 	EXP 	isi2: autoDraw = False
103.4486 	EXP 	Line: size = array([3. , 0.5])
103.4486 	EXP 	Line: fillColor = '[-1. -1. -1.] (rgb)'
103.4486 	EXP 	Line: lineColor = '[-1. -1. -1.] (rgb)'
103.4486 	EXP 	Line: lineWidth = 7.0
103.4486 	EXP 	ImmedMoneyAmt: color = 'white (named)'
103.4486 	EXP 	ImmedMoneyAmt: pos = array([-0.41,  0.15])
103.4486 	EXP 	ImmedMoneyAmt: text = '$48 '
103.4486 	EXP 	ImmedMoneyAmt: font = 'Arial'
103.4486 	EXP 	ImmedMoneyAmt: height = 0.12
103.4486 	EXP 	DelayMoneyAmt: color = 'white (named)'
103.4486 	EXP 	DelayMoneyAmt: pos = array([0.41, 0.15])
103.4486 	EXP 	DelayMoneyAmt: text = '$49 '
103.4486 	EXP 	DelayMoneyAmt: font = 'Arial'
103.4486 	EXP 	DelayMoneyAmt: height = 0.12
103.4486 	EXP 	Immedtoday: color = 'white (named)'
103.4486 	EXP 	Immedtoday: pos = array([-0.41, -0.1 ])
103.4486 	EXP 	Immedtoday: text = 'today'
103.4486 	EXP 	Immedtoday: font = 'Arial'
103.4486 	EXP 	Immedtoday: height = 0.12
103.4486 	EXP 	DelayTime: color = 'white (named)'
103.4486 	EXP 	DelayTime: pos = array([ 0.41, -0.1 ])
103.4486 	EXP 	DelayTime: text = 'in 15 days'
103.4486 	EXP 	DelayTime: font = 'Arial'
103.4486 	EXP 	DelayTime: height = 0.12
103.4486 	EXP 	ImmedMoneyAmt: text = '$48 '
103.4486 	EXP 	DelayMoneyAmt: text = '$49 '
103.4486 	EXP 	Immedtoday: text = 'today'
103.4486 	EXP 	DelayTime: text = 'in 15 days'
103.4486 	EXP 	blank: text = ''
103.4486 	EXP 	Line: autoDraw = True
103.4486 	EXP 	ImmedMoneyAmt: autoDraw = True
103.4486 	EXP 	DelayMoneyAmt: autoDraw = True
103.4486 	EXP 	Immedtoday: autoDraw = True
103.4486 	EXP 	DelayTime: autoDraw = True
103.4486 	EXP 	blank: autoDraw = True
103.4486 	EXP 	ImmedMoneyAmt: text = '$48 '
103.4486 	EXP 	DelayMoneyAmt: text = '$49 '
103.4486 	EXP 	Immedtoday: text = 'today'
103.4486 	EXP 	DelayTime: text = 'in 15 days'
104.9507 	EXP 	blank: autoDraw = False
105.0712 	DATA 	Keypress: 2
105.0838 	EXP 	DelayTime: color = 'green (named)'
105.0838 	EXP 	DelayMoneyAmt: color = 'green (named)'
105.1006 	EXP 	DelayTime: color = 'green (named)'
105.1006 	EXP 	DelayMoneyAmt: color = 'green (named)'
105.1173 	EXP 	DelayTime: color = 'green (named)'
105.1173 	EXP 	DelayMoneyAmt: color = 'green (named)'
105.1341 	EXP 	DelayTime: color = 'green (named)'
105.1341 	EXP 	DelayMoneyAmt: color = 'green (named)'
105.1508 	EXP 	DelayTime: color = 'green (named)'
105.1508 	EXP 	DelayMoneyAmt: color = 'green (named)'
105.1674 	EXP 	DelayTime: color = 'green (named)'
105.1674 	EXP 	DelayMoneyAmt: color = 'green (named)'
105.1841 	EXP 	DelayTime: color = 'green (named)'
105.1841 	EXP 	DelayMoneyAmt: color = 'green (named)'
105.2010 	EXP 	DelayTime: color = 'green (named)'
105.2010 	EXP 	DelayMoneyAmt: color = 'green (named)'
105.2175 	EXP 	DelayTime: color = 'green (named)'
105.2175 	EXP 	DelayMoneyAmt: color = 'green (named)'
105.2342 	EXP 	DelayTime: color = 'green (named)'
105.2342 	EXP 	DelayMoneyAmt: color = 'green (named)'
105.2506 	EXP 	DelayTime: color = 'green (named)'
105.2506 	EXP 	DelayMoneyAmt: color = 'green (named)'
105.2674 	EXP 	DelayTime: color = 'green (named)'
105.2674 	EXP 	DelayMoneyAmt: color = 'green (named)'
105.2844 	EXP 	DelayTime: color = 'green (named)'
105.2844 	EXP 	DelayMoneyAmt: color = 'green (named)'
105.3010 	EXP 	DelayTime: color = 'green (named)'
105.3010 	EXP 	DelayMoneyAmt: color = 'green (named)'
105.3178 	EXP 	DelayTime: color = 'green (named)'
105.3178 	EXP 	DelayMoneyAmt: color = 'green (named)'
105.3342 	EXP 	DelayTime: color = 'green (named)'
105.3342 	EXP 	DelayMoneyAmt: color = 'green (named)'
105.3511 	EXP 	DelayTime: color = 'green (named)'
105.3511 	EXP 	DelayMoneyAmt: color = 'green (named)'
105.3675 	EXP 	DelayTime: color = 'green (named)'
105.3675 	EXP 	DelayMoneyAmt: color = 'green (named)'
105.3842 	EXP 	DelayTime: color = 'green (named)'
105.3842 	EXP 	DelayMoneyAmt: color = 'green (named)'
105.4009 	EXP 	DelayTime: color = 'green (named)'
105.4009 	EXP 	DelayMoneyAmt: color = 'green (named)'
105.4176 	EXP 	DelayTime: color = 'green (named)'
105.4176 	EXP 	DelayMoneyAmt: color = 'green (named)'
105.4344 	EXP 	DelayTime: color = 'green (named)'
105.4344 	EXP 	DelayMoneyAmt: color = 'green (named)'
105.4512 	EXP 	DelayTime: color = 'green (named)'
105.4512 	EXP 	DelayMoneyAmt: color = 'green (named)'
105.4677 	EXP 	DelayTime: color = 'green (named)'
105.4677 	EXP 	DelayMoneyAmt: color = 'green (named)'
105.4845 	EXP 	DelayTime: color = 'green (named)'
105.4845 	EXP 	DelayMoneyAmt: color = 'green (named)'
105.5010 	EXP 	DelayTime: color = 'green (named)'
105.5010 	EXP 	DelayMoneyAmt: color = 'green (named)'
105.5176 	EXP 	DelayTime: color = 'green (named)'
105.5176 	EXP 	DelayMoneyAmt: color = 'green (named)'
105.5345 	EXP 	DelayTime: color = 'green (named)'
105.5345 	EXP 	DelayMoneyAmt: color = 'green (named)'
105.5510 	EXP 	DelayTime: color = 'green (named)'
105.5510 	EXP 	DelayMoneyAmt: color = 'green (named)'
105.5680 	EXP 	DelayTime: color = 'green (named)'
105.5680 	EXP 	DelayMoneyAmt: color = 'green (named)'
105.5844 	EXP 	DelayTime: color = 'green (named)'
105.5844 	EXP 	DelayMoneyAmt: color = 'green (named)'
105.6011 	EXP 	DelayTime: color = 'green (named)'
105.6011 	EXP 	DelayMoneyAmt: color = 'green (named)'
105.6179 	EXP 	DelayTime: color = 'green (named)'
105.6179 	EXP 	DelayMoneyAmt: color = 'green (named)'
105.6346 	EXP 	DelayTime: color = 'green (named)'
105.6346 	EXP 	DelayMoneyAmt: color = 'green (named)'
105.6512 	EXP 	DelayTime: color = 'green (named)'
105.6512 	EXP 	DelayMoneyAmt: color = 'green (named)'
105.6678 	EXP 	DelayTime: color = 'green (named)'
105.6678 	EXP 	DelayMoneyAmt: color = 'green (named)'
105.6847 	EXP 	DelayTime: color = 'green (named)'
105.6847 	EXP 	DelayMoneyAmt: color = 'green (named)'
105.7014 	EXP 	DelayTime: color = 'green (named)'
105.7014 	EXP 	DelayMoneyAmt: color = 'green (named)'
105.7182 	EXP 	DelayTime: color = 'green (named)'
105.7182 	EXP 	DelayMoneyAmt: color = 'green (named)'
105.7345 	EXP 	DelayTime: color = 'green (named)'
105.7345 	EXP 	DelayMoneyAmt: color = 'green (named)'
105.7514 	EXP 	DelayTime: color = 'green (named)'
105.7514 	EXP 	DelayMoneyAmt: color = 'green (named)'
105.7679 	EXP 	DelayTime: color = 'green (named)'
105.7679 	EXP 	DelayMoneyAmt: color = 'green (named)'
105.7847 	EXP 	DelayTime: color = 'green (named)'
105.7847 	EXP 	DelayMoneyAmt: color = 'green (named)'
105.8014 	EXP 	DelayTime: color = 'green (named)'
105.8014 	EXP 	DelayMoneyAmt: color = 'green (named)'
105.8180 	EXP 	DelayTime: color = 'green (named)'
105.8180 	EXP 	DelayMoneyAmt: color = 'green (named)'
105.8346 	EXP 	DelayTime: color = 'green (named)'
105.8346 	EXP 	DelayMoneyAmt: color = 'green (named)'
105.8515 	EXP 	DelayTime: color = 'green (named)'
105.8515 	EXP 	DelayMoneyAmt: color = 'green (named)'
105.8682 	EXP 	DelayTime: color = 'green (named)'
105.8682 	EXP 	DelayMoneyAmt: color = 'green (named)'
105.8847 	EXP 	DelayTime: color = 'green (named)'
105.8847 	EXP 	DelayMoneyAmt: color = 'green (named)'
105.9018 	EXP 	DelayTime: color = 'green (named)'
105.9018 	EXP 	DelayMoneyAmt: color = 'green (named)'
105.9177 	EXP 	DelayTime: color = 'green (named)'
105.9177 	EXP 	DelayMoneyAmt: color = 'green (named)'
105.9348 	EXP 	DelayTime: color = 'green (named)'
105.9348 	EXP 	DelayMoneyAmt: color = 'green (named)'
105.9516 	EXP 	DelayTime: color = 'green (named)'
105.9516 	EXP 	DelayMoneyAmt: color = 'green (named)'
105.9683 	EXP 	DelayTime: color = 'green (named)'
105.9683 	EXP 	DelayMoneyAmt: color = 'green (named)'
105.9850 	EXP 	DelayTime: color = 'green (named)'
105.9850 	EXP 	DelayMoneyAmt: color = 'green (named)'
106.0016 	EXP 	DelayTime: color = 'green (named)'
106.0016 	EXP 	DelayMoneyAmt: color = 'green (named)'
106.0179 	EXP 	DelayTime: color = 'green (named)'
106.0179 	EXP 	DelayMoneyAmt: color = 'green (named)'
106.0351 	EXP 	DelayTime: color = 'green (named)'
106.0351 	EXP 	DelayMoneyAmt: color = 'green (named)'
106.0517 	EXP 	DelayTime: color = 'green (named)'
106.0517 	EXP 	DelayMoneyAmt: color = 'green (named)'
106.0683 	EXP 	DelayTime: color = 'green (named)'
106.0683 	EXP 	DelayMoneyAmt: color = 'green (named)'
106.0848 	EXP 	DelayTime: color = 'green (named)'
106.0848 	EXP 	DelayMoneyAmt: color = 'green (named)'
106.1014 	EXP 	DelayTime: color = 'green (named)'
106.1014 	EXP 	DelayMoneyAmt: color = 'green (named)'
106.1184 	EXP 	DelayTime: color = 'green (named)'
106.1184 	EXP 	DelayMoneyAmt: color = 'green (named)'
106.1350 	EXP 	DelayTime: color = 'green (named)'
106.1350 	EXP 	DelayMoneyAmt: color = 'green (named)'
106.1517 	EXP 	DelayTime: color = 'green (named)'
106.1517 	EXP 	DelayMoneyAmt: color = 'green (named)'
106.1682 	EXP 	DelayTime: color = 'green (named)'
106.1682 	EXP 	DelayMoneyAmt: color = 'green (named)'
106.1849 	EXP 	DelayTime: color = 'green (named)'
106.1849 	EXP 	DelayMoneyAmt: color = 'green (named)'
106.2017 	EXP 	DelayTime: color = 'green (named)'
106.2017 	EXP 	DelayMoneyAmt: color = 'green (named)'
106.2183 	EXP 	DelayTime: color = 'green (named)'
106.2183 	EXP 	DelayMoneyAmt: color = 'green (named)'
106.2348 	EXP 	DelayTime: color = 'green (named)'
106.2348 	EXP 	DelayMoneyAmt: color = 'green (named)'
106.2517 	EXP 	DelayTime: color = 'green (named)'
106.2517 	EXP 	DelayMoneyAmt: color = 'green (named)'
106.2684 	EXP 	DelayTime: color = 'green (named)'
106.2684 	EXP 	DelayMoneyAmt: color = 'green (named)'
106.2851 	EXP 	DelayTime: color = 'green (named)'
106.2851 	EXP 	DelayMoneyAmt: color = 'green (named)'
106.3016 	EXP 	DelayTime: color = 'green (named)'
106.3016 	EXP 	DelayMoneyAmt: color = 'green (named)'
106.3183 	EXP 	DelayTime: color = 'green (named)'
106.3183 	EXP 	DelayMoneyAmt: color = 'green (named)'
106.3352 	EXP 	DelayTime: color = 'green (named)'
106.3352 	EXP 	DelayMoneyAmt: color = 'green (named)'
106.3519 	EXP 	DelayTime: color = 'green (named)'
106.3519 	EXP 	DelayMoneyAmt: color = 'green (named)'
106.3684 	EXP 	DelayTime: color = 'green (named)'
106.3684 	EXP 	DelayMoneyAmt: color = 'green (named)'
106.3853 	EXP 	DelayTime: color = 'green (named)'
106.3853 	EXP 	DelayMoneyAmt: color = 'green (named)'
106.4020 	EXP 	DelayTime: color = 'green (named)'
106.4020 	EXP 	DelayMoneyAmt: color = 'green (named)'
106.4184 	EXP 	DelayTime: color = 'green (named)'
106.4184 	EXP 	DelayMoneyAmt: color = 'green (named)'
106.4354 	EXP 	DelayTime: color = 'green (named)'
106.4354 	EXP 	DelayMoneyAmt: color = 'green (named)'
106.4519 	EXP 	DelayTime: color = 'green (named)'
106.4519 	EXP 	DelayMoneyAmt: color = 'green (named)'
106.4686 	EXP 	DelayTime: color = 'green (named)'
106.4686 	EXP 	DelayMoneyAmt: color = 'green (named)'
106.4852 	EXP 	DelayTime: color = 'green (named)'
106.4852 	EXP 	DelayMoneyAmt: color = 'green (named)'
106.5020 	EXP 	DelayTime: color = 'green (named)'
106.5020 	EXP 	DelayMoneyAmt: color = 'green (named)'
106.5186 	EXP 	DelayTime: color = 'green (named)'
106.5186 	EXP 	DelayMoneyAmt: color = 'green (named)'
106.5353 	EXP 	DelayTime: color = 'green (named)'
106.5353 	EXP 	DelayMoneyAmt: color = 'green (named)'
106.5521 	EXP 	DelayTime: color = 'green (named)'
106.5521 	EXP 	DelayMoneyAmt: color = 'green (named)'
106.5685 	EXP 	DelayTime: color = 'green (named)'
106.5685 	EXP 	DelayMoneyAmt: color = 'green (named)'
106.5852 	EXP 	DelayTime: color = 'green (named)'
106.5852 	EXP 	DelayMoneyAmt: color = 'green (named)'
106.6019 	EXP 	DelayTime: color = 'green (named)'
106.6019 	EXP 	DelayMoneyAmt: color = 'green (named)'
106.6186 	EXP 	DelayTime: color = 'green (named)'
106.6186 	EXP 	DelayMoneyAmt: color = 'green (named)'
106.6355 	EXP 	DelayTime: color = 'green (named)'
106.6355 	EXP 	DelayMoneyAmt: color = 'green (named)'
106.6519 	EXP 	DelayTime: color = 'green (named)'
106.6519 	EXP 	DelayMoneyAmt: color = 'green (named)'
106.6685 	EXP 	DelayTime: color = 'green (named)'
106.6685 	EXP 	DelayMoneyAmt: color = 'green (named)'
106.6856 	EXP 	DelayTime: color = 'green (named)'
106.6856 	EXP 	DelayMoneyAmt: color = 'green (named)'
106.7022 	EXP 	DelayTime: color = 'green (named)'
106.7022 	EXP 	DelayMoneyAmt: color = 'green (named)'
106.7188 	EXP 	DelayTime: color = 'green (named)'
106.7188 	EXP 	DelayMoneyAmt: color = 'green (named)'
106.7353 	EXP 	DelayTime: color = 'green (named)'
106.7353 	EXP 	DelayMoneyAmt: color = 'green (named)'
106.7520 	EXP 	DelayTime: color = 'green (named)'
106.7520 	EXP 	DelayMoneyAmt: color = 'green (named)'
106.7688 	EXP 	DelayTime: color = 'green (named)'
106.7688 	EXP 	DelayMoneyAmt: color = 'green (named)'
106.7854 	EXP 	DelayTime: color = 'green (named)'
106.7854 	EXP 	DelayMoneyAmt: color = 'green (named)'
106.8022 	EXP 	DelayTime: color = 'green (named)'
106.8022 	EXP 	DelayMoneyAmt: color = 'green (named)'
106.8188 	EXP 	DelayTime: color = 'green (named)'
106.8188 	EXP 	DelayMoneyAmt: color = 'green (named)'
106.8355 	EXP 	DelayTime: color = 'green (named)'
106.8355 	EXP 	DelayMoneyAmt: color = 'green (named)'
106.8521 	EXP 	DelayTime: color = 'green (named)'
106.8521 	EXP 	DelayMoneyAmt: color = 'green (named)'
106.8689 	EXP 	DelayTime: color = 'green (named)'
106.8689 	EXP 	DelayMoneyAmt: color = 'green (named)'
106.8854 	EXP 	DelayTime: color = 'green (named)'
106.8854 	EXP 	DelayMoneyAmt: color = 'green (named)'
106.9032 	EXP 	DelayTime: color = 'green (named)'
106.9032 	EXP 	DelayMoneyAmt: color = 'green (named)'
106.9191 	EXP 	DelayTime: color = 'green (named)'
106.9191 	EXP 	DelayMoneyAmt: color = 'green (named)'
106.9358 	EXP 	DelayTime: color = 'green (named)'
106.9358 	EXP 	DelayMoneyAmt: color = 'green (named)'
106.9522 	EXP 	DelayTime: color = 'green (named)'
106.9522 	EXP 	DelayMoneyAmt: color = 'green (named)'
106.9690 	EXP 	DelayTime: color = 'green (named)'
106.9690 	EXP 	DelayMoneyAmt: color = 'green (named)'
106.9867 	EXP 	DelayTime: color = 'green (named)'
106.9867 	EXP 	DelayMoneyAmt: color = 'green (named)'
107.0024 	EXP 	DelayTime: color = 'green (named)'
107.0024 	EXP 	DelayMoneyAmt: color = 'green (named)'
107.0189 	EXP 	DelayTime: color = 'green (named)'
107.0189 	EXP 	DelayMoneyAmt: color = 'green (named)'
107.0356 	EXP 	DelayTime: color = 'green (named)'
107.0356 	EXP 	DelayMoneyAmt: color = 'green (named)'
107.0521 	EXP 	DelayTime: color = 'green (named)'
107.0521 	EXP 	DelayMoneyAmt: color = 'green (named)'
107.0690 	EXP 	DelayTime: color = 'green (named)'
107.0690 	EXP 	DelayMoneyAmt: color = 'green (named)'
107.0855 	EXP 	DelayTime: color = 'green (named)'
107.0855 	EXP 	DelayMoneyAmt: color = 'green (named)'
107.1022 	EXP 	DelayTime: color = 'green (named)'
107.1022 	EXP 	DelayMoneyAmt: color = 'green (named)'
107.1192 	EXP 	DelayTime: color = 'green (named)'
107.1192 	EXP 	DelayMoneyAmt: color = 'green (named)'
107.1356 	EXP 	DelayTime: color = 'green (named)'
107.1356 	EXP 	DelayMoneyAmt: color = 'green (named)'
107.1526 	EXP 	DelayTime: color = 'green (named)'
107.1526 	EXP 	DelayMoneyAmt: color = 'green (named)'
107.1692 	EXP 	DelayTime: color = 'green (named)'
107.1692 	EXP 	DelayMoneyAmt: color = 'green (named)'
107.1859 	EXP 	DelayTime: color = 'green (named)'
107.1859 	EXP 	DelayMoneyAmt: color = 'green (named)'
107.2026 	EXP 	DelayTime: color = 'green (named)'
107.2026 	EXP 	DelayMoneyAmt: color = 'green (named)'
107.2191 	EXP 	DelayTime: color = 'green (named)'
107.2191 	EXP 	DelayMoneyAmt: color = 'green (named)'
107.2359 	EXP 	DelayTime: color = 'green (named)'
107.2359 	EXP 	DelayMoneyAmt: color = 'green (named)'
107.2527 	EXP 	DelayTime: color = 'green (named)'
107.2527 	EXP 	DelayMoneyAmt: color = 'green (named)'
107.2692 	EXP 	DelayTime: color = 'green (named)'
107.2692 	EXP 	DelayMoneyAmt: color = 'green (named)'
107.2858 	EXP 	DelayTime: color = 'green (named)'
107.2858 	EXP 	DelayMoneyAmt: color = 'green (named)'
107.3025 	EXP 	DelayTime: color = 'green (named)'
107.3025 	EXP 	DelayMoneyAmt: color = 'green (named)'
107.3194 	EXP 	DelayTime: color = 'green (named)'
107.3194 	EXP 	DelayMoneyAmt: color = 'green (named)'
107.3361 	EXP 	DelayTime: color = 'green (named)'
107.3361 	EXP 	DelayMoneyAmt: color = 'green (named)'
107.3527 	EXP 	DelayTime: color = 'green (named)'
107.3527 	EXP 	DelayMoneyAmt: color = 'green (named)'
107.3693 	EXP 	DelayTime: color = 'green (named)'
107.3693 	EXP 	DelayMoneyAmt: color = 'green (named)'
107.3858 	EXP 	DelayTime: color = 'green (named)'
107.3858 	EXP 	DelayMoneyAmt: color = 'green (named)'
107.4026 	EXP 	DelayTime: color = 'green (named)'
107.4026 	EXP 	DelayMoneyAmt: color = 'green (named)'
107.4037 	EXP 	New trial (rep=0, index=1): OrderedDict([('CueType1', 'REGULATE'), ('rows', '003:0013'), ('CueType2', 'REACT')])
107.4196 	EXP 	Line: autoDraw = False
107.4196 	EXP 	ImmedMoneyAmt: autoDraw = False
107.4196 	EXP 	DelayMoneyAmt: autoDraw = False
107.4196 	EXP 	Immedtoday: autoDraw = False
107.4196 	EXP 	DelayTime: autoDraw = False
107.4196 	EXP 	blank: autoDraw = False
107.4196 	EXP 	ImmedMoneyAmt: color = 'white (named)'
107.4196 	EXP 	Immedtoday: color = 'white (named)'
107.4196 	EXP 	DelayTime: color = 'white (named)'
107.4196 	EXP 	DelayMoneyAmt: color = 'white (named)'
107.4196 	EXP 	ImmedMoneyAmt: autoDraw = False
107.4196 	EXP 	Immedtoday: autoDraw = False
107.4196 	EXP 	DelayTime: autoDraw = False
107.4196 	EXP 	DelayMoneyAmt: autoDraw = False
107.4196 	EXP 	Line: autoDraw = False
107.4196 	EXP 	isi2: text = '+'
107.4196 	EXP 	isi2: autoDraw = True
109.4209 	EXP 	isi2: autoDraw = False
109.4209 	EXP 	cue: text = ''
109.4209 	EXP 	cue: text = 'REACT'
109.4209 	EXP 	cue: autoDraw = True
112.0418 	DATA 	Keypress: escape
112.1104 	EXP 	window1: mouseVisible = True
