6.6317 	WARNING 	User requested fullscreen with size [1024  768], but screen is actually [1920, 1200]. Using actual size
7.6769 	EXP 	Created window1 = Window(allowGUI=False, allowStencil=False, args=UNKNOWN, autoLog=True, bitsMode=UNKNOWN, blendMode='avg', color=array([0., 0., 0.]), colorSpace='rgb', fullscr=<method-wrapper '__getattribute__' of attributeSetter object at 0x0000026F2535F7F0>, gamma=None, gammaErrorPolicy='raise', kwargs=UNKNOWN, lms=UNKNOWN, monitor=<psychopy.monitors.calibTools.Monitor object at 0x0000026F2527BFD0>, multiSample=False, name='window1', numSamples=2, pos=[0.0, 0.0], screen=0, size=array([1920, 1200]), stereo=False, units='height', useFBO=True, useRetina=False, viewOri=0.0, viewPos=None, viewScale=None, waitBlanking=True, winType='pyglet')
7.6770 	EXP 	window1: recordFrameIntervals = False
7.8432 	EXP 	window1: recordFrameIntervals = True
8.0267 	EXP 	window1: recordFrameIntervals = False
9.7859 	EXP 	Created Instructions = TextStim(__class__=<class 'psychopy.visual.text.TextStim'>, alignHoriz='center', alignVert='center', antialias=True, autoLog=True, bold=False, color='white', colorSpace='named', contrast=1.0, depth=0.0, flipHoriz=False, flipVert=False, font='Arial', fontFiles=[], height=1.0, italic=False, languageStyle='LTR', name='Instructions', opacity=1.0, ori=0, pos=array([0., 0.]), rgb=array([255., 255., 255.]), text='default text', units='height', win=Window(...), wrapWidth=1.4)
9.8643 	EXP 	Created instruct2 = TextStim(__class__=<class 'psychopy.visual.text.TextStim'>, alignHoriz='center', alignVert='center', antialias=True, autoLog=True, bold=False, color='white', colorSpace='named', contrast=1.0, depth=0.0, flipHoriz=False, flipVert=False, font='Arial', fontFiles=[], height=0.055, italic=False, languageStyle='LTR', name='instruct2', opacity=1.0, ori=0, pos=array([0., 0.]), rgb=array([255., 255., 255.]), text=str(...), units='height', win=Window(...), wrapWidth=1.4)
9.8826 	EXP 	Created isi2 = TextStim(__class__=<class 'psychopy.visual.text.TextStim'>, alignHoriz='center', alignVert='center', antialias=True, autoLog=True, bold=False, color='white', colorSpace='named', contrast=1.0, depth=0.0, flipHoriz=False, flipVert=False, font='Arial', fontFiles=[], height=0.1, italic=False, languageStyle='LTR', name='isi2', opacity=1.0, ori=0, pos=array([0., 0.]), rgb=array([255., 255., 255.]), text='default text', units='height', win=Window(...), wrapWidth=1)
9.9051 	EXP 	Created text = TextStim(__class__=<class 'psychopy.visual.text.TextStim'>, alignHoriz='center', alignVert='center', antialias=True, autoLog=True, bold=False, color='white', colorSpace='named', contrast=1.0, depth=0.0, flipHoriz=False, flipVert=False, font='Arial', fontFiles=[], height=0.13, italic=False, languageStyle='LTR', name='text', opacity=1.0, ori=0, pos=array([0., 0.]), rgb=array([255., 255., 255.]), text='REGULATE', units='height', win=Window(...), wrapWidth=1)
9.9093 	EXP 	Created isi2 = TextStim(__class__=<class 'psychopy.visual.text.TextStim'>, alignHoriz='center', alignVert='center', antialias=True, autoLog=True, bold=False, color='white', colorSpace='named', contrast=1.0, depth=0.0, flipHoriz=False, flipVert=False, font='Arial', fontFiles=[], height=0.1, italic=False, languageStyle='LTR', name='isi2', opacity=1.0, ori=0, pos=array([0., 0.]), rgb=array([255., 255., 255.]), text='default text', units='height', win=Window(...), wrapWidth=1)
9.9162 	EXP 	Created Line = Line(__class__=<class 'psychopy.visual.line.Line'>, autoDraw=False, autoLog=True, closeShape=False, contrast=1.0, depth=0.0, fillColor=None, fillColorSpace='rgb', interpolate=True, lineColor=array([1., 1., 1.]), lineColorSpace='rgb', lineWidth=1.0, name='Line', opacity=1.0, ori=array(90.), pos=array([0., 0.]), size=array([1., 1.]), units='height', vertices=array([[-0.5,  0. ],
       [ 0.5,  0. ]]), win=Window(...), windingRule=None)
9.9197 	EXP 	Created ImmedMoneyAmt = TextStim(__class__=<class 'psychopy.visual.text.TextStim'>, alignHoriz='center', alignVert='center', antialias=True, autoLog=True, bold=False, color='white', colorSpace='named', contrast=1.0, depth=-2.0, flipHoriz=False, flipVert=False, font='Arial', fontFiles=[], height=1.0, italic=False, languageStyle='LTR', name='ImmedMoneyAmt', opacity=1.0, ori=0, pos=array([0., 0.]), rgb=array([255., 255., 255.]), text='default text', units='height', win=Window(...), wrapWidth=1)
9.9229 	EXP 	Created DelayMoneyAmt = TextStim(__class__=<class 'psychopy.visual.text.TextStim'>, alignHoriz='center', alignVert='center', antialias=True, autoLog=True, bold=False, color='white', colorSpace='named', contrast=1.0, depth=-3.0, flipHoriz=False, flipVert=False, font='Arial', fontFiles=[], height=1.0, italic=False, languageStyle='LTR', name='DelayMoneyAmt', opacity=1.0, ori=0, pos=array([0., 0.]), rgb=array([255., 255., 255.]), text='default text', units='height', win=Window(...), wrapWidth=1)
9.9260 	EXP 	Created Immedtoday = TextStim(__class__=<class 'psychopy.visual.text.TextStim'>, alignHoriz='center', alignVert='center', antialias=True, autoLog=True, bold=False, color='white', colorSpace='named', contrast=1.0, depth=-4.0, flipHoriz=False, flipVert=False, font='Arial', fontFiles=[], height=1.0, italic=False, languageStyle='LTR', name='Immedtoday', opacity=1.0, ori=0, pos=array([0., 0.]), rgb=array([255., 255., 255.]), text='default text', units='height', win=Window(...), wrapWidth=1)
9.9291 	EXP 	Created DelayTime = TextStim(__class__=<class 'psychopy.visual.text.TextStim'>, alignHoriz='center', alignVert='center', antialias=True, autoLog=True, bold=False, color='white', colorSpace='named', contrast=1.0, depth=-5.0, flipHoriz=False, flipVert=False, font='Arial', fontFiles=[], height=1.0, italic=False, languageStyle='LTR', name='DelayTime', opacity=1.0, ori=0, pos=array([0., 0.]), rgb=array([255., 255., 255.]), text='default text', units='height', win=Window(...), wrapWidth=1)
9.9295 	EXP 	Created blank = TextStim(__class__=<class 'psychopy.visual.text.TextStim'>, alignHoriz='center', alignVert='center', antialias=True, autoLog=True, bold=False, color='white', colorSpace='named', contrast=1.0, depth=-7.0, flipHoriz=False, flipVert=False, font='Arial', fontFiles=[], height=0.1, italic=False, languageStyle='LTR', name='blank', opacity=1.0, ori=0, pos=array([0., 0.]), rgb=array([255., 255., 255.]), text='', units='height', win=Window(...), wrapWidth=1)
9.9499 	EXP 	Created text_2 = TextStim(__class__=<class 'psychopy.visual.text.TextStim'>, alignHoriz='center', alignVert='center', antialias=True, autoLog=True, bold=False, color='white', colorSpace='named', contrast=1.0, depth=0.0, flipHoriz=False, flipVert=False, font='Arial', fontFiles=[], height=0.1, italic=False, languageStyle='LTR', name='text_2', opacity=1.0, ori=0, pos=array([0., 0.]), rgb=array([255., 255., 255.]), text='You will now begin the full task.', units='height', win=Window(...), wrapWidth=1)
9.9541 	EXP 	Created isi2 = TextStim(__class__=<class 'psychopy.visual.text.TextStim'>, alignHoriz='center', alignVert='center', antialias=True, autoLog=True, bold=False, color='white', colorSpace='named', contrast=1.0, depth=0.0, flipHoriz=False, flipVert=False, font='Arial', fontFiles=[], height=0.1, italic=False, languageStyle='LTR', name='isi2', opacity=1.0, ori=0, pos=array([0., 0.]), rgb=array([255., 255., 255.]), text='default text', units='height', win=Window(...), wrapWidth=1)
9.9550 	EXP 	Created cue = TextStim(__class__=<class 'psychopy.visual.text.TextStim'>, alignHoriz='center', alignVert='center', antialias=True, autoLog=True, bold=False, color='white', colorSpace='named', contrast=1.0, depth=0.0, flipHoriz=False, flipVert=False, font='Arial', fontFiles=[], height=0.15, italic=False, languageStyle='LTR', name='cue', opacity=1.0, ori=0, pos=array([0., 0.]), rgb=array([255., 255., 255.]), text='', units='height', win=Window(...), wrapWidth=1)
9.9612 	EXP 	Created isi2 = TextStim(__class__=<class 'psychopy.visual.text.TextStim'>, alignHoriz='center', alignVert='center', antialias=True, autoLog=True, bold=False, color='white', colorSpace='named', contrast=1.0, depth=0.0, flipHoriz=False, flipVert=False, font='Arial', fontFiles=[], height=0.1, italic=False, languageStyle='LTR', name='isi2', opacity=1.0, ori=0, pos=array([0., 0.]), rgb=array([255., 255., 255.]), text='default text', units='height', win=Window(...), wrapWidth=1)
9.9618 	EXP 	Created Line = Line(__class__=<class 'psychopy.visual.line.Line'>, autoDraw=False, autoLog=True, closeShape=False, contrast=1.0, depth=0.0, fillColor=None, fillColorSpace='rgb', interpolate=True, lineColor=array([1., 1., 1.]), lineColorSpace='rgb', lineWidth=1.0, name='Line', opacity=1.0, ori=array(90.), pos=array([0., 0.]), size=array([1., 1.]), units='height', vertices=array([[-0.5,  0. ],
       [ 0.5,  0. ]]), win=Window(...), windingRule=None)
9.9651 	EXP 	Created ImmedMoneyAmt = TextStim(__class__=<class 'psychopy.visual.text.TextStim'>, alignHoriz='center', alignVert='center', antialias=True, autoLog=True, bold=False, color='white', colorSpace='named', contrast=1.0, depth=-2.0, flipHoriz=False, flipVert=False, font='Arial', fontFiles=[], height=1.0, italic=False, languageStyle='LTR', name='ImmedMoneyAmt', opacity=1.0, ori=0, pos=array([0., 0.]), rgb=array([255., 255., 255.]), text='default text', units='height', win=Window(...), wrapWidth=1)
9.9683 	EXP 	Created DelayMoneyAmt = TextStim(__class__=<class 'psychopy.visual.text.TextStim'>, alignHoriz='center', alignVert='center', antialias=True, autoLog=True, bold=False, color='white', colorSpace='named', contrast=1.0, depth=-3.0, flipHoriz=False, flipVert=False, font='Arial', fontFiles=[], height=1.0, italic=False, languageStyle='LTR', name='DelayMoneyAmt', opacity=1.0, ori=0, pos=array([0., 0.]), rgb=array([255., 255., 255.]), text='default text', units='height', win=Window(...), wrapWidth=1)
9.9716 	EXP 	Created Immedtoday = TextStim(__class__=<class 'psychopy.visual.text.TextStim'>, alignHoriz='center', alignVert='center', antialias=True, autoLog=True, bold=False, color='white', colorSpace='named', contrast=1.0, depth=-4.0, flipHoriz=False, flipVert=False, font='Arial', fontFiles=[], height=1.0, italic=False, languageStyle='LTR', name='Immedtoday', opacity=1.0, ori=0, pos=array([0., 0.]), rgb=array([255., 255., 255.]), text='default text', units='height', win=Window(...), wrapWidth=1)
9.9747 	EXP 	Created DelayTime = TextStim(__class__=<class 'psychopy.visual.text.TextStim'>, alignHoriz='center', alignVert='center', antialias=True, autoLog=True, bold=False, color='white', colorSpace='named', contrast=1.0, depth=-5.0, flipHoriz=False, flipVert=False, font='Arial', fontFiles=[], height=1.0, italic=False, languageStyle='LTR', name='DelayTime', opacity=1.0, ori=0, pos=array([0., 0.]), rgb=array([255., 255., 255.]), text='default text', units='height', win=Window(...), wrapWidth=1)
9.9751 	EXP 	Created blank = TextStim(__class__=<class 'psychopy.visual.text.TextStim'>, alignHoriz='center', alignVert='center', antialias=True, autoLog=True, bold=False, color='white', colorSpace='named', contrast=1.0, depth=-7.0, flipHoriz=False, flipVert=False, font='Arial', fontFiles=[], height=0.1, italic=False, languageStyle='LTR', name='blank', opacity=1.0, ori=0, pos=array([0., 0.]), rgb=array([255., 255., 255.]), text='', units='height', win=Window(...), wrapWidth=1)
10.0122 	EXP 	Created ThankYou = TextStim(__class__=<class 'psychopy.visual.text.TextStim'>, alignHoriz='center', alignVert='center', antialias=True, autoLog=True, bold=False, color='white', colorSpace='named', contrast=1.0, depth=0.0, flipHoriz=False, flipVert=False, font='Arial', fontFiles=[], height=0.1, italic=False, languageStyle='LTR', name='ThankYou', opacity=1.0, ori=0, pos=array([0., 0.]), rgb=array([255., 255., 255.]), text=str(...), units='height', win=Window(...), wrapWidth=1)
12.1125 	EXP 	Instructions: color = 'white (named)'
12.1125 	EXP 	Instructions: pos = array([0., 0.])
12.1125 	EXP 	Instructions: text = 'In this task you will be choosing between two different monetary rewards. \n\nYou will be given a regulation strategy prior to a block of trials. Please employ the strategy given while making decisions.\n\nPress SPACE to continue.\n'
12.1125 	EXP 	Instructions: font = 'Arial'
12.1125 	EXP 	Instructions: height = 0.055
12.1125 	EXP 	Instructions: autoDraw = True
12.1125 	EXP 	Instructions: text = 'In this task you will be choosing between two different monetary rewards. \n\nYou will be given a regulation strategy prior to a block of trials. Please employ the strategy given while making decisions.\n\nPress SPACE to continue.\n'
16.6895 	DATA 	Keypress: space
16.7005 	EXP 	Instructions: autoDraw = False
16.7005 	EXP 	instruct2: autoDraw = True
19.5955 	DATA 	Keypress: return
19.6029 	EXP 	instruct2: autoDraw = False
19.6029 	EXP 	isi2: text = '+'
19.6029 	EXP 	isi2: autoDraw = True
21.6046 	EXP 	isi2: autoDraw = False
21.6046 	EXP 	isi2: autoDraw = False
21.6046 	EXP 	text: autoDraw = True
23.6121 	EXP 	Imported DelayDiscountingAmt.csv as conditions, 3 conditions, 3 params
23.6123 	EXP 	Created sequence: sequential, trialTypes=3, nReps=1, seed=None
23.6125 	EXP 	New trial (rep=0, index=0): OrderedDict([('ImMoney', '$48 '), ('DelayMoney', '$49 '), ('DelayDays', 'in 15 days')])
23.6186 	EXP 	text: autoDraw = False
23.6186 	EXP 	text: autoDraw = False
23.6186 	EXP 	isi2: text = '+'
23.6186 	EXP 	isi2: autoDraw = True
26.1721 	EXP 	isi2: autoDraw = False
26.1721 	EXP 	Line: size = array([3. , 0.5])
26.1721 	EXP 	Line: fillColor = '[-1. -1. -1.] (rgb)'
26.1721 	EXP 	Line: lineColor = '[-1. -1. -1.] (rgb)'
26.1721 	EXP 	Line: lineWidth = 7.0
26.1721 	EXP 	ImmedMoneyAmt: color = 'white (named)'
26.1721 	EXP 	ImmedMoneyAmt: pos = array([-0.41,  0.15])
26.1721 	EXP 	ImmedMoneyAmt: text = '$48 '
26.1721 	EXP 	ImmedMoneyAmt: font = 'Arial'
26.1721 	EXP 	ImmedMoneyAmt: height = 0.12
26.1721 	EXP 	DelayMoneyAmt: color = 'white (named)'
26.1721 	EXP 	DelayMoneyAmt: pos = array([0.41, 0.15])
26.1721 	EXP 	DelayMoneyAmt: text = '$49 '
26.1721 	EXP 	DelayMoneyAmt: font = 'Arial'
26.1721 	EXP 	DelayMoneyAmt: height = 0.12
26.1721 	EXP 	Immedtoday: color = 'white (named)'
26.1721 	EXP 	Immedtoday: pos = array([-0.41, -0.1 ])
26.1721 	EXP 	Immedtoday: text = 'today'
26.1721 	EXP 	Immedtoday: font = 'Arial'
26.1721 	EXP 	Immedtoday: height = 0.12
26.1721 	EXP 	DelayTime: color = 'white (named)'
26.1721 	EXP 	DelayTime: pos = array([ 0.41, -0.1 ])
26.1721 	EXP 	DelayTime: text = 'in 15 days'
26.1721 	EXP 	DelayTime: font = 'Arial'
26.1721 	EXP 	DelayTime: height = 0.12
26.1721 	EXP 	ImmedMoneyAmt: text = '$49 '
26.1721 	EXP 	DelayMoneyAmt: text = '$48 '
26.1721 	EXP 	Immedtoday: text = 'in 15 days'
26.1721 	EXP 	DelayTime: text = 'today'
26.1721 	EXP 	blank: text = ''
26.1721 	EXP 	Line: autoDraw = True
26.1721 	EXP 	ImmedMoneyAmt: autoDraw = True
26.1721 	EXP 	DelayMoneyAmt: autoDraw = True
26.1721 	EXP 	Immedtoday: autoDraw = True
26.1721 	EXP 	DelayTime: autoDraw = True
26.1721 	EXP 	blank: autoDraw = True
27.5305 	DATA 	Keypress: 1
27.5596 	EXP 	ImmedMoneyAmt: color = 'green (named)'
27.5596 	EXP 	Immedtoday: color = 'green (named)'
27.5762 	EXP 	ImmedMoneyAmt: color = 'green (named)'
27.5762 	EXP 	Immedtoday: color = 'green (named)'
27.5929 	EXP 	ImmedMoneyAmt: color = 'green (named)'
27.5929 	EXP 	Immedtoday: color = 'green (named)'
27.6097 	EXP 	ImmedMoneyAmt: color = 'green (named)'
27.6097 	EXP 	Immedtoday: color = 'green (named)'
27.6263 	EXP 	ImmedMoneyAmt: color = 'green (named)'
27.6263 	EXP 	Immedtoday: color = 'green (named)'
27.6428 	EXP 	ImmedMoneyAmt: color = 'green (named)'
27.6428 	EXP 	Immedtoday: color = 'green (named)'
27.6597 	EXP 	ImmedMoneyAmt: color = 'green (named)'
27.6597 	EXP 	Immedtoday: color = 'green (named)'
27.6763 	EXP 	ImmedMoneyAmt: color = 'green (named)'
27.6763 	EXP 	Immedtoday: color = 'green (named)'
27.6763 	EXP 	blank: autoDraw = False
27.6932 	EXP 	ImmedMoneyAmt: color = 'green (named)'
27.6932 	EXP 	Immedtoday: color = 'green (named)'
27.7098 	EXP 	ImmedMoneyAmt: color = 'green (named)'
27.7098 	EXP 	Immedtoday: color = 'green (named)'
27.7262 	EXP 	ImmedMoneyAmt: color = 'green (named)'
27.7262 	EXP 	Immedtoday: color = 'green (named)'
27.7430 	EXP 	ImmedMoneyAmt: color = 'green (named)'
27.7430 	EXP 	Immedtoday: color = 'green (named)'
27.7598 	EXP 	ImmedMoneyAmt: color = 'green (named)'
27.7598 	EXP 	Immedtoday: color = 'green (named)'
27.7764 	EXP 	ImmedMoneyAmt: color = 'green (named)'
27.7764 	EXP 	Immedtoday: color = 'green (named)'
27.7932 	EXP 	ImmedMoneyAmt: color = 'green (named)'
27.7932 	EXP 	Immedtoday: color = 'green (named)'
27.8099 	EXP 	ImmedMoneyAmt: color = 'green (named)'
27.8099 	EXP 	Immedtoday: color = 'green (named)'
27.8265 	EXP 	ImmedMoneyAmt: color = 'green (named)'
27.8265 	EXP 	Immedtoday: color = 'green (named)'
27.8433 	EXP 	ImmedMoneyAmt: color = 'green (named)'
27.8433 	EXP 	Immedtoday: color = 'green (named)'
27.8598 	EXP 	ImmedMoneyAmt: color = 'green (named)'
27.8598 	EXP 	Immedtoday: color = 'green (named)'
27.8764 	EXP 	ImmedMoneyAmt: color = 'green (named)'
27.8764 	EXP 	Immedtoday: color = 'green (named)'
27.8933 	EXP 	ImmedMoneyAmt: color = 'green (named)'
27.8933 	EXP 	Immedtoday: color = 'green (named)'
27.9099 	EXP 	ImmedMoneyAmt: color = 'green (named)'
27.9099 	EXP 	Immedtoday: color = 'green (named)'
27.9263 	EXP 	ImmedMoneyAmt: color = 'green (named)'
27.9263 	EXP 	Immedtoday: color = 'green (named)'
27.9432 	EXP 	ImmedMoneyAmt: color = 'green (named)'
27.9432 	EXP 	Immedtoday: color = 'green (named)'
27.9598 	EXP 	ImmedMoneyAmt: color = 'green (named)'
27.9598 	EXP 	Immedtoday: color = 'green (named)'
27.9766 	EXP 	ImmedMoneyAmt: color = 'green (named)'
27.9766 	EXP 	Immedtoday: color = 'green (named)'
27.9932 	EXP 	ImmedMoneyAmt: color = 'green (named)'
27.9932 	EXP 	Immedtoday: color = 'green (named)'
28.0100 	EXP 	ImmedMoneyAmt: color = 'green (named)'
28.0100 	EXP 	Immedtoday: color = 'green (named)'
28.0270 	EXP 	ImmedMoneyAmt: color = 'green (named)'
28.0270 	EXP 	Immedtoday: color = 'green (named)'
28.0432 	EXP 	ImmedMoneyAmt: color = 'green (named)'
28.0432 	EXP 	Immedtoday: color = 'green (named)'
28.0600 	EXP 	ImmedMoneyAmt: color = 'green (named)'
28.0600 	EXP 	Immedtoday: color = 'green (named)'
28.0769 	EXP 	ImmedMoneyAmt: color = 'green (named)'
28.0769 	EXP 	Immedtoday: color = 'green (named)'
28.0932 	EXP 	ImmedMoneyAmt: color = 'green (named)'
28.0932 	EXP 	Immedtoday: color = 'green (named)'
28.1099 	EXP 	ImmedMoneyAmt: color = 'green (named)'
28.1099 	EXP 	Immedtoday: color = 'green (named)'
28.1266 	EXP 	ImmedMoneyAmt: color = 'green (named)'
28.1266 	EXP 	Immedtoday: color = 'green (named)'
28.1433 	EXP 	ImmedMoneyAmt: color = 'green (named)'
28.1433 	EXP 	Immedtoday: color = 'green (named)'
28.1600 	EXP 	ImmedMoneyAmt: color = 'green (named)'
28.1600 	EXP 	Immedtoday: color = 'green (named)'
28.1768 	EXP 	ImmedMoneyAmt: color = 'green (named)'
28.1768 	EXP 	Immedtoday: color = 'green (named)'
28.1934 	EXP 	ImmedMoneyAmt: color = 'green (named)'
28.1934 	EXP 	Immedtoday: color = 'green (named)'
28.2102 	EXP 	ImmedMoneyAmt: color = 'green (named)'
28.2102 	EXP 	Immedtoday: color = 'green (named)'
28.2267 	EXP 	ImmedMoneyAmt: color = 'green (named)'
28.2267 	EXP 	Immedtoday: color = 'green (named)'
28.2431 	EXP 	ImmedMoneyAmt: color = 'green (named)'
28.2431 	EXP 	Immedtoday: color = 'green (named)'
28.2601 	EXP 	ImmedMoneyAmt: color = 'green (named)'
28.2601 	EXP 	Immedtoday: color = 'green (named)'
28.2769 	EXP 	ImmedMoneyAmt: color = 'green (named)'
28.2769 	EXP 	Immedtoday: color = 'green (named)'
28.2936 	EXP 	ImmedMoneyAmt: color = 'green (named)'
28.2936 	EXP 	Immedtoday: color = 'green (named)'
28.3101 	EXP 	ImmedMoneyAmt: color = 'green (named)'
28.3101 	EXP 	Immedtoday: color = 'green (named)'
28.3270 	EXP 	ImmedMoneyAmt: color = 'green (named)'
28.3270 	EXP 	Immedtoday: color = 'green (named)'
28.3435 	EXP 	ImmedMoneyAmt: color = 'green (named)'
28.3435 	EXP 	Immedtoday: color = 'green (named)'
28.3602 	EXP 	ImmedMoneyAmt: color = 'green (named)'
28.3602 	EXP 	Immedtoday: color = 'green (named)'
28.3767 	EXP 	ImmedMoneyAmt: color = 'green (named)'
28.3767 	EXP 	Immedtoday: color = 'green (named)'
28.3938 	EXP 	ImmedMoneyAmt: color = 'green (named)'
28.3938 	EXP 	Immedtoday: color = 'green (named)'
28.4102 	EXP 	ImmedMoneyAmt: color = 'green (named)'
28.4102 	EXP 	Immedtoday: color = 'green (named)'
28.4270 	EXP 	ImmedMoneyAmt: color = 'green (named)'
28.4270 	EXP 	Immedtoday: color = 'green (named)'
28.4437 	EXP 	ImmedMoneyAmt: color = 'green (named)'
28.4437 	EXP 	Immedtoday: color = 'green (named)'
28.4602 	EXP 	ImmedMoneyAmt: color = 'green (named)'
28.4602 	EXP 	Immedtoday: color = 'green (named)'
28.4770 	EXP 	ImmedMoneyAmt: color = 'green (named)'
28.4770 	EXP 	Immedtoday: color = 'green (named)'
28.4936 	EXP 	ImmedMoneyAmt: color = 'green (named)'
28.4936 	EXP 	Immedtoday: color = 'green (named)'
28.5104 	EXP 	ImmedMoneyAmt: color = 'green (named)'
28.5104 	EXP 	Immedtoday: color = 'green (named)'
28.5270 	EXP 	ImmedMoneyAmt: color = 'green (named)'
28.5270 	EXP 	Immedtoday: color = 'green (named)'
28.5437 	EXP 	ImmedMoneyAmt: color = 'green (named)'
28.5437 	EXP 	Immedtoday: color = 'green (named)'
28.5604 	EXP 	ImmedMoneyAmt: color = 'green (named)'
28.5604 	EXP 	Immedtoday: color = 'green (named)'
28.5771 	EXP 	ImmedMoneyAmt: color = 'green (named)'
28.5771 	EXP 	Immedtoday: color = 'green (named)'
28.5936 	EXP 	ImmedMoneyAmt: color = 'green (named)'
28.5936 	EXP 	Immedtoday: color = 'green (named)'
28.6103 	EXP 	ImmedMoneyAmt: color = 'green (named)'
28.6103 	EXP 	Immedtoday: color = 'green (named)'
28.6272 	EXP 	ImmedMoneyAmt: color = 'green (named)'
28.6272 	EXP 	Immedtoday: color = 'green (named)'
28.6436 	EXP 	ImmedMoneyAmt: color = 'green (named)'
28.6436 	EXP 	Immedtoday: color = 'green (named)'
28.6602 	EXP 	ImmedMoneyAmt: color = 'green (named)'
28.6602 	EXP 	Immedtoday: color = 'green (named)'
28.6772 	EXP 	ImmedMoneyAmt: color = 'green (named)'
28.6772 	EXP 	Immedtoday: color = 'green (named)'
28.6938 	EXP 	ImmedMoneyAmt: color = 'green (named)'
28.6938 	EXP 	Immedtoday: color = 'green (named)'
28.7108 	EXP 	ImmedMoneyAmt: color = 'green (named)'
28.7108 	EXP 	Immedtoday: color = 'green (named)'
28.7272 	EXP 	ImmedMoneyAmt: color = 'green (named)'
28.7272 	EXP 	Immedtoday: color = 'green (named)'
28.7439 	EXP 	ImmedMoneyAmt: color = 'green (named)'
28.7439 	EXP 	Immedtoday: color = 'green (named)'
28.7606 	EXP 	ImmedMoneyAmt: color = 'green (named)'
28.7606 	EXP 	Immedtoday: color = 'green (named)'
28.7773 	EXP 	ImmedMoneyAmt: color = 'green (named)'
28.7773 	EXP 	Immedtoday: color = 'green (named)'
28.7938 	EXP 	ImmedMoneyAmt: color = 'green (named)'
28.7938 	EXP 	Immedtoday: color = 'green (named)'
28.8105 	EXP 	ImmedMoneyAmt: color = 'green (named)'
28.8105 	EXP 	Immedtoday: color = 'green (named)'
28.8270 	EXP 	ImmedMoneyAmt: color = 'green (named)'
28.8270 	EXP 	Immedtoday: color = 'green (named)'
28.8441 	EXP 	ImmedMoneyAmt: color = 'green (named)'
28.8441 	EXP 	Immedtoday: color = 'green (named)'
28.8603 	EXP 	ImmedMoneyAmt: color = 'green (named)'
28.8603 	EXP 	Immedtoday: color = 'green (named)'
28.8774 	EXP 	ImmedMoneyAmt: color = 'green (named)'
28.8774 	EXP 	Immedtoday: color = 'green (named)'
28.8940 	EXP 	ImmedMoneyAmt: color = 'green (named)'
28.8940 	EXP 	Immedtoday: color = 'green (named)'
28.9107 	EXP 	ImmedMoneyAmt: color = 'green (named)'
28.9107 	EXP 	Immedtoday: color = 'green (named)'
28.9274 	EXP 	ImmedMoneyAmt: color = 'green (named)'
28.9274 	EXP 	Immedtoday: color = 'green (named)'
28.9442 	EXP 	ImmedMoneyAmt: color = 'green (named)'
28.9442 	EXP 	Immedtoday: color = 'green (named)'
28.9607 	EXP 	ImmedMoneyAmt: color = 'green (named)'
28.9607 	EXP 	Immedtoday: color = 'green (named)'
28.9774 	EXP 	ImmedMoneyAmt: color = 'green (named)'
28.9774 	EXP 	Immedtoday: color = 'green (named)'
28.9941 	EXP 	ImmedMoneyAmt: color = 'green (named)'
28.9941 	EXP 	Immedtoday: color = 'green (named)'
29.0107 	EXP 	ImmedMoneyAmt: color = 'green (named)'
29.0107 	EXP 	Immedtoday: color = 'green (named)'
29.0275 	EXP 	ImmedMoneyAmt: color = 'green (named)'
29.0275 	EXP 	Immedtoday: color = 'green (named)'
29.0443 	EXP 	ImmedMoneyAmt: color = 'green (named)'
29.0443 	EXP 	Immedtoday: color = 'green (named)'
29.0608 	EXP 	ImmedMoneyAmt: color = 'green (named)'
29.0608 	EXP 	Immedtoday: color = 'green (named)'
29.0775 	EXP 	ImmedMoneyAmt: color = 'green (named)'
29.0775 	EXP 	Immedtoday: color = 'green (named)'
29.0945 	EXP 	ImmedMoneyAmt: color = 'green (named)'
29.0945 	EXP 	Immedtoday: color = 'green (named)'
29.1105 	EXP 	ImmedMoneyAmt: color = 'green (named)'
29.1105 	EXP 	Immedtoday: color = 'green (named)'
29.1279 	EXP 	ImmedMoneyAmt: color = 'green (named)'
29.1279 	EXP 	Immedtoday: color = 'green (named)'
29.1441 	EXP 	ImmedMoneyAmt: color = 'green (named)'
29.1441 	EXP 	Immedtoday: color = 'green (named)'
29.1605 	EXP 	ImmedMoneyAmt: color = 'green (named)'
29.1605 	EXP 	Immedtoday: color = 'green (named)'
29.1772 	EXP 	ImmedMoneyAmt: color = 'green (named)'
29.1772 	EXP 	Immedtoday: color = 'green (named)'
29.1942 	EXP 	ImmedMoneyAmt: color = 'green (named)'
29.1942 	EXP 	Immedtoday: color = 'green (named)'
29.2108 	EXP 	ImmedMoneyAmt: color = 'green (named)'
29.2108 	EXP 	Immedtoday: color = 'green (named)'
29.2277 	EXP 	ImmedMoneyAmt: color = 'green (named)'
29.2277 	EXP 	Immedtoday: color = 'green (named)'
29.2445 	EXP 	ImmedMoneyAmt: color = 'green (named)'
29.2445 	EXP 	Immedtoday: color = 'green (named)'
29.2610 	EXP 	ImmedMoneyAmt: color = 'green (named)'
29.2610 	EXP 	Immedtoday: color = 'green (named)'
29.2776 	EXP 	ImmedMoneyAmt: color = 'green (named)'
29.2776 	EXP 	Immedtoday: color = 'green (named)'
29.2944 	EXP 	ImmedMoneyAmt: color = 'green (named)'
29.2944 	EXP 	Immedtoday: color = 'green (named)'
29.3108 	EXP 	ImmedMoneyAmt: color = 'green (named)'
29.3108 	EXP 	Immedtoday: color = 'green (named)'
29.3277 	EXP 	ImmedMoneyAmt: color = 'green (named)'
29.3277 	EXP 	Immedtoday: color = 'green (named)'
29.3445 	EXP 	ImmedMoneyAmt: color = 'green (named)'
29.3445 	EXP 	Immedtoday: color = 'green (named)'
29.3611 	EXP 	ImmedMoneyAmt: color = 'green (named)'
29.3611 	EXP 	Immedtoday: color = 'green (named)'
29.3778 	EXP 	ImmedMoneyAmt: color = 'green (named)'
29.3778 	EXP 	Immedtoday: color = 'green (named)'
29.3945 	EXP 	ImmedMoneyAmt: color = 'green (named)'
29.3945 	EXP 	Immedtoday: color = 'green (named)'
29.4111 	EXP 	ImmedMoneyAmt: color = 'green (named)'
29.4111 	EXP 	Immedtoday: color = 'green (named)'
29.4277 	EXP 	ImmedMoneyAmt: color = 'green (named)'
29.4277 	EXP 	Immedtoday: color = 'green (named)'
29.4446 	EXP 	ImmedMoneyAmt: color = 'green (named)'
29.4446 	EXP 	Immedtoday: color = 'green (named)'
29.4611 	EXP 	ImmedMoneyAmt: color = 'green (named)'
29.4611 	EXP 	Immedtoday: color = 'green (named)'
29.4779 	EXP 	ImmedMoneyAmt: color = 'green (named)'
29.4779 	EXP 	Immedtoday: color = 'green (named)'
29.4945 	EXP 	ImmedMoneyAmt: color = 'green (named)'
29.4945 	EXP 	Immedtoday: color = 'green (named)'
29.5113 	EXP 	ImmedMoneyAmt: color = 'green (named)'
29.5113 	EXP 	Immedtoday: color = 'green (named)'
29.5280 	EXP 	ImmedMoneyAmt: color = 'green (named)'
29.5280 	EXP 	Immedtoday: color = 'green (named)'
29.5442 	EXP 	ImmedMoneyAmt: color = 'green (named)'
29.5442 	EXP 	Immedtoday: color = 'green (named)'
29.5613 	EXP 	ImmedMoneyAmt: color = 'green (named)'
29.5613 	EXP 	Immedtoday: color = 'green (named)'
29.5779 	EXP 	ImmedMoneyAmt: color = 'green (named)'
29.5779 	EXP 	Immedtoday: color = 'green (named)'
29.5950 	EXP 	ImmedMoneyAmt: color = 'green (named)'
29.5950 	EXP 	Immedtoday: color = 'green (named)'
29.6114 	EXP 	ImmedMoneyAmt: color = 'green (named)'
29.6114 	EXP 	Immedtoday: color = 'green (named)'
29.6276 	EXP 	ImmedMoneyAmt: color = 'green (named)'
29.6276 	EXP 	Immedtoday: color = 'green (named)'
29.6448 	EXP 	ImmedMoneyAmt: color = 'green (named)'
29.6448 	EXP 	Immedtoday: color = 'green (named)'
29.6614 	EXP 	ImmedMoneyAmt: color = 'green (named)'
29.6614 	EXP 	Immedtoday: color = 'green (named)'
29.6780 	EXP 	ImmedMoneyAmt: color = 'green (named)'
29.6780 	EXP 	Immedtoday: color = 'green (named)'
29.6948 	EXP 	ImmedMoneyAmt: color = 'green (named)'
29.6948 	EXP 	Immedtoday: color = 'green (named)'
29.7111 	EXP 	ImmedMoneyAmt: color = 'green (named)'
29.7111 	EXP 	Immedtoday: color = 'green (named)'
29.7280 	EXP 	ImmedMoneyAmt: color = 'green (named)'
29.7280 	EXP 	Immedtoday: color = 'green (named)'
29.7447 	EXP 	ImmedMoneyAmt: color = 'green (named)'
29.7447 	EXP 	Immedtoday: color = 'green (named)'
29.7614 	EXP 	ImmedMoneyAmt: color = 'green (named)'
29.7614 	EXP 	Immedtoday: color = 'green (named)'
29.7781 	EXP 	ImmedMoneyAmt: color = 'green (named)'
29.7781 	EXP 	Immedtoday: color = 'green (named)'
29.7947 	EXP 	ImmedMoneyAmt: color = 'green (named)'
29.7947 	EXP 	Immedtoday: color = 'green (named)'
29.8115 	EXP 	ImmedMoneyAmt: color = 'green (named)'
29.8115 	EXP 	Immedtoday: color = 'green (named)'
29.8280 	EXP 	ImmedMoneyAmt: color = 'green (named)'
29.8280 	EXP 	Immedtoday: color = 'green (named)'
29.8447 	EXP 	ImmedMoneyAmt: color = 'green (named)'
29.8447 	EXP 	Immedtoday: color = 'green (named)'
29.8616 	EXP 	ImmedMoneyAmt: color = 'green (named)'
29.8616 	EXP 	Immedtoday: color = 'green (named)'
29.8782 	EXP 	ImmedMoneyAmt: color = 'green (named)'
29.8782 	EXP 	Immedtoday: color = 'green (named)'
29.8949 	EXP 	ImmedMoneyAmt: color = 'green (named)'
29.8949 	EXP 	Immedtoday: color = 'green (named)'
29.9117 	EXP 	ImmedMoneyAmt: color = 'green (named)'
29.9117 	EXP 	Immedtoday: color = 'green (named)'
29.9284 	EXP 	ImmedMoneyAmt: color = 'green (named)'
29.9284 	EXP 	Immedtoday: color = 'green (named)'
29.9451 	EXP 	ImmedMoneyAmt: color = 'green (named)'
29.9451 	EXP 	Immedtoday: color = 'green (named)'
29.9614 	EXP 	ImmedMoneyAmt: color = 'green (named)'
29.9614 	EXP 	Immedtoday: color = 'green (named)'
29.9780 	EXP 	ImmedMoneyAmt: color = 'green (named)'
29.9780 	EXP 	Immedtoday: color = 'green (named)'
29.9949 	EXP 	ImmedMoneyAmt: color = 'green (named)'
29.9949 	EXP 	Immedtoday: color = 'green (named)'
30.0113 	EXP 	ImmedMoneyAmt: color = 'green (named)'
30.0113 	EXP 	Immedtoday: color = 'green (named)'
30.0285 	EXP 	ImmedMoneyAmt: color = 'green (named)'
30.0285 	EXP 	Immedtoday: color = 'green (named)'
30.0450 	EXP 	ImmedMoneyAmt: color = 'green (named)'
30.0450 	EXP 	Immedtoday: color = 'green (named)'
30.0624 	EXP 	ImmedMoneyAmt: color = 'green (named)'
30.0624 	EXP 	Immedtoday: color = 'green (named)'
30.0783 	EXP 	ImmedMoneyAmt: color = 'green (named)'
30.0783 	EXP 	Immedtoday: color = 'green (named)'
30.0952 	EXP 	ImmedMoneyAmt: color = 'green (named)'
30.0952 	EXP 	Immedtoday: color = 'green (named)'
30.1114 	EXP 	ImmedMoneyAmt: color = 'green (named)'
30.1114 	EXP 	Immedtoday: color = 'green (named)'
30.1283 	EXP 	ImmedMoneyAmt: color = 'green (named)'
30.1283 	EXP 	Immedtoday: color = 'green (named)'
30.1451 	EXP 	ImmedMoneyAmt: color = 'green (named)'
30.1451 	EXP 	Immedtoday: color = 'green (named)'
30.1618 	EXP 	ImmedMoneyAmt: color = 'green (named)'
30.1618 	EXP 	Immedtoday: color = 'green (named)'
30.1645 	EXP 	New trial (rep=0, index=1): OrderedDict([('ImMoney', '$55 '), ('DelayMoney', '$62 '), ('DelayDays', 'in 97 days')])
30.1782 	EXP 	Line: autoDraw = False
30.1782 	EXP 	ImmedMoneyAmt: autoDraw = False
30.1782 	EXP 	DelayMoneyAmt: autoDraw = False
30.1782 	EXP 	Immedtoday: autoDraw = False
30.1782 	EXP 	DelayTime: autoDraw = False
30.1782 	EXP 	ImmedMoneyAmt: color = 'green (named)'
30.1782 	EXP 	Immedtoday: color = 'green (named)'
30.1782 	EXP 	Line: autoDraw = False
30.1782 	EXP 	ImmedMoneyAmt: autoDraw = False
30.1782 	EXP 	DelayMoneyAmt: autoDraw = False
30.1782 	EXP 	Immedtoday: autoDraw = False
30.1782 	EXP 	DelayTime: autoDraw = False
30.1782 	EXP 	blank: autoDraw = False
30.1782 	EXP 	ImmedMoneyAmt: color = 'white (named)'
30.1782 	EXP 	Immedtoday: color = 'white (named)'
30.1782 	EXP 	DelayTime: color = 'white (named)'
30.1782 	EXP 	DelayMoneyAmt: color = 'white (named)'
30.1782 	EXP 	ImmedMoneyAmt: autoDraw = False
30.1782 	EXP 	Immedtoday: autoDraw = False
30.1782 	EXP 	DelayTime: autoDraw = False
30.1782 	EXP 	DelayMoneyAmt: autoDraw = False
30.1782 	EXP 	Line: autoDraw = False
30.1782 	EXP 	isi2: text = '+'
30.1782 	EXP 	isi2: autoDraw = True
32.2063 	EXP 	isi2: autoDraw = False
32.2063 	EXP 	isi2: autoDraw = False
32.2063 	EXP 	Line: size = array([3. , 0.5])
32.2063 	EXP 	Line: fillColor = '[-1. -1. -1.] (rgb)'
32.2063 	EXP 	Line: lineColor = '[-1. -1. -1.] (rgb)'
32.2063 	EXP 	Line: lineWidth = 7.0
32.2063 	EXP 	ImmedMoneyAmt: color = 'white (named)'
32.2063 	EXP 	ImmedMoneyAmt: pos = array([-0.41,  0.15])
32.2063 	EXP 	ImmedMoneyAmt: text = '$55 '
32.2063 	EXP 	ImmedMoneyAmt: font = 'Arial'
32.2063 	EXP 	ImmedMoneyAmt: height = 0.12
32.2063 	EXP 	DelayMoneyAmt: color = 'white (named)'
32.2063 	EXP 	DelayMoneyAmt: pos = array([0.41, 0.15])
32.2063 	EXP 	DelayMoneyAmt: text = '$62 '
32.2063 	EXP 	DelayMoneyAmt: font = 'Arial'
32.2063 	EXP 	DelayMoneyAmt: height = 0.12
32.2063 	EXP 	Immedtoday: color = 'white (named)'
32.2063 	EXP 	Immedtoday: pos = array([-0.41, -0.1 ])
32.2063 	EXP 	Immedtoday: text = 'today'
32.2063 	EXP 	Immedtoday: font = 'Arial'
32.2063 	EXP 	Immedtoday: height = 0.12
32.2063 	EXP 	DelayTime: color = 'white (named)'
32.2063 	EXP 	DelayTime: pos = array([ 0.41, -0.1 ])
32.2063 	EXP 	DelayTime: text = 'in 97 days'
32.2063 	EXP 	DelayTime: font = 'Arial'
32.2063 	EXP 	DelayTime: height = 0.12
32.2063 	EXP 	ImmedMoneyAmt: text = '$62 '
32.2063 	EXP 	DelayMoneyAmt: text = '$55 '
32.2063 	EXP 	Immedtoday: text = 'in 97 days'
32.2063 	EXP 	DelayTime: text = 'today'
32.2063 	EXP 	blank: text = ''
32.2063 	EXP 	Line: autoDraw = True
32.2063 	EXP 	ImmedMoneyAmt: autoDraw = True
32.2063 	EXP 	DelayMoneyAmt: autoDraw = True
32.2063 	EXP 	Immedtoday: autoDraw = True
32.2063 	EXP 	DelayTime: autoDraw = True
32.2063 	EXP 	blank: autoDraw = True
33.7149 	EXP 	blank: autoDraw = False
34.2531 	DATA 	Keypress: 2
34.2652 	EXP 	DelayTime: color = 'green (named)'
34.2652 	EXP 	DelayMoneyAmt: color = 'green (named)'
34.2820 	EXP 	DelayTime: color = 'green (named)'
34.2820 	EXP 	DelayMoneyAmt: color = 'green (named)'
34.2985 	EXP 	DelayTime: color = 'green (named)'
34.2985 	EXP 	DelayMoneyAmt: color = 'green (named)'
34.3155 	EXP 	DelayTime: color = 'green (named)'
34.3155 	EXP 	DelayMoneyAmt: color = 'green (named)'
34.3316 	EXP 	DelayTime: color = 'green (named)'
34.3316 	EXP 	DelayMoneyAmt: color = 'green (named)'
34.3486 	EXP 	DelayTime: color = 'green (named)'
34.3486 	EXP 	DelayMoneyAmt: color = 'green (named)'
34.3651 	EXP 	DelayTime: color = 'green (named)'
34.3651 	EXP 	DelayMoneyAmt: color = 'green (named)'
34.3819 	EXP 	DelayTime: color = 'green (named)'
34.3819 	EXP 	DelayMoneyAmt: color = 'green (named)'
34.3985 	EXP 	DelayTime: color = 'green (named)'
34.3985 	EXP 	DelayMoneyAmt: color = 'green (named)'
34.4152 	EXP 	DelayTime: color = 'green (named)'
34.4152 	EXP 	DelayMoneyAmt: color = 'green (named)'
34.4317 	EXP 	DelayTime: color = 'green (named)'
34.4317 	EXP 	DelayMoneyAmt: color = 'green (named)'
34.4484 	EXP 	DelayTime: color = 'green (named)'
34.4484 	EXP 	DelayMoneyAmt: color = 'green (named)'
34.4652 	EXP 	DelayTime: color = 'green (named)'
34.4652 	EXP 	DelayMoneyAmt: color = 'green (named)'
34.4820 	EXP 	DelayTime: color = 'green (named)'
34.4820 	EXP 	DelayMoneyAmt: color = 'green (named)'
34.4987 	EXP 	DelayTime: color = 'green (named)'
34.4987 	EXP 	DelayMoneyAmt: color = 'green (named)'
34.5154 	EXP 	DelayTime: color = 'green (named)'
34.5154 	EXP 	DelayMoneyAmt: color = 'green (named)'
34.5320 	EXP 	DelayTime: color = 'green (named)'
34.5320 	EXP 	DelayMoneyAmt: color = 'green (named)'
34.5486 	EXP 	DelayTime: color = 'green (named)'
34.5486 	EXP 	DelayMoneyAmt: color = 'green (named)'
34.5653 	EXP 	DelayTime: color = 'green (named)'
34.5653 	EXP 	DelayMoneyAmt: color = 'green (named)'
34.5821 	EXP 	DelayTime: color = 'green (named)'
34.5821 	EXP 	DelayMoneyAmt: color = 'green (named)'
34.5988 	EXP 	DelayTime: color = 'green (named)'
34.5988 	EXP 	DelayMoneyAmt: color = 'green (named)'
34.6154 	EXP 	DelayTime: color = 'green (named)'
34.6154 	EXP 	DelayMoneyAmt: color = 'green (named)'
34.6318 	EXP 	DelayTime: color = 'green (named)'
34.6318 	EXP 	DelayMoneyAmt: color = 'green (named)'
34.6488 	EXP 	DelayTime: color = 'green (named)'
34.6488 	EXP 	DelayMoneyAmt: color = 'green (named)'
34.6655 	EXP 	DelayTime: color = 'green (named)'
34.6655 	EXP 	DelayMoneyAmt: color = 'green (named)'
34.6820 	EXP 	DelayTime: color = 'green (named)'
34.6820 	EXP 	DelayMoneyAmt: color = 'green (named)'
34.6988 	EXP 	DelayTime: color = 'green (named)'
34.6988 	EXP 	DelayMoneyAmt: color = 'green (named)'
34.7152 	EXP 	DelayTime: color = 'green (named)'
34.7152 	EXP 	DelayMoneyAmt: color = 'green (named)'
34.7323 	EXP 	DelayTime: color = 'green (named)'
34.7323 	EXP 	DelayMoneyAmt: color = 'green (named)'
34.7487 	EXP 	DelayTime: color = 'green (named)'
34.7487 	EXP 	DelayMoneyAmt: color = 'green (named)'
34.7661 	EXP 	DelayTime: color = 'green (named)'
34.7661 	EXP 	DelayMoneyAmt: color = 'green (named)'
34.7821 	EXP 	DelayTime: color = 'green (named)'
34.7821 	EXP 	DelayMoneyAmt: color = 'green (named)'
34.7990 	EXP 	DelayTime: color = 'green (named)'
34.7990 	EXP 	DelayMoneyAmt: color = 'green (named)'
34.8155 	EXP 	DelayTime: color = 'green (named)'
34.8155 	EXP 	DelayMoneyAmt: color = 'green (named)'
34.8320 	EXP 	DelayTime: color = 'green (named)'
34.8320 	EXP 	DelayMoneyAmt: color = 'green (named)'
34.8488 	EXP 	DelayTime: color = 'green (named)'
34.8488 	EXP 	DelayMoneyAmt: color = 'green (named)'
34.8654 	EXP 	DelayTime: color = 'green (named)'
34.8654 	EXP 	DelayMoneyAmt: color = 'green (named)'
34.8825 	EXP 	DelayTime: color = 'green (named)'
34.8825 	EXP 	DelayMoneyAmt: color = 'green (named)'
34.8990 	EXP 	DelayTime: color = 'green (named)'
34.8990 	EXP 	DelayMoneyAmt: color = 'green (named)'
34.9155 	EXP 	DelayTime: color = 'green (named)'
34.9155 	EXP 	DelayMoneyAmt: color = 'green (named)'
34.9323 	EXP 	DelayTime: color = 'green (named)'
34.9323 	EXP 	DelayMoneyAmt: color = 'green (named)'
34.9491 	EXP 	DelayTime: color = 'green (named)'
34.9491 	EXP 	DelayMoneyAmt: color = 'green (named)'
34.9654 	EXP 	DelayTime: color = 'green (named)'
34.9654 	EXP 	DelayMoneyAmt: color = 'green (named)'
34.9824 	EXP 	DelayTime: color = 'green (named)'
34.9824 	EXP 	DelayMoneyAmt: color = 'green (named)'
34.9991 	EXP 	DelayTime: color = 'green (named)'
34.9991 	EXP 	DelayMoneyAmt: color = 'green (named)'
35.0158 	EXP 	DelayTime: color = 'green (named)'
35.0158 	EXP 	DelayMoneyAmt: color = 'green (named)'
35.0323 	EXP 	DelayTime: color = 'green (named)'
35.0323 	EXP 	DelayMoneyAmt: color = 'green (named)'
35.0491 	EXP 	DelayTime: color = 'green (named)'
35.0491 	EXP 	DelayMoneyAmt: color = 'green (named)'
35.0664 	EXP 	DelayTime: color = 'green (named)'
35.0664 	EXP 	DelayMoneyAmt: color = 'green (named)'
35.0823 	EXP 	DelayTime: color = 'green (named)'
35.0823 	EXP 	DelayMoneyAmt: color = 'green (named)'
35.0992 	EXP 	DelayTime: color = 'green (named)'
35.0992 	EXP 	DelayMoneyAmt: color = 'green (named)'
35.1158 	EXP 	DelayTime: color = 'green (named)'
35.1158 	EXP 	DelayMoneyAmt: color = 'green (named)'
35.1326 	EXP 	DelayTime: color = 'green (named)'
35.1326 	EXP 	DelayMoneyAmt: color = 'green (named)'
35.1492 	EXP 	DelayTime: color = 'green (named)'
35.1492 	EXP 	DelayMoneyAmt: color = 'green (named)'
35.1659 	EXP 	DelayTime: color = 'green (named)'
35.1659 	EXP 	DelayMoneyAmt: color = 'green (named)'
35.1827 	EXP 	DelayTime: color = 'green (named)'
35.1827 	EXP 	DelayMoneyAmt: color = 'green (named)'
35.1990 	EXP 	DelayTime: color = 'green (named)'
35.1990 	EXP 	DelayMoneyAmt: color = 'green (named)'
35.2161 	EXP 	DelayTime: color = 'green (named)'
35.2161 	EXP 	DelayMoneyAmt: color = 'green (named)'
35.2325 	EXP 	DelayTime: color = 'green (named)'
35.2325 	EXP 	DelayMoneyAmt: color = 'green (named)'
35.2493 	EXP 	DelayTime: color = 'green (named)'
35.2493 	EXP 	DelayMoneyAmt: color = 'green (named)'
35.2660 	EXP 	DelayTime: color = 'green (named)'
35.2660 	EXP 	DelayMoneyAmt: color = 'green (named)'
35.2826 	EXP 	DelayTime: color = 'green (named)'
35.2826 	EXP 	DelayMoneyAmt: color = 'green (named)'
35.2993 	EXP 	DelayTime: color = 'green (named)'
35.2993 	EXP 	DelayMoneyAmt: color = 'green (named)'
35.3160 	EXP 	DelayTime: color = 'green (named)'
35.3160 	EXP 	DelayMoneyAmt: color = 'green (named)'
35.3323 	EXP 	DelayTime: color = 'green (named)'
35.3323 	EXP 	DelayMoneyAmt: color = 'green (named)'
35.3493 	EXP 	DelayTime: color = 'green (named)'
35.3493 	EXP 	DelayMoneyAmt: color = 'green (named)'
35.3662 	EXP 	DelayTime: color = 'green (named)'
35.3662 	EXP 	DelayMoneyAmt: color = 'green (named)'
35.3827 	EXP 	DelayTime: color = 'green (named)'
35.3827 	EXP 	DelayMoneyAmt: color = 'green (named)'
35.3995 	EXP 	DelayTime: color = 'green (named)'
35.3995 	EXP 	DelayMoneyAmt: color = 'green (named)'
35.4158 	EXP 	DelayTime: color = 'green (named)'
35.4158 	EXP 	DelayMoneyAmt: color = 'green (named)'
35.4327 	EXP 	DelayTime: color = 'green (named)'
35.4327 	EXP 	DelayMoneyAmt: color = 'green (named)'
35.4495 	EXP 	DelayTime: color = 'green (named)'
35.4495 	EXP 	DelayMoneyAmt: color = 'green (named)'
35.4659 	EXP 	DelayTime: color = 'green (named)'
35.4659 	EXP 	DelayMoneyAmt: color = 'green (named)'
35.4825 	EXP 	DelayTime: color = 'green (named)'
35.4825 	EXP 	DelayMoneyAmt: color = 'green (named)'
35.4994 	EXP 	DelayTime: color = 'green (named)'
35.4994 	EXP 	DelayMoneyAmt: color = 'green (named)'
35.5161 	EXP 	DelayTime: color = 'green (named)'
35.5161 	EXP 	DelayMoneyAmt: color = 'green (named)'
35.5329 	EXP 	DelayTime: color = 'green (named)'
35.5329 	EXP 	DelayMoneyAmt: color = 'green (named)'
35.5496 	EXP 	DelayTime: color = 'green (named)'
35.5496 	EXP 	DelayMoneyAmt: color = 'green (named)'
35.5664 	EXP 	DelayTime: color = 'green (named)'
35.5664 	EXP 	DelayMoneyAmt: color = 'green (named)'
35.5829 	EXP 	DelayTime: color = 'green (named)'
35.5829 	EXP 	DelayMoneyAmt: color = 'green (named)'
35.5995 	EXP 	DelayTime: color = 'green (named)'
35.5995 	EXP 	DelayMoneyAmt: color = 'green (named)'
35.6163 	EXP 	DelayTime: color = 'green (named)'
35.6163 	EXP 	DelayMoneyAmt: color = 'green (named)'
35.6331 	EXP 	DelayTime: color = 'green (named)'
35.6331 	EXP 	DelayMoneyAmt: color = 'green (named)'
35.6497 	EXP 	DelayTime: color = 'green (named)'
35.6497 	EXP 	DelayMoneyAmt: color = 'green (named)'
35.6664 	EXP 	DelayTime: color = 'green (named)'
35.6664 	EXP 	DelayMoneyAmt: color = 'green (named)'
35.6830 	EXP 	DelayTime: color = 'green (named)'
35.6830 	EXP 	DelayMoneyAmt: color = 'green (named)'
35.6997 	EXP 	DelayTime: color = 'green (named)'
35.6997 	EXP 	DelayMoneyAmt: color = 'green (named)'
35.7163 	EXP 	DelayTime: color = 'green (named)'
35.7163 	EXP 	DelayMoneyAmt: color = 'green (named)'
35.7328 	EXP 	DelayTime: color = 'green (named)'
35.7328 	EXP 	DelayMoneyAmt: color = 'green (named)'
35.7496 	EXP 	DelayTime: color = 'green (named)'
35.7496 	EXP 	DelayMoneyAmt: color = 'green (named)'
35.7664 	EXP 	DelayTime: color = 'green (named)'
35.7664 	EXP 	DelayMoneyAmt: color = 'green (named)'
35.7830 	EXP 	DelayTime: color = 'green (named)'
35.7830 	EXP 	DelayMoneyAmt: color = 'green (named)'
35.7998 	EXP 	DelayTime: color = 'green (named)'
35.7998 	EXP 	DelayMoneyAmt: color = 'green (named)'
35.8165 	EXP 	DelayTime: color = 'green (named)'
35.8165 	EXP 	DelayMoneyAmt: color = 'green (named)'
35.8328 	EXP 	DelayTime: color = 'green (named)'
35.8328 	EXP 	DelayMoneyAmt: color = 'green (named)'
35.8497 	EXP 	DelayTime: color = 'green (named)'
35.8497 	EXP 	DelayMoneyAmt: color = 'green (named)'
35.8666 	EXP 	DelayTime: color = 'green (named)'
35.8666 	EXP 	DelayMoneyAmt: color = 'green (named)'
35.8832 	EXP 	DelayTime: color = 'green (named)'
35.8832 	EXP 	DelayMoneyAmt: color = 'green (named)'
35.8999 	EXP 	DelayTime: color = 'green (named)'
35.8999 	EXP 	DelayMoneyAmt: color = 'green (named)'
35.9164 	EXP 	DelayTime: color = 'green (named)'
35.9164 	EXP 	DelayMoneyAmt: color = 'green (named)'
35.9332 	EXP 	DelayTime: color = 'green (named)'
35.9332 	EXP 	DelayMoneyAmt: color = 'green (named)'
35.9499 	EXP 	DelayTime: color = 'green (named)'
35.9499 	EXP 	DelayMoneyAmt: color = 'green (named)'
35.9665 	EXP 	DelayTime: color = 'green (named)'
35.9665 	EXP 	DelayMoneyAmt: color = 'green (named)'
35.9832 	EXP 	DelayTime: color = 'green (named)'
35.9832 	EXP 	DelayMoneyAmt: color = 'green (named)'
35.9998 	EXP 	DelayTime: color = 'green (named)'
35.9998 	EXP 	DelayMoneyAmt: color = 'green (named)'
36.0167 	EXP 	DelayTime: color = 'green (named)'
36.0167 	EXP 	DelayMoneyAmt: color = 'green (named)'
36.0332 	EXP 	DelayTime: color = 'green (named)'
36.0332 	EXP 	DelayMoneyAmt: color = 'green (named)'
36.0500 	EXP 	DelayTime: color = 'green (named)'
36.0500 	EXP 	DelayMoneyAmt: color = 'green (named)'
36.0665 	EXP 	DelayTime: color = 'green (named)'
36.0665 	EXP 	DelayMoneyAmt: color = 'green (named)'
36.0830 	EXP 	DelayTime: color = 'green (named)'
36.0830 	EXP 	DelayMoneyAmt: color = 'green (named)'
36.1001 	EXP 	DelayTime: color = 'green (named)'
36.1001 	EXP 	DelayMoneyAmt: color = 'green (named)'
36.1168 	EXP 	DelayTime: color = 'green (named)'
36.1168 	EXP 	DelayMoneyAmt: color = 'green (named)'
36.1333 	EXP 	DelayTime: color = 'green (named)'
36.1333 	EXP 	DelayMoneyAmt: color = 'green (named)'
36.1502 	EXP 	DelayTime: color = 'green (named)'
36.1502 	EXP 	DelayMoneyAmt: color = 'green (named)'
36.1666 	EXP 	DelayTime: color = 'green (named)'
36.1666 	EXP 	DelayMoneyAmt: color = 'green (named)'
36.1835 	EXP 	DelayTime: color = 'green (named)'
36.1835 	EXP 	DelayMoneyAmt: color = 'green (named)'
36.2001 	EXP 	DelayTime: color = 'green (named)'
36.2001 	EXP 	DelayMoneyAmt: color = 'green (named)'
36.2026 	EXP 	New trial (rep=0, index=2): OrderedDict([('ImMoney', '$20 '), ('DelayMoney', '$37 '), ('DelayDays', 'in 32 days')])
36.2168 	EXP 	Line: autoDraw = False
36.2168 	EXP 	ImmedMoneyAmt: autoDraw = False
36.2168 	EXP 	DelayMoneyAmt: autoDraw = False
36.2168 	EXP 	Immedtoday: autoDraw = False
36.2168 	EXP 	DelayTime: autoDraw = False
36.2168 	EXP 	DelayTime: color = 'green (named)'
36.2168 	EXP 	DelayMoneyAmt: color = 'green (named)'
36.2168 	EXP 	Line: autoDraw = False
36.2168 	EXP 	ImmedMoneyAmt: autoDraw = False
36.2168 	EXP 	DelayMoneyAmt: autoDraw = False
36.2168 	EXP 	Immedtoday: autoDraw = False
36.2168 	EXP 	DelayTime: autoDraw = False
36.2168 	EXP 	blank: autoDraw = False
36.2168 	EXP 	ImmedMoneyAmt: color = 'white (named)'
36.2168 	EXP 	Immedtoday: color = 'white (named)'
36.2168 	EXP 	DelayTime: color = 'white (named)'
36.2168 	EXP 	DelayMoneyAmt: color = 'white (named)'
36.2168 	EXP 	ImmedMoneyAmt: autoDraw = False
36.2168 	EXP 	Immedtoday: autoDraw = False
36.2168 	EXP 	DelayTime: autoDraw = False
36.2168 	EXP 	DelayMoneyAmt: autoDraw = False
36.2168 	EXP 	Line: autoDraw = False
36.2168 	EXP 	isi2: text = '+'
36.2168 	EXP 	isi2: autoDraw = True
38.2446 	EXP 	isi2: autoDraw = False
38.2446 	EXP 	isi2: autoDraw = False
38.2446 	EXP 	Line: size = array([3. , 0.5])
38.2446 	EXP 	Line: fillColor = '[-1. -1. -1.] (rgb)'
38.2446 	EXP 	Line: lineColor = '[-1. -1. -1.] (rgb)'
38.2446 	EXP 	Line: lineWidth = 7.0
38.2446 	EXP 	ImmedMoneyAmt: color = 'white (named)'
38.2446 	EXP 	ImmedMoneyAmt: pos = array([-0.41,  0.15])
38.2446 	EXP 	ImmedMoneyAmt: text = '$20 '
38.2446 	EXP 	ImmedMoneyAmt: font = 'Arial'
38.2446 	EXP 	ImmedMoneyAmt: height = 0.12
38.2446 	EXP 	DelayMoneyAmt: color = 'white (named)'
38.2446 	EXP 	DelayMoneyAmt: pos = array([0.41, 0.15])
38.2446 	EXP 	DelayMoneyAmt: text = '$37 '
38.2446 	EXP 	DelayMoneyAmt: font = 'Arial'
38.2446 	EXP 	DelayMoneyAmt: height = 0.12
38.2446 	EXP 	Immedtoday: color = 'white (named)'
38.2446 	EXP 	Immedtoday: pos = array([-0.41, -0.1 ])
38.2446 	EXP 	Immedtoday: text = 'today'
38.2446 	EXP 	Immedtoday: font = 'Arial'
38.2446 	EXP 	Immedtoday: height = 0.12
38.2446 	EXP 	DelayTime: color = 'white (named)'
38.2446 	EXP 	DelayTime: pos = array([ 0.41, -0.1 ])
38.2446 	EXP 	DelayTime: text = 'in 32 days'
38.2446 	EXP 	DelayTime: font = 'Arial'
38.2446 	EXP 	DelayTime: height = 0.12
38.2446 	EXP 	ImmedMoneyAmt: text = '$37 '
38.2446 	EXP 	DelayMoneyAmt: text = '$20 '
38.2446 	EXP 	Immedtoday: text = 'in 32 days'
38.2446 	EXP 	DelayTime: text = 'today'
38.2446 	EXP 	blank: text = ''
38.2446 	EXP 	Line: autoDraw = True
38.2446 	EXP 	ImmedMoneyAmt: autoDraw = True
38.2446 	EXP 	DelayMoneyAmt: autoDraw = True
38.2446 	EXP 	Immedtoday: autoDraw = True
38.2446 	EXP 	DelayTime: autoDraw = True
38.2446 	EXP 	blank: autoDraw = True
39.7531 	EXP 	blank: autoDraw = False
40.0575 	DATA 	Keypress: 2
40.0865 	EXP 	DelayTime: color = 'green (named)'
40.0865 	EXP 	DelayMoneyAmt: color = 'green (named)'
40.1030 	EXP 	DelayTime: color = 'green (named)'
40.1030 	EXP 	DelayMoneyAmt: color = 'green (named)'
40.1200 	EXP 	DelayTime: color = 'green (named)'
40.1200 	EXP 	DelayMoneyAmt: color = 'green (named)'
40.1364 	EXP 	DelayTime: color = 'green (named)'
40.1364 	EXP 	DelayMoneyAmt: color = 'green (named)'
40.1533 	EXP 	DelayTime: color = 'green (named)'
40.1533 	EXP 	DelayMoneyAmt: color = 'green (named)'
40.1701 	EXP 	DelayTime: color = 'green (named)'
40.1701 	EXP 	DelayMoneyAmt: color = 'green (named)'
40.1865 	EXP 	DelayTime: color = 'green (named)'
40.1865 	EXP 	DelayMoneyAmt: color = 'green (named)'
40.2033 	EXP 	DelayTime: color = 'green (named)'
40.2033 	EXP 	DelayMoneyAmt: color = 'green (named)'
40.2200 	EXP 	DelayTime: color = 'green (named)'
40.2200 	EXP 	DelayMoneyAmt: color = 'green (named)'
40.2368 	EXP 	DelayTime: color = 'green (named)'
40.2368 	EXP 	DelayMoneyAmt: color = 'green (named)'
40.2532 	EXP 	DelayTime: color = 'green (named)'
40.2532 	EXP 	DelayMoneyAmt: color = 'green (named)'
40.2701 	EXP 	DelayTime: color = 'green (named)'
40.2701 	EXP 	DelayMoneyAmt: color = 'green (named)'
40.2868 	EXP 	DelayTime: color = 'green (named)'
40.2868 	EXP 	DelayMoneyAmt: color = 'green (named)'
40.3036 	EXP 	DelayTime: color = 'green (named)'
40.3036 	EXP 	DelayMoneyAmt: color = 'green (named)'
40.3202 	EXP 	DelayTime: color = 'green (named)'
40.3202 	EXP 	DelayMoneyAmt: color = 'green (named)'
40.3368 	EXP 	DelayTime: color = 'green (named)'
40.3368 	EXP 	DelayMoneyAmt: color = 'green (named)'
40.3536 	EXP 	DelayTime: color = 'green (named)'
40.3536 	EXP 	DelayMoneyAmt: color = 'green (named)'
40.3702 	EXP 	DelayTime: color = 'green (named)'
40.3702 	EXP 	DelayMoneyAmt: color = 'green (named)'
40.3870 	EXP 	DelayTime: color = 'green (named)'
40.3870 	EXP 	DelayMoneyAmt: color = 'green (named)'
40.4035 	EXP 	DelayTime: color = 'green (named)'
40.4035 	EXP 	DelayMoneyAmt: color = 'green (named)'
40.4202 	EXP 	DelayTime: color = 'green (named)'
40.4202 	EXP 	DelayMoneyAmt: color = 'green (named)'
40.4370 	EXP 	DelayTime: color = 'green (named)'
40.4370 	EXP 	DelayMoneyAmt: color = 'green (named)'
40.4537 	EXP 	DelayTime: color = 'green (named)'
40.4537 	EXP 	DelayMoneyAmt: color = 'green (named)'
40.4702 	EXP 	DelayTime: color = 'green (named)'
40.4702 	EXP 	DelayMoneyAmt: color = 'green (named)'
40.4870 	EXP 	DelayTime: color = 'green (named)'
40.4870 	EXP 	DelayMoneyAmt: color = 'green (named)'
40.5035 	EXP 	DelayTime: color = 'green (named)'
40.5035 	EXP 	DelayMoneyAmt: color = 'green (named)'
40.5199 	EXP 	DelayTime: color = 'green (named)'
40.5199 	EXP 	DelayMoneyAmt: color = 'green (named)'
40.5366 	EXP 	DelayTime: color = 'green (named)'
40.5366 	EXP 	DelayMoneyAmt: color = 'green (named)'
40.5536 	EXP 	DelayTime: color = 'green (named)'
40.5536 	EXP 	DelayMoneyAmt: color = 'green (named)'
40.5703 	EXP 	DelayTime: color = 'green (named)'
40.5703 	EXP 	DelayMoneyAmt: color = 'green (named)'
40.5870 	EXP 	DelayTime: color = 'green (named)'
40.5870 	EXP 	DelayMoneyAmt: color = 'green (named)'
40.6037 	EXP 	DelayTime: color = 'green (named)'
40.6037 	EXP 	DelayMoneyAmt: color = 'green (named)'
40.6205 	EXP 	DelayTime: color = 'green (named)'
40.6205 	EXP 	DelayMoneyAmt: color = 'green (named)'
40.6374 	EXP 	DelayTime: color = 'green (named)'
40.6374 	EXP 	DelayMoneyAmt: color = 'green (named)'
40.6536 	EXP 	DelayTime: color = 'green (named)'
40.6536 	EXP 	DelayMoneyAmt: color = 'green (named)'
40.6707 	EXP 	DelayTime: color = 'green (named)'
40.6707 	EXP 	DelayMoneyAmt: color = 'green (named)'
40.6871 	EXP 	DelayTime: color = 'green (named)'
40.6871 	EXP 	DelayMoneyAmt: color = 'green (named)'
40.7037 	EXP 	DelayTime: color = 'green (named)'
40.7037 	EXP 	DelayMoneyAmt: color = 'green (named)'
40.7205 	EXP 	DelayTime: color = 'green (named)'
40.7205 	EXP 	DelayMoneyAmt: color = 'green (named)'
40.7368 	EXP 	DelayTime: color = 'green (named)'
40.7368 	EXP 	DelayMoneyAmt: color = 'green (named)'
40.7536 	EXP 	DelayTime: color = 'green (named)'
40.7536 	EXP 	DelayMoneyAmt: color = 'green (named)'
40.7708 	EXP 	DelayTime: color = 'green (named)'
40.7708 	EXP 	DelayMoneyAmt: color = 'green (named)'
40.7872 	EXP 	DelayTime: color = 'green (named)'
40.7872 	EXP 	DelayMoneyAmt: color = 'green (named)'
40.8039 	EXP 	DelayTime: color = 'green (named)'
40.8039 	EXP 	DelayMoneyAmt: color = 'green (named)'
40.8204 	EXP 	DelayTime: color = 'green (named)'
40.8204 	EXP 	DelayMoneyAmt: color = 'green (named)'
40.8373 	EXP 	DelayTime: color = 'green (named)'
40.8373 	EXP 	DelayMoneyAmt: color = 'green (named)'
40.8541 	EXP 	DelayTime: color = 'green (named)'
40.8541 	EXP 	DelayMoneyAmt: color = 'green (named)'
40.8707 	EXP 	DelayTime: color = 'green (named)'
40.8707 	EXP 	DelayMoneyAmt: color = 'green (named)'
40.8873 	EXP 	DelayTime: color = 'green (named)'
40.8873 	EXP 	DelayMoneyAmt: color = 'green (named)'
40.9039 	EXP 	DelayTime: color = 'green (named)'
40.9039 	EXP 	DelayMoneyAmt: color = 'green (named)'
40.9206 	EXP 	DelayTime: color = 'green (named)'
40.9206 	EXP 	DelayMoneyAmt: color = 'green (named)'
40.9375 	EXP 	DelayTime: color = 'green (named)'
40.9375 	EXP 	DelayMoneyAmt: color = 'green (named)'
40.9539 	EXP 	DelayTime: color = 'green (named)'
40.9539 	EXP 	DelayMoneyAmt: color = 'green (named)'
40.9704 	EXP 	DelayTime: color = 'green (named)'
40.9704 	EXP 	DelayMoneyAmt: color = 'green (named)'
40.9873 	EXP 	DelayTime: color = 'green (named)'
40.9873 	EXP 	DelayMoneyAmt: color = 'green (named)'
41.0041 	EXP 	DelayTime: color = 'green (named)'
41.0041 	EXP 	DelayMoneyAmt: color = 'green (named)'
41.0207 	EXP 	DelayTime: color = 'green (named)'
41.0207 	EXP 	DelayMoneyAmt: color = 'green (named)'
41.0371 	EXP 	DelayTime: color = 'green (named)'
41.0371 	EXP 	DelayMoneyAmt: color = 'green (named)'
41.0540 	EXP 	DelayTime: color = 'green (named)'
41.0540 	EXP 	DelayMoneyAmt: color = 'green (named)'
41.0708 	EXP 	DelayTime: color = 'green (named)'
41.0708 	EXP 	DelayMoneyAmt: color = 'green (named)'
41.0875 	EXP 	DelayTime: color = 'green (named)'
41.0875 	EXP 	DelayMoneyAmt: color = 'green (named)'
41.1041 	EXP 	DelayTime: color = 'green (named)'
41.1041 	EXP 	DelayMoneyAmt: color = 'green (named)'
41.1208 	EXP 	DelayTime: color = 'green (named)'
41.1208 	EXP 	DelayMoneyAmt: color = 'green (named)'
41.1372 	EXP 	DelayTime: color = 'green (named)'
41.1372 	EXP 	DelayMoneyAmt: color = 'green (named)'
41.1541 	EXP 	DelayTime: color = 'green (named)'
41.1541 	EXP 	DelayMoneyAmt: color = 'green (named)'
41.1708 	EXP 	DelayTime: color = 'green (named)'
41.1708 	EXP 	DelayMoneyAmt: color = 'green (named)'
41.1875 	EXP 	DelayTime: color = 'green (named)'
41.1875 	EXP 	DelayMoneyAmt: color = 'green (named)'
41.2040 	EXP 	DelayTime: color = 'green (named)'
41.2040 	EXP 	DelayMoneyAmt: color = 'green (named)'
41.2209 	EXP 	DelayTime: color = 'green (named)'
41.2209 	EXP 	DelayMoneyAmt: color = 'green (named)'
41.2373 	EXP 	DelayTime: color = 'green (named)'
41.2373 	EXP 	DelayMoneyAmt: color = 'green (named)'
41.2541 	EXP 	DelayTime: color = 'green (named)'
41.2541 	EXP 	DelayMoneyAmt: color = 'green (named)'
41.2711 	EXP 	DelayTime: color = 'green (named)'
41.2711 	EXP 	DelayMoneyAmt: color = 'green (named)'
41.2877 	EXP 	DelayTime: color = 'green (named)'
41.2877 	EXP 	DelayMoneyAmt: color = 'green (named)'
41.3042 	EXP 	DelayTime: color = 'green (named)'
41.3042 	EXP 	DelayMoneyAmt: color = 'green (named)'
41.3208 	EXP 	DelayTime: color = 'green (named)'
41.3208 	EXP 	DelayMoneyAmt: color = 'green (named)'
41.3377 	EXP 	DelayTime: color = 'green (named)'
41.3377 	EXP 	DelayMoneyAmt: color = 'green (named)'
41.3544 	EXP 	DelayTime: color = 'green (named)'
41.3544 	EXP 	DelayMoneyAmt: color = 'green (named)'
41.3710 	EXP 	DelayTime: color = 'green (named)'
41.3710 	EXP 	DelayMoneyAmt: color = 'green (named)'
41.3878 	EXP 	DelayTime: color = 'green (named)'
41.3878 	EXP 	DelayMoneyAmt: color = 'green (named)'
41.4045 	EXP 	DelayTime: color = 'green (named)'
41.4045 	EXP 	DelayMoneyAmt: color = 'green (named)'
41.4208 	EXP 	DelayTime: color = 'green (named)'
41.4208 	EXP 	DelayMoneyAmt: color = 'green (named)'
41.4378 	EXP 	DelayTime: color = 'green (named)'
41.4378 	EXP 	DelayMoneyAmt: color = 'green (named)'
41.4544 	EXP 	DelayTime: color = 'green (named)'
41.4544 	EXP 	DelayMoneyAmt: color = 'green (named)'
41.4709 	EXP 	DelayTime: color = 'green (named)'
41.4709 	EXP 	DelayMoneyAmt: color = 'green (named)'
41.4877 	EXP 	DelayTime: color = 'green (named)'
41.4877 	EXP 	DelayMoneyAmt: color = 'green (named)'
41.5045 	EXP 	DelayTime: color = 'green (named)'
41.5045 	EXP 	DelayMoneyAmt: color = 'green (named)'
41.5210 	EXP 	DelayTime: color = 'green (named)'
41.5210 	EXP 	DelayMoneyAmt: color = 'green (named)'
41.5379 	EXP 	DelayTime: color = 'green (named)'
41.5379 	EXP 	DelayMoneyAmt: color = 'green (named)'
41.5545 	EXP 	DelayTime: color = 'green (named)'
41.5545 	EXP 	DelayMoneyAmt: color = 'green (named)'
41.5711 	EXP 	DelayTime: color = 'green (named)'
41.5711 	EXP 	DelayMoneyAmt: color = 'green (named)'
41.5877 	EXP 	DelayTime: color = 'green (named)'
41.5877 	EXP 	DelayMoneyAmt: color = 'green (named)'
41.6045 	EXP 	DelayTime: color = 'green (named)'
41.6045 	EXP 	DelayMoneyAmt: color = 'green (named)'
41.6213 	EXP 	DelayTime: color = 'green (named)'
41.6213 	EXP 	DelayMoneyAmt: color = 'green (named)'
41.6379 	EXP 	DelayTime: color = 'green (named)'
41.6379 	EXP 	DelayMoneyAmt: color = 'green (named)'
41.6544 	EXP 	DelayTime: color = 'green (named)'
41.6544 	EXP 	DelayMoneyAmt: color = 'green (named)'
41.6708 	EXP 	DelayTime: color = 'green (named)'
41.6708 	EXP 	DelayMoneyAmt: color = 'green (named)'
41.6881 	EXP 	DelayTime: color = 'green (named)'
41.6881 	EXP 	DelayMoneyAmt: color = 'green (named)'
41.7047 	EXP 	DelayTime: color = 'green (named)'
41.7047 	EXP 	DelayMoneyAmt: color = 'green (named)'
41.7212 	EXP 	DelayTime: color = 'green (named)'
41.7212 	EXP 	DelayMoneyAmt: color = 'green (named)'
41.7381 	EXP 	DelayTime: color = 'green (named)'
41.7381 	EXP 	DelayMoneyAmt: color = 'green (named)'
41.7546 	EXP 	DelayTime: color = 'green (named)'
41.7546 	EXP 	DelayMoneyAmt: color = 'green (named)'
41.7715 	EXP 	DelayTime: color = 'green (named)'
41.7715 	EXP 	DelayMoneyAmt: color = 'green (named)'
41.7881 	EXP 	DelayTime: color = 'green (named)'
41.7881 	EXP 	DelayMoneyAmt: color = 'green (named)'
41.8047 	EXP 	DelayTime: color = 'green (named)'
41.8047 	EXP 	DelayMoneyAmt: color = 'green (named)'
41.8217 	EXP 	DelayTime: color = 'green (named)'
41.8217 	EXP 	DelayMoneyAmt: color = 'green (named)'
41.8381 	EXP 	DelayTime: color = 'green (named)'
41.8381 	EXP 	DelayMoneyAmt: color = 'green (named)'
41.8548 	EXP 	DelayTime: color = 'green (named)'
41.8548 	EXP 	DelayMoneyAmt: color = 'green (named)'
41.8715 	EXP 	DelayTime: color = 'green (named)'
41.8715 	EXP 	DelayMoneyAmt: color = 'green (named)'
41.8881 	EXP 	DelayTime: color = 'green (named)'
41.8881 	EXP 	DelayMoneyAmt: color = 'green (named)'
41.9048 	EXP 	DelayTime: color = 'green (named)'
41.9048 	EXP 	DelayMoneyAmt: color = 'green (named)'
41.9213 	EXP 	DelayTime: color = 'green (named)'
41.9213 	EXP 	DelayMoneyAmt: color = 'green (named)'
41.9381 	EXP 	DelayTime: color = 'green (named)'
41.9381 	EXP 	DelayMoneyAmt: color = 'green (named)'
41.9546 	EXP 	DelayTime: color = 'green (named)'
41.9546 	EXP 	DelayMoneyAmt: color = 'green (named)'
41.9714 	EXP 	DelayTime: color = 'green (named)'
41.9714 	EXP 	DelayMoneyAmt: color = 'green (named)'
41.9882 	EXP 	DelayTime: color = 'green (named)'
41.9882 	EXP 	DelayMoneyAmt: color = 'green (named)'
42.0045 	EXP 	DelayTime: color = 'green (named)'
42.0045 	EXP 	DelayMoneyAmt: color = 'green (named)'
42.0217 	EXP 	DelayTime: color = 'green (named)'
42.0217 	EXP 	DelayMoneyAmt: color = 'green (named)'
42.0382 	EXP 	DelayTime: color = 'green (named)'
42.0382 	EXP 	DelayMoneyAmt: color = 'green (named)'
42.0550 	EXP 	DelayTime: color = 'green (named)'
42.0550 	EXP 	DelayMoneyAmt: color = 'green (named)'
42.0718 	EXP 	DelayTime: color = 'green (named)'
42.0718 	EXP 	DelayMoneyAmt: color = 'green (named)'
42.0883 	EXP 	DelayTime: color = 'green (named)'
42.0883 	EXP 	DelayMoneyAmt: color = 'green (named)'
42.1048 	EXP 	DelayTime: color = 'green (named)'
42.1048 	EXP 	DelayMoneyAmt: color = 'green (named)'
42.1219 	EXP 	DelayTime: color = 'green (named)'
42.1219 	EXP 	DelayMoneyAmt: color = 'green (named)'
42.1383 	EXP 	DelayTime: color = 'green (named)'
42.1383 	EXP 	DelayMoneyAmt: color = 'green (named)'
42.1550 	EXP 	DelayTime: color = 'green (named)'
42.1550 	EXP 	DelayMoneyAmt: color = 'green (named)'
42.1716 	EXP 	DelayTime: color = 'green (named)'
42.1716 	EXP 	DelayMoneyAmt: color = 'green (named)'
42.1883 	EXP 	DelayTime: color = 'green (named)'
42.1883 	EXP 	DelayMoneyAmt: color = 'green (named)'
42.2051 	EXP 	DelayTime: color = 'green (named)'
42.2051 	EXP 	DelayMoneyAmt: color = 'green (named)'
42.2217 	EXP 	DelayTime: color = 'green (named)'
42.2217 	EXP 	DelayMoneyAmt: color = 'green (named)'
42.2384 	EXP 	DelayTime: color = 'green (named)'
42.2384 	EXP 	DelayMoneyAmt: color = 'green (named)'
42.2552 	EXP 	Line: autoDraw = False
42.2552 	EXP 	ImmedMoneyAmt: autoDraw = False
42.2552 	EXP 	DelayMoneyAmt: autoDraw = False
42.2552 	EXP 	Immedtoday: autoDraw = False
42.2552 	EXP 	DelayTime: autoDraw = False
42.2552 	EXP 	DelayTime: color = 'green (named)'
42.2552 	EXP 	DelayMoneyAmt: color = 'green (named)'
42.2552 	EXP 	Line: autoDraw = False
42.2552 	EXP 	ImmedMoneyAmt: autoDraw = False
42.2552 	EXP 	DelayMoneyAmt: autoDraw = False
42.2552 	EXP 	Immedtoday: autoDraw = False
42.2552 	EXP 	DelayTime: autoDraw = False
42.2552 	EXP 	blank: autoDraw = False
42.2552 	EXP 	ImmedMoneyAmt: color = 'white (named)'
42.2552 	EXP 	Immedtoday: color = 'white (named)'
42.2552 	EXP 	DelayTime: color = 'white (named)'
42.2552 	EXP 	DelayMoneyAmt: color = 'white (named)'
42.2552 	EXP 	ImmedMoneyAmt: autoDraw = False
42.2552 	EXP 	Immedtoday: autoDraw = False
42.2552 	EXP 	DelayTime: autoDraw = False
42.2552 	EXP 	DelayMoneyAmt: autoDraw = False
42.2552 	EXP 	Line: autoDraw = False
42.2552 	EXP 	text_2: autoDraw = True
45.2437 	EXP 	Imported DelayDiscountingCues.csv as conditions, 7 conditions, 3 params
45.2439 	EXP 	Created sequence: sequential, trialTypes=7, nReps=1, seed=None
45.2440 	EXP 	New trial (rep=0, index=0): OrderedDict([('CueType1', 'REGULATE'), ('rows', '000:003'), ('CueType2', 'REACT')])
45.2575 	EXP 	text_2: autoDraw = False
45.2575 	EXP 	isi2: text = '+'
45.2575 	EXP 	isi2: autoDraw = True
47.2790 	EXP 	isi2: autoDraw = False
47.2790 	EXP 	cue: text = ''
47.2790 	EXP 	cue: text = 'REGULATE'
47.2790 	EXP 	cue: autoDraw = True
49.2478 	EXP 	Imported DelayDiscountingAmt.csv as conditions, 3 conditions, 3 params
49.2480 	EXP 	Created sequence: random, trialTypes=3, nReps=1, seed=None
49.2482 	EXP 	New trial (rep=0, index=0): OrderedDict([('ImMoney', '$48 '), ('DelayMoney', '$49 '), ('DelayDays', 'in 15 days')])
49.2608 	EXP 	cue: autoDraw = False
49.2608 	EXP 	isi2: text = '+'
49.2608 	EXP 	isi2: autoDraw = True
49.3128 	DATA 	Keypress: escape
49.4418 	EXP 	window1: mouseVisible = True
