7.2581 	WARNING 	User requested fullscreen with size [1024  768], but screen is actually [1920, 1200]. Using actual size
8.4007 	EXP 	Created window1 = Window(allowGUI=True, allowStencil=False, args=UNKNOWN, autoLog=True, bitsMode=UNKNOWN, blendMode='avg', color=array([0., 0., 0.]), colorSpace='rgb', fullscr=<method-wrapper '__getattribute__' of attributeSetter object at 0x00000296925A16A0>, gamma=None, gammaErrorPolicy='raise', kwargs=UNKNOWN, lms=UNKNOWN, monitor=<psychopy.monitors.calibTools.Monitor object at 0x0000029692639E80>, multiSample=False, name='window1', numSamples=2, pos=[0.0, 0.0], screen=0, size=array([1920, 1200]), stereo=False, units='height', useFBO=True, useRetina=False, viewOri=0.0, viewPos=None, viewScale=None, waitBlanking=True, winType='pyglet')
8.4008 	EXP 	window1: recordFrameIntervals = False
8.5667 	EXP 	window1: recordFrameIntervals = True
8.7509 	EXP 	window1: recordFrameIntervals = False
8.9999 	EXP 	Created Instructions = TextStim(__class__=<class 'psychopy.visual.text.TextStim'>, alignHoriz='center', alignVert='center', antialias=True, autoLog=True, bold=False, color='white', colorSpace='named', contrast=1.0, depth=0.0, flipHoriz=False, flipVert=False, font='Arial', fontFiles=[], height=0.06, italic=False, languageStyle='LTR', name='Instructions', opacity=1.0, ori=0, pos=array([0., 0.]), rgb=array([255., 255., 255.]), text=str(...), units='height', win=Window(...), wrapWidth=1.45)
9.0252 	EXP 	Created cue = TextStim(__class__=<class 'psychopy.visual.text.TextStim'>, alignHoriz='center', alignVert='center', antialias=True, autoLog=True, bold=False, color='white', colorSpace='named', contrast=1.0, depth=0.0, flipHoriz=False, flipVert=False, font='Arial', fontFiles=[], height=0.12, italic=False, languageStyle='LTR', name='cue', opacity=1.0, ori=0, pos=array([0., 0.]), rgb=array([255., 255., 255.]), text='default text', units='height', win=Window(...), wrapWidth=1)
9.0466 	EXP 	Created ISI = TextStim(__class__=<class 'psychopy.visual.text.TextStim'>, alignHoriz='center', alignVert='center', antialias=True, autoLog=True, bold=False, color='white', colorSpace='named', contrast=1.0, depth=-1.0, flipHoriz=False, flipVert=False, font='Arial', fontFiles=[], height=0.1, italic=False, languageStyle='LTR', name='ISI', opacity=1.0, ori=0, pos=array([0., 0.]), rgb=array([255., 255., 255.]), text='default text', units='height', win=Window(...), wrapWidth=1)
9.0495 	EXP 	Created Image = ImageStim(__class__=<class 'psychopy.visual.image.ImageStim'>, autoLog=True, color=array([1., 1., 1.]), colorSpace='rgb', contrast=1.0, depth=0.0, flipHoriz=False, flipVert=False, image='sin', interpolate=True, mask=None, maskParams=None, name='Image', opacity=1.0, ori=0.0, pos=array([0., 0.]), size=array([1., 1.]), texRes=128, units='height', win=Window(...))
9.0625 	EXP 	Created ratingQ = TextStim(__class__=<class 'psychopy.visual.text.TextStim'>, alignHoriz='center', alignVert='center', antialias=True, autoLog=True, bold=False, color='white', colorSpace='named', contrast=1.0, depth=0.0, flipHoriz=False, flipVert=False, font='Arial', fontFiles=[], height=0.07, italic=False, languageStyle='LTR', name='ratingQ', opacity=1.0, ori=0, pos=array([0.  , 0.15]), rgb=array([255., 255., 255.]), text='default text', units='height', win=Window(...), wrapWidth=1.3)
9.1172 	EXP 	Created rating = RatingScale(__class__=type(...), acceptKeys=['return'], acceptPreText=UNKNOWN, acceptSize=UNKNOWN, acceptText='accept?', autoLog=True, choices=['1', '2', '3', '4', '5', '6', '7'], depth=0, disappear=False, flipVert=False, high=6, kwargs=UNKNOWN, labels=list(...), leftKeys=['left'], lineColor='White', low=0, marker=ShapeStim(...), markerColor='DarkBlue', markerExpansion=UNKNOWN, markerStart=None, maxTime=0.0, minTime=0.4, mouseOnly=False, name='rating', noMouse=False, pos=[0.0, -0.35], precision=1, respKeys=['0', '1', '2', '3', '4', '5', '6'], rightKeys=['right'], scale='<default>', self=UNKNOWN, showAccept=True, showValue=True, singleClick=False, size=0.84, skipKeys=['tab'], stretch=1.0, textColor='LightGray', textFont='Helvetica Bold', textSize=0.168, tickHeight=-1, tickMarks=6.0, win=Window(...))
9.1278 	EXP 	Created text_3 = TextStim(__class__=<class 'psychopy.visual.text.TextStim'>, alignHoriz='center', alignVert='center', antialias=True, autoLog=True, bold=False, color='white', colorSpace='named', contrast=1.0, depth=-2.0, flipHoriz=False, flipVert=False, font='Arial', fontFiles=[], height=0.04, italic=False, languageStyle='LTR', name='text_3', opacity=1.0, ori=0, pos=array([ 0. , -0.1]), rgb=array([255., 255., 255.]), text='default text', units='height', win=Window(...), wrapWidth=1)
9.1345 	EXP 	Created text_2 = TextStim(__class__=<class 'psychopy.visual.text.TextStim'>, alignHoriz='center', alignVert='center', antialias=True, autoLog=True, bold=False, color='white', colorSpace='named', contrast=1.0, depth=0.0, flipHoriz=False, flipVert=False, font='Arial', fontFiles=[], height=0.1, italic=False, languageStyle='LTR', name='text_2', opacity=1.0, ori=0, pos=array([0., 0.]), rgb=array([255., 255., 255.]), text='default text', units='height', win=Window(...), wrapWidth=1)
9.1744 	EXP 	Created text = TextStim(__class__=<class 'psychopy.visual.text.TextStim'>, alignHoriz='center', alignVert='center', antialias=True, autoLog=True, bold=False, color='white', colorSpace='named', contrast=1.0, depth=0.0, flipHoriz=False, flipVert=False, font='Arial', fontFiles=[], height=0.08, italic=False, languageStyle='LTR', name='text', opacity=1.0, ori=0, pos=array([0., 0.]), rgb=array([255., 255., 255.]), text=str(...), units='height', win=Window(...), wrapWidth=1.5)
9.1800 	EXP 	Created cue = TextStim(__class__=<class 'psychopy.visual.text.TextStim'>, alignHoriz='center', alignVert='center', antialias=True, autoLog=True, bold=False, color='white', colorSpace='named', contrast=1.0, depth=0.0, flipHoriz=False, flipVert=False, font='Arial', fontFiles=[], height=0.12, italic=False, languageStyle='LTR', name='cue', opacity=1.0, ori=0, pos=array([0., 0.]), rgb=array([255., 255., 255.]), text='default text', units='height', win=Window(...), wrapWidth=1)
9.1851 	EXP 	Created ISI = TextStim(__class__=<class 'psychopy.visual.text.TextStim'>, alignHoriz='center', alignVert='center', antialias=True, autoLog=True, bold=False, color='white', colorSpace='named', contrast=1.0, depth=-1.0, flipHoriz=False, flipVert=False, font='Arial', fontFiles=[], height=0.1, italic=False, languageStyle='LTR', name='ISI', opacity=1.0, ori=0, pos=array([0., 0.]), rgb=array([255., 255., 255.]), text='default text', units='height', win=Window(...), wrapWidth=1)
9.1874 	EXP 	Created Image = ImageStim(__class__=<class 'psychopy.visual.image.ImageStim'>, autoLog=True, color=array([1., 1., 1.]), colorSpace='rgb', contrast=1.0, depth=0.0, flipHoriz=False, flipVert=False, image='sin', interpolate=True, mask=None, maskParams=None, name='Image', opacity=1.0, ori=0.0, pos=array([0., 0.]), size=array([1., 1.]), texRes=128, units='height', win=Window(...))
9.1906 	EXP 	Created ratingQ = TextStim(__class__=<class 'psychopy.visual.text.TextStim'>, alignHoriz='center', alignVert='center', antialias=True, autoLog=True, bold=False, color='white', colorSpace='named', contrast=1.0, depth=0.0, flipHoriz=False, flipVert=False, font='Arial', fontFiles=[], height=0.07, italic=False, languageStyle='LTR', name='ratingQ', opacity=1.0, ori=0, pos=array([0.  , 0.15]), rgb=array([255., 255., 255.]), text='default text', units='height', win=Window(...), wrapWidth=1.3)
9.2108 	EXP 	Created rating = RatingScale(__class__=type(...), acceptKeys=['return'], acceptPreText=UNKNOWN, acceptSize=UNKNOWN, acceptText='accept?', autoLog=True, choices=['1', '2', '3', '4', '5', '6', '7'], depth=0, disappear=False, flipVert=False, high=6, kwargs=UNKNOWN, labels=list(...), leftKeys=['left'], lineColor='White', low=0, marker=ShapeStim(...), markerColor='DarkBlue', markerExpansion=UNKNOWN, markerStart=None, maxTime=0.0, minTime=0.4, mouseOnly=False, name='rating', noMouse=False, pos=[0.0, -0.35], precision=1, respKeys=['0', '1', '2', '3', '4', '5', '6'], rightKeys=['right'], scale='<default>', self=UNKNOWN, showAccept=True, showValue=True, singleClick=False, size=0.84, skipKeys=['tab'], stretch=1.0, textColor='LightGray', textFont='Helvetica Bold', textSize=0.168, tickHeight=-1, tickMarks=6.0, win=Window(...))
9.2162 	EXP 	Created text_3 = TextStim(__class__=<class 'psychopy.visual.text.TextStim'>, alignHoriz='center', alignVert='center', antialias=True, autoLog=True, bold=False, color='white', colorSpace='named', contrast=1.0, depth=-2.0, flipHoriz=False, flipVert=False, font='Arial', fontFiles=[], height=0.04, italic=False, languageStyle='LTR', name='text_3', opacity=1.0, ori=0, pos=array([ 0. , -0.1]), rgb=array([255., 255., 255.]), text='default text', units='height', win=Window(...), wrapWidth=1)
9.2216 	EXP 	Created text_2 = TextStim(__class__=<class 'psychopy.visual.text.TextStim'>, alignHoriz='center', alignVert='center', antialias=True, autoLog=True, bold=False, color='white', colorSpace='named', contrast=1.0, depth=0.0, flipHoriz=False, flipVert=False, font='Arial', fontFiles=[], height=0.1, italic=False, languageStyle='LTR', name='text_2', opacity=1.0, ori=0, pos=array([0., 0.]), rgb=array([255., 255., 255.]), text='default text', units='height', win=Window(...), wrapWidth=1)
9.2542 	EXP 	Created ty = TextStim(__class__=<class 'psychopy.visual.text.TextStim'>, alignHoriz='center', alignVert='center', antialias=True, autoLog=True, bold=False, color='white', colorSpace='named', contrast=1.0, depth=0.0, flipHoriz=False, flipVert=False, font='Arial', fontFiles=[], height=0.08, italic=False, languageStyle='LTR', name='ty', opacity=1.0, ori=0, pos=array([0., 0.]), rgb=array([255., 255., 255.]), text=str(...), units='height', win=Window(...), wrapWidth=1.4)
9.2870 	EXP 	rating: flipVert = False
9.2870 	EXP 	rating: autoLog = True
9.2870 	EXP 	rating: flipVert = False
9.2870 	EXP 	rating: autoLog = True
9.2870 	EXP 	Instructions: autoDraw = True
11.6234 	DATA 	Keypress: space
11.6694 	EXP 	Imported foodRows.xlsx as conditions, 1 conditions, 3 params
11.6696 	EXP 	Created sequence: sequential, trialTypes=1, nReps=1, seed=None
11.6699 	EXP 	New trial (rep=0, index=0): OrderedDict([('CueType', 'REACT'), ('rows', '0010:0015'), ('CueType2', 'REGULATE')])
11.6966 	EXP 	Instructions: autoDraw = False
11.6966 	EXP 	cue: text = 'REACT'
11.6966 	EXP 	ISI: text = '+'
11.6966 	EXP 	cue: autoDraw = True
16.6890 	EXP 	ISI: autoDraw = True
16.7058 	EXP 	cue: autoDraw = False
18.6462 	EXP 	Imported FoodReg.csv as conditions, 3 conditions, 1 params
18.6464 	EXP 	Created sequence: random, trialTypes=3, nReps=1, seed=None
18.6466 	EXP 	New trial (rep=0, index=0): OrderedDict([('Picture', 'FoodPics\\F4H\\banana.jpg')])
18.7590 	EXP 	cue: autoDraw = False
18.7590 	EXP 	ISI: autoDraw = False
18.7590 	EXP 	Image: size = array([1.5, 1. ])
18.7590 	EXP 	Image: image = 'FoodPics\\F4H\\banana.jpg'
18.7590 	EXP 	Image: autoDraw = True
26.6874 	EXP 	RatingScale rating: reset()
26.7225 	EXP 	Image: autoDraw = False
26.7225 	EXP 	ratingQ: text = 'How much are you craving this food?'
26.7225 	EXP 	text_3: text = 'Not at all                                                Very Much'
26.7225 	EXP 	ratingQ: autoDraw = True
26.7225 	EXP 	rating: autoDraw = True
26.7225 	EXP 	text_3: autoDraw = True
31.6690 	EXP 	ratingQ: autoDraw = False
31.6690 	EXP 	rating: autoDraw = False
31.6690 	EXP 	text_3: autoDraw = False
31.6690 	EXP 	text_2: text = '+'
31.6690 	EXP 	text_2: autoDraw = True
33.6548 	EXP 	New trial (rep=0, index=1): OrderedDict([('Picture', 'FoodPics\\F4H\\bagels.jpg')])
33.7426 	EXP 	text_2: autoDraw = False
33.7426 	EXP 	Image: size = array([1.5, 1. ])
33.7426 	EXP 	Image: image = 'FoodPics\\F4H\\bagels.jpg'
33.7426 	EXP 	Image: autoDraw = True
41.6467 	EXP 	RatingScale rating: reset()
41.6625 	EXP 	Image: autoDraw = False
41.6625 	EXP 	ratingQ: text = 'How much are you craving this food?'
41.6625 	EXP 	text_3: text = 'Not at all                                                Very Much'
41.6625 	EXP 	ratingQ: autoDraw = True
41.6625 	EXP 	rating: autoDraw = True
41.6625 	EXP 	text_3: autoDraw = True
46.6330 	EXP 	ratingQ: autoDraw = False
46.6647 	EXP 	ratingQ: autoDraw = False
46.6647 	EXP 	rating: autoDraw = False
46.6647 	EXP 	text_3: autoDraw = False
46.6647 	EXP 	text_2: text = '+'
46.6647 	EXP 	text_2: autoDraw = True
48.6519 	EXP 	New trial (rep=0, index=2): OrderedDict([('Picture', 'FoodPics\\F4H\\breadtwists.jpg')])
48.7430 	EXP 	text_2: autoDraw = False
48.7430 	EXP 	Image: size = array([1.5, 1. ])
48.7430 	EXP 	Image: image = 'FoodPics\\F4H\\breadtwists.jpg'
48.7430 	EXP 	Image: autoDraw = True
56.6581 	EXP 	RatingScale rating: reset()
56.6730 	EXP 	Image: autoDraw = False
56.6730 	EXP 	ratingQ: text = 'How much are you craving this food?'
56.6730 	EXP 	text_3: text = 'Not at all                                                Very Much'
56.6730 	EXP 	ratingQ: autoDraw = True
56.6730 	EXP 	rating: autoDraw = True
56.6730 	EXP 	text_3: autoDraw = True
61.6458 	EXP 	ratingQ: autoDraw = False
61.6602 	EXP 	ratingQ: autoDraw = False
61.6602 	EXP 	rating: autoDraw = False
61.6602 	EXP 	text_3: autoDraw = False
61.6602 	EXP 	text_2: text = '+'
61.6602 	EXP 	text_2: autoDraw = True
63.6621 	EXP 	text_2: autoDraw = False
63.6621 	EXP 	text: autoDraw = True
65.8050 	DATA 	Mouse: Left button down, pos=(826,611)
65.8868 	DATA 	Mouse:  Left button up, pos=(826,611)
65.9715 	EXP 	Imported foodRows.csv as conditions, 6 conditions, 3 params
65.9717 	EXP 	Created sequence: random, trialTypes=6, nReps=1, seed=None
65.9719 	EXP 	New trial (rep=0, index=0): OrderedDict([('CueType', 'REGULATE'), ('rows', '0045:0054'), ('CueType2', 'REACT')])
65.9960 	DATA 	Keypress: space
66.0009 	EXP 	text: autoDraw = False
66.0009 	EXP 	cue: text = 'REGULATE'
66.0009 	EXP 	ISI: text = '+'
66.0009 	EXP 	cue: autoDraw = True
70.9854 	EXP 	ISI: autoDraw = True
71.0018 	EXP 	cue: autoDraw = False
72.9761 	EXP 	Imported FoodReg.csv as conditions, 9 conditions, 1 params
72.9763 	EXP 	Created sequence: random, trialTypes=9, nReps=1, seed=None
72.9764 	EXP 	New trial (rep=0, index=0): OrderedDict([('Picture', 'FoodPics\\F4H\\watermelon.jpg')])
73.0708 	EXP 	cue: autoDraw = False
73.0708 	EXP 	ISI: autoDraw = False
73.0708 	EXP 	Image: size = array([1.5, 1. ])
73.0708 	EXP 	Image: image = 'FoodPics\\F4H\\watermelon.jpg'
73.0708 	EXP 	Image: autoDraw = True
80.9802 	EXP 	RatingScale rating: reset()
80.9922 	EXP 	Image: autoDraw = False
80.9922 	EXP 	ratingQ: text = 'How much are you craving this food?'
80.9922 	EXP 	text_3: text = 'Not at all                                                Very Much'
80.9922 	EXP 	ratingQ: autoDraw = True
80.9922 	EXP 	rating: autoDraw = True
80.9922 	EXP 	text_3: autoDraw = True
85.9641 	EXP 	ratingQ: autoDraw = False
85.9977 	EXP 	ratingQ: autoDraw = False
85.9977 	EXP 	rating: autoDraw = False
85.9977 	EXP 	text_3: autoDraw = False
85.9977 	EXP 	text_2: text = '+'
85.9977 	EXP 	text_2: autoDraw = True
87.9835 	EXP 	New trial (rep=0, index=1): OrderedDict([('Picture', 'FoodPics\\F4H\\cookies2.jpg')])
88.0777 	EXP 	text_2: autoDraw = False
88.0777 	EXP 	Image: size = array([1.5, 1. ])
88.0777 	EXP 	Image: image = 'FoodPics\\F4H\\cookies2.jpg'
88.0777 	EXP 	Image: autoDraw = True
95.9744 	EXP 	RatingScale rating: reset()
95.9892 	EXP 	Image: autoDraw = False
95.9892 	EXP 	ratingQ: text = 'How much are you craving this food?'
95.9892 	EXP 	text_3: text = 'Not at all                                                Very Much'
95.9892 	EXP 	ratingQ: autoDraw = True
95.9892 	EXP 	rating: autoDraw = True
95.9892 	EXP 	text_3: autoDraw = True
100.9617 	EXP 	ratingQ: autoDraw = False
100.9934 	EXP 	ratingQ: autoDraw = False
100.9934 	EXP 	rating: autoDraw = False
100.9934 	EXP 	text_3: autoDraw = False
100.9934 	EXP 	text_2: text = '+'
100.9934 	EXP 	text_2: autoDraw = True
102.9786 	EXP 	New trial (rep=0, index=2): OrderedDict([('Picture', 'FoodPics\\F4H\\bread.jpg')])
103.0668 	EXP 	text_2: autoDraw = False
103.0668 	EXP 	Image: size = array([1.5, 1. ])
103.0668 	EXP 	Image: image = 'FoodPics\\F4H\\bread.jpg'
103.0668 	EXP 	Image: autoDraw = True
110.9712 	EXP 	RatingScale rating: reset()
110.9848 	EXP 	Image: autoDraw = False
110.9848 	EXP 	ratingQ: text = 'How much are you craving this food?'
110.9848 	EXP 	text_3: text = 'Not at all                                                Very Much'
110.9848 	EXP 	ratingQ: autoDraw = True
110.9848 	EXP 	rating: autoDraw = True
110.9848 	EXP 	text_3: autoDraw = True
115.9572 	EXP 	ratingQ: autoDraw = False
115.9892 	EXP 	ratingQ: autoDraw = False
115.9892 	EXP 	rating: autoDraw = False
115.9892 	EXP 	text_3: autoDraw = False
115.9892 	EXP 	text_2: text = '+'
115.9892 	EXP 	text_2: autoDraw = True
117.9748 	EXP 	New trial (rep=0, index=3): OrderedDict([('Picture', 'FoodPics\\F4H\\pretzelsticks.jpg')])
118.0668 	EXP 	text_2: autoDraw = False
118.0668 	EXP 	Image: size = array([1.5, 1. ])
118.0668 	EXP 	Image: image = 'FoodPics\\F4H\\pretzelsticks.jpg'
118.0668 	EXP 	Image: autoDraw = True
125.9830 	EXP 	RatingScale rating: reset()
125.9972 	EXP 	Image: autoDraw = False
125.9972 	EXP 	ratingQ: text = 'How much are you craving this food?'
125.9972 	EXP 	text_3: text = 'Not at all                                                Very Much'
125.9972 	EXP 	ratingQ: autoDraw = True
125.9972 	EXP 	rating: autoDraw = True
125.9972 	EXP 	text_3: autoDraw = True
130.9683 	EXP 	ratingQ: autoDraw = False
130.9849 	EXP 	ratingQ: autoDraw = False
130.9849 	EXP 	rating: autoDraw = False
130.9849 	EXP 	text_3: autoDraw = False
130.9849 	EXP 	text_2: text = '+'
130.9849 	EXP 	text_2: autoDraw = True
132.9709 	EXP 	New trial (rep=0, index=4): OrderedDict([('Picture', 'FoodPics\\F4H\\pineapple.jpg')])
133.0652 	EXP 	text_2: autoDraw = False
133.0652 	EXP 	Image: size = array([1.5, 1. ])
133.0652 	EXP 	Image: image = 'FoodPics\\F4H\\pineapple.jpg'
133.0652 	EXP 	Image: autoDraw = True
140.9778 	EXP 	RatingScale rating: reset()
140.9929 	EXP 	Image: autoDraw = False
140.9929 	EXP 	ratingQ: text = 'How much are you craving this food?'
140.9929 	EXP 	text_3: text = 'Not at all                                                Very Much'
140.9929 	EXP 	ratingQ: autoDraw = True
140.9929 	EXP 	rating: autoDraw = True
140.9929 	EXP 	text_3: autoDraw = True
145.9643 	EXP 	ratingQ: autoDraw = False
145.9973 	EXP 	ratingQ: autoDraw = False
145.9973 	EXP 	rating: autoDraw = False
145.9973 	EXP 	text_3: autoDraw = False
145.9973 	EXP 	text_2: text = '+'
145.9973 	EXP 	text_2: autoDraw = True
147.9833 	EXP 	New trial (rep=0, index=5): OrderedDict([('Picture', 'FoodPics\\F4H\\steak.jpg')])
148.0764 	EXP 	text_2: autoDraw = False
148.0764 	EXP 	Image: size = array([1.5, 1. ])
148.0764 	EXP 	Image: image = 'FoodPics\\F4H\\steak.jpg'
148.0764 	EXP 	Image: autoDraw = True
155.9755 	EXP 	RatingScale rating: reset()
155.9889 	EXP 	Image: autoDraw = False
155.9889 	EXP 	ratingQ: text = 'How much are you craving this food?'
155.9889 	EXP 	text_3: text = 'Not at all                                                Very Much'
155.9889 	EXP 	ratingQ: autoDraw = True
155.9889 	EXP 	rating: autoDraw = True
155.9889 	EXP 	text_3: autoDraw = True
160.9622 	EXP 	ratingQ: autoDraw = False
160.9917 	EXP 	ratingQ: autoDraw = False
160.9917 	EXP 	rating: autoDraw = False
160.9917 	EXP 	text_3: autoDraw = False
160.9917 	EXP 	text_2: text = '+'
160.9917 	EXP 	text_2: autoDraw = True
162.9785 	EXP 	New trial (rep=0, index=6): OrderedDict([('Picture', 'FoodPics\\F4H\\sushi.jpg')])
163.0740 	EXP 	text_2: autoDraw = False
163.0740 	EXP 	Image: size = array([1.5, 1. ])
163.0740 	EXP 	Image: image = 'FoodPics\\F4H\\sushi.jpg'
163.0740 	EXP 	Image: autoDraw = True
170.9707 	EXP 	RatingScale rating: reset()
170.9846 	EXP 	Image: autoDraw = False
170.9846 	EXP 	ratingQ: text = 'How much are you craving this food?'
170.9846 	EXP 	text_3: text = 'Not at all                                                Very Much'
170.9846 	EXP 	ratingQ: autoDraw = True
170.9846 	EXP 	rating: autoDraw = True
170.9846 	EXP 	text_3: autoDraw = True
175.9559 	EXP 	ratingQ: autoDraw = False
175.9891 	EXP 	ratingQ: autoDraw = False
175.9891 	EXP 	rating: autoDraw = False
175.9891 	EXP 	text_3: autoDraw = False
175.9891 	EXP 	text_2: text = '+'
175.9891 	EXP 	text_2: autoDraw = True
177.9753 	EXP 	New trial (rep=0, index=7): OrderedDict([('Picture', 'FoodPics\\F4H\\wafers.jpg')])
178.2843 	EXP 	text_2: autoDraw = False
178.2843 	EXP 	Image: size = array([1.5, 1. ])
178.2843 	EXP 	Image: image = 'FoodPics\\F4H\\wafers.jpg'
178.2843 	EXP 	Image: autoDraw = True
185.9825 	EXP 	RatingScale rating: reset()
185.9977 	EXP 	Image: autoDraw = False
185.9977 	EXP 	ratingQ: text = 'How much are you craving this food?'
185.9977 	EXP 	text_3: text = 'Not at all                                                Very Much'
185.9977 	EXP 	ratingQ: autoDraw = True
185.9977 	EXP 	rating: autoDraw = True
185.9977 	EXP 	text_3: autoDraw = True
190.9673 	EXP 	ratingQ: autoDraw = False
190.9831 	EXP 	ratingQ: autoDraw = False
190.9831 	EXP 	rating: autoDraw = False
190.9831 	EXP 	text_3: autoDraw = False
190.9831 	EXP 	text_2: text = '+'
190.9831 	EXP 	text_2: autoDraw = True
192.9695 	EXP 	New trial (rep=0, index=8): OrderedDict([('Picture', 'FoodPics\\F4H\\candy.jpg')])
193.0664 	EXP 	text_2: autoDraw = False
193.0664 	EXP 	Image: size = array([1.5, 1. ])
193.0664 	EXP 	Image: image = 'FoodPics\\F4H\\candy.jpg'
193.0664 	EXP 	Image: autoDraw = True
200.9788 	EXP 	RatingScale rating: reset()
200.9939 	EXP 	Image: autoDraw = False
200.9939 	EXP 	ratingQ: text = 'How much are you craving this food?'
200.9939 	EXP 	text_3: text = 'Not at all                                                Very Much'
200.9939 	EXP 	ratingQ: autoDraw = True
200.9939 	EXP 	rating: autoDraw = True
200.9939 	EXP 	text_3: autoDraw = True
205.9641 	EXP 	ratingQ: autoDraw = False
205.9974 	EXP 	ratingQ: autoDraw = False
205.9974 	EXP 	rating: autoDraw = False
205.9974 	EXP 	text_3: autoDraw = False
205.9974 	EXP 	text_2: text = '+'
205.9974 	EXP 	text_2: autoDraw = True
207.9828 	EXP 	New trial (rep=0, index=1): OrderedDict([('CueType', 'REGULATE'), ('rows', '0035:0044'), ('CueType2', 'REACT')])
207.9991 	EXP 	text_2: autoDraw = False
207.9991 	EXP 	cue: text = 'REGULATE'
207.9991 	EXP 	ISI: text = '+'
207.9991 	EXP 	cue: autoDraw = True
212.9695 	EXP 	ISI: autoDraw = True
213.0030 	EXP 	cue: autoDraw = False
214.9612 	EXP 	Imported FoodReg.csv as conditions, 9 conditions, 1 params
214.9614 	EXP 	Created sequence: random, trialTypes=9, nReps=1, seed=None
214.9616 	EXP 	New trial (rep=0, index=0): OrderedDict([('Picture', 'FoodPics\\F4H\\mm.jpg')])
215.2513 	EXP 	ISI: autoDraw = False
215.2513 	EXP 	cue: autoDraw = False
215.2513 	EXP 	ISI: autoDraw = False
215.2513 	EXP 	Image: size = array([1.5, 1. ])
215.2513 	EXP 	Image: image = 'FoodPics\\F4H\\mm.jpg'
215.2513 	EXP 	Image: autoDraw = True
222.9835 	EXP 	RatingScale rating: reset()
222.9950 	EXP 	Image: autoDraw = False
222.9950 	EXP 	ratingQ: text = 'How much are you craving this food?'
222.9950 	EXP 	text_3: text = 'Not at all                                                Very Much'
222.9950 	EXP 	ratingQ: autoDraw = True
222.9950 	EXP 	rating: autoDraw = True
222.9950 	EXP 	text_3: autoDraw = True
227.9819 	EXP 	ratingQ: autoDraw = False
227.9986 	EXP 	ratingQ: autoDraw = False
227.9986 	EXP 	rating: autoDraw = False
227.9986 	EXP 	text_3: autoDraw = False
227.9986 	EXP 	text_2: text = '+'
227.9986 	EXP 	text_2: autoDraw = True
229.9679 	EXP 	New trial (rep=0, index=1): OrderedDict([('Picture', 'FoodPics\\F4H\\pizza.jpg')])
230.0858 	EXP 	text_2: autoDraw = False
230.0858 	EXP 	Image: size = array([1.5, 1. ])
230.0858 	EXP 	Image: image = 'FoodPics\\F4H\\pizza.jpg'
230.0858 	EXP 	Image: autoDraw = True
237.9771 	EXP 	RatingScale rating: reset()
237.9903 	EXP 	Image: autoDraw = False
237.9903 	EXP 	ratingQ: text = 'How much are you craving this food?'
237.9903 	EXP 	text_3: text = 'Not at all                                                Very Much'
237.9903 	EXP 	ratingQ: autoDraw = True
237.9903 	EXP 	rating: autoDraw = True
237.9903 	EXP 	text_3: autoDraw = True
242.9782 	EXP 	ratingQ: autoDraw = False
242.9949 	EXP 	ratingQ: autoDraw = False
242.9949 	EXP 	rating: autoDraw = False
242.9949 	EXP 	text_3: autoDraw = False
242.9949 	EXP 	text_2: text = '+'
242.9949 	EXP 	text_2: autoDraw = True
244.9792 	EXP 	New trial (rep=0, index=2): OrderedDict([('Picture', 'FoodPics\\F4H\\strawberries.jpg')])
245.0820 	EXP 	text_2: autoDraw = False
245.0820 	EXP 	Image: size = array([1.5, 1. ])
245.0820 	EXP 	Image: image = 'FoodPics\\F4H\\strawberries.jpg'
245.0820 	EXP 	Image: autoDraw = True
252.9716 	EXP 	RatingScale rating: reset()
252.9861 	EXP 	Image: autoDraw = False
252.9861 	EXP 	ratingQ: text = 'How much are you craving this food?'
252.9861 	EXP 	text_3: text = 'Not at all                                                Very Much'
252.9861 	EXP 	ratingQ: autoDraw = True
252.9861 	EXP 	rating: autoDraw = True
252.9861 	EXP 	text_3: autoDraw = True
257.9564 	EXP 	ratingQ: autoDraw = False
257.9891 	EXP 	ratingQ: autoDraw = False
257.9891 	EXP 	rating: autoDraw = False
257.9891 	EXP 	text_3: autoDraw = False
257.9891 	EXP 	text_2: text = '+'
257.9891 	EXP 	text_2: autoDraw = True
259.9749 	EXP 	New trial (rep=0, index=3): OrderedDict([('Picture', 'FoodPics\\F4H\\chocbar.jpg')])
260.2668 	EXP 	text_2: autoDraw = False
260.2668 	EXP 	Image: size = array([1.5, 1. ])
260.2668 	EXP 	Image: image = 'FoodPics\\F4H\\chocbar.jpg'
260.2668 	EXP 	Image: autoDraw = True
267.9855 	EXP 	RatingScale rating: reset()
267.9985 	EXP 	Image: autoDraw = False
267.9985 	EXP 	ratingQ: text = 'How much are you craving this food?'
267.9985 	EXP 	text_3: text = 'Not at all                                                Very Much'
267.9985 	EXP 	ratingQ: autoDraw = True
267.9985 	EXP 	rating: autoDraw = True
267.9985 	EXP 	text_3: autoDraw = True
272.9859 	EXP 	ratingQ: autoDraw = False
272.9859 	EXP 	rating: autoDraw = False
272.9859 	EXP 	text_3: autoDraw = False
272.9859 	EXP 	text_2: text = '+'
272.9859 	EXP 	text_2: autoDraw = True
274.9719 	EXP 	New trial (rep=0, index=4): OrderedDict([('Picture', 'FoodPics\\F4H\\eclair.jpg')])
275.2627 	EXP 	text_2: autoDraw = False
275.2627 	EXP 	Image: size = array([1.5, 1. ])
275.2627 	EXP 	Image: image = 'FoodPics\\F4H\\eclair.jpg'
275.2627 	EXP 	Image: autoDraw = True
282.9806 	EXP 	RatingScale rating: reset()
282.9942 	EXP 	Image: autoDraw = False
282.9942 	EXP 	ratingQ: text = 'How much are you craving this food?'
282.9942 	EXP 	text_3: text = 'Not at all                                                Very Much'
282.9942 	EXP 	ratingQ: autoDraw = True
282.9942 	EXP 	rating: autoDraw = True
282.9942 	EXP 	text_3: autoDraw = True
287.9636 	EXP 	ratingQ: autoDraw = False
287.9969 	EXP 	ratingQ: autoDraw = False
287.9969 	EXP 	rating: autoDraw = False
287.9969 	EXP 	text_3: autoDraw = False
287.9969 	EXP 	text_2: text = '+'
287.9969 	EXP 	text_2: autoDraw = True
289.9831 	EXP 	New trial (rep=0, index=5): OrderedDict([('Picture', 'FoodPics\\F4H\\oreos.jpg')])
290.0756 	EXP 	text_2: autoDraw = False
290.0756 	EXP 	Image: size = array([1.5, 1. ])
290.0756 	EXP 	Image: image = 'FoodPics\\F4H\\oreos.jpg'
290.0756 	EXP 	Image: autoDraw = True
297.9758 	EXP 	RatingScale rating: reset()
297.9900 	EXP 	Image: autoDraw = False
297.9900 	EXP 	ratingQ: text = 'How much are you craving this food?'
297.9900 	EXP 	text_3: text = 'Not at all                                                Very Much'
297.9900 	EXP 	ratingQ: autoDraw = True
297.9900 	EXP 	rating: autoDraw = True
297.9900 	EXP 	text_3: autoDraw = True
302.9630 	EXP 	ratingQ: autoDraw = False
302.9945 	EXP 	ratingQ: autoDraw = False
302.9945 	EXP 	rating: autoDraw = False
302.9945 	EXP 	text_3: autoDraw = False
302.9945 	EXP 	text_2: text = '+'
302.9945 	EXP 	text_2: autoDraw = True
304.9799 	EXP 	New trial (rep=0, index=6): OrderedDict([('Picture', 'FoodPics\\F4H\\ritz.jpg')])
305.0749 	EXP 	text_2: autoDraw = False
305.0749 	EXP 	Image: size = array([1.5, 1. ])
305.0749 	EXP 	Image: image = 'FoodPics\\F4H\\ritz.jpg'
305.0749 	EXP 	Image: autoDraw = True
312.9719 	EXP 	RatingScale rating: reset()
312.9859 	EXP 	Image: autoDraw = False
312.9859 	EXP 	ratingQ: text = 'How much are you craving this food?'
312.9859 	EXP 	text_3: text = 'Not at all                                                Very Much'
312.9859 	EXP 	ratingQ: autoDraw = True
312.9859 	EXP 	rating: autoDraw = True
312.9859 	EXP 	text_3: autoDraw = True
317.9562 	EXP 	ratingQ: autoDraw = False
317.9890 	EXP 	ratingQ: autoDraw = False
317.9890 	EXP 	rating: autoDraw = False
317.9890 	EXP 	text_3: autoDraw = False
317.9890 	EXP 	text_2: text = '+'
317.9890 	EXP 	text_2: autoDraw = True
319.9748 	EXP 	New trial (rep=0, index=7): OrderedDict([('Picture', 'FoodPics\\F4H\\pretzel.jpg')])
320.0696 	EXP 	text_2: autoDraw = False
320.0696 	EXP 	Image: size = array([1.5, 1. ])
320.0696 	EXP 	Image: image = 'FoodPics\\F4H\\pretzel.jpg'
320.0696 	EXP 	Image: autoDraw = True
327.9842 	EXP 	RatingScale rating: reset()
327.9984 	EXP 	Image: autoDraw = False
327.9984 	EXP 	ratingQ: text = 'How much are you craving this food?'
327.9984 	EXP 	text_3: text = 'Not at all                                                Very Much'
327.9984 	EXP 	ratingQ: autoDraw = True
327.9984 	EXP 	rating: autoDraw = True
327.9984 	EXP 	text_3: autoDraw = True
332.9861 	EXP 	ratingQ: autoDraw = False
332.9861 	EXP 	rating: autoDraw = False
332.9861 	EXP 	text_3: autoDraw = False
332.9861 	EXP 	text_2: text = '+'
332.9861 	EXP 	text_2: autoDraw = True
334.9718 	EXP 	New trial (rep=0, index=8): OrderedDict([('Picture', 'FoodPics\\F4H\\pretzels.jpg')])
335.0608 	EXP 	text_2: autoDraw = False
335.0608 	EXP 	Image: size = array([1.5, 1. ])
335.0608 	EXP 	Image: image = 'FoodPics\\F4H\\pretzels.jpg'
335.0608 	EXP 	Image: autoDraw = True
342.9796 	EXP 	RatingScale rating: reset()
342.9925 	EXP 	Image: autoDraw = False
342.9925 	EXP 	ratingQ: text = 'How much are you craving this food?'
342.9925 	EXP 	text_3: text = 'Not at all                                                Very Much'
342.9925 	EXP 	ratingQ: autoDraw = True
342.9925 	EXP 	rating: autoDraw = True
342.9925 	EXP 	text_3: autoDraw = True
347.9645 	EXP 	ratingQ: autoDraw = False
347.9970 	EXP 	ratingQ: autoDraw = False
347.9970 	EXP 	rating: autoDraw = False
347.9970 	EXP 	text_3: autoDraw = False
347.9970 	EXP 	text_2: text = '+'
347.9970 	EXP 	text_2: autoDraw = True
349.9829 	EXP 	New trial (rep=0, index=2): OrderedDict([('CueType', 'REGULATE'), ('rows', '004:0014'), ('CueType2', 'REACT')])
349.9991 	EXP 	text_2: autoDraw = False
349.9991 	EXP 	cue: text = 'REGULATE'
349.9991 	EXP 	ISI: text = '+'
349.9991 	EXP 	cue: autoDraw = True
354.9710 	EXP 	ISI: autoDraw = True
355.0042 	EXP 	cue: autoDraw = False
356.9641 	EXP 	Imported FoodReg.csv as conditions, 10 conditions, 1 params
356.9644 	EXP 	Created sequence: random, trialTypes=10, nReps=1, seed=None
356.9646 	EXP 	New trial (rep=0, index=0): OrderedDict([('Picture', 'FoodPics\\F4H\\brownies2.jpg')])
357.0576 	EXP 	ISI: autoDraw = False
357.0576 	EXP 	cue: autoDraw = False
357.0576 	EXP 	ISI: autoDraw = False
357.0576 	EXP 	Image: size = array([1.5, 1. ])
357.0576 	EXP 	Image: image = 'FoodPics\\F4H\\brownies2.jpg'
357.0576 	EXP 	Image: autoDraw = True
364.9803 	EXP 	RatingScale rating: reset()
364.9954 	EXP 	Image: autoDraw = False
364.9954 	EXP 	ratingQ: text = 'How much are you craving this food?'
364.9954 	EXP 	text_3: text = 'Not at all                                                Very Much'
364.9954 	EXP 	ratingQ: autoDraw = True
364.9954 	EXP 	rating: autoDraw = True
364.9954 	EXP 	text_3: autoDraw = True
369.9656 	EXP 	ratingQ: autoDraw = False
369.9987 	EXP 	ratingQ: autoDraw = False
369.9987 	EXP 	rating: autoDraw = False
369.9987 	EXP 	text_3: autoDraw = False
369.9987 	EXP 	text_2: text = '+'
369.9987 	EXP 	text_2: autoDraw = True
371.9680 	EXP 	New trial (rep=0, index=1): OrderedDict([('Picture', 'FoodPics\\F4H\\chips3.jpg')])
372.0616 	EXP 	text_2: autoDraw = False
372.0616 	EXP 	Image: size = array([1.5, 1. ])
372.0616 	EXP 	Image: image = 'FoodPics\\F4H\\chips3.jpg'
372.0616 	EXP 	Image: autoDraw = True
379.9745 	EXP 	RatingScale rating: reset()
379.9915 	EXP 	Image: autoDraw = False
379.9915 	EXP 	ratingQ: text = 'How much are you craving this food?'
379.9915 	EXP 	text_3: text = 'Not at all                                                Very Much'
379.9915 	EXP 	ratingQ: autoDraw = True
379.9915 	EXP 	rating: autoDraw = True
379.9915 	EXP 	text_3: autoDraw = True
384.9620 	EXP 	ratingQ: autoDraw = False
384.9942 	EXP 	ratingQ: autoDraw = False
384.9942 	EXP 	rating: autoDraw = False
384.9942 	EXP 	text_3: autoDraw = False
384.9942 	EXP 	text_2: text = '+'
384.9942 	EXP 	text_2: autoDraw = True
386.9800 	EXP 	New trial (rep=0, index=2): OrderedDict([('Picture', 'FoodPics\\F4H\\cheesepuffs.jpg')])
387.0721 	EXP 	text_2: autoDraw = False
387.0721 	EXP 	Image: size = array([1.5, 1. ])
387.0721 	EXP 	Image: image = 'FoodPics\\F4H\\cheesepuffs.jpg'
387.0721 	EXP 	Image: autoDraw = True
394.9742 	EXP 	RatingScale rating: reset()
394.9873 	EXP 	Image: autoDraw = False
394.9873 	EXP 	ratingQ: text = 'How much are you craving this food?'
394.9873 	EXP 	text_3: text = 'Not at all                                                Very Much'
394.9873 	EXP 	ratingQ: autoDraw = True
394.9873 	EXP 	rating: autoDraw = True
394.9873 	EXP 	text_3: autoDraw = True
399.9738 	EXP 	ratingQ: autoDraw = False
399.9902 	EXP 	ratingQ: autoDraw = False
399.9902 	EXP 	rating: autoDraw = False
399.9902 	EXP 	text_3: autoDraw = False
399.9902 	EXP 	text_2: text = '+'
399.9902 	EXP 	text_2: autoDraw = True
401.9773 	EXP 	New trial (rep=0, index=3): OrderedDict([('Picture', 'FoodPics\\F4H\\chickennuggs.jpg')])
402.0757 	EXP 	text_2: autoDraw = False
402.0757 	EXP 	Image: size = array([1.5, 1. ])
402.0757 	EXP 	Image: image = 'FoodPics\\F4H\\chickennuggs.jpg'
402.0757 	EXP 	Image: autoDraw = True
409.9679 	EXP 	RatingScale rating: reset()
409.9828 	EXP 	Image: autoDraw = False
409.9828 	EXP 	ratingQ: text = 'How much are you craving this food?'
409.9828 	EXP 	text_3: text = 'Not at all                                                Very Much'
409.9828 	EXP 	ratingQ: autoDraw = True
409.9828 	EXP 	rating: autoDraw = True
409.9828 	EXP 	text_3: autoDraw = True
414.9527 	EXP 	ratingQ: autoDraw = False
414.9859 	EXP 	ratingQ: autoDraw = False
414.9859 	EXP 	rating: autoDraw = False
414.9859 	EXP 	text_3: autoDraw = False
414.9859 	EXP 	text_2: text = '+'
414.9859 	EXP 	text_2: autoDraw = True
416.9725 	EXP 	New trial (rep=0, index=4): OrderedDict([('Picture', 'FoodPics\\F4H\\chips.jpg')])
417.0632 	EXP 	text_2: autoDraw = False
417.0632 	EXP 	Image: size = array([1.5, 1. ])
417.0632 	EXP 	Image: image = 'FoodPics\\F4H\\chips.jpg'
417.0632 	EXP 	Image: autoDraw = True
424.9783 	EXP 	RatingScale rating: reset()
424.9954 	EXP 	Image: autoDraw = False
424.9954 	EXP 	ratingQ: text = 'How much are you craving this food?'
424.9954 	EXP 	text_3: text = 'Not at all                                                Very Much'
424.9954 	EXP 	ratingQ: autoDraw = True
424.9954 	EXP 	rating: autoDraw = True
424.9954 	EXP 	text_3: autoDraw = True
429.9664 	EXP 	ratingQ: autoDraw = False
429.9831 	EXP 	ratingQ: autoDraw = False
429.9831 	EXP 	rating: autoDraw = False
429.9831 	EXP 	text_3: autoDraw = False
429.9831 	EXP 	text_2: text = '+'
429.9831 	EXP 	text_2: autoDraw = True
431.9691 	EXP 	New trial (rep=0, index=5): OrderedDict([('Picture', 'FoodPics\\F4H\\chickenkebab.jpg')])
432.0618 	EXP 	text_2: autoDraw = False
432.0618 	EXP 	Image: size = array([1.5, 1. ])
432.0618 	EXP 	Image: image = 'FoodPics\\F4H\\chickenkebab.jpg'
432.0618 	EXP 	Image: autoDraw = True
439.9762 	EXP 	RatingScale rating: reset()
439.9902 	EXP 	Image: autoDraw = False
439.9902 	EXP 	ratingQ: text = 'How much are you craving this food?'
439.9902 	EXP 	text_3: text = 'Not at all                                                Very Much'
439.9902 	EXP 	ratingQ: autoDraw = True
439.9902 	EXP 	rating: autoDraw = True
439.9902 	EXP 	text_3: autoDraw = True
444.9634 	EXP 	ratingQ: autoDraw = False
444.9953 	EXP 	ratingQ: autoDraw = False
444.9953 	EXP 	rating: autoDraw = False
444.9953 	EXP 	text_3: autoDraw = False
444.9953 	EXP 	text_2: text = '+'
444.9953 	EXP 	text_2: autoDraw = True
446.9814 	EXP 	New trial (rep=0, index=6): OrderedDict([('Picture', 'FoodPics\\F4H\\chocballs.jpg')])
447.2728 	EXP 	text_2: autoDraw = False
447.2728 	EXP 	Image: size = array([1.5, 1. ])
447.2728 	EXP 	Image: image = 'FoodPics\\F4H\\chocballs.jpg'
447.2728 	EXP 	Image: autoDraw = True
454.9738 	EXP 	RatingScale rating: reset()
454.9870 	EXP 	Image: autoDraw = False
454.9870 	EXP 	ratingQ: text = 'How much are you craving this food?'
454.9870 	EXP 	text_3: text = 'Not at all                                                Very Much'
454.9870 	EXP 	ratingQ: autoDraw = True
454.9870 	EXP 	rating: autoDraw = True
454.9870 	EXP 	text_3: autoDraw = True
459.9599 	EXP 	ratingQ: autoDraw = False
459.9914 	EXP 	ratingQ: autoDraw = False
459.9914 	EXP 	rating: autoDraw = False
459.9914 	EXP 	text_3: autoDraw = False
459.9914 	EXP 	text_2: text = '+'
459.9914 	EXP 	text_2: autoDraw = True
461.9773 	EXP 	New trial (rep=0, index=7): OrderedDict([('Picture', 'FoodPics\\F4H\\cheese.jpg')])
462.0926 	EXP 	text_2: autoDraw = False
462.0926 	EXP 	Image: size = array([1.5, 1. ])
462.0926 	EXP 	Image: image = 'FoodPics\\F4H\\cheese.jpg'
462.0926 	EXP 	Image: autoDraw = True
469.9697 	EXP 	RatingScale rating: reset()
469.9831 	EXP 	Image: autoDraw = False
469.9831 	EXP 	ratingQ: text = 'How much are you craving this food?'
469.9831 	EXP 	text_3: text = 'Not at all                                                Very Much'
469.9831 	EXP 	ratingQ: autoDraw = True
469.9831 	EXP 	rating: autoDraw = True
469.9831 	EXP 	text_3: autoDraw = True
474.9707 	EXP 	ratingQ: autoDraw = False
474.9873 	EXP 	ratingQ: autoDraw = False
474.9873 	EXP 	rating: autoDraw = False
474.9873 	EXP 	text_3: autoDraw = False
474.9873 	EXP 	text_2: text = '+'
474.9873 	EXP 	text_2: autoDraw = True
476.9728 	EXP 	New trial (rep=0, index=8): OrderedDict([('Picture', 'FoodPics\\F4H\\chips2.jpg')])
477.0640 	EXP 	text_2: autoDraw = False
477.0640 	EXP 	Image: size = array([1.5, 1. ])
477.0640 	EXP 	Image: image = 'FoodPics\\F4H\\chips2.jpg'
477.0640 	EXP 	Image: autoDraw = True
484.9834 	EXP 	RatingScale rating: reset()
484.9936 	EXP 	Image: autoDraw = False
484.9936 	EXP 	ratingQ: text = 'How much are you craving this food?'
484.9936 	EXP 	text_3: text = 'Not at all                                                Very Much'
484.9936 	EXP 	ratingQ: autoDraw = True
484.9936 	EXP 	rating: autoDraw = True
484.9936 	EXP 	text_3: autoDraw = True
489.9813 	EXP 	ratingQ: autoDraw = False
489.9994 	EXP 	ratingQ: autoDraw = False
489.9994 	EXP 	rating: autoDraw = False
489.9994 	EXP 	text_3: autoDraw = False
489.9994 	EXP 	text_2: text = '+'
489.9994 	EXP 	text_2: autoDraw = True
491.9684 	EXP 	New trial (rep=0, index=9): OrderedDict([('Picture', 'FoodPics\\F4H\\cakes.jpg')])
492.0599 	EXP 	text_2: autoDraw = False
492.0599 	EXP 	Image: size = array([1.5, 1. ])
492.0599 	EXP 	Image: image = 'FoodPics\\F4H\\cakes.jpg'
492.0599 	EXP 	Image: autoDraw = True
499.9768 	EXP 	RatingScale rating: reset()
499.9915 	EXP 	Image: autoDraw = False
499.9915 	EXP 	ratingQ: text = 'How much are you craving this food?'
499.9915 	EXP 	text_3: text = 'Not at all                                                Very Much'
499.9915 	EXP 	ratingQ: autoDraw = True
499.9915 	EXP 	rating: autoDraw = True
499.9915 	EXP 	text_3: autoDraw = True
504.9630 	EXP 	ratingQ: autoDraw = False
504.9955 	EXP 	ratingQ: autoDraw = False
504.9955 	EXP 	rating: autoDraw = False
504.9955 	EXP 	text_3: autoDraw = False
504.9955 	EXP 	text_2: text = '+'
504.9955 	EXP 	text_2: autoDraw = True
506.9807 	EXP 	New trial (rep=0, index=3): OrderedDict([('CueType', 'REACT'), ('rows', '0025:0034'), ('CueType2', 'REGULATE')])
506.9951 	EXP 	text_2: autoDraw = False
506.9951 	EXP 	cue: text = 'REACT'
506.9951 	EXP 	ISI: text = '+'
506.9951 	EXP 	cue: autoDraw = True
511.9833 	EXP 	ISI: autoDraw = True
512.0000 	EXP 	cue: autoDraw = False
513.9762 	EXP 	Imported FoodReg.csv as conditions, 9 conditions, 1 params
513.9764 	EXP 	Created sequence: random, trialTypes=9, nReps=1, seed=None
513.9766 	EXP 	New trial (rep=0, index=0): OrderedDict([('Picture', 'FoodPics\\F4H\\gummybears.jpg')])
514.0690 	EXP 	cue: autoDraw = False
514.0690 	EXP 	ISI: autoDraw = False
514.0690 	EXP 	Image: size = array([1.5, 1. ])
514.0690 	EXP 	Image: image = 'FoodPics\\F4H\\gummybears.jpg'
514.0690 	EXP 	Image: autoDraw = True
521.9771 	EXP 	RatingScale rating: reset()
521.9928 	EXP 	Image: autoDraw = False
521.9928 	EXP 	ratingQ: text = 'How much are you craving this food?'
521.9928 	EXP 	text_3: text = 'Not at all                                                Very Much'
521.9928 	EXP 	ratingQ: autoDraw = True
521.9928 	EXP 	rating: autoDraw = True
521.9928 	EXP 	text_3: autoDraw = True
526.9628 	EXP 	ratingQ: autoDraw = False
526.9958 	EXP 	ratingQ: autoDraw = False
526.9958 	EXP 	rating: autoDraw = False
526.9958 	EXP 	text_3: autoDraw = False
526.9958 	EXP 	text_2: text = '+'
526.9958 	EXP 	text_2: autoDraw = True
528.9816 	EXP 	New trial (rep=0, index=1): OrderedDict([('Picture', 'FoodPics\\F4H\\hamburgers.jpg')])
529.0574 	EXP 	text_2: autoDraw = False
529.0574 	EXP 	Image: size = array([1.5, 1. ])
529.0574 	EXP 	Image: image = 'FoodPics\\F4H\\hamburgers.jpg'
529.0574 	EXP 	Image: autoDraw = True
536.9719 	EXP 	RatingScale rating: reset()
536.9875 	EXP 	Image: autoDraw = False
536.9875 	EXP 	ratingQ: text = 'How much are you craving this food?'
536.9875 	EXP 	text_3: text = 'Not at all                                                Very Much'
536.9875 	EXP 	ratingQ: autoDraw = True
536.9875 	EXP 	rating: autoDraw = True
536.9875 	EXP 	text_3: autoDraw = True
541.9600 	EXP 	ratingQ: autoDraw = False
541.9912 	EXP 	ratingQ: autoDraw = False
541.9912 	EXP 	rating: autoDraw = False
541.9912 	EXP 	text_3: autoDraw = False
541.9912 	EXP 	text_2: text = '+'
541.9912 	EXP 	text_2: autoDraw = True
543.9772 	EXP 	New trial (rep=0, index=2): OrderedDict([('Picture', 'FoodPics\\F4H\\marshmallows.jpg')])
544.0541 	EXP 	text_2: autoDraw = False
544.0541 	EXP 	Image: size = array([1.5, 1. ])
544.0541 	EXP 	Image: image = 'FoodPics\\F4H\\marshmallows.jpg'
544.0541 	EXP 	Image: autoDraw = True
551.9679 	EXP 	RatingScale rating: reset()
551.9831 	EXP 	Image: autoDraw = False
551.9831 	EXP 	ratingQ: text = 'How much are you craving this food?'
551.9831 	EXP 	text_3: text = 'Not at all                                                Very Much'
551.9831 	EXP 	ratingQ: autoDraw = True
551.9831 	EXP 	rating: autoDraw = True
551.9831 	EXP 	text_3: autoDraw = True
556.9549 	EXP 	ratingQ: autoDraw = False
556.9873 	EXP 	ratingQ: autoDraw = False
556.9873 	EXP 	rating: autoDraw = False
556.9873 	EXP 	text_3: autoDraw = False
556.9873 	EXP 	text_2: text = '+'
556.9873 	EXP 	text_2: autoDraw = True
558.9728 	EXP 	New trial (rep=0, index=3): OrderedDict([('Picture', 'FoodPics\\F4H\\fruittart.jpg')])
559.0494 	EXP 	text_2: autoDraw = False
559.0494 	EXP 	Image: size = array([1.5, 1. ])
559.0494 	EXP 	Image: image = 'FoodPics\\F4H\\fruittart.jpg'
559.0494 	EXP 	Image: autoDraw = True
566.9794 	EXP 	RatingScale rating: reset()
566.9953 	EXP 	Image: autoDraw = False
566.9953 	EXP 	ratingQ: text = 'How much are you craving this food?'
566.9953 	EXP 	text_3: text = 'Not at all                                                Very Much'
566.9953 	EXP 	ratingQ: autoDraw = True
566.9953 	EXP 	rating: autoDraw = True
566.9953 	EXP 	text_3: autoDraw = True
571.9666 	EXP 	ratingQ: autoDraw = False
571.9831 	EXP 	ratingQ: autoDraw = False
571.9831 	EXP 	rating: autoDraw = False
571.9831 	EXP 	text_3: autoDraw = False
571.9831 	EXP 	text_2: text = '+'
571.9831 	EXP 	text_2: autoDraw = True
573.9690 	EXP 	New trial (rep=0, index=4): OrderedDict([('Picture', 'FoodPics\\F4H\\fries.jpg')])
574.0441 	EXP 	text_2: autoDraw = False
574.0441 	EXP 	Image: size = array([1.5, 1. ])
574.0441 	EXP 	Image: image = 'FoodPics\\F4H\\fries.jpg'
574.0441 	EXP 	Image: autoDraw = True
581.9758 	EXP 	RatingScale rating: reset()
581.9913 	EXP 	Image: autoDraw = False
581.9913 	EXP 	ratingQ: text = 'How much are you craving this food?'
581.9913 	EXP 	text_3: text = 'Not at all                                                Very Much'
581.9913 	EXP 	ratingQ: autoDraw = True
581.9913 	EXP 	rating: autoDraw = True
581.9913 	EXP 	text_3: autoDraw = True
586.9665 	EXP 	ratingQ: autoDraw = False
586.9813 	EXP 	ratingQ: autoDraw = False
586.9813 	EXP 	rating: autoDraw = False
586.9813 	EXP 	text_3: autoDraw = False
586.9813 	EXP 	text_2: text = '+'
586.9813 	EXP 	text_2: autoDraw = True
588.9661 	EXP 	New trial (rep=0, index=5): OrderedDict([('Picture', 'FoodPics\\F4H\\doritos.jpg')])
589.0437 	EXP 	text_2: autoDraw = False
589.0437 	EXP 	text_2: autoDraw = False
589.0437 	EXP 	Image: size = array([1.5, 1. ])
589.0437 	EXP 	Image: image = 'FoodPics\\F4H\\doritos.jpg'
589.0437 	EXP 	Image: autoDraw = True
596.9747 	EXP 	RatingScale rating: reset()
596.9866 	EXP 	Image: autoDraw = False
596.9866 	EXP 	ratingQ: text = 'How much are you craving this food?'
596.9866 	EXP 	text_3: text = 'Not at all                                                Very Much'
596.9866 	EXP 	ratingQ: autoDraw = True
596.9866 	EXP 	rating: autoDraw = True
596.9866 	EXP 	text_3: autoDraw = True
601.9741 	EXP 	ratingQ: autoDraw = False
601.9935 	EXP 	ratingQ: autoDraw = False
601.9935 	EXP 	rating: autoDraw = False
601.9935 	EXP 	text_3: autoDraw = False
601.9935 	EXP 	text_2: text = '+'
601.9935 	EXP 	text_2: autoDraw = True
603.9763 	EXP 	New trial (rep=0, index=6): OrderedDict([('Picture', 'FoodPics\\F4H\\icecream.jpg')])
604.0540 	EXP 	text_2: autoDraw = False
604.0540 	EXP 	Image: size = array([1.5, 1. ])
604.0540 	EXP 	Image: image = 'FoodPics\\F4H\\icecream.jpg'
604.0540 	EXP 	Image: autoDraw = True
611.9674 	EXP 	RatingScale rating: reset()
611.9825 	EXP 	Image: autoDraw = False
611.9825 	EXP 	ratingQ: text = 'How much are you craving this food?'
611.9825 	EXP 	text_3: text = 'Not at all                                                Very Much'
611.9825 	EXP 	ratingQ: autoDraw = True
611.9825 	EXP 	rating: autoDraw = True
611.9825 	EXP 	text_3: autoDraw = True
616.9535 	EXP 	ratingQ: autoDraw = False
616.9870 	EXP 	ratingQ: autoDraw = False
616.9870 	EXP 	rating: autoDraw = False
616.9870 	EXP 	text_3: autoDraw = False
616.9870 	EXP 	text_2: text = '+'
616.9870 	EXP 	text_2: autoDraw = True
618.9722 	EXP 	New trial (rep=0, index=7): OrderedDict([('Picture', 'FoodPics\\F4H\\grapefruit.jpg')])
619.0506 	EXP 	text_2: autoDraw = False
619.0506 	EXP 	Image: size = array([1.5, 1. ])
619.0506 	EXP 	Image: image = 'FoodPics\\F4H\\grapefruit.jpg'
619.0506 	EXP 	Image: autoDraw = True
626.9805 	EXP 	RatingScale rating: reset()
626.9951 	EXP 	Image: autoDraw = False
626.9951 	EXP 	ratingQ: text = 'How much are you craving this food?'
626.9951 	EXP 	text_3: text = 'Not at all                                                Very Much'
626.9951 	EXP 	ratingQ: autoDraw = True
626.9951 	EXP 	rating: autoDraw = True
626.9951 	EXP 	text_3: autoDraw = True
631.9658 	EXP 	ratingQ: autoDraw = False
631.9996 	EXP 	ratingQ: autoDraw = False
631.9996 	EXP 	rating: autoDraw = False
631.9996 	EXP 	text_3: autoDraw = False
631.9996 	EXP 	text_2: text = '+'
631.9996 	EXP 	text_2: autoDraw = True
633.9688 	EXP 	New trial (rep=0, index=8): OrderedDict([('Picture', 'FoodPics\\F4H\\kitkat.jpg')])
634.0508 	EXP 	text_2: autoDraw = False
634.0508 	EXP 	Image: size = array([1.5, 1. ])
634.0508 	EXP 	Image: image = 'FoodPics\\F4H\\kitkat.jpg'
634.0508 	EXP 	Image: autoDraw = True
641.9768 	EXP 	RatingScale rating: reset()
641.9906 	EXP 	Image: autoDraw = False
641.9906 	EXP 	ratingQ: text = 'How much are you craving this food?'
641.9906 	EXP 	text_3: text = 'Not at all                                                Very Much'
641.9906 	EXP 	ratingQ: autoDraw = True
641.9906 	EXP 	rating: autoDraw = True
641.9906 	EXP 	text_3: autoDraw = True
646.9629 	EXP 	ratingQ: autoDraw = False
646.9954 	EXP 	ratingQ: autoDraw = False
646.9954 	EXP 	rating: autoDraw = False
646.9954 	EXP 	text_3: autoDraw = False
646.9954 	EXP 	text_2: text = '+'
646.9954 	EXP 	text_2: autoDraw = True
648.9802 	EXP 	New trial (rep=0, index=4): OrderedDict([('CueType', 'REACT'), ('rows', '0015:0024'), ('CueType2', 'REGULATE')])
648.9966 	EXP 	text_2: autoDraw = False
648.9966 	EXP 	cue: text = 'REACT'
648.9966 	EXP 	ISI: text = '+'
648.9966 	EXP 	cue: autoDraw = True
653.9675 	EXP 	ISI: autoDraw = True
654.0008 	EXP 	cue: autoDraw = False
655.9624 	EXP 	Imported FoodReg.csv as conditions, 9 conditions, 1 params
655.9626 	EXP 	Created sequence: random, trialTypes=9, nReps=1, seed=None
655.9627 	EXP 	New trial (rep=0, index=0): OrderedDict([('Picture', 'FoodPics\\F4H\\donuts.jpg')])
656.0636 	EXP 	ISI: autoDraw = False
656.0636 	EXP 	cue: autoDraw = False
656.0636 	EXP 	ISI: autoDraw = False
656.0636 	EXP 	Image: size = array([1.5, 1. ])
656.0636 	EXP 	Image: image = 'FoodPics\\F4H\\donuts.jpg'
656.0636 	EXP 	Image: autoDraw = True
663.9772 	EXP 	RatingScale rating: reset()
663.9928 	EXP 	Image: autoDraw = False
663.9928 	EXP 	ratingQ: text = 'How much are you craving this food?'
663.9928 	EXP 	text_3: text = 'Not at all                                                Very Much'
663.9928 	EXP 	ratingQ: autoDraw = True
663.9928 	EXP 	rating: autoDraw = True
663.9928 	EXP 	text_3: autoDraw = True
668.9634 	EXP 	ratingQ: autoDraw = False
668.9963 	EXP 	ratingQ: autoDraw = False
668.9963 	EXP 	rating: autoDraw = False
668.9963 	EXP 	text_3: autoDraw = False
668.9963 	EXP 	text_2: text = '+'
668.9963 	EXP 	text_2: autoDraw = True
670.9698 	EXP 	New trial (rep=0, index=1): OrderedDict([('Picture', 'FoodPics\\F4H\\croissant.jpg')])
671.0752 	EXP 	text_2: autoDraw = False
671.0752 	EXP 	Image: size = array([1.5, 1. ])
671.0752 	EXP 	Image: image = 'FoodPics\\F4H\\croissant.jpg'
671.0752 	EXP 	Image: autoDraw = True
678.9724 	EXP 	RatingScale rating: reset()
678.9881 	EXP 	Image: autoDraw = False
678.9881 	EXP 	ratingQ: text = 'How much are you craving this food?'
678.9881 	EXP 	text_3: text = 'Not at all                                                Very Much'
678.9881 	EXP 	ratingQ: autoDraw = True
678.9881 	EXP 	rating: autoDraw = True
678.9881 	EXP 	text_3: autoDraw = True
683.9602 	EXP 	ratingQ: autoDraw = False
683.9924 	EXP 	ratingQ: autoDraw = False
683.9924 	EXP 	rating: autoDraw = False
683.9924 	EXP 	text_3: autoDraw = False
683.9924 	EXP 	text_2: text = '+'
683.9924 	EXP 	text_2: autoDraw = True
685.9777 	EXP 	New trial (rep=0, index=2): OrderedDict([('Picture', 'FoodPics\\F4H\\chocolate2.jpg')])
686.0510 	EXP 	text_2: autoDraw = False
686.0510 	EXP 	Image: size = array([1.5, 1. ])
686.0510 	EXP 	Image: image = 'FoodPics\\F4H\\chocolate2.jpg'
686.0510 	EXP 	Image: autoDraw = True
693.9682 	EXP 	RatingScale rating: reset()
693.9869 	EXP 	Image: autoDraw = False
693.9869 	EXP 	ratingQ: text = 'How much are you craving this food?'
693.9869 	EXP 	text_3: text = 'Not at all                                                Very Much'
693.9869 	EXP 	ratingQ: autoDraw = True
693.9869 	EXP 	rating: autoDraw = True
693.9869 	EXP 	text_3: autoDraw = True
698.9597 	EXP 	ratingQ: autoDraw = False
698.9910 	EXP 	ratingQ: autoDraw = False
698.9910 	EXP 	rating: autoDraw = False
698.9910 	EXP 	text_3: autoDraw = False
698.9910 	EXP 	text_2: text = '+'
698.9910 	EXP 	text_2: autoDraw = True
700.9733 	EXP 	New trial (rep=0, index=3): OrderedDict([('Picture', 'FoodPics\\F4H\\donutes.jpg')])
701.0520 	EXP 	text_2: autoDraw = False
701.0520 	EXP 	Image: size = array([1.5, 1. ])
701.0520 	EXP 	Image: image = 'FoodPics\\F4H\\donutes.jpg'
701.0520 	EXP 	Image: autoDraw = True
708.9811 	EXP 	RatingScale rating: reset()
708.9971 	EXP 	Image: autoDraw = False
708.9971 	EXP 	ratingQ: text = 'How much are you craving this food?'
708.9971 	EXP 	text_3: text = 'Not at all                                                Very Much'
708.9971 	EXP 	ratingQ: autoDraw = True
708.9971 	EXP 	rating: autoDraw = True
708.9971 	EXP 	text_3: autoDraw = True
713.9688 	EXP 	ratingQ: autoDraw = False
713.9843 	EXP 	ratingQ: autoDraw = False
713.9843 	EXP 	rating: autoDraw = False
713.9843 	EXP 	text_3: autoDraw = False
713.9843 	EXP 	text_2: text = '+'
713.9843 	EXP 	text_2: autoDraw = True
715.9694 	EXP 	New trial (rep=0, index=4): OrderedDict([('Picture', 'FoodPics\\F4H\\cookies.jpg')])
716.0470 	EXP 	text_2: autoDraw = False
716.0470 	EXP 	Image: size = array([1.5, 1. ])
716.0470 	EXP 	Image: image = 'FoodPics\\F4H\\cookies.jpg'
716.0470 	EXP 	Image: autoDraw = True
723.9763 	EXP 	RatingScale rating: reset()
723.9921 	EXP 	Image: autoDraw = False
723.9921 	EXP 	ratingQ: text = 'How much are you craving this food?'
723.9921 	EXP 	text_3: text = 'Not at all                                                Very Much'
723.9921 	EXP 	ratingQ: autoDraw = True
723.9921 	EXP 	rating: autoDraw = True
723.9921 	EXP 	text_3: autoDraw = True
728.9631 	EXP 	ratingQ: autoDraw = False
728.9963 	EXP 	ratingQ: autoDraw = False
728.9963 	EXP 	rating: autoDraw = False
728.9963 	EXP 	text_3: autoDraw = False
728.9963 	EXP 	text_2: text = '+'
728.9963 	EXP 	text_2: autoDraw = True
730.9818 	EXP 	New trial (rep=0, index=5): OrderedDict([('Picture', 'FoodPics\\F4H\\empanadas.jpg')])
731.2228 	EXP 	text_2: autoDraw = False
731.2228 	EXP 	Image: size = array([1.5, 1. ])
731.2228 	EXP 	Image: image = 'FoodPics\\F4H\\empanadas.jpg'
731.2228 	EXP 	Image: autoDraw = True
738.9724 	EXP 	RatingScale rating: reset()
738.9878 	EXP 	Image: autoDraw = False
738.9878 	EXP 	ratingQ: text = 'How much are you craving this food?'
738.9878 	EXP 	text_3: text = 'Not at all                                                Very Much'
738.9878 	EXP 	ratingQ: autoDraw = True
738.9878 	EXP 	rating: autoDraw = True
738.9878 	EXP 	text_3: autoDraw = True
743.9606 	EXP 	ratingQ: autoDraw = False
743.9919 	EXP 	ratingQ: autoDraw = False
743.9919 	EXP 	rating: autoDraw = False
743.9919 	EXP 	text_3: autoDraw = False
743.9919 	EXP 	text_2: text = '+'
743.9919 	EXP 	text_2: autoDraw = True
745.9774 	EXP 	New trial (rep=0, index=6): OrderedDict([('Picture', 'FoodPics\\F4H\\cake.jpg')])
746.2044 	EXP 	text_2: autoDraw = False
746.2044 	EXP 	Image: size = array([1.5, 1. ])
746.2044 	EXP 	Image: image = 'FoodPics\\F4H\\cake.jpg'
746.2044 	EXP 	Image: autoDraw = True
753.9690 	EXP 	RatingScale rating: reset()
753.9836 	EXP 	Image: autoDraw = False
753.9836 	EXP 	ratingQ: text = 'How much are you craving this food?'
753.9836 	EXP 	text_3: text = 'Not at all                                                Very Much'
753.9836 	EXP 	ratingQ: autoDraw = True
753.9836 	EXP 	rating: autoDraw = True
753.9836 	EXP 	text_3: autoDraw = True
758.9550 	EXP 	ratingQ: autoDraw = False
758.9878 	EXP 	ratingQ: autoDraw = False
758.9878 	EXP 	rating: autoDraw = False
758.9878 	EXP 	text_3: autoDraw = False
758.9878 	EXP 	text_2: text = '+'
758.9878 	EXP 	text_2: autoDraw = True
760.9732 	EXP 	New trial (rep=0, index=7): OrderedDict([('Picture', 'FoodPics\\F4H\\cracker.jpg')])
761.2081 	EXP 	text_2: autoDraw = False
761.2081 	EXP 	Image: size = array([1.5, 1. ])
761.2081 	EXP 	Image: image = 'FoodPics\\F4H\\cracker.jpg'
761.2081 	EXP 	Image: autoDraw = True
768.9802 	EXP 	RatingScale rating: reset()
768.9961 	EXP 	Image: autoDraw = False
768.9961 	EXP 	ratingQ: text = 'How much are you craving this food?'
768.9961 	EXP 	text_3: text = 'Not at all                                                Very Much'
768.9961 	EXP 	ratingQ: autoDraw = True
768.9961 	EXP 	rating: autoDraw = True
768.9961 	EXP 	text_3: autoDraw = True
773.9673 	EXP 	ratingQ: autoDraw = False
773.9837 	EXP 	ratingQ: autoDraw = False
773.9837 	EXP 	rating: autoDraw = False
773.9837 	EXP 	text_3: autoDraw = False
773.9837 	EXP 	text_2: text = '+'
773.9837 	EXP 	text_2: autoDraw = True
775.9689 	EXP 	New trial (rep=0, index=8): OrderedDict([('Picture', 'FoodPics\\F4H\\chocolates.jpg')])
776.0487 	EXP 	text_2: autoDraw = False
776.0487 	EXP 	Image: size = array([1.5, 1. ])
776.0487 	EXP 	Image: image = 'FoodPics\\F4H\\chocolates.jpg'
776.0487 	EXP 	Image: autoDraw = True
783.9765 	EXP 	RatingScale rating: reset()
783.9918 	EXP 	Image: autoDraw = False
783.9918 	EXP 	ratingQ: text = 'How much are you craving this food?'
783.9918 	EXP 	text_3: text = 'Not at all                                                Very Much'
783.9918 	EXP 	ratingQ: autoDraw = True
783.9918 	EXP 	rating: autoDraw = True
783.9918 	EXP 	text_3: autoDraw = True
788.9629 	EXP 	ratingQ: autoDraw = False
788.9961 	EXP 	ratingQ: autoDraw = False
788.9961 	EXP 	rating: autoDraw = False
788.9961 	EXP 	text_3: autoDraw = False
788.9961 	EXP 	text_2: text = '+'
788.9961 	EXP 	text_2: autoDraw = True
790.9812 	EXP 	New trial (rep=0, index=5): OrderedDict([('CueType', 'REACT'), ('rows', '0055:0064'), ('CueType2', 'REGULATE')])
790.9977 	EXP 	text_2: autoDraw = False
790.9977 	EXP 	cue: text = 'REACT'
790.9977 	EXP 	ISI: text = '+'
790.9977 	EXP 	cue: autoDraw = True
795.9759 	EXP 	ISI: autoDraw = True
796.0047 	EXP 	cue: autoDraw = False
797.9760 	EXP 	Imported FoodReg.csv as conditions, 8 conditions, 1 params
797.9762 	EXP 	Created sequence: random, trialTypes=8, nReps=1, seed=None
797.9764 	EXP 	New trial (rep=0, index=0): OrderedDict([('Picture', 'FoodPics\\F4H\\grapes.jpg')])
798.2378 	EXP 	cue: autoDraw = False
798.2378 	EXP 	ISI: autoDraw = False
798.2378 	EXP 	Image: size = array([1.5, 1. ])
798.2378 	EXP 	Image: image = 'FoodPics\\F4H\\grapes.jpg'
798.2378 	EXP 	Image: autoDraw = True
805.9778 	EXP 	RatingScale rating: reset()
805.9947 	EXP 	Image: autoDraw = False
805.9947 	EXP 	ratingQ: text = 'How much are you craving this food?'
805.9947 	EXP 	text_3: text = 'Not at all                                                Very Much'
805.9947 	EXP 	ratingQ: autoDraw = True
805.9947 	EXP 	rating: autoDraw = True
805.9947 	EXP 	text_3: autoDraw = True
810.9651 	EXP 	ratingQ: autoDraw = False
810.9978 	EXP 	ratingQ: autoDraw = False
810.9978 	EXP 	rating: autoDraw = False
810.9978 	EXP 	text_3: autoDraw = False
810.9978 	EXP 	text_2: text = '+'
810.9978 	EXP 	text_2: autoDraw = True
812.9831 	EXP 	New trial (rep=0, index=1): OrderedDict([('Picture', 'FoodPics\\F4H\\icecream2.jpg')])
813.0655 	EXP 	text_2: autoDraw = False
813.0655 	EXP 	Image: size = array([1.5, 1. ])
813.0655 	EXP 	Image: image = 'FoodPics\\F4H\\icecream2.jpg'
813.0655 	EXP 	Image: autoDraw = True
820.9735 	EXP 	RatingScale rating: reset()
820.9898 	EXP 	Image: autoDraw = False
820.9898 	EXP 	ratingQ: text = 'How much are you craving this food?'
820.9898 	EXP 	text_3: text = 'Not at all                                                Very Much'
820.9898 	EXP 	ratingQ: autoDraw = True
820.9898 	EXP 	rating: autoDraw = True
820.9898 	EXP 	text_3: autoDraw = True
825.9615 	EXP 	ratingQ: autoDraw = False
825.9936 	EXP 	ratingQ: autoDraw = False
825.9936 	EXP 	rating: autoDraw = False
825.9936 	EXP 	text_3: autoDraw = False
825.9936 	EXP 	text_2: text = '+'
825.9936 	EXP 	text_2: autoDraw = True
827.9792 	EXP 	New trial (rep=0, index=2): OrderedDict([('Picture', 'FoodPics\\F4H\\cornbread.jpg')])
828.0576 	EXP 	text_2: autoDraw = False
828.0576 	EXP 	Image: size = array([1.5, 1. ])
828.0576 	EXP 	Image: image = 'FoodPics\\F4H\\cornbread.jpg'
828.0576 	EXP 	Image: autoDraw = True
835.9701 	EXP 	RatingScale rating: reset()
835.9858 	EXP 	Image: autoDraw = False
835.9858 	EXP 	ratingQ: text = 'How much are you craving this food?'
835.9858 	EXP 	text_3: text = 'Not at all                                                Very Much'
835.9858 	EXP 	ratingQ: autoDraw = True
835.9858 	EXP 	rating: autoDraw = True
835.9858 	EXP 	text_3: autoDraw = True
840.9571 	EXP 	ratingQ: autoDraw = False
840.9895 	EXP 	ratingQ: autoDraw = False
840.9895 	EXP 	rating: autoDraw = False
840.9895 	EXP 	text_3: autoDraw = False
840.9895 	EXP 	text_2: text = '+'
840.9895 	EXP 	text_2: autoDraw = True
842.9747 	EXP 	New trial (rep=0, index=3): OrderedDict([('Picture', 'FoodPics\\F4H\\sushi2.jpg')])
843.0520 	EXP 	text_2: autoDraw = False
843.0520 	EXP 	Image: size = array([1.5, 1. ])
843.0520 	EXP 	Image: image = 'FoodPics\\F4H\\sushi2.jpg'
843.0520 	EXP 	Image: autoDraw = True
850.9817 	EXP 	RatingScale rating: reset()
850.9976 	EXP 	Image: autoDraw = False
850.9976 	EXP 	ratingQ: text = 'How much are you craving this food?'
850.9976 	EXP 	text_3: text = 'Not at all                                                Very Much'
850.9976 	EXP 	ratingQ: autoDraw = True
850.9976 	EXP 	rating: autoDraw = True
850.9976 	EXP 	text_3: autoDraw = True
855.9686 	EXP 	ratingQ: autoDraw = False
855.9852 	EXP 	ratingQ: autoDraw = False
855.9852 	EXP 	rating: autoDraw = False
855.9852 	EXP 	text_3: autoDraw = False
855.9852 	EXP 	text_2: text = '+'
855.9852 	EXP 	text_2: autoDraw = True
857.9706 	EXP 	New trial (rep=0, index=4): OrderedDict([('Picture', 'FoodPics\\F4H\\croissants.jpg')])
858.0495 	EXP 	text_2: autoDraw = False
858.0495 	EXP 	Image: size = array([1.5, 1. ])
858.0495 	EXP 	Image: image = 'FoodPics\\F4H\\croissants.jpg'
858.0495 	EXP 	Image: autoDraw = True
865.9722 	EXP 	RatingScale rating: reset()
865.9835 	EXP 	Image: autoDraw = False
865.9835 	EXP 	ratingQ: text = 'How much are you craving this food?'
865.9835 	EXP 	text_3: text = 'Not at all                                                Very Much'
865.9835 	EXP 	ratingQ: autoDraw = True
865.9835 	EXP 	rating: autoDraw = True
865.9835 	EXP 	text_3: autoDraw = True
870.9638 	EXP 	ratingQ: autoDraw = False
870.9975 	EXP 	ratingQ: autoDraw = False
870.9975 	EXP 	rating: autoDraw = False
870.9975 	EXP 	text_3: autoDraw = False
870.9975 	EXP 	text_2: text = '+'
870.9975 	EXP 	text_2: autoDraw = True
872.9832 	EXP 	New trial (rep=0, index=5): OrderedDict([('Picture', 'FoodPics\\F4H\\muffins2.jpg')])
873.0702 	EXP 	text_2: autoDraw = False
873.0702 	EXP 	Image: size = array([1.5, 1. ])
873.0702 	EXP 	Image: image = 'FoodPics\\F4H\\muffins2.jpg'
873.0702 	EXP 	Image: autoDraw = True
880.9745 	EXP 	RatingScale rating: reset()
880.9900 	EXP 	Image: autoDraw = False
880.9900 	EXP 	ratingQ: text = 'How much are you craving this food?'
880.9900 	EXP 	text_3: text = 'Not at all                                                Very Much'
880.9900 	EXP 	ratingQ: autoDraw = True
880.9900 	EXP 	rating: autoDraw = True
880.9900 	EXP 	text_3: autoDraw = True
885.9650 	EXP 	ratingQ: autoDraw = False
885.9982 	EXP 	ratingQ: autoDraw = False
885.9982 	EXP 	rating: autoDraw = False
885.9982 	EXP 	text_3: autoDraw = False
885.9982 	EXP 	text_2: text = '+'
885.9982 	EXP 	text_2: autoDraw = True
887.9801 	EXP 	New trial (rep=0, index=6): OrderedDict([('Picture', 'FoodPics\\F4H\\turnover.jpg')])
887.9811 	ERROR 	Couldn't find image FoodPics\F4H\turnover.jpg; check path? (tried: C:\Users\tul00635\Documents\GitHub\Self-Regulation-Psychopy-Files\FoodRegulation\FoodPics\F4H\turnover.jpg)
888.0362 	EXP 	window1: mouseVisible = True
