6.6491 	WARNING 	User requested fullscreen with size [1024  768], but screen is actually [1920, 1200]. Using actual size
7.4743 	EXP 	Created window1 = Window(allowGUI=True, allowStencil=False, args=UNKNOWN, autoLog=True, bitsMode=UNKNOWN, blendMode='avg', color=array([0., 0., 0.]), colorSpace='rgb', fullscr=<method-wrapper '__getattribute__' of attributeSetter object at 0x000002210BFB16A0>, gamma=None, gammaErrorPolicy='raise', kwargs=UNKNOWN, lms=UNKNOWN, monitor=<psychopy.monitors.calibTools.Monitor object at 0x000002210C04BE80>, multiSample=False, name='window1', numSamples=2, pos=[0.0, 0.0], screen=0, size=array([1920, 1200]), stereo=False, units='height', useFBO=True, useRetina=False, viewOri=0.0, viewPos=None, viewScale=None, waitBlanking=True, winType='pyglet')
7.4743 	EXP 	window1: recordFrameIntervals = False
7.6403 	EXP 	window1: recordFrameIntervals = True
7.8238 	EXP 	window1: recordFrameIntervals = False
8.0403 	EXP 	Created Instructions = TextStim(__class__=<class 'psychopy.visual.text.TextStim'>, alignHoriz='center', alignVert='center', antialias=True, autoLog=True, bold=False, color='white', colorSpace='named', contrast=1.0, depth=0.0, flipHoriz=False, flipVert=False, font='Arial', fontFiles=[], height=0.06, italic=False, languageStyle='LTR', name='Instructions', opacity=1.0, ori=0, pos=array([0., 0.]), rgb=array([255., 255., 255.]), text=str(...), units='height', win=Window(...), wrapWidth=1.45)
8.0631 	EXP 	Created cue = TextStim(__class__=<class 'psychopy.visual.text.TextStim'>, alignHoriz='center', alignVert='center', antialias=True, autoLog=True, bold=False, color='white', colorSpace='named', contrast=1.0, depth=0.0, flipHoriz=False, flipVert=False, font='Arial', fontFiles=[], height=0.12, italic=False, languageStyle='LTR', name='cue', opacity=1.0, ori=0, pos=array([0., 0.]), rgb=array([255., 255., 255.]), text='default text', units='height', win=Window(...), wrapWidth=1)
8.0814 	EXP 	Created ISI = TextStim(__class__=<class 'psychopy.visual.text.TextStim'>, alignHoriz='center', alignVert='center', antialias=True, autoLog=True, bold=False, color='white', colorSpace='named', contrast=1.0, depth=-1.0, flipHoriz=False, flipVert=False, font='Arial', fontFiles=[], height=0.1, italic=False, languageStyle='LTR', name='ISI', opacity=1.0, ori=0, pos=array([0., 0.]), rgb=array([255., 255., 255.]), text='default text', units='height', win=Window(...), wrapWidth=1)
8.0838 	EXP 	Created Image = ImageStim(__class__=<class 'psychopy.visual.image.ImageStim'>, autoLog=True, color=array([1., 1., 1.]), colorSpace='rgb', contrast=1.0, depth=0.0, flipHoriz=False, flipVert=False, image='sin', interpolate=True, mask=None, maskParams=None, name='Image', opacity=1.0, ori=0.0, pos=array([0., 0.]), size=array([1., 1.]), texRes=128, units='height', win=Window(...))
8.0964 	EXP 	Created ratingQ = TextStim(__class__=<class 'psychopy.visual.text.TextStim'>, alignHoriz='center', alignVert='center', antialias=True, autoLog=True, bold=False, color='white', colorSpace='named', contrast=1.0, depth=0.0, flipHoriz=False, flipVert=False, font='Arial', fontFiles=[], height=0.07, italic=False, languageStyle='LTR', name='ratingQ', opacity=1.0, ori=0, pos=array([0.  , 0.15]), rgb=array([255., 255., 255.]), text='default text', units='height', win=Window(...), wrapWidth=1.3)
8.1454 	EXP 	Created rating = RatingScale(__class__=type(...), acceptKeys=['return'], acceptPreText=UNKNOWN, acceptSize=UNKNOWN, acceptText='accept?', autoLog=True, choices=['1', '2', '3', '4', '5', '6', '7'], depth=0, disappear=False, flipVert=False, high=6, kwargs=UNKNOWN, labels=list(...), leftKeys=['left'], lineColor='White', low=0, marker=ShapeStim(...), markerColor='DarkBlue', markerExpansion=UNKNOWN, markerStart=None, maxTime=0.0, minTime=0.4, mouseOnly=False, name='rating', noMouse=False, pos=[0.0, -0.35], precision=1, respKeys=['0', '1', '2', '3', '4', '5', '6'], rightKeys=['right'], scale='<default>', self=UNKNOWN, showAccept=True, showValue=True, singleClick=False, size=0.84, skipKeys=['tab'], stretch=1.0, textColor='LightGray', textFont='Helvetica Bold', textSize=0.168, tickHeight=-1, tickMarks=6.0, win=Window(...))
8.1557 	EXP 	Created text_3 = TextStim(__class__=<class 'psychopy.visual.text.TextStim'>, alignHoriz='center', alignVert='center', antialias=True, autoLog=True, bold=False, color='white', colorSpace='named', contrast=1.0, depth=-2.0, flipHoriz=False, flipVert=False, font='Arial', fontFiles=[], height=0.04, italic=False, languageStyle='LTR', name='text_3', opacity=1.0, ori=0, pos=array([ 0. , -0.1]), rgb=array([255., 255., 255.]), text='default text', units='height', win=Window(...), wrapWidth=1)
8.1603 	EXP 	Created text_2 = TextStim(__class__=<class 'psychopy.visual.text.TextStim'>, alignHoriz='center', alignVert='center', antialias=True, autoLog=True, bold=False, color='white', colorSpace='named', contrast=1.0, depth=0.0, flipHoriz=False, flipVert=False, font='Arial', fontFiles=[], height=0.1, italic=False, languageStyle='LTR', name='text_2', opacity=1.0, ori=0, pos=array([0., 0.]), rgb=array([255., 255., 255.]), text='default text', units='height', win=Window(...), wrapWidth=1)
8.1969 	EXP 	Created text = TextStim(__class__=<class 'psychopy.visual.text.TextStim'>, alignHoriz='center', alignVert='center', antialias=True, autoLog=True, bold=False, color='white', colorSpace='named', contrast=1.0, depth=0.0, flipHoriz=False, flipVert=False, font='Arial', fontFiles=[], height=0.08, italic=False, languageStyle='LTR', name='text', opacity=1.0, ori=0, pos=array([0., 0.]), rgb=array([255., 255., 255.]), text=str(...), units='height', win=Window(...), wrapWidth=1.5)
8.2020 	EXP 	Created cue = TextStim(__class__=<class 'psychopy.visual.text.TextStim'>, alignHoriz='center', alignVert='center', antialias=True, autoLog=True, bold=False, color='white', colorSpace='named', contrast=1.0, depth=0.0, flipHoriz=False, flipVert=False, font='Arial', fontFiles=[], height=0.12, italic=False, languageStyle='LTR', name='cue', opacity=1.0, ori=0, pos=array([0., 0.]), rgb=array([255., 255., 255.]), text='default text', units='height', win=Window(...), wrapWidth=1)
8.2066 	EXP 	Created ISI = TextStim(__class__=<class 'psychopy.visual.text.TextStim'>, alignHoriz='center', alignVert='center', antialias=True, autoLog=True, bold=False, color='white', colorSpace='named', contrast=1.0, depth=-1.0, flipHoriz=False, flipVert=False, font='Arial', fontFiles=[], height=0.1, italic=False, languageStyle='LTR', name='ISI', opacity=1.0, ori=0, pos=array([0., 0.]), rgb=array([255., 255., 255.]), text='default text', units='height', win=Window(...), wrapWidth=1)
8.2087 	EXP 	Created Image = ImageStim(__class__=<class 'psychopy.visual.image.ImageStim'>, autoLog=True, color=array([1., 1., 1.]), colorSpace='rgb', contrast=1.0, depth=0.0, flipHoriz=False, flipVert=False, image='sin', interpolate=True, mask=None, maskParams=None, name='Image', opacity=1.0, ori=0.0, pos=array([0., 0.]), size=array([1., 1.]), texRes=128, units='height', win=Window(...))
8.2120 	EXP 	Created ratingQ = TextStim(__class__=<class 'psychopy.visual.text.TextStim'>, alignHoriz='center', alignVert='center', antialias=True, autoLog=True, bold=False, color='white', colorSpace='named', contrast=1.0, depth=0.0, flipHoriz=False, flipVert=False, font='Arial', fontFiles=[], height=0.07, italic=False, languageStyle='LTR', name='ratingQ', opacity=1.0, ori=0, pos=array([0.  , 0.15]), rgb=array([255., 255., 255.]), text='default text', units='height', win=Window(...), wrapWidth=1.3)
8.2299 	EXP 	Created rating = RatingScale(__class__=type(...), acceptKeys=['return'], acceptPreText=UNKNOWN, acceptSize=UNKNOWN, acceptText='accept?', autoLog=True, choices=['1', '2', '3', '4', '5', '6', '7'], depth=0, disappear=False, flipVert=False, high=6, kwargs=UNKNOWN, labels=list(...), leftKeys=['left'], lineColor='White', low=0, marker=ShapeStim(...), markerColor='DarkBlue', markerExpansion=UNKNOWN, markerStart=None, maxTime=0.0, minTime=0.4, mouseOnly=False, name='rating', noMouse=False, pos=[0.0, -0.35], precision=1, respKeys=['0', '1', '2', '3', '4', '5', '6'], rightKeys=['right'], scale='<default>', self=UNKNOWN, showAccept=True, showValue=True, singleClick=False, size=0.84, skipKeys=['tab'], stretch=1.0, textColor='LightGray', textFont='Helvetica Bold', textSize=0.168, tickHeight=-1, tickMarks=6.0, win=Window(...))
8.2334 	EXP 	Created text_3 = TextStim(__class__=<class 'psychopy.visual.text.TextStim'>, alignHoriz='center', alignVert='center', antialias=True, autoLog=True, bold=False, color='white', colorSpace='named', contrast=1.0, depth=-2.0, flipHoriz=False, flipVert=False, font='Arial', fontFiles=[], height=0.04, italic=False, languageStyle='LTR', name='text_3', opacity=1.0, ori=0, pos=array([ 0. , -0.1]), rgb=array([255., 255., 255.]), text='default text', units='height', win=Window(...), wrapWidth=1)
8.2381 	EXP 	Created text_2 = TextStim(__class__=<class 'psychopy.visual.text.TextStim'>, alignHoriz='center', alignVert='center', antialias=True, autoLog=True, bold=False, color='white', colorSpace='named', contrast=1.0, depth=0.0, flipHoriz=False, flipVert=False, font='Arial', fontFiles=[], height=0.1, italic=False, languageStyle='LTR', name='text_2', opacity=1.0, ori=0, pos=array([0., 0.]), rgb=array([255., 255., 255.]), text='default text', units='height', win=Window(...), wrapWidth=1)
8.2670 	EXP 	Created ty = TextStim(__class__=<class 'psychopy.visual.text.TextStim'>, alignHoriz='center', alignVert='center', antialias=True, autoLog=True, bold=False, color='white', colorSpace='named', contrast=1.0, depth=0.0, flipHoriz=False, flipVert=False, font='Arial', fontFiles=[], height=0.08, italic=False, languageStyle='LTR', name='ty', opacity=1.0, ori=0, pos=array([0., 0.]), rgb=array([255., 255., 255.]), text=str(...), units='height', win=Window(...), wrapWidth=1.4)
8.2974 	EXP 	rating: flipVert = False
8.2974 	EXP 	rating: autoLog = True
8.2974 	EXP 	rating: flipVert = False
8.2974 	EXP 	rating: autoLog = True
8.2974 	EXP 	Instructions: autoDraw = True
14.8915 	EXP 	Imported foodRows.xlsx as conditions, 1 conditions, 3 params
14.8917 	EXP 	Created sequence: sequential, trialTypes=1, nReps=1, seed=None
14.8919 	EXP 	New trial (rep=0, index=0): OrderedDict([('CueType', 'REACT'), ('rows', '0010:0015'), ('CueType2', 'REGULATE')])
14.9074 	DATA 	Keypress: space
14.9120 	EXP 	Instructions: autoDraw = False
14.9120 	EXP 	cue: text = 'REACT'
14.9120 	EXP 	ISI: text = '+'
14.9120 	EXP 	cue: autoDraw = True
19.9001 	EXP 	ISI: autoDraw = True
19.9179 	EXP 	cue: autoDraw = False
21.8721 	EXP 	Imported FoodReg.csv as conditions, 3 conditions, 1 params
21.8722 	EXP 	Created sequence: random, trialTypes=3, nReps=1, seed=None
21.8724 	EXP 	New trial (rep=0, index=0): OrderedDict([('Picture', 'FoodPics\\F4H\\breadtwists.jpg')])
21.9685 	EXP 	cue: autoDraw = False
21.9685 	EXP 	ISI: autoDraw = False
21.9685 	EXP 	Image: size = array([1.5, 1. ])
21.9685 	EXP 	Image: image = 'FoodPics\\F4H\\breadtwists.jpg'
21.9685 	EXP 	Image: autoDraw = True
29.9005 	EXP 	RatingScale rating: reset()
29.9306 	EXP 	Image: autoDraw = False
29.9306 	EXP 	ratingQ: text = 'How much are you craving this food?'
29.9306 	EXP 	text_3: text = 'Not at all                                                Very Much'
29.9306 	EXP 	ratingQ: autoDraw = True
29.9306 	EXP 	rating: autoDraw = True
29.9306 	EXP 	text_3: autoDraw = True
34.8960 	EXP 	ratingQ: autoDraw = False
34.8960 	EXP 	rating: autoDraw = False
34.8960 	EXP 	text_3: autoDraw = False
34.8960 	EXP 	text_2: text = '+'
34.8960 	EXP 	text_2: autoDraw = True
36.8816 	EXP 	New trial (rep=0, index=1): OrderedDict([('Picture', 'FoodPics\\F4H\\banana.jpg')])
36.9540 	EXP 	text_2: autoDraw = False
36.9540 	EXP 	Image: size = array([1.5, 1. ])
36.9540 	EXP 	Image: image = 'FoodPics\\F4H\\banana.jpg'
36.9540 	EXP 	Image: autoDraw = True
44.8718 	EXP 	RatingScale rating: reset()
44.8876 	EXP 	Image: autoDraw = False
44.8876 	EXP 	ratingQ: text = 'How much are you craving this food?'
44.8876 	EXP 	text_3: text = 'Not at all                                                Very Much'
44.8876 	EXP 	ratingQ: autoDraw = True
44.8876 	EXP 	rating: autoDraw = True
44.8876 	EXP 	text_3: autoDraw = True
49.8586 	EXP 	ratingQ: autoDraw = False
49.8916 	EXP 	ratingQ: autoDraw = False
49.8916 	EXP 	rating: autoDraw = False
49.8916 	EXP 	text_3: autoDraw = False
49.8916 	EXP 	text_2: text = '+'
49.8916 	EXP 	text_2: autoDraw = True
51.8773 	EXP 	New trial (rep=0, index=2): OrderedDict([('Picture', 'FoodPics\\F4H\\bagels.jpg')])
51.9519 	EXP 	text_2: autoDraw = False
51.9519 	EXP 	Image: size = array([1.5, 1. ])
51.9519 	EXP 	Image: image = 'FoodPics\\F4H\\bagels.jpg'
51.9519 	EXP 	Image: autoDraw = True
59.8681 	EXP 	RatingScale rating: reset()
59.8833 	EXP 	Image: autoDraw = False
59.8833 	EXP 	ratingQ: text = 'How much are you craving this food?'
59.8833 	EXP 	text_3: text = 'Not at all                                                Very Much'
59.8833 	EXP 	ratingQ: autoDraw = True
59.8833 	EXP 	rating: autoDraw = True
59.8833 	EXP 	text_3: autoDraw = True
64.8543 	EXP 	ratingQ: autoDraw = False
64.8876 	EXP 	ratingQ: autoDraw = False
64.8876 	EXP 	rating: autoDraw = False
64.8876 	EXP 	text_3: autoDraw = False
64.8876 	EXP 	text_2: text = '+'
64.8876 	EXP 	text_2: autoDraw = True
66.8892 	EXP 	text_2: autoDraw = False
66.8892 	EXP 	text: autoDraw = True
79.7061 	EXP 	Imported foodRows.csv as conditions, 6 conditions, 3 params
79.7063 	EXP 	Created sequence: random, trialTypes=6, nReps=1, seed=None
79.7065 	EXP 	New trial (rep=0, index=0): OrderedDict([('CueType', 'REGULATE'), ('rows', '004:0014'), ('CueType2', 'REACT')])
79.7265 	DATA 	Keypress: space
79.7309 	EXP 	text: autoDraw = False
79.7309 	EXP 	cue: text = 'REGULATE'
79.7309 	EXP 	ISI: text = '+'
79.7309 	EXP 	cue: autoDraw = True
84.7206 	EXP 	ISI: autoDraw = True
84.7374 	EXP 	cue: autoDraw = False
86.7089 	EXP 	Imported FoodReg.csv as conditions, 10 conditions, 1 params
86.7091 	EXP 	Created sequence: random, trialTypes=10, nReps=1, seed=None
86.7093 	EXP 	New trial (rep=0, index=0): OrderedDict([('Picture', 'FoodPics\\F4H\\chips2.jpg')])
86.7818 	EXP 	cue: autoDraw = False
86.7818 	EXP 	ISI: autoDraw = False
86.7818 	EXP 	Image: size = array([1.5, 1. ])
86.7818 	EXP 	Image: image = 'FoodPics\\F4H\\chips2.jpg'
86.7818 	EXP 	Image: autoDraw = True
94.7133 	EXP 	RatingScale rating: reset()
94.7291 	EXP 	Image: autoDraw = False
94.7291 	EXP 	ratingQ: text = 'How much are you craving this food?'
94.7291 	EXP 	text_3: text = 'Not at all                                                Very Much'
94.7291 	EXP 	ratingQ: autoDraw = True
94.7291 	EXP 	rating: autoDraw = True
94.7291 	EXP 	text_3: autoDraw = True
99.7000 	EXP 	ratingQ: autoDraw = False
99.7333 	EXP 	ratingQ: autoDraw = False
99.7333 	EXP 	rating: autoDraw = False
99.7333 	EXP 	text_3: autoDraw = False
99.7333 	EXP 	text_2: text = '+'
99.7333 	EXP 	text_2: autoDraw = True
101.7187 	EXP 	New trial (rep=0, index=1): OrderedDict([('Picture', 'FoodPics\\F4H\\chips3.jpg')])
101.7924 	EXP 	text_2: autoDraw = False
101.7924 	EXP 	Image: size = array([1.5, 1. ])
101.7924 	EXP 	Image: image = 'FoodPics\\F4H\\chips3.jpg'
101.7924 	EXP 	Image: autoDraw = True
109.7091 	EXP 	RatingScale rating: reset()
109.7248 	EXP 	Image: autoDraw = False
109.7248 	EXP 	ratingQ: text = 'How much are you craving this food?'
109.7248 	EXP 	text_3: text = 'Not at all                                                Very Much'
109.7248 	EXP 	ratingQ: autoDraw = True
109.7248 	EXP 	rating: autoDraw = True
109.7248 	EXP 	text_3: autoDraw = True
114.6955 	EXP 	ratingQ: autoDraw = False
114.7292 	EXP 	ratingQ: autoDraw = False
114.7292 	EXP 	rating: autoDraw = False
114.7292 	EXP 	text_3: autoDraw = False
114.7292 	EXP 	text_2: text = '+'
114.7292 	EXP 	text_2: autoDraw = True
116.7146 	EXP 	New trial (rep=0, index=2): OrderedDict([('Picture', 'FoodPics\\F4H\\cheesepuffs.jpg')])
116.7881 	EXP 	text_2: autoDraw = False
116.7881 	EXP 	Image: size = array([1.5, 1. ])
116.7881 	EXP 	Image: image = 'FoodPics\\F4H\\cheesepuffs.jpg'
116.7881 	EXP 	Image: autoDraw = True
124.7047 	EXP 	RatingScale rating: reset()
124.7206 	EXP 	Image: autoDraw = False
124.7206 	EXP 	ratingQ: text = 'How much are you craving this food?'
124.7206 	EXP 	text_3: text = 'Not at all                                                Very Much'
124.7206 	EXP 	ratingQ: autoDraw = True
124.7206 	EXP 	rating: autoDraw = True
124.7206 	EXP 	text_3: autoDraw = True
129.6914 	EXP 	ratingQ: autoDraw = False
129.7246 	EXP 	ratingQ: autoDraw = False
129.7246 	EXP 	rating: autoDraw = False
129.7246 	EXP 	text_3: autoDraw = False
129.7246 	EXP 	text_2: text = '+'
129.7246 	EXP 	text_2: autoDraw = True
131.7100 	EXP 	New trial (rep=0, index=3): OrderedDict([('Picture', 'FoodPics\\F4H\\chocballs.jpg')])
131.9600 	EXP 	text_2: autoDraw = False
131.9600 	EXP 	Image: size = array([1.5, 1. ])
131.9600 	EXP 	Image: image = 'FoodPics\\F4H\\chocballs.jpg'
131.9600 	EXP 	Image: autoDraw = True
139.7173 	EXP 	RatingScale rating: reset()
139.7331 	EXP 	Image: autoDraw = False
139.7331 	EXP 	ratingQ: text = 'How much are you craving this food?'
139.7331 	EXP 	text_3: text = 'Not at all                                                Very Much'
139.7331 	EXP 	ratingQ: autoDraw = True
139.7331 	EXP 	rating: autoDraw = True
139.7331 	EXP 	text_3: autoDraw = True
144.7038 	EXP 	ratingQ: autoDraw = False
144.7240 	EXP 	ratingQ: autoDraw = False
144.7240 	EXP 	rating: autoDraw = False
144.7240 	EXP 	text_3: autoDraw = False
144.7240 	EXP 	text_2: text = '+'
144.7240 	EXP 	text_2: autoDraw = True
146.7059 	EXP 	New trial (rep=0, index=4): OrderedDict([('Picture', 'FoodPics\\F4H\\chickenkebab.jpg')])
146.7841 	EXP 	text_2: autoDraw = False
146.7841 	EXP 	Image: size = array([1.5, 1. ])
146.7841 	EXP 	Image: image = 'FoodPics\\F4H\\chickenkebab.jpg'
146.7841 	EXP 	Image: autoDraw = True
154.7129 	EXP 	RatingScale rating: reset()
154.7287 	EXP 	Image: autoDraw = False
154.7287 	EXP 	ratingQ: text = 'How much are you craving this food?'
154.7287 	EXP 	text_3: text = 'Not at all                                                Very Much'
154.7287 	EXP 	ratingQ: autoDraw = True
154.7287 	EXP 	rating: autoDraw = True
154.7287 	EXP 	text_3: autoDraw = True
159.6997 	EXP 	ratingQ: autoDraw = False
159.7329 	EXP 	ratingQ: autoDraw = False
159.7329 	EXP 	rating: autoDraw = False
159.7329 	EXP 	text_3: autoDraw = False
159.7329 	EXP 	text_2: text = '+'
159.7329 	EXP 	text_2: autoDraw = True
161.7185 	EXP 	New trial (rep=0, index=5): OrderedDict([('Picture', 'FoodPics\\F4H\\cheese.jpg')])
161.8088 	EXP 	text_2: autoDraw = False
161.8088 	EXP 	Image: size = array([1.5, 1. ])
161.8088 	EXP 	Image: image = 'FoodPics\\F4H\\cheese.jpg'
161.8088 	EXP 	Image: autoDraw = True
169.7086 	EXP 	RatingScale rating: reset()
169.7249 	EXP 	Image: autoDraw = False
169.7249 	EXP 	ratingQ: text = 'How much are you craving this food?'
169.7249 	EXP 	text_3: text = 'Not at all                                                Very Much'
169.7249 	EXP 	ratingQ: autoDraw = True
169.7249 	EXP 	rating: autoDraw = True
169.7249 	EXP 	text_3: autoDraw = True
174.6952 	EXP 	ratingQ: autoDraw = False
174.7288 	EXP 	ratingQ: autoDraw = False
174.7288 	EXP 	rating: autoDraw = False
174.7288 	EXP 	text_3: autoDraw = False
174.7288 	EXP 	text_2: text = '+'
174.7288 	EXP 	text_2: autoDraw = True
176.7140 	EXP 	New trial (rep=0, index=6): OrderedDict([('Picture', 'FoodPics\\F4H\\chickennuggs.jpg')])
176.7889 	EXP 	text_2: autoDraw = False
176.7889 	EXP 	Image: size = array([1.5, 1. ])
176.7889 	EXP 	Image: image = 'FoodPics\\F4H\\chickennuggs.jpg'
176.7889 	EXP 	Image: autoDraw = True
184.7047 	EXP 	RatingScale rating: reset()
184.7205 	EXP 	Image: autoDraw = False
184.7205 	EXP 	ratingQ: text = 'How much are you craving this food?'
184.7205 	EXP 	text_3: text = 'Not at all                                                Very Much'
184.7205 	EXP 	ratingQ: autoDraw = True
184.7205 	EXP 	rating: autoDraw = True
184.7205 	EXP 	text_3: autoDraw = True
189.6911 	EXP 	ratingQ: autoDraw = False
189.7244 	EXP 	ratingQ: autoDraw = False
189.7244 	EXP 	rating: autoDraw = False
189.7244 	EXP 	text_3: autoDraw = False
189.7244 	EXP 	text_2: text = '+'
189.7244 	EXP 	text_2: autoDraw = True
191.7097 	EXP 	New trial (rep=0, index=7): OrderedDict([('Picture', 'FoodPics\\F4H\\brownies2.jpg')])
191.7846 	EXP 	text_2: autoDraw = False
191.7846 	EXP 	Image: size = array([1.5, 1. ])
191.7846 	EXP 	Image: image = 'FoodPics\\F4H\\brownies2.jpg'
191.7846 	EXP 	Image: autoDraw = True
199.7168 	EXP 	RatingScale rating: reset()
199.7326 	EXP 	Image: autoDraw = False
199.7326 	EXP 	ratingQ: text = 'How much are you craving this food?'
199.7326 	EXP 	text_3: text = 'Not at all                                                Very Much'
199.7326 	EXP 	ratingQ: autoDraw = True
199.7326 	EXP 	rating: autoDraw = True
199.7326 	EXP 	text_3: autoDraw = True
204.7035 	EXP 	ratingQ: autoDraw = False
204.7204 	EXP 	ratingQ: autoDraw = False
204.7204 	EXP 	rating: autoDraw = False
204.7204 	EXP 	text_3: autoDraw = False
204.7204 	EXP 	text_2: text = '+'
204.7204 	EXP 	text_2: autoDraw = True
206.7058 	EXP 	New trial (rep=0, index=8): OrderedDict([('Picture', 'FoodPics\\F4H\\chips.jpg')])
206.7809 	EXP 	text_2: autoDraw = False
206.7809 	EXP 	Image: size = array([1.5, 1. ])
206.7809 	EXP 	Image: image = 'FoodPics\\F4H\\chips.jpg'
206.7809 	EXP 	Image: autoDraw = True
214.7127 	EXP 	RatingScale rating: reset()
214.7288 	EXP 	Image: autoDraw = False
214.7288 	EXP 	ratingQ: text = 'How much are you craving this food?'
214.7288 	EXP 	text_3: text = 'Not at all                                                Very Much'
214.7288 	EXP 	ratingQ: autoDraw = True
214.7288 	EXP 	rating: autoDraw = True
214.7288 	EXP 	text_3: autoDraw = True
219.6995 	EXP 	ratingQ: autoDraw = False
219.7325 	EXP 	ratingQ: autoDraw = False
219.7325 	EXP 	rating: autoDraw = False
219.7325 	EXP 	text_3: autoDraw = False
219.7325 	EXP 	text_2: text = '+'
219.7325 	EXP 	text_2: autoDraw = True
221.7184 	EXP 	New trial (rep=0, index=9): OrderedDict([('Picture', 'FoodPics\\F4H\\cakes.jpg')])
221.7921 	EXP 	text_2: autoDraw = False
221.7921 	EXP 	Image: size = array([1.5, 1. ])
221.7921 	EXP 	Image: image = 'FoodPics\\F4H\\cakes.jpg'
221.7921 	EXP 	Image: autoDraw = True
229.7083 	EXP 	RatingScale rating: reset()
229.7243 	EXP 	Image: autoDraw = False
229.7243 	EXP 	ratingQ: text = 'How much are you craving this food?'
229.7243 	EXP 	text_3: text = 'Not at all                                                Very Much'
229.7243 	EXP 	ratingQ: autoDraw = True
229.7243 	EXP 	rating: autoDraw = True
229.7243 	EXP 	text_3: autoDraw = True
234.6953 	EXP 	ratingQ: autoDraw = False
234.7285 	EXP 	ratingQ: autoDraw = False
234.7285 	EXP 	rating: autoDraw = False
234.7285 	EXP 	text_3: autoDraw = False
234.7285 	EXP 	text_2: text = '+'
234.7285 	EXP 	text_2: autoDraw = True
236.7138 	EXP 	New trial (rep=0, index=1): OrderedDict([('CueType', 'REGULATE'), ('rows', '0034:0044'), ('CueType2', 'REACT')])
236.7302 	EXP 	text_2: autoDraw = False
236.7302 	EXP 	cue: text = 'REGULATE'
236.7302 	EXP 	ISI: text = '+'
236.7302 	EXP 	cue: autoDraw = True
241.7009 	EXP 	ISI: autoDraw = True
241.7343 	EXP 	cue: autoDraw = False
243.6912 	EXP 	Imported FoodReg.csv as conditions, 10 conditions, 1 params
243.6914 	EXP 	Created sequence: random, trialTypes=10, nReps=1, seed=None
243.6915 	EXP 	New trial (rep=0, index=0): OrderedDict([('Picture', 'FoodPics\\F4H\\pretzels.jpg')])
243.7677 	EXP 	ISI: autoDraw = False
243.7677 	EXP 	cue: autoDraw = False
243.7677 	EXP 	ISI: autoDraw = False
243.7677 	EXP 	Image: size = array([1.5, 1. ])
243.7677 	EXP 	Image: image = 'FoodPics\\F4H\\pretzels.jpg'
243.7677 	EXP 	Image: autoDraw = True
251.7102 	EXP 	RatingScale rating: reset()
251.7262 	EXP 	Image: autoDraw = False
251.7262 	EXP 	ratingQ: text = 'How much are you craving this food?'
251.7262 	EXP 	text_3: text = 'Not at all                                                Very Much'
251.7262 	EXP 	ratingQ: autoDraw = True
251.7262 	EXP 	rating: autoDraw = True
251.7262 	EXP 	text_3: autoDraw = True
256.6968 	EXP 	ratingQ: autoDraw = False
256.7302 	EXP 	ratingQ: autoDraw = False
256.7302 	EXP 	rating: autoDraw = False
256.7302 	EXP 	text_3: autoDraw = False
256.7302 	EXP 	text_2: text = '+'
256.7302 	EXP 	text_2: autoDraw = True
258.7154 	EXP 	New trial (rep=0, index=1): OrderedDict([('Picture', 'FoodPics\\F4H\\oreos.jpg')])
258.7897 	EXP 	text_2: autoDraw = False
258.7897 	EXP 	Image: size = array([1.5, 1. ])
258.7897 	EXP 	Image: image = 'FoodPics\\F4H\\oreos.jpg'
258.7897 	EXP 	Image: autoDraw = True
266.7057 	EXP 	RatingScale rating: reset()
266.7217 	EXP 	Image: autoDraw = False
266.7217 	EXP 	ratingQ: text = 'How much are you craving this food?'
266.7217 	EXP 	text_3: text = 'Not at all                                                Very Much'
266.7217 	EXP 	ratingQ: autoDraw = True
266.7217 	EXP 	rating: autoDraw = True
266.7217 	EXP 	text_3: autoDraw = True
271.6926 	EXP 	ratingQ: autoDraw = False
271.7256 	EXP 	ratingQ: autoDraw = False
271.7256 	EXP 	rating: autoDraw = False
271.7256 	EXP 	text_3: autoDraw = False
271.7256 	EXP 	text_2: text = '+'
271.7256 	EXP 	text_2: autoDraw = True
273.7113 	EXP 	New trial (rep=0, index=2): OrderedDict([('Picture', 'FoodPics\\F4H\\chocbar.jpg')])
273.9547 	EXP 	text_2: autoDraw = False
273.9547 	EXP 	Image: size = array([1.5, 1. ])
273.9547 	EXP 	Image: image = 'FoodPics\\F4H\\chocbar.jpg'
273.9547 	EXP 	Image: autoDraw = True
281.7182 	EXP 	RatingScale rating: reset()
281.7340 	EXP 	Image: autoDraw = False
281.7340 	EXP 	ratingQ: text = 'How much are you craving this food?'
281.7340 	EXP 	text_3: text = 'Not at all                                                Very Much'
281.7340 	EXP 	ratingQ: autoDraw = True
281.7340 	EXP 	rating: autoDraw = True
281.7340 	EXP 	text_3: autoDraw = True
286.7052 	EXP 	ratingQ: autoDraw = False
286.7217 	EXP 	ratingQ: autoDraw = False
286.7217 	EXP 	rating: autoDraw = False
286.7217 	EXP 	text_3: autoDraw = False
286.7217 	EXP 	text_2: text = '+'
286.7217 	EXP 	text_2: autoDraw = True
288.7072 	EXP 	New trial (rep=0, index=3): OrderedDict([('Picture', 'FoodPics\\F4H\\pizza.jpg')])
288.8039 	EXP 	text_2: autoDraw = False
288.8039 	EXP 	Image: size = array([1.5, 1. ])
288.8039 	EXP 	Image: image = 'FoodPics\\F4H\\pizza.jpg'
288.8039 	EXP 	Image: autoDraw = True
296.7142 	EXP 	RatingScale rating: reset()
296.7299 	EXP 	Image: autoDraw = False
296.7299 	EXP 	ratingQ: text = 'How much are you craving this food?'
296.7299 	EXP 	text_3: text = 'Not at all                                                Very Much'
296.7299 	EXP 	ratingQ: autoDraw = True
296.7299 	EXP 	rating: autoDraw = True
296.7299 	EXP 	text_3: autoDraw = True
301.7003 	EXP 	ratingQ: autoDraw = False
301.7341 	EXP 	ratingQ: autoDraw = False
301.7341 	EXP 	rating: autoDraw = False
301.7341 	EXP 	text_3: autoDraw = False
301.7341 	EXP 	text_2: text = '+'
301.7341 	EXP 	text_2: autoDraw = True
303.7199 	EXP 	New trial (rep=0, index=4): OrderedDict([('Picture', 'FoodPics\\F4H\\eclair.jpg')])
303.9627 	EXP 	text_2: autoDraw = False
303.9627 	EXP 	Image: size = array([1.5, 1. ])
303.9627 	EXP 	Image: image = 'FoodPics\\F4H\\eclair.jpg'
303.9627 	EXP 	Image: autoDraw = True
311.7098 	EXP 	RatingScale rating: reset()
311.7259 	EXP 	Image: autoDraw = False
311.7259 	EXP 	ratingQ: text = 'How much are you craving this food?'
311.7259 	EXP 	text_3: text = 'Not at all                                                Very Much'
311.7259 	EXP 	ratingQ: autoDraw = True
311.7259 	EXP 	rating: autoDraw = True
311.7259 	EXP 	text_3: autoDraw = True
316.6964 	EXP 	ratingQ: autoDraw = False
316.7298 	EXP 	ratingQ: autoDraw = False
316.7298 	EXP 	rating: autoDraw = False
316.7298 	EXP 	text_3: autoDraw = False
316.7298 	EXP 	text_2: text = '+'
316.7298 	EXP 	text_2: autoDraw = True
318.7151 	EXP 	New trial (rep=0, index=5): OrderedDict([('Picture', 'FoodPics\\F4H\\muffins.jpg')])
318.7999 	EXP 	text_2: autoDraw = False
318.7999 	EXP 	Image: size = array([1.5, 1. ])
318.7999 	EXP 	Image: image = 'FoodPics\\F4H\\muffins.jpg'
318.7999 	EXP 	Image: autoDraw = True
326.7055 	EXP 	RatingScale rating: reset()
326.7216 	EXP 	Image: autoDraw = False
326.7216 	EXP 	ratingQ: text = 'How much are you craving this food?'
326.7216 	EXP 	text_3: text = 'Not at all                                                Very Much'
326.7216 	EXP 	ratingQ: autoDraw = True
326.7216 	EXP 	rating: autoDraw = True
326.7216 	EXP 	text_3: autoDraw = True
331.6924 	EXP 	ratingQ: autoDraw = False
331.7256 	EXP 	ratingQ: autoDraw = False
331.7256 	EXP 	rating: autoDraw = False
331.7256 	EXP 	text_3: autoDraw = False
331.7256 	EXP 	text_2: text = '+'
331.7256 	EXP 	text_2: autoDraw = True
333.7110 	EXP 	New trial (rep=0, index=6): OrderedDict([('Picture', 'FoodPics\\F4H\\mm.jpg')])
333.9560 	EXP 	text_2: autoDraw = False
333.9560 	EXP 	Image: size = array([1.5, 1. ])
333.9560 	EXP 	Image: image = 'FoodPics\\F4H\\mm.jpg'
333.9560 	EXP 	Image: autoDraw = True
341.7183 	EXP 	RatingScale rating: reset()
341.7340 	EXP 	Image: autoDraw = False
341.7340 	EXP 	ratingQ: text = 'How much are you craving this food?'
341.7340 	EXP 	text_3: text = 'Not at all                                                Very Much'
341.7340 	EXP 	ratingQ: autoDraw = True
341.7340 	EXP 	rating: autoDraw = True
341.7340 	EXP 	text_3: autoDraw = True
346.7047 	EXP 	ratingQ: autoDraw = False
346.7214 	EXP 	ratingQ: autoDraw = False
346.7214 	EXP 	rating: autoDraw = False
346.7214 	EXP 	text_3: autoDraw = False
346.7214 	EXP 	text_2: text = '+'
346.7214 	EXP 	text_2: autoDraw = True
348.7069 	EXP 	New trial (rep=0, index=7): OrderedDict([('Picture', 'FoodPics\\F4H\\pretzel.jpg')])
348.7853 	EXP 	text_2: autoDraw = False
348.7853 	EXP 	Image: size = array([1.5, 1. ])
348.7853 	EXP 	Image: image = 'FoodPics\\F4H\\pretzel.jpg'
348.7853 	EXP 	Image: autoDraw = True
356.7138 	EXP 	RatingScale rating: reset()
356.7298 	EXP 	Image: autoDraw = False
356.7298 	EXP 	ratingQ: text = 'How much are you craving this food?'
356.7298 	EXP 	text_3: text = 'Not at all                                                Very Much'
356.7298 	EXP 	ratingQ: autoDraw = True
356.7298 	EXP 	rating: autoDraw = True
356.7298 	EXP 	text_3: autoDraw = True
361.7005 	EXP 	ratingQ: autoDraw = False
361.7339 	EXP 	ratingQ: autoDraw = False
361.7339 	EXP 	rating: autoDraw = False
361.7339 	EXP 	text_3: autoDraw = False
361.7339 	EXP 	text_2: text = '+'
361.7339 	EXP 	text_2: autoDraw = True
363.7196 	EXP 	New trial (rep=0, index=8): OrderedDict([('Picture', 'FoodPics\\F4H\\strawberries.jpg')])
363.7938 	EXP 	text_2: autoDraw = False
363.7938 	EXP 	Image: size = array([1.5, 1. ])
363.7938 	EXP 	Image: image = 'FoodPics\\F4H\\strawberries.jpg'
363.7938 	EXP 	Image: autoDraw = True
371.7098 	EXP 	RatingScale rating: reset()
371.7255 	EXP 	Image: autoDraw = False
371.7255 	EXP 	ratingQ: text = 'How much are you craving this food?'
371.7255 	EXP 	text_3: text = 'Not at all                                                Very Much'
371.7255 	EXP 	ratingQ: autoDraw = True
371.7255 	EXP 	rating: autoDraw = True
371.7255 	EXP 	text_3: autoDraw = True
376.6961 	EXP 	ratingQ: autoDraw = False
376.7296 	EXP 	ratingQ: autoDraw = False
376.7296 	EXP 	rating: autoDraw = False
376.7296 	EXP 	text_3: autoDraw = False
376.7296 	EXP 	text_2: text = '+'
376.7296 	EXP 	text_2: autoDraw = True
378.7149 	EXP 	New trial (rep=0, index=9): OrderedDict([('Picture', 'FoodPics\\F4H\\ritz.jpg')])
378.7985 	EXP 	text_2: autoDraw = False
378.7985 	EXP 	Image: size = array([1.5, 1. ])
378.7985 	EXP 	Image: image = 'FoodPics\\F4H\\ritz.jpg'
378.7985 	EXP 	Image: autoDraw = True
386.7053 	EXP 	RatingScale rating: reset()
386.7214 	EXP 	Image: autoDraw = False
386.7214 	EXP 	ratingQ: text = 'How much are you craving this food?'
386.7214 	EXP 	text_3: text = 'Not at all                                                Very Much'
386.7214 	EXP 	ratingQ: autoDraw = True
386.7214 	EXP 	rating: autoDraw = True
386.7214 	EXP 	text_3: autoDraw = True
391.6920 	EXP 	ratingQ: autoDraw = False
391.7255 	EXP 	ratingQ: autoDraw = False
391.7255 	EXP 	rating: autoDraw = False
391.7255 	EXP 	text_3: autoDraw = False
391.7255 	EXP 	text_2: text = '+'
391.7255 	EXP 	text_2: autoDraw = True
393.7109 	EXP 	New trial (rep=0, index=2): OrderedDict([('CueType', 'REGULATE'), ('rows', '0044:0054'), ('CueType2', 'REACT')])
393.7271 	EXP 	text_2: autoDraw = False
393.7271 	EXP 	cue: text = 'REGULATE'
393.7271 	EXP 	ISI: text = '+'
393.7271 	EXP 	cue: autoDraw = True
398.6978 	EXP 	ISI: autoDraw = True
398.7312 	EXP 	cue: autoDraw = False
400.6879 	EXP 	Imported FoodReg.csv as conditions, 10 conditions, 1 params
400.6881 	EXP 	Created sequence: random, trialTypes=10, nReps=1, seed=None
400.6883 	EXP 	New trial (rep=0, index=0): OrderedDict([('Picture', 'FoodPics\\F4H\\sushi.jpg')])
400.7631 	EXP 	ISI: autoDraw = False
400.7631 	EXP 	cue: autoDraw = False
400.7631 	EXP 	ISI: autoDraw = False
400.7631 	EXP 	Image: size = array([1.5, 1. ])
400.7631 	EXP 	Image: image = 'FoodPics\\F4H\\sushi.jpg'
400.7631 	EXP 	Image: autoDraw = True
408.7070 	EXP 	RatingScale rating: reset()
408.7232 	EXP 	Image: autoDraw = False
408.7232 	EXP 	ratingQ: text = 'How much are you craving this food?'
408.7232 	EXP 	text_3: text = 'Not at all                                                Very Much'
408.7232 	EXP 	ratingQ: autoDraw = True
408.7232 	EXP 	rating: autoDraw = True
408.7232 	EXP 	text_3: autoDraw = True
413.6935 	EXP 	ratingQ: autoDraw = False
413.7269 	EXP 	ratingQ: autoDraw = False
413.7269 	EXP 	rating: autoDraw = False
413.7269 	EXP 	text_3: autoDraw = False
413.7269 	EXP 	text_2: text = '+'
413.7269 	EXP 	text_2: autoDraw = True
415.7126 	EXP 	New trial (rep=0, index=1): OrderedDict([('Picture', 'FoodPics\\F4H\\pretzelsticks.jpg')])
415.7884 	EXP 	text_2: autoDraw = False
415.7884 	EXP 	Image: size = array([1.5, 1. ])
415.7884 	EXP 	Image: image = 'FoodPics\\F4H\\pretzelsticks.jpg'
415.7884 	EXP 	Image: autoDraw = True
423.7193 	EXP 	RatingScale rating: reset()
423.7353 	EXP 	Image: autoDraw = False
423.7353 	EXP 	ratingQ: text = 'How much are you craving this food?'
423.7353 	EXP 	text_3: text = 'Not at all                                                Very Much'
423.7353 	EXP 	ratingQ: autoDraw = True
423.7353 	EXP 	rating: autoDraw = True
423.7353 	EXP 	text_3: autoDraw = True
428.7060 	EXP 	ratingQ: autoDraw = False
428.7228 	EXP 	ratingQ: autoDraw = False
428.7228 	EXP 	rating: autoDraw = False
428.7228 	EXP 	text_3: autoDraw = False
428.7228 	EXP 	text_2: text = '+'
428.7228 	EXP 	text_2: autoDraw = True
430.7082 	EXP 	New trial (rep=0, index=2): OrderedDict([('Picture', 'FoodPics\\F4H\\steak.jpg')])
430.7822 	EXP 	text_2: autoDraw = False
430.7822 	EXP 	Image: size = array([1.5, 1. ])
430.7822 	EXP 	Image: image = 'FoodPics\\F4H\\steak.jpg'
430.7822 	EXP 	Image: autoDraw = True
438.7149 	EXP 	RatingScale rating: reset()
438.7312 	EXP 	Image: autoDraw = False
438.7312 	EXP 	ratingQ: text = 'How much are you craving this food?'
438.7312 	EXP 	text_3: text = 'Not at all                                                Very Much'
438.7312 	EXP 	ratingQ: autoDraw = True
438.7312 	EXP 	rating: autoDraw = True
438.7312 	EXP 	text_3: autoDraw = True
443.7018 	EXP 	ratingQ: autoDraw = False
443.7350 	EXP 	ratingQ: autoDraw = False
443.7350 	EXP 	rating: autoDraw = False
443.7350 	EXP 	text_3: autoDraw = False
443.7350 	EXP 	text_2: text = '+'
443.7350 	EXP 	text_2: autoDraw = True
445.7040 	EXP 	New trial (rep=0, index=3): OrderedDict([('Picture', 'FoodPics\\F4H\\bread.jpg')])
445.7788 	EXP 	text_2: autoDraw = False
445.7788 	EXP 	Image: size = array([1.5, 1. ])
445.7788 	EXP 	Image: image = 'FoodPics\\F4H\\bread.jpg'
445.7788 	EXP 	Image: autoDraw = True
453.7107 	EXP 	RatingScale rating: reset()
453.7268 	EXP 	Image: autoDraw = False
453.7268 	EXP 	ratingQ: text = 'How much are you craving this food?'
453.7268 	EXP 	text_3: text = 'Not at all                                                Very Much'
453.7268 	EXP 	ratingQ: autoDraw = True
453.7268 	EXP 	rating: autoDraw = True
453.7268 	EXP 	text_3: autoDraw = True
458.6978 	EXP 	ratingQ: autoDraw = False
458.7311 	EXP 	ratingQ: autoDraw = False
458.7311 	EXP 	rating: autoDraw = False
458.7311 	EXP 	text_3: autoDraw = False
458.7311 	EXP 	text_2: text = '+'
458.7311 	EXP 	text_2: autoDraw = True
460.7165 	EXP 	New trial (rep=0, index=4): OrderedDict([('Picture', 'FoodPics\\F4H\\candy.jpg')])
460.7919 	EXP 	text_2: autoDraw = False
460.7919 	EXP 	Image: size = array([1.5, 1. ])
460.7919 	EXP 	Image: image = 'FoodPics\\F4H\\candy.jpg'
460.7919 	EXP 	Image: autoDraw = True
468.7067 	EXP 	RatingScale rating: reset()
468.7225 	EXP 	Image: autoDraw = False
468.7225 	EXP 	ratingQ: text = 'How much are you craving this food?'
468.7225 	EXP 	text_3: text = 'Not at all                                                Very Much'
468.7225 	EXP 	ratingQ: autoDraw = True
468.7225 	EXP 	rating: autoDraw = True
468.7225 	EXP 	text_3: autoDraw = True
473.6934 	EXP 	ratingQ: autoDraw = False
473.7271 	EXP 	ratingQ: autoDraw = False
473.7271 	EXP 	rating: autoDraw = False
473.7271 	EXP 	text_3: autoDraw = False
473.7271 	EXP 	text_2: text = '+'
473.7271 	EXP 	text_2: autoDraw = True
475.7124 	EXP 	New trial (rep=0, index=5): OrderedDict([('Picture', 'FoodPics\\F4H\\cookies2.jpg')])
475.7968 	EXP 	text_2: autoDraw = False
475.7968 	EXP 	Image: size = array([1.5, 1. ])
475.7968 	EXP 	Image: image = 'FoodPics\\F4H\\cookies2.jpg'
475.7968 	EXP 	Image: autoDraw = True
483.7192 	EXP 	RatingScale rating: reset()
483.7353 	EXP 	Image: autoDraw = False
483.7353 	EXP 	ratingQ: text = 'How much are you craving this food?'
483.7353 	EXP 	text_3: text = 'Not at all                                                Very Much'
483.7353 	EXP 	ratingQ: autoDraw = True
483.7353 	EXP 	rating: autoDraw = True
483.7353 	EXP 	text_3: autoDraw = True
488.7057 	EXP 	ratingQ: autoDraw = False
488.7224 	EXP 	ratingQ: autoDraw = False
488.7224 	EXP 	rating: autoDraw = False
488.7224 	EXP 	text_3: autoDraw = False
488.7224 	EXP 	text_2: text = '+'
488.7224 	EXP 	text_2: autoDraw = True
490.7080 	EXP 	New trial (rep=0, index=6): OrderedDict([('Picture', 'FoodPics\\F4H\\wafers.jpg')])
490.9578 	EXP 	text_2: autoDraw = False
490.9578 	EXP 	Image: size = array([1.5, 1. ])
490.9578 	EXP 	Image: image = 'FoodPics\\F4H\\wafers.jpg'
490.9578 	EXP 	Image: autoDraw = True
498.7150 	EXP 	RatingScale rating: reset()
498.7310 	EXP 	Image: autoDraw = False
498.7310 	EXP 	ratingQ: text = 'How much are you craving this food?'
498.7310 	EXP 	text_3: text = 'Not at all                                                Very Much'
498.7310 	EXP 	ratingQ: autoDraw = True
498.7310 	EXP 	rating: autoDraw = True
498.7310 	EXP 	text_3: autoDraw = True
503.7016 	EXP 	ratingQ: autoDraw = False
503.7348 	EXP 	ratingQ: autoDraw = False
503.7348 	EXP 	rating: autoDraw = False
503.7348 	EXP 	text_3: autoDraw = False
503.7348 	EXP 	text_2: text = '+'
503.7348 	EXP 	text_2: autoDraw = True
505.7039 	EXP 	New trial (rep=0, index=7): OrderedDict([('Picture', 'FoodPics\\F4H\\pineapple.jpg')])
505.7816 	EXP 	text_2: autoDraw = False
505.7816 	EXP 	Image: size = array([1.5, 1. ])
505.7816 	EXP 	Image: image = 'FoodPics\\F4H\\pineapple.jpg'
505.7816 	EXP 	Image: autoDraw = True
513.7107 	EXP 	RatingScale rating: reset()
513.7266 	EXP 	Image: autoDraw = False
513.7266 	EXP 	ratingQ: text = 'How much are you craving this food?'
513.7266 	EXP 	text_3: text = 'Not at all                                                Very Much'
513.7266 	EXP 	ratingQ: autoDraw = True
513.7266 	EXP 	rating: autoDraw = True
513.7266 	EXP 	text_3: autoDraw = True
518.6975 	EXP 	ratingQ: autoDraw = False
518.7309 	EXP 	ratingQ: autoDraw = False
518.7309 	EXP 	rating: autoDraw = False
518.7309 	EXP 	text_3: autoDraw = False
518.7309 	EXP 	text_2: text = '+'
518.7309 	EXP 	text_2: autoDraw = True
520.7163 	EXP 	New trial (rep=0, index=8): OrderedDict([('Picture', 'FoodPics\\F4H\\strawberries2.jpg')])
520.7926 	EXP 	text_2: autoDraw = False
520.7926 	EXP 	Image: size = array([1.5, 1. ])
520.7926 	EXP 	Image: image = 'FoodPics\\F4H\\strawberries2.jpg'
520.7926 	EXP 	Image: autoDraw = True
528.7064 	EXP 	RatingScale rating: reset()
528.7228 	EXP 	Image: autoDraw = False
528.7228 	EXP 	ratingQ: text = 'How much are you craving this food?'
528.7228 	EXP 	text_3: text = 'Not at all                                                Very Much'
528.7228 	EXP 	ratingQ: autoDraw = True
528.7228 	EXP 	rating: autoDraw = True
528.7228 	EXP 	text_3: autoDraw = True
533.6932 	EXP 	ratingQ: autoDraw = False
533.7265 	EXP 	ratingQ: autoDraw = False
533.7265 	EXP 	rating: autoDraw = False
533.7265 	EXP 	text_3: autoDraw = False
533.7265 	EXP 	text_2: text = '+'
533.7265 	EXP 	text_2: autoDraw = True
535.7118 	EXP 	New trial (rep=0, index=9): OrderedDict([('Picture', 'FoodPics\\F4H\\watermelon.jpg')])
535.7851 	EXP 	text_2: autoDraw = False
535.7851 	EXP 	Image: size = array([1.5, 1. ])
535.7851 	EXP 	Image: image = 'FoodPics\\F4H\\watermelon.jpg'
535.7851 	EXP 	Image: autoDraw = True
543.7196 	EXP 	RatingScale rating: reset()
543.7349 	EXP 	Image: autoDraw = False
543.7349 	EXP 	ratingQ: text = 'How much are you craving this food?'
543.7349 	EXP 	text_3: text = 'Not at all                                                Very Much'
543.7349 	EXP 	ratingQ: autoDraw = True
543.7349 	EXP 	rating: autoDraw = True
543.7349 	EXP 	text_3: autoDraw = True
548.7056 	EXP 	ratingQ: autoDraw = False
548.7223 	EXP 	ratingQ: autoDraw = False
548.7223 	EXP 	rating: autoDraw = False
548.7223 	EXP 	text_3: autoDraw = False
548.7223 	EXP 	text_2: text = '+'
548.7223 	EXP 	text_2: autoDraw = True
550.7078 	EXP 	New trial (rep=0, index=3): OrderedDict([('CueType', 'REACT'), ('rows', '0054:0064'), ('CueType2', 'REGULATE')])
550.7241 	EXP 	text_2: autoDraw = False
550.7241 	EXP 	cue: text = 'REACT'
550.7241 	EXP 	ISI: text = '+'
550.7241 	EXP 	cue: autoDraw = True
555.7120 	EXP 	ISI: autoDraw = True
555.7285 	EXP 	cue: autoDraw = False
557.7018 	EXP 	Imported FoodReg.csv as conditions, 9 conditions, 1 params
557.7020 	EXP 	Created sequence: random, trialTypes=9, nReps=1, seed=None
557.7021 	EXP 	New trial (rep=0, index=0): OrderedDict([('Picture', 'FoodPics\\F4H\\croissants.jpg')])
557.7755 	EXP 	ISI: autoDraw = False
557.7755 	EXP 	cue: autoDraw = False
557.7755 	EXP 	ISI: autoDraw = False
557.7755 	EXP 	Image: size = array([1.5, 1. ])
557.7755 	EXP 	Image: image = 'FoodPics\\F4H\\croissants.jpg'
557.7755 	EXP 	Image: autoDraw = True
565.7207 	EXP 	RatingScale rating: reset()
565.7366 	EXP 	Image: autoDraw = False
565.7366 	EXP 	ratingQ: text = 'How much are you craving this food?'
565.7366 	EXP 	text_3: text = 'Not at all                                                Very Much'
565.7366 	EXP 	ratingQ: autoDraw = True
565.7366 	EXP 	rating: autoDraw = True
565.7366 	EXP 	text_3: autoDraw = True
570.7072 	EXP 	ratingQ: autoDraw = False
570.7240 	EXP 	ratingQ: autoDraw = False
570.7240 	EXP 	rating: autoDraw = False
570.7240 	EXP 	text_3: autoDraw = False
570.7240 	EXP 	text_2: text = '+'
570.7240 	EXP 	text_2: autoDraw = True
572.7094 	EXP 	New trial (rep=0, index=1): OrderedDict([('Picture', 'FoodPics\\F4H\\meatballs.jpg')])
572.7836 	EXP 	text_2: autoDraw = False
572.7836 	EXP 	Image: size = array([1.5, 1. ])
572.7836 	EXP 	Image: image = 'FoodPics\\F4H\\meatballs.jpg'
572.7836 	EXP 	Image: autoDraw = True
580.7163 	EXP 	RatingScale rating: reset()
580.7323 	EXP 	Image: autoDraw = False
580.7323 	EXP 	ratingQ: text = 'How much are you craving this food?'
580.7323 	EXP 	text_3: text = 'Not at all                                                Very Much'
580.7323 	EXP 	ratingQ: autoDraw = True
580.7323 	EXP 	rating: autoDraw = True
580.7323 	EXP 	text_3: autoDraw = True
585.7029 	EXP 	ratingQ: autoDraw = False
585.7366 	EXP 	ratingQ: autoDraw = False
585.7366 	EXP 	rating: autoDraw = False
585.7366 	EXP 	text_3: autoDraw = False
585.7366 	EXP 	text_2: text = '+'
585.7366 	EXP 	text_2: autoDraw = True
587.7052 	EXP 	New trial (rep=0, index=2): OrderedDict([('Picture', 'FoodPics\\F4H\\muffins2.jpg')])
587.7809 	EXP 	text_2: autoDraw = False
587.7809 	EXP 	Image: size = array([1.5, 1. ])
587.7809 	EXP 	Image: image = 'FoodPics\\F4H\\muffins2.jpg'
587.7809 	EXP 	Image: autoDraw = True
594.2791 	DATA 	Keypress: escape
594.4009 	EXP 	window1: mouseVisible = True
