6.5401 	WARNING 	User requested fullscreen with size [1024  768], but screen is actually [1920, 1200]. Using actual size
7.7514 	EXP 	Created window1 = Window(allowGUI=True, allowStencil=False, args=UNKNOWN, autoLog=True, bitsMode=UNKNOWN, blendMode='avg', color=array([0., 0., 0.]), colorSpace='rgb', fullscr=<method-wrapper '__getattribute__' of attributeSetter object at 0x000001B7D3B91668>, gamma=None, gammaErrorPolicy='raise', kwargs=UNKNOWN, lms=UNKNOWN, monitor=<psychopy.monitors.calibTools.Monitor object at 0x000001B7D3C29E48>, multiSample=False, name='window1', numSamples=2, pos=[0.0, 0.0], screen=0, size=array([1920, 1200]), stereo=False, units='height', useFBO=True, useRetina=False, viewOri=0.0, viewPos=None, viewScale=None, waitBlanking=True, winType='pyglet')
7.7515 	EXP 	window1: recordFrameIntervals = False
7.9179 	EXP 	window1: recordFrameIntervals = True
8.1011 	EXP 	window1: recordFrameIntervals = False
8.3194 	EXP 	Created Instructions = TextStim(__class__=<class 'psychopy.visual.text.TextStim'>, alignHoriz='center', alignVert='center', antialias=True, autoLog=True, bold=False, color='white', colorSpace='named', contrast=1.0, depth=0.0, flipHoriz=False, flipVert=False, font='Arial', fontFiles=[], height=0.06, italic=False, languageStyle='LTR', name='Instructions', opacity=1.0, ori=0, pos=array([0., 0.]), rgb=array([255., 255., 255.]), text=str(...), units='height', win=Window(...), wrapWidth=1.45)
8.3450 	EXP 	Created cue = TextStim(__class__=<class 'psychopy.visual.text.TextStim'>, alignHoriz='center', alignVert='center', antialias=True, autoLog=True, bold=False, color='white', colorSpace='named', contrast=1.0, depth=0.0, flipHoriz=False, flipVert=False, font='Arial', fontFiles=[], height=0.12, italic=False, languageStyle='LTR', name='cue', opacity=1.0, ori=0, pos=array([0., 0.]), rgb=array([255., 255., 255.]), text='default text', units='height', win=Window(...), wrapWidth=1)
8.3651 	EXP 	Created ISI = TextStim(__class__=<class 'psychopy.visual.text.TextStim'>, alignHoriz='center', alignVert='center', antialias=True, autoLog=True, bold=False, color='white', colorSpace='named', contrast=1.0, depth=-1.0, flipHoriz=False, flipVert=False, font='Arial', fontFiles=[], height=0.1, italic=False, languageStyle='LTR', name='ISI', opacity=1.0, ori=0, pos=array([0., 0.]), rgb=array([255., 255., 255.]), text='default text', units='height', win=Window(...), wrapWidth=1)
8.3672 	EXP 	Created Image = ImageStim(__class__=<class 'psychopy.visual.image.ImageStim'>, autoLog=True, color=array([1., 1., 1.]), colorSpace='rgb', contrast=1.0, depth=0.0, flipHoriz=False, flipVert=False, image='sin', interpolate=True, mask=None, maskParams=None, name='Image', opacity=1.0, ori=0.0, pos=array([0., 0.]), size=array([1., 1.]), texRes=128, units='height', win=Window(...))
8.3800 	EXP 	Created ratingQ = TextStim(__class__=<class 'psychopy.visual.text.TextStim'>, alignHoriz='center', alignVert='center', antialias=True, autoLog=True, bold=False, color='white', colorSpace='named', contrast=1.0, depth=0.0, flipHoriz=False, flipVert=False, font='Arial', fontFiles=[], height=0.07, italic=False, languageStyle='LTR', name='ratingQ', opacity=1.0, ori=0, pos=array([0.  , 0.15]), rgb=array([255., 255., 255.]), text='default text', units='height', win=Window(...), wrapWidth=1.3)
8.4300 	EXP 	Created rating = RatingScale(__class__=type(...), acceptKeys=['return'], acceptPreText=UNKNOWN, acceptSize=UNKNOWN, acceptText='accept?', autoLog=True, choices=['1', '2', '3', '4', '5', '6', '7'], depth=0, disappear=False, flipVert=False, high=6, kwargs=UNKNOWN, labels=list(...), leftKeys=['left'], lineColor='White', low=0, marker=ShapeStim(...), markerColor='DarkBlue', markerExpansion=UNKNOWN, markerStart=None, maxTime=0.0, minTime=0.4, mouseOnly=False, name='rating', noMouse=False, pos=[0.0, -0.35], precision=1, respKeys=['0', '1', '2', '3', '4', '5', '6'], rightKeys=['right'], scale='<default>', self=UNKNOWN, showAccept=True, showValue=True, singleClick=False, size=0.84, skipKeys=['tab'], stretch=1.0, textColor='LightGray', textFont='Helvetica Bold', textSize=0.168, tickHeight=-1, tickMarks=6.0, win=Window(...))
8.4403 	EXP 	Created text_3 = TextStim(__class__=<class 'psychopy.visual.text.TextStim'>, alignHoriz='center', alignVert='center', antialias=True, autoLog=True, bold=False, color='white', colorSpace='named', contrast=1.0, depth=-2.0, flipHoriz=False, flipVert=False, font='Arial', fontFiles=[], height=0.04, italic=False, languageStyle='LTR', name='text_3', opacity=1.0, ori=0, pos=array([ 0. , -0.1]), rgb=array([255., 255., 255.]), text='default text', units='height', win=Window(...), wrapWidth=1)
8.4445 	EXP 	Created text_2 = TextStim(__class__=<class 'psychopy.visual.text.TextStim'>, alignHoriz='center', alignVert='center', antialias=True, autoLog=True, bold=False, color='white', colorSpace='named', contrast=1.0, depth=0.0, flipHoriz=False, flipVert=False, font='Arial', fontFiles=[], height=0.1, italic=False, languageStyle='LTR', name='text_2', opacity=1.0, ori=0, pos=array([0., 0.]), rgb=array([255., 255., 255.]), text='default text', units='height', win=Window(...), wrapWidth=1)
8.4804 	EXP 	Created text = TextStim(__class__=<class 'psychopy.visual.text.TextStim'>, alignHoriz='center', alignVert='center', antialias=True, autoLog=True, bold=False, color='white', colorSpace='named', contrast=1.0, depth=0.0, flipHoriz=False, flipVert=False, font='Arial', fontFiles=[], height=0.08, italic=False, languageStyle='LTR', name='text', opacity=1.0, ori=0, pos=array([0., 0.]), rgb=array([255., 255., 255.]), text=str(...), units='height', win=Window(...), wrapWidth=1.5)
8.4853 	EXP 	Created cue = TextStim(__class__=<class 'psychopy.visual.text.TextStim'>, alignHoriz='center', alignVert='center', antialias=True, autoLog=True, bold=False, color='white', colorSpace='named', contrast=1.0, depth=0.0, flipHoriz=False, flipVert=False, font='Arial', fontFiles=[], height=0.12, italic=False, languageStyle='LTR', name='cue', opacity=1.0, ori=0, pos=array([0., 0.]), rgb=array([255., 255., 255.]), text='default text', units='height', win=Window(...), wrapWidth=1)
8.4896 	EXP 	Created ISI = TextStim(__class__=<class 'psychopy.visual.text.TextStim'>, alignHoriz='center', alignVert='center', antialias=True, autoLog=True, bold=False, color='white', colorSpace='named', contrast=1.0, depth=-1.0, flipHoriz=False, flipVert=False, font='Arial', fontFiles=[], height=0.1, italic=False, languageStyle='LTR', name='ISI', opacity=1.0, ori=0, pos=array([0., 0.]), rgb=array([255., 255., 255.]), text='default text', units='height', win=Window(...), wrapWidth=1)
8.4916 	EXP 	Created Image = ImageStim(__class__=<class 'psychopy.visual.image.ImageStim'>, autoLog=True, color=array([1., 1., 1.]), colorSpace='rgb', contrast=1.0, depth=0.0, flipHoriz=False, flipVert=False, image='sin', interpolate=True, mask=None, maskParams=None, name='Image', opacity=1.0, ori=0.0, pos=array([0., 0.]), size=array([1., 1.]), texRes=128, units='height', win=Window(...))
8.4948 	EXP 	Created ratingQ = TextStim(__class__=<class 'psychopy.visual.text.TextStim'>, alignHoriz='center', alignVert='center', antialias=True, autoLog=True, bold=False, color='white', colorSpace='named', contrast=1.0, depth=0.0, flipHoriz=False, flipVert=False, font='Arial', fontFiles=[], height=0.07, italic=False, languageStyle='LTR', name='ratingQ', opacity=1.0, ori=0, pos=array([0.  , 0.15]), rgb=array([255., 255., 255.]), text='default text', units='height', win=Window(...), wrapWidth=1.3)
8.5120 	EXP 	Created rating = RatingScale(__class__=type(...), acceptKeys=['return'], acceptPreText=UNKNOWN, acceptSize=UNKNOWN, acceptText='accept?', autoLog=True, choices=['1', '2', '3', '4', '5', '6', '7'], depth=0, disappear=False, flipVert=False, high=6, kwargs=UNKNOWN, labels=list(...), leftKeys=['left'], lineColor='White', low=0, marker=ShapeStim(...), markerColor='DarkBlue', markerExpansion=UNKNOWN, markerStart=None, maxTime=0.0, minTime=0.4, mouseOnly=False, name='rating', noMouse=False, pos=[0.0, -0.35], precision=1, respKeys=['0', '1', '2', '3', '4', '5', '6'], rightKeys=['right'], scale='<default>', self=UNKNOWN, showAccept=True, showValue=True, singleClick=False, size=0.84, skipKeys=['tab'], stretch=1.0, textColor='LightGray', textFont='Helvetica Bold', textSize=0.168, tickHeight=-1, tickMarks=6.0, win=Window(...))
8.5154 	EXP 	Created text_3 = TextStim(__class__=<class 'psychopy.visual.text.TextStim'>, alignHoriz='center', alignVert='center', antialias=True, autoLog=True, bold=False, color='white', colorSpace='named', contrast=1.0, depth=-2.0, flipHoriz=False, flipVert=False, font='Arial', fontFiles=[], height=0.04, italic=False, languageStyle='LTR', name='text_3', opacity=1.0, ori=0, pos=array([ 0. , -0.1]), rgb=array([255., 255., 255.]), text='default text', units='height', win=Window(...), wrapWidth=1)
8.5197 	EXP 	Created text_2 = TextStim(__class__=<class 'psychopy.visual.text.TextStim'>, alignHoriz='center', alignVert='center', antialias=True, autoLog=True, bold=False, color='white', colorSpace='named', contrast=1.0, depth=0.0, flipHoriz=False, flipVert=False, font='Arial', fontFiles=[], height=0.1, italic=False, languageStyle='LTR', name='text_2', opacity=1.0, ori=0, pos=array([0., 0.]), rgb=array([255., 255., 255.]), text='default text', units='height', win=Window(...), wrapWidth=1)
8.5507 	EXP 	Created ty = TextStim(__class__=<class 'psychopy.visual.text.TextStim'>, alignHoriz='center', alignVert='center', antialias=True, autoLog=True, bold=False, color='white', colorSpace='named', contrast=1.0, depth=0.0, flipHoriz=False, flipVert=False, font='Arial', fontFiles=[], height=0.08, italic=False, languageStyle='LTR', name='ty', opacity=1.0, ori=0, pos=array([0., 0.]), rgb=array([255., 255., 255.]), text=str(...), units='height', win=Window(...), wrapWidth=1.4)
8.5826 	EXP 	rating: flipVert = False
8.5826 	EXP 	rating: autoLog = True
8.5826 	EXP 	rating: flipVert = False
8.5826 	EXP 	rating: autoLog = True
8.5826 	EXP 	Instructions: autoDraw = True
10.5144 	EXP 	Imported foodRows.xlsx as conditions, 1 conditions, 3 params
10.5146 	EXP 	Created sequence: sequential, trialTypes=1, nReps=1, seed=None
10.5148 	EXP 	New trial (rep=0, index=0): OrderedDict([('CueType', 'REACT'), ('rows', '0010:0015'), ('CueType2', 'REGULATE')])
10.5382 	DATA 	Keypress: space
10.5420 	EXP 	Instructions: autoDraw = False
10.5420 	EXP 	cue: text = 'REACT'
10.5420 	EXP 	ISI: text = '+'
10.5420 	EXP 	cue: autoDraw = True
15.5407 	EXP 	ISI: autoDraw = True
15.5575 	EXP 	cue: autoDraw = False
17.4957 	EXP 	Imported FoodReg.csv as conditions, 3 conditions, 1 params
17.4958 	EXP 	Created sequence: random, trialTypes=3, nReps=1, seed=None
17.4960 	EXP 	New trial (rep=0, index=0): OrderedDict([('Picture', 'FoodPics\\F4H\\breadtwists.jpg')])
17.8256 	EXP 	cue: autoDraw = False
17.8256 	EXP 	ISI: autoDraw = False
17.8256 	EXP 	Image: size = array([1.5, 1. ])
17.8256 	EXP 	Image: image = 'FoodPics\\F4H\\breadtwists.jpg'
17.8256 	EXP 	Image: autoDraw = True
25.5224 	EXP 	RatingScale rating: reset()
25.5516 	EXP 	Image: autoDraw = False
25.5516 	EXP 	ratingQ: text = 'How much are you craving this food?'
25.5516 	EXP 	text_3: text = 'Not at all                                                Very Much'
25.5516 	EXP 	ratingQ: autoDraw = True
25.5516 	EXP 	rating: autoDraw = True
25.5516 	EXP 	text_3: autoDraw = True
30.5199 	EXP 	ratingQ: autoDraw = False
30.5199 	EXP 	rating: autoDraw = False
30.5199 	EXP 	text_3: autoDraw = False
30.5199 	EXP 	text_2: text = '+'
30.5199 	EXP 	text_2: autoDraw = True
32.5054 	EXP 	New trial (rep=0, index=1): OrderedDict([('Picture', 'FoodPics\\F4H\\bagels.jpg')])
32.5914 	EXP 	text_2: autoDraw = False
32.5914 	EXP 	Image: size = array([1.5, 1. ])
32.5914 	EXP 	Image: image = 'FoodPics\\F4H\\bagels.jpg'
32.5914 	EXP 	Image: autoDraw = True
40.4953 	EXP 	RatingScale rating: reset()
40.5112 	EXP 	Image: autoDraw = False
40.5112 	EXP 	ratingQ: text = 'How much are you craving this food?'
40.5112 	EXP 	text_3: text = 'Not at all                                                Very Much'
40.5112 	EXP 	ratingQ: autoDraw = True
40.5112 	EXP 	rating: autoDraw = True
40.5112 	EXP 	text_3: autoDraw = True
45.4823 	EXP 	ratingQ: autoDraw = False
45.5155 	EXP 	ratingQ: autoDraw = False
45.5155 	EXP 	rating: autoDraw = False
45.5155 	EXP 	text_3: autoDraw = False
45.5155 	EXP 	text_2: text = '+'
45.5155 	EXP 	text_2: autoDraw = True
47.5009 	EXP 	New trial (rep=0, index=2): OrderedDict([('Picture', 'FoodPics\\F4H\\banana.jpg')])
47.5809 	EXP 	text_2: autoDraw = False
47.5809 	EXP 	Image: size = array([1.5, 1. ])
47.5809 	EXP 	Image: image = 'FoodPics\\F4H\\banana.jpg'
47.5809 	EXP 	Image: autoDraw = True
55.5078 	EXP 	RatingScale rating: reset()
55.5240 	EXP 	Image: autoDraw = False
55.5240 	EXP 	ratingQ: text = 'How much are you craving this food?'
55.5240 	EXP 	text_3: text = 'Not at all                                                Very Much'
55.5240 	EXP 	ratingQ: autoDraw = True
55.5240 	EXP 	rating: autoDraw = True
55.5240 	EXP 	text_3: autoDraw = True
60.4947 	EXP 	ratingQ: autoDraw = False
60.5112 	EXP 	ratingQ: autoDraw = False
60.5112 	EXP 	rating: autoDraw = False
60.5112 	EXP 	text_3: autoDraw = False
60.5112 	EXP 	text_2: text = '+'
60.5112 	EXP 	text_2: autoDraw = True
62.5130 	EXP 	text_2: autoDraw = False
62.5130 	EXP 	text: autoDraw = True
69.5757 	EXP 	Imported foodRows.csv as conditions, 5 conditions, 3 params
69.5758 	EXP 	Created sequence: random, trialTypes=5, nReps=1, seed=None
69.5760 	EXP 	New trial (rep=0, index=0): OrderedDict([('CueType', 'REGULATE'), ('rows', '0035:0044'), ('CueType2', 'REACT')])
69.5953 	DATA 	Keypress: space
69.5995 	EXP 	text: autoDraw = False
69.5995 	EXP 	cue: text = 'REGULATE'
69.5995 	EXP 	ISI: text = '+'
69.5995 	EXP 	cue: autoDraw = True
74.5897 	EXP 	ISI: autoDraw = True
74.6063 	EXP 	cue: autoDraw = False
76.5780 	EXP 	Imported FoodReg.csv as conditions, 9 conditions, 1 params
76.5782 	EXP 	Created sequence: random, trialTypes=9, nReps=1, seed=None
76.5783 	EXP 	New trial (rep=0, index=0): OrderedDict([('Picture', 'FoodPics\\F4H\\pizza.jpg')])
76.6752 	EXP 	cue: autoDraw = False
76.6752 	EXP 	ISI: autoDraw = False
76.6752 	EXP 	Image: size = array([1.5, 1. ])
76.6752 	EXP 	Image: image = 'FoodPics\\F4H\\pizza.jpg'
76.6752 	EXP 	Image: autoDraw = True
84.5822 	EXP 	RatingScale rating: reset()
84.5981 	EXP 	Image: autoDraw = False
84.5981 	EXP 	ratingQ: text = 'How much are you craving this food?'
84.5981 	EXP 	text_3: text = 'Not at all                                                Very Much'
84.5981 	EXP 	ratingQ: autoDraw = True
84.5981 	EXP 	rating: autoDraw = True
84.5981 	EXP 	text_3: autoDraw = True
89.5687 	EXP 	ratingQ: autoDraw = False
89.6021 	EXP 	ratingQ: autoDraw = False
89.6021 	EXP 	rating: autoDraw = False
89.6021 	EXP 	text_3: autoDraw = False
89.6021 	EXP 	text_2: text = '+'
89.6021 	EXP 	text_2: autoDraw = True
91.5877 	EXP 	New trial (rep=0, index=1): OrderedDict([('Picture', 'FoodPics\\F4H\\strawberries.jpg')])
91.6642 	EXP 	text_2: autoDraw = False
91.6642 	EXP 	Image: size = array([1.5, 1. ])
91.6642 	EXP 	Image: image = 'FoodPics\\F4H\\strawberries.jpg'
91.6642 	EXP 	Image: autoDraw = True
99.5778 	EXP 	RatingScale rating: reset()
99.5939 	EXP 	Image: autoDraw = False
99.5939 	EXP 	ratingQ: text = 'How much are you craving this food?'
99.5939 	EXP 	text_3: text = 'Not at all                                                Very Much'
99.5939 	EXP 	ratingQ: autoDraw = True
99.5939 	EXP 	rating: autoDraw = True
99.5939 	EXP 	text_3: autoDraw = True
104.5644 	EXP 	ratingQ: autoDraw = False
104.5980 	EXP 	ratingQ: autoDraw = False
104.5980 	EXP 	rating: autoDraw = False
104.5980 	EXP 	text_3: autoDraw = False
104.5980 	EXP 	text_2: text = '+'
104.5980 	EXP 	text_2: autoDraw = True
106.5832 	EXP 	New trial (rep=0, index=2): OrderedDict([('Picture', 'FoodPics\\F4H\\eclair.jpg')])
107.5422 	EXP 	text_2: autoDraw = False
107.5422 	EXP 	Image: size = array([1.5, 1. ])
107.5422 	EXP 	Image: image = 'FoodPics\\F4H\\eclair.jpg'
107.5422 	EXP 	Image: autoDraw = True
114.5848 	EXP 	RatingScale rating: reset()
114.5973 	EXP 	Image: autoDraw = False
114.5973 	EXP 	ratingQ: text = 'How much are you craving this food?'
114.5973 	EXP 	text_3: text = 'Not at all                                                Very Much'
114.5973 	EXP 	ratingQ: autoDraw = True
114.5973 	EXP 	rating: autoDraw = True
114.5973 	EXP 	text_3: autoDraw = True
119.5771 	EXP 	ratingQ: autoDraw = False
119.5936 	EXP 	ratingQ: autoDraw = False
119.5936 	EXP 	rating: autoDraw = False
119.5936 	EXP 	text_3: autoDraw = False
119.5936 	EXP 	text_2: text = '+'
119.5936 	EXP 	text_2: autoDraw = True
121.5792 	EXP 	New trial (rep=0, index=3): OrderedDict([('Picture', 'FoodPics\\F4H\\mm.jpg')])
121.9271 	EXP 	text_2: autoDraw = False
121.9271 	EXP 	Image: size = array([1.5, 1. ])
121.9271 	EXP 	Image: image = 'FoodPics\\F4H\\mm.jpg'
121.9271 	EXP 	Image: autoDraw = True
129.5862 	EXP 	RatingScale rating: reset()
129.6020 	EXP 	Image: autoDraw = False
129.6020 	EXP 	ratingQ: text = 'How much are you craving this food?'
129.6020 	EXP 	text_3: text = 'Not at all                                                Very Much'
129.6020 	EXP 	ratingQ: autoDraw = True
129.6020 	EXP 	rating: autoDraw = True
129.6020 	EXP 	text_3: autoDraw = True
134.5728 	EXP 	ratingQ: autoDraw = False
134.6065 	EXP 	ratingQ: autoDraw = False
134.6065 	EXP 	rating: autoDraw = False
134.6065 	EXP 	text_3: autoDraw = False
134.6065 	EXP 	text_2: text = '+'
134.6065 	EXP 	text_2: autoDraw = True
136.5747 	EXP 	New trial (rep=0, index=4): OrderedDict([('Picture', 'FoodPics\\F4H\\ritz.jpg')])
136.6572 	EXP 	text_2: autoDraw = False
136.6572 	EXP 	Image: size = array([1.5, 1. ])
136.6572 	EXP 	Image: image = 'FoodPics\\F4H\\ritz.jpg'
136.6572 	EXP 	Image: autoDraw = True
144.5814 	EXP 	RatingScale rating: reset()
144.5974 	EXP 	Image: autoDraw = False
144.5974 	EXP 	ratingQ: text = 'How much are you craving this food?'
144.5974 	EXP 	text_3: text = 'Not at all                                                Very Much'
144.5974 	EXP 	ratingQ: autoDraw = True
144.5974 	EXP 	rating: autoDraw = True
144.5974 	EXP 	text_3: autoDraw = True
149.5693 	EXP 	ratingQ: autoDraw = False
149.6029 	EXP 	ratingQ: autoDraw = False
149.6029 	EXP 	rating: autoDraw = False
149.6029 	EXP 	text_3: autoDraw = False
149.6029 	EXP 	text_2: text = '+'
149.6029 	EXP 	text_2: autoDraw = True
151.5895 	EXP 	New trial (rep=0, index=5): OrderedDict([('Picture', 'FoodPics\\F4H\\oreos.jpg')])
151.6930 	EXP 	text_2: autoDraw = False
151.6930 	EXP 	Image: size = array([1.5, 1. ])
151.6930 	EXP 	Image: image = 'FoodPics\\F4H\\oreos.jpg'
151.6930 	EXP 	Image: autoDraw = True
159.5773 	EXP 	RatingScale rating: reset()
159.5933 	EXP 	Image: autoDraw = False
159.5933 	EXP 	ratingQ: text = 'How much are you craving this food?'
159.5933 	EXP 	text_3: text = 'Not at all                                                Very Much'
159.5933 	EXP 	ratingQ: autoDraw = True
159.5933 	EXP 	rating: autoDraw = True
159.5933 	EXP 	text_3: autoDraw = True
164.5641 	EXP 	ratingQ: autoDraw = False
164.5974 	EXP 	ratingQ: autoDraw = False
164.5974 	EXP 	rating: autoDraw = False
164.5974 	EXP 	text_3: autoDraw = False
164.5974 	EXP 	text_2: text = '+'
164.5974 	EXP 	text_2: autoDraw = True
166.5826 	EXP 	New trial (rep=0, index=6): OrderedDict([('Picture', 'FoodPics\\F4H\\pretzels.jpg')])
166.6586 	EXP 	text_2: autoDraw = False
166.6586 	EXP 	Image: size = array([1.5, 1. ])
166.6586 	EXP 	Image: image = 'FoodPics\\F4H\\pretzels.jpg'
166.6586 	EXP 	Image: autoDraw = True
174.5900 	EXP 	RatingScale rating: reset()
174.6057 	EXP 	Image: autoDraw = False
174.6057 	EXP 	ratingQ: text = 'How much are you craving this food?'
174.6057 	EXP 	text_3: text = 'Not at all                                                Very Much'
174.6057 	EXP 	ratingQ: autoDraw = True
174.6057 	EXP 	rating: autoDraw = True
174.6057 	EXP 	text_3: autoDraw = True
179.5764 	EXP 	ratingQ: autoDraw = False
179.5930 	EXP 	ratingQ: autoDraw = False
179.5930 	EXP 	rating: autoDraw = False
179.5930 	EXP 	text_3: autoDraw = False
179.5930 	EXP 	text_2: text = '+'
179.5930 	EXP 	text_2: autoDraw = True
181.5786 	EXP 	New trial (rep=0, index=7): OrderedDict([('Picture', 'FoodPics\\F4H\\pretzel.jpg')])
181.6527 	EXP 	text_2: autoDraw = False
181.6527 	EXP 	Image: size = array([1.5, 1. ])
181.6527 	EXP 	Image: image = 'FoodPics\\F4H\\pretzel.jpg'
181.6527 	EXP 	Image: autoDraw = True
189.5853 	EXP 	RatingScale rating: reset()
189.6017 	EXP 	Image: autoDraw = False
189.6017 	EXP 	ratingQ: text = 'How much are you craving this food?'
189.6017 	EXP 	text_3: text = 'Not at all                                                Very Much'
189.6017 	EXP 	ratingQ: autoDraw = True
189.6017 	EXP 	rating: autoDraw = True
189.6017 	EXP 	text_3: autoDraw = True
194.5721 	EXP 	ratingQ: autoDraw = False
194.6054 	EXP 	ratingQ: autoDraw = False
194.6054 	EXP 	rating: autoDraw = False
194.6054 	EXP 	text_3: autoDraw = False
194.6054 	EXP 	text_2: text = '+'
194.6054 	EXP 	text_2: autoDraw = True
196.5741 	EXP 	New trial (rep=0, index=8): OrderedDict([('Picture', 'FoodPics\\F4H\\chocbar.jpg')])
196.8308 	EXP 	text_2: autoDraw = False
196.8308 	EXP 	Image: size = array([1.5, 1. ])
196.8308 	EXP 	Image: image = 'FoodPics\\F4H\\chocbar.jpg'
196.8308 	EXP 	Image: autoDraw = True
204.5812 	EXP 	RatingScale rating: reset()
204.5973 	EXP 	Image: autoDraw = False
204.5973 	EXP 	ratingQ: text = 'How much are you craving this food?'
204.5973 	EXP 	text_3: text = 'Not at all                                                Very Much'
204.5973 	EXP 	ratingQ: autoDraw = True
204.5973 	EXP 	rating: autoDraw = True
204.5973 	EXP 	text_3: autoDraw = True
209.5680 	EXP 	ratingQ: autoDraw = False
209.6013 	EXP 	ratingQ: autoDraw = False
209.6013 	EXP 	rating: autoDraw = False
209.6013 	EXP 	text_3: autoDraw = False
209.6013 	EXP 	text_2: text = '+'
209.6013 	EXP 	text_2: autoDraw = True
211.5868 	EXP 	New trial (rep=0, index=1): OrderedDict([('CueType', 'REACT'), ('rows', '0015:0024'), ('CueType2', 'REGULATE')])
211.6031 	EXP 	text_2: autoDraw = False
211.6031 	EXP 	cue: text = 'REACT'
211.6031 	EXP 	ISI: text = '+'
211.6031 	EXP 	cue: autoDraw = True
216.5904 	EXP 	ISI: autoDraw = True
216.6075 	EXP 	cue: autoDraw = False
218.5788 	EXP 	Imported FoodReg.csv as conditions, 9 conditions, 1 params
218.5790 	EXP 	Created sequence: random, trialTypes=9, nReps=1, seed=None
218.5792 	EXP 	New trial (rep=0, index=0): OrderedDict([('Picture', 'FoodPics\\F4H\\cookies.jpg')])
218.6569 	EXP 	cue: autoDraw = False
218.6569 	EXP 	ISI: autoDraw = False
218.6569 	EXP 	Image: size = array([1.5, 1. ])
218.6569 	EXP 	Image: image = 'FoodPics\\F4H\\cookies.jpg'
218.6569 	EXP 	Image: autoDraw = True
226.5829 	EXP 	RatingScale rating: reset()
226.5989 	EXP 	Image: autoDraw = False
226.5989 	EXP 	ratingQ: text = 'How much are you craving this food?'
226.5989 	EXP 	text_3: text = 'Not at all                                                Very Much'
226.5989 	EXP 	ratingQ: autoDraw = True
226.5989 	EXP 	rating: autoDraw = True
226.5989 	EXP 	text_3: autoDraw = True
231.5698 	EXP 	ratingQ: autoDraw = False
231.6028 	EXP 	ratingQ: autoDraw = False
231.6028 	EXP 	rating: autoDraw = False
231.6028 	EXP 	text_3: autoDraw = False
231.6028 	EXP 	text_2: text = '+'
231.6028 	EXP 	text_2: autoDraw = True
233.5884 	EXP 	New trial (rep=0, index=1): OrderedDict([('Picture', 'FoodPics\\F4H\\chocolates.jpg')])
233.6623 	EXP 	text_2: autoDraw = False
233.6623 	EXP 	Image: size = array([1.5, 1. ])
233.6623 	EXP 	Image: image = 'FoodPics\\F4H\\chocolates.jpg'
233.6623 	EXP 	Image: autoDraw = True
241.5785 	EXP 	RatingScale rating: reset()
241.5944 	EXP 	Image: autoDraw = False
241.5944 	EXP 	ratingQ: text = 'How much are you craving this food?'
241.5944 	EXP 	text_3: text = 'Not at all                                                Very Much'
241.5944 	EXP 	ratingQ: autoDraw = True
241.5944 	EXP 	rating: autoDraw = True
241.5944 	EXP 	text_3: autoDraw = True
246.5653 	EXP 	ratingQ: autoDraw = False
246.5986 	EXP 	ratingQ: autoDraw = False
246.5986 	EXP 	rating: autoDraw = False
246.5986 	EXP 	text_3: autoDraw = False
246.5986 	EXP 	text_2: text = '+'
246.5986 	EXP 	text_2: autoDraw = True
248.5842 	EXP 	New trial (rep=0, index=2): OrderedDict([('Picture', 'FoodPics\\F4H\\cracker.jpg')])
248.8398 	EXP 	text_2: autoDraw = False
248.8398 	EXP 	Image: size = array([1.5, 1. ])
248.8398 	EXP 	Image: image = 'FoodPics\\F4H\\cracker.jpg'
248.8398 	EXP 	Image: autoDraw = True
256.5743 	EXP 	RatingScale rating: reset()
256.5903 	EXP 	Image: autoDraw = False
256.5903 	EXP 	ratingQ: text = 'How much are you craving this food?'
256.5903 	EXP 	text_3: text = 'Not at all                                                Very Much'
256.5903 	EXP 	ratingQ: autoDraw = True
256.5903 	EXP 	rating: autoDraw = True
256.5903 	EXP 	text_3: autoDraw = True
261.5612 	EXP 	ratingQ: autoDraw = False
261.5944 	EXP 	ratingQ: autoDraw = False
261.5944 	EXP 	rating: autoDraw = False
261.5944 	EXP 	text_3: autoDraw = False
261.5944 	EXP 	text_2: text = '+'
261.5944 	EXP 	text_2: autoDraw = True
263.5799 	EXP 	New trial (rep=0, index=3): OrderedDict([('Picture', 'FoodPics\\F4H\\donutes.jpg')])
263.6589 	EXP 	text_2: autoDraw = False
263.6589 	EXP 	Image: size = array([1.5, 1. ])
263.6589 	EXP 	Image: image = 'FoodPics\\F4H\\donutes.jpg'
263.6589 	EXP 	Image: autoDraw = True
271.5869 	EXP 	RatingScale rating: reset()
271.6028 	EXP 	Image: autoDraw = False
271.6028 	EXP 	ratingQ: text = 'How much are you craving this food?'
271.6028 	EXP 	text_3: text = 'Not at all                                                Very Much'
271.6028 	EXP 	ratingQ: autoDraw = True
271.6028 	EXP 	rating: autoDraw = True
271.6028 	EXP 	text_3: autoDraw = True
276.5736 	EXP 	ratingQ: autoDraw = False
276.5902 	EXP 	ratingQ: autoDraw = False
276.5902 	EXP 	rating: autoDraw = False
276.5902 	EXP 	text_3: autoDraw = False
276.5902 	EXP 	text_2: text = '+'
276.5902 	EXP 	text_2: autoDraw = True
278.5757 	EXP 	New trial (rep=0, index=4): OrderedDict([('Picture', 'FoodPics\\F4H\\chocolate2.jpg')])
278.6494 	EXP 	text_2: autoDraw = False
278.6494 	EXP 	Image: size = array([1.5, 1. ])
278.6494 	EXP 	Image: image = 'FoodPics\\F4H\\chocolate2.jpg'
278.6494 	EXP 	Image: autoDraw = True
286.5828 	EXP 	RatingScale rating: reset()
286.5988 	EXP 	Image: autoDraw = False
286.5988 	EXP 	ratingQ: text = 'How much are you craving this food?'
286.5988 	EXP 	text_3: text = 'Not at all                                                Very Much'
286.5988 	EXP 	ratingQ: autoDraw = True
286.5988 	EXP 	rating: autoDraw = True
286.5988 	EXP 	text_3: autoDraw = True
291.5692 	EXP 	ratingQ: autoDraw = False
291.6030 	EXP 	ratingQ: autoDraw = False
291.6030 	EXP 	rating: autoDraw = False
291.6030 	EXP 	text_3: autoDraw = False
291.6030 	EXP 	text_2: text = '+'
291.6030 	EXP 	text_2: autoDraw = True
293.5881 	EXP 	New trial (rep=0, index=5): OrderedDict([('Picture', 'FoodPics\\F4H\\croissant.jpg')])
293.6634 	EXP 	text_2: autoDraw = False
293.6634 	EXP 	Image: size = array([1.5, 1. ])
293.6634 	EXP 	Image: image = 'FoodPics\\F4H\\croissant.jpg'
293.6634 	EXP 	Image: autoDraw = True
301.5784 	EXP 	RatingScale rating: reset()
301.5944 	EXP 	Image: autoDraw = False
301.5944 	EXP 	ratingQ: text = 'How much are you craving this food?'
301.5944 	EXP 	text_3: text = 'Not at all                                                Very Much'
301.5944 	EXP 	ratingQ: autoDraw = True
301.5944 	EXP 	rating: autoDraw = True
301.5944 	EXP 	text_3: autoDraw = True
306.5653 	EXP 	ratingQ: autoDraw = False
306.5987 	EXP 	ratingQ: autoDraw = False
306.5987 	EXP 	rating: autoDraw = False
306.5987 	EXP 	text_3: autoDraw = False
306.5987 	EXP 	text_2: text = '+'
306.5987 	EXP 	text_2: autoDraw = True
308.5838 	EXP 	New trial (rep=0, index=6): OrderedDict([('Picture', 'FoodPics\\F4H\\empanadas.jpg')])
308.8342 	EXP 	text_2: autoDraw = False
308.8342 	EXP 	Image: size = array([1.5, 1. ])
308.8342 	EXP 	Image: image = 'FoodPics\\F4H\\empanadas.jpg'
308.8342 	EXP 	Image: autoDraw = True
316.5741 	EXP 	RatingScale rating: reset()
316.5902 	EXP 	Image: autoDraw = False
316.5902 	EXP 	ratingQ: text = 'How much are you craving this food?'
316.5902 	EXP 	text_3: text = 'Not at all                                                Very Much'
316.5902 	EXP 	ratingQ: autoDraw = True
316.5902 	EXP 	rating: autoDraw = True
316.5902 	EXP 	text_3: autoDraw = True
321.5609 	EXP 	ratingQ: autoDraw = False
321.5941 	EXP 	ratingQ: autoDraw = False
321.5941 	EXP 	rating: autoDraw = False
321.5941 	EXP 	text_3: autoDraw = False
321.5941 	EXP 	text_2: text = '+'
321.5941 	EXP 	text_2: autoDraw = True
323.5796 	EXP 	New trial (rep=0, index=7): OrderedDict([('Picture', 'FoodPics\\F4H\\cake.jpg')])
323.8146 	EXP 	text_2: autoDraw = False
323.8146 	EXP 	Image: size = array([1.5, 1. ])
323.8146 	EXP 	Image: image = 'FoodPics\\F4H\\cake.jpg'
323.8146 	EXP 	Image: autoDraw = True
331.5866 	EXP 	RatingScale rating: reset()
331.6026 	EXP 	Image: autoDraw = False
331.6026 	EXP 	ratingQ: text = 'How much are you craving this food?'
331.6026 	EXP 	text_3: text = 'Not at all                                                Very Much'
331.6026 	EXP 	ratingQ: autoDraw = True
331.6026 	EXP 	rating: autoDraw = True
331.6026 	EXP 	text_3: autoDraw = True
336.5732 	EXP 	ratingQ: autoDraw = False
336.5899 	EXP 	ratingQ: autoDraw = False
336.5899 	EXP 	rating: autoDraw = False
336.5899 	EXP 	text_3: autoDraw = False
336.5899 	EXP 	text_2: text = '+'
336.5899 	EXP 	text_2: autoDraw = True
338.5755 	EXP 	New trial (rep=0, index=8): OrderedDict([('Picture', 'FoodPics\\F4H\\donuts.jpg')])
338.6549 	EXP 	text_2: autoDraw = False
338.6549 	EXP 	Image: size = array([1.5, 1. ])
338.6549 	EXP 	Image: image = 'FoodPics\\F4H\\donuts.jpg'
338.6549 	EXP 	Image: autoDraw = True
346.5825 	EXP 	RatingScale rating: reset()
346.5984 	EXP 	Image: autoDraw = False
346.5984 	EXP 	ratingQ: text = 'How much are you craving this food?'
346.5984 	EXP 	text_3: text = 'Not at all                                                Very Much'
346.5984 	EXP 	ratingQ: autoDraw = True
346.5984 	EXP 	rating: autoDraw = True
346.5984 	EXP 	text_3: autoDraw = True
351.5693 	EXP 	ratingQ: autoDraw = False
351.6023 	EXP 	ratingQ: autoDraw = False
351.6023 	EXP 	rating: autoDraw = False
351.6023 	EXP 	text_3: autoDraw = False
351.6023 	EXP 	text_2: text = '+'
351.6023 	EXP 	text_2: autoDraw = True
353.5878 	EXP 	New trial (rep=0, index=2): OrderedDict([('CueType', 'REACT'), ('rows', '0025:0034'), ('CueType2', 'REGULATE')])
353.6040 	EXP 	text_2: autoDraw = False
353.6040 	EXP 	cue: text = 'REACT'
353.6040 	EXP 	ISI: text = '+'
353.6040 	EXP 	cue: autoDraw = True
358.5749 	EXP 	ISI: autoDraw = True
358.6082 	EXP 	cue: autoDraw = False
360.5646 	EXP 	Imported FoodReg.csv as conditions, 9 conditions, 1 params
360.5648 	EXP 	Created sequence: random, trialTypes=9, nReps=1, seed=None
360.5649 	EXP 	New trial (rep=0, index=0): OrderedDict([('Picture', 'FoodPics\\F4H\\fries.jpg')])
360.6454 	EXP 	ISI: autoDraw = False
360.6454 	EXP 	cue: autoDraw = False
360.6454 	EXP 	ISI: autoDraw = False
360.6454 	EXP 	Image: size = array([1.5, 1. ])
360.6454 	EXP 	Image: image = 'FoodPics\\F4H\\fries.jpg'
360.6454 	EXP 	Image: autoDraw = True
368.5841 	EXP 	RatingScale rating: reset()
368.5999 	EXP 	Image: autoDraw = False
368.5999 	EXP 	ratingQ: text = 'How much are you craving this food?'
368.5999 	EXP 	text_3: text = 'Not at all                                                Very Much'
368.5999 	EXP 	ratingQ: autoDraw = True
368.5999 	EXP 	rating: autoDraw = True
368.5999 	EXP 	text_3: autoDraw = True
373.5711 	EXP 	ratingQ: autoDraw = False
373.6039 	EXP 	ratingQ: autoDraw = False
373.6039 	EXP 	rating: autoDraw = False
373.6039 	EXP 	text_3: autoDraw = False
373.6039 	EXP 	text_2: text = '+'
373.6039 	EXP 	text_2: autoDraw = True
375.5897 	EXP 	New trial (rep=0, index=1): OrderedDict([('Picture', 'FoodPics\\F4H\\doritos.jpg')])
375.6740 	EXP 	text_2: autoDraw = False
375.6740 	EXP 	Image: size = array([1.5, 1. ])
375.6740 	EXP 	Image: image = 'FoodPics\\F4H\\doritos.jpg'
375.6740 	EXP 	Image: autoDraw = True
383.5797 	EXP 	RatingScale rating: reset()
383.5957 	EXP 	Image: autoDraw = False
383.5957 	EXP 	ratingQ: text = 'How much are you craving this food?'
383.5957 	EXP 	text_3: text = 'Not at all                                                Very Much'
383.5957 	EXP 	ratingQ: autoDraw = True
383.5957 	EXP 	rating: autoDraw = True
383.5957 	EXP 	text_3: autoDraw = True
388.5666 	EXP 	ratingQ: autoDraw = False
388.5997 	EXP 	ratingQ: autoDraw = False
388.5997 	EXP 	rating: autoDraw = False
388.5997 	EXP 	text_3: autoDraw = False
388.5997 	EXP 	text_2: text = '+'
388.5997 	EXP 	text_2: autoDraw = True
390.5853 	EXP 	New trial (rep=0, index=2): OrderedDict([('Picture', 'FoodPics\\F4H\\grapefruit.jpg')])
390.6615 	EXP 	text_2: autoDraw = False
390.6615 	EXP 	Image: size = array([1.5, 1. ])
390.6615 	EXP 	Image: image = 'FoodPics\\F4H\\grapefruit.jpg'
390.6615 	EXP 	Image: autoDraw = True
398.5756 	EXP 	RatingScale rating: reset()
398.5914 	EXP 	Image: autoDraw = False
398.5914 	EXP 	ratingQ: text = 'How much are you craving this food?'
398.5914 	EXP 	text_3: text = 'Not at all                                                Very Much'
398.5914 	EXP 	ratingQ: autoDraw = True
398.5914 	EXP 	rating: autoDraw = True
398.5914 	EXP 	text_3: autoDraw = True
403.5622 	EXP 	ratingQ: autoDraw = False
403.5957 	EXP 	ratingQ: autoDraw = False
403.5957 	EXP 	rating: autoDraw = False
403.5957 	EXP 	text_3: autoDraw = False
403.5957 	EXP 	text_2: text = '+'
403.5957 	EXP 	text_2: autoDraw = True
405.5808 	EXP 	New trial (rep=0, index=3): OrderedDict([('Picture', 'FoodPics\\F4H\\marshmallows.jpg')])
405.6560 	EXP 	text_2: autoDraw = False
405.6560 	EXP 	Image: size = array([1.5, 1. ])
405.6560 	EXP 	Image: image = 'FoodPics\\F4H\\marshmallows.jpg'
405.6560 	EXP 	Image: autoDraw = True
413.5880 	EXP 	RatingScale rating: reset()
413.6040 	EXP 	Image: autoDraw = False
413.6040 	EXP 	ratingQ: text = 'How much are you craving this food?'
413.6040 	EXP 	text_3: text = 'Not at all                                                Very Much'
413.6040 	EXP 	ratingQ: autoDraw = True
413.6040 	EXP 	rating: autoDraw = True
413.6040 	EXP 	text_3: autoDraw = True
418.5748 	EXP 	ratingQ: autoDraw = False
418.5913 	EXP 	ratingQ: autoDraw = False
418.5913 	EXP 	rating: autoDraw = False
418.5913 	EXP 	text_3: autoDraw = False
418.5913 	EXP 	text_2: text = '+'
418.5913 	EXP 	text_2: autoDraw = True
420.5770 	EXP 	New trial (rep=0, index=4): OrderedDict([('Picture', 'FoodPics\\F4H\\fruittart.jpg')])
420.6528 	EXP 	text_2: autoDraw = False
420.6528 	EXP 	Image: size = array([1.5, 1. ])
420.6528 	EXP 	Image: image = 'FoodPics\\F4H\\fruittart.jpg'
420.6528 	EXP 	Image: autoDraw = True
428.5836 	EXP 	RatingScale rating: reset()
428.5997 	EXP 	Image: autoDraw = False
428.5997 	EXP 	ratingQ: text = 'How much are you craving this food?'
428.5997 	EXP 	text_3: text = 'Not at all                                                Very Much'
428.5997 	EXP 	ratingQ: autoDraw = True
428.5997 	EXP 	rating: autoDraw = True
428.5997 	EXP 	text_3: autoDraw = True
433.5703 	EXP 	ratingQ: autoDraw = False
433.6036 	EXP 	ratingQ: autoDraw = False
433.6036 	EXP 	rating: autoDraw = False
433.6036 	EXP 	text_3: autoDraw = False
433.6036 	EXP 	text_2: text = '+'
433.6036 	EXP 	text_2: autoDraw = True
435.5893 	EXP 	New trial (rep=0, index=5): OrderedDict([('Picture', 'FoodPics\\F4H\\gummybears.jpg')])
435.6644 	EXP 	text_2: autoDraw = False
435.6644 	EXP 	Image: size = array([1.5, 1. ])
435.6644 	EXP 	Image: image = 'FoodPics\\F4H\\gummybears.jpg'
435.6644 	EXP 	Image: autoDraw = True
443.5795 	EXP 	RatingScale rating: reset()
443.5956 	EXP 	Image: autoDraw = False
443.5956 	EXP 	ratingQ: text = 'How much are you craving this food?'
443.5956 	EXP 	text_3: text = 'Not at all                                                Very Much'
443.5956 	EXP 	ratingQ: autoDraw = True
443.5956 	EXP 	rating: autoDraw = True
443.5956 	EXP 	text_3: autoDraw = True
448.5663 	EXP 	ratingQ: autoDraw = False
448.5996 	EXP 	ratingQ: autoDraw = False
448.5996 	EXP 	rating: autoDraw = False
448.5996 	EXP 	text_3: autoDraw = False
448.5996 	EXP 	text_2: text = '+'
448.5996 	EXP 	text_2: autoDraw = True
450.5849 	EXP 	New trial (rep=0, index=6): OrderedDict([('Picture', 'FoodPics\\F4H\\kitkat.jpg')])
450.6568 	EXP 	text_2: autoDraw = False
450.6568 	EXP 	Image: size = array([1.5, 1. ])
450.6568 	EXP 	Image: image = 'FoodPics\\F4H\\kitkat.jpg'
450.6568 	EXP 	Image: autoDraw = True
458.5755 	EXP 	RatingScale rating: reset()
458.5913 	EXP 	Image: autoDraw = False
458.5913 	EXP 	ratingQ: text = 'How much are you craving this food?'
458.5913 	EXP 	text_3: text = 'Not at all                                                Very Much'
458.5913 	EXP 	ratingQ: autoDraw = True
458.5913 	EXP 	rating: autoDraw = True
458.5913 	EXP 	text_3: autoDraw = True
463.5618 	EXP 	ratingQ: autoDraw = False
463.5953 	EXP 	ratingQ: autoDraw = False
463.5953 	EXP 	rating: autoDraw = False
463.5953 	EXP 	text_3: autoDraw = False
463.5953 	EXP 	text_2: text = '+'
463.5953 	EXP 	text_2: autoDraw = True
465.5807 	EXP 	New trial (rep=0, index=7): OrderedDict([('Picture', 'FoodPics\\F4H\\icecream.jpg')])
465.6533 	EXP 	text_2: autoDraw = False
465.6533 	EXP 	Image: size = array([1.5, 1. ])
465.6533 	EXP 	Image: image = 'FoodPics\\F4H\\icecream.jpg'
465.6533 	EXP 	Image: autoDraw = True
473.5881 	EXP 	RatingScale rating: reset()
473.6042 	EXP 	Image: autoDraw = False
473.6042 	EXP 	ratingQ: text = 'How much are you craving this food?'
473.6042 	EXP 	text_3: text = 'Not at all                                                Very Much'
473.6042 	EXP 	ratingQ: autoDraw = True
473.6042 	EXP 	rating: autoDraw = True
473.6042 	EXP 	text_3: autoDraw = True
478.5742 	EXP 	ratingQ: autoDraw = False
478.5911 	EXP 	ratingQ: autoDraw = False
478.5911 	EXP 	rating: autoDraw = False
478.5911 	EXP 	text_3: autoDraw = False
478.5911 	EXP 	text_2: text = '+'
478.5911 	EXP 	text_2: autoDraw = True
480.5765 	EXP 	New trial (rep=0, index=8): OrderedDict([('Picture', 'FoodPics\\F4H\\hamburgers.jpg')])
480.6491 	EXP 	text_2: autoDraw = False
480.6491 	EXP 	Image: size = array([1.5, 1. ])
480.6491 	EXP 	Image: image = 'FoodPics\\F4H\\hamburgers.jpg'
480.6491 	EXP 	Image: autoDraw = True
488.5835 	EXP 	RatingScale rating: reset()
488.5995 	EXP 	Image: autoDraw = False
488.5995 	EXP 	ratingQ: text = 'How much are you craving this food?'
488.5995 	EXP 	text_3: text = 'Not at all                                                Very Much'
488.5995 	EXP 	ratingQ: autoDraw = True
488.5995 	EXP 	rating: autoDraw = True
488.5995 	EXP 	text_3: autoDraw = True
493.5703 	EXP 	ratingQ: autoDraw = False
493.6035 	EXP 	ratingQ: autoDraw = False
493.6035 	EXP 	rating: autoDraw = False
493.6035 	EXP 	text_3: autoDraw = False
493.6035 	EXP 	text_2: text = '+'
493.6035 	EXP 	text_2: autoDraw = True
495.5890 	EXP 	New trial (rep=0, index=3): OrderedDict([('CueType', 'REGULATE'), ('rows', '0045:0054'), ('CueType2', 'REACT')])
495.6050 	EXP 	text_2: autoDraw = False
495.6050 	EXP 	cue: text = 'REGULATE'
495.6050 	EXP 	ISI: text = '+'
495.6050 	EXP 	cue: autoDraw = True
500.5927 	EXP 	ISI: autoDraw = True
500.6095 	EXP 	cue: autoDraw = False
502.5810 	EXP 	Imported FoodReg.csv as conditions, 9 conditions, 1 params
502.5812 	EXP 	Created sequence: random, trialTypes=9, nReps=1, seed=None
502.5814 	EXP 	New trial (rep=0, index=0): OrderedDict([('Picture', 'FoodPics\\F4H\\cookies2.jpg')])
502.6539 	EXP 	cue: autoDraw = False
502.6539 	EXP 	ISI: autoDraw = False
502.6539 	EXP 	Image: size = array([1.5, 1. ])
502.6539 	EXP 	Image: image = 'FoodPics\\F4H\\cookies2.jpg'
502.6539 	EXP 	Image: autoDraw = True
510.5852 	EXP 	RatingScale rating: reset()
510.6010 	EXP 	Image: autoDraw = False
510.6010 	EXP 	ratingQ: text = 'How much are you craving this food?'
510.6010 	EXP 	text_3: text = 'Not at all                                                Very Much'
510.6010 	EXP 	ratingQ: autoDraw = True
510.6010 	EXP 	rating: autoDraw = True
510.6010 	EXP 	text_3: autoDraw = True
515.5717 	EXP 	ratingQ: autoDraw = False
515.6053 	EXP 	ratingQ: autoDraw = False
515.6053 	EXP 	rating: autoDraw = False
515.6053 	EXP 	text_3: autoDraw = False
515.6053 	EXP 	text_2: text = '+'
515.6053 	EXP 	text_2: autoDraw = True
517.5741 	EXP 	New trial (rep=0, index=1): OrderedDict([('Picture', 'FoodPics\\F4H\\pretzelsticks.jpg')])
517.6461 	EXP 	text_2: autoDraw = False
517.6461 	EXP 	Image: size = array([1.5, 1. ])
517.6461 	EXP 	Image: image = 'FoodPics\\F4H\\pretzelsticks.jpg'
517.6461 	EXP 	Image: autoDraw = True
525.5807 	EXP 	RatingScale rating: reset()
525.5972 	EXP 	Image: autoDraw = False
525.5972 	EXP 	ratingQ: text = 'How much are you craving this food?'
525.5972 	EXP 	text_3: text = 'Not at all                                                Very Much'
525.5972 	EXP 	ratingQ: autoDraw = True
525.5972 	EXP 	rating: autoDraw = True
525.5972 	EXP 	text_3: autoDraw = True
530.5677 	EXP 	ratingQ: autoDraw = False
530.6009 	EXP 	ratingQ: autoDraw = False
530.6009 	EXP 	rating: autoDraw = False
530.6009 	EXP 	text_3: autoDraw = False
530.6009 	EXP 	text_2: text = '+'
530.6009 	EXP 	text_2: autoDraw = True
532.5865 	EXP 	New trial (rep=0, index=2): OrderedDict([('Picture', 'FoodPics\\F4H\\steak.jpg')])
532.6609 	EXP 	text_2: autoDraw = False
532.6609 	EXP 	Image: size = array([1.5, 1. ])
532.6609 	EXP 	Image: image = 'FoodPics\\F4H\\steak.jpg'
532.6609 	EXP 	Image: autoDraw = True
540.5768 	EXP 	RatingScale rating: reset()
540.5924 	EXP 	Image: autoDraw = False
540.5924 	EXP 	ratingQ: text = 'How much are you craving this food?'
540.5924 	EXP 	text_3: text = 'Not at all                                                Very Much'
540.5924 	EXP 	ratingQ: autoDraw = True
540.5924 	EXP 	rating: autoDraw = True
540.5924 	EXP 	text_3: autoDraw = True
545.5633 	EXP 	ratingQ: autoDraw = False
545.5966 	EXP 	ratingQ: autoDraw = False
545.5966 	EXP 	rating: autoDraw = False
545.5966 	EXP 	text_3: autoDraw = False
545.5966 	EXP 	text_2: text = '+'
545.5966 	EXP 	text_2: autoDraw = True
547.5821 	EXP 	New trial (rep=0, index=3): OrderedDict([('Picture', 'FoodPics\\F4H\\wafers.jpg')])
547.8278 	EXP 	text_2: autoDraw = False
547.8278 	EXP 	Image: size = array([1.5, 1. ])
547.8278 	EXP 	Image: image = 'FoodPics\\F4H\\wafers.jpg'
547.8278 	EXP 	Image: autoDraw = True
555.5891 	EXP 	RatingScale rating: reset()
555.6049 	EXP 	Image: autoDraw = False
555.6049 	EXP 	ratingQ: text = 'How much are you craving this food?'
555.6049 	EXP 	text_3: text = 'Not at all                                                Very Much'
555.6049 	EXP 	ratingQ: autoDraw = True
555.6049 	EXP 	rating: autoDraw = True
555.6049 	EXP 	text_3: autoDraw = True
560.5758 	EXP 	ratingQ: autoDraw = False
560.5925 	EXP 	ratingQ: autoDraw = False
560.5925 	EXP 	rating: autoDraw = False
560.5925 	EXP 	text_3: autoDraw = False
560.5925 	EXP 	text_2: text = '+'
560.5925 	EXP 	text_2: autoDraw = True
562.5778 	EXP 	New trial (rep=0, index=4): OrderedDict([('Picture', 'FoodPics\\F4H\\watermelon.jpg')])
562.6560 	EXP 	text_2: autoDraw = False
562.6560 	EXP 	Image: size = array([1.5, 1. ])
562.6560 	EXP 	Image: image = 'FoodPics\\F4H\\watermelon.jpg'
562.6560 	EXP 	Image: autoDraw = True
570.5849 	EXP 	RatingScale rating: reset()
570.6009 	EXP 	Image: autoDraw = False
570.6009 	EXP 	ratingQ: text = 'How much are you craving this food?'
570.6009 	EXP 	text_3: text = 'Not at all                                                Very Much'
570.6009 	EXP 	ratingQ: autoDraw = True
570.6009 	EXP 	rating: autoDraw = True
570.6009 	EXP 	text_3: autoDraw = True
575.5715 	EXP 	ratingQ: autoDraw = False
575.6048 	EXP 	ratingQ: autoDraw = False
575.6048 	EXP 	rating: autoDraw = False
575.6048 	EXP 	text_3: autoDraw = False
575.6048 	EXP 	text_2: text = '+'
575.6048 	EXP 	text_2: autoDraw = True
577.5735 	EXP 	New trial (rep=0, index=5): OrderedDict([('Picture', 'FoodPics\\F4H\\candy.jpg')])
577.6478 	EXP 	text_2: autoDraw = False
577.6478 	EXP 	Image: size = array([1.5, 1. ])
577.6478 	EXP 	Image: image = 'FoodPics\\F4H\\candy.jpg'
577.6478 	EXP 	Image: autoDraw = True
585.5806 	EXP 	RatingScale rating: reset()
585.5968 	EXP 	Image: autoDraw = False
585.5968 	EXP 	ratingQ: text = 'How much are you craving this food?'
585.5968 	EXP 	text_3: text = 'Not at all                                                Very Much'
585.5968 	EXP 	ratingQ: autoDraw = True
585.5968 	EXP 	rating: autoDraw = True
585.5968 	EXP 	text_3: autoDraw = True
590.5674 	EXP 	ratingQ: autoDraw = False
590.6007 	EXP 	ratingQ: autoDraw = False
590.6007 	EXP 	rating: autoDraw = False
590.6007 	EXP 	text_3: autoDraw = False
590.6007 	EXP 	text_2: text = '+'
590.6007 	EXP 	text_2: autoDraw = True
592.5861 	EXP 	New trial (rep=0, index=6): OrderedDict([('Picture', 'FoodPics\\F4H\\bread.jpg')])
592.6596 	EXP 	text_2: autoDraw = False
592.6596 	EXP 	Image: size = array([1.5, 1. ])
592.6596 	EXP 	Image: image = 'FoodPics\\F4H\\bread.jpg'
592.6596 	EXP 	Image: autoDraw = True
600.5765 	EXP 	RatingScale rating: reset()
600.5924 	EXP 	Image: autoDraw = False
600.5924 	EXP 	ratingQ: text = 'How much are you craving this food?'
600.5924 	EXP 	text_3: text = 'Not at all                                                Very Much'
600.5924 	EXP 	ratingQ: autoDraw = True
600.5924 	EXP 	rating: autoDraw = True
600.5924 	EXP 	text_3: autoDraw = True
605.5633 	EXP 	ratingQ: autoDraw = False
605.5966 	EXP 	ratingQ: autoDraw = False
605.5966 	EXP 	rating: autoDraw = False
605.5966 	EXP 	text_3: autoDraw = False
605.5966 	EXP 	text_2: text = '+'
605.5966 	EXP 	text_2: autoDraw = True
607.5817 	EXP 	New trial (rep=0, index=7): OrderedDict([('Picture', 'FoodPics\\F4H\\sushi.jpg')])
607.6569 	EXP 	text_2: autoDraw = False
607.6569 	EXP 	Image: size = array([1.5, 1. ])
607.6569 	EXP 	Image: image = 'FoodPics\\F4H\\sushi.jpg'
607.6569 	EXP 	Image: autoDraw = True
615.5888 	EXP 	RatingScale rating: reset()
615.6047 	EXP 	Image: autoDraw = False
615.6047 	EXP 	ratingQ: text = 'How much are you craving this food?'
615.6047 	EXP 	text_3: text = 'Not at all                                                Very Much'
615.6047 	EXP 	ratingQ: autoDraw = True
615.6047 	EXP 	rating: autoDraw = True
615.6047 	EXP 	text_3: autoDraw = True
620.5758 	EXP 	ratingQ: autoDraw = False
620.5923 	EXP 	ratingQ: autoDraw = False
620.5923 	EXP 	rating: autoDraw = False
620.5923 	EXP 	text_3: autoDraw = False
620.5923 	EXP 	text_2: text = '+'
620.5923 	EXP 	text_2: autoDraw = True
622.5779 	EXP 	New trial (rep=0, index=8): OrderedDict([('Picture', 'FoodPics\\F4H\\pineapple.jpg')])
622.6525 	EXP 	text_2: autoDraw = False
622.6525 	EXP 	Image: size = array([1.5, 1. ])
622.6525 	EXP 	Image: image = 'FoodPics\\F4H\\pineapple.jpg'
622.6525 	EXP 	Image: autoDraw = True
630.5845 	EXP 	RatingScale rating: reset()
630.6008 	EXP 	Image: autoDraw = False
630.6008 	EXP 	ratingQ: text = 'How much are you craving this food?'
630.6008 	EXP 	text_3: text = 'Not at all                                                Very Much'
630.6008 	EXP 	ratingQ: autoDraw = True
630.6008 	EXP 	rating: autoDraw = True
630.6008 	EXP 	text_3: autoDraw = True
635.5715 	EXP 	ratingQ: autoDraw = False
635.6046 	EXP 	ratingQ: autoDraw = False
635.6046 	EXP 	rating: autoDraw = False
635.6046 	EXP 	text_3: autoDraw = False
635.6046 	EXP 	text_2: text = '+'
635.6046 	EXP 	text_2: autoDraw = True
637.5736 	EXP 	New trial (rep=0, index=4): OrderedDict([('CueType', 'REACT'), ('rows', '0055:0064'), ('CueType2', 'REGULATE')])
637.5895 	EXP 	text_2: autoDraw = False
637.5895 	EXP 	cue: text = 'REACT'
637.5895 	EXP 	ISI: text = '+'
637.5895 	EXP 	cue: autoDraw = True
642.5772 	EXP 	ISI: autoDraw = True
642.5938 	EXP 	cue: autoDraw = False
644.5669 	EXP 	Imported FoodReg.csv as conditions, 8 conditions, 1 params
644.5671 	EXP 	Created sequence: random, trialTypes=8, nReps=1, seed=None
644.5674 	EXP 	New trial (rep=0, index=0): OrderedDict([('Picture', 'FoodPics\\F4H\\croissants.jpg')])
644.6413 	EXP 	ISI: autoDraw = False
644.6413 	EXP 	cue: autoDraw = False
644.6413 	EXP 	ISI: autoDraw = False
644.6413 	EXP 	Image: size = array([1.5, 1. ])
644.6413 	EXP 	Image: image = 'FoodPics\\F4H\\croissants.jpg'
644.6413 	EXP 	Image: autoDraw = True
652.5864 	EXP 	RatingScale rating: reset()
652.6021 	EXP 	Image: autoDraw = False
652.6021 	EXP 	ratingQ: text = 'How much are you craving this food?'
652.6021 	EXP 	text_3: text = 'Not at all                                                Very Much'
652.6021 	EXP 	ratingQ: autoDraw = True
652.6021 	EXP 	rating: autoDraw = True
652.6021 	EXP 	text_3: autoDraw = True
657.5727 	EXP 	ratingQ: autoDraw = False
657.6062 	EXP 	ratingQ: autoDraw = False
657.6062 	EXP 	rating: autoDraw = False
657.6062 	EXP 	text_3: autoDraw = False
657.6062 	EXP 	text_2: text = '+'
657.6062 	EXP 	text_2: autoDraw = True
659.5752 	EXP 	New trial (rep=0, index=1): OrderedDict([('Picture', 'FoodPics\\F4H\\sushi2.jpg')])
659.6469 	EXP 	text_2: autoDraw = False
659.6469 	EXP 	Image: size = array([1.5, 1. ])
659.6469 	EXP 	Image: image = 'FoodPics\\F4H\\sushi2.jpg'
659.6469 	EXP 	Image: autoDraw = True
667.5823 	EXP 	RatingScale rating: reset()
667.5981 	EXP 	Image: autoDraw = False
667.5981 	EXP 	ratingQ: text = 'How much are you craving this food?'
667.5981 	EXP 	text_3: text = 'Not at all                                                Very Much'
667.5981 	EXP 	ratingQ: autoDraw = True
667.5981 	EXP 	rating: autoDraw = True
667.5981 	EXP 	text_3: autoDraw = True
672.5688 	EXP 	ratingQ: autoDraw = False
672.6022 	EXP 	ratingQ: autoDraw = False
672.6022 	EXP 	rating: autoDraw = False
672.6022 	EXP 	text_3: autoDraw = False
672.6022 	EXP 	text_2: text = '+'
672.6022 	EXP 	text_2: autoDraw = True
674.5873 	EXP 	New trial (rep=0, index=2): OrderedDict([('Picture', 'FoodPics\\F4H\\grapes.jpg')])
674.8261 	EXP 	text_2: autoDraw = False
674.8261 	EXP 	Image: size = array([1.5, 1. ])
674.8261 	EXP 	Image: image = 'FoodPics\\F4H\\grapes.jpg'
674.8261 	EXP 	Image: autoDraw = True
682.5779 	EXP 	RatingScale rating: reset()
682.5938 	EXP 	Image: autoDraw = False
682.5938 	EXP 	ratingQ: text = 'How much are you craving this food?'
682.5938 	EXP 	text_3: text = 'Not at all                                                Very Much'
682.5938 	EXP 	ratingQ: autoDraw = True
682.5938 	EXP 	rating: autoDraw = True
682.5938 	EXP 	text_3: autoDraw = True
687.5646 	EXP 	ratingQ: autoDraw = False
687.5982 	EXP 	ratingQ: autoDraw = False
687.5982 	EXP 	rating: autoDraw = False
687.5982 	EXP 	text_3: autoDraw = False
687.5982 	EXP 	text_2: text = '+'
687.5982 	EXP 	text_2: autoDraw = True
689.5829 	EXP 	New trial (rep=0, index=3): OrderedDict([('Picture', 'FoodPics\\F4H\\muffins2.jpg')])
689.6606 	EXP 	text_2: autoDraw = False
689.6606 	EXP 	Image: size = array([1.5, 1. ])
689.6606 	EXP 	Image: image = 'FoodPics\\F4H\\muffins2.jpg'
689.6606 	EXP 	Image: autoDraw = True
697.5904 	EXP 	RatingScale rating: reset()
697.6062 	EXP 	Image: autoDraw = False
697.6062 	EXP 	ratingQ: text = 'How much are you craving this food?'
697.6062 	EXP 	text_3: text = 'Not at all                                                Very Much'
697.6062 	EXP 	ratingQ: autoDraw = True
697.6062 	EXP 	rating: autoDraw = True
697.6062 	EXP 	text_3: autoDraw = True
702.5767 	EXP 	ratingQ: autoDraw = False
702.5936 	EXP 	ratingQ: autoDraw = False
702.5936 	EXP 	rating: autoDraw = False
702.5936 	EXP 	text_3: autoDraw = False
702.5936 	EXP 	text_2: text = '+'
702.5936 	EXP 	text_2: autoDraw = True
704.5789 	EXP 	New trial (rep=0, index=4): OrderedDict([('Picture', 'FoodPics\\F4H\\cornbread.jpg')])
704.6513 	EXP 	text_2: autoDraw = False
704.6513 	EXP 	Image: size = array([1.5, 1. ])
704.6513 	EXP 	Image: image = 'FoodPics\\F4H\\cornbread.jpg'
704.6513 	EXP 	Image: autoDraw = True
712.5858 	EXP 	RatingScale rating: reset()
712.6017 	EXP 	Image: autoDraw = False
712.6017 	EXP 	ratingQ: text = 'How much are you craving this food?'
712.6017 	EXP 	text_3: text = 'Not at all                                                Very Much'
712.6017 	EXP 	ratingQ: autoDraw = True
712.6017 	EXP 	rating: autoDraw = True
712.6017 	EXP 	text_3: autoDraw = True
717.5728 	EXP 	ratingQ: autoDraw = False
717.6061 	EXP 	ratingQ: autoDraw = False
717.6061 	EXP 	rating: autoDraw = False
717.6061 	EXP 	text_3: autoDraw = False
717.6061 	EXP 	text_2: text = '+'
717.6061 	EXP 	text_2: autoDraw = True
719.5748 	EXP 	New trial (rep=0, index=5): OrderedDict([('Picture', 'FoodPics\\F4H\\icecream2.jpg')])
719.6457 	EXP 	text_2: autoDraw = False
719.6457 	EXP 	Image: size = array([1.5, 1. ])
719.6457 	EXP 	Image: image = 'FoodPics\\F4H\\icecream2.jpg'
719.6457 	EXP 	Image: autoDraw = True
727.5820 	EXP 	RatingScale rating: reset()
727.5978 	EXP 	Image: autoDraw = False
727.5978 	EXP 	ratingQ: text = 'How much are you craving this food?'
727.5978 	EXP 	text_3: text = 'Not at all                                                Very Much'
727.5978 	EXP 	ratingQ: autoDraw = True
727.5978 	EXP 	rating: autoDraw = True
727.5978 	EXP 	text_3: autoDraw = True
732.5682 	EXP 	ratingQ: autoDraw = False
732.6019 	EXP 	ratingQ: autoDraw = False
732.6019 	EXP 	rating: autoDraw = False
732.6019 	EXP 	text_3: autoDraw = False
732.6019 	EXP 	text_2: text = '+'
732.6019 	EXP 	text_2: autoDraw = True
734.5873 	EXP 	New trial (rep=0, index=6): OrderedDict([('Picture', 'FoodPics\\F4H\\meatballs.jpg')])
734.6618 	EXP 	text_2: autoDraw = False
734.6618 	EXP 	Image: size = array([1.5, 1. ])
734.6618 	EXP 	Image: image = 'FoodPics\\F4H\\meatballs.jpg'
734.6618 	EXP 	Image: autoDraw = True
742.5777 	EXP 	RatingScale rating: reset()
742.5932 	EXP 	Image: autoDraw = False
742.5932 	EXP 	ratingQ: text = 'How much are you craving this food?'
742.5932 	EXP 	text_3: text = 'Not at all                                                Very Much'
742.5932 	EXP 	ratingQ: autoDraw = True
742.5932 	EXP 	rating: autoDraw = True
742.5932 	EXP 	text_3: autoDraw = True
747.5642 	EXP 	ratingQ: autoDraw = False
747.5976 	EXP 	ratingQ: autoDraw = False
747.5976 	EXP 	rating: autoDraw = False
747.5976 	EXP 	text_3: autoDraw = False
747.5976 	EXP 	text_2: text = '+'
747.5976 	EXP 	text_2: autoDraw = True
749.5833 	EXP 	New trial (rep=0, index=7): OrderedDict([('Picture', 'FoodPics\\F4H\\turnovers.jpg')])
749.8257 	EXP 	text_2: autoDraw = False
749.8257 	EXP 	Image: size = array([1.5, 1. ])
749.8257 	EXP 	Image: image = 'FoodPics\\F4H\\turnovers.jpg'
749.8257 	EXP 	Image: autoDraw = True
757.5899 	EXP 	RatingScale rating: reset()
757.6060 	EXP 	Image: autoDraw = False
757.6060 	EXP 	ratingQ: text = 'How much are you craving this food?'
757.6060 	EXP 	text_3: text = 'Not at all                                                Very Much'
757.6060 	EXP 	ratingQ: autoDraw = True
757.6060 	EXP 	rating: autoDraw = True
757.6060 	EXP 	text_3: autoDraw = True
762.5768 	EXP 	ratingQ: autoDraw = False
762.5932 	EXP 	ratingQ: autoDraw = False
762.5932 	EXP 	rating: autoDraw = False
762.5932 	EXP 	text_3: autoDraw = False
762.5932 	EXP 	text_2: text = '+'
762.5932 	EXP 	text_2: autoDraw = True
764.5951 	EXP 	text_2: autoDraw = False
764.5951 	EXP 	ty: autoDraw = True
776.1658 	EXP 	window1: mouseVisible = True
