5.9649 	WARNING 	User requested fullscreen with size [1024  768], but screen is actually [1920, 1200]. Using actual size
6.7794 	EXP 	Created window1 = Window(allowGUI=True, allowStencil=False, args=UNKNOWN, autoLog=True, bitsMode=UNKNOWN, blendMode='avg', color=array([0., 0., 0.]), colorSpace='rgb', fullscr=<method-wrapper '__getattribute__' of attributeSetter object at 0x000001C7A9391F60>, gamma=None, gammaErrorPolicy='raise', kwargs=UNKNOWN, lms=UNKNOWN, monitor=<psychopy.monitors.calibTools.Monitor object at 0x000001C7A90C8C88>, multiSample=False, name='window1', numSamples=2, pos=[0.0, 0.0], screen=0, size=array([1920, 1200]), stereo=False, units='height', useFBO=True, useRetina=False, viewOri=0.0, viewPos=None, viewScale=None, waitBlanking=True, winType='pyglet')
6.7795 	EXP 	window1: recordFrameIntervals = False
6.9453 	EXP 	window1: recordFrameIntervals = True
7.1294 	EXP 	window1: recordFrameIntervals = False
7.3391 	EXP 	Created Instructions = TextStim(__class__=<class 'psychopy.visual.text.TextStim'>, alignHoriz='center', alignVert='center', antialias=True, autoLog=True, bold=False, color='white', colorSpace='named', contrast=1.0, depth=0.0, flipHoriz=False, flipVert=False, font='Arial', fontFiles=[], height=0.06, italic=False, languageStyle='LTR', name='Instructions', opacity=1.0, ori=0, pos=array([0., 0.]), rgb=array([255., 255., 255.]), text=str(...), units='height', win=Window(...), wrapWidth=1.45)
7.3612 	EXP 	Created cue = TextStim(__class__=<class 'psychopy.visual.text.TextStim'>, alignHoriz='center', alignVert='center', antialias=True, autoLog=True, bold=False, color='white', colorSpace='named', contrast=1.0, depth=0.0, flipHoriz=False, flipVert=False, font='Arial', fontFiles=[], height=0.12, italic=False, languageStyle='LTR', name='cue', opacity=1.0, ori=0, pos=array([0., 0.]), rgb=array([255., 255., 255.]), text='default text', units='height', win=Window(...), wrapWidth=1)
7.3789 	EXP 	Created ISI = TextStim(__class__=<class 'psychopy.visual.text.TextStim'>, alignHoriz='center', alignVert='center', antialias=True, autoLog=True, bold=False, color='white', colorSpace='named', contrast=1.0, depth=-1.0, flipHoriz=False, flipVert=False, font='Arial', fontFiles=[], height=0.1, italic=False, languageStyle='LTR', name='ISI', opacity=1.0, ori=0, pos=array([0., 0.]), rgb=array([255., 255., 255.]), text='default text', units='height', win=Window(...), wrapWidth=1)
7.3815 	EXP 	Created Image = ImageStim(__class__=<class 'psychopy.visual.image.ImageStim'>, autoLog=True, color=array([1., 1., 1.]), colorSpace='rgb', contrast=1.0, depth=0.0, flipHoriz=False, flipVert=False, image='sin', interpolate=True, mask=None, maskParams=None, name='Image', opacity=1.0, ori=0.0, pos=array([0., 0.]), size=array([1., 1.]), texRes=128, units='height', win=Window(...))
7.3938 	EXP 	Created ratingQ = TextStim(__class__=<class 'psychopy.visual.text.TextStim'>, alignHoriz='center', alignVert='center', antialias=True, autoLog=True, bold=False, color='white', colorSpace='named', contrast=1.0, depth=0.0, flipHoriz=False, flipVert=False, font='Arial', fontFiles=[], height=0.07, italic=False, languageStyle='LTR', name='ratingQ', opacity=1.0, ori=0, pos=array([0.  , 0.15]), rgb=array([255., 255., 255.]), text='default text', units='height', win=Window(...), wrapWidth=1.3)
7.4415 	EXP 	Created rating = RatingScale(__class__=type(...), acceptKeys=['return'], acceptPreText=UNKNOWN, acceptSize=UNKNOWN, acceptText='accept?', autoLog=True, choices=['1', '2', '3', '4', '5', '6', '7'], depth=0, disappear=False, flipVert=False, high=6, kwargs=UNKNOWN, labels=list(...), leftKeys=['left'], lineColor='White', low=0, marker=ShapeStim(...), markerColor='DarkBlue', markerExpansion=UNKNOWN, markerStart=None, maxTime=0.0, minTime=0.4, mouseOnly=False, name='rating', noMouse=False, pos=[0.0, -0.35], precision=1, respKeys=['0', '1', '2', '3', '4', '5', '6'], rightKeys=['right'], scale='<default>', self=UNKNOWN, showAccept=True, showValue=True, singleClick=False, size=0.84, skipKeys=['tab'], stretch=1.0, textColor='LightGray', textFont='Helvetica Bold', textSize=0.168, tickHeight=-1, tickMarks=6.0, win=Window(...))
7.4516 	EXP 	Created text_3 = TextStim(__class__=<class 'psychopy.visual.text.TextStim'>, alignHoriz='center', alignVert='center', antialias=True, autoLog=True, bold=False, color='white', colorSpace='named', contrast=1.0, depth=-2.0, flipHoriz=False, flipVert=False, font='Arial', fontFiles=[], height=0.04, italic=False, languageStyle='LTR', name='text_3', opacity=1.0, ori=0, pos=array([ 0. , -0.1]), rgb=array([255., 255., 255.]), text='default text', units='height', win=Window(...), wrapWidth=1)
7.4562 	EXP 	Created text_2 = TextStim(__class__=<class 'psychopy.visual.text.TextStim'>, alignHoriz='center', alignVert='center', antialias=True, autoLog=True, bold=False, color='white', colorSpace='named', contrast=1.0, depth=0.0, flipHoriz=False, flipVert=False, font='Arial', fontFiles=[], height=0.1, italic=False, languageStyle='LTR', name='text_2', opacity=1.0, ori=0, pos=array([0., 0.]), rgb=array([255., 255., 255.]), text='default text', units='height', win=Window(...), wrapWidth=1)
7.4919 	EXP 	Created text = TextStim(__class__=<class 'psychopy.visual.text.TextStim'>, alignHoriz='center', alignVert='center', antialias=True, autoLog=True, bold=False, color='white', colorSpace='named', contrast=1.0, depth=0.0, flipHoriz=False, flipVert=False, font='Arial', fontFiles=[], height=0.08, italic=False, languageStyle='LTR', name='text', opacity=1.0, ori=0, pos=array([0., 0.]), rgb=array([255., 255., 255.]), text=str(...), units='height', win=Window(...), wrapWidth=1.5)
7.4968 	EXP 	Created cue = TextStim(__class__=<class 'psychopy.visual.text.TextStim'>, alignHoriz='center', alignVert='center', antialias=True, autoLog=True, bold=False, color='white', colorSpace='named', contrast=1.0, depth=0.0, flipHoriz=False, flipVert=False, font='Arial', fontFiles=[], height=0.12, italic=False, languageStyle='LTR', name='cue', opacity=1.0, ori=0, pos=array([0., 0.]), rgb=array([255., 255., 255.]), text='default text', units='height', win=Window(...), wrapWidth=1)
7.5012 	EXP 	Created ISI = TextStim(__class__=<class 'psychopy.visual.text.TextStim'>, alignHoriz='center', alignVert='center', antialias=True, autoLog=True, bold=False, color='white', colorSpace='named', contrast=1.0, depth=-1.0, flipHoriz=False, flipVert=False, font='Arial', fontFiles=[], height=0.1, italic=False, languageStyle='LTR', name='ISI', opacity=1.0, ori=0, pos=array([0., 0.]), rgb=array([255., 255., 255.]), text='default text', units='height', win=Window(...), wrapWidth=1)
7.5032 	EXP 	Created Image = ImageStim(__class__=<class 'psychopy.visual.image.ImageStim'>, autoLog=True, color=array([1., 1., 1.]), colorSpace='rgb', contrast=1.0, depth=0.0, flipHoriz=False, flipVert=False, image='sin', interpolate=True, mask=None, maskParams=None, name='Image', opacity=1.0, ori=0.0, pos=array([0., 0.]), size=array([1., 1.]), texRes=128, units='height', win=Window(...))
7.5064 	EXP 	Created ratingQ = TextStim(__class__=<class 'psychopy.visual.text.TextStim'>, alignHoriz='center', alignVert='center', antialias=True, autoLog=True, bold=False, color='white', colorSpace='named', contrast=1.0, depth=0.0, flipHoriz=False, flipVert=False, font='Arial', fontFiles=[], height=0.07, italic=False, languageStyle='LTR', name='ratingQ', opacity=1.0, ori=0, pos=array([0.  , 0.15]), rgb=array([255., 255., 255.]), text='default text', units='height', win=Window(...), wrapWidth=1.3)
7.5239 	EXP 	Created rating = RatingScale(__class__=type(...), acceptKeys=['return'], acceptPreText=UNKNOWN, acceptSize=UNKNOWN, acceptText='accept?', autoLog=True, choices=['1', '2', '3', '4', '5', '6', '7'], depth=0, disappear=False, flipVert=False, high=6, kwargs=UNKNOWN, labels=list(...), leftKeys=['left'], lineColor='White', low=0, marker=ShapeStim(...), markerColor='DarkBlue', markerExpansion=UNKNOWN, markerStart=None, maxTime=0.0, minTime=0.4, mouseOnly=False, name='rating', noMouse=False, pos=[0.0, -0.35], precision=1, respKeys=['0', '1', '2', '3', '4', '5', '6'], rightKeys=['right'], scale='<default>', self=UNKNOWN, showAccept=True, showValue=True, singleClick=False, size=0.84, skipKeys=['tab'], stretch=1.0, textColor='LightGray', textFont='Helvetica Bold', textSize=0.168, tickHeight=-1, tickMarks=6.0, win=Window(...))
7.5273 	EXP 	Created text_3 = TextStim(__class__=<class 'psychopy.visual.text.TextStim'>, alignHoriz='center', alignVert='center', antialias=True, autoLog=True, bold=False, color='white', colorSpace='named', contrast=1.0, depth=-2.0, flipHoriz=False, flipVert=False, font='Arial', fontFiles=[], height=0.04, italic=False, languageStyle='LTR', name='text_3', opacity=1.0, ori=0, pos=array([ 0. , -0.1]), rgb=array([255., 255., 255.]), text='default text', units='height', win=Window(...), wrapWidth=1)
7.5318 	EXP 	Created text_2 = TextStim(__class__=<class 'psychopy.visual.text.TextStim'>, alignHoriz='center', alignVert='center', antialias=True, autoLog=True, bold=False, color='white', colorSpace='named', contrast=1.0, depth=0.0, flipHoriz=False, flipVert=False, font='Arial', fontFiles=[], height=0.1, italic=False, languageStyle='LTR', name='text_2', opacity=1.0, ori=0, pos=array([0., 0.]), rgb=array([255., 255., 255.]), text='default text', units='height', win=Window(...), wrapWidth=1)
7.5620 	EXP 	rating: flipVert = False
7.5620 	EXP 	rating: autoLog = True
7.5620 	EXP 	rating: flipVert = False
7.5620 	EXP 	rating: autoLog = True
7.5620 	EXP 	Instructions: autoDraw = True
51.4451 	EXP 	Imported foodRows.xlsx as conditions, 1 conditions, 3 params
51.4453 	EXP 	Created sequence: sequential, trialTypes=1, nReps=1, seed=None
51.4455 	EXP 	New trial (rep=0, index=0): OrderedDict([('CueType', 'REACT'), ('rows', '0010:0015'), ('CueType2', 'REGULATE')])
51.4667 	DATA 	Keypress: space
51.4705 	EXP 	Instructions: autoDraw = False
51.4705 	EXP 	cue: text = 'REACT'
51.4705 	EXP 	ISI: text = '+'
51.4705 	EXP 	cue: autoDraw = True
56.4697 	EXP 	cue: autoDraw = False
56.4697 	EXP 	ISI: autoDraw = True
58.4249 	EXP 	Imported FoodReg.csv as conditions, 3 conditions, 2 params
58.4251 	EXP 	Created sequence: random, trialTypes=3, nReps=1, seed=None
58.4252 	EXP 	New trial (rep=0, index=0): OrderedDict([('Picture1', 'FoodPics\\friedChicken.jpg'), ('Picture', 'FoodPics\\F4H\\bagels.jpg')])
58.5201 	EXP 	cue: autoDraw = False
58.5201 	EXP 	ISI: autoDraw = False
58.5201 	EXP 	Image: size = array([1.5, 1. ])
58.5201 	EXP 	Image: image = 'FoodPics\\F4H\\bagels.jpg'
58.5201 	EXP 	Image: autoDraw = True
66.4519 	EXP 	RatingScale rating: reset()
66.4793 	EXP 	Image: autoDraw = False
66.4793 	EXP 	ratingQ: text = 'How much are you craving this food?'
66.4793 	EXP 	text_3: text = 'Not at all                                                Very Much'
66.4793 	EXP 	ratingQ: autoDraw = True
66.4793 	EXP 	rating: autoDraw = True
66.4793 	EXP 	text_3: autoDraw = True
71.4487 	EXP 	ratingQ: autoDraw = False
71.4487 	EXP 	rating: autoDraw = False
71.4487 	EXP 	text_3: autoDraw = False
71.4487 	EXP 	text_2: text = '+'
71.4487 	EXP 	text_2: autoDraw = True
73.4341 	EXP 	New trial (rep=0, index=1): OrderedDict([('Picture1', 'FoodPics\\croissant.jpg'), ('Picture', 'FoodPics\\F4H\\banana.jpg')])
73.5072 	EXP 	text_2: autoDraw = False
73.5072 	EXP 	Image: size = array([1.5, 1. ])
73.5072 	EXP 	Image: image = 'FoodPics\\F4H\\banana.jpg'
73.5072 	EXP 	Image: autoDraw = True
81.4246 	EXP 	RatingScale rating: reset()
81.4402 	EXP 	Image: autoDraw = False
81.4402 	EXP 	ratingQ: text = 'How much are you craving this food?'
81.4402 	EXP 	text_3: text = 'Not at all                                                Very Much'
81.4402 	EXP 	ratingQ: autoDraw = True
81.4402 	EXP 	rating: autoDraw = True
81.4402 	EXP 	text_3: autoDraw = True
86.4110 	EXP 	ratingQ: autoDraw = False
86.4444 	EXP 	ratingQ: autoDraw = False
86.4444 	EXP 	rating: autoDraw = False
86.4444 	EXP 	text_3: autoDraw = False
86.4444 	EXP 	text_2: text = '+'
86.4444 	EXP 	text_2: autoDraw = True
88.4298 	EXP 	New trial (rep=0, index=2): OrderedDict([('Picture1', 'FoodPics\\pasta.jpeg'), ('Picture', 'FoodPics\\F4H\\breadtwists.jpg')])
88.5041 	EXP 	text_2: autoDraw = False
88.5041 	EXP 	Image: size = array([1.5, 1. ])
88.5041 	EXP 	Image: image = 'FoodPics\\F4H\\breadtwists.jpg'
88.5041 	EXP 	Image: autoDraw = True
96.4202 	EXP 	RatingScale rating: reset()
96.4362 	EXP 	Image: autoDraw = False
96.4362 	EXP 	ratingQ: text = 'How much are you craving this food?'
96.4362 	EXP 	text_3: text = 'Not at all                                                Very Much'
96.4362 	EXP 	ratingQ: autoDraw = True
96.4362 	EXP 	rating: autoDraw = True
96.4362 	EXP 	text_3: autoDraw = True
101.4069 	EXP 	ratingQ: autoDraw = False
101.4402 	EXP 	ratingQ: autoDraw = False
101.4402 	EXP 	rating: autoDraw = False
101.4402 	EXP 	text_3: autoDraw = False
101.4402 	EXP 	text_2: text = '+'
101.4402 	EXP 	text_2: autoDraw = True
103.4419 	EXP 	text_2: autoDraw = False
103.4419 	EXP 	text: autoDraw = True
106.2679 	EXP 	Imported foodRows.xlsx as conditions, 9 conditions, 3 params
106.2681 	EXP 	Created sequence: random, trialTypes=9, nReps=1, seed=None
106.2683 	EXP 	New trial (rep=0, index=0): OrderedDict([('CueType', 'REGULATE'), ('rows', '0043:0048'), ('CueType2', 'REACT')])
106.2869 	DATA 	Keypress: space
106.2911 	EXP 	text: autoDraw = False
106.2911 	EXP 	cue: text = 'REGULATE'
106.2911 	EXP 	ISI: text = '+'
106.2911 	EXP 	cue: autoDraw = True
111.2818 	EXP 	ISI: autoDraw = True
111.2984 	EXP 	cue: autoDraw = False
113.2708 	EXP 	Imported FoodReg.csv as conditions, 5 conditions, 2 params
113.2710 	EXP 	Created sequence: random, trialTypes=5, nReps=1, seed=None
113.2712 	EXP 	New trial (rep=0, index=0): OrderedDict([('Picture1', None), ('Picture', 'FoodPics\\F4H\\cookies2.jpg')])
113.3509 	EXP 	cue: autoDraw = False
113.3509 	EXP 	ISI: autoDraw = False
113.3509 	EXP 	Image: size = array([1.5, 1. ])
113.3509 	EXP 	Image: image = 'FoodPics\\F4H\\cookies2.jpg'
113.3509 	EXP 	Image: autoDraw = True
121.2742 	EXP 	RatingScale rating: reset()
121.2902 	EXP 	Image: autoDraw = False
121.2902 	EXP 	ratingQ: text = 'How much are you craving this food?'
121.2902 	EXP 	text_3: text = 'Not at all                                                Very Much'
121.2902 	EXP 	ratingQ: autoDraw = True
121.2902 	EXP 	rating: autoDraw = True
121.2902 	EXP 	text_3: autoDraw = True
126.2608 	EXP 	ratingQ: autoDraw = False
126.2942 	EXP 	ratingQ: autoDraw = False
126.2942 	EXP 	rating: autoDraw = False
126.2942 	EXP 	text_3: autoDraw = False
126.2942 	EXP 	text_2: text = '+'
126.2942 	EXP 	text_2: autoDraw = True
128.2797 	EXP 	New trial (rep=0, index=1): OrderedDict([('Picture1', None), ('Picture', 'FoodPics\\F4H\\bread.jpg')])
128.3593 	EXP 	text_2: autoDraw = False
128.3593 	EXP 	Image: size = array([1.5, 1. ])
128.3593 	EXP 	Image: image = 'FoodPics\\F4H\\bread.jpg'
128.3593 	EXP 	Image: autoDraw = True
136.2702 	EXP 	RatingScale rating: reset()
136.2861 	EXP 	Image: autoDraw = False
136.2861 	EXP 	ratingQ: text = 'How much are you craving this food?'
136.2861 	EXP 	text_3: text = 'Not at all                                                Very Much'
136.2861 	EXP 	ratingQ: autoDraw = True
136.2861 	EXP 	rating: autoDraw = True
136.2861 	EXP 	text_3: autoDraw = True
141.2566 	EXP 	ratingQ: autoDraw = False
141.2901 	EXP 	ratingQ: autoDraw = False
141.2901 	EXP 	rating: autoDraw = False
141.2901 	EXP 	text_3: autoDraw = False
141.2901 	EXP 	text_2: text = '+'
141.2901 	EXP 	text_2: autoDraw = True
143.2755 	EXP 	New trial (rep=0, index=2): OrderedDict([('Picture1', None), ('Picture', 'FoodPics\\F4H\\sushi2.jpg')])
143.3548 	EXP 	text_2: autoDraw = False
143.3548 	EXP 	Image: size = array([1.5, 1. ])
143.3548 	EXP 	Image: image = 'FoodPics\\F4H\\sushi2.jpg'
143.3548 	EXP 	Image: autoDraw = True
151.2661 	EXP 	RatingScale rating: reset()
151.2819 	EXP 	Image: autoDraw = False
151.2819 	EXP 	ratingQ: text = 'How much are you craving this food?'
151.2819 	EXP 	text_3: text = 'Not at all                                                Very Much'
151.2819 	EXP 	ratingQ: autoDraw = True
151.2819 	EXP 	rating: autoDraw = True
151.2819 	EXP 	text_3: autoDraw = True
156.2526 	EXP 	ratingQ: autoDraw = False
156.2858 	EXP 	ratingQ: autoDraw = False
156.2858 	EXP 	rating: autoDraw = False
156.2858 	EXP 	text_3: autoDraw = False
156.2858 	EXP 	text_2: text = '+'
156.2858 	EXP 	text_2: autoDraw = True
158.2711 	EXP 	New trial (rep=0, index=3): OrderedDict([('Picture1', None), ('Picture', 'FoodPics\\F4H\\sunchips.jpg')])
158.3521 	EXP 	text_2: autoDraw = False
158.3521 	EXP 	Image: size = array([1.5, 1. ])
158.3521 	EXP 	Image: image = 'FoodPics\\F4H\\sunchips.jpg'
158.3521 	EXP 	Image: autoDraw = True
166.2781 	EXP 	RatingScale rating: reset()
166.2942 	EXP 	Image: autoDraw = False
166.2942 	EXP 	ratingQ: text = 'How much are you craving this food?'
166.2942 	EXP 	text_3: text = 'Not at all                                                Very Much'
166.2942 	EXP 	ratingQ: autoDraw = True
166.2942 	EXP 	rating: autoDraw = True
166.2942 	EXP 	text_3: autoDraw = True
171.2650 	EXP 	ratingQ: autoDraw = False
171.2815 	EXP 	ratingQ: autoDraw = False
171.2815 	EXP 	rating: autoDraw = False
171.2815 	EXP 	text_3: autoDraw = False
171.2815 	EXP 	text_2: text = '+'
171.2815 	EXP 	text_2: autoDraw = True
173.2669 	EXP 	New trial (rep=0, index=4): OrderedDict([('Picture1', None), ('Picture', 'FoodPics\\F4H\\candy.jpg')])
173.3467 	EXP 	text_2: autoDraw = False
173.3467 	EXP 	Image: size = array([1.5, 1. ])
173.3467 	EXP 	Image: image = 'FoodPics\\F4H\\candy.jpg'
173.3467 	EXP 	Image: autoDraw = True
181.2739 	EXP 	RatingScale rating: reset()
181.2900 	EXP 	Image: autoDraw = False
181.2900 	EXP 	ratingQ: text = 'How much are you craving this food?'
181.2900 	EXP 	text_3: text = 'Not at all                                                Very Much'
181.2900 	EXP 	ratingQ: autoDraw = True
181.2900 	EXP 	rating: autoDraw = True
181.2900 	EXP 	text_3: autoDraw = True
186.2606 	EXP 	ratingQ: autoDraw = False
186.2938 	EXP 	ratingQ: autoDraw = False
186.2938 	EXP 	rating: autoDraw = False
186.2938 	EXP 	text_3: autoDraw = False
186.2938 	EXP 	text_2: text = '+'
186.2938 	EXP 	text_2: autoDraw = True
188.2796 	EXP 	New trial (rep=0, index=1): OrderedDict([('CueType', 'REACT'), ('rows', '0049:0054'), ('CueType2', 'REGULATE')])
188.2956 	EXP 	text_2: autoDraw = False
188.2956 	EXP 	cue: text = 'REACT'
188.2956 	EXP 	ISI: text = '+'
188.2956 	EXP 	cue: autoDraw = True
193.2830 	EXP 	ISI: autoDraw = True
193.2998 	EXP 	cue: autoDraw = False
195.2715 	EXP 	Imported FoodReg.csv as conditions, 4 conditions, 2 params
195.2717 	EXP 	Created sequence: random, trialTypes=4, nReps=1, seed=None
195.2719 	EXP 	New trial (rep=0, index=0): OrderedDict([('Picture1', None), ('Picture', 'FoodPics\\F4H\\meatballs.jpg')])
195.3515 	EXP 	cue: autoDraw = False
195.3515 	EXP 	ISI: autoDraw = False
195.3515 	EXP 	Image: size = array([1.5, 1. ])
195.3515 	EXP 	Image: image = 'FoodPics\\F4H\\meatballs.jpg'
195.3515 	EXP 	Image: autoDraw = True
203.2765 	EXP 	RatingScale rating: reset()
203.2920 	EXP 	Image: autoDraw = False
203.2920 	EXP 	ratingQ: text = 'How much are you craving this food?'
203.2920 	EXP 	text_3: text = 'Not at all                                                Very Much'
203.2920 	EXP 	ratingQ: autoDraw = True
203.2920 	EXP 	rating: autoDraw = True
203.2920 	EXP 	text_3: autoDraw = True
208.2626 	EXP 	ratingQ: autoDraw = False
208.2963 	EXP 	ratingQ: autoDraw = False
208.2963 	EXP 	rating: autoDraw = False
208.2963 	EXP 	text_3: autoDraw = False
208.2963 	EXP 	text_2: text = '+'
208.2963 	EXP 	text_2: autoDraw = True
210.2644 	EXP 	New trial (rep=0, index=1): OrderedDict([('Picture1', None), ('Picture', 'FoodPics\\F4H\\cornbread.jpg')])
210.3450 	EXP 	text_2: autoDraw = False
210.3450 	EXP 	Image: size = array([1.5, 1. ])
210.3450 	EXP 	Image: image = 'FoodPics\\F4H\\cornbread.jpg'
210.3450 	EXP 	Image: autoDraw = True
218.2712 	EXP 	RatingScale rating: reset()
218.2873 	EXP 	Image: autoDraw = False
218.2873 	EXP 	ratingQ: text = 'How much are you craving this food?'
218.2873 	EXP 	text_3: text = 'Not at all                                                Very Much'
218.2873 	EXP 	ratingQ: autoDraw = True
218.2873 	EXP 	rating: autoDraw = True
218.2873 	EXP 	text_3: autoDraw = True
223.2580 	EXP 	ratingQ: autoDraw = False
223.2913 	EXP 	ratingQ: autoDraw = False
223.2913 	EXP 	rating: autoDraw = False
223.2913 	EXP 	text_3: autoDraw = False
223.2913 	EXP 	text_2: text = '+'
223.2913 	EXP 	text_2: autoDraw = True
225.2766 	EXP 	New trial (rep=0, index=2): OrderedDict([('Picture1', None), ('Picture', 'FoodPics\\F4H\\muffins2.jpg')])
225.3572 	EXP 	text_2: autoDraw = False
225.3572 	EXP 	Image: size = array([1.5, 1. ])
225.3572 	EXP 	Image: image = 'FoodPics\\F4H\\muffins2.jpg'
225.3572 	EXP 	Image: autoDraw = True
233.2670 	EXP 	RatingScale rating: reset()
233.2831 	EXP 	Image: autoDraw = False
233.2831 	EXP 	ratingQ: text = 'How much are you craving this food?'
233.2831 	EXP 	text_3: text = 'Not at all                                                Very Much'
233.2831 	EXP 	ratingQ: autoDraw = True
233.2831 	EXP 	rating: autoDraw = True
233.2831 	EXP 	text_3: autoDraw = True
238.2538 	EXP 	ratingQ: autoDraw = False
238.2869 	EXP 	ratingQ: autoDraw = False
238.2869 	EXP 	rating: autoDraw = False
238.2869 	EXP 	text_3: autoDraw = False
238.2869 	EXP 	text_2: text = '+'
238.2869 	EXP 	text_2: autoDraw = True
240.2731 	EXP 	New trial (rep=0, index=3): OrderedDict([('Picture1', None), ('Picture', 'FoodPics\\F4H\\icecream2.jpg')])
240.3483 	EXP 	text_2: autoDraw = False
240.3483 	EXP 	Image: size = array([1.5, 1. ])
240.3483 	EXP 	Image: image = 'FoodPics\\F4H\\icecream2.jpg'
240.3483 	EXP 	Image: autoDraw = True
248.2796 	EXP 	RatingScale rating: reset()
248.2954 	EXP 	Image: autoDraw = False
248.2954 	EXP 	ratingQ: text = 'How much are you craving this food?'
248.2954 	EXP 	text_3: text = 'Not at all                                                Very Much'
248.2954 	EXP 	ratingQ: autoDraw = True
248.2954 	EXP 	rating: autoDraw = True
248.2954 	EXP 	text_3: autoDraw = True
253.2662 	EXP 	ratingQ: autoDraw = False
253.2828 	EXP 	ratingQ: autoDraw = False
253.2828 	EXP 	rating: autoDraw = False
253.2828 	EXP 	text_3: autoDraw = False
253.2828 	EXP 	text_2: text = '+'
253.2828 	EXP 	text_2: autoDraw = True
255.2683 	EXP 	New trial (rep=0, index=2): OrderedDict([('CueType', 'REACT'), ('rows', '0016:0020'), ('CueType2', 'REGULATE')])
255.2845 	EXP 	text_2: autoDraw = False
255.2845 	EXP 	cue: text = 'REACT'
255.2845 	EXP 	ISI: text = '+'
255.2845 	EXP 	cue: autoDraw = True
260.2556 	EXP 	ISI: autoDraw = True
260.2890 	EXP 	cue: autoDraw = False
262.2457 	EXP 	Imported FoodReg.csv as conditions, 4 conditions, 2 params
262.2459 	EXP 	Created sequence: random, trialTypes=4, nReps=1, seed=None
262.2461 	EXP 	New trial (rep=0, index=0): OrderedDict([('Picture1', 'FoodPics\\curry.jpeg'), ('Picture', 'FoodPics\\F4H\\cookies.jpg')])
262.3194 	EXP 	ISI: autoDraw = False
262.3194 	EXP 	cue: autoDraw = False
262.3194 	EXP 	ISI: autoDraw = False
262.3194 	EXP 	Image: size = array([1.5, 1. ])
262.3194 	EXP 	Image: image = 'FoodPics\\F4H\\cookies.jpg'
262.3194 	EXP 	Image: autoDraw = True
270.2645 	EXP 	RatingScale rating: reset()
270.2805 	EXP 	Image: autoDraw = False
270.2805 	EXP 	ratingQ: text = 'How much are you craving this food?'
270.2805 	EXP 	text_3: text = 'Not at all                                                Very Much'
270.2805 	EXP 	ratingQ: autoDraw = True
270.2805 	EXP 	rating: autoDraw = True
270.2805 	EXP 	text_3: autoDraw = True
275.2517 	EXP 	ratingQ: autoDraw = False
275.2844 	EXP 	ratingQ: autoDraw = False
275.2844 	EXP 	rating: autoDraw = False
275.2844 	EXP 	text_3: autoDraw = False
275.2844 	EXP 	text_2: text = '+'
275.2844 	EXP 	text_2: autoDraw = True
277.2701 	EXP 	New trial (rep=0, index=1): OrderedDict([('Picture1', 'FoodPics\\popcorn.jpg'), ('Picture', 'FoodPics\\F4H\\donuts.jpg')])
277.3431 	EXP 	text_2: autoDraw = False
277.3431 	EXP 	Image: size = array([1.5, 1. ])
277.3431 	EXP 	Image: image = 'FoodPics\\F4H\\donuts.jpg'
277.3431 	EXP 	Image: autoDraw = True
285.2769 	EXP 	RatingScale rating: reset()
285.2926 	EXP 	Image: autoDraw = False
285.2926 	EXP 	ratingQ: text = 'How much are you craving this food?'
285.2926 	EXP 	text_3: text = 'Not at all                                                Very Much'
285.2926 	EXP 	ratingQ: autoDraw = True
285.2926 	EXP 	rating: autoDraw = True
285.2926 	EXP 	text_3: autoDraw = True
290.2636 	EXP 	ratingQ: autoDraw = False
290.2801 	EXP 	ratingQ: autoDraw = False
290.2801 	EXP 	rating: autoDraw = False
290.2801 	EXP 	text_3: autoDraw = False
290.2801 	EXP 	text_2: text = '+'
290.2801 	EXP 	text_2: autoDraw = True
292.2656 	EXP 	New trial (rep=0, index=2): OrderedDict([('Picture1', 'FoodPics\\cupcake.jpg'), ('Picture', 'FoodPics\\F4H\\croissant.jpg')])
292.3399 	EXP 	text_2: autoDraw = False
292.3399 	EXP 	Image: size = array([1.5, 1. ])
292.3399 	EXP 	Image: image = 'FoodPics\\F4H\\croissant.jpg'
292.3399 	EXP 	Image: autoDraw = True
300.2729 	EXP 	RatingScale rating: reset()
300.2888 	EXP 	Image: autoDraw = False
300.2888 	EXP 	ratingQ: text = 'How much are you craving this food?'
300.2888 	EXP 	text_3: text = 'Not at all                                                Very Much'
300.2888 	EXP 	ratingQ: autoDraw = True
300.2888 	EXP 	rating: autoDraw = True
300.2888 	EXP 	text_3: autoDraw = True
305.2593 	EXP 	ratingQ: autoDraw = False
305.2926 	EXP 	ratingQ: autoDraw = False
305.2926 	EXP 	rating: autoDraw = False
305.2926 	EXP 	text_3: autoDraw = False
305.2926 	EXP 	text_2: text = '+'
305.2926 	EXP 	text_2: autoDraw = True
307.2780 	EXP 	New trial (rep=0, index=3): OrderedDict([('Picture1', 'FoodPics\\profiteroles.jpeg'), ('Picture', 'FoodPics\\F4H\\donutes.jpg')])
307.3524 	EXP 	text_2: autoDraw = False
307.3524 	EXP 	Image: size = array([1.5, 1. ])
307.3524 	EXP 	Image: image = 'FoodPics\\F4H\\donutes.jpg'
307.3524 	EXP 	Image: autoDraw = True
315.2684 	EXP 	RatingScale rating: reset()
315.2845 	EXP 	Image: autoDraw = False
315.2845 	EXP 	ratingQ: text = 'How much are you craving this food?'
315.2845 	EXP 	text_3: text = 'Not at all                                                Very Much'
315.2845 	EXP 	ratingQ: autoDraw = True
315.2845 	EXP 	rating: autoDraw = True
315.2845 	EXP 	text_3: autoDraw = True
320.2555 	EXP 	ratingQ: autoDraw = False
320.2885 	EXP 	ratingQ: autoDraw = False
320.2885 	EXP 	rating: autoDraw = False
320.2885 	EXP 	text_3: autoDraw = False
320.2885 	EXP 	text_2: text = '+'
320.2885 	EXP 	text_2: autoDraw = True
322.2739 	EXP 	New trial (rep=0, index=3): OrderedDict([('CueType', 'REGULATE'), ('rows', '0037:0042'), ('CueType2', 'REACT')])
322.2901 	EXP 	text_2: autoDraw = False
322.2901 	EXP 	cue: text = 'REGULATE'
322.2901 	EXP 	ISI: text = '+'
322.2901 	EXP 	cue: autoDraw = True
327.2776 	EXP 	ISI: autoDraw = True
327.2944 	EXP 	cue: autoDraw = False
329.2680 	EXP 	Imported FoodReg.csv as conditions, 5 conditions, 2 params
329.2682 	EXP 	Created sequence: random, trialTypes=5, nReps=1, seed=None
329.2683 	EXP 	New trial (rep=0, index=0): OrderedDict([('Picture1', None), ('Picture', 'FoodPics\\F4H\\strawberries2.jpg')])
329.3422 	EXP 	ISI: autoDraw = False
329.3422 	EXP 	cue: autoDraw = False
329.3422 	EXP 	ISI: autoDraw = False
329.3422 	EXP 	Image: size = array([1.5, 1. ])
329.3422 	EXP 	Image: image = 'FoodPics\\F4H\\strawberries2.jpg'
329.3422 	EXP 	Image: autoDraw = True
337.2701 	EXP 	RatingScale rating: reset()
337.2859 	EXP 	Image: autoDraw = False
337.2859 	EXP 	ratingQ: text = 'How much are you craving this food?'
337.2859 	EXP 	text_3: text = 'Not at all                                                Very Much'
337.2859 	EXP 	ratingQ: autoDraw = True
337.2859 	EXP 	rating: autoDraw = True
337.2859 	EXP 	text_3: autoDraw = True
342.2566 	EXP 	ratingQ: autoDraw = False
342.2900 	EXP 	ratingQ: autoDraw = False
342.2900 	EXP 	rating: autoDraw = False
342.2900 	EXP 	text_3: autoDraw = False
342.2900 	EXP 	text_2: text = '+'
342.2900 	EXP 	text_2: autoDraw = True
344.2754 	EXP 	New trial (rep=0, index=1): OrderedDict([('Picture1', None), ('Picture', 'FoodPics\\F4H\\sushi.jpg')])
344.3489 	EXP 	text_2: autoDraw = False
344.3489 	EXP 	Image: size = array([1.5, 1. ])
344.3489 	EXP 	Image: image = 'FoodPics\\F4H\\sushi.jpg'
344.3489 	EXP 	Image: autoDraw = True
352.2657 	EXP 	RatingScale rating: reset()
352.2818 	EXP 	Image: autoDraw = False
352.2818 	EXP 	ratingQ: text = 'How much are you craving this food?'
352.2818 	EXP 	text_3: text = 'Not at all                                                Very Much'
352.2818 	EXP 	ratingQ: autoDraw = True
352.2818 	EXP 	rating: autoDraw = True
352.2818 	EXP 	text_3: autoDraw = True
357.2523 	EXP 	ratingQ: autoDraw = False
357.2863 	EXP 	ratingQ: autoDraw = False
357.2863 	EXP 	rating: autoDraw = False
357.2863 	EXP 	text_3: autoDraw = False
357.2863 	EXP 	text_2: text = '+'
357.2863 	EXP 	text_2: autoDraw = True
359.2712 	EXP 	New trial (rep=0, index=2): OrderedDict([('Picture1', None), ('Picture', 'FoodPics\\F4H\\watermelon.jpg')])
359.3434 	EXP 	text_2: autoDraw = False
359.3434 	EXP 	Image: size = array([1.5, 1. ])
359.3434 	EXP 	Image: image = 'FoodPics\\F4H\\watermelon.jpg'
359.3434 	EXP 	Image: autoDraw = True
367.2781 	EXP 	RatingScale rating: reset()
367.2941 	EXP 	Image: autoDraw = False
367.2941 	EXP 	ratingQ: text = 'How much are you craving this food?'
367.2941 	EXP 	text_3: text = 'Not at all                                                Very Much'
367.2941 	EXP 	ratingQ: autoDraw = True
367.2941 	EXP 	rating: autoDraw = True
367.2941 	EXP 	text_3: autoDraw = True
372.2648 	EXP 	ratingQ: autoDraw = False
372.2818 	EXP 	ratingQ: autoDraw = False
372.2818 	EXP 	rating: autoDraw = False
372.2818 	EXP 	text_3: autoDraw = False
372.2818 	EXP 	text_2: text = '+'
372.2818 	EXP 	text_2: autoDraw = True
374.2671 	EXP 	New trial (rep=0, index=3): OrderedDict([('Picture1', None), ('Picture', 'FoodPics\\F4H\\pretzelsticks.jpg')])
374.3417 	EXP 	text_2: autoDraw = False
374.3417 	EXP 	Image: size = array([1.5, 1. ])
374.3417 	EXP 	Image: image = 'FoodPics\\F4H\\pretzelsticks.jpg'
374.3417 	EXP 	Image: autoDraw = True
382.2739 	EXP 	RatingScale rating: reset()
382.2901 	EXP 	Image: autoDraw = False
382.2901 	EXP 	ratingQ: text = 'How much are you craving this food?'
382.2901 	EXP 	text_3: text = 'Not at all                                                Very Much'
382.2901 	EXP 	ratingQ: autoDraw = True
382.2901 	EXP 	rating: autoDraw = True
382.2901 	EXP 	text_3: autoDraw = True
387.2609 	EXP 	ratingQ: autoDraw = False
387.2941 	EXP 	ratingQ: autoDraw = False
387.2941 	EXP 	rating: autoDraw = False
387.2941 	EXP 	text_3: autoDraw = False
387.2941 	EXP 	text_2: text = '+'
387.2941 	EXP 	text_2: autoDraw = True
389.2795 	EXP 	New trial (rep=0, index=4): OrderedDict([('Picture1', None), ('Picture', 'FoodPics\\F4H\\pineapple.jpg')])
389.3525 	EXP 	text_2: autoDraw = False
389.3525 	EXP 	Image: size = array([1.5, 1. ])
389.3525 	EXP 	Image: image = 'FoodPics\\F4H\\pineapple.jpg'
389.3525 	EXP 	Image: autoDraw = True
397.2698 	EXP 	RatingScale rating: reset()
397.2857 	EXP 	Image: autoDraw = False
397.2857 	EXP 	ratingQ: text = 'How much are you craving this food?'
397.2857 	EXP 	text_3: text = 'Not at all                                                Very Much'
397.2857 	EXP 	ratingQ: autoDraw = True
397.2857 	EXP 	rating: autoDraw = True
397.2857 	EXP 	text_3: autoDraw = True
402.2565 	EXP 	ratingQ: autoDraw = False
402.2898 	EXP 	ratingQ: autoDraw = False
402.2898 	EXP 	rating: autoDraw = False
402.2898 	EXP 	text_3: autoDraw = False
402.2898 	EXP 	text_2: text = '+'
402.2898 	EXP 	text_2: autoDraw = True
404.2753 	EXP 	New trial (rep=0, index=4): OrderedDict([('CueType', 'REACT'), ('rows', '0031:0036'), ('CueType2', 'REGULATE')])
404.2917 	EXP 	text_2: autoDraw = False
404.2917 	EXP 	cue: text = 'REACT'
404.2917 	EXP 	ISI: text = '+'
404.2917 	EXP 	cue: autoDraw = True
409.2789 	EXP 	ISI: autoDraw = True
409.2957 	EXP 	cue: autoDraw = False
411.2675 	EXP 	Imported FoodReg.csv as conditions, 5 conditions, 2 params
411.2676 	EXP 	Created sequence: random, trialTypes=5, nReps=1, seed=None
411.2678 	EXP 	New trial (rep=0, index=0): OrderedDict([('Picture1', 'FoodPics\\burger.jpg'), ('Picture', 'FoodPics\\F4H\\pretzels.jpg')])
411.3417 	EXP 	cue: autoDraw = False
411.3417 	EXP 	ISI: autoDraw = False
411.3417 	EXP 	Image: size = array([1.5, 1. ])
411.3417 	EXP 	Image: image = 'FoodPics\\F4H\\pretzels.jpg'
411.3417 	EXP 	Image: autoDraw = True
419.2714 	EXP 	RatingScale rating: reset()
419.2873 	EXP 	Image: autoDraw = False
419.2873 	EXP 	ratingQ: text = 'How much are you craving this food?'
419.2873 	EXP 	text_3: text = 'Not at all                                                Very Much'
419.2873 	EXP 	ratingQ: autoDraw = True
419.2873 	EXP 	rating: autoDraw = True
419.2873 	EXP 	text_3: autoDraw = True
424.2583 	EXP 	ratingQ: autoDraw = False
424.2913 	EXP 	ratingQ: autoDraw = False
424.2913 	EXP 	rating: autoDraw = False
424.2913 	EXP 	text_3: autoDraw = False
424.2913 	EXP 	text_2: text = '+'
424.2913 	EXP 	text_2: autoDraw = True
426.2769 	EXP 	New trial (rep=0, index=1): OrderedDict([('Picture1', 'FoodPics\\loadedFries.jpg'), ('Picture', 'FoodPics\\F4H\\pizza.jpg')])
426.3724 	EXP 	text_2: autoDraw = False
426.3724 	EXP 	Image: size = array([1.5, 1. ])
426.3724 	EXP 	Image: image = 'FoodPics\\F4H\\pizza.jpg'
426.3724 	EXP 	Image: autoDraw = True
434.2672 	EXP 	RatingScale rating: reset()
434.2831 	EXP 	Image: autoDraw = False
434.2831 	EXP 	ratingQ: text = 'How much are you craving this food?'
434.2831 	EXP 	text_3: text = 'Not at all                                                Very Much'
434.2831 	EXP 	ratingQ: autoDraw = True
434.2831 	EXP 	rating: autoDraw = True
434.2831 	EXP 	text_3: autoDraw = True
439.2539 	EXP 	ratingQ: autoDraw = False
439.2872 	EXP 	ratingQ: autoDraw = False
439.2872 	EXP 	rating: autoDraw = False
439.2872 	EXP 	text_3: autoDraw = False
439.2872 	EXP 	text_2: text = '+'
439.2872 	EXP 	text_2: autoDraw = True
441.2726 	EXP 	New trial (rep=0, index=2): OrderedDict([('Picture1', 'FoodPics\\burrito.jpg'), ('Picture', 'FoodPics\\F4H\\ritz.jpg')])
441.3460 	EXP 	text_2: autoDraw = False
441.3460 	EXP 	Image: size = array([1.5, 1. ])
441.3460 	EXP 	Image: image = 'FoodPics\\F4H\\ritz.jpg'
441.3460 	EXP 	Image: autoDraw = True
449.2796 	EXP 	RatingScale rating: reset()
449.2956 	EXP 	Image: autoDraw = False
449.2956 	EXP 	ratingQ: text = 'How much are you craving this food?'
449.2956 	EXP 	text_3: text = 'Not at all                                                Very Much'
449.2956 	EXP 	ratingQ: autoDraw = True
449.2956 	EXP 	rating: autoDraw = True
449.2956 	EXP 	text_3: autoDraw = True
454.2666 	EXP 	ratingQ: autoDraw = False
454.2829 	EXP 	ratingQ: autoDraw = False
454.2829 	EXP 	rating: autoDraw = False
454.2829 	EXP 	text_3: autoDraw = False
454.2829 	EXP 	text_2: text = '+'
454.2829 	EXP 	text_2: autoDraw = True
456.2684 	EXP 	New trial (rep=0, index=3): OrderedDict([('Picture1', 'FoodPics\\macarons.jpg'), ('Picture', 'FoodPics\\F4H\\pretzel.jpg')])
456.3416 	EXP 	text_2: autoDraw = False
456.3416 	EXP 	Image: size = array([1.5, 1. ])
456.3416 	EXP 	Image: image = 'FoodPics\\F4H\\pretzel.jpg'
456.3416 	EXP 	Image: autoDraw = True
464.2754 	EXP 	RatingScale rating: reset()
464.2913 	EXP 	Image: autoDraw = False
464.2913 	EXP 	ratingQ: text = 'How much are you craving this food?'
464.2913 	EXP 	text_3: text = 'Not at all                                                Very Much'
464.2913 	EXP 	ratingQ: autoDraw = True
464.2913 	EXP 	rating: autoDraw = True
464.2913 	EXP 	text_3: autoDraw = True
469.2621 	EXP 	ratingQ: autoDraw = False
469.2956 	EXP 	ratingQ: autoDraw = False
469.2956 	EXP 	rating: autoDraw = False
469.2956 	EXP 	text_3: autoDraw = False
469.2956 	EXP 	text_2: text = '+'
469.2956 	EXP 	text_2: autoDraw = True
471.2647 	EXP 	New trial (rep=0, index=4): OrderedDict([('Picture1', 'FoodPics\\donuts.jpg'), ('Picture', 'FoodPics\\F4H\\oreos.jpg')])
471.3385 	EXP 	text_2: autoDraw = False
471.3385 	EXP 	Image: size = array([1.5, 1. ])
471.3385 	EXP 	Image: image = 'FoodPics\\F4H\\oreos.jpg'
471.3385 	EXP 	Image: autoDraw = True
479.2714 	EXP 	RatingScale rating: reset()
479.2873 	EXP 	Image: autoDraw = False
479.2873 	EXP 	ratingQ: text = 'How much are you craving this food?'
479.2873 	EXP 	text_3: text = 'Not at all                                                Very Much'
479.2873 	EXP 	ratingQ: autoDraw = True
479.2873 	EXP 	rating: autoDraw = True
479.2873 	EXP 	text_3: autoDraw = True
484.2579 	EXP 	ratingQ: autoDraw = False
484.2913 	EXP 	ratingQ: autoDraw = False
484.2913 	EXP 	rating: autoDraw = False
484.2913 	EXP 	text_3: autoDraw = False
484.2913 	EXP 	text_2: text = '+'
484.2913 	EXP 	text_2: autoDraw = True
486.2769 	EXP 	New trial (rep=0, index=5): OrderedDict([('CueType', 'REGULATE'), ('rows', '004:009'), ('CueType2', 'REACT')])
486.2931 	EXP 	text_2: autoDraw = False
486.2931 	EXP 	cue: text = 'REGULATE'
486.2931 	EXP 	ISI: text = '+'
486.2931 	EXP 	cue: autoDraw = True
491.2803 	EXP 	ISI: autoDraw = True
491.2972 	EXP 	cue: autoDraw = False
493.2691 	EXP 	Imported FoodReg.csv as conditions, 5 conditions, 2 params
493.2693 	EXP 	Created sequence: random, trialTypes=5, nReps=1, seed=None
493.2695 	EXP 	New trial (rep=0, index=0): OrderedDict([('Picture1', 'FoodPics\\lambRagu.jpg'), ('Picture', 'FoodPics\\F4H\\chickenkebab.jpg')])
493.3453 	EXP 	cue: autoDraw = False
493.3453 	EXP 	ISI: autoDraw = False
493.3453 	EXP 	Image: size = array([1.5, 1. ])
493.3453 	EXP 	Image: image = 'FoodPics\\F4H\\chickenkebab.jpg'
493.3453 	EXP 	Image: autoDraw = True
501.2730 	EXP 	RatingScale rating: reset()
501.2886 	EXP 	Image: autoDraw = False
501.2886 	EXP 	ratingQ: text = 'How much are you craving this food?'
501.2886 	EXP 	text_3: text = 'Not at all                                                Very Much'
501.2886 	EXP 	ratingQ: autoDraw = True
501.2886 	EXP 	rating: autoDraw = True
501.2886 	EXP 	text_3: autoDraw = True
506.2596 	EXP 	ratingQ: autoDraw = False
506.2931 	EXP 	ratingQ: autoDraw = False
506.2931 	EXP 	rating: autoDraw = False
506.2931 	EXP 	text_3: autoDraw = False
506.2931 	EXP 	text_2: text = '+'
506.2931 	EXP 	text_2: autoDraw = True
508.2784 	EXP 	New trial (rep=0, index=1): OrderedDict([('Picture1', 'FoodPics\\sushi.jpg'), ('Picture', 'FoodPics\\F4H\\brownies2.jpg')])
508.3551 	EXP 	text_2: autoDraw = False
508.3551 	EXP 	Image: size = array([1.5, 1. ])
508.3551 	EXP 	Image: image = 'FoodPics\\F4H\\brownies2.jpg'
508.3551 	EXP 	Image: autoDraw = True
516.2688 	EXP 	RatingScale rating: reset()
516.2846 	EXP 	Image: autoDraw = False
516.2846 	EXP 	ratingQ: text = 'How much are you craving this food?'
516.2846 	EXP 	text_3: text = 'Not at all                                                Very Much'
516.2846 	EXP 	ratingQ: autoDraw = True
516.2846 	EXP 	rating: autoDraw = True
516.2846 	EXP 	text_3: autoDraw = True
521.2549 	EXP 	ratingQ: autoDraw = False
521.2883 	EXP 	ratingQ: autoDraw = False
521.2883 	EXP 	rating: autoDraw = False
521.2883 	EXP 	text_3: autoDraw = False
521.2883 	EXP 	text_2: text = '+'
521.2883 	EXP 	text_2: autoDraw = True
523.2744 	EXP 	New trial (rep=0, index=2): OrderedDict([('Picture1', 'FoodPics\\chickenWings.jpg'), ('Picture', 'FoodPics\\F4H\\cheesepuffs.jpg')])
523.3504 	EXP 	text_2: autoDraw = False
523.3504 	EXP 	Image: size = array([1.5, 1. ])
523.3504 	EXP 	Image: image = 'FoodPics\\F4H\\cheesepuffs.jpg'
523.3504 	EXP 	Image: autoDraw = True
531.2643 	EXP 	RatingScale rating: reset()
531.2804 	EXP 	Image: autoDraw = False
531.2804 	EXP 	ratingQ: text = 'How much are you craving this food?'
531.2804 	EXP 	text_3: text = 'Not at all                                                Very Much'
531.2804 	EXP 	ratingQ: autoDraw = True
531.2804 	EXP 	rating: autoDraw = True
531.2804 	EXP 	text_3: autoDraw = True
536.2510 	EXP 	ratingQ: autoDraw = False
536.2845 	EXP 	ratingQ: autoDraw = False
536.2845 	EXP 	rating: autoDraw = False
536.2845 	EXP 	text_3: autoDraw = False
536.2845 	EXP 	text_2: text = '+'
536.2845 	EXP 	text_2: autoDraw = True
538.2698 	EXP 	New trial (rep=0, index=3): OrderedDict([('Picture1', 'FoodPics\\milkshake.jpg'), ('Picture', 'FoodPics\\F4H\\cheese.jpg')])
538.3632 	EXP 	text_2: autoDraw = False
538.3632 	EXP 	Image: size = array([1.5, 1. ])
538.3632 	EXP 	Image: image = 'FoodPics\\F4H\\cheese.jpg'
538.3632 	EXP 	Image: autoDraw = True
546.2771 	EXP 	RatingScale rating: reset()
546.2932 	EXP 	Image: autoDraw = False
546.2932 	EXP 	ratingQ: text = 'How much are you craving this food?'
546.2932 	EXP 	text_3: text = 'Not at all                                                Very Much'
546.2932 	EXP 	ratingQ: autoDraw = True
546.2932 	EXP 	rating: autoDraw = True
546.2932 	EXP 	text_3: autoDraw = True
551.2637 	EXP 	ratingQ: autoDraw = False
551.2803 	EXP 	ratingQ: autoDraw = False
551.2803 	EXP 	rating: autoDraw = False
551.2803 	EXP 	text_3: autoDraw = False
551.2803 	EXP 	text_2: text = '+'
551.2803 	EXP 	text_2: autoDraw = True
553.2655 	EXP 	New trial (rep=0, index=4): OrderedDict([('Picture1', 'FoodPics\\hotChoc.jpg'), ('Picture', 'FoodPics\\F4H\\cakes.jpg')])
553.3430 	EXP 	text_2: autoDraw = False
553.3430 	EXP 	Image: size = array([1.5, 1. ])
553.3430 	EXP 	Image: image = 'FoodPics\\F4H\\cakes.jpg'
553.3430 	EXP 	Image: autoDraw = True
561.2727 	EXP 	RatingScale rating: reset()
561.2884 	EXP 	Image: autoDraw = False
561.2884 	EXP 	ratingQ: text = 'How much are you craving this food?'
561.2884 	EXP 	text_3: text = 'Not at all                                                Very Much'
561.2884 	EXP 	ratingQ: autoDraw = True
561.2884 	EXP 	rating: autoDraw = True
561.2884 	EXP 	text_3: autoDraw = True
566.2591 	EXP 	ratingQ: autoDraw = False
566.2925 	EXP 	ratingQ: autoDraw = False
566.2925 	EXP 	rating: autoDraw = False
566.2925 	EXP 	text_3: autoDraw = False
566.2925 	EXP 	text_2: text = '+'
566.2925 	EXP 	text_2: autoDraw = True
568.2778 	EXP 	New trial (rep=0, index=6): OrderedDict([('CueType', 'REGULATE'), ('rows', '0021:0025'), ('CueType2', 'REACT')])
568.2942 	EXP 	text_2: autoDraw = False
568.2942 	EXP 	cue: text = 'REGULATE'
568.2942 	EXP 	ISI: text = '+'
568.2942 	EXP 	cue: autoDraw = True
573.2649 	EXP 	ISI: autoDraw = True
573.2986 	EXP 	cue: autoDraw = False
575.2553 	EXP 	Imported FoodReg.csv as conditions, 4 conditions, 2 params
575.2555 	EXP 	Created sequence: random, trialTypes=4, nReps=1, seed=None
575.2557 	EXP 	New trial (rep=0, index=0): OrderedDict([('Picture1', 'FoodPics\\pasta1.jpg'), ('Picture', 'FoodPics\\F4H\\fries.jpg')])
575.3280 	EXP 	ISI: autoDraw = False
575.3280 	EXP 	cue: autoDraw = False
575.3280 	EXP 	ISI: autoDraw = False
575.3280 	EXP 	Image: size = array([1.5, 1. ])
575.3280 	EXP 	Image: image = 'FoodPics\\F4H\\fries.jpg'
575.3280 	EXP 	Image: autoDraw = True
583.2742 	EXP 	RatingScale rating: reset()
583.2901 	EXP 	Image: autoDraw = False
583.2901 	EXP 	ratingQ: text = 'How much are you craving this food?'
583.2901 	EXP 	text_3: text = 'Not at all                                                Very Much'
583.2901 	EXP 	ratingQ: autoDraw = True
583.2901 	EXP 	rating: autoDraw = True
583.2901 	EXP 	text_3: autoDraw = True
588.2607 	EXP 	ratingQ: autoDraw = False
588.2940 	EXP 	ratingQ: autoDraw = False
588.2940 	EXP 	rating: autoDraw = False
588.2940 	EXP 	text_3: autoDraw = False
588.2940 	EXP 	text_2: text = '+'
588.2940 	EXP 	text_2: autoDraw = True
590.2796 	EXP 	New trial (rep=0, index=1): OrderedDict([('Picture1', 'FoodPics\\pancakes.jpg'), ('Picture', 'FoodPics\\F4H\\fruittart.jpg')])
590.3528 	EXP 	text_2: autoDraw = False
590.3528 	EXP 	Image: size = array([1.5, 1. ])
590.3528 	EXP 	Image: image = 'FoodPics\\F4H\\fruittart.jpg'
590.3528 	EXP 	Image: autoDraw = True
598.2698 	EXP 	RatingScale rating: reset()
598.2859 	EXP 	Image: autoDraw = False
598.2859 	EXP 	ratingQ: text = 'How much are you craving this food?'
598.2859 	EXP 	text_3: text = 'Not at all                                                Very Much'
598.2859 	EXP 	ratingQ: autoDraw = True
598.2859 	EXP 	rating: autoDraw = True
598.2859 	EXP 	text_3: autoDraw = True
603.2565 	EXP 	ratingQ: autoDraw = False
603.2899 	EXP 	ratingQ: autoDraw = False
603.2899 	EXP 	rating: autoDraw = False
603.2899 	EXP 	text_3: autoDraw = False
603.2899 	EXP 	text_2: text = '+'
603.2899 	EXP 	text_2: autoDraw = True
605.2753 	EXP 	New trial (rep=0, index=2): OrderedDict([('Picture1', 'FoodPics\\burgersFries.jpg'), ('Picture', 'FoodPics\\F4H\\doritos.jpg')])
605.3489 	EXP 	text_2: autoDraw = False
605.3489 	EXP 	Image: size = array([1.5, 1. ])
605.3489 	EXP 	Image: image = 'FoodPics\\F4H\\doritos.jpg'
605.3489 	EXP 	Image: autoDraw = True
613.2657 	EXP 	RatingScale rating: reset()
613.2818 	EXP 	Image: autoDraw = False
613.2818 	EXP 	ratingQ: text = 'How much are you craving this food?'
613.2818 	EXP 	text_3: text = 'Not at all                                                Very Much'
613.2818 	EXP 	ratingQ: autoDraw = True
613.2818 	EXP 	rating: autoDraw = True
613.2818 	EXP 	text_3: autoDraw = True
618.2527 	EXP 	ratingQ: autoDraw = False
618.2858 	EXP 	ratingQ: autoDraw = False
618.2858 	EXP 	rating: autoDraw = False
618.2858 	EXP 	text_3: autoDraw = False
618.2858 	EXP 	text_2: text = '+'
618.2858 	EXP 	text_2: autoDraw = True
620.2718 	EXP 	New trial (rep=0, index=3): OrderedDict([('Picture1', 'FoodPics\\pancake.jpg'), ('Picture', 'FoodPics\\F4H\\grapefruit.jpg')])
620.3470 	EXP 	text_2: autoDraw = False
620.3470 	EXP 	Image: size = array([1.5, 1. ])
620.3470 	EXP 	Image: image = 'FoodPics\\F4H\\grapefruit.jpg'
620.3470 	EXP 	Image: autoDraw = True
628.2781 	EXP 	RatingScale rating: reset()
628.2940 	EXP 	Image: autoDraw = False
628.2940 	EXP 	ratingQ: text = 'How much are you craving this food?'
628.2940 	EXP 	text_3: text = 'Not at all                                                Very Much'
628.2940 	EXP 	ratingQ: autoDraw = True
628.2940 	EXP 	rating: autoDraw = True
628.2940 	EXP 	text_3: autoDraw = True
633.2649 	EXP 	ratingQ: autoDraw = False
633.2814 	EXP 	ratingQ: autoDraw = False
633.2814 	EXP 	rating: autoDraw = False
633.2814 	EXP 	text_3: autoDraw = False
633.2814 	EXP 	text_2: text = '+'
633.2814 	EXP 	text_2: autoDraw = True
635.2671 	EXP 	New trial (rep=0, index=7): OrderedDict([('CueType', 'REACT'), ('rows', '0026:0030'), ('CueType2', 'REGULATE')])
635.2834 	EXP 	text_2: autoDraw = False
635.2834 	EXP 	cue: text = 'REACT'
635.2834 	EXP 	ISI: text = '+'
635.2834 	EXP 	cue: autoDraw = True
640.2707 	EXP 	ISI: autoDraw = True
640.2874 	EXP 	cue: autoDraw = False
642.2610 	EXP 	Imported FoodReg.csv as conditions, 4 conditions, 2 params
642.2612 	EXP 	Created sequence: random, trialTypes=4, nReps=1, seed=None
642.2613 	EXP 	New trial (rep=0, index=0): OrderedDict([('Picture1', 'FoodPics\\pizza.jpg'), ('Picture', 'FoodPics\\F4H\\marshmallows.jpg')])
642.3333 	EXP 	ISI: autoDraw = False
642.3333 	EXP 	cue: autoDraw = False
642.3333 	EXP 	ISI: autoDraw = False
642.3333 	EXP 	Image: size = array([1.5, 1. ])
642.3333 	EXP 	Image: image = 'FoodPics\\F4H\\marshmallows.jpg'
642.3333 	EXP 	Image: autoDraw = True
650.2798 	EXP 	RatingScale rating: reset()
650.2959 	EXP 	Image: autoDraw = False
650.2959 	EXP 	ratingQ: text = 'How much are you craving this food?'
650.2959 	EXP 	text_3: text = 'Not at all                                                Very Much'
650.2959 	EXP 	ratingQ: autoDraw = True
650.2959 	EXP 	rating: autoDraw = True
650.2959 	EXP 	text_3: autoDraw = True
655.2664 	EXP 	ratingQ: autoDraw = False
655.2830 	EXP 	ratingQ: autoDraw = False
655.2830 	EXP 	rating: autoDraw = False
655.2830 	EXP 	text_3: autoDraw = False
655.2830 	EXP 	text_2: text = '+'
655.2830 	EXP 	text_2: autoDraw = True
657.2688 	EXP 	New trial (rep=0, index=1): OrderedDict([('Picture1', 'FoodPics\\waffle.jpg'), ('Picture', 'FoodPics\\F4H\\kitkat.jpg')])
657.3417 	EXP 	text_2: autoDraw = False
657.3417 	EXP 	Image: size = array([1.5, 1. ])
657.3417 	EXP 	Image: image = 'FoodPics\\F4H\\kitkat.jpg'
657.3417 	EXP 	Image: autoDraw = True
665.2753 	EXP 	RatingScale rating: reset()
665.2913 	EXP 	Image: autoDraw = False
665.2913 	EXP 	ratingQ: text = 'How much are you craving this food?'
665.2913 	EXP 	text_3: text = 'Not at all                                                Very Much'
665.2913 	EXP 	ratingQ: autoDraw = True
665.2913 	EXP 	rating: autoDraw = True
665.2913 	EXP 	text_3: autoDraw = True
670.2622 	EXP 	ratingQ: autoDraw = False
670.2955 	EXP 	ratingQ: autoDraw = False
670.2955 	EXP 	rating: autoDraw = False
670.2955 	EXP 	text_3: autoDraw = False
670.2955 	EXP 	text_2: text = '+'
670.2955 	EXP 	text_2: autoDraw = True
672.2642 	EXP 	New trial (rep=0, index=2): OrderedDict([('Picture1', 'FoodPics\\salad.jpg'), ('Picture', 'FoodPics\\F4H\\icecream.jpg')])
672.3377 	EXP 	text_2: autoDraw = False
672.3377 	EXP 	Image: size = array([1.5, 1. ])
672.3377 	EXP 	Image: image = 'FoodPics\\F4H\\icecream.jpg'
672.3377 	EXP 	Image: autoDraw = True
680.2713 	EXP 	RatingScale rating: reset()
680.2877 	EXP 	Image: autoDraw = False
680.2877 	EXP 	ratingQ: text = 'How much are you craving this food?'
680.2877 	EXP 	text_3: text = 'Not at all                                                Very Much'
680.2877 	EXP 	ratingQ: autoDraw = True
680.2877 	EXP 	rating: autoDraw = True
680.2877 	EXP 	text_3: autoDraw = True
685.2580 	EXP 	ratingQ: autoDraw = False
685.2912 	EXP 	ratingQ: autoDraw = False
685.2912 	EXP 	rating: autoDraw = False
685.2912 	EXP 	text_3: autoDraw = False
685.2912 	EXP 	text_2: text = '+'
685.2912 	EXP 	text_2: autoDraw = True
687.2766 	EXP 	New trial (rep=0, index=3): OrderedDict([('Picture1', 'FoodPics\\strawberries.jpg'), ('Picture', 'FoodPics\\F4H\\hamburgers.jpg')])
687.3498 	EXP 	text_2: autoDraw = False
687.3498 	EXP 	Image: size = array([1.5, 1. ])
687.3498 	EXP 	Image: image = 'FoodPics\\F4H\\hamburgers.jpg'
687.3498 	EXP 	Image: autoDraw = True
695.2669 	EXP 	RatingScale rating: reset()
695.2829 	EXP 	Image: autoDraw = False
695.2829 	EXP 	ratingQ: text = 'How much are you craving this food?'
695.2829 	EXP 	text_3: text = 'Not at all                                                Very Much'
695.2829 	EXP 	ratingQ: autoDraw = True
695.2829 	EXP 	rating: autoDraw = True
695.2829 	EXP 	text_3: autoDraw = True
700.2538 	EXP 	ratingQ: autoDraw = False
700.2873 	EXP 	ratingQ: autoDraw = False
700.2873 	EXP 	rating: autoDraw = False
700.2873 	EXP 	text_3: autoDraw = False
700.2873 	EXP 	text_2: text = '+'
700.2873 	EXP 	text_2: autoDraw = True
702.2727 	EXP 	New trial (rep=0, index=8): OrderedDict([('CueType', 'REACT'), ('rows', '0010:0015'), ('CueType2', 'REGULATE')])
702.2886 	EXP 	text_2: autoDraw = False
702.2886 	EXP 	cue: text = 'REACT'
702.2886 	EXP 	ISI: text = '+'
702.2886 	EXP 	cue: autoDraw = True
707.2595 	EXP 	ISI: autoDraw = True
707.2929 	EXP 	cue: autoDraw = False
709.2498 	EXP 	Imported FoodReg.csv as conditions, 5 conditions, 2 params
709.2500 	EXP 	Created sequence: random, trialTypes=5, nReps=1, seed=None
709.2502 	EXP 	New trial (rep=0, index=0): OrderedDict([('Picture1', 'FoodPics\\cheetos.jpg'), ('Picture', 'FoodPics\\F4H\\chips.jpg')])
709.3241 	EXP 	ISI: autoDraw = False
709.3241 	EXP 	cue: autoDraw = False
709.3241 	EXP 	ISI: autoDraw = False
709.3241 	EXP 	Image: size = array([1.5, 1. ])
709.3241 	EXP 	Image: image = 'FoodPics\\F4H\\chips.jpg'
709.3241 	EXP 	Image: autoDraw = True
717.2687 	EXP 	RatingScale rating: reset()
717.2845 	EXP 	Image: autoDraw = False
717.2845 	EXP 	ratingQ: text = 'How much are you craving this food?'
717.2845 	EXP 	text_3: text = 'Not at all                                                Very Much'
717.2845 	EXP 	ratingQ: autoDraw = True
717.2845 	EXP 	rating: autoDraw = True
717.2845 	EXP 	text_3: autoDraw = True
722.2553 	EXP 	ratingQ: autoDraw = False
722.2890 	EXP 	ratingQ: autoDraw = False
722.2890 	EXP 	rating: autoDraw = False
722.2890 	EXP 	text_3: autoDraw = False
722.2890 	EXP 	text_2: text = '+'
722.2890 	EXP 	text_2: autoDraw = True
724.2742 	EXP 	New trial (rep=0, index=1): OrderedDict([('Picture1', 'FoodPics\\chickenBurger.jpg'), ('Picture', 'FoodPics\\F4H\\chips2.jpg')])
724.3486 	EXP 	text_2: autoDraw = False
724.3486 	EXP 	Image: size = array([1.5, 1. ])
724.3486 	EXP 	Image: image = 'FoodPics\\F4H\\chips2.jpg'
724.3486 	EXP 	Image: autoDraw = True
732.2643 	EXP 	RatingScale rating: reset()
732.2803 	EXP 	Image: autoDraw = False
732.2803 	EXP 	ratingQ: text = 'How much are you craving this food?'
732.2803 	EXP 	text_3: text = 'Not at all                                                Very Much'
732.2803 	EXP 	ratingQ: autoDraw = True
732.2803 	EXP 	rating: autoDraw = True
732.2803 	EXP 	text_3: autoDraw = True
737.2511 	EXP 	ratingQ: autoDraw = False
737.2844 	EXP 	ratingQ: autoDraw = False
737.2844 	EXP 	rating: autoDraw = False
737.2844 	EXP 	text_3: autoDraw = False
737.2844 	EXP 	text_2: text = '+'
737.2844 	EXP 	text_2: autoDraw = True
739.2699 	EXP 	New trial (rep=0, index=2): OrderedDict([('Picture1', 'FoodPics\\brownie.jpeg'), ('Picture', 'FoodPics\\F4H\\chocolate1.jpg')])
739.3430 	EXP 	text_2: autoDraw = False
739.3430 	EXP 	Image: size = array([1.5, 1. ])
739.3430 	EXP 	Image: image = 'FoodPics\\F4H\\chocolate1.jpg'
739.3430 	EXP 	Image: autoDraw = True
747.2768 	EXP 	RatingScale rating: reset()
747.2927 	EXP 	Image: autoDraw = False
747.2927 	EXP 	ratingQ: text = 'How much are you craving this food?'
747.2927 	EXP 	text_3: text = 'Not at all                                                Very Much'
747.2927 	EXP 	ratingQ: autoDraw = True
747.2927 	EXP 	rating: autoDraw = True
747.2927 	EXP 	text_3: autoDraw = True
752.2634 	EXP 	ratingQ: autoDraw = False
752.2803 	EXP 	ratingQ: autoDraw = False
752.2803 	EXP 	rating: autoDraw = False
752.2803 	EXP 	text_3: autoDraw = False
752.2803 	EXP 	text_2: text = '+'
752.2803 	EXP 	text_2: autoDraw = True
754.2657 	EXP 	New trial (rep=0, index=3): OrderedDict([('Picture1', 'FoodPics\\chocCake.jpeg'), ('Picture', 'FoodPics\\F4H\\chips3.jpg')])
754.3401 	EXP 	text_2: autoDraw = False
754.3401 	EXP 	Image: size = array([1.5, 1. ])
754.3401 	EXP 	Image: image = 'FoodPics\\F4H\\chips3.jpg'
754.3401 	EXP 	Image: autoDraw = True
762.2727 	EXP 	RatingScale rating: reset()
762.2886 	EXP 	Image: autoDraw = False
762.2886 	EXP 	ratingQ: text = 'How much are you craving this food?'
762.2886 	EXP 	text_3: text = 'Not at all                                                Very Much'
762.2886 	EXP 	ratingQ: autoDraw = True
762.2886 	EXP 	rating: autoDraw = True
762.2886 	EXP 	text_3: autoDraw = True
767.2593 	EXP 	ratingQ: autoDraw = False
767.2925 	EXP 	ratingQ: autoDraw = False
767.2925 	EXP 	rating: autoDraw = False
767.2925 	EXP 	text_3: autoDraw = False
767.2925 	EXP 	text_2: text = '+'
767.2925 	EXP 	text_2: autoDraw = True
769.2780 	EXP 	New trial (rep=0, index=4): OrderedDict([('Picture1', 'FoodPics\\brownies.jpg'), ('Picture', 'FoodPics\\F4H\\chocolate2.jpg')])
769.3512 	EXP 	text_2: autoDraw = False
769.3512 	EXP 	Image: size = array([1.5, 1. ])
769.3512 	EXP 	Image: image = 'FoodPics\\F4H\\chocolate2.jpg'
769.3512 	EXP 	Image: autoDraw = True
777.2684 	EXP 	RatingScale rating: reset()
777.2843 	EXP 	Image: autoDraw = False
777.2843 	EXP 	ratingQ: text = 'How much are you craving this food?'
777.2843 	EXP 	text_3: text = 'Not at all                                                Very Much'
777.2843 	EXP 	ratingQ: autoDraw = True
777.2843 	EXP 	rating: autoDraw = True
777.2843 	EXP 	text_3: autoDraw = True
782.2551 	EXP 	ratingQ: autoDraw = False
782.2885 	EXP 	ratingQ: autoDraw = False
782.2885 	EXP 	rating: autoDraw = False
782.2885 	EXP 	text_3: autoDraw = False
782.2885 	EXP 	text_2: text = '+'
782.2885 	EXP 	text_2: autoDraw = True
784.2899 	EXP 	text_2: autoDraw = False
784.3283 	EXP 	window1: mouseVisible = True
