6.2421 	WARNING 	User requested fullscreen with size [1024  768], but screen is actually [1920, 1200]. Using actual size
7.5504 	EXP 	Created window1 = Window(allowGUI=False, allowStencil=False, args=UNKNOWN, autoLog=True, bitsMode=UNKNOWN, blendMode='avg', color=array([0., 0., 0.]), colorSpace='rgb', fullscr=<method-wrapper '__getattribute__' of attributeSetter object at 0x0000025D2C0B3C50>, gamma=None, gammaErrorPolicy='raise', kwargs=UNKNOWN, lms=UNKNOWN, monitor=<psychopy.monitors.calibTools.Monitor object at 0x0000025D2C0DF978>, multiSample=False, name='window1', numSamples=2, pos=[0.0, 0.0], screen=0, size=array([1920, 1200]), stereo=False, units='height', useFBO=True, useRetina=False, viewOri=0.0, viewPos=None, viewScale=None, waitBlanking=True, winType='pyglet')
7.5504 	EXP 	window1: recordFrameIntervals = False
7.7167 	EXP 	window1: recordFrameIntervals = True
7.9005 	EXP 	window1: recordFrameIntervals = False
8.1065 	EXP 	Created instruct = TextStim(__class__=<class 'psychopy.visual.text.TextStim'>, alignHoriz='center', alignVert='center', antialias=True, autoLog=True, bold=False, color='white', colorSpace='named', contrast=1.0, depth=0.0, flipHoriz=False, flipVert=False, font='Arial', fontFiles=[], height=0.05, italic=False, languageStyle='LTR', name='instruct', opacity=1.0, ori=0, pos=array([0., 0.]), rgb=array([255., 255., 255.]), text=str(...), units='height', win=Window(...), wrapWidth=1.4)
8.1255 	EXP 	Created regCue = TextStim(__class__=<class 'psychopy.visual.text.TextStim'>, alignHoriz='center', alignVert='center', antialias=True, autoLog=True, bold=False, color='white', colorSpace='named', contrast=1.0, depth=0.0, flipHoriz=False, flipVert=False, font='Arial', fontFiles=[], height=0.1, italic=False, languageStyle='LTR', name='regCue', opacity=1.0, ori=0, pos=array([0., 0.]), rgb=array([255., 255., 255.]), text='REGULATE', units='height', win=Window(...), wrapWidth=1)
8.1414 	EXP 	Created choiceQ = TextStim(__class__=<class 'psychopy.visual.text.TextStim'>, alignHoriz='center', alignVert='center', antialias=True, autoLog=True, bold=False, color='white', colorSpace='named', contrast=1.0, depth=0.0, flipHoriz=False, flipVert=False, font='Arial', fontFiles=[], height=0.05, italic=False, languageStyle='LTR', name='choiceQ', opacity=1.0, ori=0, pos=array([0.  , 0.35]), rgb=array([255., 255., 255.]), text=str(...), units='height', win=Window(...), wrapWidth=1.4)
8.1559 	EXP 	Created testChoice = TextStim(__class__=<class 'psychopy.visual.text.TextStim'>, alignHoriz='center', alignVert='center', antialias=True, autoLog=True, bold=False, color='white', colorSpace='named', contrast=1.0, depth=-2.0, flipHoriz=False, flipVert=False, font='Arial', fontFiles=[], height=0.04, italic=False, languageStyle='LTR', name='testChoice', opacity=1.0, ori=0, pos=array([-0.41,  0.15]), rgb=array([255., 255., 255.]), text='Practice Standardized Test Questions', units='height', win=Window(...), wrapWidth=1)
8.1614 	EXP 	Created videogameChoice = TextStim(__class__=<class 'psychopy.visual.text.TextStim'>, alignHoriz='center', alignVert='center', antialias=True, autoLog=True, bold=False, color='white', colorSpace='named', contrast=1.0, depth=-3.0, flipHoriz=False, flipVert=False, font='Arial', fontFiles=[], height=0.04, italic=False, languageStyle='LTR', name='videogameChoice', opacity=1.0, ori=0, pos=array([0.41, 0.15]), rgb=array([255., 255., 255.]), text='Play a Videogame', units='height', win=Window(...), wrapWidth=1)
8.1720 	EXP 	Created gre = ImageStim(__class__=<class 'psychopy.visual.image.ImageStim'>, autoLog=True, color=array([1., 1., 1.]), colorSpace='rgb', contrast=1.0, depth=-4.0, flipHoriz=False, flipVert=False, image='gre.png', interpolate=True, mask=None, maskParams=None, name='gre', opacity=1.0, ori=0.0, pos=array([-0.41,  0.02]), size=array([0.3  , 0.105]), texRes=128, units='height', win=Window(...))
8.1791 	EXP 	Created gmat = ImageStim(__class__=<class 'psychopy.visual.image.ImageStim'>, autoLog=True, color=array([1., 1., 1.]), colorSpace='rgb', contrast=1.0, depth=-5.0, flipHoriz=False, flipVert=False, image='gmat.png', interpolate=True, mask=None, maskParams=None, name='gmat', opacity=1.0, ori=0.0, pos=array([-0.41, -0.13]), size=array([0.3 , 0.11]), texRes=128, units='height', win=Window(...))
8.1807 	EXP 	Created lsat = ImageStim(__class__=<class 'psychopy.visual.image.ImageStim'>, autoLog=True, color=array([1., 1., 1.]), colorSpace='rgb', contrast=1.0, depth=-6.0, flipHoriz=False, flipVert=False, image='lsat.png', interpolate=True, mask=None, maskParams=None, name='lsat', opacity=1.0, ori=0.0, pos=array([-0.41, -0.27]), size=array([0.3 , 0.11]), texRes=128, units='height', win=Window(...))
8.2113 	EXP 	Created game = ImageStim(__class__=<class 'psychopy.visual.image.ImageStim'>, autoLog=True, color=array([1., 1., 1.]), colorSpace='rgb', contrast=1.0, depth=-7.0, flipHoriz=False, flipVert=False, image='game.png', interpolate=True, mask=None, maskParams=None, name='game', opacity=1.0, ori=0.0, pos=array([ 0.41, -0.19]), size=array([0.4, 0.5]), texRes=128, units='height', win=Window(...))
8.2118 	EXP 	Created blank = TextStim(__class__=<class 'psychopy.visual.text.TextStim'>, alignHoriz='center', alignVert='center', antialias=True, autoLog=True, bold=False, color='white', colorSpace='named', contrast=1.0, depth=-9.0, flipHoriz=False, flipVert=False, font='Arial', fontFiles=[], height=0.1, italic=False, languageStyle='LTR', name='blank', opacity=1.0, ori=0, pos=array([0., 0.]), rgb=array([255., 255., 255.]), text='', units='height', win=Window(...), wrapWidth=1)
8.2439 	EXP 	Created testQChoice = TextStim(__class__=<class 'psychopy.visual.text.TextStim'>, alignHoriz='center', alignVert='center', antialias=True, autoLog=True, bold=False, color='white', colorSpace='named', contrast=1.0, depth=0.0, flipHoriz=False, flipVert=False, font='Arial', fontFiles=[], height=0.055, italic=False, languageStyle='LTR', name='testQChoice', opacity=1.0, ori=0, pos=array([0.  , 0.35]), rgb=array([255., 255., 255.]), text=str(...), units='height', win=Window(...), wrapWidth=1.3)
8.2521 	EXP 	Created image = ImageStim(__class__=<class 'psychopy.visual.image.ImageStim'>, autoLog=True, color=array([1., 1., 1.]), colorSpace='rgb', contrast=1.0, depth=-1.0, flipHoriz=False, flipVert=False, image='gre.png', interpolate=True, mask=None, maskParams=None, name='image', opacity=1.0, ori=0.0, pos=array([0.   , 0.105]), size=array([0.3 , 0.11]), texRes=128, units='height', win=Window(...))
8.2574 	EXP 	Created image_2 = ImageStim(__class__=<class 'psychopy.visual.image.ImageStim'>, autoLog=True, color=array([1., 1., 1.]), colorSpace='rgb', contrast=1.0, depth=-2.0, flipHoriz=False, flipVert=False, image='gmat.png', interpolate=True, mask=None, maskParams=None, name='image_2', opacity=1.0, ori=0.0, pos=array([ 0.  , -0.05]), size=array([0.3 , 0.11]), texRes=128, units='height', win=Window(...))
8.2590 	EXP 	Created image_3 = ImageStim(__class__=<class 'psychopy.visual.image.ImageStim'>, autoLog=True, color=array([1., 1., 1.]), colorSpace='rgb', contrast=1.0, depth=-3.0, flipHoriz=False, flipVert=False, image='lsat.png', interpolate=True, mask=None, maskParams=None, name='image_3', opacity=1.0, ori=0.0, pos=array([ 0. , -0.2]), size=array([0.3 , 0.11]), texRes=128, units='height', win=Window(...))
8.2609 	EXP 	Created polygon = Rect(__class__=<class 'psychopy.visual.rect.Rect'>, autoDraw=False, autoLog=True, closeShape=True, color=method-wrapper(...), colorSpace=None, contrast=1.0, depth=-5.0, fillColor=None, fillColorSpace='rgb', fillRGB=None, interpolate=True, lineColor=array([-1., -1., -1.]), lineColorSpace='rgb', lineRGB=array([-1., -1., -1.]), lineWidth=1.0, name='polygon', opacity=1.0, ori=array(1.), pos=array([0., 0.]), size=array([1., 1.]), units='height', vertices=ndarray(...), win=Window(...))
8.2735 	EXP 	Created TextQuestion = TextStim(__class__=<class 'psychopy.visual.text.TextStim'>, alignHoriz='center', alignVert='center', antialias=True, autoLog=True, bold=False, color='white', colorSpace='named', contrast=1.0, depth=0.0, flipHoriz=False, flipVert=False, font='Arial', fontFiles=[], height=0.028, italic=False, languageStyle='LTR', name='TextQuestion', opacity=1.0, ori=0, pos=array([0.  , 0.35]), rgb=array([255., 255., 255.]), text='default text', units='height', win=Window(...), wrapWidth=1.45)
8.2822 	EXP 	Created choiceA = TextStim(__class__=<class 'psychopy.visual.text.TextStim'>, alignHoriz='center', alignVert='center', antialias=True, autoLog=True, bold=False, color='white', colorSpace='named', contrast=1.0, depth=-3.0, flipHoriz=False, flipVert=False, font='Arial', fontFiles=[], height=0.026, italic=False, languageStyle='LTR', name='choiceA', opacity=1.0, ori=0, pos=array([0., 0.]), rgb=array([255., 255., 255.]), text='default text', units='height', win=Window(...), wrapWidth=1.4)
8.2853 	EXP 	Created choiceB = TextStim(__class__=<class 'psychopy.visual.text.TextStim'>, alignHoriz='center', alignVert='center', antialias=True, autoLog=True, bold=False, color='white', colorSpace='named', contrast=1.0, depth=-4.0, flipHoriz=False, flipVert=False, font='Arial', fontFiles=[], height=0.026, italic=False, languageStyle='LTR', name='choiceB', opacity=1.0, ori=0, pos=array([ 0. , -0.1]), rgb=array([255., 255., 255.]), text='default text', units='height', win=Window(...), wrapWidth=1.4)
8.2882 	EXP 	Created choiceC = TextStim(__class__=<class 'psychopy.visual.text.TextStim'>, alignHoriz='center', alignVert='center', antialias=True, autoLog=True, bold=False, color='white', colorSpace='named', contrast=1.0, depth=-5.0, flipHoriz=False, flipVert=False, font='Arial', fontFiles=[], height=0.026, italic=False, languageStyle='LTR', name='choiceC', opacity=1.0, ori=0, pos=array([ 0. , -0.2]), rgb=array([255., 255., 255.]), text='default text', units='height', win=Window(...), wrapWidth=1.4)
8.2915 	EXP 	Created choiceD = TextStim(__class__=<class 'psychopy.visual.text.TextStim'>, alignHoriz='center', alignVert='center', antialias=True, autoLog=True, bold=False, color='white', colorSpace='named', contrast=1.0, depth=-6.0, flipHoriz=False, flipVert=False, font='Arial', fontFiles=[], height=0.026, italic=False, languageStyle='LTR', name='choiceD', opacity=1.0, ori=0, pos=array([ 0. , -0.3]), rgb=array([255., 255., 255.]), text='default text', units='height', win=Window(...), wrapWidth=1.4)
8.2946 	EXP 	Created choiceE = TextStim(__class__=<class 'psychopy.visual.text.TextStim'>, alignHoriz='center', alignVert='center', antialias=True, autoLog=True, bold=False, color='white', colorSpace='named', contrast=1.0, depth=-7.0, flipHoriz=False, flipVert=False, font='Arial', fontFiles=[], height=0.026, italic=False, languageStyle='LTR', name='choiceE', opacity=1.0, ori=0, pos=array([ 0. , -0.4]), rgb=array([255., 255., 255.]), text='default text', units='height', win=Window(...), wrapWidth=1.4)
8.2949 	EXP 	Created conBlank = TextStim(__class__=<class 'psychopy.visual.text.TextStim'>, alignHoriz='center', alignVert='center', antialias=True, autoLog=True, bold=False, color='white', colorSpace='named', contrast=1.0, depth=-9.0, flipHoriz=False, flipVert=False, font='Arial', fontFiles=[], height=0.1, italic=False, languageStyle='LTR', name='conBlank', opacity=1.0, ori=0, pos=array([0., 0.]), rgb=array([255., 255., 255.]), text='', units='height', win=Window(...), wrapWidth=1)
8.3743 	EXP 	Created text = TextStim(__class__=<class 'psychopy.visual.text.TextStim'>, alignHoriz='center', alignVert='center', antialias=True, autoLog=True, bold=False, color='white', colorSpace='named', contrast=1.0, depth=0.0, flipHoriz=False, flipVert=False, font='Arial', fontFiles=[], height=0.07, italic=False, languageStyle='LTR', name='text', opacity=1.0, ori=0, pos=array([0., 0.]), rgb=array([255., 255., 255.]), text=str(...), units='height', win=Window(...), wrapWidth=1)
8.4040 	EXP 	instruct: autoDraw = True
27.2203 	EXP 	Created sequence: random, trialTypes=1, nReps=5, seed=None
27.2205 	EXP 	New trial (rep=0, index=0): None
27.2262 	DATA 	Keypress: space
27.2331 	EXP 	instruct: autoDraw = False
27.2331 	EXP 	regCue: autoDraw = True
30.2638 	EXP 	regCue: autoDraw = False
30.2638 	EXP 	regCue: autoDraw = False
30.2638 	EXP 	blank: text = ''
30.2638 	EXP 	choiceQ: autoDraw = True
30.2638 	EXP 	testChoice: autoDraw = True
30.2638 	EXP 	videogameChoice: autoDraw = True
30.2638 	EXP 	gre: autoDraw = True
30.2638 	EXP 	gmat: autoDraw = True
30.2638 	EXP 	lsat: autoDraw = True
30.2638 	EXP 	game: autoDraw = True
31.8080 	DATA 	Keypress: 2
31.8197 	EXP 	videogameChoice: color = 'green (named)'
31.8197 	EXP 	blank: autoDraw = True
31.8364 	EXP 	videogameChoice: color = 'green (named)'
31.8530 	EXP 	videogameChoice: color = 'green (named)'
31.8698 	EXP 	videogameChoice: color = 'green (named)'
31.8864 	EXP 	videogameChoice: color = 'green (named)'
31.9035 	EXP 	videogameChoice: color = 'green (named)'
31.9196 	EXP 	videogameChoice: color = 'green (named)'
31.9365 	EXP 	videogameChoice: color = 'green (named)'
31.9532 	EXP 	videogameChoice: color = 'green (named)'
31.9699 	EXP 	videogameChoice: color = 'green (named)'
31.9865 	EXP 	videogameChoice: color = 'green (named)'
32.0033 	EXP 	videogameChoice: color = 'green (named)'
32.0198 	EXP 	videogameChoice: color = 'green (named)'
32.0367 	EXP 	videogameChoice: color = 'green (named)'
32.0534 	EXP 	videogameChoice: color = 'green (named)'
32.0700 	EXP 	videogameChoice: color = 'green (named)'
32.0867 	EXP 	videogameChoice: color = 'green (named)'
32.1034 	EXP 	videogameChoice: color = 'green (named)'
32.1201 	EXP 	videogameChoice: color = 'green (named)'
32.1367 	EXP 	videogameChoice: color = 'green (named)'
32.1535 	EXP 	videogameChoice: color = 'green (named)'
32.1702 	EXP 	videogameChoice: color = 'green (named)'
32.1869 	EXP 	videogameChoice: color = 'green (named)'
32.2037 	EXP 	videogameChoice: color = 'green (named)'
32.2204 	EXP 	videogameChoice: color = 'green (named)'
32.2369 	EXP 	videogameChoice: color = 'green (named)'
32.2536 	EXP 	videogameChoice: color = 'green (named)'
32.2703 	EXP 	videogameChoice: color = 'green (named)'
32.2870 	EXP 	videogameChoice: color = 'green (named)'
32.3039 	EXP 	videogameChoice: color = 'green (named)'
32.3204 	EXP 	videogameChoice: color = 'green (named)'
32.3372 	EXP 	videogameChoice: color = 'green (named)'
32.3537 	EXP 	videogameChoice: color = 'green (named)'
32.3705 	EXP 	videogameChoice: color = 'green (named)'
32.3870 	EXP 	videogameChoice: color = 'green (named)'
32.4036 	EXP 	videogameChoice: color = 'green (named)'
32.4203 	EXP 	videogameChoice: color = 'green (named)'
32.4371 	EXP 	videogameChoice: color = 'green (named)'
32.4539 	EXP 	videogameChoice: color = 'green (named)'
32.4705 	EXP 	videogameChoice: color = 'green (named)'
32.4869 	EXP 	videogameChoice: color = 'green (named)'
32.5037 	EXP 	videogameChoice: color = 'green (named)'
32.5207 	EXP 	videogameChoice: color = 'green (named)'
32.5371 	EXP 	videogameChoice: color = 'green (named)'
32.5538 	EXP 	videogameChoice: color = 'green (named)'
32.5705 	EXP 	videogameChoice: color = 'green (named)'
32.5874 	EXP 	videogameChoice: color = 'green (named)'
32.6039 	EXP 	videogameChoice: color = 'green (named)'
32.6206 	EXP 	videogameChoice: color = 'green (named)'
32.6374 	EXP 	videogameChoice: color = 'green (named)'
32.6540 	EXP 	videogameChoice: color = 'green (named)'
32.6705 	EXP 	videogameChoice: color = 'green (named)'
32.6869 	EXP 	videogameChoice: color = 'green (named)'
32.7037 	EXP 	videogameChoice: color = 'green (named)'
32.7204 	EXP 	videogameChoice: color = 'green (named)'
32.7373 	EXP 	videogameChoice: color = 'green (named)'
32.7539 	EXP 	videogameChoice: color = 'green (named)'
32.7703 	EXP 	videogameChoice: color = 'green (named)'
32.7875 	EXP 	videogameChoice: color = 'green (named)'
32.8038 	EXP 	videogameChoice: color = 'green (named)'
32.8212 	EXP 	videogameChoice: color = 'green (named)'
32.8245 	DATA 	Keypress: 1
32.8370 	EXP 	videogameChoice: color = 'green (named)'
32.8538 	EXP 	videogameChoice: color = 'green (named)'
32.8705 	EXP 	videogameChoice: color = 'green (named)'
32.8871 	EXP 	videogameChoice: color = 'green (named)'
32.9041 	EXP 	videogameChoice: color = 'green (named)'
32.9205 	EXP 	videogameChoice: color = 'green (named)'
32.9374 	EXP 	videogameChoice: color = 'green (named)'
32.9539 	EXP 	videogameChoice: color = 'green (named)'
32.9708 	EXP 	videogameChoice: color = 'green (named)'
32.9872 	EXP 	videogameChoice: color = 'green (named)'
33.0040 	EXP 	videogameChoice: color = 'green (named)'
33.0209 	EXP 	videogameChoice: color = 'green (named)'
33.0376 	EXP 	videogameChoice: color = 'green (named)'
33.0542 	EXP 	videogameChoice: color = 'green (named)'
33.0707 	EXP 	videogameChoice: color = 'green (named)'
33.0876 	EXP 	videogameChoice: color = 'green (named)'
33.1042 	EXP 	videogameChoice: color = 'green (named)'
33.1209 	EXP 	videogameChoice: color = 'green (named)'
33.1378 	EXP 	videogameChoice: color = 'green (named)'
33.1543 	EXP 	videogameChoice: color = 'green (named)'
33.1709 	EXP 	videogameChoice: color = 'green (named)'
33.1876 	EXP 	videogameChoice: color = 'green (named)'
33.2042 	EXP 	videogameChoice: color = 'green (named)'
33.2210 	EXP 	videogameChoice: color = 'green (named)'
33.2376 	EXP 	videogameChoice: color = 'green (named)'
33.2544 	EXP 	videogameChoice: color = 'green (named)'
33.2710 	EXP 	videogameChoice: color = 'green (named)'
33.2877 	EXP 	videogameChoice: color = 'green (named)'
33.3044 	EXP 	videogameChoice: color = 'green (named)'
33.3211 	EXP 	videogameChoice: color = 'green (named)'
33.3211 	EXP 	blank: autoDraw = False
33.3526 	EXP 	Imported RowsExcel.xlsx as conditions, 5 conditions, 1 params
33.3528 	EXP 	Created sequence: random, trialTypes=5, nReps=0, seed=None
33.3530 	EXP 	Created sequence: random, trialTypes=1, nReps=1, seed=None
33.3532 	EXP 	New trial (rep=0, index=0): None
33.3617 	EXP 	choiceQ: autoDraw = False
33.3617 	EXP 	testChoice: autoDraw = False
33.3617 	EXP 	videogameChoice: autoDraw = False
33.3617 	EXP 	gre: autoDraw = False
33.3617 	EXP 	gmat: autoDraw = False
33.3617 	EXP 	lsat: autoDraw = False
33.3617 	EXP 	game: autoDraw = False
33.3617 	EXP 	videogameChoice: color = 'green (named)'
33.3617 	EXP 	choiceQ: autoDraw = False
33.3617 	EXP 	testChoice: autoDraw = False
33.3617 	EXP 	videogameChoice: autoDraw = False
33.3617 	EXP 	gre: autoDraw = False
33.3617 	EXP 	gmat: autoDraw = False
33.3617 	EXP 	lsat: autoDraw = False
33.3617 	EXP 	game: autoDraw = False
33.3617 	EXP 	blank: autoDraw = False
33.3617 	EXP 	videogameChoice: color = 'white (named)'
33.3617 	EXP 	testChoice: color = 'white (named)'
33.3617 	EXP 	choiceQ: autoDraw = False
33.3617 	EXP 	testChoice: autoDraw = False
33.3617 	EXP 	videogameChoice: autoDraw = False
33.3617 	EXP 	gre: autoDraw = False
33.3617 	EXP 	gmat: autoDraw = False
33.3617 	EXP 	lsat: autoDraw = False
33.3617 	EXP 	text: autoDraw = True
33.5760 	DATA 	Keypress: escape
33.6671 	EXP 	window1: mouseVisible = True
