5.8937 	WARNING 	User requested fullscreen with size [1024  768], but screen is actually [1920, 1200]. Using actual size
6.6842 	EXP 	Created window1 = Window(allowGUI=False, allowStencil=False, args=UNKNOWN, autoLog=True, bitsMode=UNKNOWN, blendMode='avg', color=array([0., 0., 0.]), colorSpace='rgb', fullscr=<method-wrapper '__getattribute__' of attributeSetter object at 0x00000183DB8E1F28>, gamma=None, gammaErrorPolicy='raise', kwargs=UNKNOWN, lms=UNKNOWN, monitor=<psychopy.monitors.calibTools.Monitor object at 0x00000183DBA38748>, multiSample=False, name='window1', numSamples=2, pos=[0.0, 0.0], screen=0, size=array([1920, 1200]), stereo=False, units='height', useFBO=True, useRetina=False, viewOri=0.0, viewPos=None, viewScale=None, waitBlanking=True, winType='pyglet')
6.6843 	EXP 	window1: recordFrameIntervals = False
6.8506 	EXP 	window1: recordFrameIntervals = True
7.0337 	EXP 	window1: recordFrameIntervals = False
7.2401 	EXP 	Created instruct = TextStim(__class__=<class 'psychopy.visual.text.TextStim'>, alignHoriz='center', alignVert='center', antialias=True, autoLog=True, bold=False, color='white', colorSpace='named', contrast=1.0, depth=0.0, flipHoriz=False, flipVert=False, font='Arial', fontFiles=[], height=0.05, italic=False, languageStyle='LTR', name='instruct', opacity=1.0, ori=0, pos=array([0., 0.]), rgb=array([255., 255., 255.]), text=str(...), units='height', win=Window(...), wrapWidth=1.4)
7.2487 	EXP 	Created isi = TextStim(__class__=<class 'psychopy.visual.text.TextStim'>, alignHoriz='center', alignVert='center', antialias=True, autoLog=True, bold=False, color='white', colorSpace='named', contrast=1.0, depth=0.0, flipHoriz=False, flipVert=False, font='Arial', fontFiles=[], height=0.1, italic=False, languageStyle='LTR', name='isi', opacity=1.0, ori=0, pos=array([0., 0.]), rgb=array([255., 255., 255.]), text='+', units='height', win=Window(...), wrapWidth=1)
7.2625 	EXP 	Created regCue = TextStim(__class__=<class 'psychopy.visual.text.TextStim'>, alignHoriz='center', alignVert='center', antialias=True, autoLog=True, bold=False, color='white', colorSpace='named', contrast=1.0, depth=0.0, flipHoriz=False, flipVert=False, font='Arial', fontFiles=[], height=0.1, italic=False, languageStyle='LTR', name='regCue', opacity=1.0, ori=0, pos=array([0., 0.]), rgb=array([255., 255., 255.]), text='default text', units='height', win=Window(...), wrapWidth=1)
7.2642 	EXP 	Created isi = TextStim(__class__=<class 'psychopy.visual.text.TextStim'>, alignHoriz='center', alignVert='center', antialias=True, autoLog=True, bold=False, color='white', colorSpace='named', contrast=1.0, depth=0.0, flipHoriz=False, flipVert=False, font='Arial', fontFiles=[], height=0.1, italic=False, languageStyle='LTR', name='isi', opacity=1.0, ori=0, pos=array([0., 0.]), rgb=array([255., 255., 255.]), text='+', units='height', win=Window(...), wrapWidth=1)
7.2805 	EXP 	Created choiceQ = TextStim(__class__=<class 'psychopy.visual.text.TextStim'>, alignHoriz='center', alignVert='center', antialias=True, autoLog=True, bold=False, color='white', colorSpace='named', contrast=1.0, depth=0.0, flipHoriz=False, flipVert=False, font='Arial', fontFiles=[], height=0.05, italic=False, languageStyle='LTR', name='choiceQ', opacity=1.0, ori=0, pos=array([0.  , 0.35]), rgb=array([255., 255., 255.]), text=str(...), units='height', win=Window(...), wrapWidth=1.4)
7.2942 	EXP 	Created testChoice = TextStim(__class__=<class 'psychopy.visual.text.TextStim'>, alignHoriz='center', alignVert='center', antialias=True, autoLog=True, bold=False, color='white', colorSpace='named', contrast=1.0, depth=-2.0, flipHoriz=False, flipVert=False, font='Arial', fontFiles=[], height=0.04, italic=False, languageStyle='LTR', name='testChoice', opacity=1.0, ori=0, pos=array([-0.41,  0.15]), rgb=array([255., 255., 255.]), text='Practice Standardized Test Questions', units='height', win=Window(...), wrapWidth=1)
7.3002 	EXP 	Created videogameChoice = TextStim(__class__=<class 'psychopy.visual.text.TextStim'>, alignHoriz='center', alignVert='center', antialias=True, autoLog=True, bold=False, color='white', colorSpace='named', contrast=1.0, depth=-3.0, flipHoriz=False, flipVert=False, font='Arial', fontFiles=[], height=0.04, italic=False, languageStyle='LTR', name='videogameChoice', opacity=1.0, ori=0, pos=array([0.41, 0.15]), rgb=array([255., 255., 255.]), text='Play a Videogame', units='height', win=Window(...), wrapWidth=1)
7.3051 	EXP 	Created gre = ImageStim(__class__=<class 'psychopy.visual.image.ImageStim'>, autoLog=True, color=array([1., 1., 1.]), colorSpace='rgb', contrast=1.0, depth=-4.0, flipHoriz=False, flipVert=False, image='gre.png', interpolate=True, mask=None, maskParams=None, name='gre', opacity=1.0, ori=0.0, pos=array([-0.41,  0.02]), size=array([0.3  , 0.105]), texRes=128, units='height', win=Window(...))
7.3077 	EXP 	Created gmat = ImageStim(__class__=<class 'psychopy.visual.image.ImageStim'>, autoLog=True, color=array([1., 1., 1.]), colorSpace='rgb', contrast=1.0, depth=-5.0, flipHoriz=False, flipVert=False, image='gmat.png', interpolate=True, mask=None, maskParams=None, name='gmat', opacity=1.0, ori=0.0, pos=array([-0.41, -0.13]), size=array([0.3 , 0.11]), texRes=128, units='height', win=Window(...))
7.3098 	EXP 	Created lsat = ImageStim(__class__=<class 'psychopy.visual.image.ImageStim'>, autoLog=True, color=array([1., 1., 1.]), colorSpace='rgb', contrast=1.0, depth=-6.0, flipHoriz=False, flipVert=False, image='lsat.png', interpolate=True, mask=None, maskParams=None, name='lsat', opacity=1.0, ori=0.0, pos=array([-0.41, -0.27]), size=array([0.3 , 0.11]), texRes=128, units='height', win=Window(...))
7.3217 	EXP 	Created game = ImageStim(__class__=<class 'psychopy.visual.image.ImageStim'>, autoLog=True, color=array([1., 1., 1.]), colorSpace='rgb', contrast=1.0, depth=-7.0, flipHoriz=False, flipVert=False, image='game.png', interpolate=True, mask=None, maskParams=None, name='game', opacity=1.0, ori=0.0, pos=array([ 0.41, -0.19]), size=array([0.4, 0.5]), texRes=128, units='height', win=Window(...))
7.3222 	EXP 	Created blank = TextStim(__class__=<class 'psychopy.visual.text.TextStim'>, alignHoriz='center', alignVert='center', antialias=True, autoLog=True, bold=False, color='white', colorSpace='named', contrast=1.0, depth=-9.0, flipHoriz=False, flipVert=False, font='Arial', fontFiles=[], height=0.1, italic=False, languageStyle='LTR', name='blank', opacity=1.0, ori=0, pos=array([0., 0.]), rgb=array([255., 255., 255.]), text='', units='height', win=Window(...), wrapWidth=1)
7.3585 	EXP 	Created testQChoice = TextStim(__class__=<class 'psychopy.visual.text.TextStim'>, alignHoriz='center', alignVert='center', antialias=True, autoLog=True, bold=False, color='white', colorSpace='named', contrast=1.0, depth=0.0, flipHoriz=False, flipVert=False, font='Arial', fontFiles=[], height=0.055, italic=False, languageStyle='LTR', name='testQChoice', opacity=1.0, ori=0, pos=array([0.  , 0.35]), rgb=array([255., 255., 255.]), text=str(...), units='height', win=Window(...), wrapWidth=1.3)
7.3623 	EXP 	Created image = ImageStim(__class__=<class 'psychopy.visual.image.ImageStim'>, autoLog=True, color=array([1., 1., 1.]), colorSpace='rgb', contrast=1.0, depth=-1.0, flipHoriz=False, flipVert=False, image='gre.png', interpolate=True, mask=None, maskParams=None, name='image', opacity=1.0, ori=0.0, pos=array([0.   , 0.105]), size=array([0.3 , 0.11]), texRes=128, units='height', win=Window(...))
7.3652 	EXP 	Created image_2 = ImageStim(__class__=<class 'psychopy.visual.image.ImageStim'>, autoLog=True, color=array([1., 1., 1.]), colorSpace='rgb', contrast=1.0, depth=-2.0, flipHoriz=False, flipVert=False, image='gmat.png', interpolate=True, mask=None, maskParams=None, name='image_2', opacity=1.0, ori=0.0, pos=array([ 0.  , -0.05]), size=array([0.3 , 0.11]), texRes=128, units='height', win=Window(...))
7.3680 	EXP 	Created image_3 = ImageStim(__class__=<class 'psychopy.visual.image.ImageStim'>, autoLog=True, color=array([1., 1., 1.]), colorSpace='rgb', contrast=1.0, depth=-3.0, flipHoriz=False, flipVert=False, image='lsat.png', interpolate=True, mask=None, maskParams=None, name='image_3', opacity=1.0, ori=0.0, pos=array([ 0. , -0.2]), size=array([0.3 , 0.11]), texRes=128, units='height', win=Window(...))
7.3700 	EXP 	Created polygon = Rect(__class__=<class 'psychopy.visual.rect.Rect'>, autoDraw=False, autoLog=True, closeShape=True, color=method-wrapper(...), colorSpace=None, contrast=1.0, depth=-5.0, fillColor=None, fillColorSpace='rgb', fillRGB=None, interpolate=True, lineColor=array([-1., -1., -1.]), lineColorSpace='rgb', lineRGB=array([-1., -1., -1.]), lineWidth=1.0, name='polygon', opacity=1.0, ori=array(1.), pos=array([0., 0.]), size=array([1., 1.]), units='height', vertices=ndarray(...), win=Window(...))
7.4318 	EXP 	Created text = TextStim(__class__=<class 'psychopy.visual.text.TextStim'>, alignHoriz='center', alignVert='center', antialias=True, autoLog=True, bold=False, color='white', colorSpace='named', contrast=1.0, depth=0.0, flipHoriz=False, flipVert=False, font='Arial', fontFiles=[], height=0.07, italic=False, languageStyle='LTR', name='text', opacity=1.0, ori=0, pos=array([0., 0.]), rgb=array([255., 255., 255.]), text=str(...), units='height', win=Window(...), wrapWidth=1.4)
7.4405 	EXP 	Created TextQuestion = TextStim(__class__=<class 'psychopy.visual.text.TextStim'>, alignHoriz='center', alignVert='center', antialias=True, autoLog=True, bold=False, color='white', colorSpace='named', contrast=1.0, depth=0.0, flipHoriz=False, flipVert=False, font='Arial', fontFiles=[], height=0.028, italic=False, languageStyle='LTR', name='TextQuestion', opacity=1.0, ori=0, pos=array([0.  , 0.35]), rgb=array([255., 255., 255.]), text='default text', units='height', win=Window(...), wrapWidth=1.45)
7.4488 	EXP 	Created choiceA = TextStim(__class__=<class 'psychopy.visual.text.TextStim'>, alignHoriz='center', alignVert='center', antialias=True, autoLog=True, bold=False, color='white', colorSpace='named', contrast=1.0, depth=-3.0, flipHoriz=False, flipVert=False, font='Arial', fontFiles=[], height=0.026, italic=False, languageStyle='LTR', name='choiceA', opacity=1.0, ori=0, pos=array([0., 0.]), rgb=array([255., 255., 255.]), text='default text', units='height', win=Window(...), wrapWidth=1.4)
7.4520 	EXP 	Created choiceB = TextStim(__class__=<class 'psychopy.visual.text.TextStim'>, alignHoriz='center', alignVert='center', antialias=True, autoLog=True, bold=False, color='white', colorSpace='named', contrast=1.0, depth=-4.0, flipHoriz=False, flipVert=False, font='Arial', fontFiles=[], height=0.026, italic=False, languageStyle='LTR', name='choiceB', opacity=1.0, ori=0, pos=array([ 0. , -0.1]), rgb=array([255., 255., 255.]), text='default text', units='height', win=Window(...), wrapWidth=1.4)
7.4552 	EXP 	Created choiceC = TextStim(__class__=<class 'psychopy.visual.text.TextStim'>, alignHoriz='center', alignVert='center', antialias=True, autoLog=True, bold=False, color='white', colorSpace='named', contrast=1.0, depth=-5.0, flipHoriz=False, flipVert=False, font='Arial', fontFiles=[], height=0.026, italic=False, languageStyle='LTR', name='choiceC', opacity=1.0, ori=0, pos=array([ 0. , -0.2]), rgb=array([255., 255., 255.]), text='default text', units='height', win=Window(...), wrapWidth=1.4)
7.4584 	EXP 	Created choiceD = TextStim(__class__=<class 'psychopy.visual.text.TextStim'>, alignHoriz='center', alignVert='center', antialias=True, autoLog=True, bold=False, color='white', colorSpace='named', contrast=1.0, depth=-6.0, flipHoriz=False, flipVert=False, font='Arial', fontFiles=[], height=0.026, italic=False, languageStyle='LTR', name='choiceD', opacity=1.0, ori=0, pos=array([ 0. , -0.3]), rgb=array([255., 255., 255.]), text='default text', units='height', win=Window(...), wrapWidth=1.4)
7.4616 	EXP 	Created choiceE = TextStim(__class__=<class 'psychopy.visual.text.TextStim'>, alignHoriz='center', alignVert='center', antialias=True, autoLog=True, bold=False, color='white', colorSpace='named', contrast=1.0, depth=-7.0, flipHoriz=False, flipVert=False, font='Arial', fontFiles=[], height=0.026, italic=False, languageStyle='LTR', name='choiceE', opacity=1.0, ori=0, pos=array([ 0. , -0.4]), rgb=array([255., 255., 255.]), text='default text', units='height', win=Window(...), wrapWidth=1.4)
7.4619 	EXP 	Created conBlank = TextStim(__class__=<class 'psychopy.visual.text.TextStim'>, alignHoriz='center', alignVert='center', antialias=True, autoLog=True, bold=False, color='white', colorSpace='named', contrast=1.0, depth=-9.0, flipHoriz=False, flipVert=False, font='Arial', fontFiles=[], height=0.1, italic=False, languageStyle='LTR', name='conBlank', opacity=1.0, ori=0, pos=array([0., 0.]), rgb=array([255., 255., 255.]), text='', units='height', win=Window(...), wrapWidth=1)
7.5141 	EXP 	Created gameInstructions = TextStim(__class__=<class 'psychopy.visual.text.TextStim'>, alignHoriz='center', alignVert='center', antialias=True, autoLog=True, bold=False, color='white', colorSpace='named', contrast=1.0, depth=0.0, flipHoriz=False, flipVert=False, font='Arial', fontFiles=[], height=0.07, italic=False, languageStyle='LTR', name='gameInstructions', opacity=1.0, ori=0, pos=array([0., 0.]), rgb=array([255., 255., 255.]), text=str(...), units='height', win=Window(...), wrapWidth=1)
7.5143 	EXP 	Created sequence: random, trialTypes=1, nReps=1, seed=None
7.5145 	EXP 	New trial (rep=0, index=0): None
7.5446 	EXP 	instruct: autoDraw = True
9.3393 	DATA 	Keypress: space
9.3794 	EXP 	Imported RowsExcel.xlsx as conditions, 5 conditions, 2 params
9.3796 	EXP 	Created sequence: sequential, trialTypes=5, nReps=1, seed=None
9.3797 	EXP 	New trial (rep=0, index=0): OrderedDict([('Rows', '000:005'), ('rows3', 'REACT')])
9.3856 	EXP 	instruct: autoDraw = False
9.3856 	EXP 	isi: autoDraw = True
11.8883 	EXP 	isi: autoDraw = False
11.8883 	EXP 	regCue: text = 'REACT'
11.8883 	EXP 	regCue: autoDraw = True
14.8732 	EXP 	regCue: autoDraw = False
14.8732 	EXP 	isi: autoDraw = True
17.3899 	EXP 	isi: autoDraw = False
17.3899 	EXP 	blank: text = ''
17.3899 	EXP 	choiceQ: autoDraw = True
17.3899 	EXP 	testChoice: autoDraw = True
17.3899 	EXP 	videogameChoice: autoDraw = True
17.3899 	EXP 	gre: autoDraw = True
17.3899 	EXP 	gmat: autoDraw = True
17.3899 	EXP 	lsat: autoDraw = True
17.3899 	EXP 	game: autoDraw = True
18.5979 	DATA 	Keypress: 1
18.6096 	EXP 	testChoice: color = 'green (named)'
18.6096 	EXP 	blank: autoDraw = True
18.6264 	EXP 	testChoice: color = 'green (named)'
18.6430 	EXP 	testChoice: color = 'green (named)'
18.6596 	EXP 	testChoice: color = 'green (named)'
18.6766 	EXP 	testChoice: color = 'green (named)'
18.6931 	EXP 	testChoice: color = 'green (named)'
18.7098 	EXP 	testChoice: color = 'green (named)'
18.7265 	EXP 	testChoice: color = 'green (named)'
18.7431 	EXP 	testChoice: color = 'green (named)'
18.7597 	EXP 	testChoice: color = 'green (named)'
18.7766 	EXP 	testChoice: color = 'green (named)'
18.7932 	EXP 	testChoice: color = 'green (named)'
18.8098 	EXP 	testChoice: color = 'green (named)'
18.8264 	EXP 	testChoice: color = 'green (named)'
18.8432 	EXP 	testChoice: color = 'green (named)'
18.8597 	EXP 	testChoice: color = 'green (named)'
18.8766 	EXP 	testChoice: color = 'green (named)'
18.8932 	EXP 	testChoice: color = 'green (named)'
18.9099 	EXP 	testChoice: color = 'green (named)'
18.9265 	EXP 	testChoice: color = 'green (named)'
18.9431 	EXP 	testChoice: color = 'green (named)'
18.9602 	EXP 	testChoice: color = 'green (named)'
18.9768 	EXP 	testChoice: color = 'green (named)'
18.9933 	EXP 	testChoice: color = 'green (named)'
19.0101 	EXP 	testChoice: color = 'green (named)'
19.0268 	EXP 	testChoice: color = 'green (named)'
19.0435 	EXP 	testChoice: color = 'green (named)'
19.0600 	EXP 	testChoice: color = 'green (named)'
19.0769 	EXP 	testChoice: color = 'green (named)'
19.0935 	EXP 	testChoice: color = 'green (named)'
19.1100 	EXP 	testChoice: color = 'green (named)'
19.1271 	EXP 	testChoice: color = 'green (named)'
19.1435 	EXP 	testChoice: color = 'green (named)'
19.1601 	EXP 	testChoice: color = 'green (named)'
19.1768 	EXP 	testChoice: color = 'green (named)'
19.1935 	EXP 	testChoice: color = 'green (named)'
19.2101 	EXP 	testChoice: color = 'green (named)'
19.2268 	EXP 	testChoice: color = 'green (named)'
19.2435 	EXP 	testChoice: color = 'green (named)'
19.2601 	EXP 	testChoice: color = 'green (named)'
19.2774 	EXP 	testChoice: color = 'green (named)'
19.2935 	EXP 	testChoice: color = 'green (named)'
19.3104 	EXP 	testChoice: color = 'green (named)'
19.3269 	EXP 	testChoice: color = 'green (named)'
19.3455 	EXP 	testChoice: color = 'green (named)'
19.3602 	EXP 	testChoice: color = 'green (named)'
19.3770 	EXP 	testChoice: color = 'green (named)'
19.3937 	EXP 	testChoice: color = 'green (named)'
19.4104 	EXP 	testChoice: color = 'green (named)'
19.4270 	EXP 	testChoice: color = 'green (named)'
19.4438 	EXP 	testChoice: color = 'green (named)'
19.4604 	EXP 	testChoice: color = 'green (named)'
19.4771 	EXP 	testChoice: color = 'green (named)'
19.4939 	EXP 	testChoice: color = 'green (named)'
19.5105 	EXP 	testChoice: color = 'green (named)'
19.5270 	EXP 	testChoice: color = 'green (named)'
19.5438 	EXP 	testChoice: color = 'green (named)'
19.5604 	EXP 	testChoice: color = 'green (named)'
19.5771 	EXP 	testChoice: color = 'green (named)'
19.5938 	EXP 	testChoice: color = 'green (named)'
19.6105 	EXP 	testChoice: color = 'green (named)'
19.6273 	EXP 	testChoice: color = 'green (named)'
19.6439 	EXP 	testChoice: color = 'green (named)'
19.6605 	EXP 	testChoice: color = 'green (named)'
19.6775 	EXP 	testChoice: color = 'green (named)'
19.6939 	EXP 	testChoice: color = 'green (named)'
19.7107 	EXP 	testChoice: color = 'green (named)'
19.7273 	EXP 	testChoice: color = 'green (named)'
19.7438 	EXP 	testChoice: color = 'green (named)'
19.7605 	EXP 	testChoice: color = 'green (named)'
19.7776 	EXP 	testChoice: color = 'green (named)'
19.7939 	EXP 	testChoice: color = 'green (named)'
19.8106 	EXP 	testChoice: color = 'green (named)'
19.8275 	EXP 	testChoice: color = 'green (named)'
19.8440 	EXP 	testChoice: color = 'green (named)'
19.8609 	EXP 	testChoice: color = 'green (named)'
19.8774 	EXP 	testChoice: color = 'green (named)'
19.8941 	EXP 	testChoice: color = 'green (named)'
19.9108 	EXP 	testChoice: color = 'green (named)'
19.9275 	EXP 	testChoice: color = 'green (named)'
19.9441 	EXP 	testChoice: color = 'green (named)'
19.9609 	EXP 	testChoice: color = 'green (named)'
19.9776 	EXP 	testChoice: color = 'green (named)'
19.9942 	EXP 	testChoice: color = 'green (named)'
20.0109 	EXP 	testChoice: color = 'green (named)'
20.0276 	EXP 	testChoice: color = 'green (named)'
20.0444 	EXP 	testChoice: color = 'green (named)'
20.0611 	EXP 	testChoice: color = 'green (named)'
20.0779 	EXP 	testChoice: color = 'green (named)'
20.0942 	EXP 	testChoice: color = 'green (named)'
20.1108 	EXP 	testChoice: color = 'green (named)'
20.1108 	EXP 	blank: autoDraw = False
20.1151 	EXP 	Created sequence: random, trialTypes=1, nReps=1, seed=None
20.1152 	EXP 	New trial (rep=0, index=0): None
20.1284 	EXP 	choiceQ: autoDraw = False
20.1284 	EXP 	testChoice: autoDraw = False
20.1284 	EXP 	videogameChoice: autoDraw = False
20.1284 	EXP 	gre: autoDraw = False
20.1284 	EXP 	gmat: autoDraw = False
20.1284 	EXP 	lsat: autoDraw = False
20.1284 	EXP 	game: autoDraw = False
20.1284 	EXP 	testChoice: color = 'green (named)'
20.1284 	EXP 	choiceQ: autoDraw = False
20.1284 	EXP 	testChoice: autoDraw = False
20.1284 	EXP 	videogameChoice: autoDraw = False
20.1284 	EXP 	gre: autoDraw = False
20.1284 	EXP 	gmat: autoDraw = False
20.1284 	EXP 	lsat: autoDraw = False
20.1284 	EXP 	game: autoDraw = False
20.1284 	EXP 	blank: autoDraw = False
20.1284 	EXP 	videogameChoice: color = 'white (named)'
20.1284 	EXP 	testChoice: color = 'white (named)'
20.1284 	EXP 	choiceQ: autoDraw = False
20.1284 	EXP 	testChoice: autoDraw = False
20.1284 	EXP 	videogameChoice: autoDraw = False
20.1284 	EXP 	gre: autoDraw = False
20.1284 	EXP 	gmat: autoDraw = False
20.1284 	EXP 	lsat: autoDraw = False
20.1284 	EXP 	polygon: opacity = 1.0
20.1284 	EXP 	polygon: size = array([0.32, 0.13])
20.1284 	EXP 	polygon: ori = 0.0
20.1284 	EXP 	polygon: lineWidth = 8.0
20.1284 	EXP 	testQChoice: autoDraw = True
20.1284 	EXP 	image: autoDraw = True
20.1284 	EXP 	image_2: autoDraw = True
20.1284 	EXP 	image_3: autoDraw = True
21.4018 	DATA 	Keypress: 1
21.4122 	EXP 	polygon: autoDraw = True
22.7412 	DATA 	Keypress: return
22.7490 	EXP 	testQChoice: autoDraw = False
22.7490 	EXP 	image: autoDraw = False
22.7490 	EXP 	image_2: autoDraw = False
22.7490 	EXP 	image_3: autoDraw = False
22.7490 	EXP 	polygon: autoDraw = False
22.7490 	EXP 	text: autoDraw = True
23.6820 	EXP 	Imported QuestionsText.xlsx as conditions, 5 conditions, 21 params
23.6822 	EXP 	Created sequence: sequential, trialTypes=5, nReps=1, seed=None
23.6826 	EXP 	New trial (rep=0, index=0): OrderedDict([('GMAT', '1)\xa0In order to combat Carville’s rampant homeless problem, Mayor Bloomfield recently proposed a ban on sleeping outdoors in the city’s many parks. He claims that such a measure will force the homeless to either leave Carville or to find means other than sleeping in public parks.\n\nWhich of the following, if true, suggests that Mayor Bloomfield’s plan will be successful?'), ('GMATQA', '(A) Until the ban, the city’s many homeless shelters were at less than fifty percent occupancy.'), ('GMATQB', '(B) Many\xa0homeless tend to congregate underneath Carville’s numerous overpasses.'), ('GMATQC', '(C) Adjacent\xa0cities have even tougher measures on the homeless sleeping outdoors.'), ('GMATQD', '(D) The percent of Carville’s population that has been homeless has been slowly decreasing in the last five years.\n\n'), ('GMATQE', '(E) Mayor\xa0Jonesmith, Mayor Bloomfield’s predecessor, had been far more tolerant towards the city’s homeless population.'), ('GMATAs', 'a'), ('GRE', '1) The Dvorak keyboard requires less finger movement than the ubiquitous QWERTY keyboard. As a result, Dvorak keyboard users are not only able to type more words per minute, but are also less vulnerable to both repetitive stress disorder and carpal tunnel syndrome. Nonetheless, businesses, as well as consumers, have not adopted the Dvorak keyboard. Clearly, if the Dvorak keyboard is to become more widely used, its benefits must be more widely touted.\n\n \n\nWhich of the following, if true, most threatens the author’s conclusion?'), ('GREQA', '(A)The initial cost of manufacturing a Dvorak keyboard will be more expensive than that of a QWERTY keyboard.'), ('GREQB', '(B)Many who have attempted using a Dvorak keyboard claim that learning the configuration of keys takes weeks.'), ('GREQC', '(C)Those suffering from repetitive stress injuries often attribute the injuries to multiple factors.'), ('GREQD', '(D)Businesses that have educated employees on the benefits of the Dvorak keyboard, have found that employees continue to use the Qwerty keyboard.'), ('GREQE', '(E)Businesses have found that many employees who believe the Qwerty keyboard is responsible for stress-induced injuries are unaware of the Dvorak keyboard.'), ('GREA', 'd'), ('LSAT', '1)Executive: We recently ran a set of advertisements in the print version of a travel magazine and on that magazine’s website. We were unable to get any direct information about consumer response to the print ads. However, we found that consumer response to the ads on the website was much more limited than is typical for website ads. We concluded that consumer response to the print ads was probably below par as well.\n\nThe executive’s reasoning does which one of the following?'), ('LSATQA', '(A)bases a prediction of the intensity of a phenomenon on information about the intensity of that phenomenon’s cause'), ('LSATQB', '(B)uses information about the typical frequency of events of a general kind to draw a conclusion about the probability of a particular event of that kind\n'), ('LSATQC', '(C)infers a statistical generalization from claims about a large number of specific instances'), ('LSATQD', '(D)uses a case in which direct evidence is available to draw a conclusion about an analogous case in which direct evidence is unavailable'), ('LSATQE', '(E)bases a prediction about future events on facts about recent comparable events'), ('LSATAs', 'd')])
23.8090 	DATA 	Keypress: space
23.8142 	EXP 	text: autoDraw = False
23.8142 	EXP 	TextQuestion: text = 'PLACEHOLDER'
23.8142 	EXP 	choiceA: text = 'QA'
23.8142 	EXP 	choiceB: text = 'QB'
23.8142 	EXP 	choiceC: text = 'QC'
23.8142 	EXP 	choiceD: text = 'QD'
23.8142 	EXP 	choiceE: text = 'QE'
23.8142 	EXP 	TextQuestion: text = '1) The Dvorak keyboard requires less finger movement than the ubiquitous QWERTY keyboard. As a result, Dvorak keyboard users are not only able to type more words per minute, but are also less vulnerable to both repetitive stress disorder and carpal tunnel syndrome. Nonetheless, businesses, as well as consumers, have not adopted the Dvorak keyboard. Clearly, if the Dvorak keyboard is to become more widely used, its benefits must be more widely touted.\n\n \n\nWhich of the following, if true, most threatens the author’s conclusion?'
23.8142 	EXP 	choiceA: text = '(A)The initial cost of manufacturing a Dvorak keyboard will be more expensive than that of a QWERTY keyboard.'
23.8142 	EXP 	choiceB: text = '(B)Many who have attempted using a Dvorak keyboard claim that learning the configuration of keys takes weeks.'
23.8142 	EXP 	choiceC: text = '(C)Those suffering from repetitive stress injuries often attribute the injuries to multiple factors.'
23.8142 	EXP 	choiceD: text = '(D)Businesses that have educated employees on the benefits of the Dvorak keyboard, have found that employees continue to use the Qwerty keyboard.'
23.8142 	EXP 	choiceE: text = '(E)Businesses have found that many employees who believe the Qwerty keyboard is responsible for stress-induced injuries are unaware of the Dvorak keyboard.'
23.8142 	EXP 	TextQuestion: autoDraw = True
23.8142 	EXP 	choiceA: autoDraw = True
23.8142 	EXP 	choiceB: autoDraw = True
23.8142 	EXP 	choiceC: autoDraw = True
23.8142 	EXP 	choiceD: autoDraw = True
23.8142 	EXP 	choiceE: autoDraw = True
25.2556 	DATA 	Keypress: return
25.2652 	EXP 	choiceD: color = 'green (named)'
25.2652 	EXP 	conBlank: autoDraw = True
25.2819 	EXP 	choiceD: color = 'green (named)'
25.2986 	EXP 	choiceD: color = 'green (named)'
25.3153 	EXP 	choiceD: color = 'green (named)'
25.3320 	EXP 	choiceD: color = 'green (named)'
25.3495 	EXP 	choiceD: color = 'green (named)'
25.3655 	EXP 	choiceD: color = 'green (named)'
25.3820 	EXP 	choiceD: color = 'green (named)'
25.3986 	EXP 	choiceD: color = 'green (named)'
25.4153 	EXP 	choiceD: color = 'green (named)'
25.4321 	EXP 	choiceD: color = 'green (named)'
25.4487 	EXP 	choiceD: color = 'green (named)'
25.4654 	EXP 	choiceD: color = 'green (named)'
25.4821 	EXP 	choiceD: color = 'green (named)'
25.4988 	EXP 	choiceD: color = 'green (named)'
25.5155 	EXP 	choiceD: color = 'green (named)'
25.5325 	EXP 	choiceD: color = 'green (named)'
25.5491 	EXP 	choiceD: color = 'green (named)'
25.5654 	EXP 	choiceD: color = 'green (named)'
25.5822 	EXP 	choiceD: color = 'green (named)'
25.5988 	EXP 	choiceD: color = 'green (named)'
25.6155 	EXP 	choiceD: color = 'green (named)'
25.6323 	EXP 	choiceD: color = 'green (named)'
25.6488 	EXP 	choiceD: color = 'green (named)'
25.6656 	EXP 	choiceD: color = 'green (named)'
25.6820 	EXP 	choiceD: color = 'green (named)'
25.6989 	EXP 	choiceD: color = 'green (named)'
25.7156 	EXP 	choiceD: color = 'green (named)'
25.7323 	EXP 	choiceD: color = 'green (named)'
25.7491 	EXP 	choiceD: color = 'green (named)'
25.7658 	EXP 	choiceD: color = 'green (named)'
25.7826 	EXP 	choiceD: color = 'green (named)'
25.7990 	EXP 	choiceD: color = 'green (named)'
25.8157 	EXP 	choiceD: color = 'green (named)'
25.8323 	EXP 	choiceD: color = 'green (named)'
25.8493 	EXP 	choiceD: color = 'green (named)'
25.8658 	EXP 	choiceD: color = 'green (named)'
25.8824 	EXP 	choiceD: color = 'green (named)'
25.8990 	EXP 	choiceD: color = 'green (named)'
25.9158 	EXP 	choiceD: color = 'green (named)'
25.9325 	EXP 	choiceD: color = 'green (named)'
25.9491 	EXP 	choiceD: color = 'green (named)'
25.9658 	EXP 	choiceD: color = 'green (named)'
25.9824 	EXP 	choiceD: color = 'green (named)'
25.9992 	EXP 	choiceD: color = 'green (named)'
26.0158 	EXP 	choiceD: color = 'green (named)'
26.0327 	EXP 	choiceD: color = 'green (named)'
26.0493 	EXP 	choiceD: color = 'green (named)'
26.0660 	EXP 	choiceD: color = 'green (named)'
26.0828 	EXP 	choiceD: color = 'green (named)'
26.0993 	EXP 	choiceD: color = 'green (named)'
26.1162 	EXP 	choiceD: color = 'green (named)'
26.1326 	EXP 	choiceD: color = 'green (named)'
26.1493 	EXP 	choiceD: color = 'green (named)'
26.1659 	EXP 	choiceD: color = 'green (named)'
26.1826 	EXP 	choiceD: color = 'green (named)'
26.1994 	EXP 	choiceD: color = 'green (named)'
26.2162 	EXP 	choiceD: color = 'green (named)'
26.2327 	EXP 	choiceD: color = 'green (named)'
26.2495 	EXP 	choiceD: color = 'green (named)'
26.2662 	EXP 	choiceD: color = 'green (named)'
26.2830 	EXP 	choiceD: color = 'green (named)'
26.2995 	EXP 	choiceD: color = 'green (named)'
26.3161 	EXP 	choiceD: color = 'green (named)'
26.3330 	EXP 	choiceD: color = 'green (named)'
26.3504 	EXP 	choiceD: color = 'green (named)'
26.3663 	EXP 	choiceD: color = 'green (named)'
26.3830 	EXP 	choiceD: color = 'green (named)'
26.3995 	EXP 	choiceD: color = 'green (named)'
26.4163 	EXP 	choiceD: color = 'green (named)'
26.4331 	EXP 	choiceD: color = 'green (named)'
26.4495 	EXP 	choiceD: color = 'green (named)'
26.4664 	EXP 	choiceD: color = 'green (named)'
26.4829 	EXP 	choiceD: color = 'green (named)'
26.4995 	EXP 	choiceD: color = 'green (named)'
26.5162 	EXP 	choiceD: color = 'green (named)'
26.5331 	EXP 	choiceD: color = 'green (named)'
26.5496 	EXP 	choiceD: color = 'green (named)'
26.5670 	EXP 	choiceD: color = 'green (named)'
26.5830 	EXP 	choiceD: color = 'green (named)'
26.5998 	EXP 	choiceD: color = 'green (named)'
26.6164 	EXP 	choiceD: color = 'green (named)'
26.6329 	EXP 	choiceD: color = 'green (named)'
26.6497 	EXP 	choiceD: color = 'green (named)'
26.6664 	EXP 	choiceD: color = 'green (named)'
26.6829 	EXP 	choiceD: color = 'green (named)'
26.6998 	EXP 	choiceD: color = 'green (named)'
26.7166 	EXP 	choiceD: color = 'green (named)'
26.7331 	EXP 	choiceD: color = 'green (named)'
26.7499 	EXP 	choiceD: color = 'green (named)'
26.7667 	EXP 	choiceD: color = 'green (named)'
26.7837 	EXP 	choiceD: color = 'green (named)'
26.8000 	EXP 	choiceD: color = 'green (named)'
26.8164 	EXP 	choiceD: color = 'green (named)'
26.8332 	EXP 	choiceD: color = 'green (named)'
26.8499 	EXP 	choiceD: color = 'green (named)'
26.8667 	EXP 	choiceD: color = 'green (named)'
26.8833 	EXP 	choiceD: color = 'green (named)'
26.8999 	EXP 	choiceD: color = 'green (named)'
26.9166 	EXP 	choiceD: color = 'green (named)'
26.9333 	EXP 	choiceD: color = 'green (named)'
26.9501 	EXP 	choiceD: color = 'green (named)'
26.9667 	EXP 	choiceD: color = 'green (named)'
26.9837 	EXP 	choiceD: color = 'green (named)'
26.9999 	EXP 	choiceD: color = 'green (named)'
27.0166 	EXP 	choiceD: color = 'green (named)'
27.0333 	EXP 	choiceD: color = 'green (named)'
27.0501 	EXP 	choiceD: color = 'green (named)'
27.0668 	EXP 	choiceD: color = 'green (named)'
27.0834 	EXP 	choiceD: color = 'green (named)'
27.1000 	EXP 	choiceD: color = 'green (named)'
27.1167 	EXP 	choiceD: color = 'green (named)'
27.1334 	EXP 	choiceD: color = 'green (named)'
27.1501 	EXP 	choiceD: color = 'green (named)'
27.1671 	EXP 	choiceD: color = 'green (named)'
27.1838 	EXP 	choiceD: color = 'green (named)'
27.2005 	EXP 	choiceD: color = 'green (named)'
27.2174 	EXP 	choiceD: color = 'green (named)'
27.2336 	EXP 	choiceD: color = 'green (named)'
27.2502 	EXP 	choiceD: color = 'green (named)'
27.2669 	EXP 	choiceD: color = 'green (named)'
27.2837 	EXP 	choiceD: color = 'green (named)'
27.3001 	EXP 	choiceD: color = 'green (named)'
27.3170 	EXP 	choiceD: color = 'green (named)'
27.3338 	EXP 	choiceD: color = 'green (named)'
27.3502 	EXP 	choiceD: color = 'green (named)'
27.3670 	EXP 	choiceD: color = 'green (named)'
27.3836 	EXP 	choiceD: color = 'green (named)'
27.4004 	EXP 	choiceD: color = 'green (named)'
27.4171 	EXP 	choiceD: color = 'green (named)'
27.4336 	EXP 	choiceD: color = 'green (named)'
27.4504 	EXP 	choiceD: color = 'green (named)'
27.4671 	EXP 	choiceD: color = 'green (named)'
27.4838 	EXP 	choiceD: color = 'green (named)'
27.5004 	EXP 	choiceD: color = 'green (named)'
27.5170 	EXP 	choiceD: color = 'green (named)'
27.5337 	EXP 	choiceD: color = 'green (named)'
27.5504 	EXP 	choiceD: color = 'green (named)'
27.5673 	EXP 	choiceD: color = 'green (named)'
27.5839 	EXP 	choiceD: color = 'green (named)'
27.6006 	EXP 	choiceD: color = 'green (named)'
27.6172 	EXP 	choiceD: color = 'green (named)'
27.6339 	EXP 	choiceD: color = 'green (named)'
27.6506 	EXP 	choiceD: color = 'green (named)'
27.6672 	EXP 	choiceD: color = 'green (named)'
27.6838 	EXP 	choiceD: color = 'green (named)'
27.7006 	EXP 	choiceD: color = 'green (named)'
27.7172 	EXP 	choiceD: color = 'green (named)'
27.7340 	EXP 	choiceD: color = 'green (named)'
27.7508 	EXP 	choiceD: color = 'green (named)'
27.7674 	EXP 	choiceD: color = 'green (named)'
27.7674 	EXP 	conBlank: autoDraw = False
27.7707 	EXP 	New trial (rep=0, index=1): OrderedDict([('GMAT', '2) Megalimpet is a nationwide owner of office space.  They have major office buildings in the downtowns of several cities in the 48 lower states, and rent this space to individual companies.  Megalimpet office spaces vary from small office to large suites, and every space has custom-designed wall-to-wall carpeting.  The carpet in several Megalimpet facilities needed replacing.  The winning bid for the nationwide carpet replacement was submitted by Bathyderm Carpet Company (BCC).  The bid contract involves all delivery costs, all installation, and any ongoing maintenance and upkeep while the carpet is under the three-year warranty.  Both BCC executives and independent consultants they hired felt BCC would be able to perform all these services for far less than their bid price; these circumstances would allow BCC to reap a considerable profit.\n\nWhich of the following, if true, most calls in question the argument that BCC will make a large profit from this contract with Megalimpet?'), ('GMATQA', '(A) All the carpets will have to be transported by train from BCC factory in Louisville, KY, to Megalimpet’s locations from coast to coast.'), ('GMATQB', '(B) BCC has already supplied carpets to a number of restaurant chains, and some of those spaces are as large as Megalimpet’s largest office spaces.\n\n'), ('GMATQC', '(C) The carpet installation teams will have to cut different sizes of the carpets for the different size office suites in the Megalimpet buildings.'), ('GMATQD', '(D) The material in BCC carpets degrades rapidly when it comes into contact with standard toner, found in most laser printers and photocopiers; the degraded sections are unsightly and smell bad, so they often need to be replaced.'), ('GMATQE', '(E) The next competing bid after BCC’s was 50% higher than BCC’s bid\n\n'), ('GMATAs', 'd'), ('GRE', '2)The median house value in Butlerville has fallen significantly in the last few months. Nonetheless, the number of homes sold has been at its lowest level in seven years.\n\nWhich of the following best explains the discrepancy?'), ('GREQA', '(A) The value of homes is not the only determinant of whether a house will be sold.'), ('GREQB', '(B)The neighboring city of Jacksonburg has seen a recent surge in home sales.'), ('GREQC', '(C)The Butlerville economy is struggling and the unemployment rate has reached historic rates.'), ('GREQD', '(D)Analysts predict that the number of homes sold will increasing in the coming year.'), ('GREQE', '(E)Homes priced over a million dollars have seen the sharpest decline in sales.'), ('GREA', 'c'), ('LSAT', '2) Laird: Pure research provides us with new technologies that contribute to saving lives. Even more worthwhile than this, however, is its role in expanding our knowledge and providing new, unexplored ideas.\n\nKim: Your priorities are mistaken. Saving lives is what counts most of all. Without pure research, medicine would not be as advanced as it is.\n\nLaird and Kim disagree on whether pure research...'), ('LSATQA', '(A)derives its significance in part from its providing new technologies'), ('LSATQB', '(B)expands the boundaries of our knowledge of medicine'), ('LSATQC', '(C)should have the saving of human lives as an important goal'), ('LSATQD', '(D)has its most valuable achievements in medical applications'), ('LSATQE', '(E)has any value apart from its role in providing new technologies to save lives'), ('LSATAs', 'd')])
27.8437 	EXP 	TextQuestion: autoDraw = False
27.8437 	EXP 	choiceA: autoDraw = False
27.8437 	EXP 	choiceB: autoDraw = False
27.8437 	EXP 	choiceC: autoDraw = False
27.8437 	EXP 	choiceD: autoDraw = False
27.8437 	EXP 	choiceE: autoDraw = False
27.8437 	EXP 	choiceD: color = 'green (named)'
27.8437 	EXP 	TextQuestion: autoDraw = False
27.8437 	EXP 	choiceA: autoDraw = False
27.8437 	EXP 	choiceB: autoDraw = False
27.8437 	EXP 	choiceC: autoDraw = False
27.8437 	EXP 	choiceD: autoDraw = False
27.8437 	EXP 	choiceE: autoDraw = False
27.8437 	EXP 	conBlank: autoDraw = False
27.8437 	EXP 	choiceA: autoDraw = False
27.8437 	EXP 	choiceB: autoDraw = False
27.8437 	EXP 	choiceC: autoDraw = False
27.8437 	EXP 	choiceD: autoDraw = False
27.8437 	EXP 	choiceE: autoDraw = False
27.8437 	EXP 	choiceA: color = 'white (named)'
27.8437 	EXP 	choiceB: color = 'white (named)'
27.8437 	EXP 	choiceC: color = 'white (named)'
27.8437 	EXP 	choiceD: color = 'white (named)'
27.8437 	EXP 	choiceE: color = 'white (named)'
27.8437 	EXP 	TextQuestion: text = 'PLACEHOLDER'
27.8437 	EXP 	choiceA: text = 'QA'
27.8437 	EXP 	choiceB: text = 'QB'
27.8437 	EXP 	choiceC: text = 'QC'
27.8437 	EXP 	choiceD: text = 'QD'
27.8437 	EXP 	choiceE: text = 'QE'
27.8437 	EXP 	TextQuestion: text = '2)The median house value in Butlerville has fallen significantly in the last few months. Nonetheless, the number of homes sold has been at its lowest level in seven years.\n\nWhich of the following best explains the discrepancy?'
27.8437 	EXP 	choiceA: text = '(A) The value of homes is not the only determinant of whether a house will be sold.'
27.8437 	EXP 	choiceB: text = '(B)The neighboring city of Jacksonburg has seen a recent surge in home sales.'
27.8437 	EXP 	choiceC: text = '(C)The Butlerville economy is struggling and the unemployment rate has reached historic rates.'
27.8437 	EXP 	choiceD: text = '(D)Analysts predict that the number of homes sold will increasing in the coming year.'
27.8437 	EXP 	choiceE: text = '(E)Homes priced over a million dollars have seen the sharpest decline in sales.'
27.8437 	EXP 	TextQuestion: autoDraw = True
27.8437 	EXP 	choiceA: autoDraw = True
27.8437 	EXP 	choiceB: autoDraw = True
27.8437 	EXP 	choiceC: autoDraw = True
27.8437 	EXP 	choiceD: autoDraw = True
27.8437 	EXP 	choiceE: autoDraw = True
28.4403 	DATA 	Keypress: return
28.4514 	EXP 	choiceC: color = 'green (named)'
28.4514 	EXP 	conBlank: autoDraw = True
28.4681 	EXP 	choiceC: color = 'green (named)'
28.4847 	EXP 	choiceC: color = 'green (named)'
28.5013 	EXP 	choiceC: color = 'green (named)'
28.5183 	EXP 	choiceC: color = 'green (named)'
28.5350 	EXP 	choiceC: color = 'green (named)'
28.5513 	EXP 	choiceC: color = 'green (named)'
28.5683 	EXP 	choiceC: color = 'green (named)'
28.5847 	EXP 	choiceC: color = 'green (named)'
28.6015 	EXP 	choiceC: color = 'green (named)'
28.6184 	EXP 	choiceC: color = 'green (named)'
28.6351 	EXP 	choiceC: color = 'green (named)'
28.6514 	EXP 	choiceC: color = 'green (named)'
28.6683 	EXP 	choiceC: color = 'green (named)'
28.6847 	EXP 	choiceC: color = 'green (named)'
28.7017 	EXP 	choiceC: color = 'green (named)'
28.7183 	EXP 	choiceC: color = 'green (named)'
28.7349 	EXP 	choiceC: color = 'green (named)'
28.7516 	EXP 	choiceC: color = 'green (named)'
28.7683 	EXP 	choiceC: color = 'green (named)'
28.7849 	EXP 	choiceC: color = 'green (named)'
28.8016 	EXP 	choiceC: color = 'green (named)'
28.8184 	EXP 	choiceC: color = 'green (named)'
28.8352 	EXP 	choiceC: color = 'green (named)'
28.8515 	EXP 	choiceC: color = 'green (named)'
28.8683 	EXP 	choiceC: color = 'green (named)'
28.8851 	EXP 	choiceC: color = 'green (named)'
28.9018 	EXP 	choiceC: color = 'green (named)'
28.9184 	EXP 	choiceC: color = 'green (named)'
28.9352 	EXP 	choiceC: color = 'green (named)'
28.9516 	EXP 	choiceC: color = 'green (named)'
28.9690 	EXP 	choiceC: color = 'green (named)'
28.9850 	EXP 	choiceC: color = 'green (named)'
29.0018 	EXP 	choiceC: color = 'green (named)'
29.0184 	EXP 	choiceC: color = 'green (named)'
29.0352 	EXP 	choiceC: color = 'green (named)'
29.0516 	EXP 	choiceC: color = 'green (named)'
29.0687 	EXP 	choiceC: color = 'green (named)'
29.0851 	EXP 	choiceC: color = 'green (named)'
29.1020 	EXP 	choiceC: color = 'green (named)'
29.1186 	EXP 	choiceC: color = 'green (named)'
29.1353 	EXP 	choiceC: color = 'green (named)'
29.1520 	EXP 	choiceC: color = 'green (named)'
29.1686 	EXP 	choiceC: color = 'green (named)'
29.1851 	EXP 	choiceC: color = 'green (named)'
29.2019 	EXP 	choiceC: color = 'green (named)'
29.2188 	EXP 	choiceC: color = 'green (named)'
29.2355 	EXP 	choiceC: color = 'green (named)'
29.2522 	EXP 	choiceC: color = 'green (named)'
29.2686 	EXP 	choiceC: color = 'green (named)'
29.2855 	EXP 	choiceC: color = 'green (named)'
29.3021 	EXP 	choiceC: color = 'green (named)'
29.3187 	EXP 	choiceC: color = 'green (named)'
29.3355 	EXP 	choiceC: color = 'green (named)'
29.3519 	EXP 	choiceC: color = 'green (named)'
29.3687 	EXP 	choiceC: color = 'green (named)'
29.3854 	EXP 	choiceC: color = 'green (named)'
29.4022 	EXP 	choiceC: color = 'green (named)'
29.4189 	EXP 	choiceC: color = 'green (named)'
29.4356 	EXP 	choiceC: color = 'green (named)'
29.4523 	EXP 	choiceC: color = 'green (named)'
29.4689 	EXP 	choiceC: color = 'green (named)'
29.4855 	EXP 	choiceC: color = 'green (named)'
29.5020 	EXP 	choiceC: color = 'green (named)'
29.5188 	EXP 	choiceC: color = 'green (named)'
29.5355 	EXP 	choiceC: color = 'green (named)'
29.5524 	EXP 	choiceC: color = 'green (named)'
29.5688 	EXP 	choiceC: color = 'green (named)'
29.5856 	EXP 	choiceC: color = 'green (named)'
29.6024 	EXP 	choiceC: color = 'green (named)'
29.6191 	EXP 	choiceC: color = 'green (named)'
29.6356 	EXP 	choiceC: color = 'green (named)'
29.6525 	EXP 	choiceC: color = 'green (named)'
29.6690 	EXP 	choiceC: color = 'green (named)'
29.6857 	EXP 	choiceC: color = 'green (named)'
29.7023 	EXP 	choiceC: color = 'green (named)'
29.7189 	EXP 	choiceC: color = 'green (named)'
29.7357 	EXP 	choiceC: color = 'green (named)'
29.7526 	EXP 	choiceC: color = 'green (named)'
29.7693 	EXP 	choiceC: color = 'green (named)'
29.7857 	EXP 	choiceC: color = 'green (named)'
29.8026 	EXP 	choiceC: color = 'green (named)'
29.8192 	EXP 	choiceC: color = 'green (named)'
29.8360 	EXP 	choiceC: color = 'green (named)'
29.8526 	EXP 	choiceC: color = 'green (named)'
29.8694 	EXP 	choiceC: color = 'green (named)'
29.8857 	EXP 	choiceC: color = 'green (named)'
29.9027 	EXP 	choiceC: color = 'green (named)'
29.9193 	EXP 	choiceC: color = 'green (named)'
29.9359 	EXP 	choiceC: color = 'green (named)'
29.9528 	EXP 	choiceC: color = 'green (named)'
29.9694 	EXP 	choiceC: color = 'green (named)'
29.9858 	EXP 	choiceC: color = 'green (named)'
30.0025 	EXP 	choiceC: color = 'green (named)'
30.0194 	EXP 	choiceC: color = 'green (named)'
30.0360 	EXP 	choiceC: color = 'green (named)'
30.0525 	EXP 	choiceC: color = 'green (named)'
30.0693 	EXP 	choiceC: color = 'green (named)'
30.0859 	EXP 	choiceC: color = 'green (named)'
30.1032 	EXP 	choiceC: color = 'green (named)'
30.1195 	EXP 	choiceC: color = 'green (named)'
30.1360 	EXP 	choiceC: color = 'green (named)'
30.1527 	EXP 	choiceC: color = 'green (named)'
30.1693 	EXP 	choiceC: color = 'green (named)'
30.1861 	EXP 	choiceC: color = 'green (named)'
30.2030 	EXP 	choiceC: color = 'green (named)'
30.2195 	EXP 	choiceC: color = 'green (named)'
30.2363 	EXP 	choiceC: color = 'green (named)'
30.2530 	EXP 	choiceC: color = 'green (named)'
30.2697 	EXP 	choiceC: color = 'green (named)'
30.2861 	EXP 	choiceC: color = 'green (named)'
30.3030 	EXP 	choiceC: color = 'green (named)'
30.3194 	EXP 	choiceC: color = 'green (named)'
30.3362 	EXP 	choiceC: color = 'green (named)'
30.3529 	EXP 	choiceC: color = 'green (named)'
30.3698 	EXP 	choiceC: color = 'green (named)'
30.3863 	EXP 	choiceC: color = 'green (named)'
30.4028 	EXP 	choiceC: color = 'green (named)'
30.4196 	EXP 	choiceC: color = 'green (named)'
30.4362 	EXP 	choiceC: color = 'green (named)'
30.4532 	EXP 	choiceC: color = 'green (named)'
30.4697 	EXP 	choiceC: color = 'green (named)'
30.4865 	EXP 	choiceC: color = 'green (named)'
30.5028 	EXP 	choiceC: color = 'green (named)'
30.5196 	EXP 	choiceC: color = 'green (named)'
30.5363 	EXP 	choiceC: color = 'green (named)'
30.5533 	EXP 	choiceC: color = 'green (named)'
30.5699 	EXP 	choiceC: color = 'green (named)'
30.5864 	EXP 	choiceC: color = 'green (named)'
30.6030 	EXP 	choiceC: color = 'green (named)'
30.6200 	EXP 	choiceC: color = 'green (named)'
30.6364 	EXP 	choiceC: color = 'green (named)'
30.6530 	EXP 	choiceC: color = 'green (named)'
30.6698 	EXP 	choiceC: color = 'green (named)'
30.6865 	EXP 	choiceC: color = 'green (named)'
30.7031 	EXP 	choiceC: color = 'green (named)'
30.7198 	EXP 	choiceC: color = 'green (named)'
30.7364 	EXP 	choiceC: color = 'green (named)'
30.7534 	EXP 	choiceC: color = 'green (named)'
30.7698 	EXP 	choiceC: color = 'green (named)'
30.7867 	EXP 	choiceC: color = 'green (named)'
30.8034 	EXP 	choiceC: color = 'green (named)'
30.8199 	EXP 	choiceC: color = 'green (named)'
30.8365 	EXP 	choiceC: color = 'green (named)'
30.8533 	EXP 	choiceC: color = 'green (named)'
30.8701 	EXP 	choiceC: color = 'green (named)'
30.8868 	EXP 	choiceC: color = 'green (named)'
30.9035 	EXP 	choiceC: color = 'green (named)'
30.9200 	EXP 	choiceC: color = 'green (named)'
30.9367 	EXP 	choiceC: color = 'green (named)'
30.9535 	EXP 	choiceC: color = 'green (named)'
30.9535 	EXP 	conBlank: autoDraw = False
30.9562 	EXP 	New trial (rep=0, index=2): OrderedDict([('GMAT', '3)\xa0A minor league baseball franchise experienced a drop in attendance this week after they suffered three losses by margins of ten runs or more last week. \xa0Many spectators of those games wrote letters to the editors of the local sporting news, complaining of the poor play of the team in those three losses. \xa0Nevertheless, the front office of this baseball franchise maintains that the team’s poor play in those three losses has nothing to do with this week’s decline in attendance.'), ('GMATQA', '(A) The\xa0spectators who wrote letters to the local sporting news were long-standing fans of this minor league baseball team.'), ('GMATQB', '(B) Many\xa0minor league baseball franchises attribute a drop in attendance to the quality of play of the team only after a string of losses.'), ('GMATQC', '(C) Other\xa0minor league teams in that region of the state reported a similar drop in attendance this week.'), ('GMATQD', '(D) This was\xa0not the first time this team suffered multiple lopsided losses in a single week, prompting similar letters to the local sporting news.'), ('GMATQE', '(E) This\xa0minor league team is over four hours from the closest major league team, so many of the minor league team’s fans do not often attend major league games.'), ('GMATAs', 'c'), ('GRE', "3) Recently, an unusually high number of dolphins have been found dead of infectious diseases, and most of these had abnormally high tissue concentrations of certain compounds that, even in low concentrations, reduce dolphins' resistance to infection. The only source of these compounds in the dolphins' environment is boat paint.  Therefore, since dolphins rid their bodies of the compounds rapidly once exposure ceases, their mortality rate should decline rapidly if such boat paints are banned.\n\nWhich of the following, if true, most strengthens the argument? \n\n"), ('GREQA', '(A) The levels of the compounds typically used in boat paints today are lower than they were in boat paints manufactured a decade ago.'), ('GREQB', '(B) In high concentrations, the compounds are toxic to many types of marine animals.'), ('GREQC', '(C)The compounds break down into harmless substances after a few months of exposure to water or air. '), ('GREQD', '(D)High tissue levels of the compounds have recently been found in some marine animals, but there is no recocrd of any of those animals dying in unusually large numbers rececntly '), ('GREQE', "(E)The compounds do not leach out of the boat paint if the paint is applied exactly in accordance with the manufacturer's directions. "), ('GREA', 'c'), ('LSAT', '3)The supernova event of 1987 is interesting in that there is still no evidence of the neutron star that current theory says should have remained after a supernova of that size. This is in spite of the fact that many of the most sensitive instruments ever developed have searched for the tell-tale pulse of radiation that neutron stars emit. Thus, current theory is wrong in claiming that supernovas of a certain size always produce neutron stars.\n\nWhich one of the following, if true, most strengthens the argument?'), ('LSATQA', '(A)Most supernova remnants that astronomers have detected have a neutron star nearby.'), ('LSATQB', '(B)Sensitive astronomical instruments have detected neutron stars much farther away than the location of the 1987 supernova.'), ('LSATQC', '(C)The supernova of 1987 was the first that scientists were able to observe in progress.'), ('LSATQD', '(D)Several important features of the 1987 supernova are correctly predicted by the current theory.'), ('LSATQE', '(E)Some neutron stars are known to have come into existence by a cause other than a supernova explosion.'), ('LSATAs', 'b')])
31.0644 	EXP 	TextQuestion: autoDraw = False
31.0644 	EXP 	choiceA: autoDraw = False
31.0644 	EXP 	choiceB: autoDraw = False
31.0644 	EXP 	choiceC: autoDraw = False
31.0644 	EXP 	choiceD: autoDraw = False
31.0644 	EXP 	choiceE: autoDraw = False
31.0644 	EXP 	choiceC: color = 'green (named)'
31.0644 	EXP 	TextQuestion: autoDraw = False
31.0644 	EXP 	choiceA: autoDraw = False
31.0644 	EXP 	choiceB: autoDraw = False
31.0644 	EXP 	choiceC: autoDraw = False
31.0644 	EXP 	choiceD: autoDraw = False
31.0644 	EXP 	choiceE: autoDraw = False
31.0644 	EXP 	conBlank: autoDraw = False
31.0644 	EXP 	choiceA: autoDraw = False
31.0644 	EXP 	choiceB: autoDraw = False
31.0644 	EXP 	choiceC: autoDraw = False
31.0644 	EXP 	choiceD: autoDraw = False
31.0644 	EXP 	choiceE: autoDraw = False
31.0644 	EXP 	choiceA: color = 'white (named)'
31.0644 	EXP 	choiceB: color = 'white (named)'
31.0644 	EXP 	choiceC: color = 'white (named)'
31.0644 	EXP 	choiceD: color = 'white (named)'
31.0644 	EXP 	choiceE: color = 'white (named)'
31.0644 	EXP 	TextQuestion: text = 'PLACEHOLDER'
31.0644 	EXP 	choiceA: text = 'QA'
31.0644 	EXP 	choiceB: text = 'QB'
31.0644 	EXP 	choiceC: text = 'QC'
31.0644 	EXP 	choiceD: text = 'QD'
31.0644 	EXP 	choiceE: text = 'QE'
31.0644 	EXP 	TextQuestion: text = "3) Recently, an unusually high number of dolphins have been found dead of infectious diseases, and most of these had abnormally high tissue concentrations of certain compounds that, even in low concentrations, reduce dolphins' resistance to infection. The only source of these compounds in the dolphins' environment is boat paint.  Therefore, since dolphins rid their bodies of the compounds rapidly once exposure ceases, their mortality rate should decline rapidly if such boat paints are banned.\n\nWhich of the following, if true, most strengthens the argument? \n\n"
31.0644 	EXP 	choiceA: text = '(A) The levels of the compounds typically used in boat paints today are lower than they were in boat paints manufactured a decade ago.'
31.0644 	EXP 	choiceB: text = '(B) In high concentrations, the compounds are toxic to many types of marine animals.'
31.0644 	EXP 	choiceC: text = '(C)The compounds break down into harmless substances after a few months of exposure to water or air. '
31.0644 	EXP 	choiceD: text = '(D)High tissue levels of the compounds have recently been found in some marine animals, but there is no recocrd of any of those animals dying in unusually large numbers rececntly '
31.0644 	EXP 	choiceE: text = "(E)The compounds do not leach out of the boat paint if the paint is applied exactly in accordance with the manufacturer's directions. "
31.0644 	EXP 	TextQuestion: autoDraw = True
31.0644 	EXP 	choiceA: autoDraw = True
31.0644 	EXP 	choiceB: autoDraw = True
31.0644 	EXP 	choiceC: autoDraw = True
31.0644 	EXP 	choiceD: autoDraw = True
31.0644 	EXP 	choiceE: autoDraw = True
31.6610 	DATA 	Keypress: return
31.6874 	EXP 	choiceC: color = 'green (named)'
31.6874 	EXP 	conBlank: autoDraw = True
31.7041 	EXP 	choiceC: color = 'green (named)'
31.7206 	EXP 	choiceC: color = 'green (named)'
31.7372 	EXP 	choiceC: color = 'green (named)'
31.7541 	EXP 	choiceC: color = 'green (named)'
31.7705 	EXP 	choiceC: color = 'green (named)'
31.7873 	EXP 	choiceC: color = 'green (named)'
31.8040 	EXP 	choiceC: color = 'green (named)'
31.8208 	EXP 	choiceC: color = 'green (named)'
31.8374 	EXP 	choiceC: color = 'green (named)'
31.8540 	EXP 	choiceC: color = 'green (named)'
31.8708 	EXP 	choiceC: color = 'green (named)'
31.8876 	EXP 	choiceC: color = 'green (named)'
31.9042 	EXP 	choiceC: color = 'green (named)'
31.9210 	EXP 	choiceC: color = 'green (named)'
31.9376 	EXP 	choiceC: color = 'green (named)'
31.9545 	EXP 	choiceC: color = 'green (named)'
31.9709 	EXP 	choiceC: color = 'green (named)'
31.9875 	EXP 	choiceC: color = 'green (named)'
32.0043 	EXP 	choiceC: color = 'green (named)'
32.0209 	EXP 	choiceC: color = 'green (named)'
32.0375 	EXP 	choiceC: color = 'green (named)'
32.0542 	EXP 	choiceC: color = 'green (named)'
32.0712 	EXP 	choiceC: color = 'green (named)'
32.0880 	EXP 	choiceC: color = 'green (named)'
32.1066 	EXP 	choiceC: color = 'green (named)'
32.1216 	EXP 	choiceC: color = 'green (named)'
32.1376 	EXP 	choiceC: color = 'green (named)'
32.1542 	EXP 	choiceC: color = 'green (named)'
32.1710 	EXP 	choiceC: color = 'green (named)'
32.1879 	EXP 	choiceC: color = 'green (named)'
32.2043 	EXP 	choiceC: color = 'green (named)'
32.2211 	EXP 	choiceC: color = 'green (named)'
32.2376 	EXP 	choiceC: color = 'green (named)'
32.2541 	EXP 	choiceC: color = 'green (named)'
32.2710 	EXP 	choiceC: color = 'green (named)'
32.2876 	EXP 	choiceC: color = 'green (named)'
32.3046 	EXP 	choiceC: color = 'green (named)'
32.3211 	EXP 	choiceC: color = 'green (named)'
32.3379 	EXP 	choiceC: color = 'green (named)'
32.3543 	EXP 	choiceC: color = 'green (named)'
32.3711 	EXP 	choiceC: color = 'green (named)'
32.3880 	EXP 	choiceC: color = 'green (named)'
32.4046 	EXP 	choiceC: color = 'green (named)'
32.4214 	EXP 	choiceC: color = 'green (named)'
32.4379 	EXP 	choiceC: color = 'green (named)'
32.4545 	EXP 	choiceC: color = 'green (named)'
32.4716 	EXP 	choiceC: color = 'green (named)'
32.4879 	EXP 	choiceC: color = 'green (named)'
32.5046 	EXP 	choiceC: color = 'green (named)'
32.5212 	EXP 	choiceC: color = 'green (named)'
32.5381 	EXP 	choiceC: color = 'green (named)'
32.5546 	EXP 	choiceC: color = 'green (named)'
32.5713 	EXP 	choiceC: color = 'green (named)'
32.5879 	EXP 	choiceC: color = 'green (named)'
32.6047 	EXP 	choiceC: color = 'green (named)'
32.6214 	EXP 	choiceC: color = 'green (named)'
32.6380 	EXP 	choiceC: color = 'green (named)'
32.6547 	EXP 	choiceC: color = 'green (named)'
32.6714 	EXP 	choiceC: color = 'green (named)'
32.6883 	EXP 	choiceC: color = 'green (named)'
32.7048 	EXP 	choiceC: color = 'green (named)'
32.7215 	EXP 	choiceC: color = 'green (named)'
32.7382 	EXP 	choiceC: color = 'green (named)'
32.7549 	EXP 	choiceC: color = 'green (named)'
32.7715 	EXP 	choiceC: color = 'green (named)'
32.7882 	EXP 	choiceC: color = 'green (named)'
32.8049 	EXP 	choiceC: color = 'green (named)'
32.8216 	EXP 	choiceC: color = 'green (named)'
32.8383 	EXP 	choiceC: color = 'green (named)'
32.8549 	EXP 	choiceC: color = 'green (named)'
32.8714 	EXP 	choiceC: color = 'green (named)'
32.8904 	EXP 	choiceC: color = 'green (named)'
32.9048 	EXP 	choiceC: color = 'green (named)'
32.9218 	EXP 	choiceC: color = 'green (named)'
32.9384 	EXP 	choiceC: color = 'green (named)'
32.9552 	EXP 	choiceC: color = 'green (named)'
32.9716 	EXP 	choiceC: color = 'green (named)'
32.9884 	EXP 	choiceC: color = 'green (named)'
33.0051 	EXP 	choiceC: color = 'green (named)'
33.0217 	EXP 	choiceC: color = 'green (named)'
33.0384 	EXP 	choiceC: color = 'green (named)'
33.0550 	EXP 	choiceC: color = 'green (named)'
33.0716 	EXP 	choiceC: color = 'green (named)'
33.0885 	EXP 	choiceC: color = 'green (named)'
33.1051 	EXP 	choiceC: color = 'green (named)'
33.1217 	EXP 	choiceC: color = 'green (named)'
33.1386 	EXP 	choiceC: color = 'green (named)'
33.1551 	EXP 	choiceC: color = 'green (named)'
33.1719 	EXP 	choiceC: color = 'green (named)'
33.1887 	EXP 	choiceC: color = 'green (named)'
33.2053 	EXP 	choiceC: color = 'green (named)'
33.2219 	EXP 	choiceC: color = 'green (named)'
33.2386 	EXP 	choiceC: color = 'green (named)'
33.2552 	EXP 	choiceC: color = 'green (named)'
33.2720 	EXP 	choiceC: color = 'green (named)'
33.2887 	EXP 	choiceC: color = 'green (named)'
33.3053 	EXP 	choiceC: color = 'green (named)'
33.3220 	EXP 	choiceC: color = 'green (named)'
33.3386 	EXP 	choiceC: color = 'green (named)'
33.3553 	EXP 	choiceC: color = 'green (named)'
33.3720 	EXP 	choiceC: color = 'green (named)'
33.3887 	EXP 	choiceC: color = 'green (named)'
33.4052 	EXP 	choiceC: color = 'green (named)'
33.4221 	EXP 	choiceC: color = 'green (named)'
33.4387 	EXP 	choiceC: color = 'green (named)'
33.4554 	EXP 	choiceC: color = 'green (named)'
33.4720 	EXP 	choiceC: color = 'green (named)'
33.4887 	EXP 	choiceC: color = 'green (named)'
33.5054 	EXP 	choiceC: color = 'green (named)'
33.5221 	EXP 	choiceC: color = 'green (named)'
33.5390 	EXP 	choiceC: color = 'green (named)'
33.5555 	EXP 	choiceC: color = 'green (named)'
33.5721 	EXP 	choiceC: color = 'green (named)'
33.5890 	EXP 	choiceC: color = 'green (named)'
33.6056 	EXP 	choiceC: color = 'green (named)'
33.6222 	EXP 	choiceC: color = 'green (named)'
33.6389 	EXP 	choiceC: color = 'green (named)'
33.6556 	EXP 	choiceC: color = 'green (named)'
33.6726 	EXP 	choiceC: color = 'green (named)'
33.6889 	EXP 	choiceC: color = 'green (named)'
33.7055 	EXP 	choiceC: color = 'green (named)'
33.7224 	EXP 	choiceC: color = 'green (named)'
33.7389 	EXP 	choiceC: color = 'green (named)'
33.7559 	EXP 	choiceC: color = 'green (named)'
33.7723 	EXP 	choiceC: color = 'green (named)'
33.7889 	EXP 	choiceC: color = 'green (named)'
33.8057 	EXP 	choiceC: color = 'green (named)'
33.8222 	EXP 	choiceC: color = 'green (named)'
33.8390 	EXP 	choiceC: color = 'green (named)'
33.8558 	EXP 	choiceC: color = 'green (named)'
33.8725 	EXP 	choiceC: color = 'green (named)'
33.8890 	EXP 	choiceC: color = 'green (named)'
33.9058 	EXP 	choiceC: color = 'green (named)'
33.9224 	EXP 	choiceC: color = 'green (named)'
33.9394 	EXP 	choiceC: color = 'green (named)'
33.9560 	EXP 	choiceC: color = 'green (named)'
33.9726 	EXP 	choiceC: color = 'green (named)'
33.9893 	EXP 	choiceC: color = 'green (named)'
34.0057 	EXP 	choiceC: color = 'green (named)'
34.0225 	EXP 	choiceC: color = 'green (named)'
34.0391 	EXP 	choiceC: color = 'green (named)'
34.0561 	EXP 	choiceC: color = 'green (named)'
34.0727 	EXP 	choiceC: color = 'green (named)'
34.0894 	EXP 	choiceC: color = 'green (named)'
34.1058 	EXP 	choiceC: color = 'green (named)'
34.1226 	EXP 	choiceC: color = 'green (named)'
34.1393 	EXP 	choiceC: color = 'green (named)'
34.1561 	EXP 	choiceC: color = 'green (named)'
34.1727 	EXP 	choiceC: color = 'green (named)'
34.1893 	EXP 	choiceC: color = 'green (named)'
34.1893 	EXP 	conBlank: autoDraw = False
34.1927 	EXP 	New trial (rep=0, index=3): OrderedDict([('GMAT', '4)\xa0In a few recent cases, some teenagers with advanced programming abilities used a new programming language, FANTOD, to hack into ETS and change their own SAT scores. \xa0All of the teenagers convicted of this crime were highly skilled in programming FANTOD. \xa0In light of these cases, some colleges have discounted the official SAT scores of applicants with a knowledge of FANTOD, and have required them to take special admission tests in supervised conditions on their own campuses.'), ('GMATQA', '(A) Most people who learn to program in FANTOD do so to commit some kind of hacking.'), ('GMATQB', '(B) Colleges should rely on their own admissions tests instead of the SATs'), ('GMATQC', '(C) Some students with knowledge of FANTOD are possibly placed at a disadvantage in the college admission process.'), ('GMATQD', '(D) Students who learn FANTOD tend to have much lower SAT scores than do their peers.'), ('GMATQE', '(E) Some colleges have not set any special requirements for applicants who have demonstrated knowledge of FANTOD'), ('GMATAs', 'c'), ('GRE', "4) Extensive housing is underway in Pataska Forest, the habitat of a large population of deer. Because deer feed at the edges of the forests, these deer will be attracted to the spaces alongside the new roads. Being cut through Pataska Forest to serve the new residential areas. Consequently, once the housing is occupied, the annual number of the forest's deer hit by cars will be much higher than before construction started. \n\nWhich of the following is an assumption on which the argument depends?"), ('GREQA', '(A)The number of deer hit by commercial vehicles will not increase significantly when the housing is occupied.'), ('GREQB', '(B)Deer will be as attracted to the forest edge around new houses as to the forest edge alongside roads.'), ('GREQC', '(C)In past years, the annual number of deer that have been hit by cars on existing roads through Pataska Forest has been very low.'), ('GREQD', '(D) The development will leave sufficient forest to sustain a signiificant population of deer.'), ('GREQE', '(E)No deer hunting will be allowed in Pataska Forest when the housing is occupied. '), ('GREA', 'd'), ('LSAT', '4)Political scientist: As a political system, democracy does not promote political freedom. There are historical examples of democracies that ultimately resulted in some of the most oppressive societies. Likewise, there have been enlightened despotisms and oligarchies that have provided a remarkable level of political freedom to their subjects.\n\nThe reasoning in the political scientist’s argument is flawed because it...'), ('LSATQA', '(A)confuses the conditions necessary for political freedom with the conditions sufficient to bring it about  '), ('LSATQB', '(B)fails to consider that a substantial increase in the level of political freedom might cause a society to become more democratic'), ('LSATQC', '(C)appeals to historical examples that are irrelevant to the causal claim being made'), ('LSATQD', '(D)overlooks the possibility that democracy promotes political freedom without being necessary or sufficient by itself to produce it'), ('LSATQE', '(E)bases its historical case on a personal point of view'), ('LSATAs', 'd')])
34.2877 	EXP 	TextQuestion: autoDraw = False
34.2877 	EXP 	choiceA: autoDraw = False
34.2877 	EXP 	choiceB: autoDraw = False
34.2877 	EXP 	choiceC: autoDraw = False
34.2877 	EXP 	choiceD: autoDraw = False
34.2877 	EXP 	choiceE: autoDraw = False
34.2877 	EXP 	choiceC: color = 'green (named)'
34.2877 	EXP 	TextQuestion: autoDraw = False
34.2877 	EXP 	choiceA: autoDraw = False
34.2877 	EXP 	choiceB: autoDraw = False
34.2877 	EXP 	choiceC: autoDraw = False
34.2877 	EXP 	choiceD: autoDraw = False
34.2877 	EXP 	choiceE: autoDraw = False
34.2877 	EXP 	conBlank: autoDraw = False
34.2877 	EXP 	choiceA: autoDraw = False
34.2877 	EXP 	choiceB: autoDraw = False
34.2877 	EXP 	choiceC: autoDraw = False
34.2877 	EXP 	choiceD: autoDraw = False
34.2877 	EXP 	choiceE: autoDraw = False
34.2877 	EXP 	choiceA: color = 'white (named)'
34.2877 	EXP 	choiceB: color = 'white (named)'
34.2877 	EXP 	choiceC: color = 'white (named)'
34.2877 	EXP 	choiceD: color = 'white (named)'
34.2877 	EXP 	choiceE: color = 'white (named)'
34.2877 	EXP 	TextQuestion: text = 'PLACEHOLDER'
34.2877 	EXP 	choiceA: text = 'QA'
34.2877 	EXP 	choiceB: text = 'QB'
34.2877 	EXP 	choiceC: text = 'QC'
34.2877 	EXP 	choiceD: text = 'QD'
34.2877 	EXP 	choiceE: text = 'QE'
34.2877 	EXP 	TextQuestion: text = "4) Extensive housing is underway in Pataska Forest, the habitat of a large population of deer. Because deer feed at the edges of the forests, these deer will be attracted to the spaces alongside the new roads. Being cut through Pataska Forest to serve the new residential areas. Consequently, once the housing is occupied, the annual number of the forest's deer hit by cars will be much higher than before construction started. \n\nWhich of the following is an assumption on which the argument depends?"
34.2877 	EXP 	choiceA: text = '(A)The number of deer hit by commercial vehicles will not increase significantly when the housing is occupied.'
34.2877 	EXP 	choiceB: text = '(B)Deer will be as attracted to the forest edge around new houses as to the forest edge alongside roads.'
34.2877 	EXP 	choiceC: text = '(C)In past years, the annual number of deer that have been hit by cars on existing roads through Pataska Forest has been very low.'
34.2877 	EXP 	choiceD: text = '(D) The development will leave sufficient forest to sustain a signiificant population of deer.'
34.2877 	EXP 	choiceE: text = '(E)No deer hunting will be allowed in Pataska Forest when the housing is occupied. '
34.2877 	EXP 	TextQuestion: autoDraw = True
34.2877 	EXP 	choiceA: autoDraw = True
34.2877 	EXP 	choiceB: autoDraw = True
34.2877 	EXP 	choiceC: autoDraw = True
34.2877 	EXP 	choiceD: autoDraw = True
34.2877 	EXP 	choiceE: autoDraw = True
35.1300 	DATA 	Keypress: return
35.1401 	EXP 	choiceD: color = 'green (named)'
35.1401 	EXP 	conBlank: autoDraw = True
35.1568 	EXP 	choiceD: color = 'green (named)'
35.1736 	EXP 	choiceD: color = 'green (named)'
35.1900 	EXP 	choiceD: color = 'green (named)'
35.2068 	EXP 	choiceD: color = 'green (named)'
35.2235 	EXP 	choiceD: color = 'green (named)'
35.2401 	EXP 	choiceD: color = 'green (named)'
35.2569 	EXP 	choiceD: color = 'green (named)'
35.2737 	EXP 	choiceD: color = 'green (named)'
35.2902 	EXP 	choiceD: color = 'green (named)'
35.3070 	EXP 	choiceD: color = 'green (named)'
35.3236 	EXP 	choiceD: color = 'green (named)'
35.3402 	EXP 	choiceD: color = 'green (named)'
35.3569 	EXP 	choiceD: color = 'green (named)'
35.3740 	EXP 	choiceD: color = 'green (named)'
35.3905 	EXP 	choiceD: color = 'green (named)'
35.4070 	EXP 	choiceD: color = 'green (named)'
35.4238 	EXP 	choiceD: color = 'green (named)'
35.4404 	EXP 	choiceD: color = 'green (named)'
35.4572 	EXP 	choiceD: color = 'green (named)'
35.4738 	EXP 	choiceD: color = 'green (named)'
35.4906 	EXP 	choiceD: color = 'green (named)'
35.5073 	EXP 	choiceD: color = 'green (named)'
35.5237 	EXP 	choiceD: color = 'green (named)'
35.5403 	EXP 	choiceD: color = 'green (named)'
35.5570 	EXP 	choiceD: color = 'green (named)'
35.5738 	EXP 	choiceD: color = 'green (named)'
35.5905 	EXP 	choiceD: color = 'green (named)'
35.6072 	EXP 	choiceD: color = 'green (named)'
35.6239 	EXP 	choiceD: color = 'green (named)'
35.6405 	EXP 	choiceD: color = 'green (named)'
35.6572 	EXP 	choiceD: color = 'green (named)'
35.6739 	EXP 	choiceD: color = 'green (named)'
35.6905 	EXP 	choiceD: color = 'green (named)'
35.7073 	EXP 	choiceD: color = 'green (named)'
35.7240 	EXP 	choiceD: color = 'green (named)'
35.7405 	EXP 	choiceD: color = 'green (named)'
35.7577 	EXP 	choiceD: color = 'green (named)'
35.7740 	EXP 	choiceD: color = 'green (named)'
35.7907 	EXP 	choiceD: color = 'green (named)'
35.8074 	EXP 	choiceD: color = 'green (named)'
35.8241 	EXP 	choiceD: color = 'green (named)'
35.8406 	EXP 	choiceD: color = 'green (named)'
35.8574 	EXP 	choiceD: color = 'green (named)'
35.8739 	EXP 	choiceD: color = 'green (named)'
35.8910 	EXP 	choiceD: color = 'green (named)'
35.9075 	EXP 	choiceD: color = 'green (named)'
35.9244 	EXP 	choiceD: color = 'green (named)'
35.9407 	EXP 	choiceD: color = 'green (named)'
35.9578 	EXP 	choiceD: color = 'green (named)'
35.9742 	EXP 	choiceD: color = 'green (named)'
35.9910 	EXP 	choiceD: color = 'green (named)'
36.0076 	EXP 	choiceD: color = 'green (named)'
36.0248 	EXP 	choiceD: color = 'green (named)'
36.0416 	EXP 	choiceD: color = 'green (named)'
36.0574 	EXP 	choiceD: color = 'green (named)'
36.0768 	EXP 	choiceD: color = 'green (named)'
36.0907 	EXP 	choiceD: color = 'green (named)'
36.1076 	EXP 	choiceD: color = 'green (named)'
36.1243 	EXP 	choiceD: color = 'green (named)'
36.1410 	EXP 	choiceD: color = 'green (named)'
36.1574 	EXP 	choiceD: color = 'green (named)'
36.1744 	EXP 	choiceD: color = 'green (named)'
36.1909 	EXP 	choiceD: color = 'green (named)'
36.2078 	EXP 	choiceD: color = 'green (named)'
36.2246 	EXP 	choiceD: color = 'green (named)'
36.2409 	EXP 	choiceD: color = 'green (named)'
36.2577 	EXP 	choiceD: color = 'green (named)'
36.2744 	EXP 	choiceD: color = 'green (named)'
36.2910 	EXP 	choiceD: color = 'green (named)'
36.3079 	EXP 	choiceD: color = 'green (named)'
36.3246 	EXP 	choiceD: color = 'green (named)'
36.3417 	EXP 	choiceD: color = 'green (named)'
36.3579 	EXP 	choiceD: color = 'green (named)'
36.3745 	EXP 	choiceD: color = 'green (named)'
36.3909 	EXP 	choiceD: color = 'green (named)'
36.4079 	EXP 	choiceD: color = 'green (named)'
36.4245 	EXP 	choiceD: color = 'green (named)'
36.4412 	EXP 	choiceD: color = 'green (named)'
36.4581 	EXP 	choiceD: color = 'green (named)'
36.4747 	EXP 	choiceD: color = 'green (named)'
36.4913 	EXP 	choiceD: color = 'green (named)'
36.5084 	EXP 	choiceD: color = 'green (named)'
36.5245 	EXP 	choiceD: color = 'green (named)'
36.5414 	EXP 	choiceD: color = 'green (named)'
36.5582 	EXP 	choiceD: color = 'green (named)'
36.5748 	EXP 	choiceD: color = 'green (named)'
36.5912 	EXP 	choiceD: color = 'green (named)'
36.6082 	EXP 	choiceD: color = 'green (named)'
36.6246 	EXP 	choiceD: color = 'green (named)'
36.6414 	EXP 	choiceD: color = 'green (named)'
36.6581 	EXP 	choiceD: color = 'green (named)'
36.6747 	EXP 	choiceD: color = 'green (named)'
36.6914 	EXP 	choiceD: color = 'green (named)'
36.7082 	EXP 	choiceD: color = 'green (named)'
36.7248 	EXP 	choiceD: color = 'green (named)'
36.7414 	EXP 	choiceD: color = 'green (named)'
36.7580 	EXP 	choiceD: color = 'green (named)'
36.7748 	EXP 	choiceD: color = 'green (named)'
36.7914 	EXP 	choiceD: color = 'green (named)'
36.8081 	EXP 	choiceD: color = 'green (named)'
36.8249 	EXP 	choiceD: color = 'green (named)'
36.8418 	EXP 	choiceD: color = 'green (named)'
36.8583 	EXP 	choiceD: color = 'green (named)'
36.8749 	EXP 	choiceD: color = 'green (named)'
36.8916 	EXP 	choiceD: color = 'green (named)'
36.9082 	EXP 	choiceD: color = 'green (named)'
36.9249 	EXP 	choiceD: color = 'green (named)'
36.9416 	EXP 	choiceD: color = 'green (named)'
36.9583 	EXP 	choiceD: color = 'green (named)'
36.9749 	EXP 	choiceD: color = 'green (named)'
36.9917 	EXP 	choiceD: color = 'green (named)'
37.0083 	EXP 	choiceD: color = 'green (named)'
37.0250 	EXP 	choiceD: color = 'green (named)'
37.0417 	EXP 	choiceD: color = 'green (named)'
37.0585 	EXP 	choiceD: color = 'green (named)'
37.0751 	EXP 	choiceD: color = 'green (named)'
37.0924 	EXP 	choiceD: color = 'green (named)'
37.1083 	EXP 	choiceD: color = 'green (named)'
37.1251 	EXP 	choiceD: color = 'green (named)'
37.1419 	EXP 	choiceD: color = 'green (named)'
37.1586 	EXP 	choiceD: color = 'green (named)'
37.1751 	EXP 	choiceD: color = 'green (named)'
37.1920 	EXP 	choiceD: color = 'green (named)'
37.2086 	EXP 	choiceD: color = 'green (named)'
37.2251 	EXP 	choiceD: color = 'green (named)'
37.2420 	EXP 	choiceD: color = 'green (named)'
37.2585 	EXP 	choiceD: color = 'green (named)'
37.2752 	EXP 	choiceD: color = 'green (named)'
37.2919 	EXP 	choiceD: color = 'green (named)'
37.3086 	EXP 	choiceD: color = 'green (named)'
37.3254 	EXP 	choiceD: color = 'green (named)'
37.3424 	EXP 	choiceD: color = 'green (named)'
37.3587 	EXP 	choiceD: color = 'green (named)'
37.3753 	EXP 	choiceD: color = 'green (named)'
37.3920 	EXP 	choiceD: color = 'green (named)'
37.4087 	EXP 	choiceD: color = 'green (named)'
37.4253 	EXP 	choiceD: color = 'green (named)'
37.4422 	EXP 	choiceD: color = 'green (named)'
37.4586 	EXP 	choiceD: color = 'green (named)'
37.4755 	EXP 	choiceD: color = 'green (named)'
37.4921 	EXP 	choiceD: color = 'green (named)'
37.5089 	EXP 	choiceD: color = 'green (named)'
37.5253 	EXP 	choiceD: color = 'green (named)'
37.5421 	EXP 	choiceD: color = 'green (named)'
37.5590 	EXP 	choiceD: color = 'green (named)'
37.5756 	EXP 	choiceD: color = 'green (named)'
37.5922 	EXP 	choiceD: color = 'green (named)'
37.6088 	EXP 	choiceD: color = 'green (named)'
37.6254 	EXP 	choiceD: color = 'green (named)'
37.6422 	EXP 	choiceD: color = 'green (named)'
37.6422 	EXP 	conBlank: autoDraw = False
37.6450 	EXP 	New trial (rep=0, index=4): OrderedDict([('GMAT', '5)\xa0In the twentieth century, the visual arts have embarked on major experimentation, from cubism to expressionism. \xa0While tastes always vary, there are certainly some people who find beautiful objects of each of the art movements of the first half of the twentieth century. \xa0In the latter half of the twentieth century, though, most works are so abstract or shocking that neither the critic nor the general public uses the word “beautiful” to describe them: indeed, sometimes late twentieth-century artists have, as one of their expressed goals, the creation of a work that no one could find beautiful. \xa0Whatever these artists are creating may be intellectually engaging at some level, but it is no longer art.'), ('GMATQA', '(A) Art critics generally have a different appraisal of a work of art than does the general public.'), ('GMATQB', '(B) The meaning of any work of art is defined entirely by the ideas of the artist who created it.'), ('GMATQC', '(C) Beauty is a defining quality of art.'), ('GMATQD', '(D) All art movements of the latter half of the twentieth century are responses to the movements of the first half of the century.'), ('GMATQE', '(E) It is not possible for any work to be simultaneously beautiful and intellectually engaging.'), ('GMATAs', 'c'), ('GRE', '5)The Malbec grape, originally grown in France, has become the main varietal in Argentina. This is surprising because most Malbec grown in Argentina is grown at high altitudes, whereas the Malbec grape once was grown at low altitudes. Therefore, Argentinian winegrowers should grow the Malbec grape at low elevations.\n\nWhich of the following, if true, would most weaken the conclusion of the argument?'), ('GREQA', '(A)The Bordeaux grape is the most popular grape in France, but is rarely, if ever, grown in Argentina.'), ('GREQB', '(B)Some varietals are unable to grow at high altitudes. '), ('GREQC', '(C)The soil at high altitudes is filled with nutrients that help the Malbec grape grow. '), ('GREQD', '(D) The Malbec vine is susceptible to phylloxera, a plant louse that only growss at low altitudes. '), ('GREQE', '(E)Malbec has recently enjoyed a surge in popularity, and can be found in many different countries. '), ('GREA', None), ('LSAT', '5) Journalist: To reconcile the need for profits sufficient to support new drug research with the moral imperative to provide medicines to those who most need them but cannot afford them, some pharmaceutical companies feel justified in selling a drug in rich nations at one price and in poor nations at a much lower price. But this practice is unjustified. A nation with a low average income may still have a substantial middle class better able to pay for new drugs than are many of the poorer citizens of an overall wealthier nation.\n\nWhich one of the following principles, if valid, most helps to justify the journalist’s reasoning?'), ('LSATQA', '(A)People who are ill deserve more consideration than do healthy people, regardless of their relative socioeconomic positions.'), ('LSATQB', '(B)Wealthy institutions have an obligation to expend at least some of their resources to assist those incapable of assisting themselves.\n'), ('LSATQC', '(C)Whether one deserves special consideration depends on one’s needs rather than on characteristics of the society to which one belongs.'), ('LSATQD', '(D)The people in wealthy nations should not have better access to health care than do the people in poorer nations.'), ('LSATQE', '(E)Unequal access to health care is more unfair than an unequal distribution of wealth.'), ('LSATAs', 'c')])
37.7280 	EXP 	TextQuestion: autoDraw = False
37.7280 	EXP 	choiceA: autoDraw = False
37.7280 	EXP 	choiceB: autoDraw = False
37.7280 	EXP 	choiceC: autoDraw = False
37.7280 	EXP 	choiceD: autoDraw = False
37.7280 	EXP 	choiceE: autoDraw = False
37.7280 	EXP 	choiceD: color = 'green (named)'
37.7280 	EXP 	TextQuestion: autoDraw = False
37.7280 	EXP 	choiceA: autoDraw = False
37.7280 	EXP 	choiceB: autoDraw = False
37.7280 	EXP 	choiceC: autoDraw = False
37.7280 	EXP 	choiceD: autoDraw = False
37.7280 	EXP 	choiceE: autoDraw = False
37.7280 	EXP 	conBlank: autoDraw = False
37.7280 	EXP 	choiceA: autoDraw = False
37.7280 	EXP 	choiceB: autoDraw = False
37.7280 	EXP 	choiceC: autoDraw = False
37.7280 	EXP 	choiceD: autoDraw = False
37.7280 	EXP 	choiceE: autoDraw = False
37.7280 	EXP 	choiceA: color = 'white (named)'
37.7280 	EXP 	choiceB: color = 'white (named)'
37.7280 	EXP 	choiceC: color = 'white (named)'
37.7280 	EXP 	choiceD: color = 'white (named)'
37.7280 	EXP 	choiceE: color = 'white (named)'
37.7280 	EXP 	TextQuestion: text = 'PLACEHOLDER'
37.7280 	EXP 	choiceA: text = 'QA'
37.7280 	EXP 	choiceB: text = 'QB'
37.7280 	EXP 	choiceC: text = 'QC'
37.7280 	EXP 	choiceD: text = 'QD'
37.7280 	EXP 	choiceE: text = 'QE'
37.7280 	EXP 	TextQuestion: text = '5)The Malbec grape, originally grown in France, has become the main varietal in Argentina. This is surprising because most Malbec grown in Argentina is grown at high altitudes, whereas the Malbec grape once was grown at low altitudes. Therefore, Argentinian winegrowers should grow the Malbec grape at low elevations.\n\nWhich of the following, if true, would most weaken the conclusion of the argument?'
37.7280 	EXP 	choiceA: text = '(A)The Bordeaux grape is the most popular grape in France, but is rarely, if ever, grown in Argentina.'
37.7280 	EXP 	choiceB: text = '(B)Some varietals are unable to grow at high altitudes. '
37.7280 	EXP 	choiceC: text = '(C)The soil at high altitudes is filled with nutrients that help the Malbec grape grow. '
37.7280 	EXP 	choiceD: text = '(D) The Malbec vine is susceptible to phylloxera, a plant louse that only growss at low altitudes. '
37.7280 	EXP 	choiceE: text = '(E)Malbec has recently enjoyed a surge in popularity, and can be found in many different countries. '
37.7280 	EXP 	TextQuestion: autoDraw = True
37.7280 	EXP 	choiceA: autoDraw = True
37.7280 	EXP 	choiceB: autoDraw = True
37.7280 	EXP 	choiceC: autoDraw = True
37.7280 	EXP 	choiceD: autoDraw = True
37.7280 	EXP 	choiceE: autoDraw = True
38.2980 	DATA 	Keypress: return
38.3095 	EXP 	conBlank: autoDraw = True
40.3648 	DATA 	Keypress: c
40.8115 	EXP 	conBlank: autoDraw = False
40.8149 	EXP 	Created sequence: random, trialTypes=1, nReps=0, seed=None
40.8151 	EXP 	New trial (rep=0, index=1): OrderedDict([('Rows', '005:0010'), ('rows3', 'REGULATE')])
40.8282 	EXP 	TextQuestion: autoDraw = False
40.8282 	EXP 	choiceA: autoDraw = False
40.8282 	EXP 	choiceB: autoDraw = False
40.8282 	EXP 	choiceC: autoDraw = False
40.8282 	EXP 	choiceD: autoDraw = False
40.8282 	EXP 	choiceE: autoDraw = False
40.8282 	EXP 	TextQuestion: autoDraw = False
40.8282 	EXP 	choiceA: autoDraw = False
40.8282 	EXP 	choiceB: autoDraw = False
40.8282 	EXP 	choiceC: autoDraw = False
40.8282 	EXP 	choiceD: autoDraw = False
40.8282 	EXP 	choiceE: autoDraw = False
40.8282 	EXP 	conBlank: autoDraw = False
40.8282 	EXP 	choiceA: autoDraw = False
40.8282 	EXP 	choiceB: autoDraw = False
40.8282 	EXP 	choiceC: autoDraw = False
40.8282 	EXP 	choiceD: autoDraw = False
40.8282 	EXP 	choiceE: autoDraw = False
40.8282 	EXP 	choiceA: color = 'white (named)'
40.8282 	EXP 	choiceB: color = 'white (named)'
40.8282 	EXP 	choiceC: color = 'white (named)'
40.8282 	EXP 	choiceD: color = 'white (named)'
40.8282 	EXP 	choiceE: color = 'white (named)'
40.8282 	EXP 	isi: autoDraw = True
41.0143 	DATA 	Keypress: return
41.9146 	DATA 	Keypress: escape
43.3342 	EXP 	isi: autoDraw = False
43.3342 	EXP 	isi: autoDraw = False
43.3342 	EXP 	regCue: text = 'REGULATE'
43.3342 	EXP 	regCue: autoDraw = True
43.8499 	DATA 	Keypress: escape
43.9171 	EXP 	window1: mouseVisible = True
