15.8328 	WARNING 	User requested fullscreen with size [1024  768], but screen is actually [1920, 1200]. Using actual size
17.2337 	EXP 	Created window1 = Window(allowGUI=False, allowStencil=False, args=UNKNOWN, autoLog=True, bitsMode=UNKNOWN, blendMode='avg', color=array([0., 0., 0.]), colorSpace='rgb', fullscr=<method-wrapper '__getattribute__' of attributeSetter object at 0x000002520E0FDE48>, gamma=None, gammaErrorPolicy='raise', kwargs=UNKNOWN, lms=UNKNOWN, monitor=<psychopy.monitors.calibTools.Monitor object at 0x000002520E04F668>, multiSample=False, name='window1', numSamples=2, pos=[0.0, 0.0], screen=0, size=array([1920, 1200]), stereo=False, units='height', useFBO=True, useRetina=False, viewOri=0.0, viewPos=None, viewScale=None, waitBlanking=True, winType='pyglet')
17.2337 	EXP 	window1: recordFrameIntervals = False
17.4002 	EXP 	window1: recordFrameIntervals = True
17.5837 	EXP 	window1: recordFrameIntervals = False
17.8021 	EXP 	Created instruct = TextStim(__class__=<class 'psychopy.visual.text.TextStim'>, alignHoriz='center', alignVert='center', antialias=True, autoLog=True, bold=False, color='white', colorSpace='named', contrast=1.0, depth=0.0, flipHoriz=False, flipVert=False, font='Arial', fontFiles=[], height=0.05, italic=False, languageStyle='LTR', name='instruct', opacity=1.0, ori=0, pos=array([0., 0.]), rgb=array([255., 255., 255.]), text=str(...), units='height', win=Window(...), wrapWidth=1.4)
17.8206 	EXP 	Created regCue = TextStim(__class__=<class 'psychopy.visual.text.TextStim'>, alignHoriz='center', alignVert='center', antialias=True, autoLog=True, bold=False, color='white', colorSpace='named', contrast=1.0, depth=0.0, flipHoriz=False, flipVert=False, font='Arial', fontFiles=[], height=0.1, italic=False, languageStyle='LTR', name='regCue', opacity=1.0, ori=0, pos=array([0., 0.]), rgb=array([255., 255., 255.]), text='REGULATE', units='height', win=Window(...), wrapWidth=1)
17.8373 	EXP 	Created choiceQ = TextStim(__class__=<class 'psychopy.visual.text.TextStim'>, alignHoriz='center', alignVert='center', antialias=True, autoLog=True, bold=False, color='white', colorSpace='named', contrast=1.0, depth=0.0, flipHoriz=False, flipVert=False, font='Arial', fontFiles=[], height=0.05, italic=False, languageStyle='LTR', name='choiceQ', opacity=1.0, ori=0, pos=array([0.  , 0.35]), rgb=array([255., 255., 255.]), text=str(...), units='height', win=Window(...), wrapWidth=1.4)
17.8526 	EXP 	Created testChoice = TextStim(__class__=<class 'psychopy.visual.text.TextStim'>, alignHoriz='center', alignVert='center', antialias=True, autoLog=True, bold=False, color='white', colorSpace='named', contrast=1.0, depth=-2.0, flipHoriz=False, flipVert=False, font='Arial', fontFiles=[], height=0.04, italic=False, languageStyle='LTR', name='testChoice', opacity=1.0, ori=0, pos=array([-0.41,  0.15]), rgb=array([255., 255., 255.]), text='Practice Standardized Test Questions', units='height', win=Window(...), wrapWidth=1)
17.8583 	EXP 	Created videogameChoice = TextStim(__class__=<class 'psychopy.visual.text.TextStim'>, alignHoriz='center', alignVert='center', antialias=True, autoLog=True, bold=False, color='white', colorSpace='named', contrast=1.0, depth=-3.0, flipHoriz=False, flipVert=False, font='Arial', fontFiles=[], height=0.04, italic=False, languageStyle='LTR', name='videogameChoice', opacity=1.0, ori=0, pos=array([0.41, 0.15]), rgb=array([255., 255., 255.]), text='Play a Videogame', units='height', win=Window(...), wrapWidth=1)
17.8720 	EXP 	Created gre = ImageStim(__class__=<class 'psychopy.visual.image.ImageStim'>, autoLog=True, color=array([1., 1., 1.]), colorSpace='rgb', contrast=1.0, depth=-4.0, flipHoriz=False, flipVert=False, image='gre.png', interpolate=True, mask=None, maskParams=None, name='gre', opacity=1.0, ori=0.0, pos=array([-0.41,  0.02]), size=array([0.3  , 0.105]), texRes=128, units='height', win=Window(...))
17.8812 	EXP 	Created gmat = ImageStim(__class__=<class 'psychopy.visual.image.ImageStim'>, autoLog=True, color=array([1., 1., 1.]), colorSpace='rgb', contrast=1.0, depth=-5.0, flipHoriz=False, flipVert=False, image='gmat.png', interpolate=True, mask=None, maskParams=None, name='gmat', opacity=1.0, ori=0.0, pos=array([-0.41, -0.13]), size=array([0.3 , 0.11]), texRes=128, units='height', win=Window(...))
17.8829 	EXP 	Created lsat = ImageStim(__class__=<class 'psychopy.visual.image.ImageStim'>, autoLog=True, color=array([1., 1., 1.]), colorSpace='rgb', contrast=1.0, depth=-6.0, flipHoriz=False, flipVert=False, image='lsat.png', interpolate=True, mask=None, maskParams=None, name='lsat', opacity=1.0, ori=0.0, pos=array([-0.41, -0.27]), size=array([0.3 , 0.11]), texRes=128, units='height', win=Window(...))
17.8945 	EXP 	Created mcat = ImageStim(__class__=<class 'psychopy.visual.image.ImageStim'>, autoLog=True, color=array([1., 1., 1.]), colorSpace='rgb', contrast=1.0, depth=-7.0, flipHoriz=False, flipVert=False, image='mcat.png', interpolate=True, mask=None, maskParams=None, name='mcat', opacity=1.0, ori=0.0, pos=array([-0.41, -0.41]), size=array([0.3 , 0.11]), texRes=128, units='height', win=Window(...))
17.9351 	EXP 	Created game = ImageStim(__class__=<class 'psychopy.visual.image.ImageStim'>, autoLog=True, color=array([1., 1., 1.]), colorSpace='rgb', contrast=1.0, depth=-8.0, flipHoriz=False, flipVert=False, image='game.png', interpolate=True, mask=None, maskParams=None, name='game', opacity=1.0, ori=0.0, pos=array([ 0.41, -0.19]), size=array([0.4, 0.5]), texRes=128, units='height', win=Window(...))
17.9356 	EXP 	Created blank = TextStim(__class__=<class 'psychopy.visual.text.TextStim'>, alignHoriz='center', alignVert='center', antialias=True, autoLog=True, bold=False, color='white', colorSpace='named', contrast=1.0, depth=-10.0, flipHoriz=False, flipVert=False, font='Arial', fontFiles=[], height=0.1, italic=False, languageStyle='LTR', name='blank', opacity=1.0, ori=0, pos=array([0., 0.]), rgb=array([255., 255., 255.]), text='', units='height', win=Window(...), wrapWidth=1)
17.9680 	EXP 	Created testQChoice = TextStim(__class__=<class 'psychopy.visual.text.TextStim'>, alignHoriz='center', alignVert='center', antialias=True, autoLog=True, bold=False, color='white', colorSpace='named', contrast=1.0, depth=0.0, flipHoriz=False, flipVert=False, font='Arial', fontFiles=[], height=0.055, italic=False, languageStyle='LTR', name='testQChoice', opacity=1.0, ori=0, pos=array([0.  , 0.35]), rgb=array([255., 255., 255.]), text=str(...), units='height', win=Window(...), wrapWidth=1.3)
17.9767 	EXP 	Created image = ImageStim(__class__=<class 'psychopy.visual.image.ImageStim'>, autoLog=True, color=array([1., 1., 1.]), colorSpace='rgb', contrast=1.0, depth=-1.0, flipHoriz=False, flipVert=False, image='gre.png', interpolate=True, mask=None, maskParams=None, name='image', opacity=1.0, ori=0.0, pos=array([0.   , 0.105]), size=array([0.3 , 0.11]), texRes=128, units='height', win=Window(...))
17.9822 	EXP 	Created image_2 = ImageStim(__class__=<class 'psychopy.visual.image.ImageStim'>, autoLog=True, color=array([1., 1., 1.]), colorSpace='rgb', contrast=1.0, depth=-2.0, flipHoriz=False, flipVert=False, image='gmat.png', interpolate=True, mask=None, maskParams=None, name='image_2', opacity=1.0, ori=0.0, pos=array([ 0.  , -0.05]), size=array([0.3 , 0.11]), texRes=128, units='height', win=Window(...))
17.9837 	EXP 	Created image_3 = ImageStim(__class__=<class 'psychopy.visual.image.ImageStim'>, autoLog=True, color=array([1., 1., 1.]), colorSpace='rgb', contrast=1.0, depth=-3.0, flipHoriz=False, flipVert=False, image='lsat.png', interpolate=True, mask=None, maskParams=None, name='image_3', opacity=1.0, ori=0.0, pos=array([ 0. , -0.2]), size=array([0.3 , 0.11]), texRes=128, units='height', win=Window(...))
17.9854 	EXP 	Created polygon = Rect(__class__=<class 'psychopy.visual.rect.Rect'>, autoDraw=False, autoLog=True, closeShape=True, color=method-wrapper(...), colorSpace=None, contrast=1.0, depth=-5.0, fillColor=None, fillColorSpace='rgb', fillRGB=None, interpolate=True, lineColor=array([-1., -1., -1.]), lineColorSpace='rgb', lineRGB=array([-1., -1., -1.]), lineWidth=1.0, name='polygon', opacity=1.0, ori=array(1.), pos=array([0., 0.]), size=array([1., 1.]), units='height', vertices=ndarray(...), win=Window(...))
18.0001 	EXP 	Created TextQuestion = TextStim(__class__=<class 'psychopy.visual.text.TextStim'>, alignHoriz='center', alignVert='center', antialias=True, autoLog=True, bold=False, color='white', colorSpace='named', contrast=1.0, depth=0.0, flipHoriz=False, flipVert=False, font='Arial', fontFiles=[], height=0.045, italic=False, languageStyle='LTR', name='TextQuestion', opacity=1.0, ori=0, pos=array([0.  , 0.45]), rgb=array([255., 255., 255.]), text='default text', units='height', win=Window(...), wrapWidth=1.45)
18.0033 	EXP 	Created choiceA = TextStim(__class__=<class 'psychopy.visual.text.TextStim'>, alignHoriz='center', alignVert='center', antialias=True, autoLog=True, bold=False, color='white', colorSpace='named', contrast=1.0, depth=-3.0, flipHoriz=False, flipVert=False, font='Arial', fontFiles=[], height=0.045, italic=False, languageStyle='LTR', name='choiceA', opacity=1.0, ori=0, pos=array([0., 0.]), rgb=array([255., 255., 255.]), text='default text', units='height', win=Window(...), wrapWidth=1)
18.0063 	EXP 	Created choiceB = TextStim(__class__=<class 'psychopy.visual.text.TextStim'>, alignHoriz='center', alignVert='center', antialias=True, autoLog=True, bold=False, color='white', colorSpace='named', contrast=1.0, depth=-4.0, flipHoriz=False, flipVert=False, font='Arial', fontFiles=[], height=0.045, italic=False, languageStyle='LTR', name='choiceB', opacity=1.0, ori=0, pos=array([0., 0.]), rgb=array([255., 255., 255.]), text='default text', units='height', win=Window(...), wrapWidth=1)
18.0092 	EXP 	Created choiceC = TextStim(__class__=<class 'psychopy.visual.text.TextStim'>, alignHoriz='center', alignVert='center', antialias=True, autoLog=True, bold=False, color='white', colorSpace='named', contrast=1.0, depth=-5.0, flipHoriz=False, flipVert=False, font='Arial', fontFiles=[], height=0.045, italic=False, languageStyle='LTR', name='choiceC', opacity=1.0, ori=0, pos=array([0., 0.]), rgb=array([255., 255., 255.]), text='default text', units='height', win=Window(...), wrapWidth=1)
18.0123 	EXP 	Created choiceD = TextStim(__class__=<class 'psychopy.visual.text.TextStim'>, alignHoriz='center', alignVert='center', antialias=True, autoLog=True, bold=False, color='white', colorSpace='named', contrast=1.0, depth=-6.0, flipHoriz=False, flipVert=False, font='Arial', fontFiles=[], height=0.045, italic=False, languageStyle='LTR', name='choiceD', opacity=1.0, ori=0, pos=array([0., 0.]), rgb=array([255., 255., 255.]), text='default text', units='height', win=Window(...), wrapWidth=1)
18.0264 	EXP 	Created choiceE = TextStim(__class__=<class 'psychopy.visual.text.TextStim'>, alignHoriz='center', alignVert='center', antialias=True, autoLog=True, bold=False, color='white', colorSpace='named', contrast=1.0, depth=-7.0, flipHoriz=False, flipVert=False, font='Arial', fontFiles=[], height=0.1, italic=False, languageStyle='LTR', name='choiceE', opacity=1.0, ori=0, pos=array([0., 0.]), rgb=array([255., 255., 255.]), text='default text', units='height', win=Window(...), wrapWidth=1)
18.1003 	EXP 	Created text = TextStim(__class__=<class 'psychopy.visual.text.TextStim'>, alignHoriz='center', alignVert='center', antialias=True, autoLog=True, bold=False, color='white', colorSpace='named', contrast=1.0, depth=0.0, flipHoriz=False, flipVert=False, font='Arial', fontFiles=[], height=0.07, italic=False, languageStyle='LTR', name='text', opacity=1.0, ori=0, pos=array([0., 0.]), rgb=array([255., 255., 255.]), text=str(...), units='height', win=Window(...), wrapWidth=1)
18.1299 	EXP 	instruct: autoDraw = True
22.2918 	EXP 	Created sequence: random, trialTypes=1, nReps=5, seed=None
22.2920 	EXP 	New trial (rep=0, index=0): None
22.2975 	DATA 	Keypress: space
22.3043 	EXP 	instruct: autoDraw = False
22.3043 	EXP 	regCue: autoDraw = True
25.3548 	EXP 	regCue: autoDraw = False
25.3548 	EXP 	regCue: autoDraw = False
25.3548 	EXP 	blank: text = ''
25.3548 	EXP 	choiceQ: autoDraw = True
25.3548 	EXP 	testChoice: autoDraw = True
25.3548 	EXP 	videogameChoice: autoDraw = True
25.3548 	EXP 	gre: autoDraw = True
25.3548 	EXP 	gmat: autoDraw = True
25.3548 	EXP 	lsat: autoDraw = True
25.3548 	EXP 	mcat: autoDraw = True
25.3548 	EXP 	game: autoDraw = True
34.5359 	DATA 	Keypress: num_1
36.0361 	DATA 	Keypress: 1
36.0487 	EXP 	testChoice: color = 'green (named)'
36.0487 	EXP 	blank: autoDraw = True
36.0653 	EXP 	testChoice: color = 'green (named)'
36.0817 	EXP 	testChoice: color = 'green (named)'
36.0986 	EXP 	testChoice: color = 'green (named)'
36.1153 	EXP 	testChoice: color = 'green (named)'
36.1318 	EXP 	testChoice: color = 'green (named)'
36.1487 	EXP 	testChoice: color = 'green (named)'
36.1653 	EXP 	testChoice: color = 'green (named)'
36.1820 	EXP 	testChoice: color = 'green (named)'
36.1984 	EXP 	testChoice: color = 'green (named)'
36.2154 	EXP 	testChoice: color = 'green (named)'
36.2320 	EXP 	testChoice: color = 'green (named)'
36.2487 	EXP 	testChoice: color = 'green (named)'
36.2654 	EXP 	testChoice: color = 'green (named)'
36.2820 	EXP 	testChoice: color = 'green (named)'
36.2987 	EXP 	testChoice: color = 'green (named)'
36.3157 	EXP 	testChoice: color = 'green (named)'
36.3320 	EXP 	testChoice: color = 'green (named)'
36.3487 	EXP 	testChoice: color = 'green (named)'
36.3655 	EXP 	testChoice: color = 'green (named)'
36.3821 	EXP 	testChoice: color = 'green (named)'
36.3988 	EXP 	testChoice: color = 'green (named)'
36.4154 	EXP 	testChoice: color = 'green (named)'
36.4322 	EXP 	testChoice: color = 'green (named)'
36.4488 	EXP 	testChoice: color = 'green (named)'
36.4652 	EXP 	testChoice: color = 'green (named)'
36.4820 	EXP 	testChoice: color = 'green (named)'
36.4986 	EXP 	testChoice: color = 'green (named)'
36.5153 	EXP 	testChoice: color = 'green (named)'
36.5324 	EXP 	testChoice: color = 'green (named)'
36.5490 	EXP 	testChoice: color = 'green (named)'
36.5655 	EXP 	testChoice: color = 'green (named)'
36.5823 	EXP 	testChoice: color = 'green (named)'
36.5994 	EXP 	testChoice: color = 'green (named)'
36.6158 	EXP 	testChoice: color = 'green (named)'
36.6323 	EXP 	testChoice: color = 'green (named)'
36.6491 	EXP 	testChoice: color = 'green (named)'
36.6521 	DATA 	Keypress: 2
36.6657 	EXP 	testChoice: color = 'green (named)'
36.6822 	EXP 	testChoice: color = 'green (named)'
36.6991 	EXP 	testChoice: color = 'green (named)'
36.7158 	EXP 	testChoice: color = 'green (named)'
36.7323 	EXP 	testChoice: color = 'green (named)'
36.7490 	EXP 	testChoice: color = 'green (named)'
36.7659 	EXP 	testChoice: color = 'green (named)'
36.7823 	EXP 	testChoice: color = 'green (named)'
36.7993 	EXP 	testChoice: color = 'green (named)'
36.8159 	EXP 	testChoice: color = 'green (named)'
36.8325 	EXP 	testChoice: color = 'green (named)'
36.8493 	EXP 	testChoice: color = 'green (named)'
36.8659 	EXP 	testChoice: color = 'green (named)'
36.8826 	EXP 	testChoice: color = 'green (named)'
36.8994 	EXP 	testChoice: color = 'green (named)'
36.9159 	EXP 	testChoice: color = 'green (named)'
36.9325 	EXP 	testChoice: color = 'green (named)'
36.9493 	EXP 	testChoice: color = 'green (named)'
36.9660 	EXP 	testChoice: color = 'green (named)'
36.9825 	EXP 	testChoice: color = 'green (named)'
36.9994 	EXP 	testChoice: color = 'green (named)'
37.0160 	EXP 	testChoice: color = 'green (named)'
37.0327 	EXP 	testChoice: color = 'green (named)'
37.0495 	EXP 	testChoice: color = 'green (named)'
37.0661 	EXP 	testChoice: color = 'green (named)'
37.0825 	EXP 	testChoice: color = 'green (named)'
37.0995 	EXP 	testChoice: color = 'green (named)'
37.1162 	EXP 	testChoice: color = 'green (named)'
37.1328 	EXP 	testChoice: color = 'green (named)'
37.1496 	EXP 	testChoice: color = 'green (named)'
37.1664 	EXP 	testChoice: color = 'green (named)'
37.1694 	DATA 	Keypress: 1
37.1828 	EXP 	testChoice: color = 'green (named)'
37.1994 	EXP 	testChoice: color = 'green (named)'
37.2162 	EXP 	testChoice: color = 'green (named)'
37.2328 	EXP 	testChoice: color = 'green (named)'
37.2494 	EXP 	testChoice: color = 'green (named)'
37.2662 	EXP 	testChoice: color = 'green (named)'
37.2829 	EXP 	testChoice: color = 'green (named)'
37.2996 	EXP 	testChoice: color = 'green (named)'
37.3026 	DATA 	Keypress: 2
37.3161 	EXP 	testChoice: color = 'green (named)'
37.3329 	EXP 	testChoice: color = 'green (named)'
37.3496 	EXP 	testChoice: color = 'green (named)'
37.3662 	EXP 	testChoice: color = 'green (named)'
37.3830 	EXP 	testChoice: color = 'green (named)'
37.3996 	EXP 	testChoice: color = 'green (named)'
37.4163 	EXP 	testChoice: color = 'green (named)'
37.4330 	EXP 	testChoice: color = 'green (named)'
37.4496 	EXP 	testChoice: color = 'green (named)'
37.4664 	EXP 	testChoice: color = 'green (named)'
37.4694 	DATA 	Keypress: 3
37.4831 	EXP 	testChoice: color = 'green (named)'
37.4998 	EXP 	testChoice: color = 'green (named)'
37.5165 	EXP 	testChoice: color = 'green (named)'
37.5331 	EXP 	testChoice: color = 'green (named)'
37.5498 	EXP 	testChoice: color = 'green (named)'
37.5498 	EXP 	blank: autoDraw = False
37.5534 	EXP 	Created sequence: random, trialTypes=1, nReps=1, seed=None
37.5535 	EXP 	New trial (rep=0, index=0): None
37.5669 	EXP 	choiceQ: autoDraw = False
37.5669 	EXP 	testChoice: autoDraw = False
37.5669 	EXP 	videogameChoice: autoDraw = False
37.5669 	EXP 	gre: autoDraw = False
37.5669 	EXP 	gmat: autoDraw = False
37.5669 	EXP 	lsat: autoDraw = False
37.5669 	EXP 	mcat: autoDraw = False
37.5669 	EXP 	game: autoDraw = False
37.5669 	EXP 	testChoice: color = 'green (named)'
37.5669 	EXP 	choiceQ: autoDraw = False
37.5669 	EXP 	testChoice: autoDraw = False
37.5669 	EXP 	videogameChoice: autoDraw = False
37.5669 	EXP 	gre: autoDraw = False
37.5669 	EXP 	gmat: autoDraw = False
37.5669 	EXP 	lsat: autoDraw = False
37.5669 	EXP 	mcat: autoDraw = False
37.5669 	EXP 	game: autoDraw = False
37.5669 	EXP 	blank: autoDraw = False
37.5669 	EXP 	videogameChoice: color = 'white (named)'
37.5669 	EXP 	testChoice: color = 'white (named)'
37.5669 	EXP 	choiceQ: autoDraw = False
37.5669 	EXP 	testChoice: autoDraw = False
37.5669 	EXP 	videogameChoice: autoDraw = False
37.5669 	EXP 	gre: autoDraw = False
37.5669 	EXP 	gmat: autoDraw = False
37.5669 	EXP 	lsat: autoDraw = False
37.5669 	EXP 	mcat: autoDraw = False
37.5669 	EXP 	polygon: opacity = 1.0
37.5669 	EXP 	polygon: size = array([0.32, 0.13])
37.5669 	EXP 	polygon: ori = 0.0
37.5669 	EXP 	polygon: lineWidth = 8.0
37.5669 	EXP 	testQChoice: autoDraw = True
37.5669 	EXP 	image: autoDraw = True
37.5669 	EXP 	image_2: autoDraw = True
37.5669 	EXP 	image_3: autoDraw = True
41.7426 	DATA 	Keypress: escape
41.8522 	EXP 	window1: mouseVisible = True
