4.9088 	WARNING 	User requested fullscreen with size [1024  768], but screen is actually [1920, 1200]. Using actual size
5.6871 	EXP 	Created window1 = Window(allowGUI=False, allowStencil=False, args=UNKNOWN, autoLog=True, bitsMode=UNKNOWN, blendMode='avg', color=array([0., 0., 0.]), colorSpace='rgb', fullscr=<method-wrapper '__getattribute__' of attributeSetter object at 0x000001B292691F28>, gamma=None, gammaErrorPolicy='raise', kwargs=UNKNOWN, lms=UNKNOWN, monitor=<psychopy.monitors.calibTools.Monitor object at 0x000001B2927E8748>, multiSample=False, name='window1', numSamples=2, pos=[0.0, 0.0], screen=0, size=array([1920, 1200]), stereo=False, units='height', useFBO=True, useRetina=False, viewOri=0.0, viewPos=None, viewScale=None, waitBlanking=True, winType='pyglet')
5.6872 	EXP 	window1: recordFrameIntervals = False
5.8529 	EXP 	window1: recordFrameIntervals = True
6.0364 	EXP 	window1: recordFrameIntervals = False
6.2398 	EXP 	Created instruct = TextStim(__class__=<class 'psychopy.visual.text.TextStim'>, alignHoriz='center', alignVert='center', antialias=True, autoLog=True, bold=False, color='white', colorSpace='named', contrast=1.0, depth=0.0, flipHoriz=False, flipVert=False, font='Arial', fontFiles=[], height=0.05, italic=False, languageStyle='LTR', name='instruct', opacity=1.0, ori=0, pos=array([0., 0.]), rgb=array([255., 255., 255.]), text=str(...), units='height', win=Window(...), wrapWidth=1.4)
6.2482 	EXP 	Created isi = TextStim(__class__=<class 'psychopy.visual.text.TextStim'>, alignHoriz='center', alignVert='center', antialias=True, autoLog=True, bold=False, color='white', colorSpace='named', contrast=1.0, depth=0.0, flipHoriz=False, flipVert=False, font='Arial', fontFiles=[], height=0.1, italic=False, languageStyle='LTR', name='isi', opacity=1.0, ori=0, pos=array([0., 0.]), rgb=array([255., 255., 255.]), text='+', units='height', win=Window(...), wrapWidth=1)
6.2632 	EXP 	Created regCue = TextStim(__class__=<class 'psychopy.visual.text.TextStim'>, alignHoriz='center', alignVert='center', antialias=True, autoLog=True, bold=False, color='white', colorSpace='named', contrast=1.0, depth=0.0, flipHoriz=False, flipVert=False, font='Arial', fontFiles=[], height=0.1, italic=False, languageStyle='LTR', name='regCue', opacity=1.0, ori=0, pos=array([0., 0.]), rgb=array([255., 255., 255.]), text='default text', units='height', win=Window(...), wrapWidth=1)
6.2648 	EXP 	Created isi = TextStim(__class__=<class 'psychopy.visual.text.TextStim'>, alignHoriz='center', alignVert='center', antialias=True, autoLog=True, bold=False, color='white', colorSpace='named', contrast=1.0, depth=0.0, flipHoriz=False, flipVert=False, font='Arial', fontFiles=[], height=0.1, italic=False, languageStyle='LTR', name='isi', opacity=1.0, ori=0, pos=array([0., 0.]), rgb=array([255., 255., 255.]), text='+', units='height', win=Window(...), wrapWidth=1)
6.2812 	EXP 	Created choiceQ = TextStim(__class__=<class 'psychopy.visual.text.TextStim'>, alignHoriz='center', alignVert='center', antialias=True, autoLog=True, bold=False, color='white', colorSpace='named', contrast=1.0, depth=0.0, flipHoriz=False, flipVert=False, font='Arial', fontFiles=[], height=0.05, italic=False, languageStyle='LTR', name='choiceQ', opacity=1.0, ori=0, pos=array([0.  , 0.35]), rgb=array([255., 255., 255.]), text=str(...), units='height', win=Window(...), wrapWidth=1.4)
6.2956 	EXP 	Created testChoice = TextStim(__class__=<class 'psychopy.visual.text.TextStim'>, alignHoriz='center', alignVert='center', antialias=True, autoLog=True, bold=False, color='white', colorSpace='named', contrast=1.0, depth=-2.0, flipHoriz=False, flipVert=False, font='Arial', fontFiles=[], height=0.04, italic=False, languageStyle='LTR', name='testChoice', opacity=1.0, ori=0, pos=array([-0.41,  0.15]), rgb=array([255., 255., 255.]), text='Practice Standardized Test Questions', units='height', win=Window(...), wrapWidth=1)
6.3016 	EXP 	Created videogameChoice = TextStim(__class__=<class 'psychopy.visual.text.TextStim'>, alignHoriz='center', alignVert='center', antialias=True, autoLog=True, bold=False, color='white', colorSpace='named', contrast=1.0, depth=-3.0, flipHoriz=False, flipVert=False, font='Arial', fontFiles=[], height=0.04, italic=False, languageStyle='LTR', name='videogameChoice', opacity=1.0, ori=0, pos=array([0.41, 0.15]), rgb=array([255., 255., 255.]), text='Play a Videogame', units='height', win=Window(...), wrapWidth=1)
6.3060 	EXP 	Created gre = ImageStim(__class__=<class 'psychopy.visual.image.ImageStim'>, autoLog=True, color=array([1., 1., 1.]), colorSpace='rgb', contrast=1.0, depth=-4.0, flipHoriz=False, flipVert=False, image='gre.png', interpolate=True, mask=None, maskParams=None, name='gre', opacity=1.0, ori=0.0, pos=array([-0.41,  0.02]), size=array([0.3  , 0.105]), texRes=128, units='height', win=Window(...))
6.3091 	EXP 	Created gmat = ImageStim(__class__=<class 'psychopy.visual.image.ImageStim'>, autoLog=True, color=array([1., 1., 1.]), colorSpace='rgb', contrast=1.0, depth=-5.0, flipHoriz=False, flipVert=False, image='gmat.png', interpolate=True, mask=None, maskParams=None, name='gmat', opacity=1.0, ori=0.0, pos=array([-0.41, -0.13]), size=array([0.3 , 0.11]), texRes=128, units='height', win=Window(...))
6.3107 	EXP 	Created lsat = ImageStim(__class__=<class 'psychopy.visual.image.ImageStim'>, autoLog=True, color=array([1., 1., 1.]), colorSpace='rgb', contrast=1.0, depth=-6.0, flipHoriz=False, flipVert=False, image='lsat.png', interpolate=True, mask=None, maskParams=None, name='lsat', opacity=1.0, ori=0.0, pos=array([-0.41, -0.27]), size=array([0.3 , 0.11]), texRes=128, units='height', win=Window(...))
6.3220 	EXP 	Created game = ImageStim(__class__=<class 'psychopy.visual.image.ImageStim'>, autoLog=True, color=array([1., 1., 1.]), colorSpace='rgb', contrast=1.0, depth=-7.0, flipHoriz=False, flipVert=False, image='game.png', interpolate=True, mask=None, maskParams=None, name='game', opacity=1.0, ori=0.0, pos=array([ 0.41, -0.19]), size=array([0.4, 0.5]), texRes=128, units='height', win=Window(...))
6.3224 	EXP 	Created blank = TextStim(__class__=<class 'psychopy.visual.text.TextStim'>, alignHoriz='center', alignVert='center', antialias=True, autoLog=True, bold=False, color='white', colorSpace='named', contrast=1.0, depth=-9.0, flipHoriz=False, flipVert=False, font='Arial', fontFiles=[], height=0.1, italic=False, languageStyle='LTR', name='blank', opacity=1.0, ori=0, pos=array([0., 0.]), rgb=array([255., 255., 255.]), text='', units='height', win=Window(...), wrapWidth=1)
6.3570 	EXP 	Created testQChoice = TextStim(__class__=<class 'psychopy.visual.text.TextStim'>, alignHoriz='center', alignVert='center', antialias=True, autoLog=True, bold=False, color='white', colorSpace='named', contrast=1.0, depth=0.0, flipHoriz=False, flipVert=False, font='Arial', fontFiles=[], height=0.055, italic=False, languageStyle='LTR', name='testQChoice', opacity=1.0, ori=0, pos=array([0.  , 0.35]), rgb=array([255., 255., 255.]), text=str(...), units='height', win=Window(...), wrapWidth=1.3)
6.3606 	EXP 	Created image = ImageStim(__class__=<class 'psychopy.visual.image.ImageStim'>, autoLog=True, color=array([1., 1., 1.]), colorSpace='rgb', contrast=1.0, depth=-1.0, flipHoriz=False, flipVert=False, image='gre.png', interpolate=True, mask=None, maskParams=None, name='image', opacity=1.0, ori=0.0, pos=array([0.   , 0.105]), size=array([0.3 , 0.11]), texRes=128, units='height', win=Window(...))
6.3632 	EXP 	Created image_2 = ImageStim(__class__=<class 'psychopy.visual.image.ImageStim'>, autoLog=True, color=array([1., 1., 1.]), colorSpace='rgb', contrast=1.0, depth=-2.0, flipHoriz=False, flipVert=False, image='gmat.png', interpolate=True, mask=None, maskParams=None, name='image_2', opacity=1.0, ori=0.0, pos=array([ 0.  , -0.05]), size=array([0.3 , 0.11]), texRes=128, units='height', win=Window(...))
6.3655 	EXP 	Created image_3 = ImageStim(__class__=<class 'psychopy.visual.image.ImageStim'>, autoLog=True, color=array([1., 1., 1.]), colorSpace='rgb', contrast=1.0, depth=-3.0, flipHoriz=False, flipVert=False, image='lsat.png', interpolate=True, mask=None, maskParams=None, name='image_3', opacity=1.0, ori=0.0, pos=array([ 0. , -0.2]), size=array([0.3 , 0.11]), texRes=128, units='height', win=Window(...))
6.3672 	EXP 	Created polygon = Rect(__class__=<class 'psychopy.visual.rect.Rect'>, autoDraw=False, autoLog=True, closeShape=True, color=method-wrapper(...), colorSpace=None, contrast=1.0, depth=-5.0, fillColor=None, fillColorSpace='rgb', fillRGB=None, interpolate=True, lineColor=array([-1., -1., -1.]), lineColorSpace='rgb', lineRGB=array([-1., -1., -1.]), lineWidth=1.0, name='polygon', opacity=1.0, ori=array(1.), pos=array([0., 0.]), size=array([1., 1.]), units='height', vertices=ndarray(...), win=Window(...))
6.4288 	EXP 	Created text = TextStim(__class__=<class 'psychopy.visual.text.TextStim'>, alignHoriz='center', alignVert='center', antialias=True, autoLog=True, bold=False, color='white', colorSpace='named', contrast=1.0, depth=0.0, flipHoriz=False, flipVert=False, font='Arial', fontFiles=[], height=0.07, italic=False, languageStyle='LTR', name='text', opacity=1.0, ori=0, pos=array([0., 0.]), rgb=array([255., 255., 255.]), text=str(...), units='height', win=Window(...), wrapWidth=1.4)
6.4377 	EXP 	Created TextQuestion = TextStim(__class__=<class 'psychopy.visual.text.TextStim'>, alignHoriz='center', alignVert='center', antialias=True, autoLog=True, bold=False, color='white', colorSpace='named', contrast=1.0, depth=0.0, flipHoriz=False, flipVert=False, font='Arial', fontFiles=[], height=0.028, italic=False, languageStyle='LTR', name='TextQuestion', opacity=1.0, ori=0, pos=array([0.  , 0.35]), rgb=array([255., 255., 255.]), text='default text', units='height', win=Window(...), wrapWidth=1.45)
6.4455 	EXP 	Created choiceA = TextStim(__class__=<class 'psychopy.visual.text.TextStim'>, alignHoriz='center', alignVert='center', antialias=True, autoLog=True, bold=False, color='white', colorSpace='named', contrast=1.0, depth=-3.0, flipHoriz=False, flipVert=False, font='Arial', fontFiles=[], height=0.026, italic=False, languageStyle='LTR', name='choiceA', opacity=1.0, ori=0, pos=array([0., 0.]), rgb=array([255., 255., 255.]), text='default text', units='height', win=Window(...), wrapWidth=1.4)
6.4489 	EXP 	Created choiceB = TextStim(__class__=<class 'psychopy.visual.text.TextStim'>, alignHoriz='center', alignVert='center', antialias=True, autoLog=True, bold=False, color='white', colorSpace='named', contrast=1.0, depth=-4.0, flipHoriz=False, flipVert=False, font='Arial', fontFiles=[], height=0.026, italic=False, languageStyle='LTR', name='choiceB', opacity=1.0, ori=0, pos=array([ 0. , -0.1]), rgb=array([255., 255., 255.]), text='default text', units='height', win=Window(...), wrapWidth=1.4)
6.4520 	EXP 	Created choiceC = TextStim(__class__=<class 'psychopy.visual.text.TextStim'>, alignHoriz='center', alignVert='center', antialias=True, autoLog=True, bold=False, color='white', colorSpace='named', contrast=1.0, depth=-5.0, flipHoriz=False, flipVert=False, font='Arial', fontFiles=[], height=0.026, italic=False, languageStyle='LTR', name='choiceC', opacity=1.0, ori=0, pos=array([ 0. , -0.2]), rgb=array([255., 255., 255.]), text='default text', units='height', win=Window(...), wrapWidth=1.4)
6.4551 	EXP 	Created choiceD = TextStim(__class__=<class 'psychopy.visual.text.TextStim'>, alignHoriz='center', alignVert='center', antialias=True, autoLog=True, bold=False, color='white', colorSpace='named', contrast=1.0, depth=-6.0, flipHoriz=False, flipVert=False, font='Arial', fontFiles=[], height=0.026, italic=False, languageStyle='LTR', name='choiceD', opacity=1.0, ori=0, pos=array([ 0. , -0.3]), rgb=array([255., 255., 255.]), text='default text', units='height', win=Window(...), wrapWidth=1.4)
6.4582 	EXP 	Created choiceE = TextStim(__class__=<class 'psychopy.visual.text.TextStim'>, alignHoriz='center', alignVert='center', antialias=True, autoLog=True, bold=False, color='white', colorSpace='named', contrast=1.0, depth=-7.0, flipHoriz=False, flipVert=False, font='Arial', fontFiles=[], height=0.026, italic=False, languageStyle='LTR', name='choiceE', opacity=1.0, ori=0, pos=array([ 0. , -0.4]), rgb=array([255., 255., 255.]), text='default text', units='height', win=Window(...), wrapWidth=1.4)
6.4585 	EXP 	Created conBlank = TextStim(__class__=<class 'psychopy.visual.text.TextStim'>, alignHoriz='center', alignVert='center', antialias=True, autoLog=True, bold=False, color='white', colorSpace='named', contrast=1.0, depth=-9.0, flipHoriz=False, flipVert=False, font='Arial', fontFiles=[], height=0.1, italic=False, languageStyle='LTR', name='conBlank', opacity=1.0, ori=0, pos=array([0., 0.]), rgb=array([255., 255., 255.]), text='', units='height', win=Window(...), wrapWidth=1)
6.5104 	EXP 	Created gameInstructions = TextStim(__class__=<class 'psychopy.visual.text.TextStim'>, alignHoriz='center', alignVert='center', antialias=True, autoLog=True, bold=False, color='white', colorSpace='named', contrast=1.0, depth=0.0, flipHoriz=False, flipVert=False, font='Arial', fontFiles=[], height=0.07, italic=False, languageStyle='LTR', name='gameInstructions', opacity=1.0, ori=0, pos=array([0., 0.]), rgb=array([255., 255., 255.]), text=str(...), units='height', win=Window(...), wrapWidth=1)
6.5107 	EXP 	Created sequence: random, trialTypes=1, nReps=1, seed=None
6.5108 	EXP 	New trial (rep=0, index=0): None
6.5407 	EXP 	instruct: autoDraw = True
7.5159 	EXP 	Imported RowsExcel.xlsx as conditions, 5 conditions, 2 params
7.5162 	EXP 	Created sequence: sequential, trialTypes=5, nReps=1, seed=None
7.5164 	EXP 	New trial (rep=0, index=0): OrderedDict([('Rows', '000:005'), ('rows3', 'REACT')])
7.5187 	DATA 	Keypress: space
7.5225 	EXP 	instruct: autoDraw = False
7.5225 	EXP 	isi: autoDraw = True
10.0254 	EXP 	isi: autoDraw = False
10.0254 	EXP 	regCue: text = 'REACT'
10.0254 	EXP 	regCue: autoDraw = True
13.0089 	EXP 	regCue: autoDraw = False
13.0089 	EXP 	isi: autoDraw = True
15.5254 	EXP 	isi: autoDraw = False
15.5254 	EXP 	blank: text = ''
15.5254 	EXP 	choiceQ: autoDraw = True
15.5254 	EXP 	testChoice: autoDraw = True
15.5254 	EXP 	videogameChoice: autoDraw = True
15.5254 	EXP 	gre: autoDraw = True
15.5254 	EXP 	gmat: autoDraw = True
15.5254 	EXP 	lsat: autoDraw = True
15.5254 	EXP 	game: autoDraw = True
17.1838 	DATA 	Keypress: 1
17.1957 	EXP 	testChoice: color = 'green (named)'
17.1957 	EXP 	blank: autoDraw = True
17.2123 	EXP 	testChoice: color = 'green (named)'
17.2290 	EXP 	testChoice: color = 'green (named)'
17.2455 	EXP 	testChoice: color = 'green (named)'
17.2623 	EXP 	testChoice: color = 'green (named)'
17.2789 	EXP 	testChoice: color = 'green (named)'
17.2957 	EXP 	testChoice: color = 'green (named)'
17.3124 	EXP 	testChoice: color = 'green (named)'
17.3289 	EXP 	testChoice: color = 'green (named)'
17.3456 	EXP 	testChoice: color = 'green (named)'
17.3624 	EXP 	testChoice: color = 'green (named)'
17.3790 	EXP 	testChoice: color = 'green (named)'
17.3958 	EXP 	testChoice: color = 'green (named)'
17.4124 	EXP 	testChoice: color = 'green (named)'
17.4291 	EXP 	testChoice: color = 'green (named)'
17.4456 	EXP 	testChoice: color = 'green (named)'
17.4628 	EXP 	testChoice: color = 'green (named)'
17.4789 	EXP 	testChoice: color = 'green (named)'
17.4958 	EXP 	testChoice: color = 'green (named)'
17.5129 	EXP 	testChoice: color = 'green (named)'
17.5290 	EXP 	testChoice: color = 'green (named)'
17.5456 	EXP 	testChoice: color = 'green (named)'
17.5628 	EXP 	testChoice: color = 'green (named)'
17.5795 	EXP 	testChoice: color = 'green (named)'
17.5957 	EXP 	testChoice: color = 'green (named)'
17.6131 	EXP 	testChoice: color = 'green (named)'
17.6293 	EXP 	testChoice: color = 'green (named)'
17.6459 	EXP 	testChoice: color = 'green (named)'
17.6630 	EXP 	testChoice: color = 'green (named)'
17.6792 	EXP 	testChoice: color = 'green (named)'
17.6957 	EXP 	testChoice: color = 'green (named)'
17.7127 	EXP 	testChoice: color = 'green (named)'
17.7293 	EXP 	testChoice: color = 'green (named)'
17.7469 	EXP 	testChoice: color = 'green (named)'
17.7627 	EXP 	testChoice: color = 'green (named)'
17.7790 	EXP 	testChoice: color = 'green (named)'
17.7959 	EXP 	testChoice: color = 'green (named)'
17.8127 	EXP 	testChoice: color = 'green (named)'
17.8293 	EXP 	testChoice: color = 'green (named)'
17.8460 	EXP 	testChoice: color = 'green (named)'
17.8626 	EXP 	testChoice: color = 'green (named)'
17.8792 	EXP 	testChoice: color = 'green (named)'
17.8960 	EXP 	testChoice: color = 'green (named)'
17.9129 	EXP 	testChoice: color = 'green (named)'
17.9296 	EXP 	testChoice: color = 'green (named)'
17.9462 	EXP 	testChoice: color = 'green (named)'
17.9631 	EXP 	testChoice: color = 'green (named)'
17.9795 	EXP 	testChoice: color = 'green (named)'
17.9962 	EXP 	testChoice: color = 'green (named)'
18.0127 	EXP 	testChoice: color = 'green (named)'
18.0295 	EXP 	testChoice: color = 'green (named)'
18.0463 	EXP 	testChoice: color = 'green (named)'
18.0630 	EXP 	testChoice: color = 'green (named)'
18.0802 	EXP 	testChoice: color = 'green (named)'
18.0967 	EXP 	testChoice: color = 'green (named)'
18.1131 	EXP 	testChoice: color = 'green (named)'
18.1297 	EXP 	testChoice: color = 'green (named)'
18.1463 	EXP 	testChoice: color = 'green (named)'
18.1630 	EXP 	testChoice: color = 'green (named)'
18.1797 	EXP 	testChoice: color = 'green (named)'
18.1963 	EXP 	testChoice: color = 'green (named)'
18.2132 	EXP 	testChoice: color = 'green (named)'
18.2298 	EXP 	testChoice: color = 'green (named)'
18.2464 	EXP 	testChoice: color = 'green (named)'
18.2630 	EXP 	testChoice: color = 'green (named)'
18.2797 	EXP 	testChoice: color = 'green (named)'
18.2965 	EXP 	testChoice: color = 'green (named)'
18.3131 	EXP 	testChoice: color = 'green (named)'
18.3298 	EXP 	testChoice: color = 'green (named)'
18.3464 	EXP 	testChoice: color = 'green (named)'
18.3633 	EXP 	testChoice: color = 'green (named)'
18.3797 	EXP 	testChoice: color = 'green (named)'
18.3966 	EXP 	testChoice: color = 'green (named)'
18.4132 	EXP 	testChoice: color = 'green (named)'
18.4299 	EXP 	testChoice: color = 'green (named)'
18.4465 	EXP 	testChoice: color = 'green (named)'
18.4632 	EXP 	testChoice: color = 'green (named)'
18.4804 	EXP 	testChoice: color = 'green (named)'
18.4966 	EXP 	testChoice: color = 'green (named)'
18.5135 	EXP 	testChoice: color = 'green (named)'
18.5303 	EXP 	testChoice: color = 'green (named)'
18.5466 	EXP 	testChoice: color = 'green (named)'
18.5634 	EXP 	testChoice: color = 'green (named)'
18.5801 	EXP 	testChoice: color = 'green (named)'
18.5966 	EXP 	testChoice: color = 'green (named)'
18.6135 	EXP 	testChoice: color = 'green (named)'
18.6300 	EXP 	testChoice: color = 'green (named)'
18.6467 	EXP 	testChoice: color = 'green (named)'
18.6634 	EXP 	testChoice: color = 'green (named)'
18.6801 	EXP 	testChoice: color = 'green (named)'
18.6967 	EXP 	testChoice: color = 'green (named)'
18.6967 	EXP 	blank: autoDraw = False
18.7002 	EXP 	Created sequence: random, trialTypes=1, nReps=1, seed=None
18.7003 	EXP 	New trial (rep=0, index=0): None
18.7139 	EXP 	choiceQ: autoDraw = False
18.7139 	EXP 	testChoice: autoDraw = False
18.7139 	EXP 	videogameChoice: autoDraw = False
18.7139 	EXP 	gre: autoDraw = False
18.7139 	EXP 	gmat: autoDraw = False
18.7139 	EXP 	lsat: autoDraw = False
18.7139 	EXP 	game: autoDraw = False
18.7139 	EXP 	testChoice: color = 'green (named)'
18.7139 	EXP 	choiceQ: autoDraw = False
18.7139 	EXP 	testChoice: autoDraw = False
18.7139 	EXP 	videogameChoice: autoDraw = False
18.7139 	EXP 	gre: autoDraw = False
18.7139 	EXP 	gmat: autoDraw = False
18.7139 	EXP 	lsat: autoDraw = False
18.7139 	EXP 	game: autoDraw = False
18.7139 	EXP 	blank: autoDraw = False
18.7139 	EXP 	videogameChoice: color = 'white (named)'
18.7139 	EXP 	testChoice: color = 'white (named)'
18.7139 	EXP 	choiceQ: autoDraw = False
18.7139 	EXP 	testChoice: autoDraw = False
18.7139 	EXP 	videogameChoice: autoDraw = False
18.7139 	EXP 	gre: autoDraw = False
18.7139 	EXP 	gmat: autoDraw = False
18.7139 	EXP 	lsat: autoDraw = False
18.7139 	EXP 	polygon: opacity = 1.0
18.7139 	EXP 	polygon: size = array([0.32, 0.13])
18.7139 	EXP 	polygon: ori = 0.0
18.7139 	EXP 	polygon: lineWidth = 8.0
18.7139 	EXP 	testQChoice: autoDraw = True
18.7139 	EXP 	image: autoDraw = True
18.7139 	EXP 	image_2: autoDraw = True
18.7139 	EXP 	image_3: autoDraw = True
20.2051 	DATA 	Keypress: 1
20.2148 	EXP 	polygon: autoDraw = True
21.4268 	DATA 	Keypress: return
21.4346 	EXP 	testQChoice: autoDraw = False
21.4346 	EXP 	image: autoDraw = False
21.4346 	EXP 	image_2: autoDraw = False
21.4346 	EXP 	image_3: autoDraw = False
21.4346 	EXP 	polygon: autoDraw = False
21.4346 	EXP 	text: autoDraw = True
22.5186 	EXP 	Imported QuestionsText.xlsx as conditions, 5 conditions, 21 params
22.5188 	EXP 	Created sequence: sequential, trialTypes=5, nReps=1, seed=None
22.5192 	EXP 	New trial (rep=0, index=0): OrderedDict([('GMAT', '1)\xa0In order to combat Carville’s rampant homeless problem, Mayor Bloomfield recently proposed a ban on sleeping outdoors in the city’s many parks. He claims that such a measure will force the homeless to either leave Carville or to find means other than sleeping in public parks.\n\nWhich of the following, if true, suggests that Mayor Bloomfield’s plan will be successful?'), ('GMATQA', '(A) Until the ban, the city’s many homeless shelters were at less than fifty percent occupancy.'), ('GMATQB', '(B) Many\xa0homeless tend to congregate underneath Carville’s numerous overpasses.'), ('GMATQC', '(C) Adjacent\xa0cities have even tougher measures on the homeless sleeping outdoors.'), ('GMATQD', '(D) The percent of Carville’s population that has been homeless has been slowly decreasing in the last five years.\n\n'), ('GMATQE', '(E) Mayor\xa0Jonesmith, Mayor Bloomfield’s predecessor, had been far more tolerant towards the city’s homeless population.'), ('GMATAs', 'a'), ('GRE', '1) The Dvorak keyboard requires less finger movement than the ubiquitous QWERTY keyboard. As a result, Dvorak keyboard users are not only able to type more words per minute, but are also less vulnerable to both repetitive stress disorder and carpal tunnel syndrome. Nonetheless, businesses, as well as consumers, have not adopted the Dvorak keyboard. Clearly, if the Dvorak keyboard is to become more widely used, its benefits must be more widely touted.\n\n \n\nWhich of the following, if true, most threatens the author’s conclusion?'), ('GREQA', '(A)The initial cost of manufacturing a Dvorak keyboard will be more expensive than that of a QWERTY keyboard.'), ('GREQB', '(B)Many who have attempted using a Dvorak keyboard claim that learning the configuration of keys takes weeks.'), ('GREQC', '(C)Those suffering from repetitive stress injuries often attribute the injuries to multiple factors.'), ('GREQD', '(D)Businesses that have educated employees on the benefits of the Dvorak keyboard, have found that employees continue to use the Qwerty keyboard.'), ('GREQE', '(E)Businesses have found that many employees who believe the Qwerty keyboard is responsible for stress-induced injuries are unaware of the Dvorak keyboard.'), ('GREA', 'd'), ('LSAT', '1)Executive: We recently ran a set of advertisements in the print version of a travel magazine and on that magazine’s website. We were unable to get any direct information about consumer response to the print ads. However, we found that consumer response to the ads on the website was much more limited than is typical for website ads. We concluded that consumer response to the print ads was probably below par as well.\n\nThe executive’s reasoning does which one of the following?'), ('LSATQA', '(A)bases a prediction of the intensity of a phenomenon on information about the intensity of that phenomenon’s cause'), ('LSATQB', '(B)uses information about the typical frequency of events of a general kind to draw a conclusion about the probability of a particular event of that kind\n'), ('LSATQC', '(C)infers a statistical generalization from claims about a large number of specific instances'), ('LSATQD', '(D)uses a case in which direct evidence is available to draw a conclusion about an analogous case in which direct evidence is unavailable'), ('LSATQE', '(E)bases a prediction about future events on facts about recent comparable events'), ('LSATAs', 'd')])
22.6441 	DATA 	Keypress: space
22.6494 	EXP 	text: autoDraw = False
22.6494 	EXP 	TextQuestion: text = 'PLACEHOLDER'
22.6494 	EXP 	choiceA: text = 'QA'
22.6494 	EXP 	choiceB: text = 'QB'
22.6494 	EXP 	choiceC: text = 'QC'
22.6494 	EXP 	choiceD: text = 'QD'
22.6494 	EXP 	choiceE: text = 'QE'
22.6494 	EXP 	TextQuestion: text = '1) The Dvorak keyboard requires less finger movement than the ubiquitous QWERTY keyboard. As a result, Dvorak keyboard users are not only able to type more words per minute, but are also less vulnerable to both repetitive stress disorder and carpal tunnel syndrome. Nonetheless, businesses, as well as consumers, have not adopted the Dvorak keyboard. Clearly, if the Dvorak keyboard is to become more widely used, its benefits must be more widely touted.\n\n \n\nWhich of the following, if true, most threatens the author’s conclusion?'
22.6494 	EXP 	choiceA: text = '(A)The initial cost of manufacturing a Dvorak keyboard will be more expensive than that of a QWERTY keyboard.'
22.6494 	EXP 	choiceB: text = '(B)Many who have attempted using a Dvorak keyboard claim that learning the configuration of keys takes weeks.'
22.6494 	EXP 	choiceC: text = '(C)Those suffering from repetitive stress injuries often attribute the injuries to multiple factors.'
22.6494 	EXP 	choiceD: text = '(D)Businesses that have educated employees on the benefits of the Dvorak keyboard, have found that employees continue to use the Qwerty keyboard.'
22.6494 	EXP 	choiceE: text = '(E)Businesses have found that many employees who believe the Qwerty keyboard is responsible for stress-induced injuries are unaware of the Dvorak keyboard.'
22.6494 	EXP 	TextQuestion: autoDraw = True
22.6494 	EXP 	choiceA: autoDraw = True
22.6494 	EXP 	choiceB: autoDraw = True
22.6494 	EXP 	choiceC: autoDraw = True
22.6494 	EXP 	choiceD: autoDraw = True
22.6494 	EXP 	choiceE: autoDraw = True
24.5423 	DATA 	Keypress: a
26.5105 	DATA 	Keypress: return
26.5202 	EXP 	choiceA: color = 'red (named)'
26.5202 	EXP 	choiceD: color = 'green (named)'
26.5202 	EXP 	conBlank: autoDraw = True
26.5366 	EXP 	choiceA: color = 'red (named)'
26.5366 	EXP 	choiceD: color = 'green (named)'
26.5535 	EXP 	choiceA: color = 'red (named)'
26.5535 	EXP 	choiceD: color = 'green (named)'
26.5701 	EXP 	choiceA: color = 'red (named)'
26.5701 	EXP 	choiceD: color = 'green (named)'
26.5867 	EXP 	choiceA: color = 'red (named)'
26.5867 	EXP 	choiceD: color = 'green (named)'
26.6036 	EXP 	choiceA: color = 'red (named)'
26.6036 	EXP 	choiceD: color = 'green (named)'
26.6200 	EXP 	choiceA: color = 'red (named)'
26.6200 	EXP 	choiceD: color = 'green (named)'
26.6367 	EXP 	choiceA: color = 'red (named)'
26.6367 	EXP 	choiceD: color = 'green (named)'
26.6537 	EXP 	choiceA: color = 'red (named)'
26.6537 	EXP 	choiceD: color = 'green (named)'
26.6704 	EXP 	choiceA: color = 'red (named)'
26.6704 	EXP 	choiceD: color = 'green (named)'
26.6868 	EXP 	choiceA: color = 'red (named)'
26.6868 	EXP 	choiceD: color = 'green (named)'
26.7037 	EXP 	choiceA: color = 'red (named)'
26.7037 	EXP 	choiceD: color = 'green (named)'
26.7202 	EXP 	choiceA: color = 'red (named)'
26.7202 	EXP 	choiceD: color = 'green (named)'
26.7368 	EXP 	choiceA: color = 'red (named)'
26.7368 	EXP 	choiceD: color = 'green (named)'
26.7537 	EXP 	choiceA: color = 'red (named)'
26.7537 	EXP 	choiceD: color = 'green (named)'
26.7702 	EXP 	choiceA: color = 'red (named)'
26.7702 	EXP 	choiceD: color = 'green (named)'
26.7870 	EXP 	choiceA: color = 'red (named)'
26.7870 	EXP 	choiceD: color = 'green (named)'
26.8035 	EXP 	choiceA: color = 'red (named)'
26.8035 	EXP 	choiceD: color = 'green (named)'
26.8204 	EXP 	choiceA: color = 'red (named)'
26.8204 	EXP 	choiceD: color = 'green (named)'
26.8368 	EXP 	choiceA: color = 'red (named)'
26.8368 	EXP 	choiceD: color = 'green (named)'
26.8537 	EXP 	choiceA: color = 'red (named)'
26.8537 	EXP 	choiceD: color = 'green (named)'
26.8704 	EXP 	choiceA: color = 'red (named)'
26.8704 	EXP 	choiceD: color = 'green (named)'
26.8871 	EXP 	choiceA: color = 'red (named)'
26.8871 	EXP 	choiceD: color = 'green (named)'
26.9038 	EXP 	choiceA: color = 'red (named)'
26.9038 	EXP 	choiceD: color = 'green (named)'
26.9204 	EXP 	choiceA: color = 'red (named)'
26.9204 	EXP 	choiceD: color = 'green (named)'
26.9370 	EXP 	choiceA: color = 'red (named)'
26.9370 	EXP 	choiceD: color = 'green (named)'
26.9539 	EXP 	choiceA: color = 'red (named)'
26.9539 	EXP 	choiceD: color = 'green (named)'
26.9704 	EXP 	choiceA: color = 'red (named)'
26.9704 	EXP 	choiceD: color = 'green (named)'
26.9871 	EXP 	choiceA: color = 'red (named)'
26.9871 	EXP 	choiceD: color = 'green (named)'
27.0037 	EXP 	choiceA: color = 'red (named)'
27.0037 	EXP 	choiceD: color = 'green (named)'
27.0205 	EXP 	choiceA: color = 'red (named)'
27.0205 	EXP 	choiceD: color = 'green (named)'
27.0373 	EXP 	choiceA: color = 'red (named)'
27.0373 	EXP 	choiceD: color = 'green (named)'
27.0538 	EXP 	choiceA: color = 'red (named)'
27.0538 	EXP 	choiceD: color = 'green (named)'
27.0706 	EXP 	choiceA: color = 'red (named)'
27.0706 	EXP 	choiceD: color = 'green (named)'
27.0870 	EXP 	choiceA: color = 'red (named)'
27.0870 	EXP 	choiceD: color = 'green (named)'
27.1037 	EXP 	choiceA: color = 'red (named)'
27.1037 	EXP 	choiceD: color = 'green (named)'
27.1205 	EXP 	choiceA: color = 'red (named)'
27.1205 	EXP 	choiceD: color = 'green (named)'
27.1372 	EXP 	choiceA: color = 'red (named)'
27.1372 	EXP 	choiceD: color = 'green (named)'
27.1541 	EXP 	choiceA: color = 'red (named)'
27.1541 	EXP 	choiceD: color = 'green (named)'
27.1705 	EXP 	choiceA: color = 'red (named)'
27.1705 	EXP 	choiceD: color = 'green (named)'
27.1873 	EXP 	choiceA: color = 'red (named)'
27.1873 	EXP 	choiceD: color = 'green (named)'
27.2039 	EXP 	choiceA: color = 'red (named)'
27.2039 	EXP 	choiceD: color = 'green (named)'
27.2206 	EXP 	choiceA: color = 'red (named)'
27.2206 	EXP 	choiceD: color = 'green (named)'
27.2374 	EXP 	choiceA: color = 'red (named)'
27.2374 	EXP 	choiceD: color = 'green (named)'
27.2539 	EXP 	choiceA: color = 'red (named)'
27.2539 	EXP 	choiceD: color = 'green (named)'
27.2706 	EXP 	choiceA: color = 'red (named)'
27.2706 	EXP 	choiceD: color = 'green (named)'
27.2873 	EXP 	choiceA: color = 'red (named)'
27.2873 	EXP 	choiceD: color = 'green (named)'
27.3040 	EXP 	choiceA: color = 'red (named)'
27.3040 	EXP 	choiceD: color = 'green (named)'
27.3206 	EXP 	choiceA: color = 'red (named)'
27.3206 	EXP 	choiceD: color = 'green (named)'
27.3375 	EXP 	choiceA: color = 'red (named)'
27.3375 	EXP 	choiceD: color = 'green (named)'
27.3540 	EXP 	choiceA: color = 'red (named)'
27.3540 	EXP 	choiceD: color = 'green (named)'
27.3707 	EXP 	choiceA: color = 'red (named)'
27.3707 	EXP 	choiceD: color = 'green (named)'
27.3875 	EXP 	choiceA: color = 'red (named)'
27.3875 	EXP 	choiceD: color = 'green (named)'
27.4041 	EXP 	choiceA: color = 'red (named)'
27.4041 	EXP 	choiceD: color = 'green (named)'
27.4208 	EXP 	choiceA: color = 'red (named)'
27.4208 	EXP 	choiceD: color = 'green (named)'
27.4375 	EXP 	choiceA: color = 'red (named)'
27.4375 	EXP 	choiceD: color = 'green (named)'
27.4552 	EXP 	choiceA: color = 'red (named)'
27.4552 	EXP 	choiceD: color = 'green (named)'
27.4707 	EXP 	choiceA: color = 'red (named)'
27.4707 	EXP 	choiceD: color = 'green (named)'
27.4874 	EXP 	choiceA: color = 'red (named)'
27.4874 	EXP 	choiceD: color = 'green (named)'
27.5040 	EXP 	choiceA: color = 'red (named)'
27.5040 	EXP 	choiceD: color = 'green (named)'
27.5207 	EXP 	choiceA: color = 'red (named)'
27.5207 	EXP 	choiceD: color = 'green (named)'
27.5376 	EXP 	choiceA: color = 'red (named)'
27.5376 	EXP 	choiceD: color = 'green (named)'
27.5544 	EXP 	choiceA: color = 'red (named)'
27.5544 	EXP 	choiceD: color = 'green (named)'
27.5707 	EXP 	choiceA: color = 'red (named)'
27.5707 	EXP 	choiceD: color = 'green (named)'
27.5876 	EXP 	choiceA: color = 'red (named)'
27.5876 	EXP 	choiceD: color = 'green (named)'
27.6042 	EXP 	choiceA: color = 'red (named)'
27.6042 	EXP 	choiceD: color = 'green (named)'
27.6211 	EXP 	choiceA: color = 'red (named)'
27.6211 	EXP 	choiceD: color = 'green (named)'
27.6374 	EXP 	choiceA: color = 'red (named)'
27.6374 	EXP 	choiceD: color = 'green (named)'
27.6541 	EXP 	choiceA: color = 'red (named)'
27.6541 	EXP 	choiceD: color = 'green (named)'
27.6710 	EXP 	choiceA: color = 'red (named)'
27.6710 	EXP 	choiceD: color = 'green (named)'
27.6876 	EXP 	choiceA: color = 'red (named)'
27.6876 	EXP 	choiceD: color = 'green (named)'
27.7044 	EXP 	choiceA: color = 'red (named)'
27.7044 	EXP 	choiceD: color = 'green (named)'
27.7211 	EXP 	choiceA: color = 'red (named)'
27.7211 	EXP 	choiceD: color = 'green (named)'
27.7376 	EXP 	choiceA: color = 'red (named)'
27.7376 	EXP 	choiceD: color = 'green (named)'
27.7544 	EXP 	choiceA: color = 'red (named)'
27.7544 	EXP 	choiceD: color = 'green (named)'
27.7710 	EXP 	choiceA: color = 'red (named)'
27.7710 	EXP 	choiceD: color = 'green (named)'
27.7877 	EXP 	choiceA: color = 'red (named)'
27.7877 	EXP 	choiceD: color = 'green (named)'
27.8044 	EXP 	choiceA: color = 'red (named)'
27.8044 	EXP 	choiceD: color = 'green (named)'
27.8211 	EXP 	choiceA: color = 'red (named)'
27.8211 	EXP 	choiceD: color = 'green (named)'
27.8377 	EXP 	choiceA: color = 'red (named)'
27.8377 	EXP 	choiceD: color = 'green (named)'
27.8545 	EXP 	choiceA: color = 'red (named)'
27.8545 	EXP 	choiceD: color = 'green (named)'
27.8710 	EXP 	choiceA: color = 'red (named)'
27.8710 	EXP 	choiceD: color = 'green (named)'
27.8878 	EXP 	choiceA: color = 'red (named)'
27.8878 	EXP 	choiceD: color = 'green (named)'
27.9045 	EXP 	choiceA: color = 'red (named)'
27.9045 	EXP 	choiceD: color = 'green (named)'
27.9212 	EXP 	choiceA: color = 'red (named)'
27.9212 	EXP 	choiceD: color = 'green (named)'
27.9378 	EXP 	choiceA: color = 'red (named)'
27.9378 	EXP 	choiceD: color = 'green (named)'
27.9545 	EXP 	choiceA: color = 'red (named)'
27.9545 	EXP 	choiceD: color = 'green (named)'
27.9711 	EXP 	choiceA: color = 'red (named)'
27.9711 	EXP 	choiceD: color = 'green (named)'
27.9879 	EXP 	choiceA: color = 'red (named)'
27.9879 	EXP 	choiceD: color = 'green (named)'
28.0046 	EXP 	choiceA: color = 'red (named)'
28.0046 	EXP 	choiceD: color = 'green (named)'
28.0213 	EXP 	choiceA: color = 'red (named)'
28.0213 	EXP 	choiceD: color = 'green (named)'
28.0379 	EXP 	choiceA: color = 'red (named)'
28.0379 	EXP 	choiceD: color = 'green (named)'
28.0545 	EXP 	choiceA: color = 'red (named)'
28.0545 	EXP 	choiceD: color = 'green (named)'
28.0710 	EXP 	choiceA: color = 'red (named)'
28.0710 	EXP 	choiceD: color = 'green (named)'
28.0880 	EXP 	choiceA: color = 'red (named)'
28.0880 	EXP 	choiceD: color = 'green (named)'
28.1046 	EXP 	choiceA: color = 'red (named)'
28.1046 	EXP 	choiceD: color = 'green (named)'
28.1215 	EXP 	choiceA: color = 'red (named)'
28.1215 	EXP 	choiceD: color = 'green (named)'
28.1380 	EXP 	choiceA: color = 'red (named)'
28.1380 	EXP 	choiceD: color = 'green (named)'
28.1548 	EXP 	choiceA: color = 'red (named)'
28.1548 	EXP 	choiceD: color = 'green (named)'
28.1713 	EXP 	choiceA: color = 'red (named)'
28.1713 	EXP 	choiceD: color = 'green (named)'
28.1879 	EXP 	choiceA: color = 'red (named)'
28.1879 	EXP 	choiceD: color = 'green (named)'
28.2049 	EXP 	choiceA: color = 'red (named)'
28.2049 	EXP 	choiceD: color = 'green (named)'
28.2214 	EXP 	choiceA: color = 'red (named)'
28.2214 	EXP 	choiceD: color = 'green (named)'
28.2382 	EXP 	choiceA: color = 'red (named)'
28.2382 	EXP 	choiceD: color = 'green (named)'
28.2548 	EXP 	choiceA: color = 'red (named)'
28.2548 	EXP 	choiceD: color = 'green (named)'
28.2713 	EXP 	choiceA: color = 'red (named)'
28.2713 	EXP 	choiceD: color = 'green (named)'
28.2879 	EXP 	choiceA: color = 'red (named)'
28.2879 	EXP 	choiceD: color = 'green (named)'
28.3048 	EXP 	choiceA: color = 'red (named)'
28.3048 	EXP 	choiceD: color = 'green (named)'
28.3216 	EXP 	choiceA: color = 'red (named)'
28.3216 	EXP 	choiceD: color = 'green (named)'
28.3380 	EXP 	choiceA: color = 'red (named)'
28.3380 	EXP 	choiceD: color = 'green (named)'
28.3550 	EXP 	choiceA: color = 'red (named)'
28.3550 	EXP 	choiceD: color = 'green (named)'
28.3715 	EXP 	choiceA: color = 'red (named)'
28.3715 	EXP 	choiceD: color = 'green (named)'
28.3881 	EXP 	choiceA: color = 'red (named)'
28.3881 	EXP 	choiceD: color = 'green (named)'
28.4048 	EXP 	choiceA: color = 'red (named)'
28.4048 	EXP 	choiceD: color = 'green (named)'
28.4216 	EXP 	choiceA: color = 'red (named)'
28.4216 	EXP 	choiceD: color = 'green (named)'
28.4384 	EXP 	choiceA: color = 'red (named)'
28.4384 	EXP 	choiceD: color = 'green (named)'
28.4549 	EXP 	choiceA: color = 'red (named)'
28.4549 	EXP 	choiceD: color = 'green (named)'
28.4716 	EXP 	choiceA: color = 'red (named)'
28.4716 	EXP 	choiceD: color = 'green (named)'
28.4883 	EXP 	choiceA: color = 'red (named)'
28.4883 	EXP 	choiceD: color = 'green (named)'
28.5050 	EXP 	choiceA: color = 'red (named)'
28.5050 	EXP 	choiceD: color = 'green (named)'
28.5216 	EXP 	choiceA: color = 'red (named)'
28.5216 	EXP 	choiceD: color = 'green (named)'
28.5385 	EXP 	choiceA: color = 'red (named)'
28.5385 	EXP 	choiceD: color = 'green (named)'
28.5550 	EXP 	choiceA: color = 'red (named)'
28.5550 	EXP 	choiceD: color = 'green (named)'
28.5717 	EXP 	choiceA: color = 'red (named)'
28.5717 	EXP 	choiceD: color = 'green (named)'
28.5882 	EXP 	choiceA: color = 'red (named)'
28.5882 	EXP 	choiceD: color = 'green (named)'
28.6052 	EXP 	choiceA: color = 'red (named)'
28.6052 	EXP 	choiceD: color = 'green (named)'
28.6222 	EXP 	choiceA: color = 'red (named)'
28.6222 	EXP 	choiceD: color = 'green (named)'
28.6384 	EXP 	choiceA: color = 'red (named)'
28.6384 	EXP 	choiceD: color = 'green (named)'
28.6559 	EXP 	choiceA: color = 'red (named)'
28.6559 	EXP 	choiceD: color = 'green (named)'
28.6718 	EXP 	choiceA: color = 'red (named)'
28.6718 	EXP 	choiceD: color = 'green (named)'
28.6884 	EXP 	choiceA: color = 'red (named)'
28.6884 	EXP 	choiceD: color = 'green (named)'
28.7059 	EXP 	choiceA: color = 'red (named)'
28.7059 	EXP 	choiceD: color = 'green (named)'
28.7218 	EXP 	choiceA: color = 'red (named)'
28.7218 	EXP 	choiceD: color = 'green (named)'
28.7386 	EXP 	choiceA: color = 'red (named)'
28.7386 	EXP 	choiceD: color = 'green (named)'
28.7554 	EXP 	choiceA: color = 'red (named)'
28.7554 	EXP 	choiceD: color = 'green (named)'
28.7718 	EXP 	choiceA: color = 'red (named)'
28.7718 	EXP 	choiceD: color = 'green (named)'
28.7885 	EXP 	choiceA: color = 'red (named)'
28.7885 	EXP 	choiceD: color = 'green (named)'
28.8053 	EXP 	choiceA: color = 'red (named)'
28.8053 	EXP 	choiceD: color = 'green (named)'
28.8219 	EXP 	choiceA: color = 'red (named)'
28.8219 	EXP 	choiceD: color = 'green (named)'
28.8384 	EXP 	choiceA: color = 'red (named)'
28.8384 	EXP 	choiceD: color = 'green (named)'
28.8553 	EXP 	choiceA: color = 'red (named)'
28.8553 	EXP 	choiceD: color = 'green (named)'
28.8720 	EXP 	choiceA: color = 'red (named)'
28.8720 	EXP 	choiceD: color = 'green (named)'
28.8888 	EXP 	choiceA: color = 'red (named)'
28.8888 	EXP 	choiceD: color = 'green (named)'
28.9053 	EXP 	choiceA: color = 'red (named)'
28.9053 	EXP 	choiceD: color = 'green (named)'
28.9220 	EXP 	choiceA: color = 'red (named)'
28.9220 	EXP 	choiceD: color = 'green (named)'
28.9388 	EXP 	choiceA: color = 'red (named)'
28.9388 	EXP 	choiceD: color = 'green (named)'
28.9554 	EXP 	choiceA: color = 'red (named)'
28.9554 	EXP 	choiceD: color = 'green (named)'
28.9721 	EXP 	choiceA: color = 'red (named)'
28.9721 	EXP 	choiceD: color = 'green (named)'
28.9886 	EXP 	choiceA: color = 'red (named)'
28.9886 	EXP 	choiceD: color = 'green (named)'
29.0053 	EXP 	choiceA: color = 'red (named)'
29.0053 	EXP 	choiceD: color = 'green (named)'
29.0221 	EXP 	choiceA: color = 'red (named)'
29.0221 	EXP 	choiceD: color = 'green (named)'
29.0221 	EXP 	conBlank: autoDraw = False
29.0258 	EXP 	New trial (rep=0, index=1): OrderedDict([('GMAT', '2) Megalimpet is a nationwide owner of office space.  They have major office buildings in the downtowns of several cities in the 48 lower states, and rent this space to individual companies.  Megalimpet office spaces vary from small office to large suites, and every space has custom-designed wall-to-wall carpeting.  The carpet in several Megalimpet facilities needed replacing.  The winning bid for the nationwide carpet replacement was submitted by Bathyderm Carpet Company (BCC).  The bid contract involves all delivery costs, all installation, and any ongoing maintenance and upkeep while the carpet is under the three-year warranty.  Both BCC executives and independent consultants they hired felt BCC would be able to perform all these services for far less than their bid price; these circumstances would allow BCC to reap a considerable profit.\n\nWhich of the following, if true, most calls in question the argument that BCC will make a large profit from this contract with Megalimpet?'), ('GMATQA', '(A) All the carpets will have to be transported by train from BCC factory in Louisville, KY, to Megalimpet’s locations from coast to coast.'), ('GMATQB', '(B) BCC has already supplied carpets to a number of restaurant chains, and some of those spaces are as large as Megalimpet’s largest office spaces.\n\n'), ('GMATQC', '(C) The carpet installation teams will have to cut different sizes of the carpets for the different size office suites in the Megalimpet buildings.'), ('GMATQD', '(D) The material in BCC carpets degrades rapidly when it comes into contact with standard toner, found in most laser printers and photocopiers; the degraded sections are unsightly and smell bad, so they often need to be replaced.'), ('GMATQE', '(E) The next competing bid after BCC’s was 50% higher than BCC’s bid\n\n'), ('GMATAs', 'd'), ('GRE', '2)The median house value in Butlerville has fallen significantly in the last few months. Nonetheless, the number of homes sold has been at its lowest level in seven years.\n\nWhich of the following best explains the discrepancy?'), ('GREQA', '(A) The value of homes is not the only determinant of whether a house will be sold.'), ('GREQB', '(B)The neighboring city of Jacksonburg has seen a recent surge in home sales.'), ('GREQC', '(C)The Butlerville economy is struggling and the unemployment rate has reached historic rates.'), ('GREQD', '(D)Analysts predict that the number of homes sold will increasing in the coming year.'), ('GREQE', '(E)Homes priced over a million dollars have seen the sharpest decline in sales.'), ('GREA', 'c'), ('LSAT', '2) Laird: Pure research provides us with new technologies that contribute to saving lives. Even more worthwhile than this, however, is its role in expanding our knowledge and providing new, unexplored ideas.\n\nKim: Your priorities are mistaken. Saving lives is what counts most of all. Without pure research, medicine would not be as advanced as it is.\n\nLaird and Kim disagree on whether pure research...'), ('LSATQA', '(A)derives its significance in part from its providing new technologies'), ('LSATQB', '(B)expands the boundaries of our knowledge of medicine'), ('LSATQC', '(C)should have the saving of human lives as an important goal'), ('LSATQD', '(D)has its most valuable achievements in medical applications'), ('LSATQE', '(E)has any value apart from its role in providing new technologies to save lives'), ('LSATAs', 'd')])
29.0983 	EXP 	TextQuestion: autoDraw = False
29.0983 	EXP 	choiceA: autoDraw = False
29.0983 	EXP 	choiceB: autoDraw = False
29.0983 	EXP 	choiceC: autoDraw = False
29.0983 	EXP 	choiceD: autoDraw = False
29.0983 	EXP 	choiceE: autoDraw = False
29.0983 	EXP 	choiceA: color = 'red (named)'
29.0983 	EXP 	choiceD: color = 'green (named)'
29.0983 	EXP 	TextQuestion: autoDraw = False
29.0983 	EXP 	choiceA: autoDraw = False
29.0983 	EXP 	choiceB: autoDraw = False
29.0983 	EXP 	choiceC: autoDraw = False
29.0983 	EXP 	choiceD: autoDraw = False
29.0983 	EXP 	choiceE: autoDraw = False
29.0983 	EXP 	conBlank: autoDraw = False
29.0983 	EXP 	choiceA: autoDraw = False
29.0983 	EXP 	choiceB: autoDraw = False
29.0983 	EXP 	choiceC: autoDraw = False
29.0983 	EXP 	choiceD: autoDraw = False
29.0983 	EXP 	choiceE: autoDraw = False
29.0983 	EXP 	choiceA: color = 'white (named)'
29.0983 	EXP 	choiceB: color = 'white (named)'
29.0983 	EXP 	choiceC: color = 'white (named)'
29.0983 	EXP 	choiceD: color = 'white (named)'
29.0983 	EXP 	choiceE: color = 'white (named)'
29.0983 	EXP 	TextQuestion: text = 'PLACEHOLDER'
29.0983 	EXP 	choiceA: text = 'QA'
29.0983 	EXP 	choiceB: text = 'QB'
29.0983 	EXP 	choiceC: text = 'QC'
29.0983 	EXP 	choiceD: text = 'QD'
29.0983 	EXP 	choiceE: text = 'QE'
29.0983 	EXP 	TextQuestion: text = '2)The median house value in Butlerville has fallen significantly in the last few months. Nonetheless, the number of homes sold has been at its lowest level in seven years.\n\nWhich of the following best explains the discrepancy?'
29.0983 	EXP 	choiceA: text = '(A) The value of homes is not the only determinant of whether a house will be sold.'
29.0983 	EXP 	choiceB: text = '(B)The neighboring city of Jacksonburg has seen a recent surge in home sales.'
29.0983 	EXP 	choiceC: text = '(C)The Butlerville economy is struggling and the unemployment rate has reached historic rates.'
29.0983 	EXP 	choiceD: text = '(D)Analysts predict that the number of homes sold will increasing in the coming year.'
29.0983 	EXP 	choiceE: text = '(E)Homes priced over a million dollars have seen the sharpest decline in sales.'
29.0983 	EXP 	TextQuestion: autoDraw = True
29.0983 	EXP 	choiceA: autoDraw = True
29.0983 	EXP 	choiceB: autoDraw = True
29.0983 	EXP 	choiceC: autoDraw = True
29.0983 	EXP 	choiceD: autoDraw = True
29.0983 	EXP 	choiceE: autoDraw = True
31.2979 	DATA 	Keypress: return
31.3073 	EXP 	choiceC: color = 'green (named)'
31.3073 	EXP 	conBlank: autoDraw = True
31.3240 	EXP 	choiceC: color = 'green (named)'
31.3407 	EXP 	choiceC: color = 'green (named)'
31.3572 	EXP 	choiceC: color = 'green (named)'
31.3742 	EXP 	choiceC: color = 'green (named)'
31.3907 	EXP 	choiceC: color = 'green (named)'
31.4074 	EXP 	choiceC: color = 'green (named)'
31.4242 	EXP 	choiceC: color = 'green (named)'
31.4411 	EXP 	choiceC: color = 'green (named)'
31.4573 	EXP 	choiceC: color = 'green (named)'
31.4742 	EXP 	choiceC: color = 'green (named)'
31.4909 	EXP 	choiceC: color = 'green (named)'
31.5076 	EXP 	choiceC: color = 'green (named)'
31.5242 	EXP 	choiceC: color = 'green (named)'
31.5407 	EXP 	choiceC: color = 'green (named)'
31.5576 	EXP 	choiceC: color = 'green (named)'
31.5741 	EXP 	choiceC: color = 'green (named)'
31.5910 	EXP 	choiceC: color = 'green (named)'
31.6077 	EXP 	choiceC: color = 'green (named)'
31.6243 	EXP 	choiceC: color = 'green (named)'
31.6410 	EXP 	choiceC: color = 'green (named)'
31.6578 	EXP 	choiceC: color = 'green (named)'
31.6743 	EXP 	choiceC: color = 'green (named)'
31.6912 	EXP 	choiceC: color = 'green (named)'
31.7078 	EXP 	choiceC: color = 'green (named)'
31.7244 	EXP 	choiceC: color = 'green (named)'
31.7411 	EXP 	choiceC: color = 'green (named)'
31.7578 	EXP 	choiceC: color = 'green (named)'
31.7745 	EXP 	choiceC: color = 'green (named)'
31.7909 	EXP 	choiceC: color = 'green (named)'
31.8077 	EXP 	choiceC: color = 'green (named)'
31.8244 	EXP 	choiceC: color = 'green (named)'
31.8410 	EXP 	choiceC: color = 'green (named)'
31.8579 	EXP 	choiceC: color = 'green (named)'
31.8747 	EXP 	choiceC: color = 'green (named)'
31.8912 	EXP 	choiceC: color = 'green (named)'
31.9081 	EXP 	choiceC: color = 'green (named)'
31.9245 	EXP 	choiceC: color = 'green (named)'
31.9412 	EXP 	choiceC: color = 'green (named)'
31.9580 	EXP 	choiceC: color = 'green (named)'
31.9745 	EXP 	choiceC: color = 'green (named)'
31.9912 	EXP 	choiceC: color = 'green (named)'
32.0080 	EXP 	choiceC: color = 'green (named)'
32.0246 	EXP 	choiceC: color = 'green (named)'
32.0414 	EXP 	choiceC: color = 'green (named)'
32.0580 	EXP 	choiceC: color = 'green (named)'
32.0745 	EXP 	choiceC: color = 'green (named)'
32.0914 	EXP 	choiceC: color = 'green (named)'
32.1080 	EXP 	choiceC: color = 'green (named)'
32.1248 	EXP 	choiceC: color = 'green (named)'
32.1416 	EXP 	choiceC: color = 'green (named)'
32.1580 	EXP 	choiceC: color = 'green (named)'
32.1747 	EXP 	choiceC: color = 'green (named)'
32.1914 	EXP 	choiceC: color = 'green (named)'
32.2083 	EXP 	choiceC: color = 'green (named)'
32.2247 	EXP 	choiceC: color = 'green (named)'
32.2414 	EXP 	choiceC: color = 'green (named)'
32.2582 	EXP 	choiceC: color = 'green (named)'
32.2747 	EXP 	choiceC: color = 'green (named)'
32.2916 	EXP 	choiceC: color = 'green (named)'
32.3083 	EXP 	choiceC: color = 'green (named)'
32.3248 	EXP 	choiceC: color = 'green (named)'
32.3414 	EXP 	choiceC: color = 'green (named)'
32.3583 	EXP 	choiceC: color = 'green (named)'
32.3747 	EXP 	choiceC: color = 'green (named)'
32.3916 	EXP 	choiceC: color = 'green (named)'
32.4083 	EXP 	choiceC: color = 'green (named)'
32.4250 	EXP 	choiceC: color = 'green (named)'
32.4417 	EXP 	choiceC: color = 'green (named)'
32.4583 	EXP 	choiceC: color = 'green (named)'
32.4749 	EXP 	choiceC: color = 'green (named)'
32.4915 	EXP 	choiceC: color = 'green (named)'
32.5082 	EXP 	choiceC: color = 'green (named)'
32.5250 	EXP 	choiceC: color = 'green (named)'
32.5417 	EXP 	choiceC: color = 'green (named)'
32.5584 	EXP 	choiceC: color = 'green (named)'
32.5752 	EXP 	choiceC: color = 'green (named)'
32.5917 	EXP 	choiceC: color = 'green (named)'
32.6084 	EXP 	choiceC: color = 'green (named)'
32.6252 	EXP 	choiceC: color = 'green (named)'
32.6418 	EXP 	choiceC: color = 'green (named)'
32.6584 	EXP 	choiceC: color = 'green (named)'
32.6751 	EXP 	choiceC: color = 'green (named)'
32.6916 	EXP 	choiceC: color = 'green (named)'
32.7086 	EXP 	choiceC: color = 'green (named)'
32.7255 	EXP 	choiceC: color = 'green (named)'
32.7419 	EXP 	choiceC: color = 'green (named)'
32.7586 	EXP 	choiceC: color = 'green (named)'
32.7754 	EXP 	choiceC: color = 'green (named)'
32.7919 	EXP 	choiceC: color = 'green (named)'
32.8085 	EXP 	choiceC: color = 'green (named)'
32.8254 	EXP 	choiceC: color = 'green (named)'
32.8420 	EXP 	choiceC: color = 'green (named)'
32.8587 	EXP 	choiceC: color = 'green (named)'
32.8753 	EXP 	choiceC: color = 'green (named)'
32.8920 	EXP 	choiceC: color = 'green (named)'
32.9087 	EXP 	choiceC: color = 'green (named)'
32.9253 	EXP 	choiceC: color = 'green (named)'
32.9422 	EXP 	choiceC: color = 'green (named)'
32.9588 	EXP 	choiceC: color = 'green (named)'
32.9753 	EXP 	choiceC: color = 'green (named)'
32.9920 	EXP 	choiceC: color = 'green (named)'
33.0087 	EXP 	choiceC: color = 'green (named)'
33.0255 	EXP 	choiceC: color = 'green (named)'
33.0423 	EXP 	choiceC: color = 'green (named)'
33.0589 	EXP 	choiceC: color = 'green (named)'
33.0757 	EXP 	choiceC: color = 'green (named)'
33.0923 	EXP 	choiceC: color = 'green (named)'
33.1086 	EXP 	choiceC: color = 'green (named)'
33.1256 	EXP 	choiceC: color = 'green (named)'
33.1423 	EXP 	choiceC: color = 'green (named)'
33.1590 	EXP 	choiceC: color = 'green (named)'
33.1756 	EXP 	choiceC: color = 'green (named)'
33.1923 	EXP 	choiceC: color = 'green (named)'
33.2090 	EXP 	choiceC: color = 'green (named)'
33.2258 	EXP 	choiceC: color = 'green (named)'
33.2424 	EXP 	choiceC: color = 'green (named)'
33.2590 	EXP 	choiceC: color = 'green (named)'
33.2758 	EXP 	choiceC: color = 'green (named)'
33.2925 	EXP 	choiceC: color = 'green (named)'
33.3090 	EXP 	choiceC: color = 'green (named)'
33.3260 	EXP 	choiceC: color = 'green (named)'
33.3426 	EXP 	choiceC: color = 'green (named)'
33.3593 	EXP 	choiceC: color = 'green (named)'
33.3757 	EXP 	choiceC: color = 'green (named)'
33.3925 	EXP 	choiceC: color = 'green (named)'
33.4089 	EXP 	choiceC: color = 'green (named)'
33.4258 	EXP 	choiceC: color = 'green (named)'
33.4424 	EXP 	choiceC: color = 'green (named)'
33.4590 	EXP 	choiceC: color = 'green (named)'
33.4757 	EXP 	choiceC: color = 'green (named)'
33.4926 	EXP 	choiceC: color = 'green (named)'
33.5091 	EXP 	choiceC: color = 'green (named)'
33.5259 	EXP 	choiceC: color = 'green (named)'
33.5425 	EXP 	choiceC: color = 'green (named)'
33.5593 	EXP 	choiceC: color = 'green (named)'
33.5760 	EXP 	choiceC: color = 'green (named)'
33.5927 	EXP 	choiceC: color = 'green (named)'
33.6094 	EXP 	choiceC: color = 'green (named)'
33.6263 	EXP 	choiceC: color = 'green (named)'
33.6428 	EXP 	choiceC: color = 'green (named)'
33.6593 	EXP 	choiceC: color = 'green (named)'
33.6760 	EXP 	choiceC: color = 'green (named)'
33.6927 	EXP 	choiceC: color = 'green (named)'
33.7095 	EXP 	choiceC: color = 'green (named)'
33.7259 	EXP 	choiceC: color = 'green (named)'
33.7428 	EXP 	choiceC: color = 'green (named)'
33.7596 	EXP 	choiceC: color = 'green (named)'
33.7761 	EXP 	choiceC: color = 'green (named)'
33.7928 	EXP 	choiceC: color = 'green (named)'
33.8096 	EXP 	choiceC: color = 'green (named)'
33.8096 	EXP 	conBlank: autoDraw = False
33.8138 	EXP 	New trial (rep=0, index=2): OrderedDict([('GMAT', '3)\xa0A minor league baseball franchise experienced a drop in attendance this week after they suffered three losses by margins of ten runs or more last week. \xa0Many spectators of those games wrote letters to the editors of the local sporting news, complaining of the poor play of the team in those three losses. \xa0Nevertheless, the front office of this baseball franchise maintains that the team’s poor play in those three losses has nothing to do with this week’s decline in attendance.'), ('GMATQA', '(A) The\xa0spectators who wrote letters to the local sporting news were long-standing fans of this minor league baseball team.'), ('GMATQB', '(B) Many\xa0minor league baseball franchises attribute a drop in attendance to the quality of play of the team only after a string of losses.'), ('GMATQC', '(C) Other\xa0minor league teams in that region of the state reported a similar drop in attendance this week.'), ('GMATQD', '(D) This was\xa0not the first time this team suffered multiple lopsided losses in a single week, prompting similar letters to the local sporting news.'), ('GMATQE', '(E) This\xa0minor league team is over four hours from the closest major league team, so many of the minor league team’s fans do not often attend major league games.'), ('GMATAs', 'c'), ('GRE', "3) Recently, an unusually high number of dolphins have been found dead of infectious diseases, and most of these had abnormally high tissue concentrations of certain compounds that, even in low concentrations, reduce dolphins' resistance to infection. The only source of these compounds in the dolphins' environment is boat paint.  Therefore, since dolphins rid their bodies of the compounds rapidly once exposure ceases, their mortality rate should decline rapidly if such boat paints are banned.\n\nWhich of the following, if true, most strengthens the argument? \n\n"), ('GREQA', '(A) The levels of the compounds typically used in boat paints today are lower than they were in boat paints manufactured a decade ago.'), ('GREQB', '(B) In high concentrations, the compounds are toxic to many types of marine animals.'), ('GREQC', '(C)The compounds break down into harmless substances after a few months of exposure to water or air. '), ('GREQD', '(D)High tissue levels of the compounds have recently been found in some marine animals, but there is no recocrd of any of those animals dying in unusually large numbers rececntly '), ('GREQE', "(E)The compounds do not leach out of the boat paint if the paint is applied exactly in accordance with the manufacturer's directions. "), ('GREA', 'c'), ('LSAT', '3)The supernova event of 1987 is interesting in that there is still no evidence of the neutron star that current theory says should have remained after a supernova of that size. This is in spite of the fact that many of the most sensitive instruments ever developed have searched for the tell-tale pulse of radiation that neutron stars emit. Thus, current theory is wrong in claiming that supernovas of a certain size always produce neutron stars.\n\nWhich one of the following, if true, most strengthens the argument?'), ('LSATQA', '(A)Most supernova remnants that astronomers have detected have a neutron star nearby.'), ('LSATQB', '(B)Sensitive astronomical instruments have detected neutron stars much farther away than the location of the 1987 supernova.'), ('LSATQC', '(C)The supernova of 1987 was the first that scientists were able to observe in progress.'), ('LSATQD', '(D)Several important features of the 1987 supernova are correctly predicted by the current theory.'), ('LSATQE', '(E)Some neutron stars are known to have come into existence by a cause other than a supernova explosion.'), ('LSATAs', 'b')])
33.9202 	EXP 	TextQuestion: autoDraw = False
33.9202 	EXP 	choiceA: autoDraw = False
33.9202 	EXP 	choiceB: autoDraw = False
33.9202 	EXP 	choiceC: autoDraw = False
33.9202 	EXP 	choiceD: autoDraw = False
33.9202 	EXP 	choiceE: autoDraw = False
33.9202 	EXP 	choiceC: color = 'green (named)'
33.9202 	EXP 	TextQuestion: autoDraw = False
33.9202 	EXP 	choiceA: autoDraw = False
33.9202 	EXP 	choiceB: autoDraw = False
33.9202 	EXP 	choiceC: autoDraw = False
33.9202 	EXP 	choiceD: autoDraw = False
33.9202 	EXP 	choiceE: autoDraw = False
33.9202 	EXP 	conBlank: autoDraw = False
33.9202 	EXP 	choiceA: autoDraw = False
33.9202 	EXP 	choiceB: autoDraw = False
33.9202 	EXP 	choiceC: autoDraw = False
33.9202 	EXP 	choiceD: autoDraw = False
33.9202 	EXP 	choiceE: autoDraw = False
33.9202 	EXP 	choiceA: color = 'white (named)'
33.9202 	EXP 	choiceB: color = 'white (named)'
33.9202 	EXP 	choiceC: color = 'white (named)'
33.9202 	EXP 	choiceD: color = 'white (named)'
33.9202 	EXP 	choiceE: color = 'white (named)'
33.9202 	EXP 	TextQuestion: text = 'PLACEHOLDER'
33.9202 	EXP 	choiceA: text = 'QA'
33.9202 	EXP 	choiceB: text = 'QB'
33.9202 	EXP 	choiceC: text = 'QC'
33.9202 	EXP 	choiceD: text = 'QD'
33.9202 	EXP 	choiceE: text = 'QE'
33.9202 	EXP 	TextQuestion: text = "3) Recently, an unusually high number of dolphins have been found dead of infectious diseases, and most of these had abnormally high tissue concentrations of certain compounds that, even in low concentrations, reduce dolphins' resistance to infection. The only source of these compounds in the dolphins' environment is boat paint.  Therefore, since dolphins rid their bodies of the compounds rapidly once exposure ceases, their mortality rate should decline rapidly if such boat paints are banned.\n\nWhich of the following, if true, most strengthens the argument? \n\n"
33.9202 	EXP 	choiceA: text = '(A) The levels of the compounds typically used in boat paints today are lower than they were in boat paints manufactured a decade ago.'
33.9202 	EXP 	choiceB: text = '(B) In high concentrations, the compounds are toxic to many types of marine animals.'
33.9202 	EXP 	choiceC: text = '(C)The compounds break down into harmless substances after a few months of exposure to water or air. '
33.9202 	EXP 	choiceD: text = '(D)High tissue levels of the compounds have recently been found in some marine animals, but there is no recocrd of any of those animals dying in unusually large numbers rececntly '
33.9202 	EXP 	choiceE: text = "(E)The compounds do not leach out of the boat paint if the paint is applied exactly in accordance with the manufacturer's directions. "
33.9202 	EXP 	TextQuestion: autoDraw = True
33.9202 	EXP 	choiceA: autoDraw = True
33.9202 	EXP 	choiceB: autoDraw = True
33.9202 	EXP 	choiceC: autoDraw = True
33.9202 	EXP 	choiceD: autoDraw = True
33.9202 	EXP 	choiceE: autoDraw = True
34.5003 	DATA 	Keypress: return
34.5268 	EXP 	choiceC: color = 'green (named)'
34.5268 	EXP 	conBlank: autoDraw = True
34.5432 	EXP 	choiceC: color = 'green (named)'
34.5600 	EXP 	choiceC: color = 'green (named)'
34.5768 	EXP 	choiceC: color = 'green (named)'
34.5937 	EXP 	choiceC: color = 'green (named)'
34.6100 	EXP 	choiceC: color = 'green (named)'
34.6268 	EXP 	choiceC: color = 'green (named)'
34.6434 	EXP 	choiceC: color = 'green (named)'
34.6601 	EXP 	choiceC: color = 'green (named)'
34.6768 	EXP 	choiceC: color = 'green (named)'
34.6934 	EXP 	choiceC: color = 'green (named)'
34.7100 	EXP 	choiceC: color = 'green (named)'
34.7270 	EXP 	choiceC: color = 'green (named)'
34.7435 	EXP 	choiceC: color = 'green (named)'
34.7601 	EXP 	choiceC: color = 'green (named)'
34.7768 	EXP 	choiceC: color = 'green (named)'
34.7937 	EXP 	choiceC: color = 'green (named)'
34.8101 	EXP 	choiceC: color = 'green (named)'
34.8269 	EXP 	choiceC: color = 'green (named)'
34.8436 	EXP 	choiceC: color = 'green (named)'
34.8602 	EXP 	choiceC: color = 'green (named)'
34.8769 	EXP 	choiceC: color = 'green (named)'
34.8936 	EXP 	choiceC: color = 'green (named)'
34.9105 	EXP 	choiceC: color = 'green (named)'
34.9270 	EXP 	choiceC: color = 'green (named)'
34.9439 	EXP 	choiceC: color = 'green (named)'
34.9603 	EXP 	choiceC: color = 'green (named)'
34.9770 	EXP 	choiceC: color = 'green (named)'
34.9959 	EXP 	choiceC: color = 'green (named)'
35.0103 	EXP 	choiceC: color = 'green (named)'
35.0271 	EXP 	choiceC: color = 'green (named)'
35.0438 	EXP 	choiceC: color = 'green (named)'
35.0604 	EXP 	choiceC: color = 'green (named)'
35.0772 	EXP 	choiceC: color = 'green (named)'
35.0938 	EXP 	choiceC: color = 'green (named)'
35.1103 	EXP 	choiceC: color = 'green (named)'
35.1271 	EXP 	choiceC: color = 'green (named)'
35.1441 	EXP 	choiceC: color = 'green (named)'
35.1473 	DATA 	Keypress: return
35.1603 	EXP 	choiceC: color = 'green (named)'
35.1772 	EXP 	choiceC: color = 'green (named)'
35.1938 	EXP 	choiceC: color = 'green (named)'
35.2105 	EXP 	choiceC: color = 'green (named)'
35.2271 	EXP 	choiceC: color = 'green (named)'
35.2440 	EXP 	choiceC: color = 'green (named)'
35.2608 	EXP 	choiceC: color = 'green (named)'
35.2773 	EXP 	choiceC: color = 'green (named)'
35.2938 	EXP 	choiceC: color = 'green (named)'
35.3107 	EXP 	choiceC: color = 'green (named)'
35.3273 	EXP 	choiceC: color = 'green (named)'
35.3441 	EXP 	choiceC: color = 'green (named)'
35.3607 	EXP 	choiceC: color = 'green (named)'
35.3774 	EXP 	choiceC: color = 'green (named)'
35.3940 	EXP 	choiceC: color = 'green (named)'
35.4107 	EXP 	choiceC: color = 'green (named)'
35.4274 	EXP 	choiceC: color = 'green (named)'
35.4441 	EXP 	choiceC: color = 'green (named)'
35.4607 	EXP 	choiceC: color = 'green (named)'
35.4774 	EXP 	choiceC: color = 'green (named)'
35.4942 	EXP 	choiceC: color = 'green (named)'
35.5106 	EXP 	choiceC: color = 'green (named)'
35.5274 	EXP 	choiceC: color = 'green (named)'
35.5441 	EXP 	choiceC: color = 'green (named)'
35.5609 	EXP 	choiceC: color = 'green (named)'
35.5776 	EXP 	choiceC: color = 'green (named)'
35.5942 	EXP 	choiceC: color = 'green (named)'
35.6111 	EXP 	choiceC: color = 'green (named)'
35.6275 	EXP 	choiceC: color = 'green (named)'
35.6442 	EXP 	choiceC: color = 'green (named)'
35.6609 	EXP 	choiceC: color = 'green (named)'
35.6776 	EXP 	choiceC: color = 'green (named)'
35.6942 	EXP 	choiceC: color = 'green (named)'
35.7109 	EXP 	choiceC: color = 'green (named)'
35.7277 	EXP 	choiceC: color = 'green (named)'
35.7444 	EXP 	choiceC: color = 'green (named)'
35.7611 	EXP 	choiceC: color = 'green (named)'
35.7776 	EXP 	choiceC: color = 'green (named)'
35.7944 	EXP 	choiceC: color = 'green (named)'
35.8110 	EXP 	choiceC: color = 'green (named)'
35.8279 	EXP 	choiceC: color = 'green (named)'
35.8444 	EXP 	choiceC: color = 'green (named)'
35.8611 	EXP 	choiceC: color = 'green (named)'
35.8778 	EXP 	choiceC: color = 'green (named)'
35.8944 	EXP 	choiceC: color = 'green (named)'
35.9110 	EXP 	choiceC: color = 'green (named)'
35.9277 	EXP 	choiceC: color = 'green (named)'
35.9446 	EXP 	choiceC: color = 'green (named)'
35.9612 	EXP 	choiceC: color = 'green (named)'
35.9777 	EXP 	choiceC: color = 'green (named)'
35.9945 	EXP 	choiceC: color = 'green (named)'
36.0112 	EXP 	choiceC: color = 'green (named)'
36.0279 	EXP 	choiceC: color = 'green (named)'
36.0447 	EXP 	choiceC: color = 'green (named)'
36.0615 	EXP 	choiceC: color = 'green (named)'
36.0778 	EXP 	choiceC: color = 'green (named)'
36.0948 	EXP 	choiceC: color = 'green (named)'
36.1111 	EXP 	choiceC: color = 'green (named)'
36.1279 	EXP 	choiceC: color = 'green (named)'
36.1446 	EXP 	choiceC: color = 'green (named)'
36.1613 	EXP 	choiceC: color = 'green (named)'
36.1779 	EXP 	choiceC: color = 'green (named)'
36.1948 	EXP 	choiceC: color = 'green (named)'
36.2114 	EXP 	choiceC: color = 'green (named)'
36.2280 	EXP 	choiceC: color = 'green (named)'
36.2448 	EXP 	choiceC: color = 'green (named)'
36.2613 	EXP 	choiceC: color = 'green (named)'
36.2782 	EXP 	choiceC: color = 'green (named)'
36.2948 	EXP 	choiceC: color = 'green (named)'
36.3114 	EXP 	choiceC: color = 'green (named)'
36.3282 	EXP 	choiceC: color = 'green (named)'
36.3445 	EXP 	choiceC: color = 'green (named)'
36.3612 	EXP 	choiceC: color = 'green (named)'
36.3779 	EXP 	choiceC: color = 'green (named)'
36.3945 	EXP 	choiceC: color = 'green (named)'
36.4117 	EXP 	choiceC: color = 'green (named)'
36.4283 	EXP 	choiceC: color = 'green (named)'
36.4448 	EXP 	choiceC: color = 'green (named)'
36.4615 	EXP 	choiceC: color = 'green (named)'
36.4782 	EXP 	choiceC: color = 'green (named)'
36.4950 	EXP 	choiceC: color = 'green (named)'
36.5115 	EXP 	choiceC: color = 'green (named)'
36.5283 	EXP 	choiceC: color = 'green (named)'
36.5448 	EXP 	choiceC: color = 'green (named)'
36.5617 	EXP 	choiceC: color = 'green (named)'
36.5783 	EXP 	choiceC: color = 'green (named)'
36.5950 	EXP 	choiceC: color = 'green (named)'
36.6117 	EXP 	choiceC: color = 'green (named)'
36.6284 	EXP 	choiceC: color = 'green (named)'
36.6450 	EXP 	choiceC: color = 'green (named)'
36.6617 	EXP 	choiceC: color = 'green (named)'
36.6785 	EXP 	choiceC: color = 'green (named)'
36.6950 	EXP 	choiceC: color = 'green (named)'
36.7116 	EXP 	choiceC: color = 'green (named)'
36.7284 	EXP 	choiceC: color = 'green (named)'
36.7452 	EXP 	choiceC: color = 'green (named)'
36.7617 	EXP 	choiceC: color = 'green (named)'
36.7784 	EXP 	choiceC: color = 'green (named)'
36.7952 	EXP 	choiceC: color = 'green (named)'
36.8119 	EXP 	choiceC: color = 'green (named)'
36.8284 	EXP 	choiceC: color = 'green (named)'
36.8452 	EXP 	choiceC: color = 'green (named)'
36.8619 	EXP 	choiceC: color = 'green (named)'
36.8786 	EXP 	choiceC: color = 'green (named)'
36.8952 	EXP 	choiceC: color = 'green (named)'
36.9119 	EXP 	choiceC: color = 'green (named)'
36.9286 	EXP 	choiceC: color = 'green (named)'
36.9452 	EXP 	choiceC: color = 'green (named)'
36.9619 	EXP 	choiceC: color = 'green (named)'
36.9785 	EXP 	choiceC: color = 'green (named)'
36.9952 	EXP 	choiceC: color = 'green (named)'
37.0120 	EXP 	choiceC: color = 'green (named)'
37.0287 	EXP 	choiceC: color = 'green (named)'
37.0287 	EXP 	conBlank: autoDraw = False
37.0315 	EXP 	New trial (rep=0, index=3): OrderedDict([('GMAT', '4)\xa0In a few recent cases, some teenagers with advanced programming abilities used a new programming language, FANTOD, to hack into ETS and change their own SAT scores. \xa0All of the teenagers convicted of this crime were highly skilled in programming FANTOD. \xa0In light of these cases, some colleges have discounted the official SAT scores of applicants with a knowledge of FANTOD, and have required them to take special admission tests in supervised conditions on their own campuses.'), ('GMATQA', '(A) Most people who learn to program in FANTOD do so to commit some kind of hacking.'), ('GMATQB', '(B) Colleges should rely on their own admissions tests instead of the SATs'), ('GMATQC', '(C) Some students with knowledge of FANTOD are possibly placed at a disadvantage in the college admission process.'), ('GMATQD', '(D) Students who learn FANTOD tend to have much lower SAT scores than do their peers.'), ('GMATQE', '(E) Some colleges have not set any special requirements for applicants who have demonstrated knowledge of FANTOD'), ('GMATAs', 'c'), ('GRE', "4) Extensive housing is underway in Pataska Forest, the habitat of a large population of deer. Because deer feed at the edges of the forests, these deer will be attracted to the spaces alongside the new roads. Being cut through Pataska Forest to serve the new residential areas. Consequently, once the housing is occupied, the annual number of the forest's deer hit by cars will be much higher than before construction started. \n\nWhich of the following is an assumption on which the argument depends?"), ('GREQA', '(A)The number of deer hit by commercial vehicles will not increase significantly when the housing is occupied.'), ('GREQB', '(B)Deer will be as attracted to the forest edge around new houses as to the forest edge alongside roads.'), ('GREQC', '(C)In past years, the annual number of deer that have been hit by cars on existing roads through Pataska Forest has been very low.'), ('GREQD', '(D) The development will leave sufficient forest to sustain a signiificant population of deer.'), ('GREQE', '(E)No deer hunting will be allowed in Pataska Forest when the housing is occupied. '), ('GREA', 'd'), ('LSAT', '4)Political scientist: As a political system, democracy does not promote political freedom. There are historical examples of democracies that ultimately resulted in some of the most oppressive societies. Likewise, there have been enlightened despotisms and oligarchies that have provided a remarkable level of political freedom to their subjects.\n\nThe reasoning in the political scientist’s argument is flawed because it...'), ('LSATQA', '(A)confuses the conditions necessary for political freedom with the conditions sufficient to bring it about  '), ('LSATQB', '(B)fails to consider that a substantial increase in the level of political freedom might cause a society to become more democratic'), ('LSATQC', '(C)appeals to historical examples that are irrelevant to the causal claim being made'), ('LSATQD', '(D)overlooks the possibility that democracy promotes political freedom without being necessary or sufficient by itself to produce it'), ('LSATQE', '(E)bases its historical case on a personal point of view'), ('LSATAs', 'd')])
37.1259 	EXP 	TextQuestion: autoDraw = False
37.1259 	EXP 	choiceA: autoDraw = False
37.1259 	EXP 	choiceB: autoDraw = False
37.1259 	EXP 	choiceC: autoDraw = False
37.1259 	EXP 	choiceD: autoDraw = False
37.1259 	EXP 	choiceE: autoDraw = False
37.1259 	EXP 	choiceC: color = 'green (named)'
37.1259 	EXP 	TextQuestion: autoDraw = False
37.1259 	EXP 	choiceA: autoDraw = False
37.1259 	EXP 	choiceB: autoDraw = False
37.1259 	EXP 	choiceC: autoDraw = False
37.1259 	EXP 	choiceD: autoDraw = False
37.1259 	EXP 	choiceE: autoDraw = False
37.1259 	EXP 	conBlank: autoDraw = False
37.1259 	EXP 	choiceA: autoDraw = False
37.1259 	EXP 	choiceB: autoDraw = False
37.1259 	EXP 	choiceC: autoDraw = False
37.1259 	EXP 	choiceD: autoDraw = False
37.1259 	EXP 	choiceE: autoDraw = False
37.1259 	EXP 	choiceA: color = 'white (named)'
37.1259 	EXP 	choiceB: color = 'white (named)'
37.1259 	EXP 	choiceC: color = 'white (named)'
37.1259 	EXP 	choiceD: color = 'white (named)'
37.1259 	EXP 	choiceE: color = 'white (named)'
37.1259 	EXP 	TextQuestion: text = 'PLACEHOLDER'
37.1259 	EXP 	choiceA: text = 'QA'
37.1259 	EXP 	choiceB: text = 'QB'
37.1259 	EXP 	choiceC: text = 'QC'
37.1259 	EXP 	choiceD: text = 'QD'
37.1259 	EXP 	choiceE: text = 'QE'
37.1259 	EXP 	TextQuestion: text = "4) Extensive housing is underway in Pataska Forest, the habitat of a large population of deer. Because deer feed at the edges of the forests, these deer will be attracted to the spaces alongside the new roads. Being cut through Pataska Forest to serve the new residential areas. Consequently, once the housing is occupied, the annual number of the forest's deer hit by cars will be much higher than before construction started. \n\nWhich of the following is an assumption on which the argument depends?"
37.1259 	EXP 	choiceA: text = '(A)The number of deer hit by commercial vehicles will not increase significantly when the housing is occupied.'
37.1259 	EXP 	choiceB: text = '(B)Deer will be as attracted to the forest edge around new houses as to the forest edge alongside roads.'
37.1259 	EXP 	choiceC: text = '(C)In past years, the annual number of deer that have been hit by cars on existing roads through Pataska Forest has been very low.'
37.1259 	EXP 	choiceD: text = '(D) The development will leave sufficient forest to sustain a signiificant population of deer.'
37.1259 	EXP 	choiceE: text = '(E)No deer hunting will be allowed in Pataska Forest when the housing is occupied. '
37.1259 	EXP 	TextQuestion: autoDraw = True
37.1259 	EXP 	choiceA: autoDraw = True
37.1259 	EXP 	choiceB: autoDraw = True
37.1259 	EXP 	choiceC: autoDraw = True
37.1259 	EXP 	choiceD: autoDraw = True
37.1259 	EXP 	choiceE: autoDraw = True
37.6195 	DATA 	Keypress: return
37.6292 	EXP 	choiceD: color = 'green (named)'
37.6292 	EXP 	conBlank: autoDraw = True
37.6460 	EXP 	choiceD: color = 'green (named)'
37.6626 	EXP 	choiceD: color = 'green (named)'
37.6793 	EXP 	choiceD: color = 'green (named)'
37.6959 	EXP 	choiceD: color = 'green (named)'
37.7126 	EXP 	choiceD: color = 'green (named)'
37.7294 	EXP 	choiceD: color = 'green (named)'
37.7460 	EXP 	choiceD: color = 'green (named)'
37.7625 	EXP 	choiceD: color = 'green (named)'
37.7793 	EXP 	choiceD: color = 'green (named)'
37.7961 	EXP 	choiceD: color = 'green (named)'
37.8128 	EXP 	choiceD: color = 'green (named)'
37.8294 	EXP 	choiceD: color = 'green (named)'
37.8460 	EXP 	choiceD: color = 'green (named)'
37.8628 	EXP 	choiceD: color = 'green (named)'
37.8794 	EXP 	choiceD: color = 'green (named)'
37.8961 	EXP 	choiceD: color = 'green (named)'
37.9129 	EXP 	choiceD: color = 'green (named)'
37.9295 	EXP 	choiceD: color = 'green (named)'
37.9462 	EXP 	choiceD: color = 'green (named)'
37.9630 	EXP 	choiceD: color = 'green (named)'
37.9795 	EXP 	choiceD: color = 'green (named)'
37.9961 	EXP 	choiceD: color = 'green (named)'
38.0129 	EXP 	choiceD: color = 'green (named)'
38.0297 	EXP 	choiceD: color = 'green (named)'
38.0462 	EXP 	choiceD: color = 'green (named)'
38.0629 	EXP 	choiceD: color = 'green (named)'
38.0796 	EXP 	choiceD: color = 'green (named)'
38.0964 	EXP 	choiceD: color = 'green (named)'
38.1130 	EXP 	choiceD: color = 'green (named)'
38.1294 	EXP 	choiceD: color = 'green (named)'
38.1463 	EXP 	choiceD: color = 'green (named)'
38.1630 	EXP 	choiceD: color = 'green (named)'
38.1796 	EXP 	choiceD: color = 'green (named)'
38.1963 	EXP 	choiceD: color = 'green (named)'
38.2130 	EXP 	choiceD: color = 'green (named)'
38.2295 	EXP 	choiceD: color = 'green (named)'
38.2463 	EXP 	choiceD: color = 'green (named)'
38.2631 	EXP 	choiceD: color = 'green (named)'
38.2800 	EXP 	choiceD: color = 'green (named)'
38.2966 	EXP 	choiceD: color = 'green (named)'
38.3133 	EXP 	choiceD: color = 'green (named)'
38.3297 	EXP 	choiceD: color = 'green (named)'
38.3463 	EXP 	choiceD: color = 'green (named)'
38.3630 	EXP 	choiceD: color = 'green (named)'
38.3798 	EXP 	choiceD: color = 'green (named)'
38.3965 	EXP 	choiceD: color = 'green (named)'
38.4133 	EXP 	choiceD: color = 'green (named)'
38.4300 	EXP 	choiceD: color = 'green (named)'
38.4465 	EXP 	choiceD: color = 'green (named)'
38.4631 	EXP 	choiceD: color = 'green (named)'
38.4799 	EXP 	choiceD: color = 'green (named)'
38.4966 	EXP 	choiceD: color = 'green (named)'
38.5133 	EXP 	choiceD: color = 'green (named)'
38.5300 	EXP 	choiceD: color = 'green (named)'
38.5466 	EXP 	choiceD: color = 'green (named)'
38.5634 	EXP 	choiceD: color = 'green (named)'
38.5800 	EXP 	choiceD: color = 'green (named)'
38.5968 	EXP 	choiceD: color = 'green (named)'
38.6134 	EXP 	choiceD: color = 'green (named)'
38.6302 	EXP 	choiceD: color = 'green (named)'
38.6467 	EXP 	choiceD: color = 'green (named)'
38.6634 	EXP 	choiceD: color = 'green (named)'
38.6799 	EXP 	choiceD: color = 'green (named)'
38.6968 	EXP 	choiceD: color = 'green (named)'
38.7135 	EXP 	choiceD: color = 'green (named)'
38.7302 	EXP 	choiceD: color = 'green (named)'
38.7467 	EXP 	choiceD: color = 'green (named)'
38.7635 	EXP 	choiceD: color = 'green (named)'
38.7802 	EXP 	choiceD: color = 'green (named)'
38.7969 	EXP 	choiceD: color = 'green (named)'
38.8135 	EXP 	choiceD: color = 'green (named)'
38.8303 	EXP 	choiceD: color = 'green (named)'
38.8469 	EXP 	choiceD: color = 'green (named)'
38.8636 	EXP 	choiceD: color = 'green (named)'
38.8802 	EXP 	choiceD: color = 'green (named)'
38.8970 	EXP 	choiceD: color = 'green (named)'
38.9135 	EXP 	choiceD: color = 'green (named)'
38.9302 	EXP 	choiceD: color = 'green (named)'
38.9468 	EXP 	choiceD: color = 'green (named)'
38.9637 	EXP 	choiceD: color = 'green (named)'
38.9803 	EXP 	choiceD: color = 'green (named)'
38.9970 	EXP 	choiceD: color = 'green (named)'
39.0135 	EXP 	choiceD: color = 'green (named)'
39.0304 	EXP 	choiceD: color = 'green (named)'
39.0473 	EXP 	choiceD: color = 'green (named)'
39.0637 	EXP 	choiceD: color = 'green (named)'
39.0803 	EXP 	choiceD: color = 'green (named)'
39.0971 	EXP 	choiceD: color = 'green (named)'
39.1138 	EXP 	choiceD: color = 'green (named)'
39.1304 	EXP 	choiceD: color = 'green (named)'
39.1471 	EXP 	choiceD: color = 'green (named)'
39.1638 	EXP 	choiceD: color = 'green (named)'
39.1804 	EXP 	choiceD: color = 'green (named)'
39.1972 	EXP 	choiceD: color = 'green (named)'
39.2140 	EXP 	choiceD: color = 'green (named)'
39.2305 	EXP 	choiceD: color = 'green (named)'
39.2472 	EXP 	choiceD: color = 'green (named)'
39.2638 	EXP 	choiceD: color = 'green (named)'
39.2805 	EXP 	choiceD: color = 'green (named)'
39.2972 	EXP 	choiceD: color = 'green (named)'
39.3139 	EXP 	choiceD: color = 'green (named)'
39.3306 	EXP 	choiceD: color = 'green (named)'
39.3472 	EXP 	choiceD: color = 'green (named)'
39.3638 	EXP 	choiceD: color = 'green (named)'
39.3808 	EXP 	choiceD: color = 'green (named)'
39.3975 	EXP 	choiceD: color = 'green (named)'
39.4142 	EXP 	choiceD: color = 'green (named)'
39.4307 	EXP 	choiceD: color = 'green (named)'
39.4473 	EXP 	choiceD: color = 'green (named)'
39.4639 	EXP 	choiceD: color = 'green (named)'
39.4807 	EXP 	choiceD: color = 'green (named)'
39.4976 	EXP 	choiceD: color = 'green (named)'
39.5140 	EXP 	choiceD: color = 'green (named)'
39.5308 	EXP 	choiceD: color = 'green (named)'
39.5475 	EXP 	choiceD: color = 'green (named)'
39.5640 	EXP 	choiceD: color = 'green (named)'
39.5809 	EXP 	choiceD: color = 'green (named)'
39.5976 	EXP 	choiceD: color = 'green (named)'
39.6143 	EXP 	choiceD: color = 'green (named)'
39.6310 	EXP 	choiceD: color = 'green (named)'
39.6476 	EXP 	choiceD: color = 'green (named)'
39.6642 	EXP 	choiceD: color = 'green (named)'
39.6809 	EXP 	choiceD: color = 'green (named)'
39.6975 	EXP 	choiceD: color = 'green (named)'
39.7143 	EXP 	choiceD: color = 'green (named)'
39.7308 	EXP 	choiceD: color = 'green (named)'
39.7477 	EXP 	choiceD: color = 'green (named)'
39.7643 	EXP 	choiceD: color = 'green (named)'
39.7813 	EXP 	choiceD: color = 'green (named)'
39.7977 	EXP 	choiceD: color = 'green (named)'
39.8142 	EXP 	choiceD: color = 'green (named)'
39.8311 	EXP 	choiceD: color = 'green (named)'
39.8478 	EXP 	choiceD: color = 'green (named)'
39.8644 	EXP 	choiceD: color = 'green (named)'
39.8810 	EXP 	choiceD: color = 'green (named)'
39.8978 	EXP 	choiceD: color = 'green (named)'
39.9144 	EXP 	choiceD: color = 'green (named)'
39.9314 	EXP 	choiceD: color = 'green (named)'
39.9477 	EXP 	choiceD: color = 'green (named)'
39.9646 	EXP 	choiceD: color = 'green (named)'
39.9812 	EXP 	choiceD: color = 'green (named)'
39.9977 	EXP 	choiceD: color = 'green (named)'
40.0144 	EXP 	choiceD: color = 'green (named)'
40.0313 	EXP 	choiceD: color = 'green (named)'
40.0478 	EXP 	choiceD: color = 'green (named)'
40.0644 	EXP 	choiceD: color = 'green (named)'
40.0813 	EXP 	choiceD: color = 'green (named)'
40.0980 	EXP 	choiceD: color = 'green (named)'
40.1145 	EXP 	choiceD: color = 'green (named)'
40.1313 	EXP 	choiceD: color = 'green (named)'
40.1313 	EXP 	conBlank: autoDraw = False
40.1346 	EXP 	New trial (rep=0, index=4): OrderedDict([('GMAT', '5)\xa0In the twentieth century, the visual arts have embarked on major experimentation, from cubism to expressionism. \xa0While tastes always vary, there are certainly some people who find beautiful objects of each of the art movements of the first half of the twentieth century. \xa0In the latter half of the twentieth century, though, most works are so abstract or shocking that neither the critic nor the general public uses the word “beautiful” to describe them: indeed, sometimes late twentieth-century artists have, as one of their expressed goals, the creation of a work that no one could find beautiful. \xa0Whatever these artists are creating may be intellectually engaging at some level, but it is no longer art.'), ('GMATQA', '(A) Art critics generally have a different appraisal of a work of art than does the general public.'), ('GMATQB', '(B) The meaning of any work of art is defined entirely by the ideas of the artist who created it.'), ('GMATQC', '(C) Beauty is a defining quality of art.'), ('GMATQD', '(D) All art movements of the latter half of the twentieth century are responses to the movements of the first half of the century.'), ('GMATQE', '(E) It is not possible for any work to be simultaneously beautiful and intellectually engaging.'), ('GMATAs', 'c'), ('GRE', '5)The Malbec grape, originally grown in France, has become the main varietal in Argentina. This is surprising because most Malbec grown in Argentina is grown at high altitudes, whereas the Malbec grape once was grown at low altitudes. Therefore, Argentinian winegrowers should grow the Malbec grape at low elevations.\n\nWhich of the following, if true, would most weaken the conclusion of the argument?'), ('GREQA', '(A)The Bordeaux grape is the most popular grape in France, but is rarely, if ever, grown in Argentina.'), ('GREQB', '(B)Some varietals are unable to grow at high altitudes. '), ('GREQC', '(C)The soil at high altitudes is filled with nutrients that help the Malbec grape grow. '), ('GREQD', '(D) The Malbec vine is susceptible to phylloxera, a plant louse that only growss at low altitudes. '), ('GREQE', '(E)Malbec has recently enjoyed a surge in popularity, and can be found in many different countries. '), ('GREA', None), ('LSAT', '5) Journalist: To reconcile the need for profits sufficient to support new drug research with the moral imperative to provide medicines to those who most need them but cannot afford them, some pharmaceutical companies feel justified in selling a drug in rich nations at one price and in poor nations at a much lower price. But this practice is unjustified. A nation with a low average income may still have a substantial middle class better able to pay for new drugs than are many of the poorer citizens of an overall wealthier nation.\n\nWhich one of the following principles, if valid, most helps to justify the journalist’s reasoning?'), ('LSATQA', '(A)People who are ill deserve more consideration than do healthy people, regardless of their relative socioeconomic positions.'), ('LSATQB', '(B)Wealthy institutions have an obligation to expend at least some of their resources to assist those incapable of assisting themselves.\n'), ('LSATQC', '(C)Whether one deserves special consideration depends on one’s needs rather than on characteristics of the society to which one belongs.'), ('LSATQD', '(D)The people in wealthy nations should not have better access to health care than do the people in poorer nations.'), ('LSATQE', '(E)Unequal access to health care is more unfair than an unequal distribution of wealth.'), ('LSATAs', 'c')])
40.2146 	EXP 	TextQuestion: autoDraw = False
40.2146 	EXP 	choiceA: autoDraw = False
40.2146 	EXP 	choiceB: autoDraw = False
40.2146 	EXP 	choiceC: autoDraw = False
40.2146 	EXP 	choiceD: autoDraw = False
40.2146 	EXP 	choiceE: autoDraw = False
40.2146 	EXP 	choiceD: color = 'green (named)'
40.2146 	EXP 	TextQuestion: autoDraw = False
40.2146 	EXP 	choiceA: autoDraw = False
40.2146 	EXP 	choiceB: autoDraw = False
40.2146 	EXP 	choiceC: autoDraw = False
40.2146 	EXP 	choiceD: autoDraw = False
40.2146 	EXP 	choiceE: autoDraw = False
40.2146 	EXP 	conBlank: autoDraw = False
40.2146 	EXP 	choiceA: autoDraw = False
40.2146 	EXP 	choiceB: autoDraw = False
40.2146 	EXP 	choiceC: autoDraw = False
40.2146 	EXP 	choiceD: autoDraw = False
40.2146 	EXP 	choiceE: autoDraw = False
40.2146 	EXP 	choiceA: color = 'white (named)'
40.2146 	EXP 	choiceB: color = 'white (named)'
40.2146 	EXP 	choiceC: color = 'white (named)'
40.2146 	EXP 	choiceD: color = 'white (named)'
40.2146 	EXP 	choiceE: color = 'white (named)'
40.2146 	EXP 	TextQuestion: text = 'PLACEHOLDER'
40.2146 	EXP 	choiceA: text = 'QA'
40.2146 	EXP 	choiceB: text = 'QB'
40.2146 	EXP 	choiceC: text = 'QC'
40.2146 	EXP 	choiceD: text = 'QD'
40.2146 	EXP 	choiceE: text = 'QE'
40.2146 	EXP 	TextQuestion: text = '5)The Malbec grape, originally grown in France, has become the main varietal in Argentina. This is surprising because most Malbec grown in Argentina is grown at high altitudes, whereas the Malbec grape once was grown at low altitudes. Therefore, Argentinian winegrowers should grow the Malbec grape at low elevations.\n\nWhich of the following, if true, would most weaken the conclusion of the argument?'
40.2146 	EXP 	choiceA: text = '(A)The Bordeaux grape is the most popular grape in France, but is rarely, if ever, grown in Argentina.'
40.2146 	EXP 	choiceB: text = '(B)Some varietals are unable to grow at high altitudes. '
40.2146 	EXP 	choiceC: text = '(C)The soil at high altitudes is filled with nutrients that help the Malbec grape grow. '
40.2146 	EXP 	choiceD: text = '(D) The Malbec vine is susceptible to phylloxera, a plant louse that only growss at low altitudes. '
40.2146 	EXP 	choiceE: text = '(E)Malbec has recently enjoyed a surge in popularity, and can be found in many different countries. '
40.2146 	EXP 	TextQuestion: autoDraw = True
40.2146 	EXP 	choiceA: autoDraw = True
40.2146 	EXP 	choiceB: autoDraw = True
40.2146 	EXP 	choiceC: autoDraw = True
40.2146 	EXP 	choiceD: autoDraw = True
40.2146 	EXP 	choiceE: autoDraw = True
40.8554 	DATA 	Keypress: return
40.8654 	EXP 	conBlank: autoDraw = True
41.6357 	DATA 	Keypress: return
42.0520 	DATA 	Keypress: return
43.3674 	EXP 	conBlank: autoDraw = False
43.3707 	EXP 	Created sequence: random, trialTypes=1, nReps=0, seed=None
43.3709 	EXP 	New trial (rep=0, index=1): OrderedDict([('Rows', '005:0010'), ('rows3', 'REGULATE')])
43.3849 	EXP 	TextQuestion: autoDraw = False
43.3849 	EXP 	choiceA: autoDraw = False
43.3849 	EXP 	choiceB: autoDraw = False
43.3849 	EXP 	choiceC: autoDraw = False
43.3849 	EXP 	choiceD: autoDraw = False
43.3849 	EXP 	choiceE: autoDraw = False
43.3849 	EXP 	TextQuestion: autoDraw = False
43.3849 	EXP 	choiceA: autoDraw = False
43.3849 	EXP 	choiceB: autoDraw = False
43.3849 	EXP 	choiceC: autoDraw = False
43.3849 	EXP 	choiceD: autoDraw = False
43.3849 	EXP 	choiceE: autoDraw = False
43.3849 	EXP 	conBlank: autoDraw = False
43.3849 	EXP 	choiceA: autoDraw = False
43.3849 	EXP 	choiceB: autoDraw = False
43.3849 	EXP 	choiceC: autoDraw = False
43.3849 	EXP 	choiceD: autoDraw = False
43.3849 	EXP 	choiceE: autoDraw = False
43.3849 	EXP 	choiceA: color = 'white (named)'
43.3849 	EXP 	choiceB: color = 'white (named)'
43.3849 	EXP 	choiceC: color = 'white (named)'
43.3849 	EXP 	choiceD: color = 'white (named)'
43.3849 	EXP 	choiceE: color = 'white (named)'
43.3849 	EXP 	isi: autoDraw = True
45.8894 	EXP 	isi: autoDraw = False
45.8894 	EXP 	isi: autoDraw = False
45.8894 	EXP 	regCue: text = 'REGULATE'
45.8894 	EXP 	regCue: autoDraw = True
47.3560 	DATA 	Keypress: escape
47.4611 	EXP 	window1: mouseVisible = True
