4.9348 	WARNING 	User requested fullscreen with size [1024  768], but screen is actually [1920, 1200]. Using actual size
5.6962 	EXP 	Created window1 = Window(allowGUI=False, allowStencil=False, args=UNKNOWN, autoLog=True, bitsMode=UNKNOWN, blendMode='avg', color=array([0., 0., 0.]), colorSpace='rgb', fullscr=<method-wrapper '__getattribute__' of attributeSetter object at 0x000001F73DFFBE10>, gamma=None, gammaErrorPolicy='raise', kwargs=UNKNOWN, lms=UNKNOWN, monitor=<psychopy.monitors.calibTools.Monitor object at 0x000001F73DEB4B00>, multiSample=False, name='window1', numSamples=2, pos=[0.0, 0.0], screen=0, size=array([1920, 1200]), stereo=False, units='height', useFBO=True, useRetina=False, viewOri=0.0, viewPos=None, viewScale=None, waitBlanking=True, winType='pyglet')
5.6962 	EXP 	window1: recordFrameIntervals = False
5.8625 	EXP 	window1: recordFrameIntervals = True
6.0463 	EXP 	window1: recordFrameIntervals = False
6.2454 	EXP 	Created instruct = TextStim(__class__=<class 'psychopy.visual.text.TextStim'>, alignHoriz='center', alignVert='center', antialias=True, autoLog=True, bold=False, color='white', colorSpace='named', contrast=1.0, depth=0.0, flipHoriz=False, flipVert=False, font='Arial', fontFiles=[], height=0.05, italic=False, languageStyle='LTR', name='instruct', opacity=1.0, ori=0, pos=array([0., 0.]), rgb=array([255., 255., 255.]), text=str(...), units='height', win=Window(...), wrapWidth=1.4)
6.2647 	EXP 	Created regCue = TextStim(__class__=<class 'psychopy.visual.text.TextStim'>, alignHoriz='center', alignVert='center', antialias=True, autoLog=True, bold=False, color='white', colorSpace='named', contrast=1.0, depth=0.0, flipHoriz=False, flipVert=False, font='Arial', fontFiles=[], height=0.1, italic=False, languageStyle='LTR', name='regCue', opacity=1.0, ori=0, pos=array([0., 0.]), rgb=array([255., 255., 255.]), text='REGULATE', units='height', win=Window(...), wrapWidth=1)
6.2812 	EXP 	Created choiceQ = TextStim(__class__=<class 'psychopy.visual.text.TextStim'>, alignHoriz='center', alignVert='center', antialias=True, autoLog=True, bold=False, color='white', colorSpace='named', contrast=1.0, depth=0.0, flipHoriz=False, flipVert=False, font='Arial', fontFiles=[], height=0.05, italic=False, languageStyle='LTR', name='choiceQ', opacity=1.0, ori=0, pos=array([0.  , 0.35]), rgb=array([255., 255., 255.]), text=str(...), units='height', win=Window(...), wrapWidth=1.4)
6.2959 	EXP 	Created testChoice = TextStim(__class__=<class 'psychopy.visual.text.TextStim'>, alignHoriz='center', alignVert='center', antialias=True, autoLog=True, bold=False, color='white', colorSpace='named', contrast=1.0, depth=-2.0, flipHoriz=False, flipVert=False, font='Arial', fontFiles=[], height=0.04, italic=False, languageStyle='LTR', name='testChoice', opacity=1.0, ori=0, pos=array([-0.41,  0.15]), rgb=array([255., 255., 255.]), text='Practice Standardized Test Questions', units='height', win=Window(...), wrapWidth=1)
6.3017 	EXP 	Created videogameChoice = TextStim(__class__=<class 'psychopy.visual.text.TextStim'>, alignHoriz='center', alignVert='center', antialias=True, autoLog=True, bold=False, color='white', colorSpace='named', contrast=1.0, depth=-3.0, flipHoriz=False, flipVert=False, font='Arial', fontFiles=[], height=0.04, italic=False, languageStyle='LTR', name='videogameChoice', opacity=1.0, ori=0, pos=array([0.41, 0.15]), rgb=array([255., 255., 255.]), text='Play a Videogame', units='height', win=Window(...), wrapWidth=1)
6.3062 	EXP 	Created gre = ImageStim(__class__=<class 'psychopy.visual.image.ImageStim'>, autoLog=True, color=array([1., 1., 1.]), colorSpace='rgb', contrast=1.0, depth=-4.0, flipHoriz=False, flipVert=False, image='gre.png', interpolate=True, mask=None, maskParams=None, name='gre', opacity=1.0, ori=0.0, pos=array([-0.41,  0.02]), size=array([0.3  , 0.105]), texRes=128, units='height', win=Window(...))
6.3090 	EXP 	Created gmat = ImageStim(__class__=<class 'psychopy.visual.image.ImageStim'>, autoLog=True, color=array([1., 1., 1.]), colorSpace='rgb', contrast=1.0, depth=-5.0, flipHoriz=False, flipVert=False, image='gmat.png', interpolate=True, mask=None, maskParams=None, name='gmat', opacity=1.0, ori=0.0, pos=array([-0.41, -0.13]), size=array([0.3 , 0.11]), texRes=128, units='height', win=Window(...))
6.3107 	EXP 	Created lsat = ImageStim(__class__=<class 'psychopy.visual.image.ImageStim'>, autoLog=True, color=array([1., 1., 1.]), colorSpace='rgb', contrast=1.0, depth=-6.0, flipHoriz=False, flipVert=False, image='lsat.png', interpolate=True, mask=None, maskParams=None, name='lsat', opacity=1.0, ori=0.0, pos=array([-0.41, -0.27]), size=array([0.3 , 0.11]), texRes=128, units='height', win=Window(...))
6.3139 	EXP 	Created mcat = ImageStim(__class__=<class 'psychopy.visual.image.ImageStim'>, autoLog=True, color=array([1., 1., 1.]), colorSpace='rgb', contrast=1.0, depth=-7.0, flipHoriz=False, flipVert=False, image='mcat.png', interpolate=True, mask=None, maskParams=None, name='mcat', opacity=1.0, ori=0.0, pos=array([-0.41, -0.41]), size=array([0.3 , 0.11]), texRes=128, units='height', win=Window(...))
6.3255 	EXP 	Created game = ImageStim(__class__=<class 'psychopy.visual.image.ImageStim'>, autoLog=True, color=array([1., 1., 1.]), colorSpace='rgb', contrast=1.0, depth=-8.0, flipHoriz=False, flipVert=False, image='game.png', interpolate=True, mask=None, maskParams=None, name='game', opacity=1.0, ori=0.0, pos=array([ 0.41, -0.19]), size=array([0.4, 0.5]), texRes=128, units='height', win=Window(...))
6.3261 	EXP 	Created blank = TextStim(__class__=<class 'psychopy.visual.text.TextStim'>, alignHoriz='center', alignVert='center', antialias=True, autoLog=True, bold=False, color='white', colorSpace='named', contrast=1.0, depth=-9.0, flipHoriz=False, flipVert=False, font='Arial', fontFiles=[], height=0.1, italic=False, languageStyle='LTR', name='blank', opacity=1.0, ori=0, pos=array([0., 0.]), rgb=array([255., 255., 255.]), text='', units='height', win=Window(...), wrapWidth=1)
6.3584 	EXP 	Created testQChoice = TextStim(__class__=<class 'psychopy.visual.text.TextStim'>, alignHoriz='center', alignVert='center', antialias=True, autoLog=True, bold=False, color='white', colorSpace='named', contrast=1.0, depth=0.0, flipHoriz=False, flipVert=False, font='Arial', fontFiles=[], height=0.055, italic=False, languageStyle='LTR', name='testQChoice', opacity=1.0, ori=0, pos=array([0.  , 0.35]), rgb=array([255., 255., 255.]), text=str(...), units='height', win=Window(...), wrapWidth=1.3)
6.3620 	EXP 	Created image = ImageStim(__class__=<class 'psychopy.visual.image.ImageStim'>, autoLog=True, color=array([1., 1., 1.]), colorSpace='rgb', contrast=1.0, depth=-1.0, flipHoriz=False, flipVert=False, image='gre.png', interpolate=True, mask=None, maskParams=None, name='image', opacity=1.0, ori=0.0, pos=array([0.  , 0.05]), size=array([0.3 , 0.11]), texRes=128, units='height', win=Window(...))
6.3647 	EXP 	Created image_2 = ImageStim(__class__=<class 'psychopy.visual.image.ImageStim'>, autoLog=True, color=array([1., 1., 1.]), colorSpace='rgb', contrast=1.0, depth=-2.0, flipHoriz=False, flipVert=False, image='gmat.png', interpolate=True, mask=None, maskParams=None, name='image_2', opacity=1.0, ori=0.0, pos=array([ 0.  , -0.05]), size=array([0.3 , 0.11]), texRes=128, units='height', win=Window(...))
6.3673 	EXP 	Created image_3 = ImageStim(__class__=<class 'psychopy.visual.image.ImageStim'>, autoLog=True, color=array([1., 1., 1.]), colorSpace='rgb', contrast=1.0, depth=-3.0, flipHoriz=False, flipVert=False, image='lsat.png', interpolate=True, mask=None, maskParams=None, name='image_3', opacity=1.0, ori=0.0, pos=array([ 0. , -0.2]), size=array([0.3 , 0.11]), texRes=128, units='height', win=Window(...))
6.3705 	EXP 	Created image_4 = ImageStim(__class__=<class 'psychopy.visual.image.ImageStim'>, autoLog=True, color=array([1., 1., 1.]), colorSpace='rgb', contrast=1.0, depth=-4.0, flipHoriz=False, flipVert=False, image='mcat.png', interpolate=True, mask=None, maskParams=None, name='image_4', opacity=1.0, ori=0.0, pos=array([ 0.  , -0.35]), size=array([0.3 , 0.11]), texRes=128, units='height', win=Window(...))
6.3999 	EXP 	instruct: autoDraw = True
7.4723 	DATA 	Keypress: space
7.4806 	EXP 	instruct: autoDraw = False
7.4806 	EXP 	regCue: autoDraw = True
10.4996 	EXP 	regCue: autoDraw = False
10.4996 	EXP 	regCue: autoDraw = False
10.4996 	EXP 	choiceQ: autoDraw = True
10.4996 	EXP 	testChoice: autoDraw = True
10.4996 	EXP 	videogameChoice: autoDraw = True
10.4996 	EXP 	gre: autoDraw = True
10.4996 	EXP 	gmat: autoDraw = True
10.4996 	EXP 	lsat: autoDraw = True
10.4996 	EXP 	mcat: autoDraw = True
10.4996 	EXP 	game: autoDraw = True
15.3086 	DATA 	Keypress: 1
15.3204 	EXP 	blank: autoDraw = True
15.3204 	EXP 	testChoice: color = 'green (named)'
15.3371 	EXP 	testChoice: color = 'green (named)'
15.3539 	EXP 	testChoice: color = 'green (named)'
15.3704 	EXP 	testChoice: color = 'green (named)'
15.3872 	EXP 	testChoice: color = 'green (named)'
15.4038 	EXP 	testChoice: color = 'green (named)'
15.4205 	EXP 	testChoice: color = 'green (named)'
15.4371 	EXP 	testChoice: color = 'green (named)'
15.4538 	EXP 	testChoice: color = 'green (named)'
15.4705 	EXP 	testChoice: color = 'green (named)'
15.4871 	EXP 	testChoice: color = 'green (named)'
15.5037 	EXP 	testChoice: color = 'green (named)'
15.5205 	EXP 	testChoice: color = 'green (named)'
15.5373 	EXP 	testChoice: color = 'green (named)'
15.5538 	EXP 	testChoice: color = 'green (named)'
15.5706 	EXP 	testChoice: color = 'green (named)'
15.5873 	EXP 	testChoice: color = 'green (named)'
15.6038 	EXP 	testChoice: color = 'green (named)'
15.6206 	EXP 	testChoice: color = 'green (named)'
15.6372 	EXP 	testChoice: color = 'green (named)'
15.6540 	EXP 	testChoice: color = 'green (named)'
15.6707 	EXP 	testChoice: color = 'green (named)'
15.6873 	EXP 	testChoice: color = 'green (named)'
15.7041 	EXP 	testChoice: color = 'green (named)'
15.7206 	EXP 	testChoice: color = 'green (named)'
15.7373 	EXP 	testChoice: color = 'green (named)'
15.7541 	EXP 	testChoice: color = 'green (named)'
15.7715 	EXP 	testChoice: color = 'green (named)'
15.7875 	EXP 	testChoice: color = 'green (named)'
15.8041 	EXP 	testChoice: color = 'green (named)'
15.8208 	EXP 	testChoice: color = 'green (named)'
15.8375 	EXP 	testChoice: color = 'green (named)'
15.8541 	EXP 	testChoice: color = 'green (named)'
15.8708 	EXP 	testChoice: color = 'green (named)'
15.8876 	EXP 	testChoice: color = 'green (named)'
15.9042 	EXP 	testChoice: color = 'green (named)'
15.9209 	EXP 	testChoice: color = 'green (named)'
15.9376 	EXP 	testChoice: color = 'green (named)'
15.9542 	EXP 	testChoice: color = 'green (named)'
15.9709 	EXP 	testChoice: color = 'green (named)'
15.9877 	EXP 	testChoice: color = 'green (named)'
16.0043 	EXP 	testChoice: color = 'green (named)'
16.0210 	EXP 	testChoice: color = 'green (named)'
16.0377 	EXP 	testChoice: color = 'green (named)'
16.0543 	EXP 	testChoice: color = 'green (named)'
16.0710 	EXP 	testChoice: color = 'green (named)'
16.0878 	EXP 	testChoice: color = 'green (named)'
16.1044 	EXP 	testChoice: color = 'green (named)'
16.1211 	EXP 	testChoice: color = 'green (named)'
16.1377 	EXP 	testChoice: color = 'green (named)'
16.1544 	EXP 	testChoice: color = 'green (named)'
16.1711 	EXP 	testChoice: color = 'green (named)'
16.1877 	EXP 	testChoice: color = 'green (named)'
16.2045 	EXP 	testChoice: color = 'green (named)'
16.2211 	EXP 	testChoice: color = 'green (named)'
16.2379 	EXP 	testChoice: color = 'green (named)'
16.2545 	EXP 	testChoice: color = 'green (named)'
16.2713 	EXP 	testChoice: color = 'green (named)'
16.2879 	EXP 	testChoice: color = 'green (named)'
16.3045 	EXP 	testChoice: color = 'green (named)'
16.3213 	EXP 	testChoice: color = 'green (named)'
16.3380 	EXP 	testChoice: color = 'green (named)'
16.3546 	EXP 	testChoice: color = 'green (named)'
16.3716 	EXP 	testChoice: color = 'green (named)'
16.3880 	EXP 	testChoice: color = 'green (named)'
16.4046 	EXP 	testChoice: color = 'green (named)'
16.4213 	EXP 	testChoice: color = 'green (named)'
16.4380 	EXP 	testChoice: color = 'green (named)'
16.4547 	EXP 	testChoice: color = 'green (named)'
16.4714 	EXP 	testChoice: color = 'green (named)'
16.4881 	EXP 	testChoice: color = 'green (named)'
16.5047 	EXP 	testChoice: color = 'green (named)'
16.5214 	EXP 	testChoice: color = 'green (named)'
16.5381 	EXP 	testChoice: color = 'green (named)'
16.5548 	EXP 	testChoice: color = 'green (named)'
16.5714 	EXP 	testChoice: color = 'green (named)'
16.5881 	EXP 	testChoice: color = 'green (named)'
16.6049 	EXP 	testChoice: color = 'green (named)'
16.6215 	EXP 	testChoice: color = 'green (named)'
16.6381 	EXP 	testChoice: color = 'green (named)'
16.6547 	EXP 	testChoice: color = 'green (named)'
16.6716 	EXP 	testChoice: color = 'green (named)'
16.6882 	EXP 	testChoice: color = 'green (named)'
16.7050 	EXP 	testChoice: color = 'green (named)'
16.7216 	EXP 	testChoice: color = 'green (named)'
16.7383 	EXP 	testChoice: color = 'green (named)'
16.7550 	EXP 	testChoice: color = 'green (named)'
16.7717 	EXP 	testChoice: color = 'green (named)'
16.7883 	EXP 	testChoice: color = 'green (named)'
16.8050 	EXP 	testChoice: color = 'green (named)'
16.8217 	EXP 	blank: autoDraw = False
16.8217 	EXP 	testChoice: color = 'green (named)'
16.8384 	EXP 	choiceQ: autoDraw = False
16.8384 	EXP 	testChoice: autoDraw = False
16.8384 	EXP 	videogameChoice: autoDraw = False
16.8384 	EXP 	gre: autoDraw = False
16.8384 	EXP 	gmat: autoDraw = False
16.8384 	EXP 	lsat: autoDraw = False
16.8384 	EXP 	mcat: autoDraw = False
16.8384 	EXP 	game: autoDraw = False
16.8384 	EXP 	testChoice: color = 'green (named)'
16.8384 	EXP 	choiceQ: autoDraw = False
16.8384 	EXP 	testChoice: autoDraw = False
16.8384 	EXP 	videogameChoice: autoDraw = False
16.8384 	EXP 	gre: autoDraw = False
16.8384 	EXP 	gmat: autoDraw = False
16.8384 	EXP 	lsat: autoDraw = False
16.8384 	EXP 	mcat: autoDraw = False
16.8384 	EXP 	game: autoDraw = False
16.8384 	EXP 	blank: autoDraw = False
16.8384 	EXP 	videogameChoice: color = 'white (named)'
16.8384 	EXP 	testChoice: color = 'white (named)'
16.8384 	EXP 	choiceQ: autoDraw = False
16.8384 	EXP 	testChoice: autoDraw = False
16.8384 	EXP 	videogameChoice: autoDraw = False
16.8384 	EXP 	gre: autoDraw = False
16.8384 	EXP 	gmat: autoDraw = False
16.8384 	EXP 	lsat: autoDraw = False
16.8384 	EXP 	mcat: autoDraw = False
16.8384 	EXP 	testQChoice: autoDraw = True
16.8384 	EXP 	image: autoDraw = True
16.8384 	EXP 	image_2: autoDraw = True
16.8384 	EXP 	image_3: autoDraw = True
16.8384 	EXP 	image_4: autoDraw = True
20.5817 	DATA 	Keypress: escape
20.7185 	EXP 	window1: mouseVisible = True
3.7811 	WARNING 	User requested fullscreen with size [1024  768], but screen is actually [1920, 1200]. Using actual size
4.5411 	EXP 	Created window1 = Window(allowGUI=False, allowStencil=False, args=UNKNOWN, autoLog=True, bitsMode=UNKNOWN, blendMode='avg', color=array([0., 0., 0.]), colorSpace='rgb', fullscr=<method-wrapper '__getattribute__' of attributeSetter object at 0x000002EE2933BE80>, gamma=None, gammaErrorPolicy='raise', kwargs=UNKNOWN, lms=UNKNOWN, monitor=<psychopy.monitors.calibTools.Monitor object at 0x000002EE291F2B70>, multiSample=False, name='window1', numSamples=2, pos=[0.0, 0.0], screen=0, size=array([1920, 1200]), stereo=False, units='height', useFBO=True, useRetina=False, viewOri=0.0, viewPos=None, viewScale=None, waitBlanking=True, winType='pyglet')
4.5412 	EXP 	window1: recordFrameIntervals = False
4.7080 	EXP 	window1: recordFrameIntervals = True
4.8913 	EXP 	window1: recordFrameIntervals = False
5.0911 	EXP 	Created instruct = TextStim(__class__=<class 'psychopy.visual.text.TextStim'>, alignHoriz='center', alignVert='center', antialias=True, autoLog=True, bold=False, color='white', colorSpace='named', contrast=1.0, depth=0.0, flipHoriz=False, flipVert=False, font='Arial', fontFiles=[], height=0.05, italic=False, languageStyle='LTR', name='instruct', opacity=1.0, ori=0, pos=array([0., 0.]), rgb=array([255., 255., 255.]), text=str(...), units='height', win=Window(...), wrapWidth=1.4)
5.1099 	EXP 	Created regCue = TextStim(__class__=<class 'psychopy.visual.text.TextStim'>, alignHoriz='center', alignVert='center', antialias=True, autoLog=True, bold=False, color='white', colorSpace='named', contrast=1.0, depth=0.0, flipHoriz=False, flipVert=False, font='Arial', fontFiles=[], height=0.1, italic=False, languageStyle='LTR', name='regCue', opacity=1.0, ori=0, pos=array([0., 0.]), rgb=array([255., 255., 255.]), text='REGULATE', units='height', win=Window(...), wrapWidth=1)
5.1260 	EXP 	Created choiceQ = TextStim(__class__=<class 'psychopy.visual.text.TextStim'>, alignHoriz='center', alignVert='center', antialias=True, autoLog=True, bold=False, color='white', colorSpace='named', contrast=1.0, depth=0.0, flipHoriz=False, flipVert=False, font='Arial', fontFiles=[], height=0.05, italic=False, languageStyle='LTR', name='choiceQ', opacity=1.0, ori=0, pos=array([0.  , 0.35]), rgb=array([255., 255., 255.]), text=str(...), units='height', win=Window(...), wrapWidth=1.4)
5.1412 	EXP 	Created testChoice = TextStim(__class__=<class 'psychopy.visual.text.TextStim'>, alignHoriz='center', alignVert='center', antialias=True, autoLog=True, bold=False, color='white', colorSpace='named', contrast=1.0, depth=-2.0, flipHoriz=False, flipVert=False, font='Arial', fontFiles=[], height=0.04, italic=False, languageStyle='LTR', name='testChoice', opacity=1.0, ori=0, pos=array([-0.41,  0.15]), rgb=array([255., 255., 255.]), text='Practice Standardized Test Questions', units='height', win=Window(...), wrapWidth=1)
5.1473 	EXP 	Created videogameChoice = TextStim(__class__=<class 'psychopy.visual.text.TextStim'>, alignHoriz='center', alignVert='center', antialias=True, autoLog=True, bold=False, color='white', colorSpace='named', contrast=1.0, depth=-3.0, flipHoriz=False, flipVert=False, font='Arial', fontFiles=[], height=0.04, italic=False, languageStyle='LTR', name='videogameChoice', opacity=1.0, ori=0, pos=array([0.41, 0.15]), rgb=array([255., 255., 255.]), text='Play a Videogame', units='height', win=Window(...), wrapWidth=1)
5.1518 	EXP 	Created gre = ImageStim(__class__=<class 'psychopy.visual.image.ImageStim'>, autoLog=True, color=array([1., 1., 1.]), colorSpace='rgb', contrast=1.0, depth=-4.0, flipHoriz=False, flipVert=False, image='gre.png', interpolate=True, mask=None, maskParams=None, name='gre', opacity=1.0, ori=0.0, pos=array([-0.41,  0.02]), size=array([0.3  , 0.105]), texRes=128, units='height', win=Window(...))
5.1545 	EXP 	Created gmat = ImageStim(__class__=<class 'psychopy.visual.image.ImageStim'>, autoLog=True, color=array([1., 1., 1.]), colorSpace='rgb', contrast=1.0, depth=-5.0, flipHoriz=False, flipVert=False, image='gmat.png', interpolate=True, mask=None, maskParams=None, name='gmat', opacity=1.0, ori=0.0, pos=array([-0.41, -0.13]), size=array([0.3 , 0.11]), texRes=128, units='height', win=Window(...))
5.1563 	EXP 	Created lsat = ImageStim(__class__=<class 'psychopy.visual.image.ImageStim'>, autoLog=True, color=array([1., 1., 1.]), colorSpace='rgb', contrast=1.0, depth=-6.0, flipHoriz=False, flipVert=False, image='lsat.png', interpolate=True, mask=None, maskParams=None, name='lsat', opacity=1.0, ori=0.0, pos=array([-0.41, -0.27]), size=array([0.3 , 0.11]), texRes=128, units='height', win=Window(...))
5.1596 	EXP 	Created mcat = ImageStim(__class__=<class 'psychopy.visual.image.ImageStim'>, autoLog=True, color=array([1., 1., 1.]), colorSpace='rgb', contrast=1.0, depth=-7.0, flipHoriz=False, flipVert=False, image='mcat.png', interpolate=True, mask=None, maskParams=None, name='mcat', opacity=1.0, ori=0.0, pos=array([-0.41, -0.41]), size=array([0.3 , 0.11]), texRes=128, units='height', win=Window(...))
5.1719 	EXP 	Created game = ImageStim(__class__=<class 'psychopy.visual.image.ImageStim'>, autoLog=True, color=array([1., 1., 1.]), colorSpace='rgb', contrast=1.0, depth=-8.0, flipHoriz=False, flipVert=False, image='game.png', interpolate=True, mask=None, maskParams=None, name='game', opacity=1.0, ori=0.0, pos=array([ 0.41, -0.19]), size=array([0.4, 0.5]), texRes=128, units='height', win=Window(...))
5.1725 	EXP 	Created blank = TextStim(__class__=<class 'psychopy.visual.text.TextStim'>, alignHoriz='center', alignVert='center', antialias=True, autoLog=True, bold=False, color='white', colorSpace='named', contrast=1.0, depth=-9.0, flipHoriz=False, flipVert=False, font='Arial', fontFiles=[], height=0.1, italic=False, languageStyle='LTR', name='blank', opacity=1.0, ori=0, pos=array([0., 0.]), rgb=array([255., 255., 255.]), text='', units='height', win=Window(...), wrapWidth=1)
5.2033 	EXP 	Created testQChoice = TextStim(__class__=<class 'psychopy.visual.text.TextStim'>, alignHoriz='center', alignVert='center', antialias=True, autoLog=True, bold=False, color='white', colorSpace='named', contrast=1.0, depth=0.0, flipHoriz=False, flipVert=False, font='Arial', fontFiles=[], height=0.055, italic=False, languageStyle='LTR', name='testQChoice', opacity=1.0, ori=0, pos=array([0.  , 0.35]), rgb=array([255., 255., 255.]), text=str(...), units='height', win=Window(...), wrapWidth=1.3)
5.2069 	EXP 	Created image = ImageStim(__class__=<class 'psychopy.visual.image.ImageStim'>, autoLog=True, color=array([1., 1., 1.]), colorSpace='rgb', contrast=1.0, depth=-1.0, flipHoriz=False, flipVert=False, image='gre.png', interpolate=True, mask=None, maskParams=None, name='image', opacity=1.0, ori=0.0, pos=array([0.  , 0.09]), size=array([0.3 , 0.11]), texRes=128, units='height', win=Window(...))
5.2096 	EXP 	Created image_2 = ImageStim(__class__=<class 'psychopy.visual.image.ImageStim'>, autoLog=True, color=array([1., 1., 1.]), colorSpace='rgb', contrast=1.0, depth=-2.0, flipHoriz=False, flipVert=False, image='gmat.png', interpolate=True, mask=None, maskParams=None, name='image_2', opacity=1.0, ori=0.0, pos=array([ 0.  , -0.05]), size=array([0.3 , 0.11]), texRes=128, units='height', win=Window(...))
5.2122 	EXP 	Created image_3 = ImageStim(__class__=<class 'psychopy.visual.image.ImageStim'>, autoLog=True, color=array([1., 1., 1.]), colorSpace='rgb', contrast=1.0, depth=-3.0, flipHoriz=False, flipVert=False, image='lsat.png', interpolate=True, mask=None, maskParams=None, name='image_3', opacity=1.0, ori=0.0, pos=array([ 0. , -0.2]), size=array([0.3 , 0.11]), texRes=128, units='height', win=Window(...))
5.2154 	EXP 	Created image_4 = ImageStim(__class__=<class 'psychopy.visual.image.ImageStim'>, autoLog=True, color=array([1., 1., 1.]), colorSpace='rgb', contrast=1.0, depth=-4.0, flipHoriz=False, flipVert=False, image='mcat.png', interpolate=True, mask=None, maskParams=None, name='image_4', opacity=1.0, ori=0.0, pos=array([ 0.  , -0.35]), size=array([0.3 , 0.11]), texRes=128, units='height', win=Window(...))
5.2455 	EXP 	instruct: autoDraw = True
6.0337 	DATA 	Keypress: space
6.0422 	EXP 	instruct: autoDraw = False
6.0422 	EXP 	regCue: autoDraw = True
9.0617 	EXP 	regCue: autoDraw = False
9.0617 	EXP 	regCue: autoDraw = False
9.0617 	EXP 	choiceQ: autoDraw = True
9.0617 	EXP 	testChoice: autoDraw = True
9.0617 	EXP 	videogameChoice: autoDraw = True
9.0617 	EXP 	gre: autoDraw = True
9.0617 	EXP 	gmat: autoDraw = True
9.0617 	EXP 	lsat: autoDraw = True
9.0617 	EXP 	mcat: autoDraw = True
9.0617 	EXP 	game: autoDraw = True
10.8677 	DATA 	Keypress: 1
10.8795 	EXP 	blank: autoDraw = True
10.8795 	EXP 	testChoice: color = 'green (named)'
10.8962 	EXP 	testChoice: color = 'green (named)'
10.9130 	EXP 	testChoice: color = 'green (named)'
10.9296 	EXP 	testChoice: color = 'green (named)'
10.9463 	EXP 	testChoice: color = 'green (named)'
10.9630 	EXP 	testChoice: color = 'green (named)'
10.9795 	EXP 	testChoice: color = 'green (named)'
10.9963 	EXP 	testChoice: color = 'green (named)'
11.0129 	EXP 	testChoice: color = 'green (named)'
11.0296 	EXP 	testChoice: color = 'green (named)'
11.0463 	EXP 	testChoice: color = 'green (named)'
11.0629 	EXP 	testChoice: color = 'green (named)'
11.0797 	EXP 	testChoice: color = 'green (named)'
11.0964 	EXP 	testChoice: color = 'green (named)'
11.1130 	EXP 	testChoice: color = 'green (named)'
11.1296 	EXP 	testChoice: color = 'green (named)'
11.1464 	EXP 	testChoice: color = 'green (named)'
11.1631 	EXP 	testChoice: color = 'green (named)'
11.1798 	EXP 	testChoice: color = 'green (named)'
11.1964 	EXP 	testChoice: color = 'green (named)'
11.2131 	EXP 	testChoice: color = 'green (named)'
11.2298 	EXP 	testChoice: color = 'green (named)'
11.2465 	EXP 	testChoice: color = 'green (named)'
11.2631 	EXP 	testChoice: color = 'green (named)'
11.2799 	EXP 	testChoice: color = 'green (named)'
11.2965 	EXP 	testChoice: color = 'green (named)'
11.3132 	EXP 	testChoice: color = 'green (named)'
11.3299 	EXP 	testChoice: color = 'green (named)'
11.3465 	EXP 	testChoice: color = 'green (named)'
11.3633 	EXP 	testChoice: color = 'green (named)'
11.3799 	EXP 	testChoice: color = 'green (named)'
11.3966 	EXP 	testChoice: color = 'green (named)'
11.4135 	EXP 	testChoice: color = 'green (named)'
11.4300 	EXP 	testChoice: color = 'green (named)'
11.4467 	EXP 	testChoice: color = 'green (named)'
11.4633 	EXP 	testChoice: color = 'green (named)'
11.4800 	EXP 	testChoice: color = 'green (named)'
11.4967 	EXP 	testChoice: color = 'green (named)'
11.5133 	EXP 	testChoice: color = 'green (named)'
11.5300 	EXP 	testChoice: color = 'green (named)'
11.5467 	EXP 	testChoice: color = 'green (named)'
11.5635 	EXP 	testChoice: color = 'green (named)'
11.5801 	EXP 	testChoice: color = 'green (named)'
11.5968 	EXP 	testChoice: color = 'green (named)'
11.6137 	EXP 	testChoice: color = 'green (named)'
11.6301 	EXP 	testChoice: color = 'green (named)'
11.6467 	EXP 	testChoice: color = 'green (named)'
11.6633 	EXP 	testChoice: color = 'green (named)'
11.6802 	EXP 	testChoice: color = 'green (named)'
11.6969 	EXP 	testChoice: color = 'green (named)'
11.7136 	EXP 	testChoice: color = 'green (named)'
11.7302 	EXP 	testChoice: color = 'green (named)'
11.7468 	EXP 	testChoice: color = 'green (named)'
11.7637 	EXP 	testChoice: color = 'green (named)'
11.7803 	EXP 	testChoice: color = 'green (named)'
11.7969 	EXP 	testChoice: color = 'green (named)'
11.8137 	EXP 	testChoice: color = 'green (named)'
11.8303 	EXP 	testChoice: color = 'green (named)'
11.8469 	EXP 	testChoice: color = 'green (named)'
11.8637 	EXP 	testChoice: color = 'green (named)'
11.8803 	EXP 	testChoice: color = 'green (named)'
11.8971 	EXP 	testChoice: color = 'green (named)'
11.9136 	EXP 	testChoice: color = 'green (named)'
11.9304 	EXP 	testChoice: color = 'green (named)'
11.9473 	EXP 	testChoice: color = 'green (named)'
11.9637 	EXP 	testChoice: color = 'green (named)'
11.9804 	EXP 	testChoice: color = 'green (named)'
11.9971 	EXP 	testChoice: color = 'green (named)'
12.0138 	EXP 	testChoice: color = 'green (named)'
12.0305 	EXP 	testChoice: color = 'green (named)'
12.0470 	EXP 	testChoice: color = 'green (named)'
12.0639 	EXP 	testChoice: color = 'green (named)'
12.0805 	EXP 	testChoice: color = 'green (named)'
12.0972 	EXP 	testChoice: color = 'green (named)'
12.1138 	EXP 	testChoice: color = 'green (named)'
12.1305 	EXP 	testChoice: color = 'green (named)'
12.1471 	EXP 	testChoice: color = 'green (named)'
12.1639 	EXP 	testChoice: color = 'green (named)'
12.1806 	EXP 	testChoice: color = 'green (named)'
12.1973 	EXP 	testChoice: color = 'green (named)'
12.2140 	EXP 	testChoice: color = 'green (named)'
12.2307 	EXP 	testChoice: color = 'green (named)'
12.2473 	EXP 	testChoice: color = 'green (named)'
12.2640 	EXP 	testChoice: color = 'green (named)'
12.2807 	EXP 	testChoice: color = 'green (named)'
12.2974 	EXP 	testChoice: color = 'green (named)'
12.3141 	EXP 	testChoice: color = 'green (named)'
12.3307 	EXP 	testChoice: color = 'green (named)'
12.3474 	EXP 	testChoice: color = 'green (named)'
12.3641 	EXP 	testChoice: color = 'green (named)'
12.3807 	EXP 	blank: autoDraw = False
12.3807 	EXP 	testChoice: color = 'green (named)'
12.3975 	EXP 	choiceQ: autoDraw = False
12.3975 	EXP 	testChoice: autoDraw = False
12.3975 	EXP 	videogameChoice: autoDraw = False
12.3975 	EXP 	gre: autoDraw = False
12.3975 	EXP 	gmat: autoDraw = False
12.3975 	EXP 	lsat: autoDraw = False
12.3975 	EXP 	mcat: autoDraw = False
12.3975 	EXP 	game: autoDraw = False
12.3975 	EXP 	testChoice: color = 'green (named)'
12.3975 	EXP 	choiceQ: autoDraw = False
12.3975 	EXP 	testChoice: autoDraw = False
12.3975 	EXP 	videogameChoice: autoDraw = False
12.3975 	EXP 	gre: autoDraw = False
12.3975 	EXP 	gmat: autoDraw = False
12.3975 	EXP 	lsat: autoDraw = False
12.3975 	EXP 	mcat: autoDraw = False
12.3975 	EXP 	game: autoDraw = False
12.3975 	EXP 	blank: autoDraw = False
12.3975 	EXP 	videogameChoice: color = 'white (named)'
12.3975 	EXP 	testChoice: color = 'white (named)'
12.3975 	EXP 	choiceQ: autoDraw = False
12.3975 	EXP 	testChoice: autoDraw = False
12.3975 	EXP 	videogameChoice: autoDraw = False
12.3975 	EXP 	gre: autoDraw = False
12.3975 	EXP 	gmat: autoDraw = False
12.3975 	EXP 	lsat: autoDraw = False
12.3975 	EXP 	mcat: autoDraw = False
12.3975 	EXP 	testQChoice: autoDraw = True
12.3975 	EXP 	image: autoDraw = True
12.3975 	EXP 	image_2: autoDraw = True
12.3975 	EXP 	image_3: autoDraw = True
12.3975 	EXP 	image_4: autoDraw = True
15.1732 	DATA 	Keypress: escape
15.2752 	EXP 	window1: mouseVisible = True
