4.8731 	WARNING 	User requested fullscreen with size [1024  768], but screen is actually [1920, 1080]. Using actual size
5.6487 	EXP 	Created window1 = Window(allowGUI=False, allowStencil=False, args=UNKNOWN, autoLog=True, bitsMode=UNKNOWN, blendMode='avg', color=array([0., 0., 0.]), colorSpace='rgb', fullscr=<method-wrapper '__getattribute__' of attributeSetter object at 0x0000022155A48F60>, gamma=None, gammaErrorPolicy='raise', kwargs=UNKNOWN, lms=UNKNOWN, monitor=<psychopy.monitors.calibTools.Monitor object at 0x0000022155ADC128>, multiSample=False, name='window1', numSamples=2, pos=[0.0, 0.0], screen=0, size=array([1920, 1080]), stereo=False, units='height', useFBO=True, useRetina=False, viewOri=0.0, viewPos=None, viewScale=None, waitBlanking=True, winType='pyglet')
5.6487 	EXP 	window1: recordFrameIntervals = False
5.8148 	EXP 	window1: recordFrameIntervals = True
5.9989 	EXP 	window1: recordFrameIntervals = False
6.4772 	EXP 	Created instruct = TextStim(__class__=<class 'psychopy.visual.text.TextStim'>, alignHoriz='center', alignVert='center', antialias=True, autoLog=True, bold=False, color='white', colorSpace='named', contrast=1.0, depth=0.0, flipHoriz=False, flipVert=False, font='Arial', fontFiles=[], height=0.05, italic=False, languageStyle='LTR', name='instruct', opacity=1.0, ori=0, pos=array([0., 0.]), rgb=array([255., 255., 255.]), text=str(...), units='height', win=Window(...), wrapWidth=1.4)
6.4982 	EXP 	Created regCue = TextStim(__class__=<class 'psychopy.visual.text.TextStim'>, alignHoriz='center', alignVert='center', antialias=True, autoLog=True, bold=False, color='white', colorSpace='named', contrast=1.0, depth=0.0, flipHoriz=False, flipVert=False, font='Arial', fontFiles=[], height=0.1, italic=False, languageStyle='LTR', name='regCue', opacity=1.0, ori=0, pos=array([0., 0.]), rgb=array([255., 255., 255.]), text='REGULATE', units='height', win=Window(...), wrapWidth=1)
6.5221 	EXP 	Created choiceQ = TextStim(__class__=<class 'psychopy.visual.text.TextStim'>, alignHoriz='center', alignVert='center', antialias=True, autoLog=True, bold=False, color='white', colorSpace='named', contrast=1.0, depth=0.0, flipHoriz=False, flipVert=False, font='Arial', fontFiles=[], height=0.05, italic=False, languageStyle='LTR', name='choiceQ', opacity=1.0, ori=0, pos=array([0.  , 0.35]), rgb=array([255., 255., 255.]), text=str(...), units='height', win=Window(...), wrapWidth=1.4)
6.5395 	EXP 	Created testChoice = TextStim(__class__=<class 'psychopy.visual.text.TextStim'>, alignHoriz='center', alignVert='center', antialias=True, autoLog=True, bold=False, color='white', colorSpace='named', contrast=1.0, depth=-2.0, flipHoriz=False, flipVert=False, font='Arial', fontFiles=[], height=0.04, italic=False, languageStyle='LTR', name='testChoice', opacity=1.0, ori=0, pos=array([-0.41,  0.15]), rgb=array([255., 255., 255.]), text='Practice Standardized Test Questions', units='height', win=Window(...), wrapWidth=1)
6.5474 	EXP 	Created videogameChoice = TextStim(__class__=<class 'psychopy.visual.text.TextStim'>, alignHoriz='center', alignVert='center', antialias=True, autoLog=True, bold=False, color='white', colorSpace='named', contrast=1.0, depth=-3.0, flipHoriz=False, flipVert=False, font='Arial', fontFiles=[], height=0.04, italic=False, languageStyle='LTR', name='videogameChoice', opacity=1.0, ori=0, pos=array([0.41, 0.15]), rgb=array([255., 255., 255.]), text='Play a Videogame', units='height', win=Window(...), wrapWidth=1)
6.5524 	EXP 	Created gre = ImageStim(__class__=<class 'psychopy.visual.image.ImageStim'>, autoLog=True, color=array([1., 1., 1.]), colorSpace='rgb', contrast=1.0, depth=-4.0, flipHoriz=False, flipVert=False, image='gre.png', interpolate=True, mask=None, maskParams=None, name='gre', opacity=1.0, ori=0.0, pos=array([-0.41,  0.02]), size=array([0.3  , 0.105]), texRes=128, units='height', win=Window(...))
6.5562 	EXP 	Created gmat = ImageStim(__class__=<class 'psychopy.visual.image.ImageStim'>, autoLog=True, color=array([1., 1., 1.]), colorSpace='rgb', contrast=1.0, depth=-5.0, flipHoriz=False, flipVert=False, image='gmat.png', interpolate=True, mask=None, maskParams=None, name='gmat', opacity=1.0, ori=0.0, pos=array([-0.41, -0.13]), size=array([0.3 , 0.11]), texRes=128, units='height', win=Window(...))
6.5584 	EXP 	Created lsat = ImageStim(__class__=<class 'psychopy.visual.image.ImageStim'>, autoLog=True, color=array([1., 1., 1.]), colorSpace='rgb', contrast=1.0, depth=-6.0, flipHoriz=False, flipVert=False, image='lsat.png', interpolate=True, mask=None, maskParams=None, name='lsat', opacity=1.0, ori=0.0, pos=array([-0.41, -0.27]), size=array([0.3 , 0.11]), texRes=128, units='height', win=Window(...))
6.5750 	EXP 	Created game = ImageStim(__class__=<class 'psychopy.visual.image.ImageStim'>, autoLog=True, color=array([1., 1., 1.]), colorSpace='rgb', contrast=1.0, depth=-7.0, flipHoriz=False, flipVert=False, image='game.png', interpolate=True, mask=None, maskParams=None, name='game', opacity=1.0, ori=0.0, pos=array([ 0.41, -0.19]), size=array([0.4, 0.5]), texRes=128, units='height', win=Window(...))
6.5756 	EXP 	Created blank = TextStim(__class__=<class 'psychopy.visual.text.TextStim'>, alignHoriz='center', alignVert='center', antialias=True, autoLog=True, bold=False, color='white', colorSpace='named', contrast=1.0, depth=-9.0, flipHoriz=False, flipVert=False, font='Arial', fontFiles=[], height=0.1, italic=False, languageStyle='LTR', name='blank', opacity=1.0, ori=0, pos=array([0., 0.]), rgb=array([255., 255., 255.]), text='', units='height', win=Window(...), wrapWidth=1)
6.6119 	EXP 	Created testQChoice = TextStim(__class__=<class 'psychopy.visual.text.TextStim'>, alignHoriz='center', alignVert='center', antialias=True, autoLog=True, bold=False, color='white', colorSpace='named', contrast=1.0, depth=0.0, flipHoriz=False, flipVert=False, font='Arial', fontFiles=[], height=0.055, italic=False, languageStyle='LTR', name='testQChoice', opacity=1.0, ori=0, pos=array([0.  , 0.35]), rgb=array([255., 255., 255.]), text=str(...), units='height', win=Window(...), wrapWidth=1.3)
6.6151 	EXP 	Created image = ImageStim(__class__=<class 'psychopy.visual.image.ImageStim'>, autoLog=True, color=array([1., 1., 1.]), colorSpace='rgb', contrast=1.0, depth=-1.0, flipHoriz=False, flipVert=False, image='gre.png', interpolate=True, mask=None, maskParams=None, name='image', opacity=1.0, ori=0.0, pos=array([0.   , 0.105]), size=array([0.3 , 0.11]), texRes=128, units='height', win=Window(...))
6.6178 	EXP 	Created image_2 = ImageStim(__class__=<class 'psychopy.visual.image.ImageStim'>, autoLog=True, color=array([1., 1., 1.]), colorSpace='rgb', contrast=1.0, depth=-2.0, flipHoriz=False, flipVert=False, image='gmat.png', interpolate=True, mask=None, maskParams=None, name='image_2', opacity=1.0, ori=0.0, pos=array([ 0.  , -0.05]), size=array([0.3 , 0.11]), texRes=128, units='height', win=Window(...))
6.6196 	EXP 	Created image_3 = ImageStim(__class__=<class 'psychopy.visual.image.ImageStim'>, autoLog=True, color=array([1., 1., 1.]), colorSpace='rgb', contrast=1.0, depth=-3.0, flipHoriz=False, flipVert=False, image='lsat.png', interpolate=True, mask=None, maskParams=None, name='image_3', opacity=1.0, ori=0.0, pos=array([ 0. , -0.2]), size=array([0.3 , 0.11]), texRes=128, units='height', win=Window(...))
6.6210 	EXP 	Created polygon = Rect(__class__=<class 'psychopy.visual.rect.Rect'>, autoDraw=False, autoLog=True, closeShape=True, color=method-wrapper(...), colorSpace=None, contrast=1.0, depth=-5.0, fillColor=None, fillColorSpace='rgb', fillRGB=None, interpolate=True, lineColor=array([-1., -1., -1.]), lineColorSpace='rgb', lineRGB=array([-1., -1., -1.]), lineWidth=1.0, name='polygon', opacity=1.0, ori=array(1.), pos=array([0., 0.]), size=array([1., 1.]), units='height', vertices=ndarray(...), win=Window(...))
6.6344 	EXP 	Created TextQuestion = TextStim(__class__=<class 'psychopy.visual.text.TextStim'>, alignHoriz='center', alignVert='center', antialias=True, autoLog=True, bold=False, color='white', colorSpace='named', contrast=1.0, depth=0.0, flipHoriz=False, flipVert=False, font='Arial', fontFiles=[], height=0.028, italic=False, languageStyle='LTR', name='TextQuestion', opacity=1.0, ori=0, pos=array([0.  , 0.35]), rgb=array([255., 255., 255.]), text='default text', units='height', win=Window(...), wrapWidth=1.45)
6.6436 	EXP 	Created choiceA = TextStim(__class__=<class 'psychopy.visual.text.TextStim'>, alignHoriz='center', alignVert='center', antialias=True, autoLog=True, bold=False, color='white', colorSpace='named', contrast=1.0, depth=-3.0, flipHoriz=False, flipVert=False, font='Arial', fontFiles=[], height=0.026, italic=False, languageStyle='LTR', name='choiceA', opacity=1.0, ori=0, pos=array([0., 0.]), rgb=array([255., 255., 255.]), text='default text', units='height', win=Window(...), wrapWidth=1.4)
6.6471 	EXP 	Created choiceB = TextStim(__class__=<class 'psychopy.visual.text.TextStim'>, alignHoriz='center', alignVert='center', antialias=True, autoLog=True, bold=False, color='white', colorSpace='named', contrast=1.0, depth=-4.0, flipHoriz=False, flipVert=False, font='Arial', fontFiles=[], height=0.026, italic=False, languageStyle='LTR', name='choiceB', opacity=1.0, ori=0, pos=array([ 0. , -0.1]), rgb=array([255., 255., 255.]), text='default text', units='height', win=Window(...), wrapWidth=1.4)
6.6503 	EXP 	Created choiceC = TextStim(__class__=<class 'psychopy.visual.text.TextStim'>, alignHoriz='center', alignVert='center', antialias=True, autoLog=True, bold=False, color='white', colorSpace='named', contrast=1.0, depth=-5.0, flipHoriz=False, flipVert=False, font='Arial', fontFiles=[], height=0.026, italic=False, languageStyle='LTR', name='choiceC', opacity=1.0, ori=0, pos=array([ 0. , -0.2]), rgb=array([255., 255., 255.]), text='default text', units='height', win=Window(...), wrapWidth=1.4)
6.6539 	EXP 	Created choiceD = TextStim(__class__=<class 'psychopy.visual.text.TextStim'>, alignHoriz='center', alignVert='center', antialias=True, autoLog=True, bold=False, color='white', colorSpace='named', contrast=1.0, depth=-6.0, flipHoriz=False, flipVert=False, font='Arial', fontFiles=[], height=0.026, italic=False, languageStyle='LTR', name='choiceD', opacity=1.0, ori=0, pos=array([ 0. , -0.3]), rgb=array([255., 255., 255.]), text='default text', units='height', win=Window(...), wrapWidth=1.4)
6.6575 	EXP 	Created choiceE = TextStim(__class__=<class 'psychopy.visual.text.TextStim'>, alignHoriz='center', alignVert='center', antialias=True, autoLog=True, bold=False, color='white', colorSpace='named', contrast=1.0, depth=-7.0, flipHoriz=False, flipVert=False, font='Arial', fontFiles=[], height=0.026, italic=False, languageStyle='LTR', name='choiceE', opacity=1.0, ori=0, pos=array([ 0. , -0.4]), rgb=array([255., 255., 255.]), text='default text', units='height', win=Window(...), wrapWidth=1.4)
6.6580 	EXP 	Created conBlank = TextStim(__class__=<class 'psychopy.visual.text.TextStim'>, alignHoriz='center', alignVert='center', antialias=True, autoLog=True, bold=False, color='white', colorSpace='named', contrast=1.0, depth=-9.0, flipHoriz=False, flipVert=False, font='Arial', fontFiles=[], height=0.1, italic=False, languageStyle='LTR', name='conBlank', opacity=1.0, ori=0, pos=array([0., 0.]), rgb=array([255., 255., 255.]), text='', units='height', win=Window(...), wrapWidth=1)
6.7218 	EXP 	Created gameInstructions = TextStim(__class__=<class 'psychopy.visual.text.TextStim'>, alignHoriz='center', alignVert='center', antialias=True, autoLog=True, bold=False, color='white', colorSpace='named', contrast=1.0, depth=0.0, flipHoriz=False, flipVert=False, font='Arial', fontFiles=[], height=0.07, italic=False, languageStyle='LTR', name='gameInstructions', opacity=1.0, ori=0, pos=array([0., 0.]), rgb=array([255., 255., 255.]), text=str(...), units='height', win=Window(...), wrapWidth=1)
7.7495 	EXP 	instruct: autoDraw = True
9.6692 	EXP 	Created sequence: sequential, trialTypes=1, nReps=5, seed=None
9.6695 	EXP 	New trial (rep=0, index=0): None
9.6820 	EXP 	instruct: autoDraw = False
9.6820 	EXP 	regCue: autoDraw = True
12.6977 	EXP 	regCue: autoDraw = False
12.6977 	EXP 	blank: text = ''
12.6977 	EXP 	choiceQ: autoDraw = True
12.6977 	EXP 	testChoice: autoDraw = True
12.6977 	EXP 	videogameChoice: autoDraw = True
12.6977 	EXP 	gre: autoDraw = True
12.6977 	EXP 	gmat: autoDraw = True
12.6977 	EXP 	lsat: autoDraw = True
12.6977 	EXP 	game: autoDraw = True
13.2477 	EXP 	testChoice: color = 'green (named)'
13.2477 	EXP 	blank: autoDraw = True
13.2642 	EXP 	testChoice: color = 'green (named)'
13.2811 	EXP 	testChoice: color = 'green (named)'
13.2978 	EXP 	testChoice: color = 'green (named)'
13.3147 	EXP 	testChoice: color = 'green (named)'
13.3309 	EXP 	testChoice: color = 'green (named)'
13.3475 	EXP 	testChoice: color = 'green (named)'
13.3641 	EXP 	testChoice: color = 'green (named)'
13.3811 	EXP 	testChoice: color = 'green (named)'
13.3976 	EXP 	testChoice: color = 'green (named)'
13.4143 	EXP 	testChoice: color = 'green (named)'
13.4311 	EXP 	testChoice: color = 'green (named)'
13.4477 	EXP 	testChoice: color = 'green (named)'
13.4641 	EXP 	testChoice: color = 'green (named)'
13.4811 	EXP 	testChoice: color = 'green (named)'
13.4977 	EXP 	testChoice: color = 'green (named)'
13.5143 	EXP 	testChoice: color = 'green (named)'
13.5311 	EXP 	testChoice: color = 'green (named)'
13.5476 	EXP 	testChoice: color = 'green (named)'
13.5643 	EXP 	testChoice: color = 'green (named)'
13.5810 	EXP 	testChoice: color = 'green (named)'
13.5976 	EXP 	testChoice: color = 'green (named)'
13.6146 	EXP 	testChoice: color = 'green (named)'
13.6311 	EXP 	testChoice: color = 'green (named)'
13.6475 	EXP 	testChoice: color = 'green (named)'
13.6646 	EXP 	testChoice: color = 'green (named)'
13.6812 	EXP 	testChoice: color = 'green (named)'
13.6976 	EXP 	testChoice: color = 'green (named)'
13.7142 	EXP 	testChoice: color = 'green (named)'
13.7310 	EXP 	testChoice: color = 'green (named)'
13.7478 	EXP 	testChoice: color = 'green (named)'
13.7645 	EXP 	testChoice: color = 'green (named)'
13.7812 	EXP 	testChoice: color = 'green (named)'
13.7977 	EXP 	testChoice: color = 'green (named)'
13.8145 	EXP 	testChoice: color = 'green (named)'
13.8312 	EXP 	testChoice: color = 'green (named)'
13.8478 	EXP 	testChoice: color = 'green (named)'
13.8645 	EXP 	testChoice: color = 'green (named)'
13.8811 	EXP 	testChoice: color = 'green (named)'
13.8978 	EXP 	testChoice: color = 'green (named)'
13.9145 	EXP 	testChoice: color = 'green (named)'
13.9311 	EXP 	testChoice: color = 'green (named)'
13.9479 	EXP 	testChoice: color = 'green (named)'
13.9644 	EXP 	testChoice: color = 'green (named)'
13.9812 	EXP 	testChoice: color = 'green (named)'
13.9978 	EXP 	testChoice: color = 'green (named)'
14.0144 	EXP 	testChoice: color = 'green (named)'
14.0312 	EXP 	testChoice: color = 'green (named)'
14.0478 	EXP 	testChoice: color = 'green (named)'
14.0644 	EXP 	testChoice: color = 'green (named)'
14.0810 	EXP 	testChoice: color = 'green (named)'
14.0978 	EXP 	testChoice: color = 'green (named)'
14.1144 	EXP 	testChoice: color = 'green (named)'
14.1311 	EXP 	testChoice: color = 'green (named)'
14.1479 	EXP 	testChoice: color = 'green (named)'
14.1644 	EXP 	testChoice: color = 'green (named)'
14.1811 	EXP 	testChoice: color = 'green (named)'
14.1975 	EXP 	testChoice: color = 'green (named)'
14.2144 	EXP 	testChoice: color = 'green (named)'
14.2315 	EXP 	testChoice: color = 'green (named)'
14.2479 	EXP 	testChoice: color = 'green (named)'
14.2643 	EXP 	testChoice: color = 'green (named)'
14.2812 	EXP 	testChoice: color = 'green (named)'
14.2978 	EXP 	testChoice: color = 'green (named)'
14.3142 	EXP 	testChoice: color = 'green (named)'
14.3312 	EXP 	testChoice: color = 'green (named)'
14.3475 	EXP 	testChoice: color = 'green (named)'
14.3645 	EXP 	testChoice: color = 'green (named)'
14.3811 	EXP 	testChoice: color = 'green (named)'
14.3977 	EXP 	testChoice: color = 'green (named)'
14.4144 	EXP 	testChoice: color = 'green (named)'
14.4311 	EXP 	testChoice: color = 'green (named)'
14.4478 	EXP 	testChoice: color = 'green (named)'
14.4644 	EXP 	testChoice: color = 'green (named)'
14.4812 	EXP 	testChoice: color = 'green (named)'
14.4978 	EXP 	testChoice: color = 'green (named)'
14.5145 	EXP 	testChoice: color = 'green (named)'
14.5311 	EXP 	testChoice: color = 'green (named)'
14.5478 	EXP 	testChoice: color = 'green (named)'
14.5644 	EXP 	testChoice: color = 'green (named)'
14.5812 	EXP 	testChoice: color = 'green (named)'
14.5975 	EXP 	testChoice: color = 'green (named)'
14.6146 	EXP 	testChoice: color = 'green (named)'
14.6312 	EXP 	testChoice: color = 'green (named)'
14.6478 	EXP 	testChoice: color = 'green (named)'
14.6644 	EXP 	testChoice: color = 'green (named)'
14.6811 	EXP 	testChoice: color = 'green (named)'
14.6977 	EXP 	testChoice: color = 'green (named)'
14.7143 	EXP 	testChoice: color = 'green (named)'
14.7312 	EXP 	testChoice: color = 'green (named)'
14.7478 	EXP 	testChoice: color = 'green (named)'
14.7478 	EXP 	blank: autoDraw = False
14.7713 	EXP 	Imported RowsExcel.xlsx as conditions, 5 conditions, 1 params
14.7716 	EXP 	Created sequence: random, trialTypes=5, nReps=1, seed=None
14.7718 	EXP 	New trial (rep=0, index=0): OrderedDict([('Rows', '0015:0020')])
14.7795 	EXP 	choiceQ: autoDraw = False
14.7795 	EXP 	testChoice: autoDraw = False
14.7795 	EXP 	videogameChoice: autoDraw = False
14.7795 	EXP 	gre: autoDraw = False
14.7795 	EXP 	gmat: autoDraw = False
14.7795 	EXP 	lsat: autoDraw = False
14.7795 	EXP 	game: autoDraw = False
14.7795 	EXP 	testChoice: color = 'green (named)'
14.7795 	EXP 	choiceQ: autoDraw = False
14.7795 	EXP 	testChoice: autoDraw = False
14.7795 	EXP 	videogameChoice: autoDraw = False
14.7795 	EXP 	gre: autoDraw = False
14.7795 	EXP 	gmat: autoDraw = False
14.7795 	EXP 	lsat: autoDraw = False
14.7795 	EXP 	game: autoDraw = False
14.7795 	EXP 	blank: autoDraw = False
14.7795 	EXP 	videogameChoice: color = 'white (named)'
14.7795 	EXP 	testChoice: color = 'white (named)'
14.7795 	EXP 	choiceQ: autoDraw = False
14.7795 	EXP 	testChoice: autoDraw = False
14.7795 	EXP 	videogameChoice: autoDraw = False
14.7795 	EXP 	gre: autoDraw = False
14.7795 	EXP 	gmat: autoDraw = False
14.7795 	EXP 	lsat: autoDraw = False
14.7795 	EXP 	polygon: opacity = 1.0
14.7795 	EXP 	polygon: size = array([0.32, 0.13])
14.7795 	EXP 	polygon: ori = 0.0
14.7795 	EXP 	polygon: lineWidth = 8.0
14.7977 	EXP 	testQChoice: autoDraw = True
14.7977 	EXP 	image: autoDraw = True
14.7977 	EXP 	image_2: autoDraw = True
14.7977 	EXP 	image_3: autoDraw = True
17.9146 	EXP 	polygon: autoDraw = True
17.9315 	EXP 	polygon: autoDraw = True
17.9482 	EXP 	polygon: autoDraw = True
17.9645 	EXP 	polygon: autoDraw = True
17.9816 	EXP 	polygon: autoDraw = True
17.9982 	EXP 	polygon: autoDraw = True
18.0148 	EXP 	polygon: autoDraw = True
18.0315 	EXP 	polygon: autoDraw = True
18.0481 	EXP 	polygon: autoDraw = True
18.0646 	EXP 	polygon: autoDraw = True
18.0816 	EXP 	polygon: autoDraw = True
18.0982 	EXP 	polygon: autoDraw = True
18.1146 	EXP 	polygon: autoDraw = True
18.1317 	EXP 	polygon: autoDraw = True
18.1481 	EXP 	polygon: autoDraw = True
18.1646 	EXP 	polygon: autoDraw = True
18.1815 	EXP 	polygon: autoDraw = True
18.1982 	EXP 	polygon: autoDraw = True
18.2147 	EXP 	polygon: autoDraw = True
18.2314 	EXP 	polygon: autoDraw = True
18.2484 	EXP 	polygon: autoDraw = True
18.2646 	EXP 	polygon: autoDraw = True
18.2815 	EXP 	polygon: autoDraw = True
18.2981 	EXP 	polygon: autoDraw = True
18.3148 	EXP 	polygon: autoDraw = True
18.3311 	EXP 	polygon: autoDraw = True
18.3478 	EXP 	polygon: autoDraw = True
18.3642 	EXP 	polygon: autoDraw = True
18.3812 	EXP 	polygon: autoDraw = True
18.3978 	EXP 	polygon: autoDraw = True
18.4143 	EXP 	polygon: autoDraw = True
18.4312 	EXP 	polygon: autoDraw = True
18.4481 	EXP 	polygon: autoDraw = True
18.4644 	EXP 	polygon: autoDraw = True
18.4812 	EXP 	polygon: autoDraw = True
18.4979 	EXP 	polygon: autoDraw = True
18.5144 	EXP 	polygon: autoDraw = True
18.5312 	EXP 	polygon: autoDraw = True
18.5478 	EXP 	polygon: autoDraw = True
18.5643 	EXP 	polygon: autoDraw = True
18.5810 	EXP 	polygon: autoDraw = True
18.5980 	EXP 	polygon: autoDraw = True
18.6149 	EXP 	polygon: autoDraw = True
18.6316 	EXP 	polygon: autoDraw = True
18.6478 	EXP 	polygon: autoDraw = True
18.6642 	EXP 	polygon: autoDraw = True
18.6810 	EXP 	polygon: autoDraw = True
18.6979 	EXP 	polygon: autoDraw = True
18.7145 	EXP 	polygon: autoDraw = True
18.7311 	EXP 	polygon: autoDraw = True
18.7478 	EXP 	polygon: autoDraw = True
18.7642 	EXP 	polygon: autoDraw = True
18.7811 	EXP 	polygon: autoDraw = True
18.7978 	EXP 	polygon: autoDraw = True
18.8142 	EXP 	polygon: autoDraw = True
18.8310 	EXP 	polygon: autoDraw = True
18.8478 	EXP 	polygon: autoDraw = True
18.8641 	EXP 	polygon: autoDraw = True
18.8811 	EXP 	polygon: autoDraw = True
18.8978 	EXP 	polygon: autoDraw = True
18.9142 	EXP 	polygon: autoDraw = True
18.9311 	EXP 	polygon: autoDraw = True
18.9478 	EXP 	polygon: autoDraw = True
18.9641 	EXP 	polygon: autoDraw = True
18.9910 	EXP 	Imported QuestionsText.xlsx as conditions, 5 conditions, 21 params
18.9912 	EXP 	Created sequence: sequential, trialTypes=5, nReps=1, seed=None
18.9916 	EXP 	New trial (rep=0, index=0): OrderedDict([('GMAT', '1) In 2009, there was a sharp increase in the number of people who were reported to have died in the country during the first week of the year, compared with the first week of the previous ten years. There seems to be no reason to explain this disproportionately high number of deaths especially because the reports were widespread in the country and there was no epidemic spreading through the country at that point in time. Moreover, most of the deaths were not among the young and could not even be attributed to binge drinking in celebration of the new year.\n\nWhich of the following can then explain the discrepancy?'), ('GMATQA', "(A)The government announced in 2008 that estate taxes, payable by the heirs on someone's death, would be abolished effective from the new year."), ('GMATQB', '(B)Astrologists predicted that 2009 was a good year to die in, for salvation of the soul.'), ('GMATQC', '(C)The statistic is an anomaly that has no logical explanation.'), ('GMATQD', '(D)The price of some cancer drugs and chemotherapy increased by 10% in January 2009, making treatment more expensive than before.'), ('GMATQE', '(E)An earthquake in one of the cities during December 2008 made hospital care availability more difficult for regular illnesses.'), ('GMATAs', 'a'), ('GRE', '1) In an experiment, two different types of recorded music were played for neonates in adjacent nurseries in a hospital. In nursery A, classical music was played; in nursery B, rock music was played. After two weeks, it was found that the babies in nursery A cried less, suffered fewer minor ailments, and gained more weight than did the babies in nursery B.\n\nIn evaluating the validity of the conclusion suggested by the experiment above, it would be most important to know which of the following?'), ('GREQA', '(A) The musical preferences of the parents of the two groups of newborns. '), ('GREQB', '(B) Whether the newborns in both nurseries were equally healthy and happy at the start of the experiment. '), ('GREQC', '(C)Whether loud rock music can damage the hearing of newborns.'), ('GREQD', '(D)What the average weight of the neonates wasa before and after the experiment. '), ('GREQE', '(E)Whether the music was played in the nurseries at all times or only at certain times.'), ('GREA', 'b'), ('LSAT', '1)The price of a barrel of crude oil fell by 15 percent over the last month. Economists point to several causes, including the discovery of new reserves of oil, the increased accessibility of alternative sources of fuel, the growth of mass transit, the decline of car sales, and the increase in non-fuel-consuming means of transportation, such as bicycles, over the same time frame.\n\nWhich of the following does the above argument NOT imply?'), ('LSATQA', '(A)The discovery of new reserves of oil has increased the supply, created a surplus, and thus driven the price of oil down.'), ('LSATQB', '(B)People are more likely to purchase new cars if the price of oil is low.'), ('LSATQC', '(C)If they have access to both, some people would rather use alternative sources of fuel instead of oil.'), ('LSATQD', '(D)The growth of mass transit systems, which transport more people and use less fuel, has reduced demand for oil and driven the price of oil down.'), ('LSATQE', '(E)The increased accessibility of alternative sources of fuel has reduced the demand for oil and thus driven the price of a barrel of crude oil down.'), ('LSATAs', 'b')])
19.2102 	EXP 	polygon: autoDraw = True
19.2102 	EXP 	testQChoice: autoDraw = False
19.2102 	EXP 	image: autoDraw = False
19.2102 	EXP 	image_2: autoDraw = False
19.2102 	EXP 	image_3: autoDraw = False
19.2102 	EXP 	polygon: autoDraw = False
19.2102 	EXP 	TextQuestion: text = 'PLACEHOLDER'
19.2102 	EXP 	choiceA: text = 'QA'
19.2102 	EXP 	choiceB: text = 'QB'
19.2102 	EXP 	choiceC: text = 'QC'
19.2102 	EXP 	choiceD: text = 'QD'
19.2102 	EXP 	choiceE: text = 'QE'
19.2102 	EXP 	TextQuestion: text = '1) In 2009, there was a sharp increase in the number of people who were reported to have died in the country during the first week of the year, compared with the first week of the previous ten years. There seems to be no reason to explain this disproportionately high number of deaths especially because the reports were widespread in the country and there was no epidemic spreading through the country at that point in time. Moreover, most of the deaths were not among the young and could not even be attributed to binge drinking in celebration of the new year.\n\nWhich of the following can then explain the discrepancy?'
19.2102 	EXP 	choiceA: text = "(A)The government announced in 2008 that estate taxes, payable by the heirs on someone's death, would be abolished effective from the new year."
19.2102 	EXP 	choiceB: text = '(B)Astrologists predicted that 2009 was a good year to die in, for salvation of the soul.'
19.2102 	EXP 	choiceC: text = '(C)The statistic is an anomaly that has no logical explanation.'
19.2102 	EXP 	choiceD: text = '(D)The price of some cancer drugs and chemotherapy increased by 10% in January 2009, making treatment more expensive than before.'
19.2102 	EXP 	choiceE: text = '(E)An earthquake in one of the cities during December 2008 made hospital care availability more difficult for regular illnesses.'
19.4309 	EXP 	TextQuestion: autoDraw = True
19.4309 	EXP 	choiceA: autoDraw = True
19.4309 	EXP 	choiceB: autoDraw = True
19.4309 	EXP 	choiceC: autoDraw = True
19.4309 	EXP 	choiceD: autoDraw = True
19.4309 	EXP 	choiceE: autoDraw = True
24.8810 	EXP 	choiceA: color = 'green (named)'
24.8810 	EXP 	conBlank: autoDraw = True
24.8977 	EXP 	choiceA: color = 'green (named)'
24.9142 	EXP 	choiceA: color = 'green (named)'
24.9309 	EXP 	choiceA: color = 'green (named)'
24.9475 	EXP 	choiceA: color = 'green (named)'
24.9641 	EXP 	choiceA: color = 'green (named)'
24.9808 	EXP 	choiceA: color = 'green (named)'
24.9976 	EXP 	choiceA: color = 'green (named)'
25.0141 	EXP 	choiceA: color = 'green (named)'
25.0310 	EXP 	choiceA: color = 'green (named)'
25.0477 	EXP 	choiceA: color = 'green (named)'
25.0641 	EXP 	choiceA: color = 'green (named)'
25.0810 	EXP 	choiceA: color = 'green (named)'
25.0977 	EXP 	choiceA: color = 'green (named)'
25.1140 	EXP 	choiceA: color = 'green (named)'
25.1310 	EXP 	choiceA: color = 'green (named)'
25.1477 	EXP 	choiceA: color = 'green (named)'
25.1641 	EXP 	choiceA: color = 'green (named)'
25.1810 	EXP 	choiceA: color = 'green (named)'
25.1976 	EXP 	choiceA: color = 'green (named)'
25.2139 	EXP 	choiceA: color = 'green (named)'
25.2309 	EXP 	choiceA: color = 'green (named)'
25.2476 	EXP 	choiceA: color = 'green (named)'
25.2641 	EXP 	choiceA: color = 'green (named)'
25.2810 	EXP 	choiceA: color = 'green (named)'
25.2976 	EXP 	choiceA: color = 'green (named)'
25.3141 	EXP 	choiceA: color = 'green (named)'
25.3311 	EXP 	choiceA: color = 'green (named)'
25.3477 	EXP 	choiceA: color = 'green (named)'
25.3641 	EXP 	choiceA: color = 'green (named)'
25.3810 	EXP 	choiceA: color = 'green (named)'
25.3977 	EXP 	choiceA: color = 'green (named)'
25.4141 	EXP 	choiceA: color = 'green (named)'
25.4308 	EXP 	choiceA: color = 'green (named)'
25.4476 	EXP 	choiceA: color = 'green (named)'
25.4640 	EXP 	choiceA: color = 'green (named)'
25.4811 	EXP 	choiceA: color = 'green (named)'
25.4976 	EXP 	choiceA: color = 'green (named)'
25.5139 	EXP 	choiceA: color = 'green (named)'
25.5307 	EXP 	choiceA: color = 'green (named)'
25.5477 	EXP 	choiceA: color = 'green (named)'
25.5640 	EXP 	choiceA: color = 'green (named)'
25.5809 	EXP 	choiceA: color = 'green (named)'
25.6238 	EXP 	choiceA: color = 'green (named)'
25.6259 	WARNING 	Got keycode {} but that code isn't yet known
25.6259 	WARNING 	Keypress was given unknown key code (44)
25.6452 	EXP 	choiceA: color = 'green (named)'
25.6644 	EXP 	choiceA: color = 'green (named)'
25.6809 	EXP 	choiceA: color = 'green (named)'
25.6976 	EXP 	choiceA: color = 'green (named)'
25.7146 	EXP 	choiceA: color = 'green (named)'
25.7313 	EXP 	choiceA: color = 'green (named)'
25.7480 	EXP 	choiceA: color = 'green (named)'
25.7645 	EXP 	choiceA: color = 'green (named)'
25.7813 	EXP 	choiceA: color = 'green (named)'
25.7979 	EXP 	choiceA: color = 'green (named)'
25.8146 	EXP 	choiceA: color = 'green (named)'
25.8318 	EXP 	choiceA: color = 'green (named)'
25.8479 	EXP 	choiceA: color = 'green (named)'
25.8646 	EXP 	choiceA: color = 'green (named)'
25.8813 	EXP 	choiceA: color = 'green (named)'
25.8979 	EXP 	choiceA: color = 'green (named)'
25.9153 	EXP 	choiceA: color = 'green (named)'
25.9314 	EXP 	choiceA: color = 'green (named)'
25.9479 	EXP 	choiceA: color = 'green (named)'
25.9648 	EXP 	choiceA: color = 'green (named)'
25.9812 	EXP 	choiceA: color = 'green (named)'
25.9976 	EXP 	choiceA: color = 'green (named)'
26.0145 	EXP 	choiceA: color = 'green (named)'
26.0313 	EXP 	choiceA: color = 'green (named)'
26.0476 	EXP 	choiceA: color = 'green (named)'
26.0642 	EXP 	choiceA: color = 'green (named)'
26.0807 	EXP 	choiceA: color = 'green (named)'
26.0976 	EXP 	choiceA: color = 'green (named)'
26.1143 	EXP 	choiceA: color = 'green (named)'
26.1309 	EXP 	choiceA: color = 'green (named)'
26.1477 	EXP 	choiceA: color = 'green (named)'
26.1642 	EXP 	choiceA: color = 'green (named)'
26.1810 	EXP 	choiceA: color = 'green (named)'
26.1977 	EXP 	choiceA: color = 'green (named)'
26.2141 	EXP 	choiceA: color = 'green (named)'
26.2309 	EXP 	choiceA: color = 'green (named)'
26.2475 	EXP 	choiceA: color = 'green (named)'
26.2642 	EXP 	choiceA: color = 'green (named)'
26.2810 	EXP 	choiceA: color = 'green (named)'
26.2976 	EXP 	choiceA: color = 'green (named)'
26.3143 	EXP 	choiceA: color = 'green (named)'
26.3310 	EXP 	choiceA: color = 'green (named)'
26.3476 	EXP 	choiceA: color = 'green (named)'
26.3641 	EXP 	choiceA: color = 'green (named)'
26.3810 	EXP 	choiceA: color = 'green (named)'
26.3976 	EXP 	choiceA: color = 'green (named)'
26.4142 	EXP 	choiceA: color = 'green (named)'
26.4310 	EXP 	choiceA: color = 'green (named)'
26.4475 	EXP 	choiceA: color = 'green (named)'
26.4641 	EXP 	choiceA: color = 'green (named)'
26.4810 	EXP 	choiceA: color = 'green (named)'
26.4976 	EXP 	choiceA: color = 'green (named)'
26.5142 	EXP 	choiceA: color = 'green (named)'
26.5310 	EXP 	choiceA: color = 'green (named)'
26.5474 	EXP 	choiceA: color = 'green (named)'
26.5641 	EXP 	choiceA: color = 'green (named)'
26.5808 	EXP 	choiceA: color = 'green (named)'
26.5976 	EXP 	choiceA: color = 'green (named)'
26.6141 	EXP 	choiceA: color = 'green (named)'
26.6309 	EXP 	choiceA: color = 'green (named)'
26.6477 	EXP 	choiceA: color = 'green (named)'
26.6642 	EXP 	choiceA: color = 'green (named)'
26.6809 	EXP 	choiceA: color = 'green (named)'
26.6972 	EXP 	choiceA: color = 'green (named)'
26.7140 	EXP 	choiceA: color = 'green (named)'
26.7309 	EXP 	choiceA: color = 'green (named)'
26.7476 	EXP 	choiceA: color = 'green (named)'
26.7640 	EXP 	choiceA: color = 'green (named)'
26.7809 	EXP 	choiceA: color = 'green (named)'
26.7974 	EXP 	choiceA: color = 'green (named)'
26.8151 	EXP 	choiceA: color = 'green (named)'
26.8326 	EXP 	choiceA: color = 'green (named)'
26.8484 	EXP 	choiceA: color = 'green (named)'
26.8652 	EXP 	choiceA: color = 'green (named)'
26.8817 	EXP 	choiceA: color = 'green (named)'
26.8985 	EXP 	choiceA: color = 'green (named)'
26.9151 	EXP 	choiceA: color = 'green (named)'
26.9318 	EXP 	choiceA: color = 'green (named)'
26.9484 	EXP 	choiceA: color = 'green (named)'
26.9650 	EXP 	choiceA: color = 'green (named)'
26.9816 	EXP 	choiceA: color = 'green (named)'
26.9984 	EXP 	choiceA: color = 'green (named)'
27.0151 	EXP 	choiceA: color = 'green (named)'
27.0312 	EXP 	choiceA: color = 'green (named)'
27.0479 	EXP 	choiceA: color = 'green (named)'
27.0644 	EXP 	choiceA: color = 'green (named)'
27.0813 	EXP 	choiceA: color = 'green (named)'
27.0980 	EXP 	choiceA: color = 'green (named)'
27.1144 	EXP 	choiceA: color = 'green (named)'
27.1312 	EXP 	choiceA: color = 'green (named)'
27.1478 	EXP 	choiceA: color = 'green (named)'
27.1644 	EXP 	choiceA: color = 'green (named)'
27.1812 	EXP 	choiceA: color = 'green (named)'
27.1977 	EXP 	choiceA: color = 'green (named)'
27.2143 	EXP 	choiceA: color = 'green (named)'
27.2312 	EXP 	choiceA: color = 'green (named)'
27.2478 	EXP 	choiceA: color = 'green (named)'
27.2644 	EXP 	choiceA: color = 'green (named)'
27.2812 	EXP 	choiceA: color = 'green (named)'
27.2978 	EXP 	choiceA: color = 'green (named)'
27.3144 	EXP 	choiceA: color = 'green (named)'
27.3312 	EXP 	choiceA: color = 'green (named)'
27.3478 	EXP 	choiceA: color = 'green (named)'
27.3644 	EXP 	choiceA: color = 'green (named)'
27.3812 	EXP 	choiceA: color = 'green (named)'
27.3812 	EXP 	conBlank: autoDraw = False
27.3951 	EXP 	New trial (rep=0, index=1): OrderedDict([('GMAT', '2)It seems that medical care is constantly improving and is far better today than it was a few years ago. New medicines are being developed, and at a lower cost. Technological advancements are being made and new treatments are devised. However, hospital care has not improved as much as expected. Most hospitals do not have a large enough ER that can handle a sudden influx of patients and the number of people who die in a hospital due to reasons other than what they got admitted for is staggeringly high.\n\nAll of the following underscore the author’s argument EXCEPT'), ('GMATQA', '(A) Most hospitals require doctors to do so much paperwork that they spend insufficient time on direct patient care.'), ('GMATQB', '(B)Most hospitals recirculate air and therefore, it is very easy for diseases such as anthrax to spread through the hospital.'), ('GMATQC', '(C)In smaller cities, the ambulance service is on a voluntary basis and the response time for calls is much lower than the national average, leading to a higher loss of life.'), ('GMATQD', '(D)A number of doctors in private hospitals are not held accountable by the administration for the loss of patients.'), ('GMATQE', '(E)Doctors in most private hospitals have performance appraisals based on how much money they have brought in for the hospital rather than based on how effectively they treated patients.'), ('GMATAs', 'c'), ('GRE', '2) June is taller than Kristin.\n\nLetty is taller than Maria.\n\nMaria is shorter than Nancy.\n\nKristin and Nancy are exactly the same height.\n\nIf the information above is true, which of the following must also be true? '), ('GREQA', '(A) Letty is taller than Nancy '), ('GREQB', '(B) Letty is taller than June'), ('GREQC', '(C)Kristin is shorter than Letty '), ('GREQD', '(D) June is taller than Maria. '), ('GREQE', '(E)Kristin is shorter than Maria. '), ('GREA', 'd'), ('LSAT', '2)Given\nFewer people go without email with each passing year. Not only are younger and younger children signing up for their own accounts, but the generation that was largely too old and out of touch to have ever had an account is slowly dying. It is entirely likely that no one over the age of 10 will be without an email account within the next ten years.\n\nWhich of the following statements cannot be true based on the above statement?'), ('LSATQA', '(A)Email is a pervasive form of communication that is used by many different people.'), ('LSATQB', '(B)Email is used differently by specific age groups, leading to a diverse pattern of email usage.'), ('LSATQC', '(C)Many younger people use many more communication methods than strictly email.'), ('LSATQD', '(D)Older generations are much more likely than younger ones to adopt new forms of communication.'), ('LSATQE', '(E)Older generations find email to be an awkward form of communication compared to letters and the telephone.'), ('LSATAs', 'd')])
27.5633 	EXP 	TextQuestion: autoDraw = False
27.5633 	EXP 	choiceA: autoDraw = False
27.5633 	EXP 	choiceB: autoDraw = False
27.5633 	EXP 	choiceC: autoDraw = False
27.5633 	EXP 	choiceD: autoDraw = False
27.5633 	EXP 	choiceE: autoDraw = False
27.5633 	EXP 	choiceA: color = 'green (named)'
27.5633 	EXP 	TextQuestion: autoDraw = False
27.5633 	EXP 	choiceA: autoDraw = False
27.5633 	EXP 	choiceB: autoDraw = False
27.5633 	EXP 	choiceC: autoDraw = False
27.5633 	EXP 	choiceD: autoDraw = False
27.5633 	EXP 	choiceE: autoDraw = False
27.5633 	EXP 	conBlank: autoDraw = False
27.5633 	EXP 	choiceA: autoDraw = False
27.5633 	EXP 	choiceB: autoDraw = False
27.5633 	EXP 	choiceC: autoDraw = False
27.5633 	EXP 	choiceD: autoDraw = False
27.5633 	EXP 	choiceE: autoDraw = False
27.5633 	EXP 	choiceA: color = 'white (named)'
27.5633 	EXP 	choiceB: color = 'white (named)'
27.5633 	EXP 	choiceC: color = 'white (named)'
27.5633 	EXP 	choiceD: color = 'white (named)'
27.5633 	EXP 	choiceE: color = 'white (named)'
27.5633 	EXP 	TextQuestion: text = 'PLACEHOLDER'
27.5633 	EXP 	choiceA: text = 'QA'
27.5633 	EXP 	choiceB: text = 'QB'
27.5633 	EXP 	choiceC: text = 'QC'
27.5633 	EXP 	choiceD: text = 'QD'
27.5633 	EXP 	choiceE: text = 'QE'
27.5633 	EXP 	TextQuestion: text = '2)It seems that medical care is constantly improving and is far better today than it was a few years ago. New medicines are being developed, and at a lower cost. Technological advancements are being made and new treatments are devised. However, hospital care has not improved as much as expected. Most hospitals do not have a large enough ER that can handle a sudden influx of patients and the number of people who die in a hospital due to reasons other than what they got admitted for is staggeringly high.\n\nAll of the following underscore the author’s argument EXCEPT'
27.5633 	EXP 	choiceA: text = '(A) Most hospitals require doctors to do so much paperwork that they spend insufficient time on direct patient care.'
27.5633 	EXP 	choiceB: text = '(B)Most hospitals recirculate air and therefore, it is very easy for diseases such as anthrax to spread through the hospital.'
27.5633 	EXP 	choiceC: text = '(C)In smaller cities, the ambulance service is on a voluntary basis and the response time for calls is much lower than the national average, leading to a higher loss of life.'
27.5633 	EXP 	choiceD: text = '(D)A number of doctors in private hospitals are not held accountable by the administration for the loss of patients.'
27.5633 	EXP 	choiceE: text = '(E)Doctors in most private hospitals have performance appraisals based on how much money they have brought in for the hospital rather than based on how effectively they treated patients.'
27.7144 	EXP 	TextQuestion: autoDraw = True
27.7144 	EXP 	choiceA: autoDraw = True
27.7144 	EXP 	choiceB: autoDraw = True
27.7144 	EXP 	choiceC: autoDraw = True
27.7144 	EXP 	choiceD: autoDraw = True
27.7144 	EXP 	choiceE: autoDraw = True
30.5619 	EXP 	window1: mouseVisible = True
