7.0370 	WARNING 	User requested fullscreen with size [1024  768], but screen is actually [1920, 1200]. Using actual size
7.8124 	EXP 	Created window1 = Window(allowGUI=False, allowStencil=False, args=UNKNOWN, autoLog=True, bitsMode=UNKNOWN, blendMode='avg', color=array([0., 0., 0.]), colorSpace='rgb', fullscr=<method-wrapper '__getattribute__' of attributeSetter object at 0x000002E8B732BF28>, gamma=None, gammaErrorPolicy='raise', kwargs=UNKNOWN, lms=UNKNOWN, monitor=<psychopy.monitors.calibTools.Monitor object at 0x000002E8B71E1C18>, multiSample=False, name='window1', numSamples=2, pos=[0.0, 0.0], screen=0, size=array([1920, 1200]), stereo=False, units='height', useFBO=True, useRetina=False, viewOri=0.0, viewPos=None, viewScale=None, waitBlanking=True, winType='pyglet')
7.8124 	EXP 	window1: recordFrameIntervals = False
7.9789 	EXP 	window1: recordFrameIntervals = True
8.1622 	EXP 	window1: recordFrameIntervals = False
8.3603 	EXP 	Created instruct = TextStim(__class__=<class 'psychopy.visual.text.TextStim'>, alignHoriz='center', alignVert='center', antialias=True, autoLog=True, bold=False, color='white', colorSpace='named', contrast=1.0, depth=0.0, flipHoriz=False, flipVert=False, font='Arial', fontFiles=[], height=0.05, italic=False, languageStyle='LTR', name='instruct', opacity=1.0, ori=0, pos=array([0., 0.]), rgb=array([255., 255., 255.]), text=str(...), units='height', win=Window(...), wrapWidth=1.4)
8.3791 	EXP 	Created regCue = TextStim(__class__=<class 'psychopy.visual.text.TextStim'>, alignHoriz='center', alignVert='center', antialias=True, autoLog=True, bold=False, color='white', colorSpace='named', contrast=1.0, depth=0.0, flipHoriz=False, flipVert=False, font='Arial', fontFiles=[], height=0.1, italic=False, languageStyle='LTR', name='regCue', opacity=1.0, ori=0, pos=array([0., 0.]), rgb=array([255., 255., 255.]), text='REGULATE', units='height', win=Window(...), wrapWidth=1)
8.3953 	EXP 	Created choiceQ = TextStim(__class__=<class 'psychopy.visual.text.TextStim'>, alignHoriz='center', alignVert='center', antialias=True, autoLog=True, bold=False, color='white', colorSpace='named', contrast=1.0, depth=0.0, flipHoriz=False, flipVert=False, font='Arial', fontFiles=[], height=0.05, italic=False, languageStyle='LTR', name='choiceQ', opacity=1.0, ori=0, pos=array([0.  , 0.35]), rgb=array([255., 255., 255.]), text=str(...), units='height', win=Window(...), wrapWidth=1.4)
8.4097 	EXP 	Created testChoice = TextStim(__class__=<class 'psychopy.visual.text.TextStim'>, alignHoriz='center', alignVert='center', antialias=True, autoLog=True, bold=False, color='white', colorSpace='named', contrast=1.0, depth=-2.0, flipHoriz=False, flipVert=False, font='Arial', fontFiles=[], height=0.04, italic=False, languageStyle='LTR', name='testChoice', opacity=1.0, ori=0, pos=array([-0.41,  0.15]), rgb=array([255., 255., 255.]), text='Practice Standardized Test Questions', units='height', win=Window(...), wrapWidth=1)
8.4156 	EXP 	Created videogameChoice = TextStim(__class__=<class 'psychopy.visual.text.TextStim'>, alignHoriz='center', alignVert='center', antialias=True, autoLog=True, bold=False, color='white', colorSpace='named', contrast=1.0, depth=-3.0, flipHoriz=False, flipVert=False, font='Arial', fontFiles=[], height=0.04, italic=False, languageStyle='LTR', name='videogameChoice', opacity=1.0, ori=0, pos=array([0.41, 0.15]), rgb=array([255., 255., 255.]), text='Play a Videogame', units='height', win=Window(...), wrapWidth=1)
8.4200 	EXP 	Created gre = ImageStim(__class__=<class 'psychopy.visual.image.ImageStim'>, autoLog=True, color=array([1., 1., 1.]), colorSpace='rgb', contrast=1.0, depth=-4.0, flipHoriz=False, flipVert=False, image='gre.png', interpolate=True, mask=None, maskParams=None, name='gre', opacity=1.0, ori=0.0, pos=array([-0.41,  0.02]), size=array([0.3  , 0.105]), texRes=128, units='height', win=Window(...))
8.4230 	EXP 	Created gmat = ImageStim(__class__=<class 'psychopy.visual.image.ImageStim'>, autoLog=True, color=array([1., 1., 1.]), colorSpace='rgb', contrast=1.0, depth=-5.0, flipHoriz=False, flipVert=False, image='gmat.png', interpolate=True, mask=None, maskParams=None, name='gmat', opacity=1.0, ori=0.0, pos=array([-0.41, -0.13]), size=array([0.3 , 0.11]), texRes=128, units='height', win=Window(...))
8.4245 	EXP 	Created lsat = ImageStim(__class__=<class 'psychopy.visual.image.ImageStim'>, autoLog=True, color=array([1., 1., 1.]), colorSpace='rgb', contrast=1.0, depth=-6.0, flipHoriz=False, flipVert=False, image='lsat.png', interpolate=True, mask=None, maskParams=None, name='lsat', opacity=1.0, ori=0.0, pos=array([-0.41, -0.27]), size=array([0.3 , 0.11]), texRes=128, units='height', win=Window(...))
8.4274 	EXP 	Created mcat = ImageStim(__class__=<class 'psychopy.visual.image.ImageStim'>, autoLog=True, color=array([1., 1., 1.]), colorSpace='rgb', contrast=1.0, depth=-7.0, flipHoriz=False, flipVert=False, image='mcat.png', interpolate=True, mask=None, maskParams=None, name='mcat', opacity=1.0, ori=0.0, pos=array([-0.41, -0.41]), size=array([0.3 , 0.11]), texRes=128, units='height', win=Window(...))
8.4398 	EXP 	Created game = ImageStim(__class__=<class 'psychopy.visual.image.ImageStim'>, autoLog=True, color=array([1., 1., 1.]), colorSpace='rgb', contrast=1.0, depth=-8.0, flipHoriz=False, flipVert=False, image='game.png', interpolate=True, mask=None, maskParams=None, name='game', opacity=1.0, ori=0.0, pos=array([ 0.41, -0.19]), size=array([0.4, 0.5]), texRes=128, units='height', win=Window(...))
8.4402 	EXP 	Created blank = TextStim(__class__=<class 'psychopy.visual.text.TextStim'>, alignHoriz='center', alignVert='center', antialias=True, autoLog=True, bold=False, color='white', colorSpace='named', contrast=1.0, depth=-9.0, flipHoriz=False, flipVert=False, font='Arial', fontFiles=[], height=0.1, italic=False, languageStyle='LTR', name='blank', opacity=1.0, ori=0, pos=array([0., 0.]), rgb=array([255., 255., 255.]), text='', units='height', win=Window(...), wrapWidth=1)
8.4699 	EXP 	Created testQChoice = TextStim(__class__=<class 'psychopy.visual.text.TextStim'>, alignHoriz='center', alignVert='center', antialias=True, autoLog=True, bold=False, color='white', colorSpace='named', contrast=1.0, depth=0.0, flipHoriz=False, flipVert=False, font='Arial', fontFiles=[], height=0.055, italic=False, languageStyle='LTR', name='testQChoice', opacity=1.0, ori=0, pos=array([0.  , 0.35]), rgb=array([255., 255., 255.]), text=str(...), units='height', win=Window(...), wrapWidth=1.3)
8.4731 	EXP 	Created image = ImageStim(__class__=<class 'psychopy.visual.image.ImageStim'>, autoLog=True, color=array([1., 1., 1.]), colorSpace='rgb', contrast=1.0, depth=-1.0, flipHoriz=False, flipVert=False, image='gre.png', interpolate=True, mask=None, maskParams=None, name='image', opacity=1.0, ori=0.0, pos=array([0.   , 0.105]), size=array([0.3 , 0.11]), texRes=128, units='height', win=Window(...))
8.4755 	EXP 	Created image_2 = ImageStim(__class__=<class 'psychopy.visual.image.ImageStim'>, autoLog=True, color=array([1., 1., 1.]), colorSpace='rgb', contrast=1.0, depth=-2.0, flipHoriz=False, flipVert=False, image='gmat.png', interpolate=True, mask=None, maskParams=None, name='image_2', opacity=1.0, ori=0.0, pos=array([ 0.  , -0.05]), size=array([0.3 , 0.11]), texRes=128, units='height', win=Window(...))
8.4775 	EXP 	Created image_3 = ImageStim(__class__=<class 'psychopy.visual.image.ImageStim'>, autoLog=True, color=array([1., 1., 1.]), colorSpace='rgb', contrast=1.0, depth=-3.0, flipHoriz=False, flipVert=False, image='lsat.png', interpolate=True, mask=None, maskParams=None, name='image_3', opacity=1.0, ori=0.0, pos=array([ 0. , -0.2]), size=array([0.3 , 0.11]), texRes=128, units='height', win=Window(...))
8.4802 	EXP 	Created image_4 = ImageStim(__class__=<class 'psychopy.visual.image.ImageStim'>, autoLog=True, color=array([1., 1., 1.]), colorSpace='rgb', contrast=1.0, depth=-4.0, flipHoriz=False, flipVert=False, image='mcat.png', interpolate=True, mask=None, maskParams=None, name='image_4', opacity=1.0, ori=0.0, pos=array([ 0.  , -0.35]), size=array([0.3 , 0.11]), texRes=128, units='height', win=Window(...))
8.4819 	EXP 	Created polygon = Rect(__class__=<class 'psychopy.visual.rect.Rect'>, autoDraw=False, autoLog=True, closeShape=True, color=method-wrapper(...), colorSpace=None, contrast=1.0, depth=-7.0, fillColor=None, fillColorSpace='rgb', fillRGB=None, interpolate=True, lineColor=array([-1., -1., -1.]), lineColorSpace='rgb', lineRGB=array([-1., -1., -1.]), lineWidth=1, name='polygon', opacity=1.0, ori=array(0.), pos=array([0., 0.]), size=array([1., 1.]), units='height', vertices=ndarray(...), win=Window(...))
8.5105 	EXP 	instruct: autoDraw = True
9.6541 	DATA 	Keypress: space
9.6634 	EXP 	instruct: autoDraw = False
9.6634 	EXP 	regCue: autoDraw = True
12.6799 	EXP 	regCue: autoDraw = False
12.6799 	EXP 	regCue: autoDraw = False
12.6799 	EXP 	choiceQ: autoDraw = True
12.6799 	EXP 	testChoice: autoDraw = True
12.6799 	EXP 	videogameChoice: autoDraw = True
12.6799 	EXP 	gre: autoDraw = True
12.6799 	EXP 	gmat: autoDraw = True
12.6799 	EXP 	lsat: autoDraw = True
12.6799 	EXP 	mcat: autoDraw = True
12.6799 	EXP 	game: autoDraw = True
15.9399 	DATA 	Keypress: 1
15.9521 	EXP 	blank: autoDraw = True
15.9521 	EXP 	testChoice: color = 'green (named)'
15.9688 	EXP 	testChoice: color = 'green (named)'
15.9852 	EXP 	testChoice: color = 'green (named)'
16.0019 	EXP 	testChoice: color = 'green (named)'
16.0188 	EXP 	testChoice: color = 'green (named)'
16.0353 	EXP 	testChoice: color = 'green (named)'
16.0520 	EXP 	testChoice: color = 'green (named)'
16.0689 	EXP 	testChoice: color = 'green (named)'
16.0855 	EXP 	testChoice: color = 'green (named)'
16.1021 	EXP 	testChoice: color = 'green (named)'
16.1189 	EXP 	testChoice: color = 'green (named)'
16.1354 	EXP 	testChoice: color = 'green (named)'
16.1523 	EXP 	testChoice: color = 'green (named)'
16.1689 	EXP 	testChoice: color = 'green (named)'
16.1854 	EXP 	testChoice: color = 'green (named)'
16.2022 	EXP 	testChoice: color = 'green (named)'
16.2190 	EXP 	testChoice: color = 'green (named)'
16.2357 	EXP 	testChoice: color = 'green (named)'
16.2523 	EXP 	testChoice: color = 'green (named)'
16.2692 	EXP 	testChoice: color = 'green (named)'
16.2857 	EXP 	testChoice: color = 'green (named)'
16.3024 	EXP 	testChoice: color = 'green (named)'
16.3188 	EXP 	testChoice: color = 'green (named)'
16.3355 	EXP 	testChoice: color = 'green (named)'
16.3524 	EXP 	testChoice: color = 'green (named)'
16.3691 	EXP 	testChoice: color = 'green (named)'
16.3855 	EXP 	testChoice: color = 'green (named)'
16.4025 	EXP 	testChoice: color = 'green (named)'
16.4191 	EXP 	testChoice: color = 'green (named)'
16.4358 	EXP 	testChoice: color = 'green (named)'
16.4524 	EXP 	testChoice: color = 'green (named)'
16.4692 	EXP 	testChoice: color = 'green (named)'
16.4858 	EXP 	testChoice: color = 'green (named)'
16.5026 	EXP 	testChoice: color = 'green (named)'
16.5191 	EXP 	testChoice: color = 'green (named)'
16.5358 	EXP 	testChoice: color = 'green (named)'
16.5524 	EXP 	testChoice: color = 'green (named)'
16.5691 	EXP 	testChoice: color = 'green (named)'
16.5857 	EXP 	testChoice: color = 'green (named)'
16.6023 	EXP 	testChoice: color = 'green (named)'
16.6189 	EXP 	testChoice: color = 'green (named)'
16.6359 	EXP 	testChoice: color = 'green (named)'
16.6526 	EXP 	testChoice: color = 'green (named)'
16.6690 	EXP 	testChoice: color = 'green (named)'
16.6858 	EXP 	testChoice: color = 'green (named)'
16.7031 	EXP 	testChoice: color = 'green (named)'
16.7194 	EXP 	testChoice: color = 'green (named)'
16.7360 	EXP 	testChoice: color = 'green (named)'
16.7528 	EXP 	testChoice: color = 'green (named)'
16.7694 	EXP 	testChoice: color = 'green (named)'
16.7862 	EXP 	testChoice: color = 'green (named)'
16.8028 	EXP 	testChoice: color = 'green (named)'
16.8194 	EXP 	testChoice: color = 'green (named)'
16.8362 	EXP 	testChoice: color = 'green (named)'
16.8528 	EXP 	testChoice: color = 'green (named)'
16.8693 	EXP 	testChoice: color = 'green (named)'
16.8862 	EXP 	testChoice: color = 'green (named)'
16.9028 	EXP 	testChoice: color = 'green (named)'
16.9195 	EXP 	testChoice: color = 'green (named)'
16.9362 	EXP 	testChoice: color = 'green (named)'
16.9527 	EXP 	testChoice: color = 'green (named)'
16.9696 	EXP 	testChoice: color = 'green (named)'
16.9861 	EXP 	testChoice: color = 'green (named)'
17.0029 	EXP 	testChoice: color = 'green (named)'
17.0197 	EXP 	testChoice: color = 'green (named)'
17.0362 	EXP 	testChoice: color = 'green (named)'
17.0529 	EXP 	testChoice: color = 'green (named)'
17.0697 	EXP 	testChoice: color = 'green (named)'
17.0865 	EXP 	testChoice: color = 'green (named)'
17.1030 	EXP 	testChoice: color = 'green (named)'
17.1196 	EXP 	testChoice: color = 'green (named)'
17.1364 	EXP 	testChoice: color = 'green (named)'
17.1533 	EXP 	testChoice: color = 'green (named)'
17.1698 	EXP 	testChoice: color = 'green (named)'
17.1865 	EXP 	testChoice: color = 'green (named)'
17.2029 	EXP 	testChoice: color = 'green (named)'
17.2196 	EXP 	testChoice: color = 'green (named)'
17.2366 	EXP 	testChoice: color = 'green (named)'
17.2532 	EXP 	testChoice: color = 'green (named)'
17.2699 	EXP 	testChoice: color = 'green (named)'
17.2866 	EXP 	testChoice: color = 'green (named)'
17.3032 	EXP 	testChoice: color = 'green (named)'
17.3198 	EXP 	testChoice: color = 'green (named)'
17.3365 	EXP 	testChoice: color = 'green (named)'
17.3532 	EXP 	testChoice: color = 'green (named)'
17.3699 	EXP 	testChoice: color = 'green (named)'
17.3867 	EXP 	testChoice: color = 'green (named)'
17.4033 	EXP 	testChoice: color = 'green (named)'
17.4201 	EXP 	testChoice: color = 'green (named)'
17.4367 	EXP 	testChoice: color = 'green (named)'
17.4533 	EXP 	blank: autoDraw = False
17.4533 	EXP 	testChoice: color = 'green (named)'
17.4710 	EXP 	window1: mouseVisible = True
3.7871 	WARNING 	User requested fullscreen with size [1024  768], but screen is actually [1920, 1200]. Using actual size
4.5507 	EXP 	Created window1 = Window(allowGUI=False, allowStencil=False, args=UNKNOWN, autoLog=True, bitsMode=UNKNOWN, blendMode='avg', color=array([0., 0., 0.]), colorSpace='rgb', fullscr=<method-wrapper '__getattribute__' of attributeSetter object at 0x00000169A993BF28>, gamma=None, gammaErrorPolicy='raise', kwargs=UNKNOWN, lms=UNKNOWN, monitor=<psychopy.monitors.calibTools.Monitor object at 0x00000169A97F1C18>, multiSample=False, name='window1', numSamples=2, pos=[0.0, 0.0], screen=0, size=array([1920, 1200]), stereo=False, units='height', useFBO=True, useRetina=False, viewOri=0.0, viewPos=None, viewScale=None, waitBlanking=True, winType='pyglet')
4.5508 	EXP 	window1: recordFrameIntervals = False
4.7174 	EXP 	window1: recordFrameIntervals = True
4.9008 	EXP 	window1: recordFrameIntervals = False
5.0987 	EXP 	Created instruct = TextStim(__class__=<class 'psychopy.visual.text.TextStim'>, alignHoriz='center', alignVert='center', antialias=True, autoLog=True, bold=False, color='white', colorSpace='named', contrast=1.0, depth=0.0, flipHoriz=False, flipVert=False, font='Arial', fontFiles=[], height=0.05, italic=False, languageStyle='LTR', name='instruct', opacity=1.0, ori=0, pos=array([0., 0.]), rgb=array([255., 255., 255.]), text=str(...), units='height', win=Window(...), wrapWidth=1.4)
5.1170 	EXP 	Created regCue = TextStim(__class__=<class 'psychopy.visual.text.TextStim'>, alignHoriz='center', alignVert='center', antialias=True, autoLog=True, bold=False, color='white', colorSpace='named', contrast=1.0, depth=0.0, flipHoriz=False, flipVert=False, font='Arial', fontFiles=[], height=0.1, italic=False, languageStyle='LTR', name='regCue', opacity=1.0, ori=0, pos=array([0., 0.]), rgb=array([255., 255., 255.]), text='REGULATE', units='height', win=Window(...), wrapWidth=1)
5.1335 	EXP 	Created choiceQ = TextStim(__class__=<class 'psychopy.visual.text.TextStim'>, alignHoriz='center', alignVert='center', antialias=True, autoLog=True, bold=False, color='white', colorSpace='named', contrast=1.0, depth=0.0, flipHoriz=False, flipVert=False, font='Arial', fontFiles=[], height=0.05, italic=False, languageStyle='LTR', name='choiceQ', opacity=1.0, ori=0, pos=array([0.  , 0.35]), rgb=array([255., 255., 255.]), text=str(...), units='height', win=Window(...), wrapWidth=1.4)
5.1481 	EXP 	Created testChoice = TextStim(__class__=<class 'psychopy.visual.text.TextStim'>, alignHoriz='center', alignVert='center', antialias=True, autoLog=True, bold=False, color='white', colorSpace='named', contrast=1.0, depth=-2.0, flipHoriz=False, flipVert=False, font='Arial', fontFiles=[], height=0.04, italic=False, languageStyle='LTR', name='testChoice', opacity=1.0, ori=0, pos=array([-0.41,  0.15]), rgb=array([255., 255., 255.]), text='Practice Standardized Test Questions', units='height', win=Window(...), wrapWidth=1)
5.1539 	EXP 	Created videogameChoice = TextStim(__class__=<class 'psychopy.visual.text.TextStim'>, alignHoriz='center', alignVert='center', antialias=True, autoLog=True, bold=False, color='white', colorSpace='named', contrast=1.0, depth=-3.0, flipHoriz=False, flipVert=False, font='Arial', fontFiles=[], height=0.04, italic=False, languageStyle='LTR', name='videogameChoice', opacity=1.0, ori=0, pos=array([0.41, 0.15]), rgb=array([255., 255., 255.]), text='Play a Videogame', units='height', win=Window(...), wrapWidth=1)
5.1580 	EXP 	Created gre = ImageStim(__class__=<class 'psychopy.visual.image.ImageStim'>, autoLog=True, color=array([1., 1., 1.]), colorSpace='rgb', contrast=1.0, depth=-4.0, flipHoriz=False, flipVert=False, image='gre.png', interpolate=True, mask=None, maskParams=None, name='gre', opacity=1.0, ori=0.0, pos=array([-0.41,  0.02]), size=array([0.3  , 0.105]), texRes=128, units='height', win=Window(...))
5.1605 	EXP 	Created gmat = ImageStim(__class__=<class 'psychopy.visual.image.ImageStim'>, autoLog=True, color=array([1., 1., 1.]), colorSpace='rgb', contrast=1.0, depth=-5.0, flipHoriz=False, flipVert=False, image='gmat.png', interpolate=True, mask=None, maskParams=None, name='gmat', opacity=1.0, ori=0.0, pos=array([-0.41, -0.13]), size=array([0.3 , 0.11]), texRes=128, units='height', win=Window(...))
5.1623 	EXP 	Created lsat = ImageStim(__class__=<class 'psychopy.visual.image.ImageStim'>, autoLog=True, color=array([1., 1., 1.]), colorSpace='rgb', contrast=1.0, depth=-6.0, flipHoriz=False, flipVert=False, image='lsat.png', interpolate=True, mask=None, maskParams=None, name='lsat', opacity=1.0, ori=0.0, pos=array([-0.41, -0.27]), size=array([0.3 , 0.11]), texRes=128, units='height', win=Window(...))
5.1650 	EXP 	Created mcat = ImageStim(__class__=<class 'psychopy.visual.image.ImageStim'>, autoLog=True, color=array([1., 1., 1.]), colorSpace='rgb', contrast=1.0, depth=-7.0, flipHoriz=False, flipVert=False, image='mcat.png', interpolate=True, mask=None, maskParams=None, name='mcat', opacity=1.0, ori=0.0, pos=array([-0.41, -0.41]), size=array([0.3 , 0.11]), texRes=128, units='height', win=Window(...))
5.1765 	EXP 	Created game = ImageStim(__class__=<class 'psychopy.visual.image.ImageStim'>, autoLog=True, color=array([1., 1., 1.]), colorSpace='rgb', contrast=1.0, depth=-8.0, flipHoriz=False, flipVert=False, image='game.png', interpolate=True, mask=None, maskParams=None, name='game', opacity=1.0, ori=0.0, pos=array([ 0.41, -0.19]), size=array([0.4, 0.5]), texRes=128, units='height', win=Window(...))
5.1769 	EXP 	Created blank = TextStim(__class__=<class 'psychopy.visual.text.TextStim'>, alignHoriz='center', alignVert='center', antialias=True, autoLog=True, bold=False, color='white', colorSpace='named', contrast=1.0, depth=-9.0, flipHoriz=False, flipVert=False, font='Arial', fontFiles=[], height=0.1, italic=False, languageStyle='LTR', name='blank', opacity=1.0, ori=0, pos=array([0., 0.]), rgb=array([255., 255., 255.]), text='', units='height', win=Window(...), wrapWidth=1)
5.2070 	EXP 	Created testQChoice = TextStim(__class__=<class 'psychopy.visual.text.TextStim'>, alignHoriz='center', alignVert='center', antialias=True, autoLog=True, bold=False, color='white', colorSpace='named', contrast=1.0, depth=0.0, flipHoriz=False, flipVert=False, font='Arial', fontFiles=[], height=0.055, italic=False, languageStyle='LTR', name='testQChoice', opacity=1.0, ori=0, pos=array([0.  , 0.35]), rgb=array([255., 255., 255.]), text=str(...), units='height', win=Window(...), wrapWidth=1.3)
5.2105 	EXP 	Created image = ImageStim(__class__=<class 'psychopy.visual.image.ImageStim'>, autoLog=True, color=array([1., 1., 1.]), colorSpace='rgb', contrast=1.0, depth=-1.0, flipHoriz=False, flipVert=False, image='gre.png', interpolate=True, mask=None, maskParams=None, name='image', opacity=1.0, ori=0.0, pos=array([0.   , 0.105]), size=array([0.3 , 0.11]), texRes=128, units='height', win=Window(...))
5.2131 	EXP 	Created image_2 = ImageStim(__class__=<class 'psychopy.visual.image.ImageStim'>, autoLog=True, color=array([1., 1., 1.]), colorSpace='rgb', contrast=1.0, depth=-2.0, flipHoriz=False, flipVert=False, image='gmat.png', interpolate=True, mask=None, maskParams=None, name='image_2', opacity=1.0, ori=0.0, pos=array([ 0.  , -0.05]), size=array([0.3 , 0.11]), texRes=128, units='height', win=Window(...))
5.2157 	EXP 	Created image_3 = ImageStim(__class__=<class 'psychopy.visual.image.ImageStim'>, autoLog=True, color=array([1., 1., 1.]), colorSpace='rgb', contrast=1.0, depth=-3.0, flipHoriz=False, flipVert=False, image='lsat.png', interpolate=True, mask=None, maskParams=None, name='image_3', opacity=1.0, ori=0.0, pos=array([ 0. , -0.2]), size=array([0.3 , 0.11]), texRes=128, units='height', win=Window(...))
5.2192 	EXP 	Created image_4 = ImageStim(__class__=<class 'psychopy.visual.image.ImageStim'>, autoLog=True, color=array([1., 1., 1.]), colorSpace='rgb', contrast=1.0, depth=-4.0, flipHoriz=False, flipVert=False, image='mcat.png', interpolate=True, mask=None, maskParams=None, name='image_4', opacity=1.0, ori=0.0, pos=array([ 0.  , -0.35]), size=array([0.3 , 0.11]), texRes=128, units='height', win=Window(...))
5.2211 	EXP 	Created polygon = Rect(__class__=<class 'psychopy.visual.rect.Rect'>, autoDraw=False, autoLog=True, closeShape=True, color=method-wrapper(...), colorSpace=None, contrast=1.0, depth=-7.0, fillColor=None, fillColorSpace='rgb', fillRGB=None, interpolate=True, lineColor=array([-1., -1., -1.]), lineColorSpace='rgb', lineRGB=array([-1., -1., -1.]), lineWidth=1, name='polygon', opacity=1.0, ori=array(0.), pos=array([0., 0.]), size=array([1., 1.]), units='height', vertices=ndarray(...), win=Window(...))
5.2518 	EXP 	instruct: autoDraw = True
6.1266 	DATA 	Keypress: space
6.1352 	EXP 	instruct: autoDraw = False
6.1352 	EXP 	regCue: autoDraw = True
9.1559 	EXP 	regCue: autoDraw = False
9.1559 	EXP 	regCue: autoDraw = False
9.1559 	EXP 	choiceQ: autoDraw = True
9.1559 	EXP 	testChoice: autoDraw = True
9.1559 	EXP 	videogameChoice: autoDraw = True
9.1559 	EXP 	gre: autoDraw = True
9.1559 	EXP 	gmat: autoDraw = True
9.1559 	EXP 	lsat: autoDraw = True
9.1559 	EXP 	mcat: autoDraw = True
9.1559 	EXP 	game: autoDraw = True
10.3273 	DATA 	Keypress: 1
10.3387 	EXP 	blank: autoDraw = True
10.3387 	EXP 	testChoice: color = 'green (named)'
10.3551 	EXP 	testChoice: color = 'green (named)'
10.3719 	EXP 	testChoice: color = 'green (named)'
10.3886 	EXP 	testChoice: color = 'green (named)'
10.4054 	EXP 	testChoice: color = 'green (named)'
10.4219 	EXP 	testChoice: color = 'green (named)'
10.4388 	EXP 	testChoice: color = 'green (named)'
10.4553 	EXP 	testChoice: color = 'green (named)'
10.4720 	EXP 	testChoice: color = 'green (named)'
10.4887 	EXP 	testChoice: color = 'green (named)'
10.5054 	EXP 	testChoice: color = 'green (named)'
10.5221 	EXP 	testChoice: color = 'green (named)'
10.5388 	EXP 	testChoice: color = 'green (named)'
10.5554 	EXP 	testChoice: color = 'green (named)'
10.5721 	EXP 	testChoice: color = 'green (named)'
10.5888 	EXP 	testChoice: color = 'green (named)'
10.6055 	EXP 	testChoice: color = 'green (named)'
10.6221 	EXP 	testChoice: color = 'green (named)'
10.6389 	EXP 	testChoice: color = 'green (named)'
10.6556 	EXP 	testChoice: color = 'green (named)'
10.6723 	EXP 	testChoice: color = 'green (named)'
10.6889 	EXP 	testChoice: color = 'green (named)'
10.7057 	EXP 	testChoice: color = 'green (named)'
10.7222 	EXP 	testChoice: color = 'green (named)'
10.7390 	EXP 	testChoice: color = 'green (named)'
10.7556 	EXP 	testChoice: color = 'green (named)'
10.7723 	EXP 	testChoice: color = 'green (named)'
10.7890 	EXP 	testChoice: color = 'green (named)'
10.8057 	EXP 	testChoice: color = 'green (named)'
10.8222 	EXP 	testChoice: color = 'green (named)'
10.8392 	EXP 	testChoice: color = 'green (named)'
10.8557 	EXP 	testChoice: color = 'green (named)'
10.8725 	EXP 	testChoice: color = 'green (named)'
10.8891 	EXP 	testChoice: color = 'green (named)'
10.9058 	EXP 	testChoice: color = 'green (named)'
10.9226 	EXP 	testChoice: color = 'green (named)'
10.9391 	EXP 	testChoice: color = 'green (named)'
10.9559 	EXP 	testChoice: color = 'green (named)'
10.9726 	EXP 	testChoice: color = 'green (named)'
10.9891 	EXP 	testChoice: color = 'green (named)'
11.0059 	EXP 	testChoice: color = 'green (named)'
11.0224 	EXP 	testChoice: color = 'green (named)'
11.0393 	EXP 	testChoice: color = 'green (named)'
11.0559 	EXP 	testChoice: color = 'green (named)'
11.0725 	EXP 	testChoice: color = 'green (named)'
11.0893 	EXP 	testChoice: color = 'green (named)'
11.1060 	EXP 	testChoice: color = 'green (named)'
11.1226 	EXP 	testChoice: color = 'green (named)'
11.1392 	EXP 	testChoice: color = 'green (named)'
11.1561 	EXP 	testChoice: color = 'green (named)'
11.1727 	EXP 	testChoice: color = 'green (named)'
11.1893 	EXP 	testChoice: color = 'green (named)'
11.2059 	EXP 	testChoice: color = 'green (named)'
11.2227 	EXP 	testChoice: color = 'green (named)'
11.2393 	EXP 	testChoice: color = 'green (named)'
11.2561 	EXP 	testChoice: color = 'green (named)'
11.2727 	EXP 	testChoice: color = 'green (named)'
11.2895 	EXP 	testChoice: color = 'green (named)'
11.3060 	EXP 	testChoice: color = 'green (named)'
11.3229 	EXP 	testChoice: color = 'green (named)'
11.3395 	EXP 	testChoice: color = 'green (named)'
11.3560 	EXP 	testChoice: color = 'green (named)'
11.3728 	EXP 	testChoice: color = 'green (named)'
11.3894 	EXP 	testChoice: color = 'green (named)'
11.4061 	EXP 	testChoice: color = 'green (named)'
11.4229 	EXP 	testChoice: color = 'green (named)'
11.4395 	EXP 	testChoice: color = 'green (named)'
11.4562 	EXP 	testChoice: color = 'green (named)'
11.4728 	EXP 	testChoice: color = 'green (named)'
11.4895 	EXP 	testChoice: color = 'green (named)'
11.5062 	EXP 	testChoice: color = 'green (named)'
11.5229 	EXP 	testChoice: color = 'green (named)'
11.5396 	EXP 	testChoice: color = 'green (named)'
11.5562 	EXP 	testChoice: color = 'green (named)'
11.5730 	EXP 	testChoice: color = 'green (named)'
11.5896 	EXP 	testChoice: color = 'green (named)'
11.6063 	EXP 	testChoice: color = 'green (named)'
11.6230 	EXP 	testChoice: color = 'green (named)'
11.6396 	EXP 	testChoice: color = 'green (named)'
11.6563 	EXP 	testChoice: color = 'green (named)'
11.6730 	EXP 	testChoice: color = 'green (named)'
11.6898 	EXP 	testChoice: color = 'green (named)'
11.7064 	EXP 	testChoice: color = 'green (named)'
11.7231 	EXP 	testChoice: color = 'green (named)'
11.7397 	EXP 	testChoice: color = 'green (named)'
11.7564 	EXP 	testChoice: color = 'green (named)'
11.7731 	EXP 	testChoice: color = 'green (named)'
11.7898 	EXP 	testChoice: color = 'green (named)'
11.8065 	EXP 	testChoice: color = 'green (named)'
11.8231 	EXP 	testChoice: color = 'green (named)'
11.8397 	EXP 	blank: autoDraw = False
11.8397 	EXP 	testChoice: color = 'green (named)'
11.8614 	EXP 	window1: mouseVisible = True
