3.9593 	WARNING 	User requested fullscreen with size [1024  768], but screen is actually [1920, 1200]. Using actual size
4.7259 	EXP 	Created window1 = Window(allowGUI=False, allowStencil=False, args=UNKNOWN, autoLog=True, bitsMode=UNKNOWN, blendMode='avg', color=array([0., 0., 0.]), colorSpace='rgb', fullscr=<method-wrapper '__getattribute__' of attributeSetter object at 0x000001D0AF76BE80>, gamma=None, gammaErrorPolicy='raise', kwargs=UNKNOWN, lms=UNKNOWN, monitor=<psychopy.monitors.calibTools.Monitor object at 0x000001D0AF622B70>, multiSample=False, name='window1', numSamples=2, pos=[0.0, 0.0], screen=0, size=array([1920, 1200]), stereo=False, units='height', useFBO=True, useRetina=False, viewOri=0.0, viewPos=None, viewScale=None, waitBlanking=True, winType='pyglet')
4.7260 	EXP 	window1: recordFrameIntervals = False
4.8920 	EXP 	window1: recordFrameIntervals = True
5.0759 	EXP 	window1: recordFrameIntervals = False
5.2754 	EXP 	Created instruct = TextStim(__class__=<class 'psychopy.visual.text.TextStim'>, alignHoriz='center', alignVert='center', antialias=True, autoLog=True, bold=False, color='white', colorSpace='named', contrast=1.0, depth=0.0, flipHoriz=False, flipVert=False, font='Arial', fontFiles=[], height=0.05, italic=False, languageStyle='LTR', name='instruct', opacity=1.0, ori=0, pos=array([0., 0.]), rgb=array([255., 255., 255.]), text=str(...), units='height', win=Window(...), wrapWidth=1.4)
5.2941 	EXP 	Created regCue = TextStim(__class__=<class 'psychopy.visual.text.TextStim'>, alignHoriz='center', alignVert='center', antialias=True, autoLog=True, bold=False, color='white', colorSpace='named', contrast=1.0, depth=0.0, flipHoriz=False, flipVert=False, font='Arial', fontFiles=[], height=0.1, italic=False, languageStyle='LTR', name='regCue', opacity=1.0, ori=0, pos=array([0., 0.]), rgb=array([255., 255., 255.]), text='REGULATE', units='height', win=Window(...), wrapWidth=1)
5.3103 	EXP 	Created choiceQ = TextStim(__class__=<class 'psychopy.visual.text.TextStim'>, alignHoriz='center', alignVert='center', antialias=True, autoLog=True, bold=False, color='white', colorSpace='named', contrast=1.0, depth=0.0, flipHoriz=False, flipVert=False, font='Arial', fontFiles=[], height=0.05, italic=False, languageStyle='LTR', name='choiceQ', opacity=1.0, ori=0, pos=array([0.  , 0.35]), rgb=array([255., 255., 255.]), text=str(...), units='height', win=Window(...), wrapWidth=1.4)
5.3248 	EXP 	Created testChoice = TextStim(__class__=<class 'psychopy.visual.text.TextStim'>, alignHoriz='center', alignVert='center', antialias=True, autoLog=True, bold=False, color='white', colorSpace='named', contrast=1.0, depth=-2.0, flipHoriz=False, flipVert=False, font='Arial', fontFiles=[], height=0.04, italic=False, languageStyle='LTR', name='testChoice', opacity=1.0, ori=0, pos=array([-0.41,  0.15]), rgb=array([255., 255., 255.]), text='Practice Standardized Test Questions', units='height', win=Window(...), wrapWidth=1)
5.3305 	EXP 	Created videogameChoice = TextStim(__class__=<class 'psychopy.visual.text.TextStim'>, alignHoriz='center', alignVert='center', antialias=True, autoLog=True, bold=False, color='white', colorSpace='named', contrast=1.0, depth=-3.0, flipHoriz=False, flipVert=False, font='Arial', fontFiles=[], height=0.04, italic=False, languageStyle='LTR', name='videogameChoice', opacity=1.0, ori=0, pos=array([0.41, 0.15]), rgb=array([255., 255., 255.]), text='Play a Videogame', units='height', win=Window(...), wrapWidth=1)
5.3350 	EXP 	Created gre = ImageStim(__class__=<class 'psychopy.visual.image.ImageStim'>, autoLog=True, color=array([1., 1., 1.]), colorSpace='rgb', contrast=1.0, depth=-4.0, flipHoriz=False, flipVert=False, image='gre.png', interpolate=True, mask=None, maskParams=None, name='gre', opacity=1.0, ori=0.0, pos=array([-0.41,  0.02]), size=array([0.3  , 0.105]), texRes=128, units='height', win=Window(...))
5.3375 	EXP 	Created gmat = ImageStim(__class__=<class 'psychopy.visual.image.ImageStim'>, autoLog=True, color=array([1., 1., 1.]), colorSpace='rgb', contrast=1.0, depth=-5.0, flipHoriz=False, flipVert=False, image='gmat.png', interpolate=True, mask=None, maskParams=None, name='gmat', opacity=1.0, ori=0.0, pos=array([-0.41, -0.13]), size=array([0.3 , 0.11]), texRes=128, units='height', win=Window(...))
5.3391 	EXP 	Created lsat = ImageStim(__class__=<class 'psychopy.visual.image.ImageStim'>, autoLog=True, color=array([1., 1., 1.]), colorSpace='rgb', contrast=1.0, depth=-6.0, flipHoriz=False, flipVert=False, image='lsat.png', interpolate=True, mask=None, maskParams=None, name='lsat', opacity=1.0, ori=0.0, pos=array([-0.41, -0.27]), size=array([0.3 , 0.11]), texRes=128, units='height', win=Window(...))
5.3425 	EXP 	Created mcat = ImageStim(__class__=<class 'psychopy.visual.image.ImageStim'>, autoLog=True, color=array([1., 1., 1.]), colorSpace='rgb', contrast=1.0, depth=-7.0, flipHoriz=False, flipVert=False, image='mcat.png', interpolate=True, mask=None, maskParams=None, name='mcat', opacity=1.0, ori=0.0, pos=array([-0.41, -0.41]), size=array([0.3 , 0.11]), texRes=128, units='height', win=Window(...))
5.3541 	EXP 	Created game = ImageStim(__class__=<class 'psychopy.visual.image.ImageStim'>, autoLog=True, color=array([1., 1., 1.]), colorSpace='rgb', contrast=1.0, depth=-8.0, flipHoriz=False, flipVert=False, image='game.png', interpolate=True, mask=None, maskParams=None, name='game', opacity=1.0, ori=0.0, pos=array([ 0.41, -0.19]), size=array([0.4, 0.5]), texRes=128, units='height', win=Window(...))
5.3545 	EXP 	Created blank = TextStim(__class__=<class 'psychopy.visual.text.TextStim'>, alignHoriz='center', alignVert='center', antialias=True, autoLog=True, bold=False, color='white', colorSpace='named', contrast=1.0, depth=-9.0, flipHoriz=False, flipVert=False, font='Arial', fontFiles=[], height=0.1, italic=False, languageStyle='LTR', name='blank', opacity=1.0, ori=0, pos=array([0., 0.]), rgb=array([255., 255., 255.]), text='', units='height', win=Window(...), wrapWidth=1)
5.3841 	EXP 	Created testQChoice = TextStim(__class__=<class 'psychopy.visual.text.TextStim'>, alignHoriz='center', alignVert='center', antialias=True, autoLog=True, bold=False, color='white', colorSpace='named', contrast=1.0, depth=0.0, flipHoriz=False, flipVert=False, font='Arial', fontFiles=[], height=0.055, italic=False, languageStyle='LTR', name='testQChoice', opacity=1.0, ori=0, pos=array([0.  , 0.35]), rgb=array([255., 255., 255.]), text=str(...), units='height', win=Window(...), wrapWidth=1.3)
5.3872 	EXP 	Created image = ImageStim(__class__=<class 'psychopy.visual.image.ImageStim'>, autoLog=True, color=array([1., 1., 1.]), colorSpace='rgb', contrast=1.0, depth=-1.0, flipHoriz=False, flipVert=False, image='gre.png', interpolate=True, mask=None, maskParams=None, name='image', opacity=1.0, ori=0.0, pos=array([0.  , 0.15]), size=array([0.3 , 0.11]), texRes=128, units='height', win=Window(...))
5.3896 	EXP 	Created image_2 = ImageStim(__class__=<class 'psychopy.visual.image.ImageStim'>, autoLog=True, color=array([1., 1., 1.]), colorSpace='rgb', contrast=1.0, depth=-2.0, flipHoriz=False, flipVert=False, image='gmat.png', interpolate=True, mask=None, maskParams=None, name='image_2', opacity=1.0, ori=0.0, pos=array([ 0.  , -0.05]), size=array([0.3 , 0.11]), texRes=128, units='height', win=Window(...))
5.3916 	EXP 	Created image_3 = ImageStim(__class__=<class 'psychopy.visual.image.ImageStim'>, autoLog=True, color=array([1., 1., 1.]), colorSpace='rgb', contrast=1.0, depth=-3.0, flipHoriz=False, flipVert=False, image='lsat.png', interpolate=True, mask=None, maskParams=None, name='image_3', opacity=1.0, ori=0.0, pos=array([ 0. , -0.2]), size=array([0.3 , 0.11]), texRes=128, units='height', win=Window(...))
5.3946 	EXP 	Created image_4 = ImageStim(__class__=<class 'psychopy.visual.image.ImageStim'>, autoLog=True, color=array([1., 1., 1.]), colorSpace='rgb', contrast=1.0, depth=-4.0, flipHoriz=False, flipVert=False, image='mcat.png', interpolate=True, mask=None, maskParams=None, name='image_4', opacity=1.0, ori=0.0, pos=array([ 0.  , -0.35]), size=array([0.3 , 0.11]), texRes=128, units='height', win=Window(...))
5.4240 	EXP 	instruct: autoDraw = True
6.8483 	DATA 	Keypress: space
6.8771 	EXP 	instruct: autoDraw = False
6.8771 	EXP 	regCue: autoDraw = True
9.8966 	EXP 	regCue: autoDraw = False
9.8966 	EXP 	regCue: autoDraw = False
9.8966 	EXP 	choiceQ: autoDraw = True
9.8966 	EXP 	testChoice: autoDraw = True
9.8966 	EXP 	videogameChoice: autoDraw = True
9.8966 	EXP 	gre: autoDraw = True
9.8966 	EXP 	gmat: autoDraw = True
9.8966 	EXP 	lsat: autoDraw = True
9.8966 	EXP 	mcat: autoDraw = True
9.8966 	EXP 	game: autoDraw = True
15.1888 	DATA 	Keypress: 1
15.2007 	EXP 	blank: autoDraw = True
15.2007 	EXP 	testChoice: color = 'green (named)'
15.2174 	EXP 	testChoice: color = 'green (named)'
15.2340 	EXP 	testChoice: color = 'green (named)'
15.2506 	EXP 	testChoice: color = 'green (named)'
15.2674 	EXP 	testChoice: color = 'green (named)'
15.2839 	EXP 	testChoice: color = 'green (named)'
15.3008 	EXP 	testChoice: color = 'green (named)'
15.3174 	EXP 	testChoice: color = 'green (named)'
15.3341 	EXP 	testChoice: color = 'green (named)'
15.3508 	EXP 	testChoice: color = 'green (named)'
15.3674 	EXP 	testChoice: color = 'green (named)'
15.3841 	EXP 	testChoice: color = 'green (named)'
15.4008 	EXP 	testChoice: color = 'green (named)'
15.4175 	EXP 	testChoice: color = 'green (named)'
15.4343 	EXP 	testChoice: color = 'green (named)'
15.4508 	EXP 	testChoice: color = 'green (named)'
15.4675 	EXP 	testChoice: color = 'green (named)'
15.4841 	EXP 	testChoice: color = 'green (named)'
15.5009 	EXP 	testChoice: color = 'green (named)'
15.5176 	EXP 	testChoice: color = 'green (named)'
15.5343 	EXP 	testChoice: color = 'green (named)'
15.5510 	EXP 	testChoice: color = 'green (named)'
15.5675 	EXP 	testChoice: color = 'green (named)'
15.5843 	EXP 	testChoice: color = 'green (named)'
15.6010 	EXP 	testChoice: color = 'green (named)'
15.6177 	EXP 	testChoice: color = 'green (named)'
15.6346 	EXP 	testChoice: color = 'green (named)'
15.6509 	EXP 	testChoice: color = 'green (named)'
15.6676 	EXP 	testChoice: color = 'green (named)'
15.6843 	EXP 	testChoice: color = 'green (named)'
15.7010 	EXP 	testChoice: color = 'green (named)'
15.7177 	EXP 	testChoice: color = 'green (named)'
15.7343 	EXP 	testChoice: color = 'green (named)'
15.7511 	EXP 	testChoice: color = 'green (named)'
15.7677 	EXP 	testChoice: color = 'green (named)'
15.7844 	EXP 	testChoice: color = 'green (named)'
15.8012 	EXP 	testChoice: color = 'green (named)'
15.8179 	EXP 	testChoice: color = 'green (named)'
15.8345 	EXP 	testChoice: color = 'green (named)'
15.8512 	EXP 	testChoice: color = 'green (named)'
15.8679 	EXP 	testChoice: color = 'green (named)'
15.8845 	EXP 	testChoice: color = 'green (named)'
15.9012 	EXP 	testChoice: color = 'green (named)'
15.9180 	EXP 	testChoice: color = 'green (named)'
15.9346 	EXP 	testChoice: color = 'green (named)'
15.9516 	EXP 	testChoice: color = 'green (named)'
15.9680 	EXP 	testChoice: color = 'green (named)'
15.9845 	EXP 	testChoice: color = 'green (named)'
16.0014 	EXP 	testChoice: color = 'green (named)'
16.0180 	EXP 	testChoice: color = 'green (named)'
16.0347 	EXP 	testChoice: color = 'green (named)'
16.0514 	EXP 	testChoice: color = 'green (named)'
16.0681 	EXP 	testChoice: color = 'green (named)'
16.0847 	EXP 	testChoice: color = 'green (named)'
16.1014 	EXP 	testChoice: color = 'green (named)'
16.1180 	EXP 	testChoice: color = 'green (named)'
16.1348 	EXP 	testChoice: color = 'green (named)'
16.1514 	EXP 	testChoice: color = 'green (named)'
16.1682 	EXP 	testChoice: color = 'green (named)'
16.1848 	EXP 	testChoice: color = 'green (named)'
16.2015 	EXP 	testChoice: color = 'green (named)'
16.2182 	EXP 	testChoice: color = 'green (named)'
16.2349 	EXP 	testChoice: color = 'green (named)'
16.2515 	EXP 	testChoice: color = 'green (named)'
16.2682 	EXP 	testChoice: color = 'green (named)'
16.2849 	EXP 	testChoice: color = 'green (named)'
16.3016 	EXP 	testChoice: color = 'green (named)'
16.3183 	EXP 	testChoice: color = 'green (named)'
16.3349 	EXP 	testChoice: color = 'green (named)'
16.3516 	EXP 	testChoice: color = 'green (named)'
16.3683 	EXP 	testChoice: color = 'green (named)'
16.3850 	EXP 	testChoice: color = 'green (named)'
16.4017 	EXP 	testChoice: color = 'green (named)'
16.4184 	EXP 	testChoice: color = 'green (named)'
16.4351 	EXP 	testChoice: color = 'green (named)'
16.4517 	EXP 	testChoice: color = 'green (named)'
16.4684 	EXP 	testChoice: color = 'green (named)'
16.4849 	EXP 	testChoice: color = 'green (named)'
16.5017 	EXP 	testChoice: color = 'green (named)'
16.5185 	EXP 	testChoice: color = 'green (named)'
16.5351 	EXP 	testChoice: color = 'green (named)'
16.5518 	EXP 	testChoice: color = 'green (named)'
16.5684 	EXP 	testChoice: color = 'green (named)'
16.5852 	EXP 	testChoice: color = 'green (named)'
16.6019 	EXP 	testChoice: color = 'green (named)'
16.6186 	EXP 	testChoice: color = 'green (named)'
16.6355 	EXP 	testChoice: color = 'green (named)'
16.6519 	EXP 	testChoice: color = 'green (named)'
16.6686 	EXP 	testChoice: color = 'green (named)'
16.6852 	EXP 	testChoice: color = 'green (named)'
16.7020 	EXP 	blank: autoDraw = False
16.7020 	EXP 	testChoice: color = 'green (named)'
16.7187 	EXP 	choiceQ: autoDraw = False
16.7187 	EXP 	testChoice: autoDraw = False
16.7187 	EXP 	videogameChoice: autoDraw = False
16.7187 	EXP 	gre: autoDraw = False
16.7187 	EXP 	gmat: autoDraw = False
16.7187 	EXP 	lsat: autoDraw = False
16.7187 	EXP 	mcat: autoDraw = False
16.7187 	EXP 	game: autoDraw = False
16.7187 	EXP 	testChoice: color = 'green (named)'
16.7187 	EXP 	choiceQ: autoDraw = False
16.7187 	EXP 	testChoice: autoDraw = False
16.7187 	EXP 	videogameChoice: autoDraw = False
16.7187 	EXP 	gre: autoDraw = False
16.7187 	EXP 	gmat: autoDraw = False
16.7187 	EXP 	lsat: autoDraw = False
16.7187 	EXP 	mcat: autoDraw = False
16.7187 	EXP 	game: autoDraw = False
16.7187 	EXP 	blank: autoDraw = False
16.7187 	EXP 	videogameChoice: color = 'white (named)'
16.7187 	EXP 	testChoice: color = 'white (named)'
16.7187 	EXP 	choiceQ: autoDraw = False
16.7187 	EXP 	testChoice: autoDraw = False
16.7187 	EXP 	videogameChoice: autoDraw = False
16.7187 	EXP 	gre: autoDraw = False
16.7187 	EXP 	gmat: autoDraw = False
16.7187 	EXP 	lsat: autoDraw = False
16.7187 	EXP 	mcat: autoDraw = False
16.7187 	EXP 	testQChoice: autoDraw = True
16.7187 	EXP 	image: autoDraw = True
16.7187 	EXP 	image_2: autoDraw = True
16.7187 	EXP 	image_3: autoDraw = True
16.7187 	EXP 	image_4: autoDraw = True
30.1857 	DATA 	Keypress: escape
30.2545 	EXP 	window1: mouseVisible = True
