4.0740 	WARNING 	User requested fullscreen with size [1024  768], but screen is actually [1920, 1200]. Using actual size
4.8376 	EXP 	Created window1 = Window(allowGUI=False, allowStencil=False, args=UNKNOWN, autoLog=True, bitsMode=UNKNOWN, blendMode='avg', color=array([0., 0., 0.]), colorSpace='rgb', fullscr=<method-wrapper '__getattribute__' of attributeSetter object at 0x0000021F377DBE10>, gamma=None, gammaErrorPolicy='raise', kwargs=UNKNOWN, lms=UNKNOWN, monitor=<psychopy.monitors.calibTools.Monitor object at 0x0000021F37694B00>, multiSample=False, name='window1', numSamples=2, pos=[0.0, 0.0], screen=0, size=array([1920, 1200]), stereo=False, units='height', useFBO=True, useRetina=False, viewOri=0.0, viewPos=None, viewScale=None, waitBlanking=True, winType='pyglet')
4.8377 	EXP 	window1: recordFrameIntervals = False
5.0038 	EXP 	window1: recordFrameIntervals = True
5.1874 	EXP 	window1: recordFrameIntervals = False
5.3857 	EXP 	Created instruct = TextStim(__class__=<class 'psychopy.visual.text.TextStim'>, alignHoriz='center', alignVert='center', antialias=True, autoLog=True, bold=False, color='white', colorSpace='named', contrast=1.0, depth=0.0, flipHoriz=False, flipVert=False, font='Arial', fontFiles=[], height=0.05, italic=False, languageStyle='LTR', name='instruct', opacity=1.0, ori=0, pos=array([0., 0.]), rgb=array([255., 255., 255.]), text=str(...), units='height', win=Window(...), wrapWidth=1.4)
5.4046 	EXP 	Created regCue = TextStim(__class__=<class 'psychopy.visual.text.TextStim'>, alignHoriz='center', alignVert='center', antialias=True, autoLog=True, bold=False, color='white', colorSpace='named', contrast=1.0, depth=0.0, flipHoriz=False, flipVert=False, font='Arial', fontFiles=[], height=0.1, italic=False, languageStyle='LTR', name='regCue', opacity=1.0, ori=0, pos=array([0., 0.]), rgb=array([255., 255., 255.]), text='REGULATE', units='height', win=Window(...), wrapWidth=1)
5.4208 	EXP 	Created choiceQ = TextStim(__class__=<class 'psychopy.visual.text.TextStim'>, alignHoriz='center', alignVert='center', antialias=True, autoLog=True, bold=False, color='white', colorSpace='named', contrast=1.0, depth=0.0, flipHoriz=False, flipVert=False, font='Arial', fontFiles=[], height=0.05, italic=False, languageStyle='LTR', name='choiceQ', opacity=1.0, ori=0, pos=array([0.  , 0.35]), rgb=array([255., 255., 255.]), text=str(...), units='height', win=Window(...), wrapWidth=1.4)
5.4351 	EXP 	Created testChoice = TextStim(__class__=<class 'psychopy.visual.text.TextStim'>, alignHoriz='center', alignVert='center', antialias=True, autoLog=True, bold=False, color='white', colorSpace='named', contrast=1.0, depth=-2.0, flipHoriz=False, flipVert=False, font='Arial', fontFiles=[], height=0.04, italic=False, languageStyle='LTR', name='testChoice', opacity=1.0, ori=0, pos=array([-0.41,  0.15]), rgb=array([255., 255., 255.]), text='Practice Standardized Test Questions', units='height', win=Window(...), wrapWidth=1)
5.4412 	EXP 	Created videogameChoice = TextStim(__class__=<class 'psychopy.visual.text.TextStim'>, alignHoriz='center', alignVert='center', antialias=True, autoLog=True, bold=False, color='white', colorSpace='named', contrast=1.0, depth=-3.0, flipHoriz=False, flipVert=False, font='Arial', fontFiles=[], height=0.04, italic=False, languageStyle='LTR', name='videogameChoice', opacity=1.0, ori=0, pos=array([0.41, 0.15]), rgb=array([255., 255., 255.]), text='Play a Videogame', units='height', win=Window(...), wrapWidth=1)
5.4456 	EXP 	Created gre = ImageStim(__class__=<class 'psychopy.visual.image.ImageStim'>, autoLog=True, color=array([1., 1., 1.]), colorSpace='rgb', contrast=1.0, depth=-4.0, flipHoriz=False, flipVert=False, image='gre.png', interpolate=True, mask=None, maskParams=None, name='gre', opacity=1.0, ori=0.0, pos=array([-0.41,  0.02]), size=array([0.3  , 0.105]), texRes=128, units='height', win=Window(...))
5.4480 	EXP 	Created gmat = ImageStim(__class__=<class 'psychopy.visual.image.ImageStim'>, autoLog=True, color=array([1., 1., 1.]), colorSpace='rgb', contrast=1.0, depth=-5.0, flipHoriz=False, flipVert=False, image='gmat.png', interpolate=True, mask=None, maskParams=None, name='gmat', opacity=1.0, ori=0.0, pos=array([-0.41, -0.13]), size=array([0.3 , 0.11]), texRes=128, units='height', win=Window(...))
5.4496 	EXP 	Created lsat = ImageStim(__class__=<class 'psychopy.visual.image.ImageStim'>, autoLog=True, color=array([1., 1., 1.]), colorSpace='rgb', contrast=1.0, depth=-6.0, flipHoriz=False, flipVert=False, image='lsat.png', interpolate=True, mask=None, maskParams=None, name='lsat', opacity=1.0, ori=0.0, pos=array([-0.41, -0.27]), size=array([0.3 , 0.11]), texRes=128, units='height', win=Window(...))
5.4523 	EXP 	Created mcat = ImageStim(__class__=<class 'psychopy.visual.image.ImageStim'>, autoLog=True, color=array([1., 1., 1.]), colorSpace='rgb', contrast=1.0, depth=-7.0, flipHoriz=False, flipVert=False, image='mcat.png', interpolate=True, mask=None, maskParams=None, name='mcat', opacity=1.0, ori=0.0, pos=array([-0.41, -0.41]), size=array([0.3 , 0.11]), texRes=128, units='height', win=Window(...))
5.4637 	EXP 	Created game = ImageStim(__class__=<class 'psychopy.visual.image.ImageStim'>, autoLog=True, color=array([1., 1., 1.]), colorSpace='rgb', contrast=1.0, depth=-8.0, flipHoriz=False, flipVert=False, image='game.png', interpolate=True, mask=None, maskParams=None, name='game', opacity=1.0, ori=0.0, pos=array([ 0.41, -0.19]), size=array([0.4, 0.5]), texRes=128, units='height', win=Window(...))
5.4641 	EXP 	Created blank = TextStim(__class__=<class 'psychopy.visual.text.TextStim'>, alignHoriz='center', alignVert='center', antialias=True, autoLog=True, bold=False, color='white', colorSpace='named', contrast=1.0, depth=-9.0, flipHoriz=False, flipVert=False, font='Arial', fontFiles=[], height=0.1, italic=False, languageStyle='LTR', name='blank', opacity=1.0, ori=0, pos=array([0., 0.]), rgb=array([255., 255., 255.]), text='', units='height', win=Window(...), wrapWidth=1)
5.4939 	EXP 	Created testQChoice = TextStim(__class__=<class 'psychopy.visual.text.TextStim'>, alignHoriz='center', alignVert='center', antialias=True, autoLog=True, bold=False, color='white', colorSpace='named', contrast=1.0, depth=0.0, flipHoriz=False, flipVert=False, font='Arial', fontFiles=[], height=0.055, italic=False, languageStyle='LTR', name='testQChoice', opacity=1.0, ori=0, pos=array([0.  , 0.35]), rgb=array([255., 255., 255.]), text=str(...), units='height', win=Window(...), wrapWidth=1.3)
5.4970 	EXP 	Created image = ImageStim(__class__=<class 'psychopy.visual.image.ImageStim'>, autoLog=True, color=array([1., 1., 1.]), colorSpace='rgb', contrast=1.0, depth=-1.0, flipHoriz=False, flipVert=False, image='gre.png', interpolate=True, mask=None, maskParams=None, name='image', opacity=1.0, ori=0.0, pos=array([0.  , 0.25]), size=array([0.3 , 0.11]), texRes=128, units='height', win=Window(...))
5.4995 	EXP 	Created image_2 = ImageStim(__class__=<class 'psychopy.visual.image.ImageStim'>, autoLog=True, color=array([1., 1., 1.]), colorSpace='rgb', contrast=1.0, depth=-2.0, flipHoriz=False, flipVert=False, image='gmat.png', interpolate=True, mask=None, maskParams=None, name='image_2', opacity=1.0, ori=0.0, pos=array([0. , 0.1]), size=array([0.3 , 0.11]), texRes=128, units='height', win=Window(...))
5.5015 	EXP 	Created image_3 = ImageStim(__class__=<class 'psychopy.visual.image.ImageStim'>, autoLog=True, color=array([1., 1., 1.]), colorSpace='rgb', contrast=1.0, depth=-3.0, flipHoriz=False, flipVert=False, image='lsat.png', interpolate=True, mask=None, maskParams=None, name='image_3', opacity=1.0, ori=0.0, pos=array([ 0.  , -0.05]), size=array([0.3 , 0.11]), texRes=128, units='height', win=Window(...))
5.5043 	EXP 	Created image_4 = ImageStim(__class__=<class 'psychopy.visual.image.ImageStim'>, autoLog=True, color=array([1., 1., 1.]), colorSpace='rgb', contrast=1.0, depth=-4.0, flipHoriz=False, flipVert=False, image='mcat.png', interpolate=True, mask=None, maskParams=None, name='image_4', opacity=1.0, ori=0.0, pos=array([ 0. , -0.2]), size=array([0.3 , 0.11]), texRes=128, units='height', win=Window(...))
5.5336 	EXP 	instruct: autoDraw = True
10.4165 	DATA 	Keypress: space
10.4251 	EXP 	instruct: autoDraw = False
10.4251 	EXP 	regCue: autoDraw = True
13.4430 	EXP 	regCue: autoDraw = False
13.4430 	EXP 	regCue: autoDraw = False
13.4430 	EXP 	choiceQ: autoDraw = True
13.4430 	EXP 	testChoice: autoDraw = True
13.4430 	EXP 	videogameChoice: autoDraw = True
13.4430 	EXP 	gre: autoDraw = True
13.4430 	EXP 	gmat: autoDraw = True
13.4430 	EXP 	lsat: autoDraw = True
13.4430 	EXP 	mcat: autoDraw = True
13.4430 	EXP 	game: autoDraw = True
16.5014 	DATA 	Keypress: 1
16.5134 	EXP 	blank: autoDraw = True
16.5134 	EXP 	testChoice: color = 'green (named)'
16.5301 	EXP 	testChoice: color = 'green (named)'
16.5468 	EXP 	testChoice: color = 'green (named)'
16.5633 	EXP 	testChoice: color = 'green (named)'
16.5801 	EXP 	testChoice: color = 'green (named)'
16.5967 	EXP 	testChoice: color = 'green (named)'
16.6132 	EXP 	testChoice: color = 'green (named)'
16.6301 	EXP 	testChoice: color = 'green (named)'
16.6467 	EXP 	testChoice: color = 'green (named)'
16.6635 	EXP 	testChoice: color = 'green (named)'
16.6802 	EXP 	testChoice: color = 'green (named)'
16.6971 	EXP 	testChoice: color = 'green (named)'
16.7137 	EXP 	testChoice: color = 'green (named)'
16.7302 	EXP 	testChoice: color = 'green (named)'
16.7469 	EXP 	testChoice: color = 'green (named)'
16.7636 	EXP 	testChoice: color = 'green (named)'
16.7803 	EXP 	testChoice: color = 'green (named)'
16.7970 	EXP 	testChoice: color = 'green (named)'
16.8138 	EXP 	testChoice: color = 'green (named)'
16.8304 	EXP 	testChoice: color = 'green (named)'
16.8470 	EXP 	testChoice: color = 'green (named)'
16.8637 	EXP 	testChoice: color = 'green (named)'
16.8804 	EXP 	testChoice: color = 'green (named)'
16.8971 	EXP 	testChoice: color = 'green (named)'
16.9138 	EXP 	testChoice: color = 'green (named)'
16.9305 	EXP 	testChoice: color = 'green (named)'
16.9471 	EXP 	testChoice: color = 'green (named)'
16.9638 	EXP 	testChoice: color = 'green (named)'
16.9805 	EXP 	testChoice: color = 'green (named)'
16.9973 	EXP 	testChoice: color = 'green (named)'
17.0139 	EXP 	testChoice: color = 'green (named)'
17.0306 	EXP 	testChoice: color = 'green (named)'
17.0471 	EXP 	testChoice: color = 'green (named)'
17.0639 	EXP 	testChoice: color = 'green (named)'
17.0805 	EXP 	testChoice: color = 'green (named)'
17.0972 	EXP 	testChoice: color = 'green (named)'
17.1139 	EXP 	testChoice: color = 'green (named)'
17.1307 	EXP 	testChoice: color = 'green (named)'
17.1473 	EXP 	testChoice: color = 'green (named)'
17.1639 	EXP 	testChoice: color = 'green (named)'
17.1806 	EXP 	testChoice: color = 'green (named)'
17.1973 	EXP 	testChoice: color = 'green (named)'
17.2140 	EXP 	testChoice: color = 'green (named)'
17.2307 	EXP 	testChoice: color = 'green (named)'
17.2472 	EXP 	testChoice: color = 'green (named)'
17.2642 	EXP 	testChoice: color = 'green (named)'
17.2808 	EXP 	testChoice: color = 'green (named)'
17.2974 	EXP 	testChoice: color = 'green (named)'
17.3141 	EXP 	testChoice: color = 'green (named)'
17.3307 	EXP 	testChoice: color = 'green (named)'
17.3475 	EXP 	testChoice: color = 'green (named)'
17.3641 	EXP 	testChoice: color = 'green (named)'
17.3808 	EXP 	testChoice: color = 'green (named)'
17.3975 	EXP 	testChoice: color = 'green (named)'
17.4142 	EXP 	testChoice: color = 'green (named)'
17.4309 	EXP 	testChoice: color = 'green (named)'
17.4475 	EXP 	testChoice: color = 'green (named)'
17.4642 	EXP 	testChoice: color = 'green (named)'
17.4809 	EXP 	testChoice: color = 'green (named)'
17.4976 	EXP 	testChoice: color = 'green (named)'
17.5143 	EXP 	testChoice: color = 'green (named)'
17.5309 	EXP 	testChoice: color = 'green (named)'
17.5479 	EXP 	testChoice: color = 'green (named)'
17.5643 	EXP 	testChoice: color = 'green (named)'
17.5809 	EXP 	testChoice: color = 'green (named)'
17.5977 	EXP 	testChoice: color = 'green (named)'
17.6141 	EXP 	testChoice: color = 'green (named)'
17.6310 	EXP 	testChoice: color = 'green (named)'
17.6475 	EXP 	testChoice: color = 'green (named)'
17.6643 	EXP 	testChoice: color = 'green (named)'
17.6811 	EXP 	testChoice: color = 'green (named)'
17.6978 	EXP 	testChoice: color = 'green (named)'
17.7145 	EXP 	testChoice: color = 'green (named)'
17.7310 	EXP 	testChoice: color = 'green (named)'
17.7477 	EXP 	testChoice: color = 'green (named)'
17.7645 	EXP 	testChoice: color = 'green (named)'
17.7811 	EXP 	testChoice: color = 'green (named)'
17.7978 	EXP 	testChoice: color = 'green (named)'
17.8145 	EXP 	testChoice: color = 'green (named)'
17.8311 	EXP 	testChoice: color = 'green (named)'
17.8477 	EXP 	testChoice: color = 'green (named)'
17.8646 	EXP 	testChoice: color = 'green (named)'
17.8812 	EXP 	testChoice: color = 'green (named)'
17.8979 	EXP 	testChoice: color = 'green (named)'
17.9145 	EXP 	testChoice: color = 'green (named)'
17.9313 	EXP 	testChoice: color = 'green (named)'
17.9479 	EXP 	testChoice: color = 'green (named)'
17.9645 	EXP 	testChoice: color = 'green (named)'
17.9813 	EXP 	testChoice: color = 'green (named)'
17.9979 	EXP 	testChoice: color = 'green (named)'
18.0147 	EXP 	blank: autoDraw = False
18.0147 	EXP 	testChoice: color = 'green (named)'
18.0314 	EXP 	choiceQ: autoDraw = False
18.0314 	EXP 	testChoice: autoDraw = False
18.0314 	EXP 	videogameChoice: autoDraw = False
18.0314 	EXP 	gre: autoDraw = False
18.0314 	EXP 	gmat: autoDraw = False
18.0314 	EXP 	lsat: autoDraw = False
18.0314 	EXP 	mcat: autoDraw = False
18.0314 	EXP 	game: autoDraw = False
18.0314 	EXP 	testChoice: color = 'green (named)'
18.0314 	EXP 	choiceQ: autoDraw = False
18.0314 	EXP 	testChoice: autoDraw = False
18.0314 	EXP 	videogameChoice: autoDraw = False
18.0314 	EXP 	gre: autoDraw = False
18.0314 	EXP 	gmat: autoDraw = False
18.0314 	EXP 	lsat: autoDraw = False
18.0314 	EXP 	mcat: autoDraw = False
18.0314 	EXP 	game: autoDraw = False
18.0314 	EXP 	blank: autoDraw = False
18.0314 	EXP 	videogameChoice: color = 'white (named)'
18.0314 	EXP 	testChoice: color = 'white (named)'
18.0314 	EXP 	choiceQ: autoDraw = False
18.0314 	EXP 	testChoice: autoDraw = False
18.0314 	EXP 	videogameChoice: autoDraw = False
18.0314 	EXP 	gre: autoDraw = False
18.0314 	EXP 	gmat: autoDraw = False
18.0314 	EXP 	lsat: autoDraw = False
18.0314 	EXP 	mcat: autoDraw = False
18.0314 	EXP 	testQChoice: autoDraw = True
18.0314 	EXP 	image: autoDraw = True
18.0314 	EXP 	image_2: autoDraw = True
18.0314 	EXP 	image_3: autoDraw = True
18.0314 	EXP 	image_4: autoDraw = True
20.3547 	DATA 	Keypress: up
20.3834 	EXP 	testQChoice: autoDraw = False
20.3834 	EXP 	image: autoDraw = False
20.3834 	EXP 	image_2: autoDraw = False
20.3834 	EXP 	image_3: autoDraw = False
20.3834 	EXP 	image_4: autoDraw = False
20.4027 	EXP 	window1: mouseVisible = True
