3.7834 	WARNING 	User requested fullscreen with size [1024  768], but screen is actually [1920, 1200]. Using actual size
4.5494 	EXP 	Created window1 = Window(allowGUI=False, allowStencil=False, args=UNKNOWN, autoLog=True, bitsMode=UNKNOWN, blendMode='avg', color=array([0., 0., 0.]), colorSpace='rgb', fullscr=<method-wrapper '__getattribute__' of attributeSetter object at 0x000001FEC3B2BEF0>, gamma=None, gammaErrorPolicy='raise', kwargs=UNKNOWN, lms=UNKNOWN, monitor=<psychopy.monitors.calibTools.Monitor object at 0x000001FEC39E1BE0>, multiSample=False, name='window1', numSamples=2, pos=[0.0, 0.0], screen=0, size=array([1920, 1200]), stereo=False, units='height', useFBO=True, useRetina=False, viewOri=0.0, viewPos=None, viewScale=None, waitBlanking=True, winType='pyglet')
4.5494 	EXP 	window1: recordFrameIntervals = False
4.7161 	EXP 	window1: recordFrameIntervals = True
4.8998 	EXP 	window1: recordFrameIntervals = False
5.0996 	EXP 	Created instruct = TextStim(__class__=<class 'psychopy.visual.text.TextStim'>, alignHoriz='center', alignVert='center', antialias=True, autoLog=True, bold=False, color='white', colorSpace='named', contrast=1.0, depth=0.0, flipHoriz=False, flipVert=False, font='Arial', fontFiles=[], height=0.05, italic=False, languageStyle='LTR', name='instruct', opacity=1.0, ori=0, pos=array([0., 0.]), rgb=array([255., 255., 255.]), text=str(...), units='height', win=Window(...), wrapWidth=1.4)
5.1184 	EXP 	Created regCue = TextStim(__class__=<class 'psychopy.visual.text.TextStim'>, alignHoriz='center', alignVert='center', antialias=True, autoLog=True, bold=False, color='white', colorSpace='named', contrast=1.0, depth=0.0, flipHoriz=False, flipVert=False, font='Arial', fontFiles=[], height=0.1, italic=False, languageStyle='LTR', name='regCue', opacity=1.0, ori=0, pos=array([0., 0.]), rgb=array([255., 255., 255.]), text='REGULATE', units='height', win=Window(...), wrapWidth=1)
5.1347 	EXP 	Created choiceQ = TextStim(__class__=<class 'psychopy.visual.text.TextStim'>, alignHoriz='center', alignVert='center', antialias=True, autoLog=True, bold=False, color='white', colorSpace='named', contrast=1.0, depth=0.0, flipHoriz=False, flipVert=False, font='Arial', fontFiles=[], height=0.05, italic=False, languageStyle='LTR', name='choiceQ', opacity=1.0, ori=0, pos=array([0.  , 0.35]), rgb=array([255., 255., 255.]), text=str(...), units='height', win=Window(...), wrapWidth=1.4)
5.1491 	EXP 	Created testChoice = TextStim(__class__=<class 'psychopy.visual.text.TextStim'>, alignHoriz='center', alignVert='center', antialias=True, autoLog=True, bold=False, color='white', colorSpace='named', contrast=1.0, depth=-2.0, flipHoriz=False, flipVert=False, font='Arial', fontFiles=[], height=0.04, italic=False, languageStyle='LTR', name='testChoice', opacity=1.0, ori=0, pos=array([-0.41,  0.15]), rgb=array([255., 255., 255.]), text='Practice Standardized Test Questions', units='height', win=Window(...), wrapWidth=1)
5.1549 	EXP 	Created videogameChoice = TextStim(__class__=<class 'psychopy.visual.text.TextStim'>, alignHoriz='center', alignVert='center', antialias=True, autoLog=True, bold=False, color='white', colorSpace='named', contrast=1.0, depth=-3.0, flipHoriz=False, flipVert=False, font='Arial', fontFiles=[], height=0.04, italic=False, languageStyle='LTR', name='videogameChoice', opacity=1.0, ori=0, pos=array([0.41, 0.15]), rgb=array([255., 255., 255.]), text='Play a Videogame', units='height', win=Window(...), wrapWidth=1)
5.1595 	EXP 	Created gre = ImageStim(__class__=<class 'psychopy.visual.image.ImageStim'>, autoLog=True, color=array([1., 1., 1.]), colorSpace='rgb', contrast=1.0, depth=-4.0, flipHoriz=False, flipVert=False, image='gre.png', interpolate=True, mask=None, maskParams=None, name='gre', opacity=1.0, ori=0.0, pos=array([-0.41,  0.02]), size=array([0.3  , 0.105]), texRes=128, units='height', win=Window(...))
5.1622 	EXP 	Created gmat = ImageStim(__class__=<class 'psychopy.visual.image.ImageStim'>, autoLog=True, color=array([1., 1., 1.]), colorSpace='rgb', contrast=1.0, depth=-5.0, flipHoriz=False, flipVert=False, image='gmat.png', interpolate=True, mask=None, maskParams=None, name='gmat', opacity=1.0, ori=0.0, pos=array([-0.41, -0.13]), size=array([0.3 , 0.11]), texRes=128, units='height', win=Window(...))
5.1638 	EXP 	Created lsat = ImageStim(__class__=<class 'psychopy.visual.image.ImageStim'>, autoLog=True, color=array([1., 1., 1.]), colorSpace='rgb', contrast=1.0, depth=-6.0, flipHoriz=False, flipVert=False, image='lsat.png', interpolate=True, mask=None, maskParams=None, name='lsat', opacity=1.0, ori=0.0, pos=array([-0.41, -0.27]), size=array([0.3 , 0.11]), texRes=128, units='height', win=Window(...))
5.1670 	EXP 	Created mcat = ImageStim(__class__=<class 'psychopy.visual.image.ImageStim'>, autoLog=True, color=array([1., 1., 1.]), colorSpace='rgb', contrast=1.0, depth=-7.0, flipHoriz=False, flipVert=False, image='mcat.png', interpolate=True, mask=None, maskParams=None, name='mcat', opacity=1.0, ori=0.0, pos=array([-0.41, -0.41]), size=array([0.3 , 0.11]), texRes=128, units='height', win=Window(...))
5.1786 	EXP 	Created game = ImageStim(__class__=<class 'psychopy.visual.image.ImageStim'>, autoLog=True, color=array([1., 1., 1.]), colorSpace='rgb', contrast=1.0, depth=-8.0, flipHoriz=False, flipVert=False, image='game.png', interpolate=True, mask=None, maskParams=None, name='game', opacity=1.0, ori=0.0, pos=array([ 0.41, -0.19]), size=array([0.4, 0.5]), texRes=128, units='height', win=Window(...))
5.1791 	EXP 	Created blank = TextStim(__class__=<class 'psychopy.visual.text.TextStim'>, alignHoriz='center', alignVert='center', antialias=True, autoLog=True, bold=False, color='white', colorSpace='named', contrast=1.0, depth=-9.0, flipHoriz=False, flipVert=False, font='Arial', fontFiles=[], height=0.1, italic=False, languageStyle='LTR', name='blank', opacity=1.0, ori=0, pos=array([0., 0.]), rgb=array([255., 255., 255.]), text='', units='height', win=Window(...), wrapWidth=1)
5.2092 	EXP 	Created testQChoice = TextStim(__class__=<class 'psychopy.visual.text.TextStim'>, alignHoriz='center', alignVert='center', antialias=True, autoLog=True, bold=False, color='white', colorSpace='named', contrast=1.0, depth=0.0, flipHoriz=False, flipVert=False, font='Arial', fontFiles=[], height=0.055, italic=False, languageStyle='LTR', name='testQChoice', opacity=1.0, ori=0, pos=array([0.  , 0.35]), rgb=array([255., 255., 255.]), text=str(...), units='height', win=Window(...), wrapWidth=1.3)
5.2126 	EXP 	Created image = ImageStim(__class__=<class 'psychopy.visual.image.ImageStim'>, autoLog=True, color=array([1., 1., 1.]), colorSpace='rgb', contrast=1.0, depth=-1.0, flipHoriz=False, flipVert=False, image='gre.png', interpolate=True, mask=None, maskParams=None, name='image', opacity=1.0, ori=0.0, pos=array([0.   , 0.105]), size=array([0.3 , 0.11]), texRes=128, units='height', win=Window(...))
5.2152 	EXP 	Created image_2 = ImageStim(__class__=<class 'psychopy.visual.image.ImageStim'>, autoLog=True, color=array([1., 1., 1.]), colorSpace='rgb', contrast=1.0, depth=-2.0, flipHoriz=False, flipVert=False, image='gmat.png', interpolate=True, mask=None, maskParams=None, name='image_2', opacity=1.0, ori=0.0, pos=array([ 0.  , -0.05]), size=array([0.3 , 0.11]), texRes=128, units='height', win=Window(...))
5.2179 	EXP 	Created image_3 = ImageStim(__class__=<class 'psychopy.visual.image.ImageStim'>, autoLog=True, color=array([1., 1., 1.]), colorSpace='rgb', contrast=1.0, depth=-3.0, flipHoriz=False, flipVert=False, image='lsat.png', interpolate=True, mask=None, maskParams=None, name='image_3', opacity=1.0, ori=0.0, pos=array([ 0. , -0.2]), size=array([0.3 , 0.11]), texRes=128, units='height', win=Window(...))
5.2209 	EXP 	Created image_4 = ImageStim(__class__=<class 'psychopy.visual.image.ImageStim'>, autoLog=True, color=array([1., 1., 1.]), colorSpace='rgb', contrast=1.0, depth=-4.0, flipHoriz=False, flipVert=False, image='mcat.png', interpolate=True, mask=None, maskParams=None, name='image_4', opacity=1.0, ori=0.0, pos=array([ 0.  , -0.35]), size=array([0.3 , 0.11]), texRes=128, units='height', win=Window(...))
5.2228 	EXP 	Created polygon = Rect(__class__=<class 'psychopy.visual.rect.Rect'>, autoDraw=False, autoLog=True, closeShape=True, color=method-wrapper(...), colorSpace=None, contrast=1.0, depth=-7.0, fillColor=None, fillColorSpace='rgb', fillRGB=None, interpolate=True, lineColor=array([-1., -1., -1.]), lineColorSpace='rgb', lineRGB=array([-1., -1., -1.]), lineWidth=1.0, name='polygon', opacity=1.0, ori=array(1.), pos=array([0., 0.]), size=array([1., 1.]), units='height', vertices=ndarray(...), win=Window(...))
5.2527 	EXP 	instruct: autoDraw = True
7.2587 	DATA 	Keypress: space
7.2682 	EXP 	instruct: autoDraw = False
7.2682 	EXP 	regCue: autoDraw = True
10.2868 	EXP 	regCue: autoDraw = False
10.2868 	EXP 	regCue: autoDraw = False
10.2868 	EXP 	blank: text = ''
10.2868 	EXP 	choiceQ: autoDraw = True
10.2868 	EXP 	testChoice: autoDraw = True
10.2868 	EXP 	videogameChoice: autoDraw = True
10.2868 	EXP 	gre: autoDraw = True
10.2868 	EXP 	gmat: autoDraw = True
10.2868 	EXP 	lsat: autoDraw = True
10.2868 	EXP 	mcat: autoDraw = True
10.2868 	EXP 	game: autoDraw = True
11.3748 	DATA 	Keypress: 1
11.4047 	EXP 	blank: autoDraw = True
11.4047 	EXP 	testChoice: color = 'green (named)'
11.4214 	EXP 	testChoice: color = 'green (named)'
11.4385 	EXP 	testChoice: color = 'green (named)'
11.4549 	EXP 	testChoice: color = 'green (named)'
11.4716 	EXP 	testChoice: color = 'green (named)'
11.4882 	EXP 	testChoice: color = 'green (named)'
11.5047 	EXP 	testChoice: color = 'green (named)'
11.5216 	EXP 	testChoice: color = 'green (named)'
11.5382 	EXP 	testChoice: color = 'green (named)'
11.5550 	EXP 	testChoice: color = 'green (named)'
11.5715 	EXP 	testChoice: color = 'green (named)'
11.5882 	EXP 	testChoice: color = 'green (named)'
11.6049 	EXP 	testChoice: color = 'green (named)'
11.6217 	EXP 	testChoice: color = 'green (named)'
11.6383 	EXP 	testChoice: color = 'green (named)'
11.6550 	EXP 	testChoice: color = 'green (named)'
11.6716 	EXP 	testChoice: color = 'green (named)'
11.6884 	EXP 	testChoice: color = 'green (named)'
11.7049 	EXP 	testChoice: color = 'green (named)'
11.7216 	EXP 	testChoice: color = 'green (named)'
11.7384 	EXP 	testChoice: color = 'green (named)'
11.7550 	EXP 	testChoice: color = 'green (named)'
11.7716 	EXP 	testChoice: color = 'green (named)'
11.7885 	EXP 	testChoice: color = 'green (named)'
11.8051 	EXP 	testChoice: color = 'green (named)'
11.8218 	EXP 	testChoice: color = 'green (named)'
11.8385 	EXP 	testChoice: color = 'green (named)'
11.8550 	EXP 	testChoice: color = 'green (named)'
11.8718 	EXP 	testChoice: color = 'green (named)'
11.8885 	EXP 	testChoice: color = 'green (named)'
11.9052 	EXP 	testChoice: color = 'green (named)'
11.9219 	EXP 	testChoice: color = 'green (named)'
11.9385 	EXP 	testChoice: color = 'green (named)'
11.9552 	EXP 	testChoice: color = 'green (named)'
11.9719 	EXP 	testChoice: color = 'green (named)'
11.9886 	EXP 	testChoice: color = 'green (named)'
12.0054 	EXP 	testChoice: color = 'green (named)'
12.0219 	EXP 	testChoice: color = 'green (named)'
12.0386 	EXP 	testChoice: color = 'green (named)'
12.0553 	EXP 	testChoice: color = 'green (named)'
12.0719 	EXP 	testChoice: color = 'green (named)'
12.0886 	EXP 	testChoice: color = 'green (named)'
12.1053 	EXP 	testChoice: color = 'green (named)'
12.1220 	EXP 	testChoice: color = 'green (named)'
12.1386 	EXP 	testChoice: color = 'green (named)'
12.1556 	EXP 	testChoice: color = 'green (named)'
12.1721 	EXP 	testChoice: color = 'green (named)'
12.1888 	EXP 	testChoice: color = 'green (named)'
12.2055 	EXP 	testChoice: color = 'green (named)'
12.2222 	EXP 	testChoice: color = 'green (named)'
12.2388 	EXP 	testChoice: color = 'green (named)'
12.2555 	EXP 	testChoice: color = 'green (named)'
12.2720 	EXP 	testChoice: color = 'green (named)'
12.2888 	EXP 	testChoice: color = 'green (named)'
12.3054 	EXP 	testChoice: color = 'green (named)'
12.3222 	EXP 	testChoice: color = 'green (named)'
12.3388 	EXP 	testChoice: color = 'green (named)'
12.3556 	EXP 	testChoice: color = 'green (named)'
12.3722 	EXP 	testChoice: color = 'green (named)'
12.3888 	EXP 	testChoice: color = 'green (named)'
12.4055 	EXP 	testChoice: color = 'green (named)'
12.4223 	EXP 	testChoice: color = 'green (named)'
12.4390 	EXP 	testChoice: color = 'green (named)'
12.4556 	EXP 	testChoice: color = 'green (named)'
12.4722 	EXP 	testChoice: color = 'green (named)'
12.4889 	EXP 	testChoice: color = 'green (named)'
12.5057 	EXP 	testChoice: color = 'green (named)'
12.5224 	EXP 	testChoice: color = 'green (named)'
12.5391 	EXP 	testChoice: color = 'green (named)'
12.5557 	EXP 	testChoice: color = 'green (named)'
12.5723 	EXP 	testChoice: color = 'green (named)'
12.5894 	EXP 	testChoice: color = 'green (named)'
12.6057 	EXP 	testChoice: color = 'green (named)'
12.6224 	EXP 	testChoice: color = 'green (named)'
12.6391 	EXP 	testChoice: color = 'green (named)'
12.6558 	EXP 	testChoice: color = 'green (named)'
12.6725 	EXP 	testChoice: color = 'green (named)'
12.6892 	EXP 	testChoice: color = 'green (named)'
12.7059 	EXP 	testChoice: color = 'green (named)'
12.7225 	EXP 	testChoice: color = 'green (named)'
12.7392 	EXP 	testChoice: color = 'green (named)'
12.7560 	EXP 	testChoice: color = 'green (named)'
12.7724 	EXP 	testChoice: color = 'green (named)'
12.7893 	EXP 	testChoice: color = 'green (named)'
12.8060 	EXP 	testChoice: color = 'green (named)'
12.8226 	EXP 	testChoice: color = 'green (named)'
12.8393 	EXP 	testChoice: color = 'green (named)'
12.8559 	EXP 	testChoice: color = 'green (named)'
12.8727 	EXP 	testChoice: color = 'green (named)'
12.8893 	EXP 	testChoice: color = 'green (named)'
12.9059 	EXP 	blank: autoDraw = False
12.9059 	EXP 	testChoice: color = 'green (named)'
12.9228 	EXP 	choiceQ: autoDraw = False
12.9228 	EXP 	testChoice: autoDraw = False
12.9228 	EXP 	videogameChoice: autoDraw = False
12.9228 	EXP 	gre: autoDraw = False
12.9228 	EXP 	gmat: autoDraw = False
12.9228 	EXP 	lsat: autoDraw = False
12.9228 	EXP 	mcat: autoDraw = False
12.9228 	EXP 	game: autoDraw = False
12.9228 	EXP 	testChoice: color = 'green (named)'
12.9228 	EXP 	choiceQ: autoDraw = False
12.9228 	EXP 	testChoice: autoDraw = False
12.9228 	EXP 	videogameChoice: autoDraw = False
12.9228 	EXP 	gre: autoDraw = False
12.9228 	EXP 	gmat: autoDraw = False
12.9228 	EXP 	lsat: autoDraw = False
12.9228 	EXP 	mcat: autoDraw = False
12.9228 	EXP 	game: autoDraw = False
12.9228 	EXP 	blank: autoDraw = False
12.9228 	EXP 	videogameChoice: color = 'white (named)'
12.9228 	EXP 	testChoice: color = 'white (named)'
12.9228 	EXP 	choiceQ: autoDraw = False
12.9228 	EXP 	testChoice: autoDraw = False
12.9228 	EXP 	videogameChoice: autoDraw = False
12.9228 	EXP 	gre: autoDraw = False
12.9228 	EXP 	gmat: autoDraw = False
12.9228 	EXP 	lsat: autoDraw = False
12.9228 	EXP 	mcat: autoDraw = False
12.9228 	EXP 	polygon: opacity = 1.0
12.9228 	EXP 	polygon: size = array([0.32, 0.13])
12.9228 	EXP 	polygon: ori = 0.0
12.9228 	EXP 	polygon: lineWidth = 8.0
12.9228 	EXP 	testQChoice: autoDraw = True
12.9228 	EXP 	image: autoDraw = True
12.9228 	EXP 	image_2: autoDraw = True
12.9228 	EXP 	image_3: autoDraw = True
12.9228 	EXP 	image_4: autoDraw = True
14.3809 	DATA 	Keypress: 1
14.3907 	EXP 	polygon: autoDraw = True
15.0648 	DATA 	Keypress: 2
15.0745 	EXP 	polygon: autoDraw = True
15.0915 	EXP 	polygon: autoDraw = True
15.1080 	EXP 	polygon: autoDraw = True
15.1247 	EXP 	polygon: autoDraw = True
15.1414 	EXP 	polygon: autoDraw = True
15.1580 	EXP 	polygon: autoDraw = True
15.1748 	EXP 	polygon: autoDraw = True
15.1914 	EXP 	polygon: autoDraw = True
15.2079 	EXP 	polygon: autoDraw = True
15.2248 	EXP 	polygon: autoDraw = True
15.2415 	EXP 	polygon: autoDraw = True
15.2581 	EXP 	polygon: autoDraw = True
15.2749 	EXP 	polygon: autoDraw = True
15.2915 	EXP 	polygon: autoDraw = True
15.3084 	EXP 	polygon: autoDraw = True
15.3249 	EXP 	polygon: autoDraw = True
15.3415 	EXP 	polygon: autoDraw = True
15.3582 	EXP 	polygon: autoDraw = True
15.3749 	EXP 	polygon: autoDraw = True
15.3917 	EXP 	polygon: autoDraw = True
15.4085 	EXP 	polygon: autoDraw = True
15.4249 	EXP 	polygon: autoDraw = True
15.4417 	EXP 	polygon: autoDraw = True
15.4585 	EXP 	polygon: autoDraw = True
15.4749 	EXP 	polygon: autoDraw = True
15.4917 	EXP 	polygon: autoDraw = True
15.5092 	EXP 	polygon: autoDraw = True
15.5250 	EXP 	polygon: autoDraw = True
15.5416 	EXP 	polygon: autoDraw = True
15.5583 	EXP 	polygon: autoDraw = True
15.5749 	EXP 	polygon: autoDraw = True
15.5917 	EXP 	polygon: autoDraw = True
15.6084 	EXP 	polygon: autoDraw = True
15.6251 	EXP 	polygon: autoDraw = True
15.6418 	EXP 	polygon: autoDraw = True
15.6583 	EXP 	polygon: autoDraw = True
15.6751 	EXP 	polygon: autoDraw = True
15.6917 	EXP 	polygon: autoDraw = True
15.7086 	EXP 	polygon: autoDraw = True
15.7250 	EXP 	polygon: autoDraw = True
15.7418 	EXP 	polygon: autoDraw = True
15.7585 	EXP 	polygon: autoDraw = True
15.7752 	EXP 	polygon: autoDraw = True
15.7918 	EXP 	polygon: autoDraw = True
15.8085 	EXP 	polygon: autoDraw = True
15.8252 	EXP 	polygon: autoDraw = True
15.8419 	EXP 	polygon: autoDraw = True
15.8586 	EXP 	polygon: autoDraw = True
15.8753 	EXP 	polygon: autoDraw = True
15.8920 	EXP 	polygon: autoDraw = True
15.9086 	EXP 	polygon: autoDraw = True
15.9252 	EXP 	polygon: autoDraw = True
15.9419 	EXP 	polygon: autoDraw = True
15.9586 	EXP 	polygon: autoDraw = True
15.9754 	EXP 	polygon: autoDraw = True
15.9920 	EXP 	polygon: autoDraw = True
16.0088 	EXP 	polygon: autoDraw = True
16.0253 	EXP 	polygon: autoDraw = True
16.0421 	EXP 	polygon: autoDraw = True
16.0587 	EXP 	polygon: autoDraw = True
16.0753 	EXP 	polygon: autoDraw = True
16.0922 	EXP 	polygon: autoDraw = True
16.0980 	DATA 	Keypress: 3
16.1089 	EXP 	polygon: autoDraw = True
16.1255 	EXP 	polygon: autoDraw = True
16.1421 	EXP 	polygon: autoDraw = True
16.1589 	EXP 	polygon: autoDraw = True
16.1755 	EXP 	polygon: autoDraw = True
16.1922 	EXP 	polygon: autoDraw = True
16.2092 	EXP 	polygon: autoDraw = True
16.2254 	EXP 	polygon: autoDraw = True
16.2422 	EXP 	polygon: autoDraw = True
16.2590 	EXP 	polygon: autoDraw = True
16.2756 	EXP 	polygon: autoDraw = True
16.2922 	EXP 	polygon: autoDraw = True
16.3090 	EXP 	polygon: autoDraw = True
16.3256 	EXP 	polygon: autoDraw = True
16.3424 	EXP 	polygon: autoDraw = True
16.3590 	EXP 	polygon: autoDraw = True
16.3757 	EXP 	polygon: autoDraw = True
16.3923 	EXP 	polygon: autoDraw = True
16.4090 	EXP 	polygon: autoDraw = True
16.4257 	EXP 	polygon: autoDraw = True
16.4424 	EXP 	polygon: autoDraw = True
16.4591 	EXP 	polygon: autoDraw = True
16.4758 	EXP 	polygon: autoDraw = True
16.4923 	EXP 	polygon: autoDraw = True
16.5098 	EXP 	polygon: autoDraw = True
16.5258 	EXP 	polygon: autoDraw = True
16.5425 	EXP 	polygon: autoDraw = True
16.5592 	EXP 	polygon: autoDraw = True
16.5757 	EXP 	polygon: autoDraw = True
16.5925 	EXP 	polygon: autoDraw = True
16.6092 	EXP 	polygon: autoDraw = True
16.6259 	EXP 	polygon: autoDraw = True
16.6426 	EXP 	polygon: autoDraw = True
16.6592 	EXP 	polygon: autoDraw = True
16.6760 	EXP 	polygon: autoDraw = True
16.6927 	EXP 	polygon: autoDraw = True
16.7093 	EXP 	polygon: autoDraw = True
16.7261 	EXP 	polygon: autoDraw = True
16.7426 	EXP 	polygon: autoDraw = True
16.7594 	EXP 	polygon: autoDraw = True
16.7761 	EXP 	polygon: autoDraw = True
16.7928 	EXP 	polygon: autoDraw = True
16.8095 	EXP 	polygon: autoDraw = True
16.8261 	EXP 	polygon: autoDraw = True
16.8428 	EXP 	polygon: autoDraw = True
16.8595 	EXP 	polygon: autoDraw = True
16.8762 	EXP 	polygon: autoDraw = True
16.8928 	EXP 	polygon: autoDraw = True
16.9095 	EXP 	polygon: autoDraw = True
16.9261 	EXP 	polygon: autoDraw = True
16.9428 	EXP 	polygon: autoDraw = True
16.9595 	EXP 	polygon: autoDraw = True
16.9761 	EXP 	polygon: autoDraw = True
16.9928 	EXP 	polygon: autoDraw = True
17.0094 	EXP 	polygon: autoDraw = True
17.0262 	EXP 	polygon: autoDraw = True
17.0429 	EXP 	polygon: autoDraw = True
17.0596 	EXP 	polygon: autoDraw = True
17.0761 	EXP 	polygon: autoDraw = True
17.0929 	EXP 	polygon: autoDraw = True
17.1098 	EXP 	polygon: autoDraw = True
17.1264 	EXP 	polygon: autoDraw = True
17.1429 	EXP 	polygon: autoDraw = True
17.1597 	EXP 	polygon: autoDraw = True
17.1763 	EXP 	polygon: autoDraw = True
17.1930 	EXP 	polygon: autoDraw = True
17.2096 	EXP 	polygon: autoDraw = True
17.2263 	EXP 	polygon: autoDraw = True
17.2433 	EXP 	polygon: autoDraw = True
17.2598 	EXP 	polygon: autoDraw = True
17.2764 	EXP 	polygon: autoDraw = True
17.2931 	EXP 	polygon: autoDraw = True
17.3101 	EXP 	polygon: autoDraw = True
17.3156 	DATA 	Keypress: 3
17.3265 	EXP 	polygon: autoDraw = True
17.3431 	EXP 	polygon: autoDraw = True
17.3599 	EXP 	polygon: autoDraw = True
17.3765 	EXP 	polygon: autoDraw = True
17.3933 	EXP 	polygon: autoDraw = True
17.4100 	EXP 	polygon: autoDraw = True
17.4266 	EXP 	polygon: autoDraw = True
17.4433 	EXP 	polygon: autoDraw = True
17.4601 	EXP 	polygon: autoDraw = True
17.4767 	EXP 	polygon: autoDraw = True
17.4946 	EXP 	polygon: autoDraw = True
17.5100 	EXP 	polygon: autoDraw = True
17.5267 	EXP 	polygon: autoDraw = True
17.5434 	EXP 	polygon: autoDraw = True
17.5601 	EXP 	polygon: autoDraw = True
17.5766 	EXP 	polygon: autoDraw = True
17.5934 	EXP 	polygon: autoDraw = True
17.6100 	EXP 	polygon: autoDraw = True
17.6268 	EXP 	polygon: autoDraw = True
17.6326 	DATA 	Keypress: 3
17.6434 	EXP 	polygon: autoDraw = True
17.6600 	EXP 	polygon: autoDraw = True
17.6768 	EXP 	polygon: autoDraw = True
17.6937 	EXP 	polygon: autoDraw = True
17.7103 	EXP 	polygon: autoDraw = True
17.7269 	EXP 	polygon: autoDraw = True
17.7437 	EXP 	polygon: autoDraw = True
17.7602 	EXP 	polygon: autoDraw = True
17.7769 	EXP 	polygon: autoDraw = True
17.7935 	EXP 	polygon: autoDraw = True
17.8102 	EXP 	polygon: autoDraw = True
17.8269 	EXP 	polygon: autoDraw = True
17.8436 	EXP 	polygon: autoDraw = True
17.8603 	EXP 	polygon: autoDraw = True
17.8771 	EXP 	polygon: autoDraw = True
17.8936 	EXP 	polygon: autoDraw = True
17.9104 	EXP 	polygon: autoDraw = True
17.9270 	EXP 	polygon: autoDraw = True
17.9436 	EXP 	polygon: autoDraw = True
17.9603 	EXP 	polygon: autoDraw = True
17.9671 	DATA 	Keypress: 3
17.9771 	EXP 	polygon: autoDraw = True
17.9937 	EXP 	polygon: autoDraw = True
18.0103 	EXP 	polygon: autoDraw = True
18.0271 	EXP 	polygon: autoDraw = True
18.0438 	EXP 	polygon: autoDraw = True
18.0605 	EXP 	polygon: autoDraw = True
18.0770 	EXP 	polygon: autoDraw = True
18.0938 	EXP 	polygon: autoDraw = True
18.1105 	EXP 	polygon: autoDraw = True
18.1272 	EXP 	polygon: autoDraw = True
18.1439 	EXP 	polygon: autoDraw = True
18.1605 	EXP 	polygon: autoDraw = True
18.1772 	EXP 	polygon: autoDraw = True
18.1939 	EXP 	polygon: autoDraw = True
18.2106 	EXP 	polygon: autoDraw = True
18.2272 	EXP 	polygon: autoDraw = True
18.2443 	EXP 	polygon: autoDraw = True
18.2606 	EXP 	polygon: autoDraw = True
18.2773 	EXP 	polygon: autoDraw = True
18.2939 	EXP 	polygon: autoDraw = True
18.3106 	EXP 	polygon: autoDraw = True
18.3273 	EXP 	polygon: autoDraw = True
18.3440 	EXP 	polygon: autoDraw = True
18.3606 	EXP 	polygon: autoDraw = True
18.3774 	EXP 	polygon: autoDraw = True
18.3941 	EXP 	polygon: autoDraw = True
18.4107 	EXP 	polygon: autoDraw = True
18.4274 	EXP 	polygon: autoDraw = True
18.4442 	EXP 	polygon: autoDraw = True
18.4608 	EXP 	polygon: autoDraw = True
18.4775 	EXP 	polygon: autoDraw = True
18.4941 	EXP 	polygon: autoDraw = True
18.5107 	EXP 	polygon: autoDraw = True
18.5275 	EXP 	polygon: autoDraw = True
18.5442 	EXP 	polygon: autoDraw = True
18.5609 	EXP 	polygon: autoDraw = True
18.5774 	EXP 	polygon: autoDraw = True
18.5942 	EXP 	polygon: autoDraw = True
18.6109 	EXP 	polygon: autoDraw = True
18.6276 	EXP 	polygon: autoDraw = True
18.6444 	EXP 	polygon: autoDraw = True
18.6610 	EXP 	polygon: autoDraw = True
18.6777 	EXP 	polygon: autoDraw = True
18.6944 	EXP 	polygon: autoDraw = True
18.7110 	EXP 	polygon: autoDraw = True
18.7276 	EXP 	polygon: autoDraw = True
18.7444 	EXP 	polygon: autoDraw = True
18.7610 	EXP 	polygon: autoDraw = True
18.7778 	EXP 	polygon: autoDraw = True
18.7944 	EXP 	polygon: autoDraw = True
18.8111 	EXP 	polygon: autoDraw = True
18.8277 	EXP 	polygon: autoDraw = True
18.8444 	EXP 	polygon: autoDraw = True
18.8611 	EXP 	polygon: autoDraw = True
18.8779 	EXP 	polygon: autoDraw = True
18.8945 	EXP 	polygon: autoDraw = True
18.9112 	EXP 	polygon: autoDraw = True
18.9279 	EXP 	polygon: autoDraw = True
18.9447 	EXP 	polygon: autoDraw = True
18.9613 	EXP 	polygon: autoDraw = True
18.9779 	EXP 	polygon: autoDraw = True
18.9946 	EXP 	polygon: autoDraw = True
19.0111 	EXP 	polygon: autoDraw = True
19.0279 	EXP 	polygon: autoDraw = True
19.0451 	EXP 	polygon: autoDraw = True
19.0613 	EXP 	polygon: autoDraw = True
19.0778 	EXP 	polygon: autoDraw = True
19.0946 	EXP 	polygon: autoDraw = True
19.1113 	EXP 	polygon: autoDraw = True
19.1280 	EXP 	polygon: autoDraw = True
19.1446 	EXP 	polygon: autoDraw = True
19.1614 	EXP 	polygon: autoDraw = True
19.1780 	EXP 	polygon: autoDraw = True
19.1948 	EXP 	polygon: autoDraw = True
19.2115 	EXP 	polygon: autoDraw = True
19.2280 	EXP 	polygon: autoDraw = True
19.2449 	EXP 	polygon: autoDraw = True
19.2615 	EXP 	polygon: autoDraw = True
19.2780 	EXP 	polygon: autoDraw = True
19.2949 	EXP 	polygon: autoDraw = True
19.3115 	EXP 	polygon: autoDraw = True
19.3283 	EXP 	polygon: autoDraw = True
19.3448 	EXP 	polygon: autoDraw = True
19.3615 	EXP 	polygon: autoDraw = True
19.3782 	EXP 	polygon: autoDraw = True
19.3950 	EXP 	polygon: autoDraw = True
19.4115 	EXP 	polygon: autoDraw = True
19.4283 	EXP 	polygon: autoDraw = True
19.4449 	EXP 	polygon: autoDraw = True
19.4619 	EXP 	polygon: autoDraw = True
19.4782 	EXP 	polygon: autoDraw = True
19.4950 	EXP 	polygon: autoDraw = True
19.5117 	EXP 	polygon: autoDraw = True
19.5283 	EXP 	polygon: autoDraw = True
19.5450 	EXP 	polygon: autoDraw = True
19.5619 	EXP 	polygon: autoDraw = True
19.5783 	EXP 	polygon: autoDraw = True
19.5950 	EXP 	polygon: autoDraw = True
19.6118 	EXP 	polygon: autoDraw = True
19.6286 	EXP 	polygon: autoDraw = True
19.6452 	EXP 	polygon: autoDraw = True
19.6618 	EXP 	polygon: autoDraw = True
19.6785 	EXP 	polygon: autoDraw = True
19.6952 	EXP 	polygon: autoDraw = True
19.7118 	EXP 	polygon: autoDraw = True
19.7284 	EXP 	polygon: autoDraw = True
19.7452 	EXP 	polygon: autoDraw = True
19.7619 	EXP 	polygon: autoDraw = True
19.7785 	EXP 	polygon: autoDraw = True
19.7952 	EXP 	polygon: autoDraw = True
19.8119 	EXP 	polygon: autoDraw = True
19.8289 	EXP 	polygon: autoDraw = True
19.8453 	EXP 	polygon: autoDraw = True
19.8620 	EXP 	polygon: autoDraw = True
19.8785 	EXP 	polygon: autoDraw = True
19.8953 	EXP 	polygon: autoDraw = True
19.9120 	EXP 	polygon: autoDraw = True
19.9287 	EXP 	polygon: autoDraw = True
19.9454 	EXP 	polygon: autoDraw = True
19.9619 	EXP 	polygon: autoDraw = True
19.9787 	EXP 	polygon: autoDraw = True
19.9954 	EXP 	polygon: autoDraw = True
20.0121 	EXP 	polygon: autoDraw = True
20.0288 	EXP 	polygon: autoDraw = True
20.0454 	EXP 	polygon: autoDraw = True
20.0622 	EXP 	polygon: autoDraw = True
20.0790 	EXP 	polygon: autoDraw = True
20.0954 	EXP 	polygon: autoDraw = True
20.1122 	EXP 	polygon: autoDraw = True
20.1289 	EXP 	polygon: autoDraw = True
20.1455 	EXP 	polygon: autoDraw = True
20.1622 	EXP 	polygon: autoDraw = True
20.1789 	EXP 	polygon: autoDraw = True
20.1955 	EXP 	polygon: autoDraw = True
20.2121 	EXP 	polygon: autoDraw = True
20.2290 	EXP 	polygon: autoDraw = True
20.2456 	EXP 	polygon: autoDraw = True
20.2623 	EXP 	polygon: autoDraw = True
20.2789 	EXP 	polygon: autoDraw = True
20.2956 	EXP 	polygon: autoDraw = True
20.3122 	EXP 	polygon: autoDraw = True
20.3289 	EXP 	polygon: autoDraw = True
20.3456 	EXP 	polygon: autoDraw = True
20.3623 	EXP 	polygon: autoDraw = True
20.3790 	EXP 	polygon: autoDraw = True
20.3957 	EXP 	polygon: autoDraw = True
20.4123 	EXP 	polygon: autoDraw = True
20.4291 	EXP 	polygon: autoDraw = True
20.4458 	EXP 	polygon: autoDraw = True
20.4623 	EXP 	polygon: autoDraw = True
20.4792 	EXP 	polygon: autoDraw = True
20.4957 	EXP 	polygon: autoDraw = True
20.5125 	EXP 	polygon: autoDraw = True
20.5292 	EXP 	polygon: autoDraw = True
20.5458 	EXP 	polygon: autoDraw = True
20.5624 	EXP 	polygon: autoDraw = True
20.5795 	EXP 	polygon: autoDraw = True
20.5962 	EXP 	polygon: autoDraw = True
20.6126 	EXP 	polygon: autoDraw = True
20.6292 	EXP 	polygon: autoDraw = True
20.6459 	EXP 	polygon: autoDraw = True
20.6626 	EXP 	polygon: autoDraw = True
20.6793 	EXP 	polygon: autoDraw = True
20.6959 	EXP 	polygon: autoDraw = True
20.7126 	EXP 	polygon: autoDraw = True
20.7293 	EXP 	polygon: autoDraw = True
20.7460 	EXP 	polygon: autoDraw = True
20.7627 	EXP 	polygon: autoDraw = True
20.7794 	EXP 	polygon: autoDraw = True
20.7961 	EXP 	polygon: autoDraw = True
20.8127 	EXP 	polygon: autoDraw = True
20.8294 	EXP 	polygon: autoDraw = True
20.8461 	EXP 	polygon: autoDraw = True
20.8628 	EXP 	polygon: autoDraw = True
20.8795 	EXP 	polygon: autoDraw = True
20.8962 	EXP 	polygon: autoDraw = True
20.9129 	EXP 	polygon: autoDraw = True
20.9297 	EXP 	polygon: autoDraw = True
20.9463 	EXP 	polygon: autoDraw = True
20.9629 	EXP 	polygon: autoDraw = True
20.9795 	EXP 	polygon: autoDraw = True
20.9962 	EXP 	polygon: autoDraw = True
21.0128 	EXP 	polygon: autoDraw = True
21.0296 	EXP 	polygon: autoDraw = True
21.0463 	EXP 	polygon: autoDraw = True
21.0629 	EXP 	polygon: autoDraw = True
21.0800 	EXP 	polygon: autoDraw = True
21.0962 	EXP 	polygon: autoDraw = True
21.1129 	EXP 	polygon: autoDraw = True
21.1296 	EXP 	polygon: autoDraw = True
21.1463 	EXP 	polygon: autoDraw = True
21.1628 	EXP 	polygon: autoDraw = True
21.1797 	EXP 	polygon: autoDraw = True
21.1963 	EXP 	polygon: autoDraw = True
21.2130 	EXP 	polygon: autoDraw = True
21.2297 	EXP 	polygon: autoDraw = True
21.2465 	EXP 	polygon: autoDraw = True
21.2632 	EXP 	polygon: autoDraw = True
21.2797 	EXP 	polygon: autoDraw = True
21.2964 	EXP 	polygon: autoDraw = True
21.3131 	EXP 	polygon: autoDraw = True
21.3297 	EXP 	polygon: autoDraw = True
21.3465 	EXP 	polygon: autoDraw = True
21.3632 	EXP 	polygon: autoDraw = True
21.3798 	EXP 	polygon: autoDraw = True
21.3965 	EXP 	polygon: autoDraw = True
21.4132 	EXP 	polygon: autoDraw = True
21.4298 	EXP 	polygon: autoDraw = True
21.4466 	EXP 	polygon: autoDraw = True
21.4631 	EXP 	polygon: autoDraw = True
21.4800 	EXP 	polygon: autoDraw = True
21.4967 	EXP 	polygon: autoDraw = True
21.5132 	EXP 	polygon: autoDraw = True
21.5300 	EXP 	polygon: autoDraw = True
21.5467 	EXP 	polygon: autoDraw = True
21.5633 	EXP 	polygon: autoDraw = True
21.5804 	EXP 	polygon: autoDraw = True
21.5970 	EXP 	polygon: autoDraw = True
21.6148 	EXP 	polygon: autoDraw = True
21.6304 	EXP 	polygon: autoDraw = True
21.6471 	EXP 	polygon: autoDraw = True
21.6636 	EXP 	polygon: autoDraw = True
21.6801 	EXP 	polygon: autoDraw = True
21.6970 	EXP 	polygon: autoDraw = True
21.7138 	EXP 	polygon: autoDraw = True
21.7303 	EXP 	polygon: autoDraw = True
21.7472 	EXP 	polygon: autoDraw = True
21.7635 	EXP 	polygon: autoDraw = True
21.7804 	EXP 	polygon: autoDraw = True
21.7967 	EXP 	polygon: autoDraw = True
21.8135 	EXP 	polygon: autoDraw = True
21.8302 	EXP 	polygon: autoDraw = True
21.8469 	EXP 	polygon: autoDraw = True
21.8636 	EXP 	polygon: autoDraw = True
21.8802 	EXP 	polygon: autoDraw = True
21.8970 	EXP 	polygon: autoDraw = True
21.9136 	EXP 	polygon: autoDraw = True
21.9303 	EXP 	polygon: autoDraw = True
21.9470 	EXP 	polygon: autoDraw = True
21.9636 	EXP 	polygon: autoDraw = True
21.9803 	EXP 	polygon: autoDraw = True
21.9970 	EXP 	polygon: autoDraw = True
22.0135 	EXP 	polygon: autoDraw = True
22.0305 	EXP 	polygon: autoDraw = True
22.0470 	EXP 	polygon: autoDraw = True
22.0637 	EXP 	polygon: autoDraw = True
22.0807 	EXP 	polygon: autoDraw = True
22.0970 	EXP 	polygon: autoDraw = True
22.1138 	EXP 	polygon: autoDraw = True
22.1305 	EXP 	polygon: autoDraw = True
22.1472 	EXP 	polygon: autoDraw = True
22.1638 	EXP 	polygon: autoDraw = True
22.1805 	EXP 	polygon: autoDraw = True
22.1971 	EXP 	polygon: autoDraw = True
22.2139 	EXP 	polygon: autoDraw = True
22.2308 	EXP 	polygon: autoDraw = True
22.2472 	EXP 	polygon: autoDraw = True
22.2638 	EXP 	polygon: autoDraw = True
22.2807 	EXP 	polygon: autoDraw = True
22.2973 	EXP 	polygon: autoDraw = True
22.3139 	EXP 	polygon: autoDraw = True
22.3306 	EXP 	polygon: autoDraw = True
22.3474 	EXP 	polygon: autoDraw = True
22.3640 	EXP 	polygon: autoDraw = True
22.3807 	EXP 	polygon: autoDraw = True
22.3974 	EXP 	polygon: autoDraw = True
22.4140 	EXP 	polygon: autoDraw = True
22.4306 	EXP 	polygon: autoDraw = True
22.4474 	EXP 	polygon: autoDraw = True
22.4640 	EXP 	polygon: autoDraw = True
22.4809 	EXP 	polygon: autoDraw = True
22.4975 	EXP 	polygon: autoDraw = True
22.5142 	EXP 	polygon: autoDraw = True
22.5307 	EXP 	polygon: autoDraw = True
22.5477 	EXP 	polygon: autoDraw = True
22.5642 	EXP 	polygon: autoDraw = True
22.5810 	EXP 	polygon: autoDraw = True
22.5976 	EXP 	polygon: autoDraw = True
22.6143 	EXP 	polygon: autoDraw = True
22.6308 	EXP 	polygon: autoDraw = True
22.6476 	EXP 	polygon: autoDraw = True
22.6643 	EXP 	polygon: autoDraw = True
22.6811 	EXP 	polygon: autoDraw = True
22.6976 	EXP 	polygon: autoDraw = True
22.7141 	EXP 	polygon: autoDraw = True
22.7309 	EXP 	polygon: autoDraw = True
22.7477 	EXP 	polygon: autoDraw = True
22.7643 	EXP 	polygon: autoDraw = True
22.7811 	EXP 	polygon: autoDraw = True
22.7977 	EXP 	polygon: autoDraw = True
22.8144 	EXP 	polygon: autoDraw = True
22.8311 	EXP 	polygon: autoDraw = True
22.8477 	EXP 	polygon: autoDraw = True
22.8646 	EXP 	polygon: autoDraw = True
22.8811 	EXP 	polygon: autoDraw = True
22.8978 	EXP 	polygon: autoDraw = True
22.9145 	EXP 	polygon: autoDraw = True
22.9311 	EXP 	polygon: autoDraw = True
22.9481 	EXP 	polygon: autoDraw = True
22.9645 	EXP 	polygon: autoDraw = True
22.9813 	EXP 	polygon: autoDraw = True
22.9979 	EXP 	polygon: autoDraw = True
23.0144 	EXP 	polygon: autoDraw = True
23.0313 	EXP 	polygon: autoDraw = True
23.0480 	EXP 	polygon: autoDraw = True
23.0646 	EXP 	polygon: autoDraw = True
23.0815 	EXP 	polygon: autoDraw = True
23.0979 	EXP 	polygon: autoDraw = True
23.1145 	EXP 	polygon: autoDraw = True
23.1323 	EXP 	polygon: autoDraw = True
23.1480 	EXP 	polygon: autoDraw = True
23.1646 	EXP 	polygon: autoDraw = True
23.1813 	EXP 	polygon: autoDraw = True
23.1980 	EXP 	polygon: autoDraw = True
23.2146 	EXP 	polygon: autoDraw = True
23.2313 	EXP 	polygon: autoDraw = True
23.2481 	EXP 	polygon: autoDraw = True
23.2647 	EXP 	polygon: autoDraw = True
23.2815 	EXP 	polygon: autoDraw = True
23.2981 	EXP 	polygon: autoDraw = True
23.3148 	EXP 	polygon: autoDraw = True
23.3314 	EXP 	polygon: autoDraw = True
23.3481 	EXP 	polygon: autoDraw = True
23.3649 	EXP 	polygon: autoDraw = True
23.3815 	EXP 	polygon: autoDraw = True
23.3982 	EXP 	polygon: autoDraw = True
23.4148 	EXP 	polygon: autoDraw = True
23.4315 	EXP 	polygon: autoDraw = True
23.4482 	EXP 	polygon: autoDraw = True
23.4648 	EXP 	polygon: autoDraw = True
23.4816 	EXP 	polygon: autoDraw = True
23.4982 	EXP 	polygon: autoDraw = True
23.5150 	EXP 	polygon: autoDraw = True
23.5316 	EXP 	polygon: autoDraw = True
23.5482 	EXP 	polygon: autoDraw = True
23.5650 	EXP 	polygon: autoDraw = True
23.5817 	EXP 	polygon: autoDraw = True
23.5983 	EXP 	polygon: autoDraw = True
23.6152 	EXP 	polygon: autoDraw = True
23.6317 	EXP 	polygon: autoDraw = True
23.6484 	EXP 	polygon: autoDraw = True
23.6651 	EXP 	polygon: autoDraw = True
23.6818 	EXP 	polygon: autoDraw = True
23.6985 	EXP 	polygon: autoDraw = True
23.7151 	EXP 	polygon: autoDraw = True
23.7318 	EXP 	polygon: autoDraw = True
23.7484 	EXP 	polygon: autoDraw = True
23.7651 	EXP 	polygon: autoDraw = True
23.7818 	EXP 	polygon: autoDraw = True
23.7985 	EXP 	polygon: autoDraw = True
23.8151 	EXP 	polygon: autoDraw = True
23.8319 	EXP 	polygon: autoDraw = True
23.8485 	EXP 	polygon: autoDraw = True
23.8653 	EXP 	polygon: autoDraw = True
23.8819 	EXP 	polygon: autoDraw = True
23.8985 	EXP 	polygon: autoDraw = True
23.9153 	EXP 	polygon: autoDraw = True
23.9320 	EXP 	polygon: autoDraw = True
23.9485 	EXP 	polygon: autoDraw = True
23.9652 	EXP 	polygon: autoDraw = True
23.9819 	EXP 	polygon: autoDraw = True
23.9987 	EXP 	polygon: autoDraw = True
24.0152 	EXP 	polygon: autoDraw = True
24.0320 	EXP 	polygon: autoDraw = True
24.0487 	EXP 	polygon: autoDraw = True
24.0654 	EXP 	polygon: autoDraw = True
24.0822 	EXP 	polygon: autoDraw = True
24.0986 	EXP 	polygon: autoDraw = True
24.1154 	EXP 	polygon: autoDraw = True
24.1321 	EXP 	polygon: autoDraw = True
24.1491 	EXP 	polygon: autoDraw = True
24.1655 	EXP 	polygon: autoDraw = True
24.1822 	EXP 	polygon: autoDraw = True
24.1988 	EXP 	polygon: autoDraw = True
24.2156 	EXP 	polygon: autoDraw = True
24.2322 	EXP 	polygon: autoDraw = True
24.2488 	EXP 	polygon: autoDraw = True
24.2655 	EXP 	polygon: autoDraw = True
24.2823 	EXP 	polygon: autoDraw = True
24.2989 	EXP 	polygon: autoDraw = True
24.3155 	EXP 	polygon: autoDraw = True
24.3323 	EXP 	polygon: autoDraw = True
24.3382 	DATA 	Keypress: 4
24.3492 	EXP 	polygon: autoDraw = True
24.3657 	EXP 	polygon: autoDraw = True
24.3824 	EXP 	polygon: autoDraw = True
24.3990 	EXP 	polygon: autoDraw = True
24.4157 	EXP 	polygon: autoDraw = True
24.4325 	EXP 	polygon: autoDraw = True
24.4491 	EXP 	polygon: autoDraw = True
24.4657 	EXP 	polygon: autoDraw = True
24.4824 	EXP 	polygon: autoDraw = True
24.4991 	EXP 	polygon: autoDraw = True
24.5158 	EXP 	polygon: autoDraw = True
24.5324 	EXP 	polygon: autoDraw = True
24.5489 	EXP 	polygon: autoDraw = True
24.5657 	EXP 	polygon: autoDraw = True
24.5825 	EXP 	polygon: autoDraw = True
24.5991 	EXP 	polygon: autoDraw = True
24.6158 	EXP 	polygon: autoDraw = True
24.6328 	EXP 	polygon: autoDraw = True
24.6491 	EXP 	polygon: autoDraw = True
24.6657 	EXP 	polygon: autoDraw = True
24.6824 	EXP 	polygon: autoDraw = True
24.6992 	EXP 	polygon: autoDraw = True
24.7158 	EXP 	polygon: autoDraw = True
24.7323 	EXP 	polygon: autoDraw = True
24.7499 	EXP 	polygon: autoDraw = True
24.7658 	EXP 	polygon: autoDraw = True
24.7827 	EXP 	polygon: autoDraw = True
24.7994 	EXP 	polygon: autoDraw = True
24.8161 	EXP 	polygon: autoDraw = True
24.8327 	EXP 	polygon: autoDraw = True
24.8495 	EXP 	polygon: autoDraw = True
24.8661 	EXP 	polygon: autoDraw = True
24.8829 	EXP 	polygon: autoDraw = True
24.8994 	EXP 	polygon: autoDraw = True
24.9161 	EXP 	polygon: autoDraw = True
24.9328 	EXP 	polygon: autoDraw = True
24.9495 	EXP 	polygon: autoDraw = True
24.9661 	EXP 	polygon: autoDraw = True
24.9829 	EXP 	polygon: autoDraw = True
24.9994 	EXP 	polygon: autoDraw = True
25.0163 	EXP 	polygon: autoDraw = True
25.0329 	EXP 	polygon: autoDraw = True
25.0496 	EXP 	polygon: autoDraw = True
25.0662 	EXP 	polygon: autoDraw = True
25.0714 	DATA 	Keypress: escape
25.0831 	EXP 	polygon: autoDraw = True
25.0996 	EXP 	polygon: autoDraw = True
25.1163 	EXP 	polygon: autoDraw = True
25.1331 	EXP 	polygon: autoDraw = True
25.1497 	EXP 	polygon: autoDraw = True
25.1663 	EXP 	polygon: autoDraw = True
25.1925 	EXP 	window1: mouseVisible = True
