2.7300 	WARNING 	User requested fullscreen with size [1024  768], but screen is actually [1920, 1080]. Using actual size
3.5137 	EXP 	Created window1 = Window(allowGUI=False, allowStencil=False, args=UNKNOWN, autoLog=True, bitsMode=UNKNOWN, blendMode='avg', color=array([0., 0., 0.]), colorSpace='rgb', fullscr=<method-wrapper '__getattribute__' of attributeSetter object at 0x0000025EA7508F60>, gamma=None, gammaErrorPolicy='raise', kwargs=UNKNOWN, lms=UNKNOWN, monitor=<psychopy.monitors.calibTools.Monitor object at 0x0000025EA759B128>, multiSample=False, name='window1', numSamples=2, pos=[0.0, 0.0], screen=0, size=array([1920, 1080]), stereo=False, units='height', useFBO=True, useRetina=False, viewOri=0.0, viewPos=None, viewScale=None, waitBlanking=True, winType='pyglet')
3.5138 	EXP 	window1: recordFrameIntervals = False
3.6792 	EXP 	window1: recordFrameIntervals = True
3.8631 	EXP 	window1: recordFrameIntervals = False
4.3137 	EXP 	Created instruct = TextStim(__class__=<class 'psychopy.visual.text.TextStim'>, alignHoriz='center', alignVert='center', antialias=True, autoLog=True, bold=False, color='white', colorSpace='named', contrast=1.0, depth=0.0, flipHoriz=False, flipVert=False, font='Arial', fontFiles=[], height=0.05, italic=False, languageStyle='LTR', name='instruct', opacity=1.0, ori=0, pos=array([0., 0.]), rgb=array([255., 255., 255.]), text=str(...), units='height', win=Window(...), wrapWidth=1.4)
4.3363 	EXP 	Created regCue = TextStim(__class__=<class 'psychopy.visual.text.TextStim'>, alignHoriz='center', alignVert='center', antialias=True, autoLog=True, bold=False, color='white', colorSpace='named', contrast=1.0, depth=0.0, flipHoriz=False, flipVert=False, font='Arial', fontFiles=[], height=0.1, italic=False, languageStyle='LTR', name='regCue', opacity=1.0, ori=0, pos=array([0., 0.]), rgb=array([255., 255., 255.]), text='REGULATE', units='height', win=Window(...), wrapWidth=1)
4.3581 	EXP 	Created choiceQ = TextStim(__class__=<class 'psychopy.visual.text.TextStim'>, alignHoriz='center', alignVert='center', antialias=True, autoLog=True, bold=False, color='white', colorSpace='named', contrast=1.0, depth=0.0, flipHoriz=False, flipVert=False, font='Arial', fontFiles=[], height=0.05, italic=False, languageStyle='LTR', name='choiceQ', opacity=1.0, ori=0, pos=array([0.  , 0.35]), rgb=array([255., 255., 255.]), text=str(...), units='height', win=Window(...), wrapWidth=1.4)
4.3770 	EXP 	Created testChoice = TextStim(__class__=<class 'psychopy.visual.text.TextStim'>, alignHoriz='center', alignVert='center', antialias=True, autoLog=True, bold=False, color='white', colorSpace='named', contrast=1.0, depth=-2.0, flipHoriz=False, flipVert=False, font='Arial', fontFiles=[], height=0.04, italic=False, languageStyle='LTR', name='testChoice', opacity=1.0, ori=0, pos=array([-0.41,  0.15]), rgb=array([255., 255., 255.]), text='Practice Standardized Test Questions', units='height', win=Window(...), wrapWidth=1)
4.3848 	EXP 	Created videogameChoice = TextStim(__class__=<class 'psychopy.visual.text.TextStim'>, alignHoriz='center', alignVert='center', antialias=True, autoLog=True, bold=False, color='white', colorSpace='named', contrast=1.0, depth=-3.0, flipHoriz=False, flipVert=False, font='Arial', fontFiles=[], height=0.04, italic=False, languageStyle='LTR', name='videogameChoice', opacity=1.0, ori=0, pos=array([0.41, 0.15]), rgb=array([255., 255., 255.]), text='Play a Videogame', units='height', win=Window(...), wrapWidth=1)
4.3897 	EXP 	Created gre = ImageStim(__class__=<class 'psychopy.visual.image.ImageStim'>, autoLog=True, color=array([1., 1., 1.]), colorSpace='rgb', contrast=1.0, depth=-4.0, flipHoriz=False, flipVert=False, image='gre.png', interpolate=True, mask=None, maskParams=None, name='gre', opacity=1.0, ori=0.0, pos=array([-0.41,  0.02]), size=array([0.3  , 0.105]), texRes=128, units='height', win=Window(...))
4.3940 	EXP 	Created gmat = ImageStim(__class__=<class 'psychopy.visual.image.ImageStim'>, autoLog=True, color=array([1., 1., 1.]), colorSpace='rgb', contrast=1.0, depth=-5.0, flipHoriz=False, flipVert=False, image='gmat.png', interpolate=True, mask=None, maskParams=None, name='gmat', opacity=1.0, ori=0.0, pos=array([-0.41, -0.13]), size=array([0.3 , 0.11]), texRes=128, units='height', win=Window(...))
4.3962 	EXP 	Created lsat = ImageStim(__class__=<class 'psychopy.visual.image.ImageStim'>, autoLog=True, color=array([1., 1., 1.]), colorSpace='rgb', contrast=1.0, depth=-6.0, flipHoriz=False, flipVert=False, image='lsat.png', interpolate=True, mask=None, maskParams=None, name='lsat', opacity=1.0, ori=0.0, pos=array([-0.41, -0.27]), size=array([0.3 , 0.11]), texRes=128, units='height', win=Window(...))
4.4107 	EXP 	Created game = ImageStim(__class__=<class 'psychopy.visual.image.ImageStim'>, autoLog=True, color=array([1., 1., 1.]), colorSpace='rgb', contrast=1.0, depth=-7.0, flipHoriz=False, flipVert=False, image='game.png', interpolate=True, mask=None, maskParams=None, name='game', opacity=1.0, ori=0.0, pos=array([ 0.41, -0.19]), size=array([0.4, 0.5]), texRes=128, units='height', win=Window(...))
4.4112 	EXP 	Created blank = TextStim(__class__=<class 'psychopy.visual.text.TextStim'>, alignHoriz='center', alignVert='center', antialias=True, autoLog=True, bold=False, color='white', colorSpace='named', contrast=1.0, depth=-9.0, flipHoriz=False, flipVert=False, font='Arial', fontFiles=[], height=0.1, italic=False, languageStyle='LTR', name='blank', opacity=1.0, ori=0, pos=array([0., 0.]), rgb=array([255., 255., 255.]), text='', units='height', win=Window(...), wrapWidth=1)
4.4488 	EXP 	Created testQChoice = TextStim(__class__=<class 'psychopy.visual.text.TextStim'>, alignHoriz='center', alignVert='center', antialias=True, autoLog=True, bold=False, color='white', colorSpace='named', contrast=1.0, depth=0.0, flipHoriz=False, flipVert=False, font='Arial', fontFiles=[], height=0.055, italic=False, languageStyle='LTR', name='testQChoice', opacity=1.0, ori=0, pos=array([0.  , 0.35]), rgb=array([255., 255., 255.]), text=str(...), units='height', win=Window(...), wrapWidth=1.3)
4.4521 	EXP 	Created image = ImageStim(__class__=<class 'psychopy.visual.image.ImageStim'>, autoLog=True, color=array([1., 1., 1.]), colorSpace='rgb', contrast=1.0, depth=-1.0, flipHoriz=False, flipVert=False, image='gre.png', interpolate=True, mask=None, maskParams=None, name='image', opacity=1.0, ori=0.0, pos=array([0.   , 0.105]), size=array([0.3 , 0.11]), texRes=128, units='height', win=Window(...))
4.4552 	EXP 	Created image_2 = ImageStim(__class__=<class 'psychopy.visual.image.ImageStim'>, autoLog=True, color=array([1., 1., 1.]), colorSpace='rgb', contrast=1.0, depth=-2.0, flipHoriz=False, flipVert=False, image='gmat.png', interpolate=True, mask=None, maskParams=None, name='image_2', opacity=1.0, ori=0.0, pos=array([ 0.  , -0.05]), size=array([0.3 , 0.11]), texRes=128, units='height', win=Window(...))
4.4574 	EXP 	Created image_3 = ImageStim(__class__=<class 'psychopy.visual.image.ImageStim'>, autoLog=True, color=array([1., 1., 1.]), colorSpace='rgb', contrast=1.0, depth=-3.0, flipHoriz=False, flipVert=False, image='lsat.png', interpolate=True, mask=None, maskParams=None, name='image_3', opacity=1.0, ori=0.0, pos=array([ 0. , -0.2]), size=array([0.3 , 0.11]), texRes=128, units='height', win=Window(...))
4.4589 	EXP 	Created polygon = Rect(__class__=<class 'psychopy.visual.rect.Rect'>, autoDraw=False, autoLog=True, closeShape=True, color=method-wrapper(...), colorSpace=None, contrast=1.0, depth=-5.0, fillColor=None, fillColorSpace='rgb', fillRGB=None, interpolate=True, lineColor=array([-1., -1., -1.]), lineColorSpace='rgb', lineRGB=array([-1., -1., -1.]), lineWidth=1.0, name='polygon', opacity=1.0, ori=array(1.), pos=array([0., 0.]), size=array([1., 1.]), units='height', vertices=ndarray(...), win=Window(...))
4.4719 	EXP 	Created TextQuestion = TextStim(__class__=<class 'psychopy.visual.text.TextStim'>, alignHoriz='center', alignVert='center', antialias=True, autoLog=True, bold=False, color='white', colorSpace='named', contrast=1.0, depth=0.0, flipHoriz=False, flipVert=False, font='Arial', fontFiles=[], height=0.028, italic=False, languageStyle='LTR', name='TextQuestion', opacity=1.0, ori=0, pos=array([0.  , 0.35]), rgb=array([255., 255., 255.]), text='default text', units='height', win=Window(...), wrapWidth=1.45)
4.4824 	EXP 	Created choiceA = TextStim(__class__=<class 'psychopy.visual.text.TextStim'>, alignHoriz='center', alignVert='center', antialias=True, autoLog=True, bold=False, color='white', colorSpace='named', contrast=1.0, depth=-3.0, flipHoriz=False, flipVert=False, font='Arial', fontFiles=[], height=0.026, italic=False, languageStyle='LTR', name='choiceA', opacity=1.0, ori=0, pos=array([0., 0.]), rgb=array([255., 255., 255.]), text='default text', units='height', win=Window(...), wrapWidth=1.4)
4.4887 	EXP 	Created choiceB = TextStim(__class__=<class 'psychopy.visual.text.TextStim'>, alignHoriz='center', alignVert='center', antialias=True, autoLog=True, bold=False, color='white', colorSpace='named', contrast=1.0, depth=-4.0, flipHoriz=False, flipVert=False, font='Arial', fontFiles=[], height=0.026, italic=False, languageStyle='LTR', name='choiceB', opacity=1.0, ori=0, pos=array([ 0. , -0.1]), rgb=array([255., 255., 255.]), text='default text', units='height', win=Window(...), wrapWidth=1.4)
4.4938 	EXP 	Created choiceC = TextStim(__class__=<class 'psychopy.visual.text.TextStim'>, alignHoriz='center', alignVert='center', antialias=True, autoLog=True, bold=False, color='white', colorSpace='named', contrast=1.0, depth=-5.0, flipHoriz=False, flipVert=False, font='Arial', fontFiles=[], height=0.026, italic=False, languageStyle='LTR', name='choiceC', opacity=1.0, ori=0, pos=array([ 0. , -0.2]), rgb=array([255., 255., 255.]), text='default text', units='height', win=Window(...), wrapWidth=1.4)
4.5000 	EXP 	Created choiceD = TextStim(__class__=<class 'psychopy.visual.text.TextStim'>, alignHoriz='center', alignVert='center', antialias=True, autoLog=True, bold=False, color='white', colorSpace='named', contrast=1.0, depth=-6.0, flipHoriz=False, flipVert=False, font='Arial', fontFiles=[], height=0.026, italic=False, languageStyle='LTR', name='choiceD', opacity=1.0, ori=0, pos=array([ 0. , -0.3]), rgb=array([255., 255., 255.]), text='default text', units='height', win=Window(...), wrapWidth=1.4)
4.5042 	EXP 	Created choiceE = TextStim(__class__=<class 'psychopy.visual.text.TextStim'>, alignHoriz='center', alignVert='center', antialias=True, autoLog=True, bold=False, color='white', colorSpace='named', contrast=1.0, depth=-7.0, flipHoriz=False, flipVert=False, font='Arial', fontFiles=[], height=0.026, italic=False, languageStyle='LTR', name='choiceE', opacity=1.0, ori=0, pos=array([ 0. , -0.4]), rgb=array([255., 255., 255.]), text='default text', units='height', win=Window(...), wrapWidth=1.4)
4.5047 	EXP 	Created conBlank = TextStim(__class__=<class 'psychopy.visual.text.TextStim'>, alignHoriz='center', alignVert='center', antialias=True, autoLog=True, bold=False, color='white', colorSpace='named', contrast=1.0, depth=-9.0, flipHoriz=False, flipVert=False, font='Arial', fontFiles=[], height=0.1, italic=False, languageStyle='LTR', name='conBlank', opacity=1.0, ori=0, pos=array([0., 0.]), rgb=array([255., 255., 255.]), text='', units='height', win=Window(...), wrapWidth=1)
4.5686 	EXP 	Created gameInstructions = TextStim(__class__=<class 'psychopy.visual.text.TextStim'>, alignHoriz='center', alignVert='center', antialias=True, autoLog=True, bold=False, color='white', colorSpace='named', contrast=1.0, depth=0.0, flipHoriz=False, flipVert=False, font='Arial', fontFiles=[], height=0.07, italic=False, languageStyle='LTR', name='gameInstructions', opacity=1.0, ori=0, pos=array([0., 0.]), rgb=array([255., 255., 255.]), text=str(...), units='height', win=Window(...), wrapWidth=1)
5.5986 	EXP 	instruct: autoDraw = True
6.6834 	EXP 	Created sequence: sequential, trialTypes=1, nReps=5, seed=None
6.6836 	EXP 	New trial (rep=0, index=0): None
6.6960 	EXP 	instruct: autoDraw = False
6.6960 	EXP 	regCue: autoDraw = True
9.6958 	EXP 	regCue: autoDraw = False
9.6958 	EXP 	regCue: autoDraw = False
9.6958 	EXP 	blank: text = ''
9.6958 	EXP 	choiceQ: autoDraw = True
9.6958 	EXP 	testChoice: autoDraw = True
9.6958 	EXP 	videogameChoice: autoDraw = True
9.6958 	EXP 	gre: autoDraw = True
9.6958 	EXP 	gmat: autoDraw = True
9.6958 	EXP 	lsat: autoDraw = True
9.6958 	EXP 	game: autoDraw = True
10.3959 	EXP 	testChoice: color = 'green (named)'
10.3959 	EXP 	blank: autoDraw = True
10.4124 	EXP 	testChoice: color = 'green (named)'
10.4290 	EXP 	testChoice: color = 'green (named)'
10.4457 	EXP 	testChoice: color = 'green (named)'
10.4624 	EXP 	testChoice: color = 'green (named)'
10.4789 	EXP 	testChoice: color = 'green (named)'
10.4957 	EXP 	testChoice: color = 'green (named)'
10.5123 	EXP 	testChoice: color = 'green (named)'
10.5289 	EXP 	testChoice: color = 'green (named)'
10.5457 	EXP 	testChoice: color = 'green (named)'
10.5628 	EXP 	testChoice: color = 'green (named)'
10.5786 	EXP 	testChoice: color = 'green (named)'
10.5957 	EXP 	testChoice: color = 'green (named)'
10.6128 	EXP 	testChoice: color = 'green (named)'
10.6290 	EXP 	testChoice: color = 'green (named)'
10.6457 	EXP 	testChoice: color = 'green (named)'
10.6628 	EXP 	testChoice: color = 'green (named)'
10.6793 	EXP 	testChoice: color = 'green (named)'
10.6959 	EXP 	testChoice: color = 'green (named)'
10.7129 	EXP 	testChoice: color = 'green (named)'
10.7148 	WARNING 	Got keycode {} but that code isn't yet known
10.7148 	WARNING 	Keypress was given unknown key code (44)
10.7558 	EXP 	testChoice: color = 'green (named)'
10.7771 	EXP 	testChoice: color = 'green (named)'
10.7956 	EXP 	testChoice: color = 'green (named)'
10.8125 	EXP 	testChoice: color = 'green (named)'
10.8292 	EXP 	testChoice: color = 'green (named)'
10.8457 	EXP 	testChoice: color = 'green (named)'
10.8623 	EXP 	testChoice: color = 'green (named)'
10.8790 	EXP 	testChoice: color = 'green (named)'
10.8958 	EXP 	testChoice: color = 'green (named)'
10.9123 	EXP 	testChoice: color = 'green (named)'
10.9289 	EXP 	testChoice: color = 'green (named)'
10.9458 	EXP 	testChoice: color = 'green (named)'
10.9623 	EXP 	testChoice: color = 'green (named)'
10.9791 	EXP 	testChoice: color = 'green (named)'
10.9958 	EXP 	testChoice: color = 'green (named)'
11.0124 	EXP 	testChoice: color = 'green (named)'
11.0291 	EXP 	testChoice: color = 'green (named)'
11.0457 	EXP 	testChoice: color = 'green (named)'
11.0624 	EXP 	testChoice: color = 'green (named)'
11.0791 	EXP 	testChoice: color = 'green (named)'
11.0959 	EXP 	testChoice: color = 'green (named)'
11.1123 	EXP 	testChoice: color = 'green (named)'
11.1291 	EXP 	testChoice: color = 'green (named)'
11.1457 	EXP 	testChoice: color = 'green (named)'
11.1624 	EXP 	testChoice: color = 'green (named)'
11.1791 	EXP 	testChoice: color = 'green (named)'
11.1956 	EXP 	testChoice: color = 'green (named)'
11.2122 	EXP 	testChoice: color = 'green (named)'
11.2291 	EXP 	testChoice: color = 'green (named)'
11.2458 	EXP 	testChoice: color = 'green (named)'
11.2623 	EXP 	testChoice: color = 'green (named)'
11.2792 	EXP 	testChoice: color = 'green (named)'
11.2957 	EXP 	testChoice: color = 'green (named)'
11.3123 	EXP 	testChoice: color = 'green (named)'
11.3291 	EXP 	testChoice: color = 'green (named)'
11.3457 	EXP 	testChoice: color = 'green (named)'
11.3623 	EXP 	testChoice: color = 'green (named)'
11.3790 	EXP 	testChoice: color = 'green (named)'
11.3957 	EXP 	testChoice: color = 'green (named)'
11.4123 	EXP 	testChoice: color = 'green (named)'
11.4290 	EXP 	testChoice: color = 'green (named)'
11.4456 	EXP 	testChoice: color = 'green (named)'
11.4623 	EXP 	testChoice: color = 'green (named)'
11.4790 	EXP 	testChoice: color = 'green (named)'
11.4957 	EXP 	testChoice: color = 'green (named)'
11.5124 	EXP 	testChoice: color = 'green (named)'
11.5292 	EXP 	testChoice: color = 'green (named)'
11.5457 	EXP 	testChoice: color = 'green (named)'
11.5623 	EXP 	testChoice: color = 'green (named)'
11.5790 	EXP 	testChoice: color = 'green (named)'
11.5958 	EXP 	testChoice: color = 'green (named)'
11.6123 	EXP 	testChoice: color = 'green (named)'
11.6289 	EXP 	testChoice: color = 'green (named)'
11.6456 	EXP 	testChoice: color = 'green (named)'
11.6623 	EXP 	testChoice: color = 'green (named)'
11.6790 	EXP 	testChoice: color = 'green (named)'
11.6956 	EXP 	testChoice: color = 'green (named)'
11.7124 	EXP 	testChoice: color = 'green (named)'
11.7293 	EXP 	testChoice: color = 'green (named)'
11.7456 	EXP 	testChoice: color = 'green (named)'
11.7623 	EXP 	testChoice: color = 'green (named)'
11.7790 	EXP 	testChoice: color = 'green (named)'
11.7961 	EXP 	testChoice: color = 'green (named)'
11.8125 	EXP 	testChoice: color = 'green (named)'
11.8139 	WARNING 	Got keycode {} but that code isn't yet known
11.8139 	WARNING 	Keypress was given unknown key code (44)
11.8557 	EXP 	testChoice: color = 'green (named)'
11.8766 	EXP 	testChoice: color = 'green (named)'
11.8955 	EXP 	testChoice: color = 'green (named)'
11.9126 	EXP 	testChoice: color = 'green (named)'
11.9126 	EXP 	blank: autoDraw = False
11.9363 	EXP 	Imported RowsExcel.xlsx as conditions, 5 conditions, 1 params
11.9366 	EXP 	Created sequence: random, trialTypes=5, nReps=1, seed=None
11.9368 	EXP 	New trial (rep=0, index=0): OrderedDict([('Rows', '0020:0025')])
11.9444 	EXP 	choiceQ: autoDraw = False
11.9444 	EXP 	testChoice: autoDraw = False
11.9444 	EXP 	videogameChoice: autoDraw = False
11.9444 	EXP 	gre: autoDraw = False
11.9444 	EXP 	gmat: autoDraw = False
11.9444 	EXP 	lsat: autoDraw = False
11.9444 	EXP 	game: autoDraw = False
11.9444 	EXP 	testChoice: color = 'green (named)'
11.9444 	EXP 	choiceQ: autoDraw = False
11.9444 	EXP 	testChoice: autoDraw = False
11.9444 	EXP 	videogameChoice: autoDraw = False
11.9444 	EXP 	gre: autoDraw = False
11.9444 	EXP 	gmat: autoDraw = False
11.9444 	EXP 	lsat: autoDraw = False
11.9444 	EXP 	game: autoDraw = False
11.9444 	EXP 	blank: autoDraw = False
11.9444 	EXP 	videogameChoice: color = 'white (named)'
11.9444 	EXP 	testChoice: color = 'white (named)'
11.9444 	EXP 	choiceQ: autoDraw = False
11.9444 	EXP 	testChoice: autoDraw = False
11.9444 	EXP 	videogameChoice: autoDraw = False
11.9444 	EXP 	gre: autoDraw = False
11.9444 	EXP 	gmat: autoDraw = False
11.9444 	EXP 	lsat: autoDraw = False
11.9444 	EXP 	polygon: opacity = 1.0
11.9444 	EXP 	polygon: size = array([0.32, 0.13])
11.9444 	EXP 	polygon: ori = 0.0
11.9444 	EXP 	polygon: lineWidth = 8.0
11.9621 	EXP 	testQChoice: autoDraw = True
11.9621 	EXP 	image: autoDraw = True
11.9621 	EXP 	image_2: autoDraw = True
11.9621 	EXP 	image_3: autoDraw = True
13.0028 	EXP 	window1: mouseVisible = True
2.5772 	WARNING 	User requested fullscreen with size [1024  768], but screen is actually [1920, 1080]. Using actual size
3.3622 	EXP 	Created window1 = Window(allowGUI=False, allowStencil=False, args=UNKNOWN, autoLog=True, bitsMode=UNKNOWN, blendMode='avg', color=array([0., 0., 0.]), colorSpace='rgb', fullscr=<method-wrapper '__getattribute__' of attributeSetter object at 0x000001DBB9598F60>, gamma=None, gammaErrorPolicy='raise', kwargs=UNKNOWN, lms=UNKNOWN, monitor=<psychopy.monitors.calibTools.Monitor object at 0x000001DBB962C128>, multiSample=False, name='window1', numSamples=2, pos=[0.0, 0.0], screen=0, size=array([1920, 1080]), stereo=False, units='height', useFBO=True, useRetina=False, viewOri=0.0, viewPos=None, viewScale=None, waitBlanking=True, winType='pyglet')
3.3622 	EXP 	window1: recordFrameIntervals = False
3.5287 	EXP 	window1: recordFrameIntervals = True
3.7118 	EXP 	window1: recordFrameIntervals = False
4.0655 	EXP 	Created instruct = TextStim(__class__=<class 'psychopy.visual.text.TextStim'>, alignHoriz='center', alignVert='center', antialias=True, autoLog=True, bold=False, color='white', colorSpace='named', contrast=1.0, depth=0.0, flipHoriz=False, flipVert=False, font='Arial', fontFiles=[], height=0.05, italic=False, languageStyle='LTR', name='instruct', opacity=1.0, ori=0, pos=array([0., 0.]), rgb=array([255., 255., 255.]), text=str(...), units='height', win=Window(...), wrapWidth=1.4)
4.0846 	EXP 	Created regCue = TextStim(__class__=<class 'psychopy.visual.text.TextStim'>, alignHoriz='center', alignVert='center', antialias=True, autoLog=True, bold=False, color='white', colorSpace='named', contrast=1.0, depth=0.0, flipHoriz=False, flipVert=False, font='Arial', fontFiles=[], height=0.1, italic=False, languageStyle='LTR', name='regCue', opacity=1.0, ori=0, pos=array([0., 0.]), rgb=array([255., 255., 255.]), text='REGULATE', units='height', win=Window(...), wrapWidth=1)
4.1032 	EXP 	Created choiceQ = TextStim(__class__=<class 'psychopy.visual.text.TextStim'>, alignHoriz='center', alignVert='center', antialias=True, autoLog=True, bold=False, color='white', colorSpace='named', contrast=1.0, depth=0.0, flipHoriz=False, flipVert=False, font='Arial', fontFiles=[], height=0.05, italic=False, languageStyle='LTR', name='choiceQ', opacity=1.0, ori=0, pos=array([0.  , 0.35]), rgb=array([255., 255., 255.]), text=str(...), units='height', win=Window(...), wrapWidth=1.4)
4.1196 	EXP 	Created testChoice = TextStim(__class__=<class 'psychopy.visual.text.TextStim'>, alignHoriz='center', alignVert='center', antialias=True, autoLog=True, bold=False, color='white', colorSpace='named', contrast=1.0, depth=-2.0, flipHoriz=False, flipVert=False, font='Arial', fontFiles=[], height=0.04, italic=False, languageStyle='LTR', name='testChoice', opacity=1.0, ori=0, pos=array([-0.41,  0.15]), rgb=array([255., 255., 255.]), text='Practice Standardized Test Questions', units='height', win=Window(...), wrapWidth=1)
4.1270 	EXP 	Created videogameChoice = TextStim(__class__=<class 'psychopy.visual.text.TextStim'>, alignHoriz='center', alignVert='center', antialias=True, autoLog=True, bold=False, color='white', colorSpace='named', contrast=1.0, depth=-3.0, flipHoriz=False, flipVert=False, font='Arial', fontFiles=[], height=0.04, italic=False, languageStyle='LTR', name='videogameChoice', opacity=1.0, ori=0, pos=array([0.41, 0.15]), rgb=array([255., 255., 255.]), text='Play a Videogame', units='height', win=Window(...), wrapWidth=1)
4.1323 	EXP 	Created gre = ImageStim(__class__=<class 'psychopy.visual.image.ImageStim'>, autoLog=True, color=array([1., 1., 1.]), colorSpace='rgb', contrast=1.0, depth=-4.0, flipHoriz=False, flipVert=False, image='gre.png', interpolate=True, mask=None, maskParams=None, name='gre', opacity=1.0, ori=0.0, pos=array([-0.41,  0.02]), size=array([0.3  , 0.105]), texRes=128, units='height', win=Window(...))
4.1361 	EXP 	Created gmat = ImageStim(__class__=<class 'psychopy.visual.image.ImageStim'>, autoLog=True, color=array([1., 1., 1.]), colorSpace='rgb', contrast=1.0, depth=-5.0, flipHoriz=False, flipVert=False, image='gmat.png', interpolate=True, mask=None, maskParams=None, name='gmat', opacity=1.0, ori=0.0, pos=array([-0.41, -0.13]), size=array([0.3 , 0.11]), texRes=128, units='height', win=Window(...))
4.1383 	EXP 	Created lsat = ImageStim(__class__=<class 'psychopy.visual.image.ImageStim'>, autoLog=True, color=array([1., 1., 1.]), colorSpace='rgb', contrast=1.0, depth=-6.0, flipHoriz=False, flipVert=False, image='lsat.png', interpolate=True, mask=None, maskParams=None, name='lsat', opacity=1.0, ori=0.0, pos=array([-0.41, -0.27]), size=array([0.3 , 0.11]), texRes=128, units='height', win=Window(...))
4.1542 	EXP 	Created game = ImageStim(__class__=<class 'psychopy.visual.image.ImageStim'>, autoLog=True, color=array([1., 1., 1.]), colorSpace='rgb', contrast=1.0, depth=-7.0, flipHoriz=False, flipVert=False, image='game.png', interpolate=True, mask=None, maskParams=None, name='game', opacity=1.0, ori=0.0, pos=array([ 0.41, -0.19]), size=array([0.4, 0.5]), texRes=128, units='height', win=Window(...))
4.1547 	EXP 	Created blank = TextStim(__class__=<class 'psychopy.visual.text.TextStim'>, alignHoriz='center', alignVert='center', antialias=True, autoLog=True, bold=False, color='white', colorSpace='named', contrast=1.0, depth=-9.0, flipHoriz=False, flipVert=False, font='Arial', fontFiles=[], height=0.1, italic=False, languageStyle='LTR', name='blank', opacity=1.0, ori=0, pos=array([0., 0.]), rgb=array([255., 255., 255.]), text='', units='height', win=Window(...), wrapWidth=1)
4.1975 	EXP 	Created testQChoice = TextStim(__class__=<class 'psychopy.visual.text.TextStim'>, alignHoriz='center', alignVert='center', antialias=True, autoLog=True, bold=False, color='white', colorSpace='named', contrast=1.0, depth=0.0, flipHoriz=False, flipVert=False, font='Arial', fontFiles=[], height=0.055, italic=False, languageStyle='LTR', name='testQChoice', opacity=1.0, ori=0, pos=array([0.  , 0.35]), rgb=array([255., 255., 255.]), text=str(...), units='height', win=Window(...), wrapWidth=1.3)
4.2010 	EXP 	Created image = ImageStim(__class__=<class 'psychopy.visual.image.ImageStim'>, autoLog=True, color=array([1., 1., 1.]), colorSpace='rgb', contrast=1.0, depth=-1.0, flipHoriz=False, flipVert=False, image='gre.png', interpolate=True, mask=None, maskParams=None, name='image', opacity=1.0, ori=0.0, pos=array([0.   , 0.105]), size=array([0.3 , 0.11]), texRes=128, units='height', win=Window(...))
4.2037 	EXP 	Created image_2 = ImageStim(__class__=<class 'psychopy.visual.image.ImageStim'>, autoLog=True, color=array([1., 1., 1.]), colorSpace='rgb', contrast=1.0, depth=-2.0, flipHoriz=False, flipVert=False, image='gmat.png', interpolate=True, mask=None, maskParams=None, name='image_2', opacity=1.0, ori=0.0, pos=array([ 0.  , -0.05]), size=array([0.3 , 0.11]), texRes=128, units='height', win=Window(...))
4.2057 	EXP 	Created image_3 = ImageStim(__class__=<class 'psychopy.visual.image.ImageStim'>, autoLog=True, color=array([1., 1., 1.]), colorSpace='rgb', contrast=1.0, depth=-3.0, flipHoriz=False, flipVert=False, image='lsat.png', interpolate=True, mask=None, maskParams=None, name='image_3', opacity=1.0, ori=0.0, pos=array([ 0. , -0.2]), size=array([0.3 , 0.11]), texRes=128, units='height', win=Window(...))
4.2073 	EXP 	Created polygon = Rect(__class__=<class 'psychopy.visual.rect.Rect'>, autoDraw=False, autoLog=True, closeShape=True, color=method-wrapper(...), colorSpace=None, contrast=1.0, depth=-5.0, fillColor=None, fillColorSpace='rgb', fillRGB=None, interpolate=True, lineColor=array([-1., -1., -1.]), lineColorSpace='rgb', lineRGB=array([-1., -1., -1.]), lineWidth=1.0, name='polygon', opacity=1.0, ori=array(1.), pos=array([0., 0.]), size=array([1., 1.]), units='height', vertices=ndarray(...), win=Window(...))
4.2199 	EXP 	Created TextQuestion = TextStim(__class__=<class 'psychopy.visual.text.TextStim'>, alignHoriz='center', alignVert='center', antialias=True, autoLog=True, bold=False, color='white', colorSpace='named', contrast=1.0, depth=0.0, flipHoriz=False, flipVert=False, font='Arial', fontFiles=[], height=0.028, italic=False, languageStyle='LTR', name='TextQuestion', opacity=1.0, ori=0, pos=array([0.  , 0.35]), rgb=array([255., 255., 255.]), text='default text', units='height', win=Window(...), wrapWidth=1.45)
4.2293 	EXP 	Created choiceA = TextStim(__class__=<class 'psychopy.visual.text.TextStim'>, alignHoriz='center', alignVert='center', antialias=True, autoLog=True, bold=False, color='white', colorSpace='named', contrast=1.0, depth=-3.0, flipHoriz=False, flipVert=False, font='Arial', fontFiles=[], height=0.026, italic=False, languageStyle='LTR', name='choiceA', opacity=1.0, ori=0, pos=array([0., 0.]), rgb=array([255., 255., 255.]), text='default text', units='height', win=Window(...), wrapWidth=1.4)
4.2335 	EXP 	Created choiceB = TextStim(__class__=<class 'psychopy.visual.text.TextStim'>, alignHoriz='center', alignVert='center', antialias=True, autoLog=True, bold=False, color='white', colorSpace='named', contrast=1.0, depth=-4.0, flipHoriz=False, flipVert=False, font='Arial', fontFiles=[], height=0.026, italic=False, languageStyle='LTR', name='choiceB', opacity=1.0, ori=0, pos=array([ 0. , -0.1]), rgb=array([255., 255., 255.]), text='default text', units='height', win=Window(...), wrapWidth=1.4)
4.2374 	EXP 	Created choiceC = TextStim(__class__=<class 'psychopy.visual.text.TextStim'>, alignHoriz='center', alignVert='center', antialias=True, autoLog=True, bold=False, color='white', colorSpace='named', contrast=1.0, depth=-5.0, flipHoriz=False, flipVert=False, font='Arial', fontFiles=[], height=0.026, italic=False, languageStyle='LTR', name='choiceC', opacity=1.0, ori=0, pos=array([ 0. , -0.2]), rgb=array([255., 255., 255.]), text='default text', units='height', win=Window(...), wrapWidth=1.4)
4.2415 	EXP 	Created choiceD = TextStim(__class__=<class 'psychopy.visual.text.TextStim'>, alignHoriz='center', alignVert='center', antialias=True, autoLog=True, bold=False, color='white', colorSpace='named', contrast=1.0, depth=-6.0, flipHoriz=False, flipVert=False, font='Arial', fontFiles=[], height=0.026, italic=False, languageStyle='LTR', name='choiceD', opacity=1.0, ori=0, pos=array([ 0. , -0.3]), rgb=array([255., 255., 255.]), text='default text', units='height', win=Window(...), wrapWidth=1.4)
4.2458 	EXP 	Created choiceE = TextStim(__class__=<class 'psychopy.visual.text.TextStim'>, alignHoriz='center', alignVert='center', antialias=True, autoLog=True, bold=False, color='white', colorSpace='named', contrast=1.0, depth=-7.0, flipHoriz=False, flipVert=False, font='Arial', fontFiles=[], height=0.026, italic=False, languageStyle='LTR', name='choiceE', opacity=1.0, ori=0, pos=array([ 0. , -0.4]), rgb=array([255., 255., 255.]), text='default text', units='height', win=Window(...), wrapWidth=1.4)
4.2464 	EXP 	Created conBlank = TextStim(__class__=<class 'psychopy.visual.text.TextStim'>, alignHoriz='center', alignVert='center', antialias=True, autoLog=True, bold=False, color='white', colorSpace='named', contrast=1.0, depth=-9.0, flipHoriz=False, flipVert=False, font='Arial', fontFiles=[], height=0.1, italic=False, languageStyle='LTR', name='conBlank', opacity=1.0, ori=0, pos=array([0., 0.]), rgb=array([255., 255., 255.]), text='', units='height', win=Window(...), wrapWidth=1)
4.3120 	EXP 	Created gameInstructions = TextStim(__class__=<class 'psychopy.visual.text.TextStim'>, alignHoriz='center', alignVert='center', antialias=True, autoLog=True, bold=False, color='white', colorSpace='named', contrast=1.0, depth=0.0, flipHoriz=False, flipVert=False, font='Arial', fontFiles=[], height=0.07, italic=False, languageStyle='LTR', name='gameInstructions', opacity=1.0, ori=0, pos=array([0., 0.]), rgb=array([255., 255., 255.]), text=str(...), units='height', win=Window(...), wrapWidth=1)
5.2289 	EXP 	instruct: autoDraw = True
5.6488 	EXP 	Created sequence: sequential, trialTypes=1, nReps=5, seed=None
5.6490 	EXP 	New trial (rep=0, index=0): None
5.6612 	EXP 	instruct: autoDraw = False
5.6612 	EXP 	regCue: autoDraw = True
8.6642 	EXP 	regCue: autoDraw = False
8.6642 	EXP 	regCue: autoDraw = False
8.6642 	EXP 	blank: text = ''
8.6642 	EXP 	choiceQ: autoDraw = True
8.6642 	EXP 	testChoice: autoDraw = True
8.6642 	EXP 	videogameChoice: autoDraw = True
8.6642 	EXP 	gre: autoDraw = True
8.6642 	EXP 	gmat: autoDraw = True
8.6642 	EXP 	lsat: autoDraw = True
8.6642 	EXP 	game: autoDraw = True
9.1951 	EXP 	testChoice: color = 'green (named)'
9.1951 	EXP 	blank: autoDraw = True
9.2114 	EXP 	testChoice: color = 'green (named)'
9.2283 	EXP 	testChoice: color = 'green (named)'
9.2449 	EXP 	testChoice: color = 'green (named)'
9.2614 	EXP 	testChoice: color = 'green (named)'
9.2782 	EXP 	testChoice: color = 'green (named)'
9.2949 	EXP 	testChoice: color = 'green (named)'
9.3114 	EXP 	testChoice: color = 'green (named)'
9.3282 	EXP 	testChoice: color = 'green (named)'
9.3449 	EXP 	testChoice: color = 'green (named)'
9.3615 	EXP 	testChoice: color = 'green (named)'
9.3782 	EXP 	testChoice: color = 'green (named)'
9.3950 	EXP 	testChoice: color = 'green (named)'
9.4114 	EXP 	testChoice: color = 'green (named)'
9.4282 	EXP 	testChoice: color = 'green (named)'
9.4450 	EXP 	testChoice: color = 'green (named)'
9.4615 	EXP 	testChoice: color = 'green (named)'
9.4782 	EXP 	testChoice: color = 'green (named)'
9.4950 	EXP 	testChoice: color = 'green (named)'
9.5114 	EXP 	testChoice: color = 'green (named)'
9.5284 	EXP 	testChoice: color = 'green (named)'
9.5448 	EXP 	testChoice: color = 'green (named)'
9.5611 	EXP 	testChoice: color = 'green (named)'
9.5786 	EXP 	testChoice: color = 'green (named)'
9.5949 	EXP 	testChoice: color = 'green (named)'
9.6114 	EXP 	testChoice: color = 'green (named)'
9.6283 	EXP 	testChoice: color = 'green (named)'
9.6450 	EXP 	testChoice: color = 'green (named)'
9.6615 	EXP 	testChoice: color = 'green (named)'
9.6783 	EXP 	testChoice: color = 'green (named)'
9.6950 	EXP 	testChoice: color = 'green (named)'
9.7113 	EXP 	testChoice: color = 'green (named)'
9.7281 	EXP 	testChoice: color = 'green (named)'
9.7449 	EXP 	testChoice: color = 'green (named)'
9.7614 	EXP 	testChoice: color = 'green (named)'
9.7783 	EXP 	testChoice: color = 'green (named)'
9.7951 	EXP 	testChoice: color = 'green (named)'
9.8114 	EXP 	testChoice: color = 'green (named)'
9.8282 	EXP 	testChoice: color = 'green (named)'
9.8450 	EXP 	testChoice: color = 'green (named)'
9.8614 	EXP 	testChoice: color = 'green (named)'
9.8783 	EXP 	testChoice: color = 'green (named)'
9.8949 	EXP 	testChoice: color = 'green (named)'
9.9117 	EXP 	testChoice: color = 'green (named)'
9.9284 	EXP 	testChoice: color = 'green (named)'
9.9445 	EXP 	testChoice: color = 'green (named)'
9.9617 	EXP 	testChoice: color = 'green (named)'
9.9785 	EXP 	testChoice: color = 'green (named)'
9.9953 	EXP 	testChoice: color = 'green (named)'
10.0120 	EXP 	testChoice: color = 'green (named)'
10.0284 	EXP 	testChoice: color = 'green (named)'
10.0446 	EXP 	testChoice: color = 'green (named)'
10.0612 	EXP 	testChoice: color = 'green (named)'
10.0780 	EXP 	testChoice: color = 'green (named)'
10.0946 	EXP 	testChoice: color = 'green (named)'
10.1113 	EXP 	testChoice: color = 'green (named)'
10.1282 	EXP 	testChoice: color = 'green (named)'
10.1448 	EXP 	testChoice: color = 'green (named)'
10.1613 	EXP 	testChoice: color = 'green (named)'
10.1781 	EXP 	testChoice: color = 'green (named)'
10.1947 	EXP 	testChoice: color = 'green (named)'
10.2111 	EXP 	testChoice: color = 'green (named)'
10.2281 	EXP 	testChoice: color = 'green (named)'
10.2446 	EXP 	testChoice: color = 'green (named)'
10.2614 	EXP 	testChoice: color = 'green (named)'
10.2782 	EXP 	testChoice: color = 'green (named)'
10.2947 	EXP 	testChoice: color = 'green (named)'
10.3112 	EXP 	testChoice: color = 'green (named)'
10.3280 	EXP 	testChoice: color = 'green (named)'
10.3447 	EXP 	testChoice: color = 'green (named)'
10.3613 	EXP 	testChoice: color = 'green (named)'
10.3780 	EXP 	testChoice: color = 'green (named)'
10.3948 	EXP 	testChoice: color = 'green (named)'
10.4113 	EXP 	testChoice: color = 'green (named)'
10.4281 	EXP 	testChoice: color = 'green (named)'
10.4447 	EXP 	testChoice: color = 'green (named)'
10.4614 	EXP 	testChoice: color = 'green (named)'
10.4782 	EXP 	testChoice: color = 'green (named)'
10.4948 	EXP 	testChoice: color = 'green (named)'
10.5111 	EXP 	testChoice: color = 'green (named)'
10.5281 	EXP 	testChoice: color = 'green (named)'
10.5448 	EXP 	testChoice: color = 'green (named)'
10.5614 	EXP 	testChoice: color = 'green (named)'
10.5782 	EXP 	testChoice: color = 'green (named)'
10.5946 	EXP 	testChoice: color = 'green (named)'
10.6113 	EXP 	testChoice: color = 'green (named)'
10.6283 	EXP 	testChoice: color = 'green (named)'
10.6447 	EXP 	testChoice: color = 'green (named)'
10.6612 	EXP 	testChoice: color = 'green (named)'
10.6782 	EXP 	testChoice: color = 'green (named)'
10.6946 	EXP 	testChoice: color = 'green (named)'
10.6946 	EXP 	blank: autoDraw = False
10.7184 	EXP 	Imported RowsExcel.xlsx as conditions, 5 conditions, 1 params
10.7187 	EXP 	Created sequence: random, trialTypes=5, nReps=1, seed=None
10.7189 	EXP 	New trial (rep=0, index=0): OrderedDict([('Rows', '005:0010')])
10.7266 	EXP 	choiceQ: autoDraw = False
10.7266 	EXP 	testChoice: autoDraw = False
10.7266 	EXP 	videogameChoice: autoDraw = False
10.7266 	EXP 	gre: autoDraw = False
10.7266 	EXP 	gmat: autoDraw = False
10.7266 	EXP 	lsat: autoDraw = False
10.7266 	EXP 	game: autoDraw = False
10.7266 	EXP 	testChoice: color = 'green (named)'
10.7266 	EXP 	choiceQ: autoDraw = False
10.7266 	EXP 	testChoice: autoDraw = False
10.7266 	EXP 	videogameChoice: autoDraw = False
10.7266 	EXP 	gre: autoDraw = False
10.7266 	EXP 	gmat: autoDraw = False
10.7266 	EXP 	lsat: autoDraw = False
10.7266 	EXP 	game: autoDraw = False
10.7266 	EXP 	blank: autoDraw = False
10.7266 	EXP 	videogameChoice: color = 'white (named)'
10.7266 	EXP 	testChoice: color = 'white (named)'
10.7266 	EXP 	choiceQ: autoDraw = False
10.7266 	EXP 	testChoice: autoDraw = False
10.7266 	EXP 	videogameChoice: autoDraw = False
10.7266 	EXP 	gre: autoDraw = False
10.7266 	EXP 	gmat: autoDraw = False
10.7266 	EXP 	lsat: autoDraw = False
10.7266 	EXP 	polygon: opacity = 1.0
10.7266 	EXP 	polygon: size = array([0.32, 0.13])
10.7266 	EXP 	polygon: ori = 0.0
10.7266 	EXP 	polygon: lineWidth = 8.0
10.7446 	EXP 	testQChoice: autoDraw = True
10.7446 	EXP 	image: autoDraw = True
10.7446 	EXP 	image_2: autoDraw = True
10.7446 	EXP 	image_3: autoDraw = True
12.1446 	EXP 	polygon: autoDraw = True
12.1615 	EXP 	polygon: autoDraw = True
12.1779 	EXP 	polygon: autoDraw = True
12.1947 	EXP 	polygon: autoDraw = True
12.2114 	EXP 	polygon: autoDraw = True
12.2275 	EXP 	polygon: autoDraw = True
12.2447 	EXP 	polygon: autoDraw = True
12.2614 	EXP 	polygon: autoDraw = True
12.2778 	EXP 	polygon: autoDraw = True
12.2946 	EXP 	polygon: autoDraw = True
12.3114 	EXP 	polygon: autoDraw = True
12.3280 	EXP 	polygon: autoDraw = True
12.3447 	EXP 	polygon: autoDraw = True
12.3613 	EXP 	polygon: autoDraw = True
12.3779 	EXP 	polygon: autoDraw = True
12.3947 	EXP 	polygon: autoDraw = True
12.4113 	EXP 	polygon: autoDraw = True
12.4280 	EXP 	polygon: autoDraw = True
12.4448 	EXP 	polygon: autoDraw = True
12.4614 	EXP 	polygon: autoDraw = True
12.4780 	EXP 	polygon: autoDraw = True
12.4947 	EXP 	polygon: autoDraw = True
12.5112 	EXP 	polygon: autoDraw = True
12.5280 	EXP 	polygon: autoDraw = True
12.5446 	EXP 	polygon: autoDraw = True
12.5614 	EXP 	polygon: autoDraw = True
12.5778 	EXP 	polygon: autoDraw = True
12.5947 	EXP 	polygon: autoDraw = True
12.6114 	EXP 	polygon: autoDraw = True
12.6280 	EXP 	polygon: autoDraw = True
12.6446 	EXP 	polygon: autoDraw = True
12.6614 	EXP 	polygon: autoDraw = True
12.6780 	EXP 	polygon: autoDraw = True
12.6947 	EXP 	polygon: autoDraw = True
12.7114 	EXP 	polygon: autoDraw = True
12.7279 	EXP 	polygon: autoDraw = True
12.7448 	EXP 	polygon: autoDraw = True
12.7614 	EXP 	polygon: autoDraw = True
12.7776 	EXP 	polygon: autoDraw = True
12.7947 	EXP 	polygon: autoDraw = True
12.8118 	EXP 	polygon: autoDraw = True
12.8285 	EXP 	polygon: autoDraw = True
12.8450 	EXP 	polygon: autoDraw = True
12.8619 	EXP 	polygon: autoDraw = True
12.8784 	EXP 	polygon: autoDraw = True
12.8949 	EXP 	polygon: autoDraw = True
12.9119 	EXP 	polygon: autoDraw = True
12.9285 	EXP 	polygon: autoDraw = True
12.9451 	EXP 	polygon: autoDraw = True
12.9616 	EXP 	polygon: autoDraw = True
12.9780 	EXP 	polygon: autoDraw = True
12.9951 	EXP 	polygon: autoDraw = True
13.0118 	EXP 	polygon: autoDraw = True
13.0281 	EXP 	polygon: autoDraw = True
13.0446 	EXP 	polygon: autoDraw = True
13.0609 	EXP 	polygon: autoDraw = True
13.0781 	EXP 	polygon: autoDraw = True
13.0948 	EXP 	polygon: autoDraw = True
13.1114 	EXP 	polygon: autoDraw = True
13.1280 	EXP 	polygon: autoDraw = True
13.1448 	EXP 	polygon: autoDraw = True
13.1613 	EXP 	polygon: autoDraw = True
13.1779 	EXP 	polygon: autoDraw = True
13.1947 	EXP 	polygon: autoDraw = True
13.2113 	EXP 	polygon: autoDraw = True
13.2280 	EXP 	polygon: autoDraw = True
13.2448 	EXP 	polygon: autoDraw = True
13.2614 	EXP 	polygon: autoDraw = True
13.2780 	EXP 	polygon: autoDraw = True
13.2946 	EXP 	polygon: autoDraw = True
13.3114 	EXP 	polygon: autoDraw = True
13.3280 	EXP 	polygon: autoDraw = True
13.3448 	EXP 	polygon: autoDraw = True
13.3614 	EXP 	polygon: autoDraw = True
13.3779 	EXP 	polygon: autoDraw = True
13.3947 	EXP 	polygon: autoDraw = True
13.4113 	EXP 	polygon: autoDraw = True
13.4280 	EXP 	polygon: autoDraw = True
13.4446 	EXP 	polygon: autoDraw = True
13.4612 	EXP 	polygon: autoDraw = True
13.4780 	EXP 	polygon: autoDraw = True
13.4947 	EXP 	polygon: autoDraw = True
13.5114 	EXP 	polygon: autoDraw = True
13.5280 	EXP 	polygon: autoDraw = True
13.5447 	EXP 	polygon: autoDraw = True
13.5614 	EXP 	polygon: autoDraw = True
13.5779 	EXP 	polygon: autoDraw = True
13.5947 	EXP 	polygon: autoDraw = True
13.6113 	EXP 	polygon: autoDraw = True
13.6280 	EXP 	polygon: autoDraw = True
13.6448 	EXP 	polygon: autoDraw = True
13.6614 	EXP 	polygon: autoDraw = True
13.6780 	EXP 	polygon: autoDraw = True
13.6946 	EXP 	polygon: autoDraw = True
13.7113 	EXP 	polygon: autoDraw = True
13.7280 	EXP 	polygon: autoDraw = True
13.7447 	EXP 	polygon: autoDraw = True
13.7614 	EXP 	polygon: autoDraw = True
13.7780 	EXP 	polygon: autoDraw = True
13.7947 	EXP 	polygon: autoDraw = True
13.8110 	EXP 	polygon: autoDraw = True
13.8283 	EXP 	polygon: autoDraw = True
13.8452 	EXP 	polygon: autoDraw = True
13.8617 	EXP 	polygon: autoDraw = True
13.8783 	EXP 	polygon: autoDraw = True
13.8946 	EXP 	polygon: autoDraw = True
13.9111 	EXP 	polygon: autoDraw = True
13.9280 	EXP 	polygon: autoDraw = True
13.9444 	EXP 	polygon: autoDraw = True
13.9619 	EXP 	polygon: autoDraw = True
13.9779 	EXP 	polygon: autoDraw = True
13.9946 	EXP 	polygon: autoDraw = True
14.0113 	EXP 	polygon: autoDraw = True
14.0280 	EXP 	polygon: autoDraw = True
14.0447 	EXP 	polygon: autoDraw = True
14.0614 	EXP 	polygon: autoDraw = True
14.0778 	EXP 	polygon: autoDraw = True
14.0946 	EXP 	polygon: autoDraw = True
14.1114 	EXP 	polygon: autoDraw = True
14.1280 	EXP 	polygon: autoDraw = True
14.1446 	EXP 	polygon: autoDraw = True
14.1613 	EXP 	polygon: autoDraw = True
14.1779 	EXP 	polygon: autoDraw = True
14.1947 	EXP 	polygon: autoDraw = True
14.2113 	EXP 	polygon: autoDraw = True
14.2280 	EXP 	polygon: autoDraw = True
14.2447 	EXP 	polygon: autoDraw = True
14.2614 	EXP 	polygon: autoDraw = True
14.2781 	EXP 	polygon: autoDraw = True
14.2948 	EXP 	polygon: autoDraw = True
14.3111 	EXP 	polygon: autoDraw = True
14.3280 	EXP 	polygon: autoDraw = True
14.3446 	EXP 	polygon: autoDraw = True
14.3614 	EXP 	polygon: autoDraw = True
14.3779 	EXP 	polygon: autoDraw = True
14.3947 	EXP 	polygon: autoDraw = True
14.4114 	EXP 	polygon: autoDraw = True
14.4280 	EXP 	polygon: autoDraw = True
14.4446 	EXP 	polygon: autoDraw = True
14.4613 	EXP 	polygon: autoDraw = True
14.4779 	EXP 	polygon: autoDraw = True
14.4948 	EXP 	polygon: autoDraw = True
14.5114 	EXP 	polygon: autoDraw = True
14.5279 	EXP 	polygon: autoDraw = True
14.5446 	EXP 	polygon: autoDraw = True
14.5614 	EXP 	polygon: autoDraw = True
14.5778 	EXP 	polygon: autoDraw = True
14.5946 	EXP 	polygon: autoDraw = True
14.6114 	EXP 	polygon: autoDraw = True
14.6279 	EXP 	polygon: autoDraw = True
14.6446 	EXP 	polygon: autoDraw = True
14.6612 	EXP 	polygon: autoDraw = True
14.6778 	EXP 	polygon: autoDraw = True
14.6947 	EXP 	polygon: autoDraw = True
14.7111 	EXP 	polygon: autoDraw = True
14.7280 	EXP 	polygon: autoDraw = True
14.7447 	EXP 	polygon: autoDraw = True
14.7614 	EXP 	polygon: autoDraw = True
14.7779 	EXP 	polygon: autoDraw = True
14.7946 	EXP 	polygon: autoDraw = True
14.8113 	EXP 	polygon: autoDraw = True
14.8276 	EXP 	polygon: autoDraw = True
14.8447 	EXP 	polygon: autoDraw = True
14.8618 	EXP 	polygon: autoDraw = True
14.8780 	EXP 	polygon: autoDraw = True
14.8950 	EXP 	polygon: autoDraw = True
14.9119 	EXP 	polygon: autoDraw = True
14.9283 	EXP 	polygon: autoDraw = True
14.9447 	EXP 	polygon: autoDraw = True
14.9615 	EXP 	polygon: autoDraw = True
14.9780 	EXP 	polygon: autoDraw = True
14.9947 	EXP 	polygon: autoDraw = True
15.0113 	EXP 	polygon: autoDraw = True
15.0279 	EXP 	polygon: autoDraw = True
15.0448 	EXP 	polygon: autoDraw = True
15.0613 	EXP 	polygon: autoDraw = True
15.0779 	EXP 	polygon: autoDraw = True
15.0946 	EXP 	polygon: autoDraw = True
15.1113 	EXP 	polygon: autoDraw = True
15.1279 	EXP 	polygon: autoDraw = True
15.1445 	EXP 	polygon: autoDraw = True
15.1614 	EXP 	polygon: autoDraw = True
15.1780 	EXP 	polygon: autoDraw = True
15.1947 	EXP 	polygon: autoDraw = True
15.2113 	EXP 	polygon: autoDraw = True
15.2280 	EXP 	polygon: autoDraw = True
15.2447 	EXP 	polygon: autoDraw = True
15.2613 	EXP 	polygon: autoDraw = True
15.2779 	EXP 	polygon: autoDraw = True
15.2947 	EXP 	polygon: autoDraw = True
15.3114 	EXP 	polygon: autoDraw = True
15.3280 	EXP 	polygon: autoDraw = True
15.3446 	EXP 	polygon: autoDraw = True
15.3614 	EXP 	polygon: autoDraw = True
15.3779 	EXP 	polygon: autoDraw = True
15.3947 	EXP 	polygon: autoDraw = True
15.4114 	EXP 	polygon: autoDraw = True
15.4279 	EXP 	polygon: autoDraw = True
15.4446 	EXP 	polygon: autoDraw = True
15.4616 	EXP 	polygon: autoDraw = True
15.4777 	EXP 	polygon: autoDraw = True
15.4947 	EXP 	polygon: autoDraw = True
15.5113 	EXP 	polygon: autoDraw = True
15.5280 	EXP 	polygon: autoDraw = True
15.5447 	EXP 	polygon: autoDraw = True
15.5614 	EXP 	polygon: autoDraw = True
15.5777 	EXP 	polygon: autoDraw = True
15.5946 	EXP 	polygon: autoDraw = True
15.6113 	EXP 	polygon: autoDraw = True
15.6279 	EXP 	polygon: autoDraw = True
15.6447 	EXP 	polygon: autoDraw = True
15.6614 	EXP 	polygon: autoDraw = True
15.6779 	EXP 	polygon: autoDraw = True
15.6947 	EXP 	polygon: autoDraw = True
15.7113 	EXP 	polygon: autoDraw = True
15.7280 	EXP 	polygon: autoDraw = True
15.7446 	EXP 	polygon: autoDraw = True
15.7614 	EXP 	polygon: autoDraw = True
15.7780 	EXP 	polygon: autoDraw = True
15.7947 	EXP 	polygon: autoDraw = True
15.8110 	EXP 	polygon: autoDraw = True
15.8277 	EXP 	polygon: autoDraw = True
15.8443 	EXP 	polygon: autoDraw = True
15.8612 	EXP 	polygon: autoDraw = True
15.8777 	EXP 	polygon: autoDraw = True
15.8950 	EXP 	polygon: autoDraw = True
15.9120 	EXP 	polygon: autoDraw = True
15.9278 	EXP 	polygon: autoDraw = True
15.9447 	EXP 	polygon: autoDraw = True
15.9614 	EXP 	polygon: autoDraw = True
15.9780 	EXP 	polygon: autoDraw = True
15.9948 	EXP 	polygon: autoDraw = True
16.0114 	EXP 	polygon: autoDraw = True
16.0280 	EXP 	polygon: autoDraw = True
16.0447 	EXP 	polygon: autoDraw = True
16.0613 	EXP 	polygon: autoDraw = True
16.0778 	EXP 	polygon: autoDraw = True
16.0946 	EXP 	polygon: autoDraw = True
16.1112 	EXP 	polygon: autoDraw = True
16.1279 	EXP 	polygon: autoDraw = True
16.1446 	EXP 	polygon: autoDraw = True
16.1614 	EXP 	polygon: autoDraw = True
16.1779 	EXP 	polygon: autoDraw = True
16.1948 	EXP 	polygon: autoDraw = True
16.2113 	EXP 	polygon: autoDraw = True
16.2279 	EXP 	polygon: autoDraw = True
16.2445 	EXP 	polygon: autoDraw = True
16.2611 	EXP 	polygon: autoDraw = True
16.2779 	EXP 	polygon: autoDraw = True
16.2946 	EXP 	polygon: autoDraw = True
16.3113 	EXP 	polygon: autoDraw = True
16.3280 	EXP 	polygon: autoDraw = True
16.3445 	EXP 	polygon: autoDraw = True
16.3614 	EXP 	polygon: autoDraw = True
16.3779 	EXP 	polygon: autoDraw = True
16.3946 	EXP 	polygon: autoDraw = True
16.4114 	EXP 	polygon: autoDraw = True
16.4279 	EXP 	polygon: autoDraw = True
16.4447 	EXP 	polygon: autoDraw = True
16.4613 	EXP 	polygon: autoDraw = True
16.4779 	EXP 	polygon: autoDraw = True
16.4948 	EXP 	polygon: autoDraw = True
16.5111 	EXP 	polygon: autoDraw = True
16.5280 	EXP 	polygon: autoDraw = True
16.5447 	EXP 	polygon: autoDraw = True
16.5613 	EXP 	polygon: autoDraw = True
16.5634 	WARNING 	Got keycode {} but that code isn't yet known
16.5635 	WARNING 	Keypress was given unknown key code (44)
16.6203 	EXP 	polygon: autoDraw = True
16.6425 	EXP 	polygon: autoDraw = True
16.6613 	EXP 	polygon: autoDraw = True
16.6777 	EXP 	polygon: autoDraw = True
16.6948 	EXP 	polygon: autoDraw = True
16.7113 	EXP 	polygon: autoDraw = True
16.7280 	EXP 	polygon: autoDraw = True
16.7446 	EXP 	polygon: autoDraw = True
16.7614 	EXP 	polygon: autoDraw = True
16.7777 	EXP 	polygon: autoDraw = True
16.7947 	EXP 	polygon: autoDraw = True
16.8112 	EXP 	polygon: autoDraw = True
16.8278 	EXP 	polygon: autoDraw = True
16.8449 	EXP 	polygon: autoDraw = True
16.8613 	EXP 	polygon: autoDraw = True
16.8778 	EXP 	polygon: autoDraw = True
16.8944 	EXP 	polygon: autoDraw = True
16.9116 	EXP 	polygon: autoDraw = True
16.9282 	EXP 	polygon: autoDraw = True
16.9449 	EXP 	polygon: autoDraw = True
16.9613 	EXP 	polygon: autoDraw = True
16.9779 	EXP 	polygon: autoDraw = True
16.9947 	EXP 	polygon: autoDraw = True
17.0113 	EXP 	polygon: autoDraw = True
17.0280 	EXP 	polygon: autoDraw = True
17.0446 	EXP 	polygon: autoDraw = True
17.0613 	EXP 	polygon: autoDraw = True
17.0778 	EXP 	polygon: autoDraw = True
17.0947 	EXP 	polygon: autoDraw = True
17.1114 	EXP 	polygon: autoDraw = True
17.1279 	EXP 	polygon: autoDraw = True
17.1447 	EXP 	polygon: autoDraw = True
17.1613 	EXP 	polygon: autoDraw = True
17.1779 	EXP 	polygon: autoDraw = True
17.1946 	EXP 	polygon: autoDraw = True
17.2113 	EXP 	polygon: autoDraw = True
17.2280 	EXP 	polygon: autoDraw = True
17.2447 	EXP 	polygon: autoDraw = True
17.2613 	EXP 	polygon: autoDraw = True
17.2780 	EXP 	polygon: autoDraw = True
17.2947 	EXP 	polygon: autoDraw = True
17.3112 	EXP 	polygon: autoDraw = True
17.3279 	EXP 	polygon: autoDraw = True
17.3445 	EXP 	polygon: autoDraw = True
17.3613 	EXP 	polygon: autoDraw = True
17.3778 	EXP 	polygon: autoDraw = True
17.3947 	EXP 	polygon: autoDraw = True
17.4112 	EXP 	polygon: autoDraw = True
17.4280 	EXP 	polygon: autoDraw = True
17.4447 	EXP 	polygon: autoDraw = True
17.4613 	EXP 	polygon: autoDraw = True
17.4779 	EXP 	polygon: autoDraw = True
17.4946 	EXP 	polygon: autoDraw = True
17.5113 	EXP 	polygon: autoDraw = True
17.5280 	EXP 	polygon: autoDraw = True
17.5294 	WARNING 	Got keycode {} but that code isn't yet known
17.5294 	WARNING 	Keypress was given unknown key code (44)
17.5694 	EXP 	polygon: autoDraw = True
17.5924 	EXP 	polygon: autoDraw = True
17.6118 	EXP 	polygon: autoDraw = True
17.6282 	EXP 	polygon: autoDraw = True
17.6444 	EXP 	polygon: autoDraw = True
17.6612 	EXP 	polygon: autoDraw = True
17.6780 	EXP 	polygon: autoDraw = True
17.6946 	EXP 	polygon: autoDraw = True
17.7112 	EXP 	polygon: autoDraw = True
17.7279 	EXP 	polygon: autoDraw = True
17.7446 	EXP 	polygon: autoDraw = True
17.7612 	EXP 	polygon: autoDraw = True
17.7780 	EXP 	polygon: autoDraw = True
17.7949 	EXP 	polygon: autoDraw = True
17.8115 	EXP 	polygon: autoDraw = True
17.8279 	EXP 	polygon: autoDraw = True
17.8446 	EXP 	polygon: autoDraw = True
17.8612 	EXP 	polygon: autoDraw = True
17.8779 	EXP 	polygon: autoDraw = True
17.8945 	EXP 	polygon: autoDraw = True
17.9109 	EXP 	polygon: autoDraw = True
17.9279 	EXP 	polygon: autoDraw = True
17.9452 	EXP 	polygon: autoDraw = True
17.9613 	EXP 	polygon: autoDraw = True
17.9780 	EXP 	polygon: autoDraw = True
17.9947 	EXP 	polygon: autoDraw = True
18.0111 	EXP 	polygon: autoDraw = True
18.0281 	EXP 	polygon: autoDraw = True
18.0445 	EXP 	polygon: autoDraw = True
18.0612 	EXP 	polygon: autoDraw = True
18.0781 	EXP 	polygon: autoDraw = True
18.0947 	EXP 	polygon: autoDraw = True
18.1111 	EXP 	polygon: autoDraw = True
18.1279 	EXP 	polygon: autoDraw = True
18.1448 	EXP 	polygon: autoDraw = True
18.1612 	EXP 	polygon: autoDraw = True
18.1780 	EXP 	polygon: autoDraw = True
18.1946 	EXP 	polygon: autoDraw = True
18.2111 	EXP 	polygon: autoDraw = True
18.2280 	EXP 	polygon: autoDraw = True
18.2446 	EXP 	polygon: autoDraw = True
18.2612 	EXP 	polygon: autoDraw = True
18.2781 	EXP 	polygon: autoDraw = True
18.2947 	EXP 	polygon: autoDraw = True
18.3110 	EXP 	polygon: autoDraw = True
18.3280 	EXP 	polygon: autoDraw = True
18.3446 	EXP 	polygon: autoDraw = True
18.3612 	EXP 	polygon: autoDraw = True
18.3780 	EXP 	polygon: autoDraw = True
18.3946 	EXP 	polygon: autoDraw = True
18.4111 	EXP 	polygon: autoDraw = True
18.4280 	EXP 	polygon: autoDraw = True
18.4445 	EXP 	polygon: autoDraw = True
18.4611 	EXP 	polygon: autoDraw = True
18.4780 	EXP 	polygon: autoDraw = True
18.4802 	WARNING 	Got keycode {} but that code isn't yet known
18.4802 	WARNING 	Keypress was given unknown key code (44)
18.5210 	EXP 	polygon: autoDraw = True
18.5423 	EXP 	polygon: autoDraw = True
18.5618 	EXP 	polygon: autoDraw = True
18.5778 	EXP 	polygon: autoDraw = True
18.5947 	EXP 	polygon: autoDraw = True
18.6112 	EXP 	polygon: autoDraw = True
18.6280 	EXP 	polygon: autoDraw = True
18.6444 	EXP 	polygon: autoDraw = True
18.6612 	EXP 	polygon: autoDraw = True
18.6779 	EXP 	polygon: autoDraw = True
18.6945 	EXP 	polygon: autoDraw = True
18.7112 	EXP 	polygon: autoDraw = True
18.7284 	EXP 	polygon: autoDraw = True
18.7445 	EXP 	polygon: autoDraw = True
18.7613 	EXP 	polygon: autoDraw = True
18.7780 	EXP 	polygon: autoDraw = True
18.7944 	EXP 	polygon: autoDraw = True
18.8112 	EXP 	polygon: autoDraw = True
18.8280 	EXP 	polygon: autoDraw = True
18.8447 	EXP 	polygon: autoDraw = True
18.8615 	EXP 	polygon: autoDraw = True
18.8784 	EXP 	polygon: autoDraw = True
18.8944 	EXP 	polygon: autoDraw = True
18.9112 	EXP 	polygon: autoDraw = True
18.9278 	EXP 	polygon: autoDraw = True
18.9446 	EXP 	polygon: autoDraw = True
18.9613 	EXP 	polygon: autoDraw = True
18.9780 	EXP 	polygon: autoDraw = True
18.9945 	EXP 	polygon: autoDraw = True
19.0113 	EXP 	polygon: autoDraw = True
19.0280 	EXP 	polygon: autoDraw = True
19.0445 	EXP 	polygon: autoDraw = True
19.0613 	EXP 	polygon: autoDraw = True
19.0779 	EXP 	polygon: autoDraw = True
19.0946 	EXP 	polygon: autoDraw = True
19.1113 	EXP 	polygon: autoDraw = True
19.1280 	EXP 	polygon: autoDraw = True
19.1446 	EXP 	polygon: autoDraw = True
19.1613 	EXP 	polygon: autoDraw = True
19.1780 	EXP 	polygon: autoDraw = True
19.1945 	EXP 	polygon: autoDraw = True
19.2112 	EXP 	polygon: autoDraw = True
19.2280 	EXP 	polygon: autoDraw = True
19.2447 	EXP 	polygon: autoDraw = True
19.2688 	EXP 	window1: mouseVisible = True
