4.2390 	WARNING 	User requested fullscreen with size [1024  768], but screen is actually [1920, 1200]. Using actual size
5.0010 	EXP 	Created window1 = Window(allowGUI=False, allowStencil=False, args=UNKNOWN, autoLog=True, bitsMode=UNKNOWN, blendMode='avg', color=array([0., 0., 0.]), colorSpace='rgb', fullscr=<method-wrapper '__getattribute__' of attributeSetter object at 0x000002029F16BE10>, gamma=None, gammaErrorPolicy='raise', kwargs=UNKNOWN, lms=UNKNOWN, monitor=<psychopy.monitors.calibTools.Monitor object at 0x000002029F023B00>, multiSample=False, name='window1', numSamples=2, pos=[0.0, 0.0], screen=0, size=array([1920, 1200]), stereo=False, units='height', useFBO=True, useRetina=False, viewOri=0.0, viewPos=None, viewScale=None, waitBlanking=True, winType='pyglet')
5.0010 	EXP 	window1: recordFrameIntervals = False
5.1676 	EXP 	window1: recordFrameIntervals = True
5.3510 	EXP 	window1: recordFrameIntervals = False
5.5513 	EXP 	Created instruct = TextStim(__class__=<class 'psychopy.visual.text.TextStim'>, alignHoriz='center', alignVert='center', antialias=True, autoLog=True, bold=False, color='white', colorSpace='named', contrast=1.0, depth=0.0, flipHoriz=False, flipVert=False, font='Arial', fontFiles=[], height=0.05, italic=False, languageStyle='LTR', name='instruct', opacity=1.0, ori=0, pos=array([0., 0.]), rgb=array([255., 255., 255.]), text=str(...), units='height', win=Window(...), wrapWidth=1.4)
5.5693 	EXP 	Created regCue = TextStim(__class__=<class 'psychopy.visual.text.TextStim'>, alignHoriz='center', alignVert='center', antialias=True, autoLog=True, bold=False, color='white', colorSpace='named', contrast=1.0, depth=0.0, flipHoriz=False, flipVert=False, font='Arial', fontFiles=[], height=0.1, italic=False, languageStyle='LTR', name='regCue', opacity=1.0, ori=0, pos=array([0., 0.]), rgb=array([255., 255., 255.]), text='REGULATE', units='height', win=Window(...), wrapWidth=1)
5.5856 	EXP 	Created choiceQ = TextStim(__class__=<class 'psychopy.visual.text.TextStim'>, alignHoriz='center', alignVert='center', antialias=True, autoLog=True, bold=False, color='white', colorSpace='named', contrast=1.0, depth=0.0, flipHoriz=False, flipVert=False, font='Arial', fontFiles=[], height=0.05, italic=False, languageStyle='LTR', name='choiceQ', opacity=1.0, ori=0, pos=array([0.  , 0.35]), rgb=array([255., 255., 255.]), text=str(...), units='height', win=Window(...), wrapWidth=1.4)
5.6003 	EXP 	Created testChoice = TextStim(__class__=<class 'psychopy.visual.text.TextStim'>, alignHoriz='center', alignVert='center', antialias=True, autoLog=True, bold=False, color='white', colorSpace='named', contrast=1.0, depth=-2.0, flipHoriz=False, flipVert=False, font='Arial', fontFiles=[], height=0.04, italic=False, languageStyle='LTR', name='testChoice', opacity=1.0, ori=0, pos=array([-0.41,  0.15]), rgb=array([255., 255., 255.]), text='Practice Standardized Test Questions', units='height', win=Window(...), wrapWidth=1)
5.6060 	EXP 	Created videogameChoice = TextStim(__class__=<class 'psychopy.visual.text.TextStim'>, alignHoriz='center', alignVert='center', antialias=True, autoLog=True, bold=False, color='white', colorSpace='named', contrast=1.0, depth=-3.0, flipHoriz=False, flipVert=False, font='Arial', fontFiles=[], height=0.04, italic=False, languageStyle='LTR', name='videogameChoice', opacity=1.0, ori=0, pos=array([0.41, 0.15]), rgb=array([255., 255., 255.]), text='Play a Videogame', units='height', win=Window(...), wrapWidth=1)
5.6105 	EXP 	Created gre = ImageStim(__class__=<class 'psychopy.visual.image.ImageStim'>, autoLog=True, color=array([1., 1., 1.]), colorSpace='rgb', contrast=1.0, depth=-4.0, flipHoriz=False, flipVert=False, image='gre.png', interpolate=True, mask=None, maskParams=None, name='gre', opacity=1.0, ori=0.0, pos=array([-0.41,  0.02]), size=array([0.3  , 0.105]), texRes=128, units='height', win=Window(...))
5.6129 	EXP 	Created gmat = ImageStim(__class__=<class 'psychopy.visual.image.ImageStim'>, autoLog=True, color=array([1., 1., 1.]), colorSpace='rgb', contrast=1.0, depth=-5.0, flipHoriz=False, flipVert=False, image='gmat.png', interpolate=True, mask=None, maskParams=None, name='gmat', opacity=1.0, ori=0.0, pos=array([-0.41, -0.13]), size=array([0.3 , 0.11]), texRes=128, units='height', win=Window(...))
5.6145 	EXP 	Created lsat = ImageStim(__class__=<class 'psychopy.visual.image.ImageStim'>, autoLog=True, color=array([1., 1., 1.]), colorSpace='rgb', contrast=1.0, depth=-6.0, flipHoriz=False, flipVert=False, image='lsat.png', interpolate=True, mask=None, maskParams=None, name='lsat', opacity=1.0, ori=0.0, pos=array([-0.41, -0.27]), size=array([0.3 , 0.11]), texRes=128, units='height', win=Window(...))
5.6177 	EXP 	Created mcat = ImageStim(__class__=<class 'psychopy.visual.image.ImageStim'>, autoLog=True, color=array([1., 1., 1.]), colorSpace='rgb', contrast=1.0, depth=-7.0, flipHoriz=False, flipVert=False, image='mcat.png', interpolate=True, mask=None, maskParams=None, name='mcat', opacity=1.0, ori=0.0, pos=array([-0.41, -0.41]), size=array([0.3 , 0.11]), texRes=128, units='height', win=Window(...))
5.6288 	EXP 	Created game = ImageStim(__class__=<class 'psychopy.visual.image.ImageStim'>, autoLog=True, color=array([1., 1., 1.]), colorSpace='rgb', contrast=1.0, depth=-8.0, flipHoriz=False, flipVert=False, image='game.png', interpolate=True, mask=None, maskParams=None, name='game', opacity=1.0, ori=0.0, pos=array([ 0.41, -0.19]), size=array([0.4, 0.5]), texRes=128, units='height', win=Window(...))
5.6293 	EXP 	Created blank = TextStim(__class__=<class 'psychopy.visual.text.TextStim'>, alignHoriz='center', alignVert='center', antialias=True, autoLog=True, bold=False, color='white', colorSpace='named', contrast=1.0, depth=-9.0, flipHoriz=False, flipVert=False, font='Arial', fontFiles=[], height=0.1, italic=False, languageStyle='LTR', name='blank', opacity=1.0, ori=0, pos=array([0., 0.]), rgb=array([255., 255., 255.]), text='', units='height', win=Window(...), wrapWidth=1)
5.6590 	EXP 	Created testQChoice = TextStim(__class__=<class 'psychopy.visual.text.TextStim'>, alignHoriz='center', alignVert='center', antialias=True, autoLog=True, bold=False, color='white', colorSpace='named', contrast=1.0, depth=0.0, flipHoriz=False, flipVert=False, font='Arial', fontFiles=[], height=0.055, italic=False, languageStyle='LTR', name='testQChoice', opacity=1.0, ori=0, pos=array([0., 0.]), rgb=array([255., 255., 255.]), text=str(...), units='height', win=Window(...), wrapWidth=1.3)
5.6622 	EXP 	Created image = ImageStim(__class__=<class 'psychopy.visual.image.ImageStim'>, autoLog=True, color=array([1., 1., 1.]), colorSpace='rgb', contrast=1.0, depth=-1.0, flipHoriz=False, flipVert=False, image='gre.png', interpolate=True, mask=None, maskParams=None, name='image', opacity=1.0, ori=0.0, pos=array([0.  , 0.25]), size=array([0.5, 0.5]), texRes=128, units='height', win=Window(...))
5.6646 	EXP 	Created image_2 = ImageStim(__class__=<class 'psychopy.visual.image.ImageStim'>, autoLog=True, color=array([1., 1., 1.]), colorSpace='rgb', contrast=1.0, depth=-2.0, flipHoriz=False, flipVert=False, image='gmat.png', interpolate=True, mask=None, maskParams=None, name='image_2', opacity=1.0, ori=0.0, pos=array([0. , 0.1]), size=array([0.5, 0.5]), texRes=128, units='height', win=Window(...))
5.6665 	EXP 	Created image_3 = ImageStim(__class__=<class 'psychopy.visual.image.ImageStim'>, autoLog=True, color=array([1., 1., 1.]), colorSpace='rgb', contrast=1.0, depth=-3.0, flipHoriz=False, flipVert=False, image='lsat.png', interpolate=True, mask=None, maskParams=None, name='image_3', opacity=1.0, ori=0.0, pos=array([ 0.  , -0.05]), size=array([0.5, 0.5]), texRes=128, units='height', win=Window(...))
5.6693 	EXP 	Created image_4 = ImageStim(__class__=<class 'psychopy.visual.image.ImageStim'>, autoLog=True, color=array([1., 1., 1.]), colorSpace='rgb', contrast=1.0, depth=-4.0, flipHoriz=False, flipVert=False, image='mcat.png', interpolate=True, mask=None, maskParams=None, name='image_4', opacity=1.0, ori=0.0, pos=array([ 0. , -0.2]), size=array([0.5, 0.5]), texRes=128, units='height', win=Window(...))
5.6992 	EXP 	instruct: autoDraw = True
7.0773 	DATA 	Keypress: space
7.0858 	EXP 	instruct: autoDraw = False
7.0858 	EXP 	regCue: autoDraw = True
10.1047 	EXP 	regCue: autoDraw = False
10.1047 	EXP 	regCue: autoDraw = False
10.1047 	EXP 	choiceQ: autoDraw = True
10.1047 	EXP 	testChoice: autoDraw = True
10.1047 	EXP 	videogameChoice: autoDraw = True
10.1047 	EXP 	gre: autoDraw = True
10.1047 	EXP 	gmat: autoDraw = True
10.1047 	EXP 	lsat: autoDraw = True
10.1047 	EXP 	mcat: autoDraw = True
10.1047 	EXP 	game: autoDraw = True
11.5110 	DATA 	Keypress: 1
11.5393 	EXP 	blank: autoDraw = True
11.5393 	EXP 	testChoice: color = 'green (named)'
11.5560 	EXP 	testChoice: color = 'green (named)'
11.5728 	EXP 	testChoice: color = 'green (named)'
11.5895 	EXP 	testChoice: color = 'green (named)'
11.6061 	EXP 	testChoice: color = 'green (named)'
11.6227 	EXP 	testChoice: color = 'green (named)'
11.6394 	EXP 	testChoice: color = 'green (named)'
11.6561 	EXP 	testChoice: color = 'green (named)'
11.6729 	EXP 	testChoice: color = 'green (named)'
11.6896 	EXP 	testChoice: color = 'green (named)'
11.7063 	EXP 	testChoice: color = 'green (named)'
11.7228 	EXP 	testChoice: color = 'green (named)'
11.7396 	EXP 	testChoice: color = 'green (named)'
11.7562 	EXP 	testChoice: color = 'green (named)'
11.7729 	EXP 	testChoice: color = 'green (named)'
11.7896 	EXP 	testChoice: color = 'green (named)'
11.8065 	EXP 	testChoice: color = 'green (named)'
11.8228 	EXP 	testChoice: color = 'green (named)'
11.8396 	EXP 	testChoice: color = 'green (named)'
11.8563 	EXP 	testChoice: color = 'green (named)'
11.8729 	EXP 	testChoice: color = 'green (named)'
11.8897 	EXP 	testChoice: color = 'green (named)'
11.9063 	EXP 	testChoice: color = 'green (named)'
11.9233 	EXP 	testChoice: color = 'green (named)'
11.9398 	EXP 	testChoice: color = 'green (named)'
11.9563 	EXP 	testChoice: color = 'green (named)'
11.9730 	EXP 	testChoice: color = 'green (named)'
11.9898 	EXP 	testChoice: color = 'green (named)'
12.0065 	EXP 	testChoice: color = 'green (named)'
12.0230 	EXP 	testChoice: color = 'green (named)'
12.0397 	EXP 	testChoice: color = 'green (named)'
12.0566 	EXP 	testChoice: color = 'green (named)'
12.0731 	EXP 	testChoice: color = 'green (named)'
12.0898 	EXP 	testChoice: color = 'green (named)'
12.1065 	EXP 	testChoice: color = 'green (named)'
12.1232 	EXP 	testChoice: color = 'green (named)'
12.1399 	EXP 	testChoice: color = 'green (named)'
12.1566 	EXP 	testChoice: color = 'green (named)'
12.1733 	EXP 	testChoice: color = 'green (named)'
12.1898 	EXP 	testChoice: color = 'green (named)'
12.2067 	EXP 	testChoice: color = 'green (named)'
12.2233 	EXP 	testChoice: color = 'green (named)'
12.2399 	EXP 	testChoice: color = 'green (named)'
12.2567 	EXP 	testChoice: color = 'green (named)'
12.2733 	EXP 	testChoice: color = 'green (named)'
12.2899 	EXP 	testChoice: color = 'green (named)'
12.3067 	EXP 	testChoice: color = 'green (named)'
12.3233 	EXP 	testChoice: color = 'green (named)'
12.3400 	EXP 	testChoice: color = 'green (named)'
12.3568 	EXP 	testChoice: color = 'green (named)'
12.3735 	EXP 	testChoice: color = 'green (named)'
12.3901 	EXP 	testChoice: color = 'green (named)'
12.4068 	EXP 	testChoice: color = 'green (named)'
12.4234 	EXP 	testChoice: color = 'green (named)'
12.4404 	EXP 	testChoice: color = 'green (named)'
12.4569 	EXP 	testChoice: color = 'green (named)'
12.4736 	EXP 	testChoice: color = 'green (named)'
12.4901 	EXP 	testChoice: color = 'green (named)'
12.5069 	EXP 	testChoice: color = 'green (named)'
12.5235 	EXP 	testChoice: color = 'green (named)'
12.5402 	EXP 	testChoice: color = 'green (named)'
12.5569 	EXP 	testChoice: color = 'green (named)'
12.5736 	EXP 	testChoice: color = 'green (named)'
12.5905 	EXP 	testChoice: color = 'green (named)'
12.6070 	EXP 	testChoice: color = 'green (named)'
12.6238 	EXP 	testChoice: color = 'green (named)'
12.6403 	EXP 	testChoice: color = 'green (named)'
12.6571 	EXP 	testChoice: color = 'green (named)'
12.6737 	EXP 	testChoice: color = 'green (named)'
12.6903 	EXP 	testChoice: color = 'green (named)'
12.7070 	EXP 	testChoice: color = 'green (named)'
12.7236 	EXP 	testChoice: color = 'green (named)'
12.7404 	EXP 	testChoice: color = 'green (named)'
12.7571 	EXP 	testChoice: color = 'green (named)'
12.7738 	EXP 	testChoice: color = 'green (named)'
12.7903 	EXP 	testChoice: color = 'green (named)'
12.8072 	EXP 	testChoice: color = 'green (named)'
12.8238 	EXP 	testChoice: color = 'green (named)'
12.8405 	EXP 	testChoice: color = 'green (named)'
12.8571 	EXP 	testChoice: color = 'green (named)'
12.8739 	EXP 	testChoice: color = 'green (named)'
12.8905 	EXP 	testChoice: color = 'green (named)'
12.9072 	EXP 	testChoice: color = 'green (named)'
12.9239 	EXP 	testChoice: color = 'green (named)'
12.9406 	EXP 	testChoice: color = 'green (named)'
12.9572 	EXP 	testChoice: color = 'green (named)'
12.9740 	EXP 	testChoice: color = 'green (named)'
12.9906 	EXP 	testChoice: color = 'green (named)'
13.0073 	EXP 	testChoice: color = 'green (named)'
13.0240 	EXP 	testChoice: color = 'green (named)'
13.0407 	EXP 	blank: autoDraw = False
13.0407 	EXP 	testChoice: color = 'green (named)'
13.0573 	EXP 	choiceQ: autoDraw = False
13.0573 	EXP 	testChoice: autoDraw = False
13.0573 	EXP 	videogameChoice: autoDraw = False
13.0573 	EXP 	gre: autoDraw = False
13.0573 	EXP 	gmat: autoDraw = False
13.0573 	EXP 	lsat: autoDraw = False
13.0573 	EXP 	mcat: autoDraw = False
13.0573 	EXP 	game: autoDraw = False
13.0573 	EXP 	testChoice: color = 'green (named)'
13.0573 	EXP 	choiceQ: autoDraw = False
13.0573 	EXP 	testChoice: autoDraw = False
13.0573 	EXP 	videogameChoice: autoDraw = False
13.0573 	EXP 	gre: autoDraw = False
13.0573 	EXP 	gmat: autoDraw = False
13.0573 	EXP 	lsat: autoDraw = False
13.0573 	EXP 	mcat: autoDraw = False
13.0573 	EXP 	game: autoDraw = False
13.0573 	EXP 	blank: autoDraw = False
13.0573 	EXP 	videogameChoice: color = 'white (named)'
13.0573 	EXP 	testChoice: color = 'white (named)'
13.0573 	EXP 	choiceQ: autoDraw = False
13.0573 	EXP 	testChoice: autoDraw = False
13.0573 	EXP 	videogameChoice: autoDraw = False
13.0573 	EXP 	gre: autoDraw = False
13.0573 	EXP 	gmat: autoDraw = False
13.0573 	EXP 	lsat: autoDraw = False
13.0573 	EXP 	mcat: autoDraw = False
13.0573 	EXP 	testQChoice: autoDraw = True
13.0573 	EXP 	image: autoDraw = True
13.0573 	EXP 	image_2: autoDraw = True
13.0573 	EXP 	image_3: autoDraw = True
13.0573 	EXP 	image_4: autoDraw = True
14.0585 	EXP 	image: autoDraw = False
14.0585 	EXP 	image_2: autoDraw = False
14.0585 	EXP 	image_3: autoDraw = False
14.0585 	EXP 	image_4: autoDraw = False
16.9821 	DATA 	Keypress: escape
17.0693 	EXP 	window1: mouseVisible = True
