5.7812 	WARNING 	User requested fullscreen with size [1024  768], but screen is actually [1920, 1200]. Using actual size
7.0846 	EXP 	Created window1 = Window(allowGUI=False, allowStencil=False, args=UNKNOWN, autoLog=True, bitsMode=UNKNOWN, blendMode='avg', color=array([0., 0., 0.]), colorSpace='rgb', fullscr=<method-wrapper '__getattribute__' of attributeSetter object at 0x00000277104E3C18>, gamma=None, gammaErrorPolicy='raise', kwargs=UNKNOWN, lms=UNKNOWN, monitor=<psychopy.monitors.calibTools.Monitor object at 0x000002771028F908>, multiSample=False, name='window1', numSamples=2, pos=[0.0, 0.0], screen=0, size=array([1920, 1200]), stereo=False, units='height', useFBO=True, useRetina=False, viewOri=0.0, viewPos=None, viewScale=None, waitBlanking=True, winType='pyglet')
7.0847 	EXP 	window1: recordFrameIntervals = False
7.2511 	EXP 	window1: recordFrameIntervals = True
7.4346 	EXP 	window1: recordFrameIntervals = False
7.6458 	EXP 	Created instruct = TextStim(__class__=<class 'psychopy.visual.text.TextStim'>, alignHoriz='center', alignVert='center', antialias=True, autoLog=True, bold=False, color='white', colorSpace='named', contrast=1.0, depth=0.0, flipHoriz=False, flipVert=False, font='Arial', fontFiles=[], height=0.05, italic=False, languageStyle='LTR', name='instruct', opacity=1.0, ori=0, pos=array([0., 0.]), rgb=array([255., 255., 255.]), text=str(...), units='height', win=Window(...), wrapWidth=1.4)
7.6646 	EXP 	Created regCue = TextStim(__class__=<class 'psychopy.visual.text.TextStim'>, alignHoriz='center', alignVert='center', antialias=True, autoLog=True, bold=False, color='white', colorSpace='named', contrast=1.0, depth=0.0, flipHoriz=False, flipVert=False, font='Arial', fontFiles=[], height=0.1, italic=False, languageStyle='LTR', name='regCue', opacity=1.0, ori=0, pos=array([0., 0.]), rgb=array([255., 255., 255.]), text='REGULATE', units='height', win=Window(...), wrapWidth=1)
7.6817 	EXP 	Created choiceQ = TextStim(__class__=<class 'psychopy.visual.text.TextStim'>, alignHoriz='center', alignVert='center', antialias=True, autoLog=True, bold=False, color='white', colorSpace='named', contrast=1.0, depth=0.0, flipHoriz=False, flipVert=False, font='Arial', fontFiles=[], height=0.05, italic=False, languageStyle='LTR', name='choiceQ', opacity=1.0, ori=0, pos=array([0.  , 0.35]), rgb=array([255., 255., 255.]), text=str(...), units='height', win=Window(...), wrapWidth=1.4)
7.6973 	EXP 	Created testChoice = TextStim(__class__=<class 'psychopy.visual.text.TextStim'>, alignHoriz='center', alignVert='center', antialias=True, autoLog=True, bold=False, color='white', colorSpace='named', contrast=1.0, depth=-2.0, flipHoriz=False, flipVert=False, font='Arial', fontFiles=[], height=0.04, italic=False, languageStyle='LTR', name='testChoice', opacity=1.0, ori=0, pos=array([-0.41,  0.15]), rgb=array([255., 255., 255.]), text='Practice Standardized Test Questions', units='height', win=Window(...), wrapWidth=1)
7.7031 	EXP 	Created videogameChoice = TextStim(__class__=<class 'psychopy.visual.text.TextStim'>, alignHoriz='center', alignVert='center', antialias=True, autoLog=True, bold=False, color='white', colorSpace='named', contrast=1.0, depth=-3.0, flipHoriz=False, flipVert=False, font='Arial', fontFiles=[], height=0.04, italic=False, languageStyle='LTR', name='videogameChoice', opacity=1.0, ori=0, pos=array([0.41, 0.15]), rgb=array([255., 255., 255.]), text='Play a Videogame', units='height', win=Window(...), wrapWidth=1)
7.7137 	EXP 	Created gre = ImageStim(__class__=<class 'psychopy.visual.image.ImageStim'>, autoLog=True, color=array([1., 1., 1.]), colorSpace='rgb', contrast=1.0, depth=-4.0, flipHoriz=False, flipVert=False, image='gre.png', interpolate=True, mask=None, maskParams=None, name='gre', opacity=1.0, ori=0.0, pos=array([-0.41,  0.02]), size=array([0.3  , 0.105]), texRes=128, units='height', win=Window(...))
7.7211 	EXP 	Created gmat = ImageStim(__class__=<class 'psychopy.visual.image.ImageStim'>, autoLog=True, color=array([1., 1., 1.]), colorSpace='rgb', contrast=1.0, depth=-5.0, flipHoriz=False, flipVert=False, image='gmat.png', interpolate=True, mask=None, maskParams=None, name='gmat', opacity=1.0, ori=0.0, pos=array([-0.41, -0.13]), size=array([0.3 , 0.11]), texRes=128, units='height', win=Window(...))
7.7228 	EXP 	Created lsat = ImageStim(__class__=<class 'psychopy.visual.image.ImageStim'>, autoLog=True, color=array([1., 1., 1.]), colorSpace='rgb', contrast=1.0, depth=-6.0, flipHoriz=False, flipVert=False, image='lsat.png', interpolate=True, mask=None, maskParams=None, name='lsat', opacity=1.0, ori=0.0, pos=array([-0.41, -0.27]), size=array([0.3 , 0.11]), texRes=128, units='height', win=Window(...))
7.7581 	EXP 	Created game = ImageStim(__class__=<class 'psychopy.visual.image.ImageStim'>, autoLog=True, color=array([1., 1., 1.]), colorSpace='rgb', contrast=1.0, depth=-7.0, flipHoriz=False, flipVert=False, image='game.png', interpolate=True, mask=None, maskParams=None, name='game', opacity=1.0, ori=0.0, pos=array([ 0.41, -0.19]), size=array([0.4, 0.5]), texRes=128, units='height', win=Window(...))
7.7586 	EXP 	Created blank = TextStim(__class__=<class 'psychopy.visual.text.TextStim'>, alignHoriz='center', alignVert='center', antialias=True, autoLog=True, bold=False, color='white', colorSpace='named', contrast=1.0, depth=-9.0, flipHoriz=False, flipVert=False, font='Arial', fontFiles=[], height=0.1, italic=False, languageStyle='LTR', name='blank', opacity=1.0, ori=0, pos=array([0., 0.]), rgb=array([255., 255., 255.]), text='', units='height', win=Window(...), wrapWidth=1)
7.7937 	EXP 	Created testQChoice = TextStim(__class__=<class 'psychopy.visual.text.TextStim'>, alignHoriz='center', alignVert='center', antialias=True, autoLog=True, bold=False, color='white', colorSpace='named', contrast=1.0, depth=0.0, flipHoriz=False, flipVert=False, font='Arial', fontFiles=[], height=0.055, italic=False, languageStyle='LTR', name='testQChoice', opacity=1.0, ori=0, pos=array([0.  , 0.35]), rgb=array([255., 255., 255.]), text=str(...), units='height', win=Window(...), wrapWidth=1.3)
7.8029 	EXP 	Created image = ImageStim(__class__=<class 'psychopy.visual.image.ImageStim'>, autoLog=True, color=array([1., 1., 1.]), colorSpace='rgb', contrast=1.0, depth=-1.0, flipHoriz=False, flipVert=False, image='gre.png', interpolate=True, mask=None, maskParams=None, name='image', opacity=1.0, ori=0.0, pos=array([0.   , 0.105]), size=array([0.3 , 0.11]), texRes=128, units='height', win=Window(...))
7.8083 	EXP 	Created image_2 = ImageStim(__class__=<class 'psychopy.visual.image.ImageStim'>, autoLog=True, color=array([1., 1., 1.]), colorSpace='rgb', contrast=1.0, depth=-2.0, flipHoriz=False, flipVert=False, image='gmat.png', interpolate=True, mask=None, maskParams=None, name='image_2', opacity=1.0, ori=0.0, pos=array([ 0.  , -0.05]), size=array([0.3 , 0.11]), texRes=128, units='height', win=Window(...))
7.8100 	EXP 	Created image_3 = ImageStim(__class__=<class 'psychopy.visual.image.ImageStim'>, autoLog=True, color=array([1., 1., 1.]), colorSpace='rgb', contrast=1.0, depth=-3.0, flipHoriz=False, flipVert=False, image='lsat.png', interpolate=True, mask=None, maskParams=None, name='image_3', opacity=1.0, ori=0.0, pos=array([ 0. , -0.2]), size=array([0.3 , 0.11]), texRes=128, units='height', win=Window(...))
7.8120 	EXP 	Created polygon = Rect(__class__=<class 'psychopy.visual.rect.Rect'>, autoDraw=False, autoLog=True, closeShape=True, color=method-wrapper(...), colorSpace=None, contrast=1.0, depth=-5.0, fillColor=None, fillColorSpace='rgb', fillRGB=None, interpolate=True, lineColor=array([-1., -1., -1.]), lineColorSpace='rgb', lineRGB=array([-1., -1., -1.]), lineWidth=1.0, name='polygon', opacity=1.0, ori=array(1.), pos=array([0., 0.]), size=array([1., 1.]), units='height', vertices=ndarray(...), win=Window(...))
7.8247 	EXP 	Created TextQuestion = TextStim(__class__=<class 'psychopy.visual.text.TextStim'>, alignHoriz='center', alignVert='center', antialias=True, autoLog=True, bold=False, color='white', colorSpace='named', contrast=1.0, depth=0.0, flipHoriz=False, flipVert=False, font='Arial', fontFiles=[], height=0.028, italic=False, languageStyle='LTR', name='TextQuestion', opacity=1.0, ori=0, pos=array([0.  , 0.35]), rgb=array([255., 255., 255.]), text='default text', units='height', win=Window(...), wrapWidth=1.45)
7.8342 	EXP 	Created choiceA = TextStim(__class__=<class 'psychopy.visual.text.TextStim'>, alignHoriz='center', alignVert='center', antialias=True, autoLog=True, bold=False, color='white', colorSpace='named', contrast=1.0, depth=-3.0, flipHoriz=False, flipVert=False, font='Arial', fontFiles=[], height=0.026, italic=False, languageStyle='LTR', name='choiceA', opacity=1.0, ori=0, pos=array([0., 0.]), rgb=array([255., 255., 255.]), text='default text', units='height', win=Window(...), wrapWidth=1.4)
7.8372 	EXP 	Created choiceB = TextStim(__class__=<class 'psychopy.visual.text.TextStim'>, alignHoriz='center', alignVert='center', antialias=True, autoLog=True, bold=False, color='white', colorSpace='named', contrast=1.0, depth=-4.0, flipHoriz=False, flipVert=False, font='Arial', fontFiles=[], height=0.026, italic=False, languageStyle='LTR', name='choiceB', opacity=1.0, ori=0, pos=array([ 0. , -0.1]), rgb=array([255., 255., 255.]), text='default text', units='height', win=Window(...), wrapWidth=1.4)
7.8400 	EXP 	Created choiceC = TextStim(__class__=<class 'psychopy.visual.text.TextStim'>, alignHoriz='center', alignVert='center', antialias=True, autoLog=True, bold=False, color='white', colorSpace='named', contrast=1.0, depth=-5.0, flipHoriz=False, flipVert=False, font='Arial', fontFiles=[], height=0.026, italic=False, languageStyle='LTR', name='choiceC', opacity=1.0, ori=0, pos=array([ 0. , -0.2]), rgb=array([255., 255., 255.]), text='default text', units='height', win=Window(...), wrapWidth=1.4)
7.8431 	EXP 	Created choiceD = TextStim(__class__=<class 'psychopy.visual.text.TextStim'>, alignHoriz='center', alignVert='center', antialias=True, autoLog=True, bold=False, color='white', colorSpace='named', contrast=1.0, depth=-6.0, flipHoriz=False, flipVert=False, font='Arial', fontFiles=[], height=0.026, italic=False, languageStyle='LTR', name='choiceD', opacity=1.0, ori=0, pos=array([ 0. , -0.3]), rgb=array([255., 255., 255.]), text='default text', units='height', win=Window(...), wrapWidth=1.4)
7.8463 	EXP 	Created choiceE = TextStim(__class__=<class 'psychopy.visual.text.TextStim'>, alignHoriz='center', alignVert='center', antialias=True, autoLog=True, bold=False, color='white', colorSpace='named', contrast=1.0, depth=-7.0, flipHoriz=False, flipVert=False, font='Arial', fontFiles=[], height=0.026, italic=False, languageStyle='LTR', name='choiceE', opacity=1.0, ori=0, pos=array([ 0. , -0.4]), rgb=array([255., 255., 255.]), text='default text', units='height', win=Window(...), wrapWidth=1.4)
7.8467 	EXP 	Created conBlank = TextStim(__class__=<class 'psychopy.visual.text.TextStim'>, alignHoriz='center', alignVert='center', antialias=True, autoLog=True, bold=False, color='white', colorSpace='named', contrast=1.0, depth=-9.0, flipHoriz=False, flipVert=False, font='Arial', fontFiles=[], height=0.1, italic=False, languageStyle='LTR', name='conBlank', opacity=1.0, ori=0, pos=array([0., 0.]), rgb=array([255., 255., 255.]), text='', units='height', win=Window(...), wrapWidth=1)
7.9292 	EXP 	Created text = TextStim(__class__=<class 'psychopy.visual.text.TextStim'>, alignHoriz='center', alignVert='center', antialias=True, autoLog=True, bold=False, color='white', colorSpace='named', contrast=1.0, depth=0.0, flipHoriz=False, flipVert=False, font='Arial', fontFiles=[], height=0.07, italic=False, languageStyle='LTR', name='text', opacity=1.0, ori=0, pos=array([0., 0.]), rgb=array([255., 255., 255.]), text=str(...), units='height', win=Window(...), wrapWidth=1)
7.9598 	EXP 	instruct: autoDraw = True
9.4233 	EXP 	Created sequence: random, trialTypes=1, nReps=5, seed=None
9.4234 	EXP 	New trial (rep=0, index=0): None
9.4294 	DATA 	Keypress: space
9.4340 	EXP 	instruct: autoDraw = False
9.4340 	EXP 	regCue: autoDraw = True
12.4804 	EXP 	regCue: autoDraw = False
12.4804 	EXP 	regCue: autoDraw = False
12.4804 	EXP 	blank: text = ''
12.4804 	EXP 	choiceQ: autoDraw = True
12.4804 	EXP 	testChoice: autoDraw = True
12.4804 	EXP 	videogameChoice: autoDraw = True
12.4804 	EXP 	gre: autoDraw = True
12.4804 	EXP 	gmat: autoDraw = True
12.4804 	EXP 	lsat: autoDraw = True
12.4804 	EXP 	game: autoDraw = True
26.4219 	DATA 	Keypress: 1
26.4501 	EXP 	testChoice: color = 'green (named)'
26.4501 	EXP 	blank: autoDraw = True
26.4667 	EXP 	testChoice: color = 'green (named)'
26.4837 	EXP 	testChoice: color = 'green (named)'
26.5003 	EXP 	testChoice: color = 'green (named)'
26.5170 	EXP 	testChoice: color = 'green (named)'
26.5337 	EXP 	testChoice: color = 'green (named)'
26.5502 	EXP 	testChoice: color = 'green (named)'
26.5672 	EXP 	testChoice: color = 'green (named)'
26.5836 	EXP 	testChoice: color = 'green (named)'
26.6005 	EXP 	testChoice: color = 'green (named)'
26.6171 	EXP 	testChoice: color = 'green (named)'
26.6338 	EXP 	testChoice: color = 'green (named)'
26.6504 	EXP 	testChoice: color = 'green (named)'
26.6670 	EXP 	testChoice: color = 'green (named)'
26.6839 	EXP 	testChoice: color = 'green (named)'
26.7005 	EXP 	testChoice: color = 'green (named)'
26.7170 	EXP 	testChoice: color = 'green (named)'
26.7339 	EXP 	testChoice: color = 'green (named)'
26.7504 	EXP 	testChoice: color = 'green (named)'
26.7671 	EXP 	testChoice: color = 'green (named)'
26.7840 	EXP 	testChoice: color = 'green (named)'
26.8006 	EXP 	testChoice: color = 'green (named)'
26.8172 	EXP 	testChoice: color = 'green (named)'
26.8341 	EXP 	testChoice: color = 'green (named)'
26.8504 	EXP 	testChoice: color = 'green (named)'
26.8672 	EXP 	testChoice: color = 'green (named)'
26.8844 	EXP 	testChoice: color = 'green (named)'
26.9005 	EXP 	testChoice: color = 'green (named)'
26.9175 	EXP 	testChoice: color = 'green (named)'
26.9341 	EXP 	testChoice: color = 'green (named)'
26.9505 	EXP 	testChoice: color = 'green (named)'
26.9672 	EXP 	testChoice: color = 'green (named)'
26.9841 	EXP 	testChoice: color = 'green (named)'
27.0005 	EXP 	testChoice: color = 'green (named)'
27.0172 	EXP 	testChoice: color = 'green (named)'
27.0339 	EXP 	testChoice: color = 'green (named)'
27.0506 	EXP 	testChoice: color = 'green (named)'
27.0675 	EXP 	testChoice: color = 'green (named)'
27.0842 	EXP 	testChoice: color = 'green (named)'
27.1010 	EXP 	testChoice: color = 'green (named)'
27.1172 	EXP 	testChoice: color = 'green (named)'
27.1344 	EXP 	testChoice: color = 'green (named)'
27.1509 	EXP 	testChoice: color = 'green (named)'
27.1674 	EXP 	testChoice: color = 'green (named)'
27.1847 	EXP 	testChoice: color = 'green (named)'
27.2008 	EXP 	testChoice: color = 'green (named)'
27.2177 	EXP 	testChoice: color = 'green (named)'
27.2340 	EXP 	testChoice: color = 'green (named)'
27.2509 	EXP 	testChoice: color = 'green (named)'
27.2676 	EXP 	testChoice: color = 'green (named)'
27.2844 	EXP 	testChoice: color = 'green (named)'
27.3006 	EXP 	testChoice: color = 'green (named)'
27.3175 	EXP 	testChoice: color = 'green (named)'
27.3340 	EXP 	testChoice: color = 'green (named)'
27.3510 	EXP 	testChoice: color = 'green (named)'
27.3675 	EXP 	testChoice: color = 'green (named)'
27.3842 	EXP 	testChoice: color = 'green (named)'
27.4007 	EXP 	testChoice: color = 'green (named)'
27.4177 	EXP 	testChoice: color = 'green (named)'
27.4342 	EXP 	testChoice: color = 'green (named)'
27.4509 	EXP 	testChoice: color = 'green (named)'
27.4676 	EXP 	testChoice: color = 'green (named)'
27.4845 	EXP 	testChoice: color = 'green (named)'
27.5010 	EXP 	testChoice: color = 'green (named)'
27.5177 	EXP 	testChoice: color = 'green (named)'
27.5344 	EXP 	testChoice: color = 'green (named)'
27.5511 	EXP 	testChoice: color = 'green (named)'
27.5677 	EXP 	testChoice: color = 'green (named)'
27.5847 	EXP 	testChoice: color = 'green (named)'
27.6015 	EXP 	testChoice: color = 'green (named)'
27.6182 	EXP 	testChoice: color = 'green (named)'
27.6345 	EXP 	testChoice: color = 'green (named)'
27.6516 	EXP 	testChoice: color = 'green (named)'
27.6678 	EXP 	testChoice: color = 'green (named)'
27.6845 	EXP 	testChoice: color = 'green (named)'
27.7015 	EXP 	testChoice: color = 'green (named)'
27.7178 	EXP 	testChoice: color = 'green (named)'
27.7345 	EXP 	testChoice: color = 'green (named)'
27.7513 	EXP 	testChoice: color = 'green (named)'
27.7680 	EXP 	testChoice: color = 'green (named)'
27.7846 	EXP 	testChoice: color = 'green (named)'
27.8015 	EXP 	testChoice: color = 'green (named)'
27.8181 	EXP 	testChoice: color = 'green (named)'
27.8348 	EXP 	testChoice: color = 'green (named)'
27.8514 	EXP 	testChoice: color = 'green (named)'
27.8681 	EXP 	testChoice: color = 'green (named)'
27.8846 	EXP 	testChoice: color = 'green (named)'
27.9013 	EXP 	testChoice: color = 'green (named)'
27.9185 	EXP 	testChoice: color = 'green (named)'
27.9348 	EXP 	testChoice: color = 'green (named)'
27.9514 	EXP 	testChoice: color = 'green (named)'
27.9514 	EXP 	blank: autoDraw = False
27.9829 	EXP 	Imported RowsExcel.xlsx as conditions, 5 conditions, 1 params
27.9831 	EXP 	Created sequence: random, trialTypes=5, nReps=1, seed=None
27.9833 	EXP 	New trial (rep=0, index=0): OrderedDict([('Rows', '005:0010')])
28.0019 	EXP 	choiceQ: autoDraw = False
28.0019 	EXP 	testChoice: autoDraw = False
28.0019 	EXP 	videogameChoice: autoDraw = False
28.0019 	EXP 	gre: autoDraw = False
28.0019 	EXP 	gmat: autoDraw = False
28.0019 	EXP 	lsat: autoDraw = False
28.0019 	EXP 	game: autoDraw = False
28.0019 	EXP 	testChoice: color = 'green (named)'
28.0019 	EXP 	choiceQ: autoDraw = False
28.0019 	EXP 	testChoice: autoDraw = False
28.0019 	EXP 	videogameChoice: autoDraw = False
28.0019 	EXP 	gre: autoDraw = False
28.0019 	EXP 	gmat: autoDraw = False
28.0019 	EXP 	lsat: autoDraw = False
28.0019 	EXP 	game: autoDraw = False
28.0019 	EXP 	blank: autoDraw = False
28.0019 	EXP 	videogameChoice: color = 'white (named)'
28.0019 	EXP 	testChoice: color = 'white (named)'
28.0019 	EXP 	choiceQ: autoDraw = False
28.0019 	EXP 	testChoice: autoDraw = False
28.0019 	EXP 	videogameChoice: autoDraw = False
28.0019 	EXP 	gre: autoDraw = False
28.0019 	EXP 	gmat: autoDraw = False
28.0019 	EXP 	lsat: autoDraw = False
28.0019 	EXP 	polygon: opacity = 1.0
28.0019 	EXP 	polygon: size = array([0.32, 0.13])
28.0019 	EXP 	polygon: ori = 0.0
28.0019 	EXP 	polygon: lineWidth = 8.0
28.0019 	EXP 	testQChoice: autoDraw = True
28.0019 	EXP 	image: autoDraw = True
28.0019 	EXP 	image_2: autoDraw = True
28.0019 	EXP 	image_3: autoDraw = True
32.8127 	DATA 	Keypress: 2
32.8222 	EXP 	polygon: autoDraw = True
32.8388 	EXP 	polygon: autoDraw = True
32.8554 	EXP 	polygon: autoDraw = True
32.8724 	EXP 	polygon: autoDraw = True
32.8891 	EXP 	polygon: autoDraw = True
32.9058 	EXP 	polygon: autoDraw = True
32.9227 	EXP 	polygon: autoDraw = True
32.9391 	EXP 	polygon: autoDraw = True
32.9557 	EXP 	polygon: autoDraw = True
32.9727 	EXP 	polygon: autoDraw = True
32.9893 	EXP 	polygon: autoDraw = True
33.0058 	EXP 	polygon: autoDraw = True
33.0224 	EXP 	polygon: autoDraw = True
33.0393 	EXP 	polygon: autoDraw = True
33.0559 	EXP 	polygon: autoDraw = True
33.0724 	EXP 	polygon: autoDraw = True
33.0892 	EXP 	polygon: autoDraw = True
33.1061 	EXP 	polygon: autoDraw = True
33.1227 	EXP 	polygon: autoDraw = True
33.1394 	EXP 	polygon: autoDraw = True
33.1557 	EXP 	polygon: autoDraw = True
33.1722 	EXP 	polygon: autoDraw = True
33.1892 	EXP 	polygon: autoDraw = True
33.2056 	EXP 	polygon: autoDraw = True
33.2227 	EXP 	polygon: autoDraw = True
33.2395 	EXP 	polygon: autoDraw = True
33.2557 	EXP 	polygon: autoDraw = True
33.2725 	EXP 	polygon: autoDraw = True
33.2898 	EXP 	polygon: autoDraw = True
33.3060 	EXP 	polygon: autoDraw = True
33.3229 	EXP 	polygon: autoDraw = True
33.3394 	EXP 	polygon: autoDraw = True
33.3559 	EXP 	polygon: autoDraw = True
33.3726 	EXP 	polygon: autoDraw = True
33.3891 	EXP 	polygon: autoDraw = True
33.4058 	EXP 	polygon: autoDraw = True
33.4232 	EXP 	polygon: autoDraw = True
33.4393 	EXP 	polygon: autoDraw = True
33.4558 	EXP 	polygon: autoDraw = True
33.4727 	EXP 	polygon: autoDraw = True
33.4894 	EXP 	polygon: autoDraw = True
33.5061 	EXP 	polygon: autoDraw = True
33.5230 	EXP 	polygon: autoDraw = True
33.5393 	EXP 	polygon: autoDraw = True
33.5562 	EXP 	polygon: autoDraw = True
33.5730 	EXP 	polygon: autoDraw = True
33.5899 	EXP 	polygon: autoDraw = True
33.6109 	EXP 	Imported QuestionsText.xlsx as conditions, 5 conditions, 21 params
33.6110 	EXP 	Created sequence: sequential, trialTypes=5, nReps=1, seed=None
33.6115 	EXP 	New trial (rep=0, index=0): OrderedDict([('GMAT', '1)\xa0The National Farm Administration (NFA) has been concerned over the last decade with the struggles of barley growers.\nPlan: In an effort to support these barley growers, two years ago, the NFA began a program of sending them, each autumn, a free special mix of fertilizer and enzymes designed to multiply barley yield, to be applied the following spring during first growth. \xa0This mix had been stunningly successful in multiplying the yield of barley in laboratory conditions.\nResults: Most barley growers reported little change in their economic status over this two year period.\n\nFurther information: All barley growers received the shipments, and all used them. \xa0Weather conditions have been fair to optimal for barley growth over the past two years.\n\nIn light of the further information, which of the following, if true, does most to explain the result that followed the implementation of the plan?'), ('GMATQA', '(A) During these two years, most of the barley growers reported using no other fertilizer besides the special mix sent by the government'), ('GMATQB', '(B) The trucks that drove the special mix from the depot in Wisconsin to the individual farms sometime took as much as 4 or 5 days.'), ('GMATQC', '(C) Some of the enzymes in the special mix multiply the growth of a bacteria that feeds on the young barley plants.'), ('GMATQD', '(D) This program was implemented at a time when more than half of barley growers nationwide were reported barely breaking even in their yearly expenses.'), ('GMATQE', '(E) This was the second such NFA program to aid barley growers; the first one, 14 years ago, was started with high hopes, but did little to change their situation.'), ('GMATAs', 'c'), ('GRE', '1) The Green Peas Grocery Store in the remote wealthy enclave of Luxville charges more than the Green Peas Grocery Store in Oak City charges for the same items. Clearly, on any given item, the Green Peas grocery franchise is taking advantage of its location in Luxville to reap higher profits on that item.\n\nIn evaluating the argument, it would be most useful to compare'), ('GREQA', '(A) the selection of specialty items in the Oak City location with the selection of specialty items in the Luxville location.'), ('GREQB', '(B)the cost of transporting merchandise to the Oak City location with the comparable cost to the Luxville location.'), ('GREQC', '(C) the average cost of the same or comparable items at other grocery stores in Oak City with the average cost at other stores in Luxville.'), ('GREQD', '(D)the percent of average household income spent on groceries in Oak City with the comparable percentage in Luxville.'), ('GREQE', '(E) the cost of these items in Oak City and in Luxville with the cost at other Green Peas stores throughout the state.'), ('GREA', 'b'), ('LSAT', '1)Several critics have claimed that any contemporary poet who writes formal poetry—poetry that is rhymed and metered—is performing a politically conservative act. This is plainly false. Consider Molly Peacock and Marilyn Hacker, two contemporary poets whose poetry is almost exclusively formal and yet who are themselves politically progressive feminists.\n\nThe conclusion drawn above follows logically if which one of the following is assumed?'), ('LSATQA', '(A) No one who is a feminist is also politically conservative.'), ('LSATQB', '(B)No poet who writes unrhymed or unmetered poetry is politically conservative.'), ('LSATQC', '(C)No one who is politically progressive is capable of performing a politically conservative act'), ('LSATQD', '(D)Anyone who sometimes writes poetry that is not politically conservative never writes poetry that is politically conservative.'), ('LSATQE', '(E)The content of a poet’s work, not the work’s form, is the most decisive factor in determining what political consequences, if any, the work will have.'), ('LSATAs', 'c')])
33.7789 	DATA 	Keypress: return
33.7844 	EXP 	polygon: autoDraw = True
33.7844 	EXP 	testQChoice: autoDraw = False
33.7844 	EXP 	image: autoDraw = False
33.7844 	EXP 	image_2: autoDraw = False
33.7844 	EXP 	image_3: autoDraw = False
33.7844 	EXP 	polygon: autoDraw = False
33.7844 	EXP 	TextQuestion: text = 'PLACEHOLDER'
33.7844 	EXP 	choiceA: text = 'QA'
33.7844 	EXP 	choiceB: text = 'QB'
33.7844 	EXP 	choiceC: text = 'QC'
33.7844 	EXP 	choiceD: text = 'QD'
33.7844 	EXP 	choiceE: text = 'QE'
33.7844 	EXP 	TextQuestion: text = '1)\xa0The National Farm Administration (NFA) has been concerned over the last decade with the struggles of barley growers.\nPlan: In an effort to support these barley growers, two years ago, the NFA began a program of sending them, each autumn, a free special mix of fertilizer and enzymes designed to multiply barley yield, to be applied the following spring during first growth. \xa0This mix had been stunningly successful in multiplying the yield of barley in laboratory conditions.\nResults: Most barley growers reported little change in their economic status over this two year period.\n\nFurther information: All barley growers received the shipments, and all used them. \xa0Weather conditions have been fair to optimal for barley growth over the past two years.\n\nIn light of the further information, which of the following, if true, does most to explain the result that followed the implementation of the plan?'
33.7844 	EXP 	choiceA: text = '(A) During these two years, most of the barley growers reported using no other fertilizer besides the special mix sent by the government'
33.7844 	EXP 	choiceB: text = '(B) The trucks that drove the special mix from the depot in Wisconsin to the individual farms sometime took as much as 4 or 5 days.'
33.7844 	EXP 	choiceC: text = '(C) Some of the enzymes in the special mix multiply the growth of a bacteria that feeds on the young barley plants.'
33.7844 	EXP 	choiceD: text = '(D) This program was implemented at a time when more than half of barley growers nationwide were reported barely breaking even in their yearly expenses.'
33.7844 	EXP 	choiceE: text = '(E) This was the second such NFA program to aid barley growers; the first one, 14 years ago, was started with high hopes, but did little to change their situation.'
33.7844 	EXP 	TextQuestion: autoDraw = True
33.7844 	EXP 	choiceA: autoDraw = True
33.7844 	EXP 	choiceB: autoDraw = True
33.7844 	EXP 	choiceC: autoDraw = True
33.7844 	EXP 	choiceD: autoDraw = True
33.7844 	EXP 	choiceE: autoDraw = True
44.4873 	DATA 	Keypress: a
45.5885 	DATA 	Keypress: return
45.6160 	EXP 	choiceA: color = 'blue (named)'
45.6160 	EXP 	conBlank: autoDraw = True
45.6329 	EXP 	choiceA: color = 'blue (named)'
45.6495 	EXP 	choiceA: color = 'blue (named)'
45.6661 	EXP 	choiceA: color = 'blue (named)'
45.6830 	EXP 	choiceA: color = 'blue (named)'
45.6996 	EXP 	choiceA: color = 'blue (named)'
45.7162 	EXP 	choiceA: color = 'blue (named)'
45.7329 	EXP 	choiceA: color = 'blue (named)'
45.7495 	EXP 	choiceA: color = 'blue (named)'
45.7661 	EXP 	choiceA: color = 'blue (named)'
45.7828 	EXP 	choiceA: color = 'blue (named)'
45.7996 	EXP 	choiceA: color = 'blue (named)'
45.8163 	EXP 	choiceA: color = 'blue (named)'
45.8328 	EXP 	choiceA: color = 'blue (named)'
45.8496 	EXP 	choiceA: color = 'blue (named)'
45.8664 	EXP 	choiceA: color = 'blue (named)'
45.8830 	EXP 	choiceA: color = 'blue (named)'
45.8996 	EXP 	choiceA: color = 'blue (named)'
45.9163 	EXP 	choiceA: color = 'blue (named)'
45.9332 	EXP 	choiceA: color = 'blue (named)'
45.9496 	EXP 	choiceA: color = 'blue (named)'
45.9663 	EXP 	choiceA: color = 'blue (named)'
45.9833 	EXP 	choiceA: color = 'blue (named)'
45.9997 	EXP 	choiceA: color = 'blue (named)'
46.0164 	EXP 	choiceA: color = 'blue (named)'
46.0333 	EXP 	choiceA: color = 'blue (named)'
46.0499 	EXP 	choiceA: color = 'blue (named)'
46.0663 	EXP 	choiceA: color = 'blue (named)'
46.0832 	EXP 	choiceA: color = 'blue (named)'
46.0997 	EXP 	choiceA: color = 'blue (named)'
46.1169 	EXP 	choiceA: color = 'blue (named)'
46.1331 	EXP 	choiceA: color = 'blue (named)'
46.1496 	EXP 	choiceA: color = 'blue (named)'
46.1665 	EXP 	choiceA: color = 'blue (named)'
46.1829 	EXP 	choiceA: color = 'blue (named)'
46.1997 	EXP 	choiceA: color = 'blue (named)'
46.2163 	EXP 	choiceA: color = 'blue (named)'
46.2333 	EXP 	choiceA: color = 'blue (named)'
46.2499 	EXP 	choiceA: color = 'blue (named)'
46.2676 	EXP 	choiceA: color = 'blue (named)'
46.2833 	EXP 	choiceA: color = 'blue (named)'
46.2998 	EXP 	choiceA: color = 'blue (named)'
46.3166 	EXP 	choiceA: color = 'blue (named)'
46.3335 	EXP 	choiceA: color = 'blue (named)'
46.3499 	EXP 	choiceA: color = 'blue (named)'
46.3666 	EXP 	choiceA: color = 'blue (named)'
46.3834 	EXP 	choiceA: color = 'blue (named)'
46.3997 	EXP 	choiceA: color = 'blue (named)'
46.4168 	EXP 	choiceA: color = 'blue (named)'
46.4333 	EXP 	choiceA: color = 'blue (named)'
46.4500 	EXP 	choiceA: color = 'blue (named)'
46.4667 	EXP 	choiceA: color = 'blue (named)'
46.4837 	EXP 	choiceA: color = 'blue (named)'
46.5001 	EXP 	choiceA: color = 'blue (named)'
46.5170 	EXP 	choiceA: color = 'blue (named)'
46.5334 	EXP 	choiceA: color = 'blue (named)'
46.5500 	EXP 	choiceA: color = 'blue (named)'
46.5669 	EXP 	choiceA: color = 'blue (named)'
46.5835 	EXP 	choiceA: color = 'blue (named)'
46.6003 	EXP 	choiceA: color = 'blue (named)'
46.6172 	EXP 	choiceA: color = 'blue (named)'
46.6335 	EXP 	choiceA: color = 'blue (named)'
46.6500 	EXP 	choiceA: color = 'blue (named)'
46.6674 	EXP 	choiceA: color = 'blue (named)'
46.6838 	EXP 	choiceA: color = 'blue (named)'
46.7004 	EXP 	choiceA: color = 'blue (named)'
46.7172 	EXP 	choiceA: color = 'blue (named)'
46.7336 	EXP 	choiceA: color = 'blue (named)'
46.7504 	EXP 	choiceA: color = 'blue (named)'
46.7668 	EXP 	choiceA: color = 'blue (named)'
46.7836 	EXP 	choiceA: color = 'blue (named)'
46.8006 	EXP 	choiceA: color = 'blue (named)'
46.8171 	EXP 	choiceA: color = 'blue (named)'
46.8340 	EXP 	choiceA: color = 'blue (named)'
46.8502 	EXP 	choiceA: color = 'blue (named)'
46.8673 	EXP 	choiceA: color = 'blue (named)'
46.8841 	EXP 	choiceA: color = 'blue (named)'
46.9006 	EXP 	choiceA: color = 'blue (named)'
46.9173 	EXP 	choiceA: color = 'blue (named)'
46.9339 	EXP 	choiceA: color = 'blue (named)'
46.9508 	EXP 	choiceA: color = 'blue (named)'
46.9672 	EXP 	choiceA: color = 'blue (named)'
46.9840 	EXP 	choiceA: color = 'blue (named)'
47.0007 	EXP 	choiceA: color = 'blue (named)'
47.0171 	EXP 	choiceA: color = 'blue (named)'
47.0339 	EXP 	choiceA: color = 'blue (named)'
47.0508 	EXP 	choiceA: color = 'blue (named)'
47.0668 	EXP 	choiceA: color = 'blue (named)'
47.0838 	EXP 	choiceA: color = 'blue (named)'
47.1008 	EXP 	choiceA: color = 'blue (named)'
47.1178 	EXP 	choiceA: color = 'blue (named)'
47.1178 	EXP 	conBlank: autoDraw = False
47.1218 	EXP 	New trial (rep=0, index=1): OrderedDict([('GMAT', "2) Linda: In the 1800s, it was found that one in every six women who gave birth in hospitals died of a fever they had contracted after delivering the child and that the mortality was not as high if they gave birth at home with the help of a mid wife. It was found that the doctors had a poorer sense of hygiene and that their dirty hands and instruments were leading to pathogens entering a woman's bloodstream. Thankfully, hygienic conditions today are much better and women are safer.\n\nFiona: But doctors today are so overworked that a number of doctors, while aware of the need for better hygiene, barely find the time to wash their hands. The likelihood of infections caused by doctors is probably not any better.\n\nWhich of the following can be used by Fiona to further establish that Linda need not be correct in her reasoning?"), ('GMATQA', '(A) A nationwide survey found that doctors, especially experienced ones, are more prone to the belief that they could not possibly be carrying pathogens.'), ('GMATQB', '(B) It is reported that around 50,000 people die every year in our country from hospital acquired infections.'), ('GMATQC', '(C ) Compulsory hand cleansing is strictly adhered to by all doctors and nurses before every major surgical procedure.'), ('GMATQD', '(D) During a study, doctors handling newborn babies self reported a hand cleansing rate of 90℅.'), ('GMATQE', '(E ) Nurses are not any better than doctors in adhering to strict cleansing schedules, especially when busy.'), ('GMATAs', 'a'), ('GRE', '2) In the years since the city of London imposed strict air-pollution regulations on local industry, the number of bird species seen in and around London has increased dramatically. Similar air-pollution rules should be imposed in other major cities.\n\nEach of the following is an assumption made in the argument above EXCEPT:'), ('GREQA', '(A) In most major cities, air-pollution problems are caused almost entirely by local industry.'), ('GREQB', '(B) Air-pollution regulations on industry have a significant impact on the quality of the air. '), ('GREQC', '(C)The air-pollution problems of other major cities are basically similar to those once suffered by London. '), ('GREQD', '(D)An increase in the number of bird species in and around a city is desirable.'), ('GREQE', '(E)The increased sightings of bird species in and around London reflect an actual increase in the number of species in the area. '), ('GREA', 'a'), ('LSAT', '2) About two million years ago, lava dammed up a river in western Asia and caused a small lake to form. The lake existed for about half a million years. Bones of an early human ancestor were recently found in the ancient lake-bottom sediments that lie on top of the layer of lava. Therefore, ancestors of modern humans lived in western Asia between two million and one-and-a-half million years ago.\n\nWhich one of the following is an assumption required by the argument?'), ('LSATQA', '(A)There were no other lakes in the immediate area before the lava dammed up the river.'), ('LSATQB', '(B)The lake contained fish that the human ancestors could have used for food.'), ('LSATQC', '(C)The lava that lay under the lake-bottom sediments did not contain any human fossil remains.'), ('LSATQD', '(D)The lake was deep enough that a person could drown in it.'), ('LSATQE', '(E)The bones were already in the sediments by the time the lake dried up.'), ('LSATAs', 'e')])
47.2570 	EXP 	TextQuestion: autoDraw = False
47.2570 	EXP 	choiceA: autoDraw = False
47.2570 	EXP 	choiceB: autoDraw = False
47.2570 	EXP 	choiceC: autoDraw = False
47.2570 	EXP 	choiceD: autoDraw = False
47.2570 	EXP 	choiceE: autoDraw = False
47.2570 	EXP 	choiceA: color = 'blue (named)'
47.2570 	EXP 	TextQuestion: autoDraw = False
47.2570 	EXP 	choiceA: autoDraw = False
47.2570 	EXP 	choiceB: autoDraw = False
47.2570 	EXP 	choiceC: autoDraw = False
47.2570 	EXP 	choiceD: autoDraw = False
47.2570 	EXP 	choiceE: autoDraw = False
47.2570 	EXP 	conBlank: autoDraw = False
47.2570 	EXP 	choiceA: autoDraw = False
47.2570 	EXP 	choiceB: autoDraw = False
47.2570 	EXP 	choiceC: autoDraw = False
47.2570 	EXP 	choiceD: autoDraw = False
47.2570 	EXP 	choiceE: autoDraw = False
47.2570 	EXP 	choiceA: color = 'white (named)'
47.2570 	EXP 	choiceB: color = 'white (named)'
47.2570 	EXP 	choiceC: color = 'white (named)'
47.2570 	EXP 	choiceD: color = 'white (named)'
47.2570 	EXP 	choiceE: color = 'white (named)'
47.2570 	EXP 	TextQuestion: text = 'PLACEHOLDER'
47.2570 	EXP 	choiceA: text = 'QA'
47.2570 	EXP 	choiceB: text = 'QB'
47.2570 	EXP 	choiceC: text = 'QC'
47.2570 	EXP 	choiceD: text = 'QD'
47.2570 	EXP 	choiceE: text = 'QE'
47.2570 	EXP 	TextQuestion: text = "2) Linda: In the 1800s, it was found that one in every six women who gave birth in hospitals died of a fever they had contracted after delivering the child and that the mortality was not as high if they gave birth at home with the help of a mid wife. It was found that the doctors had a poorer sense of hygiene and that their dirty hands and instruments were leading to pathogens entering a woman's bloodstream. Thankfully, hygienic conditions today are much better and women are safer.\n\nFiona: But doctors today are so overworked that a number of doctors, while aware of the need for better hygiene, barely find the time to wash their hands. The likelihood of infections caused by doctors is probably not any better.\n\nWhich of the following can be used by Fiona to further establish that Linda need not be correct in her reasoning?"
47.2570 	EXP 	choiceA: text = '(A) A nationwide survey found that doctors, especially experienced ones, are more prone to the belief that they could not possibly be carrying pathogens.'
47.2570 	EXP 	choiceB: text = '(B) It is reported that around 50,000 people die every year in our country from hospital acquired infections.'
47.2570 	EXP 	choiceC: text = '(C ) Compulsory hand cleansing is strictly adhered to by all doctors and nurses before every major surgical procedure.'
47.2570 	EXP 	choiceD: text = '(D) During a study, doctors handling newborn babies self reported a hand cleansing rate of 90℅.'
47.2570 	EXP 	choiceE: text = '(E ) Nurses are not any better than doctors in adhering to strict cleansing schedules, especially when busy.'
47.2570 	EXP 	TextQuestion: autoDraw = True
47.2570 	EXP 	choiceA: autoDraw = True
47.2570 	EXP 	choiceB: autoDraw = True
47.2570 	EXP 	choiceC: autoDraw = True
47.2570 	EXP 	choiceD: autoDraw = True
47.2570 	EXP 	choiceE: autoDraw = True
49.0758 	DATA 	Keypress: b
49.7601 	DATA 	Keypress: return
49.7695 	EXP 	choiceB: color = 'blue (named)'
49.7695 	EXP 	conBlank: autoDraw = True
49.7860 	EXP 	choiceB: color = 'blue (named)'
49.8030 	EXP 	choiceB: color = 'blue (named)'
49.8197 	EXP 	choiceB: color = 'blue (named)'
49.8361 	EXP 	choiceB: color = 'blue (named)'
49.8529 	EXP 	choiceB: color = 'blue (named)'
49.8695 	EXP 	choiceB: color = 'blue (named)'
49.8862 	EXP 	choiceB: color = 'blue (named)'
49.9029 	EXP 	choiceB: color = 'blue (named)'
49.9197 	EXP 	choiceB: color = 'blue (named)'
49.9370 	EXP 	choiceB: color = 'blue (named)'
49.9533 	EXP 	choiceB: color = 'blue (named)'
49.9696 	EXP 	choiceB: color = 'blue (named)'
49.9866 	EXP 	choiceB: color = 'blue (named)'
50.0030 	EXP 	choiceB: color = 'blue (named)'
50.0196 	EXP 	choiceB: color = 'blue (named)'
50.0365 	EXP 	choiceB: color = 'blue (named)'
50.0530 	EXP 	choiceB: color = 'blue (named)'
50.0697 	EXP 	choiceB: color = 'blue (named)'
50.0864 	EXP 	choiceB: color = 'blue (named)'
50.1032 	EXP 	choiceB: color = 'blue (named)'
50.1200 	EXP 	choiceB: color = 'blue (named)'
50.1367 	EXP 	choiceB: color = 'blue (named)'
50.1530 	EXP 	choiceB: color = 'blue (named)'
50.1697 	EXP 	choiceB: color = 'blue (named)'
50.1865 	EXP 	choiceB: color = 'blue (named)'
50.2030 	EXP 	choiceB: color = 'blue (named)'
50.2198 	EXP 	choiceB: color = 'blue (named)'
50.2364 	EXP 	choiceB: color = 'blue (named)'
50.2532 	EXP 	choiceB: color = 'blue (named)'
50.2697 	EXP 	choiceB: color = 'blue (named)'
50.2863 	EXP 	choiceB: color = 'blue (named)'
50.3034 	EXP 	choiceB: color = 'blue (named)'
50.3201 	EXP 	choiceB: color = 'blue (named)'
50.3366 	EXP 	choiceB: color = 'blue (named)'
50.3533 	EXP 	choiceB: color = 'blue (named)'
50.3700 	EXP 	choiceB: color = 'blue (named)'
50.3867 	EXP 	choiceB: color = 'blue (named)'
50.4037 	EXP 	choiceB: color = 'blue (named)'
50.4201 	EXP 	choiceB: color = 'blue (named)'
50.4370 	EXP 	choiceB: color = 'blue (named)'
50.4535 	EXP 	choiceB: color = 'blue (named)'
50.4700 	EXP 	choiceB: color = 'blue (named)'
50.4868 	EXP 	choiceB: color = 'blue (named)'
50.5034 	EXP 	choiceB: color = 'blue (named)'
50.5202 	EXP 	choiceB: color = 'blue (named)'
50.5370 	EXP 	choiceB: color = 'blue (named)'
50.5539 	EXP 	choiceB: color = 'blue (named)'
50.5703 	EXP 	choiceB: color = 'blue (named)'
50.5870 	EXP 	choiceB: color = 'blue (named)'
50.6037 	EXP 	choiceB: color = 'blue (named)'
50.6204 	EXP 	choiceB: color = 'blue (named)'
50.6371 	EXP 	choiceB: color = 'blue (named)'
50.6537 	EXP 	choiceB: color = 'blue (named)'
50.6702 	EXP 	choiceB: color = 'blue (named)'
50.6871 	EXP 	choiceB: color = 'blue (named)'
50.7037 	EXP 	choiceB: color = 'blue (named)'
50.7205 	EXP 	choiceB: color = 'blue (named)'
50.7372 	EXP 	choiceB: color = 'blue (named)'
50.7537 	EXP 	choiceB: color = 'blue (named)'
50.7702 	EXP 	choiceB: color = 'blue (named)'
50.7868 	EXP 	choiceB: color = 'blue (named)'
50.8037 	EXP 	choiceB: color = 'blue (named)'
50.8204 	EXP 	choiceB: color = 'blue (named)'
50.8371 	EXP 	choiceB: color = 'blue (named)'
50.8538 	EXP 	choiceB: color = 'blue (named)'
50.8705 	EXP 	choiceB: color = 'blue (named)'
50.8871 	EXP 	choiceB: color = 'blue (named)'
50.9037 	EXP 	choiceB: color = 'blue (named)'
50.9203 	EXP 	choiceB: color = 'blue (named)'
50.9372 	EXP 	choiceB: color = 'blue (named)'
50.9538 	EXP 	choiceB: color = 'blue (named)'
50.9705 	EXP 	choiceB: color = 'blue (named)'
50.9872 	EXP 	choiceB: color = 'blue (named)'
51.0042 	EXP 	choiceB: color = 'blue (named)'
51.0206 	EXP 	choiceB: color = 'blue (named)'
51.0373 	EXP 	choiceB: color = 'blue (named)'
51.0539 	EXP 	choiceB: color = 'blue (named)'
51.0704 	EXP 	choiceB: color = 'blue (named)'
51.0874 	EXP 	choiceB: color = 'blue (named)'
51.1037 	EXP 	choiceB: color = 'blue (named)'
51.1205 	EXP 	choiceB: color = 'blue (named)'
51.1375 	EXP 	choiceB: color = 'blue (named)'
51.1539 	EXP 	choiceB: color = 'blue (named)'
51.1706 	EXP 	choiceB: color = 'blue (named)'
51.1879 	EXP 	choiceB: color = 'blue (named)'
51.2038 	EXP 	choiceB: color = 'blue (named)'
51.2207 	EXP 	choiceB: color = 'blue (named)'
51.2376 	EXP 	choiceB: color = 'blue (named)'
51.2541 	EXP 	choiceB: color = 'blue (named)'
51.2705 	EXP 	choiceB: color = 'blue (named)'
51.2705 	EXP 	conBlank: autoDraw = False
51.2737 	EXP 	New trial (rep=0, index=2): OrderedDict([('GMAT', '3) The Americans with disabilities act (ADA) was designed to ensure that there is no discrimination against and unfair termination of differently-abled workers in the workplace. However, after the act was introduced, there has been a marked increase in unemployment among the differently-abled.\n\nWhich of the following best explains this seeming discrepancy?'), ('GMATQA', '(A) A number of differently-abled people chose not to work'), ('GMATQB', '(B)Not willing to deal with the issues of workplace discrimination of the differently-abled, several companies recruited fewer of them in the first place'), ('GMATQC', '(C)Knowing that the act was about to be enforced, companies terminated some of the differently-abled while they had a chance'), ('GMATQD', '(D)There was no act introduced that would guarantee a job for the differently-abled'), ('GMATQE', '(E)The unemployment among the able-bodied has remained consistently high'), ('GMATAs', 'b'), ('GRE', '3) The ancient city of Cephesa was not buried by an eruption of Mt. Amnos is A.D. 310, as some believe. The eruption in the year 310 damaged the city, but it did not destroy it. Cephesa survived for another century before it finally met its destruction in another eruption around A.D. 415. \n\nWhich of the following, if true, would most strengthen the author’s claim that the city of Cephesa was not buried by the eruption of Mt. Amnos in A.D. 310?'), ('GREQA', '(A)The city of Cephesa is mentioned in a historical work known to have been written in A.D. 400.'), ('GREQB', '(B)Coins bearing the image of an emperor who lived around A.D. 410 have been discovered in the ruins of Cephesa, which were preserved by the cinders and ashes that buried the city. '), ('GREQC', '(C)Geological evidence shows the erruption of Mt. Amnos in A.D. 415 deposited a 10-foot layer of lava on the city of Cephesa  '), ('GREQD', '(D) Artworks from the city of Cephesa have been found in the ruins of another city known to have been desrtoyed in A.D. 420. '), ('GREQE', '(E)A hostorical work written in A.D. 430 refers to the eruption of Mt. Amnos in A.D. 415'), ('GREA', 'b'), ('LSAT', '3)In jurisdictions where use of headlights is optional when visibility is good, drivers who use headlights at all times are less likely to be involved in a collision than are drivers who use headlights only when visibility is poor. Yet Highway Safety Department records show that making use of headlights mandatory at all times does nothing to reduce the overall number of collisions.\n\nWhich one of the following, if true, most helps to resolve the apparent discrepancy in the information above?'), ('LSATQA', '(A)In jurisdictions where use of headlights is optional when visibility is good, one driver in four uses headlights for daytime driving in good weather.'), ('LSATQB', '(B)A law making use of headlights mandatory at all times is not especially difficult to enforce.'), ('LSATQC', '(C)Only very careful drivers use headlights when their use is not legally required.'), ('LSATQD', '(D)There are some jurisdictions in which it is illegal to use headlights when visibility is good.'), ('LSATQE', '(E)The jurisdictions where use of headlights is mandatory at all times are those where daytime visibility is frequently poor.'), ('LSATAs', 'c')])
51.3653 	EXP 	TextQuestion: autoDraw = False
51.3653 	EXP 	choiceA: autoDraw = False
51.3653 	EXP 	choiceB: autoDraw = False
51.3653 	EXP 	choiceC: autoDraw = False
51.3653 	EXP 	choiceD: autoDraw = False
51.3653 	EXP 	choiceE: autoDraw = False
51.3653 	EXP 	choiceB: color = 'blue (named)'
51.3653 	EXP 	TextQuestion: autoDraw = False
51.3653 	EXP 	choiceA: autoDraw = False
51.3653 	EXP 	choiceB: autoDraw = False
51.3653 	EXP 	choiceC: autoDraw = False
51.3653 	EXP 	choiceD: autoDraw = False
51.3653 	EXP 	choiceE: autoDraw = False
51.3653 	EXP 	conBlank: autoDraw = False
51.3653 	EXP 	choiceA: autoDraw = False
51.3653 	EXP 	choiceB: autoDraw = False
51.3653 	EXP 	choiceC: autoDraw = False
51.3653 	EXP 	choiceD: autoDraw = False
51.3653 	EXP 	choiceE: autoDraw = False
51.3653 	EXP 	choiceA: color = 'white (named)'
51.3653 	EXP 	choiceB: color = 'white (named)'
51.3653 	EXP 	choiceC: color = 'white (named)'
51.3653 	EXP 	choiceD: color = 'white (named)'
51.3653 	EXP 	choiceE: color = 'white (named)'
51.3653 	EXP 	TextQuestion: text = 'PLACEHOLDER'
51.3653 	EXP 	choiceA: text = 'QA'
51.3653 	EXP 	choiceB: text = 'QB'
51.3653 	EXP 	choiceC: text = 'QC'
51.3653 	EXP 	choiceD: text = 'QD'
51.3653 	EXP 	choiceE: text = 'QE'
51.3653 	EXP 	TextQuestion: text = '3) The Americans with disabilities act (ADA) was designed to ensure that there is no discrimination against and unfair termination of differently-abled workers in the workplace. However, after the act was introduced, there has been a marked increase in unemployment among the differently-abled.\n\nWhich of the following best explains this seeming discrepancy?'
51.3653 	EXP 	choiceA: text = '(A) A number of differently-abled people chose not to work'
51.3653 	EXP 	choiceB: text = '(B)Not willing to deal with the issues of workplace discrimination of the differently-abled, several companies recruited fewer of them in the first place'
51.3653 	EXP 	choiceC: text = '(C)Knowing that the act was about to be enforced, companies terminated some of the differently-abled while they had a chance'
51.3653 	EXP 	choiceD: text = '(D)There was no act introduced that would guarantee a job for the differently-abled'
51.3653 	EXP 	choiceE: text = '(E)The unemployment among the able-bodied has remained consistently high'
51.3653 	EXP 	TextQuestion: autoDraw = True
51.3653 	EXP 	choiceA: autoDraw = True
51.3653 	EXP 	choiceB: autoDraw = True
51.3653 	EXP 	choiceC: autoDraw = True
51.3653 	EXP 	choiceD: autoDraw = True
51.3653 	EXP 	choiceE: autoDraw = True
69.1607 	DATA 	Keypress: escape
69.2697 	EXP 	window1: mouseVisible = True
