10.0739 	WARNING 	User requested fullscreen with size [1024  768], but screen is actually [1920, 1200]. Using actual size
11.4333 	EXP 	Created window1 = Window(allowGUI=False, allowStencil=False, args=UNKNOWN, autoLog=True, bitsMode=UNKNOWN, blendMode='avg', color=array([0., 0., 0.]), colorSpace='rgb', fullscr=<method-wrapper '__getattribute__' of attributeSetter object at 0x0000026189303C50>, gamma=None, gammaErrorPolicy='raise', kwargs=UNKNOWN, lms=UNKNOWN, monitor=<psychopy.monitors.calibTools.Monitor object at 0x000002618932F940>, multiSample=False, name='window1', numSamples=2, pos=[0.0, 0.0], screen=0, size=array([1920, 1200]), stereo=False, units='height', useFBO=True, useRetina=False, viewOri=0.0, viewPos=None, viewScale=None, waitBlanking=True, winType='pyglet')
11.4333 	EXP 	window1: recordFrameIntervals = False
11.5996 	EXP 	window1: recordFrameIntervals = True
11.7831 	EXP 	window1: recordFrameIntervals = False
11.9912 	EXP 	Created instruct = TextStim(__class__=<class 'psychopy.visual.text.TextStim'>, alignHoriz='center', alignVert='center', antialias=True, autoLog=True, bold=False, color='white', colorSpace='named', contrast=1.0, depth=0.0, flipHoriz=False, flipVert=False, font='Arial', fontFiles=[], height=0.05, italic=False, languageStyle='LTR', name='instruct', opacity=1.0, ori=0, pos=array([0., 0.]), rgb=array([255., 255., 255.]), text=str(...), units='height', win=Window(...), wrapWidth=1.4)
12.0093 	EXP 	Created regCue = TextStim(__class__=<class 'psychopy.visual.text.TextStim'>, alignHoriz='center', alignVert='center', antialias=True, autoLog=True, bold=False, color='white', colorSpace='named', contrast=1.0, depth=0.0, flipHoriz=False, flipVert=False, font='Arial', fontFiles=[], height=0.1, italic=False, languageStyle='LTR', name='regCue', opacity=1.0, ori=0, pos=array([0., 0.]), rgb=array([255., 255., 255.]), text='REGULATE', units='height', win=Window(...), wrapWidth=1)
12.0254 	EXP 	Created choiceQ = TextStim(__class__=<class 'psychopy.visual.text.TextStim'>, alignHoriz='center', alignVert='center', antialias=True, autoLog=True, bold=False, color='white', colorSpace='named', contrast=1.0, depth=0.0, flipHoriz=False, flipVert=False, font='Arial', fontFiles=[], height=0.05, italic=False, languageStyle='LTR', name='choiceQ', opacity=1.0, ori=0, pos=array([0.  , 0.35]), rgb=array([255., 255., 255.]), text=str(...), units='height', win=Window(...), wrapWidth=1.4)
12.0390 	EXP 	Created testChoice = TextStim(__class__=<class 'psychopy.visual.text.TextStim'>, alignHoriz='center', alignVert='center', antialias=True, autoLog=True, bold=False, color='white', colorSpace='named', contrast=1.0, depth=-2.0, flipHoriz=False, flipVert=False, font='Arial', fontFiles=[], height=0.04, italic=False, languageStyle='LTR', name='testChoice', opacity=1.0, ori=0, pos=array([-0.41,  0.15]), rgb=array([255., 255., 255.]), text='Practice Standardized Test Questions', units='height', win=Window(...), wrapWidth=1)
12.0448 	EXP 	Created videogameChoice = TextStim(__class__=<class 'psychopy.visual.text.TextStim'>, alignHoriz='center', alignVert='center', antialias=True, autoLog=True, bold=False, color='white', colorSpace='named', contrast=1.0, depth=-3.0, flipHoriz=False, flipVert=False, font='Arial', fontFiles=[], height=0.04, italic=False, languageStyle='LTR', name='videogameChoice', opacity=1.0, ori=0, pos=array([0.41, 0.15]), rgb=array([255., 255., 255.]), text='Play a Videogame', units='height', win=Window(...), wrapWidth=1)
12.0515 	EXP 	Created gre = ImageStim(__class__=<class 'psychopy.visual.image.ImageStim'>, autoLog=True, color=array([1., 1., 1.]), colorSpace='rgb', contrast=1.0, depth=-4.0, flipHoriz=False, flipVert=False, image='gre.png', interpolate=True, mask=None, maskParams=None, name='gre', opacity=1.0, ori=0.0, pos=array([-0.41,  0.02]), size=array([0.3  , 0.105]), texRes=128, units='height', win=Window(...))
12.0546 	EXP 	Created gmat = ImageStim(__class__=<class 'psychopy.visual.image.ImageStim'>, autoLog=True, color=array([1., 1., 1.]), colorSpace='rgb', contrast=1.0, depth=-5.0, flipHoriz=False, flipVert=False, image='gmat.png', interpolate=True, mask=None, maskParams=None, name='gmat', opacity=1.0, ori=0.0, pos=array([-0.41, -0.13]), size=array([0.3 , 0.11]), texRes=128, units='height', win=Window(...))
12.0563 	EXP 	Created lsat = ImageStim(__class__=<class 'psychopy.visual.image.ImageStim'>, autoLog=True, color=array([1., 1., 1.]), colorSpace='rgb', contrast=1.0, depth=-6.0, flipHoriz=False, flipVert=False, image='lsat.png', interpolate=True, mask=None, maskParams=None, name='lsat', opacity=1.0, ori=0.0, pos=array([-0.41, -0.27]), size=array([0.3 , 0.11]), texRes=128, units='height', win=Window(...))
12.0901 	EXP 	Created game = ImageStim(__class__=<class 'psychopy.visual.image.ImageStim'>, autoLog=True, color=array([1., 1., 1.]), colorSpace='rgb', contrast=1.0, depth=-7.0, flipHoriz=False, flipVert=False, image='game.png', interpolate=True, mask=None, maskParams=None, name='game', opacity=1.0, ori=0.0, pos=array([ 0.41, -0.19]), size=array([0.4, 0.5]), texRes=128, units='height', win=Window(...))
12.0906 	EXP 	Created blank = TextStim(__class__=<class 'psychopy.visual.text.TextStim'>, alignHoriz='center', alignVert='center', antialias=True, autoLog=True, bold=False, color='white', colorSpace='named', contrast=1.0, depth=-9.0, flipHoriz=False, flipVert=False, font='Arial', fontFiles=[], height=0.1, italic=False, languageStyle='LTR', name='blank', opacity=1.0, ori=0, pos=array([0., 0.]), rgb=array([255., 255., 255.]), text='', units='height', win=Window(...), wrapWidth=1)
12.1230 	EXP 	Created testQChoice = TextStim(__class__=<class 'psychopy.visual.text.TextStim'>, alignHoriz='center', alignVert='center', antialias=True, autoLog=True, bold=False, color='white', colorSpace='named', contrast=1.0, depth=0.0, flipHoriz=False, flipVert=False, font='Arial', fontFiles=[], height=0.055, italic=False, languageStyle='LTR', name='testQChoice', opacity=1.0, ori=0, pos=array([0.  , 0.35]), rgb=array([255., 255., 255.]), text=str(...), units='height', win=Window(...), wrapWidth=1.3)
12.1270 	EXP 	Created image = ImageStim(__class__=<class 'psychopy.visual.image.ImageStim'>, autoLog=True, color=array([1., 1., 1.]), colorSpace='rgb', contrast=1.0, depth=-1.0, flipHoriz=False, flipVert=False, image='gre.png', interpolate=True, mask=None, maskParams=None, name='image', opacity=1.0, ori=0.0, pos=array([0.   , 0.105]), size=array([0.3 , 0.11]), texRes=128, units='height', win=Window(...))
12.1300 	EXP 	Created image_2 = ImageStim(__class__=<class 'psychopy.visual.image.ImageStim'>, autoLog=True, color=array([1., 1., 1.]), colorSpace='rgb', contrast=1.0, depth=-2.0, flipHoriz=False, flipVert=False, image='gmat.png', interpolate=True, mask=None, maskParams=None, name='image_2', opacity=1.0, ori=0.0, pos=array([ 0.  , -0.05]), size=array([0.3 , 0.11]), texRes=128, units='height', win=Window(...))
12.1325 	EXP 	Created image_3 = ImageStim(__class__=<class 'psychopy.visual.image.ImageStim'>, autoLog=True, color=array([1., 1., 1.]), colorSpace='rgb', contrast=1.0, depth=-3.0, flipHoriz=False, flipVert=False, image='lsat.png', interpolate=True, mask=None, maskParams=None, name='image_3', opacity=1.0, ori=0.0, pos=array([ 0. , -0.2]), size=array([0.3 , 0.11]), texRes=128, units='height', win=Window(...))
12.1345 	EXP 	Created polygon = Rect(__class__=<class 'psychopy.visual.rect.Rect'>, autoDraw=False, autoLog=True, closeShape=True, color=method-wrapper(...), colorSpace=None, contrast=1.0, depth=-5.0, fillColor=None, fillColorSpace='rgb', fillRGB=None, interpolate=True, lineColor=array([-1., -1., -1.]), lineColorSpace='rgb', lineRGB=array([-1., -1., -1.]), lineWidth=1.0, name='polygon', opacity=1.0, ori=array(1.), pos=array([0., 0.]), size=array([1., 1.]), units='height', vertices=ndarray(...), win=Window(...))
12.1454 	EXP 	Created TextQuestion = TextStim(__class__=<class 'psychopy.visual.text.TextStim'>, alignHoriz='center', alignVert='center', antialias=True, autoLog=True, bold=False, color='white', colorSpace='named', contrast=1.0, depth=0.0, flipHoriz=False, flipVert=False, font='Arial', fontFiles=[], height=0.028, italic=False, languageStyle='LTR', name='TextQuestion', opacity=1.0, ori=0, pos=array([0.  , 0.35]), rgb=array([255., 255., 255.]), text='default text', units='height', win=Window(...), wrapWidth=1.45)
12.1549 	EXP 	Created choiceA = TextStim(__class__=<class 'psychopy.visual.text.TextStim'>, alignHoriz='center', alignVert='center', antialias=True, autoLog=True, bold=False, color='white', colorSpace='named', contrast=1.0, depth=-3.0, flipHoriz=False, flipVert=False, font='Arial', fontFiles=[], height=0.026, italic=False, languageStyle='LTR', name='choiceA', opacity=1.0, ori=0, pos=array([0., 0.]), rgb=array([255., 255., 255.]), text='default text', units='height', win=Window(...), wrapWidth=1.4)
12.1581 	EXP 	Created choiceB = TextStim(__class__=<class 'psychopy.visual.text.TextStim'>, alignHoriz='center', alignVert='center', antialias=True, autoLog=True, bold=False, color='white', colorSpace='named', contrast=1.0, depth=-4.0, flipHoriz=False, flipVert=False, font='Arial', fontFiles=[], height=0.026, italic=False, languageStyle='LTR', name='choiceB', opacity=1.0, ori=0, pos=array([ 0. , -0.1]), rgb=array([255., 255., 255.]), text='default text', units='height', win=Window(...), wrapWidth=1.4)
12.1615 	EXP 	Created choiceC = TextStim(__class__=<class 'psychopy.visual.text.TextStim'>, alignHoriz='center', alignVert='center', antialias=True, autoLog=True, bold=False, color='white', colorSpace='named', contrast=1.0, depth=-5.0, flipHoriz=False, flipVert=False, font='Arial', fontFiles=[], height=0.026, italic=False, languageStyle='LTR', name='choiceC', opacity=1.0, ori=0, pos=array([ 0. , -0.2]), rgb=array([255., 255., 255.]), text='default text', units='height', win=Window(...), wrapWidth=1.4)
12.1649 	EXP 	Created choiceD = TextStim(__class__=<class 'psychopy.visual.text.TextStim'>, alignHoriz='center', alignVert='center', antialias=True, autoLog=True, bold=False, color='white', colorSpace='named', contrast=1.0, depth=-6.0, flipHoriz=False, flipVert=False, font='Arial', fontFiles=[], height=0.026, italic=False, languageStyle='LTR', name='choiceD', opacity=1.0, ori=0, pos=array([ 0. , -0.3]), rgb=array([255., 255., 255.]), text='default text', units='height', win=Window(...), wrapWidth=1.4)
12.1681 	EXP 	Created choiceE = TextStim(__class__=<class 'psychopy.visual.text.TextStim'>, alignHoriz='center', alignVert='center', antialias=True, autoLog=True, bold=False, color='white', colorSpace='named', contrast=1.0, depth=-7.0, flipHoriz=False, flipVert=False, font='Arial', fontFiles=[], height=0.026, italic=False, languageStyle='LTR', name='choiceE', opacity=1.0, ori=0, pos=array([ 0. , -0.4]), rgb=array([255., 255., 255.]), text='default text', units='height', win=Window(...), wrapWidth=1.4)
12.1685 	EXP 	Created conBlank = TextStim(__class__=<class 'psychopy.visual.text.TextStim'>, alignHoriz='center', alignVert='center', antialias=True, autoLog=True, bold=False, color='white', colorSpace='named', contrast=1.0, depth=-9.0, flipHoriz=False, flipVert=False, font='Arial', fontFiles=[], height=0.1, italic=False, languageStyle='LTR', name='conBlank', opacity=1.0, ori=0, pos=array([0., 0.]), rgb=array([255., 255., 255.]), text='', units='height', win=Window(...), wrapWidth=1)
12.2490 	EXP 	Created text = TextStim(__class__=<class 'psychopy.visual.text.TextStim'>, alignHoriz='center', alignVert='center', antialias=True, autoLog=True, bold=False, color='white', colorSpace='named', contrast=1.0, depth=0.0, flipHoriz=False, flipVert=False, font='Arial', fontFiles=[], height=0.07, italic=False, languageStyle='LTR', name='text', opacity=1.0, ori=0, pos=array([0., 0.]), rgb=array([255., 255., 255.]), text=str(...), units='height', win=Window(...), wrapWidth=1)
12.2807 	EXP 	instruct: autoDraw = True
14.0892 	DATA 	Keypress: space
14.1063 	EXP 	Created sequence: random, trialTypes=1, nReps=5, seed=None
14.1064 	EXP 	New trial (rep=0, index=0): None
14.1186 	EXP 	instruct: autoDraw = False
14.1186 	EXP 	regCue: autoDraw = True
17.1424 	EXP 	regCue: autoDraw = False
17.1424 	EXP 	regCue: autoDraw = False
17.1424 	EXP 	blank: text = ''
17.1424 	EXP 	choiceQ: autoDraw = True
17.1424 	EXP 	testChoice: autoDraw = True
17.1424 	EXP 	videogameChoice: autoDraw = True
17.1424 	EXP 	gre: autoDraw = True
17.1424 	EXP 	gmat: autoDraw = True
17.1424 	EXP 	lsat: autoDraw = True
17.1424 	EXP 	game: autoDraw = True
18.4781 	DATA 	Keypress: 1
18.4886 	EXP 	testChoice: color = 'green (named)'
18.4886 	EXP 	blank: autoDraw = True
18.5052 	EXP 	testChoice: color = 'green (named)'
18.5219 	EXP 	testChoice: color = 'green (named)'
18.5386 	EXP 	testChoice: color = 'green (named)'
18.5556 	EXP 	testChoice: color = 'green (named)'
18.5720 	EXP 	testChoice: color = 'green (named)'
18.5887 	EXP 	testChoice: color = 'green (named)'
18.6056 	EXP 	testChoice: color = 'green (named)'
18.6220 	EXP 	testChoice: color = 'green (named)'
18.6386 	EXP 	testChoice: color = 'green (named)'
18.6555 	EXP 	testChoice: color = 'green (named)'
18.6722 	EXP 	testChoice: color = 'green (named)'
18.6891 	EXP 	testChoice: color = 'green (named)'
18.7056 	EXP 	testChoice: color = 'green (named)'
18.7221 	EXP 	testChoice: color = 'green (named)'
18.7387 	EXP 	testChoice: color = 'green (named)'
18.7556 	EXP 	testChoice: color = 'green (named)'
18.7722 	EXP 	testChoice: color = 'green (named)'
18.7889 	EXP 	testChoice: color = 'green (named)'
18.8058 	EXP 	testChoice: color = 'green (named)'
18.8223 	EXP 	testChoice: color = 'green (named)'
18.8389 	EXP 	testChoice: color = 'green (named)'
18.8558 	EXP 	testChoice: color = 'green (named)'
18.8728 	EXP 	testChoice: color = 'green (named)'
18.8890 	EXP 	testChoice: color = 'green (named)'
18.9061 	EXP 	testChoice: color = 'green (named)'
18.9234 	EXP 	testChoice: color = 'green (named)'
18.9391 	EXP 	testChoice: color = 'green (named)'
18.9559 	EXP 	testChoice: color = 'green (named)'
18.9725 	EXP 	testChoice: color = 'green (named)'
18.9892 	EXP 	testChoice: color = 'green (named)'
19.0057 	EXP 	testChoice: color = 'green (named)'
19.0224 	EXP 	testChoice: color = 'green (named)'
19.0394 	EXP 	testChoice: color = 'green (named)'
19.0559 	EXP 	testChoice: color = 'green (named)'
19.0723 	EXP 	testChoice: color = 'green (named)'
19.0892 	EXP 	testChoice: color = 'green (named)'
19.1058 	EXP 	testChoice: color = 'green (named)'
19.1230 	EXP 	testChoice: color = 'green (named)'
19.1388 	EXP 	testChoice: color = 'green (named)'
19.1556 	EXP 	testChoice: color = 'green (named)'
19.1724 	EXP 	testChoice: color = 'green (named)'
19.1888 	EXP 	testChoice: color = 'green (named)'
19.2062 	EXP 	testChoice: color = 'green (named)'
19.2224 	EXP 	testChoice: color = 'green (named)'
19.2392 	EXP 	testChoice: color = 'green (named)'
19.2555 	EXP 	testChoice: color = 'green (named)'
19.2725 	EXP 	testChoice: color = 'green (named)'
19.2893 	EXP 	testChoice: color = 'green (named)'
19.3062 	EXP 	testChoice: color = 'green (named)'
19.3226 	EXP 	testChoice: color = 'green (named)'
19.3392 	EXP 	testChoice: color = 'green (named)'
19.3559 	EXP 	testChoice: color = 'green (named)'
19.3725 	EXP 	testChoice: color = 'green (named)'
19.3893 	EXP 	testChoice: color = 'green (named)'
19.4060 	EXP 	testChoice: color = 'green (named)'
19.4227 	EXP 	testChoice: color = 'green (named)'
19.4394 	EXP 	testChoice: color = 'green (named)'
19.4563 	EXP 	testChoice: color = 'green (named)'
19.4730 	EXP 	testChoice: color = 'green (named)'
19.4895 	EXP 	testChoice: color = 'green (named)'
19.5062 	EXP 	testChoice: color = 'green (named)'
19.5228 	EXP 	testChoice: color = 'green (named)'
19.5395 	EXP 	testChoice: color = 'green (named)'
19.5564 	EXP 	testChoice: color = 'green (named)'
19.5728 	EXP 	testChoice: color = 'green (named)'
19.5896 	EXP 	testChoice: color = 'green (named)'
19.6062 	EXP 	testChoice: color = 'green (named)'
19.6229 	EXP 	testChoice: color = 'green (named)'
19.6397 	EXP 	testChoice: color = 'green (named)'
19.6564 	EXP 	testChoice: color = 'green (named)'
19.6733 	EXP 	testChoice: color = 'green (named)'
19.6897 	EXP 	testChoice: color = 'green (named)'
19.7063 	EXP 	testChoice: color = 'green (named)'
19.7230 	EXP 	testChoice: color = 'green (named)'
19.7395 	EXP 	testChoice: color = 'green (named)'
19.7565 	EXP 	testChoice: color = 'green (named)'
19.7731 	EXP 	testChoice: color = 'green (named)'
19.7897 	EXP 	testChoice: color = 'green (named)'
19.8063 	EXP 	testChoice: color = 'green (named)'
19.8230 	EXP 	testChoice: color = 'green (named)'
19.8396 	EXP 	testChoice: color = 'green (named)'
19.8567 	EXP 	testChoice: color = 'green (named)'
19.8731 	EXP 	testChoice: color = 'green (named)'
19.8901 	EXP 	testChoice: color = 'green (named)'
19.9064 	EXP 	testChoice: color = 'green (named)'
19.9232 	EXP 	testChoice: color = 'green (named)'
19.9400 	EXP 	testChoice: color = 'green (named)'
19.9566 	EXP 	testChoice: color = 'green (named)'
19.9731 	EXP 	testChoice: color = 'green (named)'
19.9901 	EXP 	testChoice: color = 'green (named)'
19.9901 	EXP 	blank: autoDraw = False
20.0197 	EXP 	Imported RowsExcel.xlsx as conditions, 5 conditions, 1 params
20.0199 	EXP 	Created sequence: random, trialTypes=5, nReps=1, seed=None
20.0201 	EXP 	New trial (rep=0, index=0): OrderedDict([('Rows', '005:0010')])
20.0294 	EXP 	choiceQ: autoDraw = False
20.0294 	EXP 	testChoice: autoDraw = False
20.0294 	EXP 	videogameChoice: autoDraw = False
20.0294 	EXP 	gre: autoDraw = False
20.0294 	EXP 	gmat: autoDraw = False
20.0294 	EXP 	lsat: autoDraw = False
20.0294 	EXP 	game: autoDraw = False
20.0294 	EXP 	testChoice: color = 'green (named)'
20.0294 	EXP 	choiceQ: autoDraw = False
20.0294 	EXP 	testChoice: autoDraw = False
20.0294 	EXP 	videogameChoice: autoDraw = False
20.0294 	EXP 	gre: autoDraw = False
20.0294 	EXP 	gmat: autoDraw = False
20.0294 	EXP 	lsat: autoDraw = False
20.0294 	EXP 	game: autoDraw = False
20.0294 	EXP 	blank: autoDraw = False
20.0294 	EXP 	videogameChoice: color = 'white (named)'
20.0294 	EXP 	testChoice: color = 'white (named)'
20.0294 	EXP 	choiceQ: autoDraw = False
20.0294 	EXP 	testChoice: autoDraw = False
20.0294 	EXP 	videogameChoice: autoDraw = False
20.0294 	EXP 	gre: autoDraw = False
20.0294 	EXP 	gmat: autoDraw = False
20.0294 	EXP 	lsat: autoDraw = False
20.0294 	EXP 	polygon: opacity = 1.0
20.0294 	EXP 	polygon: size = array([0.32, 0.13])
20.0294 	EXP 	polygon: ori = 0.0
20.0294 	EXP 	polygon: lineWidth = 8.0
20.0294 	EXP 	testQChoice: autoDraw = True
20.0294 	EXP 	image: autoDraw = True
20.0294 	EXP 	image_2: autoDraw = True
20.0294 	EXP 	image_3: autoDraw = True
21.5122 	DATA 	Keypress: 2
21.5410 	EXP 	polygon: autoDraw = True
21.5581 	EXP 	polygon: autoDraw = True
21.5746 	EXP 	polygon: autoDraw = True
21.5914 	EXP 	polygon: autoDraw = True
21.6082 	EXP 	polygon: autoDraw = True
21.6247 	EXP 	polygon: autoDraw = True
21.6414 	EXP 	polygon: autoDraw = True
21.6582 	EXP 	polygon: autoDraw = True
21.6747 	EXP 	polygon: autoDraw = True
21.6917 	EXP 	polygon: autoDraw = True
21.7078 	EXP 	polygon: autoDraw = True
21.7247 	EXP 	polygon: autoDraw = True
21.7414 	EXP 	polygon: autoDraw = True
21.7583 	EXP 	polygon: autoDraw = True
21.7747 	EXP 	polygon: autoDraw = True
21.7914 	EXP 	polygon: autoDraw = True
21.8081 	EXP 	polygon: autoDraw = True
21.8248 	EXP 	polygon: autoDraw = True
21.8416 	EXP 	polygon: autoDraw = True
21.8589 	EXP 	polygon: autoDraw = True
21.8748 	EXP 	polygon: autoDraw = True
21.8915 	EXP 	polygon: autoDraw = True
21.9087 	EXP 	polygon: autoDraw = True
21.9249 	EXP 	polygon: autoDraw = True
21.9417 	EXP 	polygon: autoDraw = True
21.9583 	EXP 	polygon: autoDraw = True
21.9749 	EXP 	polygon: autoDraw = True
21.9918 	EXP 	polygon: autoDraw = True
22.0082 	EXP 	polygon: autoDraw = True
22.0251 	EXP 	polygon: autoDraw = True
22.0414 	EXP 	polygon: autoDraw = True
22.0582 	EXP 	polygon: autoDraw = True
22.0749 	EXP 	polygon: autoDraw = True
22.0915 	EXP 	polygon: autoDraw = True
22.1082 	EXP 	polygon: autoDraw = True
22.1253 	EXP 	polygon: autoDraw = True
22.1417 	EXP 	polygon: autoDraw = True
22.1580 	EXP 	polygon: autoDraw = True
22.1750 	EXP 	polygon: autoDraw = True
22.1972 	EXP 	Imported QuestionsText.xlsx as conditions, 5 conditions, 21 params
22.1974 	EXP 	Created sequence: sequential, trialTypes=5, nReps=1, seed=None
22.1977 	EXP 	New trial (rep=0, index=0): OrderedDict([('GMAT', '1)\xa0The National Farm Administration (NFA) has been concerned over the last decade with the struggles of barley growers.\nPlan: In an effort to support these barley growers, two years ago, the NFA began a program of sending them, each autumn, a free special mix of fertilizer and enzymes designed to multiply barley yield, to be applied the following spring during first growth. \xa0This mix had been stunningly successful in multiplying the yield of barley in laboratory conditions.\nResults: Most barley growers reported little change in their economic status over this two year period.\n\nFurther information: All barley growers received the shipments, and all used them. \xa0Weather conditions have been fair to optimal for barley growth over the past two years.\n\nIn light of the further information, which of the following, if true, does most to explain the result that followed the implementation of the plan?'), ('GMATQA', '(A) During these two years, most of the barley growers reported using no other fertilizer besides the special mix sent by the government'), ('GMATQB', '(B) The trucks that drove the special mix from the depot in Wisconsin to the individual farms sometime took as much as 4 or 5 days.'), ('GMATQC', '(C) Some of the enzymes in the special mix multiply the growth of a bacteria that feeds on the young barley plants.'), ('GMATQD', '(D) This program was implemented at a time when more than half of barley growers nationwide were reported barely breaking even in their yearly expenses.'), ('GMATQE', '(E) This was the second such NFA program to aid barley growers; the first one, 14 years ago, was started with high hopes, but did little to change their situation.'), ('GMATAs', 'c'), ('GRE', '1) The Green Peas Grocery Store in the remote wealthy enclave of Luxville charges more than the Green Peas Grocery Store in Oak City charges for the same items. Clearly, on any given item, the Green Peas grocery franchise is taking advantage of its location in Luxville to reap higher profits on that item.\n\nIn evaluating the argument, it would be most useful to compare'), ('GREQA', '(A) the selection of specialty items in the Oak City location with the selection of specialty items in the Luxville location.'), ('GREQB', '(B)the cost of transporting merchandise to the Oak City location with the comparable cost to the Luxville location.'), ('GREQC', '(C) the average cost of the same or comparable items at other grocery stores in Oak City with the average cost at other stores in Luxville.'), ('GREQD', '(D)the percent of average household income spent on groceries in Oak City with the comparable percentage in Luxville.'), ('GREQE', '(E) the cost of these items in Oak City and in Luxville with the cost at other Green Peas stores throughout the state.'), ('GREA', 'b'), ('LSAT', '1)Several critics have claimed that any contemporary poet who writes formal poetry—poetry that is rhymed and metered—is performing a politically conservative act. This is plainly false. Consider Molly Peacock and Marilyn Hacker, two contemporary poets whose poetry is almost exclusively formal and yet who are themselves politically progressive feminists.\n\nThe conclusion drawn above follows logically if which one of the following is assumed?'), ('LSATQA', '(A) No one who is a feminist is also politically conservative.'), ('LSATQB', '(B)No poet who writes unrhymed or unmetered poetry is politically conservative.'), ('LSATQC', '(C)No one who is politically progressive is capable of performing a politically conservative act'), ('LSATQD', '(D)Anyone who sometimes writes poetry that is not politically conservative never writes poetry that is politically conservative.'), ('LSATQE', '(E)The content of a poet’s work, not the work’s form, is the most decisive factor in determining what political consequences, if any, the work will have.'), ('LSATAs', 'c')])
22.3690 	DATA 	Keypress: return
22.3745 	EXP 	polygon: autoDraw = True
22.3745 	EXP 	testQChoice: autoDraw = False
22.3745 	EXP 	image: autoDraw = False
22.3745 	EXP 	image_2: autoDraw = False
22.3745 	EXP 	image_3: autoDraw = False
22.3745 	EXP 	polygon: autoDraw = False
22.3745 	EXP 	TextQuestion: text = 'PLACEHOLDER'
22.3745 	EXP 	choiceA: text = 'QA'
22.3745 	EXP 	choiceB: text = 'QB'
22.3745 	EXP 	choiceC: text = 'QC'
22.3745 	EXP 	choiceD: text = 'QD'
22.3745 	EXP 	choiceE: text = 'QE'
22.3745 	EXP 	TextQuestion: text = '1)\xa0The National Farm Administration (NFA) has been concerned over the last decade with the struggles of barley growers.\nPlan: In an effort to support these barley growers, two years ago, the NFA began a program of sending them, each autumn, a free special mix of fertilizer and enzymes designed to multiply barley yield, to be applied the following spring during first growth. \xa0This mix had been stunningly successful in multiplying the yield of barley in laboratory conditions.\nResults: Most barley growers reported little change in their economic status over this two year period.\n\nFurther information: All barley growers received the shipments, and all used them. \xa0Weather conditions have been fair to optimal for barley growth over the past two years.\n\nIn light of the further information, which of the following, if true, does most to explain the result that followed the implementation of the plan?'
22.3745 	EXP 	choiceA: text = '(A) During these two years, most of the barley growers reported using no other fertilizer besides the special mix sent by the government'
22.3745 	EXP 	choiceB: text = '(B) The trucks that drove the special mix from the depot in Wisconsin to the individual farms sometime took as much as 4 or 5 days.'
22.3745 	EXP 	choiceC: text = '(C) Some of the enzymes in the special mix multiply the growth of a bacteria that feeds on the young barley plants.'
22.3745 	EXP 	choiceD: text = '(D) This program was implemented at a time when more than half of barley growers nationwide were reported barely breaking even in their yearly expenses.'
22.3745 	EXP 	choiceE: text = '(E) This was the second such NFA program to aid barley growers; the first one, 14 years ago, was started with high hopes, but did little to change their situation.'
22.3745 	EXP 	TextQuestion: autoDraw = True
22.3745 	EXP 	choiceA: autoDraw = True
22.3745 	EXP 	choiceB: autoDraw = True
22.3745 	EXP 	choiceC: autoDraw = True
22.3745 	EXP 	choiceD: autoDraw = True
22.3745 	EXP 	choiceE: autoDraw = True
24.1835 	DATA 	Keypress: a
26.2182 	DATA 	Keypress: return
26.2451 	EXP 	choiceA: color = 'green (named)'
26.2451 	EXP 	conBlank: autoDraw = True
26.2626 	EXP 	choiceA: color = 'green (named)'
26.2792 	EXP 	choiceA: color = 'green (named)'
26.2951 	EXP 	choiceA: color = 'green (named)'
26.3119 	EXP 	choiceA: color = 'green (named)'
26.3284 	EXP 	choiceA: color = 'green (named)'
26.3451 	EXP 	choiceA: color = 'green (named)'
26.3618 	EXP 	choiceA: color = 'green (named)'
26.3783 	EXP 	choiceA: color = 'green (named)'
26.3952 	EXP 	choiceA: color = 'green (named)'
26.4119 	EXP 	choiceA: color = 'green (named)'
26.4285 	EXP 	choiceA: color = 'green (named)'
26.4452 	EXP 	choiceA: color = 'green (named)'
26.4619 	EXP 	choiceA: color = 'green (named)'
26.4789 	EXP 	choiceA: color = 'green (named)'
26.4953 	EXP 	choiceA: color = 'green (named)'
26.5120 	EXP 	choiceA: color = 'green (named)'
26.5288 	EXP 	choiceA: color = 'green (named)'
26.5453 	EXP 	choiceA: color = 'green (named)'
26.5621 	EXP 	choiceA: color = 'green (named)'
26.5787 	EXP 	choiceA: color = 'green (named)'
26.5954 	EXP 	choiceA: color = 'green (named)'
26.6123 	EXP 	choiceA: color = 'green (named)'
26.6289 	EXP 	choiceA: color = 'green (named)'
26.6454 	EXP 	choiceA: color = 'green (named)'
26.6620 	EXP 	choiceA: color = 'green (named)'
26.6788 	EXP 	choiceA: color = 'green (named)'
26.6955 	EXP 	choiceA: color = 'green (named)'
26.7123 	EXP 	choiceA: color = 'green (named)'
26.7290 	EXP 	choiceA: color = 'green (named)'
26.7456 	EXP 	choiceA: color = 'green (named)'
26.7623 	EXP 	choiceA: color = 'green (named)'
26.7793 	EXP 	choiceA: color = 'green (named)'
26.7956 	EXP 	choiceA: color = 'green (named)'
26.8123 	EXP 	choiceA: color = 'green (named)'
26.8292 	EXP 	choiceA: color = 'green (named)'
26.8458 	EXP 	choiceA: color = 'green (named)'
26.8627 	EXP 	choiceA: color = 'green (named)'
26.8794 	EXP 	choiceA: color = 'green (named)'
26.8954 	EXP 	choiceA: color = 'green (named)'
26.9124 	EXP 	choiceA: color = 'green (named)'
26.9291 	EXP 	choiceA: color = 'green (named)'
26.9458 	EXP 	choiceA: color = 'green (named)'
26.9624 	EXP 	choiceA: color = 'green (named)'
26.9791 	EXP 	choiceA: color = 'green (named)'
26.9956 	EXP 	choiceA: color = 'green (named)'
27.0125 	EXP 	choiceA: color = 'green (named)'
27.0290 	EXP 	choiceA: color = 'green (named)'
27.0454 	EXP 	choiceA: color = 'green (named)'
27.0625 	EXP 	choiceA: color = 'green (named)'
27.0790 	EXP 	choiceA: color = 'green (named)'
27.0960 	EXP 	choiceA: color = 'green (named)'
27.1129 	EXP 	choiceA: color = 'green (named)'
27.1291 	EXP 	choiceA: color = 'green (named)'
27.1457 	EXP 	choiceA: color = 'green (named)'
27.1624 	EXP 	choiceA: color = 'green (named)'
27.1791 	EXP 	choiceA: color = 'green (named)'
27.1957 	EXP 	choiceA: color = 'green (named)'
27.2125 	EXP 	choiceA: color = 'green (named)'
27.2288 	EXP 	choiceA: color = 'green (named)'
27.2460 	EXP 	choiceA: color = 'green (named)'
27.2624 	EXP 	choiceA: color = 'green (named)'
27.2792 	EXP 	choiceA: color = 'green (named)'
27.2958 	EXP 	choiceA: color = 'green (named)'
27.3125 	EXP 	choiceA: color = 'green (named)'
27.3292 	EXP 	choiceA: color = 'green (named)'
27.3459 	EXP 	choiceA: color = 'green (named)'
27.3626 	EXP 	choiceA: color = 'green (named)'
27.3792 	EXP 	choiceA: color = 'green (named)'
27.3960 	EXP 	choiceA: color = 'green (named)'
27.4127 	EXP 	choiceA: color = 'green (named)'
27.4293 	EXP 	choiceA: color = 'green (named)'
27.4460 	EXP 	choiceA: color = 'green (named)'
27.4628 	EXP 	choiceA: color = 'green (named)'
27.4796 	EXP 	choiceA: color = 'green (named)'
27.4961 	EXP 	choiceA: color = 'green (named)'
27.5127 	EXP 	choiceA: color = 'green (named)'
27.5297 	EXP 	choiceA: color = 'green (named)'
27.5466 	EXP 	choiceA: color = 'green (named)'
27.5630 	EXP 	choiceA: color = 'green (named)'
27.5798 	EXP 	choiceA: color = 'green (named)'
27.5960 	EXP 	choiceA: color = 'green (named)'
27.6128 	EXP 	choiceA: color = 'green (named)'
27.6296 	EXP 	choiceA: color = 'green (named)'
27.6465 	EXP 	choiceA: color = 'green (named)'
27.6630 	EXP 	choiceA: color = 'green (named)'
27.6796 	EXP 	choiceA: color = 'green (named)'
27.6963 	EXP 	choiceA: color = 'green (named)'
27.7129 	EXP 	choiceA: color = 'green (named)'
27.7297 	EXP 	choiceA: color = 'green (named)'
27.7463 	EXP 	choiceA: color = 'green (named)'
27.7463 	EXP 	conBlank: autoDraw = False
27.7633 	EXP 	choiceA: color = 'green (named)'
27.7798 	EXP 	choiceA: color = 'green (named)'
27.7963 	EXP 	choiceA: color = 'green (named)'
27.8133 	EXP 	choiceA: color = 'green (named)'
27.8298 	EXP 	choiceA: color = 'green (named)'
27.8464 	EXP 	choiceA: color = 'green (named)'
27.8633 	EXP 	choiceA: color = 'green (named)'
27.8815 	EXP 	choiceA: color = 'green (named)'
27.8975 	EXP 	choiceA: color = 'green (named)'
27.9144 	EXP 	choiceA: color = 'green (named)'
27.9304 	EXP 	choiceA: color = 'green (named)'
27.9464 	EXP 	choiceA: color = 'green (named)'
27.9632 	EXP 	choiceA: color = 'green (named)'
27.9798 	EXP 	choiceA: color = 'green (named)'
27.9965 	EXP 	choiceA: color = 'green (named)'
28.0131 	EXP 	choiceA: color = 'green (named)'
28.0301 	EXP 	choiceA: color = 'green (named)'
28.0462 	EXP 	choiceA: color = 'green (named)'
28.0633 	EXP 	choiceA: color = 'green (named)'
28.0799 	EXP 	choiceA: color = 'green (named)'
28.0975 	EXP 	choiceA: color = 'green (named)'
28.1134 	EXP 	choiceA: color = 'green (named)'
28.1302 	EXP 	choiceA: color = 'green (named)'
28.1463 	EXP 	choiceA: color = 'green (named)'
28.1633 	EXP 	choiceA: color = 'green (named)'
28.1799 	EXP 	choiceA: color = 'green (named)'
28.1966 	EXP 	choiceA: color = 'green (named)'
28.2133 	EXP 	choiceA: color = 'green (named)'
28.2297 	EXP 	choiceA: color = 'green (named)'
28.2468 	EXP 	choiceA: color = 'green (named)'
28.2631 	EXP 	choiceA: color = 'green (named)'
28.2802 	EXP 	choiceA: color = 'green (named)'
28.2967 	EXP 	choiceA: color = 'green (named)'
28.3135 	EXP 	choiceA: color = 'green (named)'
28.3300 	EXP 	choiceA: color = 'green (named)'
28.3466 	EXP 	choiceA: color = 'green (named)'
28.3635 	EXP 	choiceA: color = 'green (named)'
28.3802 	EXP 	choiceA: color = 'green (named)'
28.3969 	EXP 	choiceA: color = 'green (named)'
28.4135 	EXP 	choiceA: color = 'green (named)'
28.4302 	EXP 	choiceA: color = 'green (named)'
28.4469 	EXP 	choiceA: color = 'green (named)'
28.4636 	EXP 	choiceA: color = 'green (named)'
28.4804 	EXP 	choiceA: color = 'green (named)'
28.4971 	EXP 	choiceA: color = 'green (named)'
28.5134 	EXP 	choiceA: color = 'green (named)'
28.5309 	EXP 	choiceA: color = 'green (named)'
28.5470 	EXP 	choiceA: color = 'green (named)'
28.5636 	EXP 	choiceA: color = 'green (named)'
28.5806 	EXP 	choiceA: color = 'green (named)'
28.5970 	EXP 	choiceA: color = 'green (named)'
28.6137 	EXP 	choiceA: color = 'green (named)'
28.6307 	EXP 	choiceA: color = 'green (named)'
28.6471 	EXP 	choiceA: color = 'green (named)'
28.6638 	EXP 	choiceA: color = 'green (named)'
28.6805 	EXP 	choiceA: color = 'green (named)'
28.6970 	EXP 	choiceA: color = 'green (named)'
28.7139 	EXP 	choiceA: color = 'green (named)'
28.7304 	EXP 	choiceA: color = 'green (named)'
28.7473 	EXP 	choiceA: color = 'green (named)'
28.7643 	EXP 	choiceA: color = 'green (named)'
28.7806 	EXP 	choiceA: color = 'green (named)'
28.7971 	EXP 	choiceA: color = 'green (named)'
28.8139 	EXP 	choiceA: color = 'green (named)'
28.8305 	EXP 	choiceA: color = 'green (named)'
28.8472 	EXP 	choiceA: color = 'green (named)'
28.8640 	EXP 	choiceA: color = 'green (named)'
28.8809 	EXP 	choiceA: color = 'green (named)'
28.8972 	EXP 	choiceA: color = 'green (named)'
28.9140 	EXP 	choiceA: color = 'green (named)'
28.9307 	EXP 	choiceA: color = 'green (named)'
28.9474 	EXP 	choiceA: color = 'green (named)'
28.9643 	EXP 	choiceA: color = 'green (named)'
28.9810 	EXP 	choiceA: color = 'green (named)'
28.9975 	EXP 	choiceA: color = 'green (named)'
29.0141 	EXP 	choiceA: color = 'green (named)'
29.0308 	EXP 	choiceA: color = 'green (named)'
29.0472 	EXP 	choiceA: color = 'green (named)'
29.0640 	EXP 	choiceA: color = 'green (named)'
29.0804 	EXP 	choiceA: color = 'green (named)'
29.0973 	EXP 	choiceA: color = 'green (named)'
29.1139 	EXP 	choiceA: color = 'green (named)'
29.1305 	EXP 	choiceA: color = 'green (named)'
29.1473 	EXP 	choiceA: color = 'green (named)'
29.1640 	EXP 	choiceA: color = 'green (named)'
29.1808 	EXP 	choiceA: color = 'green (named)'
29.1973 	EXP 	choiceA: color = 'green (named)'
29.2138 	EXP 	choiceA: color = 'green (named)'
29.2309 	EXP 	choiceA: color = 'green (named)'
29.2477 	EXP 	choiceA: color = 'green (named)'
29.2639 	EXP 	choiceA: color = 'green (named)'
29.2806 	EXP 	choiceA: color = 'green (named)'
29.2976 	EXP 	choiceA: color = 'green (named)'
29.3142 	EXP 	choiceA: color = 'green (named)'
29.3309 	EXP 	choiceA: color = 'green (named)'
29.3475 	EXP 	choiceA: color = 'green (named)'
29.3643 	EXP 	choiceA: color = 'green (named)'
29.3809 	EXP 	choiceA: color = 'green (named)'
29.3976 	EXP 	choiceA: color = 'green (named)'
29.4143 	EXP 	choiceA: color = 'green (named)'
29.4312 	EXP 	choiceA: color = 'green (named)'
29.4477 	EXP 	choiceA: color = 'green (named)'
29.4645 	EXP 	choiceA: color = 'green (named)'
29.4813 	EXP 	choiceA: color = 'green (named)'
29.4977 	EXP 	choiceA: color = 'green (named)'
29.5146 	EXP 	choiceA: color = 'green (named)'
29.5314 	EXP 	choiceA: color = 'green (named)'
29.5478 	EXP 	choiceA: color = 'green (named)'
29.5646 	EXP 	choiceA: color = 'green (named)'
29.5814 	EXP 	choiceA: color = 'green (named)'
29.5979 	EXP 	choiceA: color = 'green (named)'
29.6145 	EXP 	choiceA: color = 'green (named)'
29.6312 	EXP 	choiceA: color = 'green (named)'
29.6478 	EXP 	choiceA: color = 'green (named)'
29.6647 	EXP 	choiceA: color = 'green (named)'
29.6812 	EXP 	choiceA: color = 'green (named)'
29.6982 	EXP 	choiceA: color = 'green (named)'
29.7150 	EXP 	choiceA: color = 'green (named)'
29.7319 	EXP 	choiceA: color = 'green (named)'
29.7480 	EXP 	choiceA: color = 'green (named)'
29.7646 	EXP 	choiceA: color = 'green (named)'
29.7813 	EXP 	choiceA: color = 'green (named)'
29.7982 	EXP 	choiceA: color = 'green (named)'
29.8149 	EXP 	choiceA: color = 'green (named)'
29.8314 	EXP 	choiceA: color = 'green (named)'
29.8482 	EXP 	choiceA: color = 'green (named)'
29.8647 	EXP 	choiceA: color = 'green (named)'
29.8814 	EXP 	choiceA: color = 'green (named)'
29.8979 	EXP 	choiceA: color = 'green (named)'
29.9150 	EXP 	choiceA: color = 'green (named)'
29.9312 	EXP 	choiceA: color = 'green (named)'
29.9481 	EXP 	choiceA: color = 'green (named)'
29.9650 	EXP 	choiceA: color = 'green (named)'
29.9815 	EXP 	choiceA: color = 'green (named)'
29.9981 	EXP 	choiceA: color = 'green (named)'
30.0152 	EXP 	choiceA: color = 'green (named)'
30.0316 	EXP 	choiceA: color = 'green (named)'
30.0481 	EXP 	choiceA: color = 'green (named)'
30.0650 	EXP 	choiceA: color = 'green (named)'
30.0814 	EXP 	choiceA: color = 'green (named)'
30.0984 	EXP 	choiceA: color = 'green (named)'
30.1149 	EXP 	choiceA: color = 'green (named)'
30.1315 	EXP 	choiceA: color = 'green (named)'
30.1486 	EXP 	choiceA: color = 'green (named)'
30.1647 	EXP 	choiceA: color = 'green (named)'
30.1818 	EXP 	choiceA: color = 'green (named)'
30.1994 	EXP 	choiceA: color = 'green (named)'
30.2150 	EXP 	choiceA: color = 'green (named)'
30.2315 	EXP 	choiceA: color = 'green (named)'
30.2485 	EXP 	choiceA: color = 'green (named)'
30.2648 	EXP 	choiceA: color = 'green (named)'
30.2816 	EXP 	choiceA: color = 'green (named)'
30.2984 	EXP 	choiceA: color = 'green (named)'
30.3150 	EXP 	choiceA: color = 'green (named)'
30.3319 	EXP 	choiceA: color = 'green (named)'
30.3484 	EXP 	choiceA: color = 'green (named)'
30.3652 	EXP 	choiceA: color = 'green (named)'
30.3819 	EXP 	choiceA: color = 'green (named)'
30.3984 	EXP 	choiceA: color = 'green (named)'
30.4152 	EXP 	choiceA: color = 'green (named)'
30.4320 	EXP 	choiceA: color = 'green (named)'
30.4486 	EXP 	choiceA: color = 'green (named)'
30.4652 	EXP 	choiceA: color = 'green (named)'
30.4819 	EXP 	choiceA: color = 'green (named)'
30.4988 	EXP 	choiceA: color = 'green (named)'
30.5153 	EXP 	choiceA: color = 'green (named)'
30.5318 	EXP 	choiceA: color = 'green (named)'
30.5487 	EXP 	choiceA: color = 'green (named)'
30.5656 	EXP 	choiceA: color = 'green (named)'
30.5821 	EXP 	choiceA: color = 'green (named)'
30.5996 	EXP 	choiceA: color = 'green (named)'
30.6153 	EXP 	choiceA: color = 'green (named)'
30.6318 	EXP 	choiceA: color = 'green (named)'
30.6488 	EXP 	choiceA: color = 'green (named)'
30.6654 	EXP 	choiceA: color = 'green (named)'
30.6820 	EXP 	choiceA: color = 'green (named)'
30.6986 	EXP 	choiceA: color = 'green (named)'
30.7154 	EXP 	choiceA: color = 'green (named)'
30.7320 	EXP 	choiceA: color = 'green (named)'
30.7487 	EXP 	choiceA: color = 'green (named)'
30.7656 	EXP 	choiceA: color = 'green (named)'
30.7823 	EXP 	choiceA: color = 'green (named)'
30.7990 	EXP 	choiceA: color = 'green (named)'
30.8155 	EXP 	choiceA: color = 'green (named)'
30.8324 	EXP 	choiceA: color = 'green (named)'
30.8490 	EXP 	choiceA: color = 'green (named)'
30.8663 	EXP 	choiceA: color = 'green (named)'
30.8825 	EXP 	choiceA: color = 'green (named)'
30.8989 	EXP 	choiceA: color = 'green (named)'
30.9158 	EXP 	choiceA: color = 'green (named)'
30.9323 	EXP 	choiceA: color = 'green (named)'
30.9490 	EXP 	choiceA: color = 'green (named)'
30.9657 	EXP 	choiceA: color = 'green (named)'
30.9822 	EXP 	choiceA: color = 'green (named)'
30.9990 	EXP 	choiceA: color = 'green (named)'
31.0156 	EXP 	choiceA: color = 'green (named)'
31.0322 	EXP 	choiceA: color = 'green (named)'
31.0489 	EXP 	choiceA: color = 'green (named)'
31.0659 	EXP 	choiceA: color = 'green (named)'
31.0827 	EXP 	choiceA: color = 'green (named)'
31.0991 	EXP 	choiceA: color = 'green (named)'
31.1158 	EXP 	choiceA: color = 'green (named)'
31.1324 	EXP 	choiceA: color = 'green (named)'
31.1492 	EXP 	choiceA: color = 'green (named)'
31.1658 	EXP 	choiceA: color = 'green (named)'
31.1824 	EXP 	choiceA: color = 'green (named)'
31.1993 	EXP 	choiceA: color = 'green (named)'
31.2157 	EXP 	choiceA: color = 'green (named)'
31.2324 	EXP 	choiceA: color = 'green (named)'
31.2491 	EXP 	choiceA: color = 'green (named)'
31.2660 	EXP 	choiceA: color = 'green (named)'
31.2824 	EXP 	choiceA: color = 'green (named)'
31.2992 	EXP 	choiceA: color = 'green (named)'
31.3159 	EXP 	choiceA: color = 'green (named)'
31.3325 	EXP 	choiceA: color = 'green (named)'
31.3492 	EXP 	choiceA: color = 'green (named)'
31.3659 	EXP 	choiceA: color = 'green (named)'
31.3826 	EXP 	choiceA: color = 'green (named)'
31.3993 	EXP 	choiceA: color = 'green (named)'
31.4162 	EXP 	choiceA: color = 'green (named)'
31.4327 	EXP 	choiceA: color = 'green (named)'
31.4494 	EXP 	choiceA: color = 'green (named)'
31.4663 	EXP 	choiceA: color = 'green (named)'
31.4830 	EXP 	choiceA: color = 'green (named)'
31.4995 	EXP 	choiceA: color = 'green (named)'
31.5161 	EXP 	choiceA: color = 'green (named)'
31.5328 	EXP 	choiceA: color = 'green (named)'
31.5496 	EXP 	choiceA: color = 'green (named)'
31.5664 	EXP 	choiceA: color = 'green (named)'
31.5833 	EXP 	choiceA: color = 'green (named)'
31.5995 	EXP 	choiceA: color = 'green (named)'
31.6170 	EXP 	choiceA: color = 'green (named)'
31.6332 	EXP 	choiceA: color = 'green (named)'
31.6499 	EXP 	choiceA: color = 'green (named)'
31.6662 	EXP 	choiceA: color = 'green (named)'
31.6829 	EXP 	choiceA: color = 'green (named)'
31.6995 	EXP 	choiceA: color = 'green (named)'
31.7162 	EXP 	choiceA: color = 'green (named)'
31.7330 	EXP 	choiceA: color = 'green (named)'
31.7496 	EXP 	choiceA: color = 'green (named)'
31.7664 	EXP 	choiceA: color = 'green (named)'
31.7831 	EXP 	choiceA: color = 'green (named)'
31.8000 	EXP 	choiceA: color = 'green (named)'
31.8165 	EXP 	choiceA: color = 'green (named)'
31.8330 	EXP 	choiceA: color = 'green (named)'
31.8499 	EXP 	choiceA: color = 'green (named)'
31.8665 	EXP 	choiceA: color = 'green (named)'
31.8833 	EXP 	choiceA: color = 'green (named)'
31.8998 	EXP 	choiceA: color = 'green (named)'
31.9168 	EXP 	choiceA: color = 'green (named)'
31.9332 	EXP 	choiceA: color = 'green (named)'
31.9497 	EXP 	choiceA: color = 'green (named)'
31.9665 	EXP 	choiceA: color = 'green (named)'
31.9832 	EXP 	choiceA: color = 'green (named)'
31.9997 	EXP 	choiceA: color = 'green (named)'
32.0166 	EXP 	choiceA: color = 'green (named)'
32.0330 	EXP 	choiceA: color = 'green (named)'
32.0497 	EXP 	choiceA: color = 'green (named)'
32.0665 	EXP 	choiceA: color = 'green (named)'
32.0831 	EXP 	choiceA: color = 'green (named)'
32.1000 	EXP 	choiceA: color = 'green (named)'
32.1165 	EXP 	choiceA: color = 'green (named)'
32.1334 	EXP 	choiceA: color = 'green (named)'
32.1500 	EXP 	choiceA: color = 'green (named)'
32.1665 	EXP 	choiceA: color = 'green (named)'
32.1832 	EXP 	choiceA: color = 'green (named)'
32.1998 	EXP 	choiceA: color = 'green (named)'
32.2168 	EXP 	choiceA: color = 'green (named)'
32.2331 	EXP 	choiceA: color = 'green (named)'
32.2505 	EXP 	choiceA: color = 'green (named)'
32.2666 	EXP 	choiceA: color = 'green (named)'
32.2837 	EXP 	choiceA: color = 'green (named)'
32.2997 	EXP 	choiceA: color = 'green (named)'
32.3166 	EXP 	choiceA: color = 'green (named)'
32.3333 	EXP 	choiceA: color = 'green (named)'
32.3501 	EXP 	choiceA: color = 'green (named)'
32.3668 	EXP 	choiceA: color = 'green (named)'
32.3834 	EXP 	choiceA: color = 'green (named)'
32.4001 	EXP 	choiceA: color = 'green (named)'
32.4168 	EXP 	choiceA: color = 'green (named)'
32.4335 	EXP 	choiceA: color = 'green (named)'
32.4503 	EXP 	choiceA: color = 'green (named)'
32.4675 	EXP 	choiceA: color = 'green (named)'
32.4839 	EXP 	choiceA: color = 'green (named)'
32.5006 	EXP 	choiceA: color = 'green (named)'
32.5171 	EXP 	choiceA: color = 'green (named)'
32.5336 	EXP 	choiceA: color = 'green (named)'
32.5502 	EXP 	choiceA: color = 'green (named)'
32.5670 	EXP 	choiceA: color = 'green (named)'
32.5839 	EXP 	choiceA: color = 'green (named)'
32.6006 	EXP 	choiceA: color = 'green (named)'
32.6171 	EXP 	choiceA: color = 'green (named)'
32.6338 	EXP 	choiceA: color = 'green (named)'
32.6505 	EXP 	choiceA: color = 'green (named)'
32.6670 	EXP 	choiceA: color = 'green (named)'
32.6839 	EXP 	choiceA: color = 'green (named)'
32.7004 	EXP 	choiceA: color = 'green (named)'
32.7170 	EXP 	choiceA: color = 'green (named)'
32.7339 	EXP 	choiceA: color = 'green (named)'
32.7503 	EXP 	choiceA: color = 'green (named)'
32.7668 	EXP 	choiceA: color = 'green (named)'
32.7839 	EXP 	choiceA: color = 'green (named)'
32.8004 	EXP 	choiceA: color = 'green (named)'
32.8172 	EXP 	choiceA: color = 'green (named)'
32.8341 	EXP 	choiceA: color = 'green (named)'
32.8507 	EXP 	choiceA: color = 'green (named)'
32.8675 	EXP 	choiceA: color = 'green (named)'
32.8843 	EXP 	choiceA: color = 'green (named)'
32.9009 	EXP 	choiceA: color = 'green (named)'
32.9173 	EXP 	choiceA: color = 'green (named)'
32.9340 	EXP 	choiceA: color = 'green (named)'
32.9508 	EXP 	choiceA: color = 'green (named)'
32.9673 	EXP 	choiceA: color = 'green (named)'
32.9840 	EXP 	choiceA: color = 'green (named)'
33.0011 	EXP 	choiceA: color = 'green (named)'
33.0177 	EXP 	choiceA: color = 'green (named)'
33.0344 	EXP 	choiceA: color = 'green (named)'
33.0505 	EXP 	choiceA: color = 'green (named)'
33.0672 	EXP 	choiceA: color = 'green (named)'
33.0842 	EXP 	choiceA: color = 'green (named)'
33.1009 	EXP 	choiceA: color = 'green (named)'
33.1176 	EXP 	choiceA: color = 'green (named)'
33.1340 	EXP 	choiceA: color = 'green (named)'
33.1511 	EXP 	choiceA: color = 'green (named)'
33.1671 	EXP 	choiceA: color = 'green (named)'
33.1841 	EXP 	choiceA: color = 'green (named)'
33.2007 	EXP 	choiceA: color = 'green (named)'
33.2179 	EXP 	choiceA: color = 'green (named)'
33.2339 	EXP 	choiceA: color = 'green (named)'
33.2509 	EXP 	choiceA: color = 'green (named)'
33.2674 	EXP 	choiceA: color = 'green (named)'
33.2843 	EXP 	choiceA: color = 'green (named)'
33.3009 	EXP 	choiceA: color = 'green (named)'
33.3174 	EXP 	choiceA: color = 'green (named)'
33.3343 	EXP 	choiceA: color = 'green (named)'
33.3508 	EXP 	choiceA: color = 'green (named)'
33.3676 	EXP 	choiceA: color = 'green (named)'
33.3846 	EXP 	choiceA: color = 'green (named)'
33.4010 	EXP 	choiceA: color = 'green (named)'
33.4177 	EXP 	choiceA: color = 'green (named)'
33.4345 	EXP 	choiceA: color = 'green (named)'
33.4513 	EXP 	choiceA: color = 'green (named)'
33.4679 	EXP 	choiceA: color = 'green (named)'
33.4846 	EXP 	choiceA: color = 'green (named)'
33.5012 	EXP 	choiceA: color = 'green (named)'
33.5179 	EXP 	choiceA: color = 'green (named)'
33.5344 	EXP 	choiceA: color = 'green (named)'
33.5514 	EXP 	choiceA: color = 'green (named)'
33.5679 	EXP 	choiceA: color = 'green (named)'
33.5848 	EXP 	choiceA: color = 'green (named)'
33.6015 	EXP 	choiceA: color = 'green (named)'
33.6178 	EXP 	choiceA: color = 'green (named)'
33.6347 	EXP 	choiceA: color = 'green (named)'
33.6515 	EXP 	choiceA: color = 'green (named)'
33.6678 	EXP 	choiceA: color = 'green (named)'
33.6847 	EXP 	choiceA: color = 'green (named)'
33.7013 	EXP 	choiceA: color = 'green (named)'
33.7179 	EXP 	choiceA: color = 'green (named)'
33.7353 	EXP 	choiceA: color = 'green (named)'
33.7516 	EXP 	choiceA: color = 'green (named)'
33.7681 	EXP 	choiceA: color = 'green (named)'
33.7848 	EXP 	choiceA: color = 'green (named)'
33.8016 	EXP 	choiceA: color = 'green (named)'
33.8181 	EXP 	choiceA: color = 'green (named)'
33.8350 	EXP 	choiceA: color = 'green (named)'
33.8515 	EXP 	choiceA: color = 'green (named)'
33.8681 	EXP 	choiceA: color = 'green (named)'
33.8849 	EXP 	choiceA: color = 'green (named)'
33.9014 	EXP 	choiceA: color = 'green (named)'
33.9182 	EXP 	choiceA: color = 'green (named)'
33.9347 	EXP 	choiceA: color = 'green (named)'
33.9516 	EXP 	choiceA: color = 'green (named)'
33.9683 	EXP 	choiceA: color = 'green (named)'
33.9849 	EXP 	choiceA: color = 'green (named)'
34.0016 	EXP 	choiceA: color = 'green (named)'
34.0182 	EXP 	choiceA: color = 'green (named)'
34.0353 	EXP 	choiceA: color = 'green (named)'
34.0518 	EXP 	choiceA: color = 'green (named)'
34.0682 	EXP 	choiceA: color = 'green (named)'
34.0846 	EXP 	choiceA: color = 'green (named)'
34.1018 	EXP 	choiceA: color = 'green (named)'
34.1181 	EXP 	choiceA: color = 'green (named)'
34.1349 	EXP 	choiceA: color = 'green (named)'
34.1522 	EXP 	choiceA: color = 'green (named)'
34.1682 	EXP 	choiceA: color = 'green (named)'
34.1850 	EXP 	choiceA: color = 'green (named)'
34.2015 	EXP 	choiceA: color = 'green (named)'
34.2182 	EXP 	choiceA: color = 'green (named)'
34.2349 	EXP 	choiceA: color = 'green (named)'
34.2516 	EXP 	choiceA: color = 'green (named)'
34.2684 	EXP 	choiceA: color = 'green (named)'
34.2848 	EXP 	choiceA: color = 'green (named)'
34.3017 	EXP 	choiceA: color = 'green (named)'
34.3183 	EXP 	choiceA: color = 'green (named)'
34.3350 	EXP 	choiceA: color = 'green (named)'
34.3517 	EXP 	choiceA: color = 'green (named)'
34.3687 	EXP 	choiceA: color = 'green (named)'
34.3853 	EXP 	choiceA: color = 'green (named)'
34.4020 	EXP 	choiceA: color = 'green (named)'
34.4185 	EXP 	choiceA: color = 'green (named)'
34.4355 	EXP 	choiceA: color = 'green (named)'
34.4519 	EXP 	choiceA: color = 'green (named)'
34.4685 	EXP 	choiceA: color = 'green (named)'
34.4853 	EXP 	choiceA: color = 'green (named)'
34.5019 	EXP 	choiceA: color = 'green (named)'
34.5186 	EXP 	choiceA: color = 'green (named)'
34.5353 	EXP 	choiceA: color = 'green (named)'
34.5520 	EXP 	choiceA: color = 'green (named)'
34.5689 	EXP 	choiceA: color = 'green (named)'
34.5854 	EXP 	choiceA: color = 'green (named)'
34.6020 	EXP 	choiceA: color = 'green (named)'
34.6188 	EXP 	choiceA: color = 'green (named)'
34.6354 	EXP 	choiceA: color = 'green (named)'
34.6523 	EXP 	choiceA: color = 'green (named)'
34.6688 	EXP 	choiceA: color = 'green (named)'
34.6855 	EXP 	choiceA: color = 'green (named)'
34.7021 	EXP 	choiceA: color = 'green (named)'
34.7189 	EXP 	choiceA: color = 'green (named)'
34.7357 	EXP 	choiceA: color = 'green (named)'
34.7521 	EXP 	choiceA: color = 'green (named)'
34.7696 	EXP 	choiceA: color = 'green (named)'
34.7857 	EXP 	choiceA: color = 'green (named)'
34.8021 	EXP 	choiceA: color = 'green (named)'
34.8191 	EXP 	choiceA: color = 'green (named)'
34.8357 	EXP 	choiceA: color = 'green (named)'
34.8524 	EXP 	choiceA: color = 'green (named)'
34.8689 	EXP 	choiceA: color = 'green (named)'
34.8856 	EXP 	choiceA: color = 'green (named)'
34.9022 	EXP 	choiceA: color = 'green (named)'
34.9189 	EXP 	choiceA: color = 'green (named)'
34.9356 	EXP 	choiceA: color = 'green (named)'
34.9523 	EXP 	choiceA: color = 'green (named)'
34.9690 	EXP 	choiceA: color = 'green (named)'
34.9861 	EXP 	choiceA: color = 'green (named)'
35.0023 	EXP 	choiceA: color = 'green (named)'
35.0191 	EXP 	choiceA: color = 'green (named)'
35.0362 	EXP 	choiceA: color = 'green (named)'
35.0523 	EXP 	choiceA: color = 'green (named)'
35.0690 	EXP 	choiceA: color = 'green (named)'
35.0860 	EXP 	choiceA: color = 'green (named)'
35.1025 	EXP 	choiceA: color = 'green (named)'
35.1188 	EXP 	choiceA: color = 'green (named)'
35.1257 	DATA 	Keypress: escape
35.1358 	EXP 	choiceA: color = 'green (named)'
35.1523 	EXP 	choiceA: color = 'green (named)'
35.1693 	EXP 	choiceA: color = 'green (named)'
35.1854 	EXP 	choiceA: color = 'green (named)'
35.2025 	EXP 	choiceA: color = 'green (named)'
35.2190 	EXP 	choiceA: color = 'green (named)'
35.2549 	EXP 	window1: mouseVisible = True
