6.2395 	WARNING 	User requested fullscreen with size [1024  768], but screen is actually [1920, 1200]. Using actual size
6.9902 	EXP 	Created window1 = Window(allowGUI=False, allowStencil=False, args=UNKNOWN, autoLog=True, bitsMode=UNKNOWN, blendMode='avg', color=array([0., 0., 0.]), colorSpace='rgb', fullscr=<method-wrapper '__getattribute__' of attributeSetter object at 0x000002B22972CE48>, gamma=None, gammaErrorPolicy='raise', kwargs=UNKNOWN, lms=UNKNOWN, monitor=<psychopy.monitors.calibTools.Monitor object at 0x000002B22963D630>, multiSample=False, name='window1', numSamples=2, pos=[0.0, 0.0], screen=0, size=array([1920, 1200]), stereo=False, units='height', useFBO=True, useRetina=False, viewOri=0.0, viewPos=None, viewScale=None, waitBlanking=True, winType='pyglet')
6.9902 	EXP 	window1: recordFrameIntervals = False
7.1567 	EXP 	window1: recordFrameIntervals = True
7.3400 	EXP 	window1: recordFrameIntervals = False
7.5458 	EXP 	Created instruct = TextStim(__class__=<class 'psychopy.visual.text.TextStim'>, alignHoriz='center', alignVert='center', antialias=True, autoLog=True, bold=False, color='white', colorSpace='named', contrast=1.0, depth=0.0, flipHoriz=False, flipVert=False, font='Arial', fontFiles=[], height=0.055, italic=False, languageStyle='LTR', name='instruct', opacity=1.0, ori=0, pos=array([0., 0.]), rgb=array([255., 255., 255.]), text=str(...), units='height', win=Window(...), wrapWidth=1.4)
7.5664 	EXP 	Created regCue = TextStim(__class__=<class 'psychopy.visual.text.TextStim'>, alignHoriz='center', alignVert='center', antialias=True, autoLog=True, bold=False, color='white', colorSpace='named', contrast=1.0, depth=0.0, flipHoriz=False, flipVert=False, font='Arial', fontFiles=[], height=0.1, italic=False, languageStyle='LTR', name='regCue', opacity=1.0, ori=0, pos=array([0., 0.]), rgb=array([255., 255., 255.]), text='REGULATE', units='height', win=Window(...), wrapWidth=1)
7.5972 	EXP 	Created choiceQ = TextStim(__class__=<class 'psychopy.visual.text.TextStim'>, alignHoriz='center', alignVert='center', antialias=True, autoLog=True, bold=False, color='white', colorSpace='named', contrast=1.0, depth=0.0, flipHoriz=False, flipVert=False, font='Arial', fontFiles=[], height=0.05, italic=False, languageStyle='LTR', name='choiceQ', opacity=1.0, ori=0, pos=array([0.  , 0.35]), rgb=array([255., 255., 255.]), text=str(...), units='height', win=Window(...), wrapWidth=1.4)
7.6110 	EXP 	Created testChoice = TextStim(__class__=<class 'psychopy.visual.text.TextStim'>, alignHoriz='center', alignVert='center', antialias=True, autoLog=True, bold=False, color='white', colorSpace='named', contrast=1.0, depth=-2.0, flipHoriz=False, flipVert=False, font='Arial', fontFiles=[], height=0.04, italic=False, languageStyle='LTR', name='testChoice', opacity=1.0, ori=0, pos=array([-0.41,  0.15]), rgb=array([255., 255., 255.]), text='Practice Standardized Test Questions', units='height', win=Window(...), wrapWidth=1)
7.6169 	EXP 	Created videogameChoice = TextStim(__class__=<class 'psychopy.visual.text.TextStim'>, alignHoriz='center', alignVert='center', antialias=True, autoLog=True, bold=False, color='white', colorSpace='named', contrast=1.0, depth=-3.0, flipHoriz=False, flipVert=False, font='Arial', fontFiles=[], height=0.04, italic=False, languageStyle='LTR', name='videogameChoice', opacity=1.0, ori=0, pos=array([0.41, 0.15]), rgb=array([255., 255., 255.]), text='Play a Videogame', units='height', win=Window(...), wrapWidth=1)
7.6214 	EXP 	Created gre = ImageStim(__class__=<class 'psychopy.visual.image.ImageStim'>, autoLog=True, color=array([1., 1., 1.]), colorSpace='rgb', contrast=1.0, depth=-4.0, flipHoriz=False, flipVert=False, image='gre.png', interpolate=True, mask=None, maskParams=None, name='gre', opacity=1.0, ori=0.0, pos=array([-0.41,  0.  ]), size=array([0.3 , 0.13]), texRes=128, units='height', win=Window(...))
7.6243 	EXP 	Created gmat = ImageStim(__class__=<class 'psychopy.visual.image.ImageStim'>, autoLog=True, color=array([1., 1., 1.]), colorSpace='rgb', contrast=1.0, depth=-5.0, flipHoriz=False, flipVert=False, image='gmat.png', interpolate=True, mask=None, maskParams=None, name='gmat', opacity=1.0, ori=0.0, pos=array([-0.41, -0.15]), size=array([0.3 , 0.13]), texRes=128, units='height', win=Window(...))
7.6259 	EXP 	Created lsat = ImageStim(__class__=<class 'psychopy.visual.image.ImageStim'>, autoLog=True, color=array([1., 1., 1.]), colorSpace='rgb', contrast=1.0, depth=-6.0, flipHoriz=False, flipVert=False, image='lsat.png', interpolate=True, mask=None, maskParams=None, name='lsat', opacity=1.0, ori=0.0, pos=array([-0.41, -0.25]), size=array([0.3 , 0.13]), texRes=128, units='height', win=Window(...))
7.6288 	EXP 	Created mcat = ImageStim(__class__=<class 'psychopy.visual.image.ImageStim'>, autoLog=True, color=array([1., 1., 1.]), colorSpace='rgb', contrast=1.0, depth=-7.0, flipHoriz=False, flipVert=False, image='mcat.png', interpolate=True, mask=None, maskParams=None, name='mcat', opacity=1.0, ori=0.0, pos=array([-0.41, -0.4 ]), size=array([0.3 , 0.13]), texRes=128, units='height', win=Window(...))
7.6400 	EXP 	Created game = ImageStim(__class__=<class 'psychopy.visual.image.ImageStim'>, autoLog=True, color=array([1., 1., 1.]), colorSpace='rgb', contrast=1.0, depth=-8.0, flipHoriz=False, flipVert=False, image='game.png', interpolate=True, mask=None, maskParams=None, name='game', opacity=1.0, ori=0.0, pos=array([ 0.41, -0.15]), size=array([0.4, 0.5]), texRes=128, units='height', win=Window(...))
7.6405 	EXP 	Created blank = TextStim(__class__=<class 'psychopy.visual.text.TextStim'>, alignHoriz='center', alignVert='center', antialias=True, autoLog=True, bold=False, color='white', colorSpace='named', contrast=1.0, depth=-9.0, flipHoriz=False, flipVert=False, font='Arial', fontFiles=[], height=0.1, italic=False, languageStyle='LTR', name='blank', opacity=1.0, ori=0, pos=array([0., 0.]), rgb=array([255., 255., 255.]), text='', units='height', win=Window(...), wrapWidth=1)
7.6702 	EXP 	instruct: autoDraw = True
28.1289 	DATA 	Keypress: space
28.1573 	EXP 	instruct: autoDraw = False
28.1573 	EXP 	regCue: autoDraw = True
31.1765 	EXP 	regCue: autoDraw = False
31.1765 	EXP 	regCue: autoDraw = False
31.1765 	EXP 	choiceQ: autoDraw = True
31.1765 	EXP 	testChoice: autoDraw = True
31.1765 	EXP 	videogameChoice: autoDraw = True
31.1765 	EXP 	gre: autoDraw = True
31.1765 	EXP 	gmat: autoDraw = True
31.1765 	EXP 	lsat: autoDraw = True
31.1765 	EXP 	mcat: autoDraw = True
31.1765 	EXP 	game: autoDraw = True
81.5551 	DATA 	Keypress: num_1
82.4061 	DATA 	Keypress: 1
82.4190 	EXP 	blank: autoDraw = True
82.4190 	EXP 	testChoice: color = 'green (named)'
82.4358 	EXP 	testChoice: color = 'green (named)'
82.4525 	EXP 	testChoice: color = 'green (named)'
82.4690 	EXP 	testChoice: color = 'green (named)'
82.4858 	EXP 	testChoice: color = 'green (named)'
82.5023 	EXP 	testChoice: color = 'green (named)'
82.5191 	EXP 	testChoice: color = 'green (named)'
82.5358 	EXP 	testChoice: color = 'green (named)'
82.5526 	EXP 	testChoice: color = 'green (named)'
82.5692 	EXP 	testChoice: color = 'green (named)'
82.5860 	EXP 	testChoice: color = 'green (named)'
82.6025 	EXP 	testChoice: color = 'green (named)'
82.6193 	EXP 	testChoice: color = 'green (named)'
82.6360 	EXP 	testChoice: color = 'green (named)'
82.6529 	EXP 	testChoice: color = 'green (named)'
82.6693 	EXP 	testChoice: color = 'green (named)'
82.6860 	EXP 	testChoice: color = 'green (named)'
82.7026 	EXP 	testChoice: color = 'green (named)'
82.7193 	EXP 	testChoice: color = 'green (named)'
82.7361 	EXP 	testChoice: color = 'green (named)'
82.7527 	EXP 	testChoice: color = 'green (named)'
82.7692 	EXP 	testChoice: color = 'green (named)'
82.7862 	EXP 	testChoice: color = 'green (named)'
82.8026 	EXP 	testChoice: color = 'green (named)'
82.8193 	EXP 	testChoice: color = 'green (named)'
82.8359 	EXP 	testChoice: color = 'green (named)'
82.8528 	EXP 	testChoice: color = 'green (named)'
82.8692 	EXP 	testChoice: color = 'green (named)'
82.8861 	EXP 	testChoice: color = 'green (named)'
82.9029 	EXP 	testChoice: color = 'green (named)'
82.9194 	EXP 	testChoice: color = 'green (named)'
82.9361 	EXP 	testChoice: color = 'green (named)'
82.9528 	EXP 	testChoice: color = 'green (named)'
82.9696 	EXP 	testChoice: color = 'green (named)'
82.9865 	EXP 	testChoice: color = 'green (named)'
83.0026 	EXP 	testChoice: color = 'green (named)'
83.0195 	EXP 	testChoice: color = 'green (named)'
83.0361 	EXP 	testChoice: color = 'green (named)'
83.0530 	EXP 	testChoice: color = 'green (named)'
83.0695 	EXP 	testChoice: color = 'green (named)'
83.0863 	EXP 	testChoice: color = 'green (named)'
83.1032 	EXP 	testChoice: color = 'green (named)'
83.1194 	EXP 	testChoice: color = 'green (named)'
83.1363 	EXP 	testChoice: color = 'green (named)'
83.1527 	EXP 	testChoice: color = 'green (named)'
83.1697 	EXP 	testChoice: color = 'green (named)'
83.1863 	EXP 	testChoice: color = 'green (named)'
83.2031 	EXP 	testChoice: color = 'green (named)'
83.2198 	EXP 	testChoice: color = 'green (named)'
83.2364 	EXP 	testChoice: color = 'green (named)'
83.2532 	EXP 	testChoice: color = 'green (named)'
83.2695 	EXP 	testChoice: color = 'green (named)'
83.2864 	EXP 	testChoice: color = 'green (named)'
83.3032 	EXP 	testChoice: color = 'green (named)'
83.3195 	EXP 	testChoice: color = 'green (named)'
83.3366 	EXP 	testChoice: color = 'green (named)'
83.3531 	EXP 	testChoice: color = 'green (named)'
83.3699 	EXP 	testChoice: color = 'green (named)'
83.3864 	EXP 	testChoice: color = 'green (named)'
83.4030 	EXP 	testChoice: color = 'green (named)'
83.4200 	EXP 	testChoice: color = 'green (named)'
83.4366 	EXP 	testChoice: color = 'green (named)'
83.4532 	EXP 	testChoice: color = 'green (named)'
83.4700 	EXP 	testChoice: color = 'green (named)'
83.4865 	EXP 	testChoice: color = 'green (named)'
83.5034 	EXP 	testChoice: color = 'green (named)'
83.5198 	EXP 	testChoice: color = 'green (named)'
83.5367 	EXP 	testChoice: color = 'green (named)'
83.5533 	EXP 	testChoice: color = 'green (named)'
83.5698 	EXP 	testChoice: color = 'green (named)'
83.5866 	EXP 	testChoice: color = 'green (named)'
83.6034 	EXP 	testChoice: color = 'green (named)'
83.6201 	EXP 	testChoice: color = 'green (named)'
83.6365 	EXP 	testChoice: color = 'green (named)'
83.6534 	EXP 	testChoice: color = 'green (named)'
83.6699 	EXP 	testChoice: color = 'green (named)'
83.6868 	EXP 	testChoice: color = 'green (named)'
83.7033 	EXP 	testChoice: color = 'green (named)'
83.7202 	EXP 	testChoice: color = 'green (named)'
83.7369 	EXP 	testChoice: color = 'green (named)'
83.7534 	EXP 	testChoice: color = 'green (named)'
83.7700 	EXP 	testChoice: color = 'green (named)'
83.7867 	EXP 	testChoice: color = 'green (named)'
83.8033 	EXP 	testChoice: color = 'green (named)'
83.8201 	EXP 	testChoice: color = 'green (named)'
83.8371 	EXP 	testChoice: color = 'green (named)'
83.8536 	EXP 	testChoice: color = 'green (named)'
83.8703 	EXP 	testChoice: color = 'green (named)'
83.8869 	EXP 	testChoice: color = 'green (named)'
83.9033 	EXP 	testChoice: color = 'green (named)'
83.9202 	EXP 	blank: autoDraw = False
83.9202 	EXP 	testChoice: color = 'green (named)'
83.9369 	EXP 	choiceQ: autoDraw = False
83.9369 	EXP 	testChoice: autoDraw = False
83.9369 	EXP 	videogameChoice: autoDraw = False
83.9369 	EXP 	gre: autoDraw = False
83.9369 	EXP 	gmat: autoDraw = False
83.9369 	EXP 	lsat: autoDraw = False
83.9369 	EXP 	mcat: autoDraw = False
83.9369 	EXP 	game: autoDraw = False
83.9369 	EXP 	testChoice: color = 'green (named)'
83.9537 	EXP 	testChoice: color = 'green (named)'
83.9703 	EXP 	testChoice: color = 'green (named)'
83.9870 	EXP 	testChoice: color = 'green (named)'
84.0037 	EXP 	testChoice: color = 'green (named)'
84.0204 	EXP 	testChoice: color = 'green (named)'
84.0369 	EXP 	testChoice: color = 'green (named)'
84.0535 	EXP 	testChoice: color = 'green (named)'
84.0703 	EXP 	testChoice: color = 'green (named)'
84.0870 	EXP 	testChoice: color = 'green (named)'
84.1038 	EXP 	testChoice: color = 'green (named)'
84.1204 	EXP 	testChoice: color = 'green (named)'
84.1369 	EXP 	testChoice: color = 'green (named)'
84.1538 	EXP 	testChoice: color = 'green (named)'
84.1703 	EXP 	testChoice: color = 'green (named)'
84.1869 	EXP 	testChoice: color = 'green (named)'
84.2037 	EXP 	testChoice: color = 'green (named)'
84.2207 	EXP 	testChoice: color = 'green (named)'
84.2370 	EXP 	testChoice: color = 'green (named)'
84.2539 	EXP 	testChoice: color = 'green (named)'
84.2704 	EXP 	testChoice: color = 'green (named)'
84.2870 	EXP 	testChoice: color = 'green (named)'
84.3039 	EXP 	testChoice: color = 'green (named)'
84.3206 	EXP 	testChoice: color = 'green (named)'
84.3373 	EXP 	testChoice: color = 'green (named)'
84.3539 	EXP 	testChoice: color = 'green (named)'
84.3708 	EXP 	testChoice: color = 'green (named)'
84.3877 	EXP 	testChoice: color = 'green (named)'
84.4042 	EXP 	testChoice: color = 'green (named)'
84.4205 	EXP 	testChoice: color = 'green (named)'
84.4373 	EXP 	testChoice: color = 'green (named)'
84.4540 	EXP 	testChoice: color = 'green (named)'
84.4707 	EXP 	testChoice: color = 'green (named)'
84.4874 	EXP 	testChoice: color = 'green (named)'
84.5041 	EXP 	testChoice: color = 'green (named)'
84.5207 	EXP 	testChoice: color = 'green (named)'
84.5374 	EXP 	testChoice: color = 'green (named)'
84.5541 	EXP 	testChoice: color = 'green (named)'
84.5708 	EXP 	testChoice: color = 'green (named)'
84.5875 	EXP 	testChoice: color = 'green (named)'
84.6041 	EXP 	testChoice: color = 'green (named)'
84.6209 	EXP 	testChoice: color = 'green (named)'
84.6375 	EXP 	testChoice: color = 'green (named)'
84.6542 	EXP 	testChoice: color = 'green (named)'
84.6708 	EXP 	testChoice: color = 'green (named)'
84.6875 	EXP 	testChoice: color = 'green (named)'
84.7043 	EXP 	testChoice: color = 'green (named)'
84.7208 	EXP 	testChoice: color = 'green (named)'
84.7375 	EXP 	testChoice: color = 'green (named)'
84.7545 	EXP 	testChoice: color = 'green (named)'
84.7709 	EXP 	testChoice: color = 'green (named)'
84.7877 	EXP 	testChoice: color = 'green (named)'
84.8041 	EXP 	testChoice: color = 'green (named)'
84.8211 	EXP 	testChoice: color = 'green (named)'
84.8378 	EXP 	testChoice: color = 'green (named)'
84.8544 	EXP 	testChoice: color = 'green (named)'
84.8711 	EXP 	testChoice: color = 'green (named)'
84.8877 	EXP 	testChoice: color = 'green (named)'
84.9044 	EXP 	testChoice: color = 'green (named)'
84.9212 	EXP 	testChoice: color = 'green (named)'
84.9377 	EXP 	testChoice: color = 'green (named)'
84.9545 	EXP 	testChoice: color = 'green (named)'
84.9710 	EXP 	testChoice: color = 'green (named)'
84.9878 	EXP 	testChoice: color = 'green (named)'
85.0046 	EXP 	testChoice: color = 'green (named)'
85.0213 	EXP 	testChoice: color = 'green (named)'
85.0378 	EXP 	testChoice: color = 'green (named)'
85.0545 	EXP 	testChoice: color = 'green (named)'
85.0713 	EXP 	testChoice: color = 'green (named)'
85.0879 	EXP 	testChoice: color = 'green (named)'
85.1044 	EXP 	testChoice: color = 'green (named)'
85.1215 	EXP 	testChoice: color = 'green (named)'
85.1379 	EXP 	testChoice: color = 'green (named)'
85.1547 	EXP 	testChoice: color = 'green (named)'
85.1714 	EXP 	testChoice: color = 'green (named)'
85.1880 	EXP 	testChoice: color = 'green (named)'
85.2047 	EXP 	testChoice: color = 'green (named)'
85.2216 	EXP 	testChoice: color = 'green (named)'
85.2380 	EXP 	testChoice: color = 'green (named)'
85.2547 	EXP 	testChoice: color = 'green (named)'
85.2714 	EXP 	testChoice: color = 'green (named)'
85.2881 	EXP 	testChoice: color = 'green (named)'
85.3048 	EXP 	testChoice: color = 'green (named)'
85.3215 	EXP 	testChoice: color = 'green (named)'
85.3381 	EXP 	testChoice: color = 'green (named)'
85.3548 	EXP 	testChoice: color = 'green (named)'
85.3584 	DATA 	Keypress: escape
85.3713 	EXP 	testChoice: color = 'green (named)'
85.3882 	EXP 	testChoice: color = 'green (named)'
85.4050 	EXP 	testChoice: color = 'green (named)'
85.4215 	EXP 	testChoice: color = 'green (named)'
85.4463 	EXP 	window1: mouseVisible = True
