4.1442 	WARNING 	User requested fullscreen with size [1024  768], but screen is actually [1920, 1200]. Using actual size
4.8936 	EXP 	Created window1 = Window(allowGUI=False, allowStencil=False, args=UNKNOWN, autoLog=True, bitsMode=UNKNOWN, blendMode='avg', color=array([0., 0., 0.]), colorSpace='rgb', fullscr=<method-wrapper '__getattribute__' of attributeSetter object at 0x000002582540D828>, gamma=None, gammaErrorPolicy='raise', kwargs=UNKNOWN, lms=UNKNOWN, monitor=<psychopy.monitors.calibTools.Monitor object at 0x00000258252A0FD0>, multiSample=False, name='window1', numSamples=2, pos=[0.0, 0.0], screen=0, size=array([1920, 1200]), stereo=False, units='height', useFBO=True, useRetina=False, viewOri=0.0, viewPos=None, viewScale=None, waitBlanking=True, winType='pyglet')
4.8936 	EXP 	window1: recordFrameIntervals = False
5.0602 	EXP 	window1: recordFrameIntervals = True
5.2437 	EXP 	window1: recordFrameIntervals = False
5.4429 	EXP 	Created instruct = TextStim(__class__=<class 'psychopy.visual.text.TextStim'>, alignHoriz='center', alignVert='center', antialias=True, autoLog=True, bold=False, color='white', colorSpace='named', contrast=1.0, depth=0.0, flipHoriz=False, flipVert=False, font='Arial', fontFiles=[], height=0.05, italic=False, languageStyle='LTR', name='instruct', opacity=1.0, ori=0, pos=array([0., 0.]), rgb=array([255., 255., 255.]), text=str(...), units='height', win=Window(...), wrapWidth=1.4)
5.4612 	EXP 	Created regCue = TextStim(__class__=<class 'psychopy.visual.text.TextStim'>, alignHoriz='center', alignVert='center', antialias=True, autoLog=True, bold=False, color='white', colorSpace='named', contrast=1.0, depth=0.0, flipHoriz=False, flipVert=False, font='Arial', fontFiles=[], height=0.1, italic=False, languageStyle='LTR', name='regCue', opacity=1.0, ori=0, pos=array([0., 0.]), rgb=array([255., 255., 255.]), text='REGULATE', units='height', win=Window(...), wrapWidth=1)
5.4777 	EXP 	Created choiceQ = TextStim(__class__=<class 'psychopy.visual.text.TextStim'>, alignHoriz='center', alignVert='center', antialias=True, autoLog=True, bold=False, color='white', colorSpace='named', contrast=1.0, depth=0.0, flipHoriz=False, flipVert=False, font='Arial', fontFiles=[], height=0.05, italic=False, languageStyle='LTR', name='choiceQ', opacity=1.0, ori=0, pos=array([0.  , 0.35]), rgb=array([255., 255., 255.]), text=str(...), units='height', win=Window(...), wrapWidth=1.4)
5.4923 	EXP 	Created testChoice = TextStim(__class__=<class 'psychopy.visual.text.TextStim'>, alignHoriz='center', alignVert='center', antialias=True, autoLog=True, bold=False, color='white', colorSpace='named', contrast=1.0, depth=-2.0, flipHoriz=False, flipVert=False, font='Arial', fontFiles=[], height=0.04, italic=False, languageStyle='LTR', name='testChoice', opacity=1.0, ori=0, pos=array([-0.41,  0.15]), rgb=array([255., 255., 255.]), text='Practice Standardized Test Questions', units='height', win=Window(...), wrapWidth=1)
5.4984 	EXP 	Created videogameChoice = TextStim(__class__=<class 'psychopy.visual.text.TextStim'>, alignHoriz='center', alignVert='center', antialias=True, autoLog=True, bold=False, color='white', colorSpace='named', contrast=1.0, depth=-3.0, flipHoriz=False, flipVert=False, font='Arial', fontFiles=[], height=0.04, italic=False, languageStyle='LTR', name='videogameChoice', opacity=1.0, ori=0, pos=array([0.41, 0.15]), rgb=array([255., 255., 255.]), text='Play a Videogame', units='height', win=Window(...), wrapWidth=1)
5.5025 	EXP 	Created gre = ImageStim(__class__=<class 'psychopy.visual.image.ImageStim'>, autoLog=True, color=array([1., 1., 1.]), colorSpace='rgb', contrast=1.0, depth=-4.0, flipHoriz=False, flipVert=False, image='gre.png', interpolate=True, mask=None, maskParams=None, name='gre', opacity=1.0, ori=0.0, pos=array([-0.41,  0.02]), size=array([0.3  , 0.105]), texRes=128, units='height', win=Window(...))
5.5050 	EXP 	Created gmat = ImageStim(__class__=<class 'psychopy.visual.image.ImageStim'>, autoLog=True, color=array([1., 1., 1.]), colorSpace='rgb', contrast=1.0, depth=-5.0, flipHoriz=False, flipVert=False, image='gmat.png', interpolate=True, mask=None, maskParams=None, name='gmat', opacity=1.0, ori=0.0, pos=array([-0.41, -0.13]), size=array([0.3 , 0.11]), texRes=128, units='height', win=Window(...))
5.5065 	EXP 	Created lsat = ImageStim(__class__=<class 'psychopy.visual.image.ImageStim'>, autoLog=True, color=array([1., 1., 1.]), colorSpace='rgb', contrast=1.0, depth=-6.0, flipHoriz=False, flipVert=False, image='lsat.png', interpolate=True, mask=None, maskParams=None, name='lsat', opacity=1.0, ori=0.0, pos=array([-0.41, -0.27]), size=array([0.3 , 0.11]), texRes=128, units='height', win=Window(...))
5.5096 	EXP 	Created mcat = ImageStim(__class__=<class 'psychopy.visual.image.ImageStim'>, autoLog=True, color=array([1., 1., 1.]), colorSpace='rgb', contrast=1.0, depth=-7.0, flipHoriz=False, flipVert=False, image='mcat.png', interpolate=True, mask=None, maskParams=None, name='mcat', opacity=1.0, ori=0.0, pos=array([-0.41, -0.41]), size=array([0.3 , 0.11]), texRes=128, units='height', win=Window(...))
5.5206 	EXP 	Created game = ImageStim(__class__=<class 'psychopy.visual.image.ImageStim'>, autoLog=True, color=array([1., 1., 1.]), colorSpace='rgb', contrast=1.0, depth=-8.0, flipHoriz=False, flipVert=False, image='game.png', interpolate=True, mask=None, maskParams=None, name='game', opacity=1.0, ori=0.0, pos=array([ 0.41, -0.19]), size=array([0.4, 0.5]), texRes=128, units='height', win=Window(...))
5.5211 	EXP 	Created blank = TextStim(__class__=<class 'psychopy.visual.text.TextStim'>, alignHoriz='center', alignVert='center', antialias=True, autoLog=True, bold=False, color='white', colorSpace='named', contrast=1.0, depth=-10.0, flipHoriz=False, flipVert=False, font='Arial', fontFiles=[], height=0.1, italic=False, languageStyle='LTR', name='blank', opacity=1.0, ori=0, pos=array([0., 0.]), rgb=array([255., 255., 255.]), text='', units='height', win=Window(...), wrapWidth=1)
5.5526 	EXP 	Created testQChoice = TextStim(__class__=<class 'psychopy.visual.text.TextStim'>, alignHoriz='center', alignVert='center', antialias=True, autoLog=True, bold=False, color='white', colorSpace='named', contrast=1.0, depth=0.0, flipHoriz=False, flipVert=False, font='Arial', fontFiles=[], height=0.055, italic=False, languageStyle='LTR', name='testQChoice', opacity=1.0, ori=0, pos=array([0.  , 0.35]), rgb=array([255., 255., 255.]), text=str(...), units='height', win=Window(...), wrapWidth=1.3)
5.5563 	EXP 	Created image = ImageStim(__class__=<class 'psychopy.visual.image.ImageStim'>, autoLog=True, color=array([1., 1., 1.]), colorSpace='rgb', contrast=1.0, depth=-1.0, flipHoriz=False, flipVert=False, image='gre.png', interpolate=True, mask=None, maskParams=None, name='image', opacity=1.0, ori=0.0, pos=array([0.   , 0.105]), size=array([0.3 , 0.11]), texRes=128, units='height', win=Window(...))
5.5590 	EXP 	Created image_2 = ImageStim(__class__=<class 'psychopy.visual.image.ImageStim'>, autoLog=True, color=array([1., 1., 1.]), colorSpace='rgb', contrast=1.0, depth=-2.0, flipHoriz=False, flipVert=False, image='gmat.png', interpolate=True, mask=None, maskParams=None, name='image_2', opacity=1.0, ori=0.0, pos=array([ 0.  , -0.05]), size=array([0.3 , 0.11]), texRes=128, units='height', win=Window(...))
5.5617 	EXP 	Created image_3 = ImageStim(__class__=<class 'psychopy.visual.image.ImageStim'>, autoLog=True, color=array([1., 1., 1.]), colorSpace='rgb', contrast=1.0, depth=-3.0, flipHoriz=False, flipVert=False, image='lsat.png', interpolate=True, mask=None, maskParams=None, name='image_3', opacity=1.0, ori=0.0, pos=array([ 0. , -0.2]), size=array([0.3 , 0.11]), texRes=128, units='height', win=Window(...))
5.5646 	EXP 	Created image_4 = ImageStim(__class__=<class 'psychopy.visual.image.ImageStim'>, autoLog=True, color=array([1., 1., 1.]), colorSpace='rgb', contrast=1.0, depth=-4.0, flipHoriz=False, flipVert=False, image='mcat.png', interpolate=True, mask=None, maskParams=None, name='image_4', opacity=1.0, ori=0.0, pos=array([ 0.  , -0.35]), size=array([0.3 , 0.11]), texRes=128, units='height', win=Window(...))
5.5664 	EXP 	Created polygon = Rect(__class__=<class 'psychopy.visual.rect.Rect'>, autoDraw=False, autoLog=True, closeShape=True, color=method-wrapper(...), colorSpace=None, contrast=1.0, depth=-6.0, fillColor=None, fillColorSpace='rgb', fillRGB=None, interpolate=True, lineColor=array([-1., -1., -1.]), lineColorSpace='rgb', lineRGB=array([-1., -1., -1.]), lineWidth=1.0, name='polygon', opacity=1.0, ori=array(1.), pos=array([0., 0.]), size=array([1., 1.]), units='height', vertices=ndarray(...), win=Window(...))
5.5857 	EXP 	Created text = TextStim(__class__=<class 'psychopy.visual.text.TextStim'>, alignHoriz='center', alignVert='center', antialias=True, autoLog=True, bold=False, color='white', colorSpace='named', contrast=1.0, depth=0.0, flipHoriz=False, flipVert=False, font='Arial', fontFiles=[], height=0.1, italic=False, languageStyle='LTR', name='text', opacity=1.0, ori=0, pos=array([0., 0.]), rgb=array([255., 255., 255.]), text='videogame holder\n', units='height', win=Window(...), wrapWidth=1)
5.6156 	EXP 	instruct: autoDraw = True
6.6160 	DATA 	Keypress: space
6.6327 	EXP 	Created sequence: random, trialTypes=1, nReps=5, seed=None
6.6329 	EXP 	New trial (rep=0, index=0): None
6.6448 	EXP 	instruct: autoDraw = False
6.6448 	EXP 	regCue: autoDraw = True
9.6654 	EXP 	regCue: autoDraw = False
9.6654 	EXP 	regCue: autoDraw = False
9.6654 	EXP 	blank: text = ''
9.6654 	EXP 	choiceQ: autoDraw = True
9.6654 	EXP 	testChoice: autoDraw = True
9.6654 	EXP 	videogameChoice: autoDraw = True
9.6654 	EXP 	gre: autoDraw = True
9.6654 	EXP 	gmat: autoDraw = True
9.6654 	EXP 	lsat: autoDraw = True
9.6654 	EXP 	mcat: autoDraw = True
9.6654 	EXP 	game: autoDraw = True
11.0033 	DATA 	Keypress: 1
11.0150 	EXP 	testChoice: color = 'green (named)'
11.0150 	EXP 	blank: autoDraw = True
11.0317 	EXP 	testChoice: color = 'green (named)'
11.0483 	EXP 	testChoice: color = 'green (named)'
11.0651 	EXP 	testChoice: color = 'green (named)'
11.0817 	EXP 	testChoice: color = 'green (named)'
11.0984 	EXP 	testChoice: color = 'green (named)'
11.1150 	EXP 	testChoice: color = 'green (named)'
11.1318 	EXP 	testChoice: color = 'green (named)'
11.1484 	EXP 	testChoice: color = 'green (named)'
11.1650 	EXP 	testChoice: color = 'green (named)'
11.1818 	EXP 	testChoice: color = 'green (named)'
11.1984 	EXP 	testChoice: color = 'green (named)'
11.2151 	EXP 	testChoice: color = 'green (named)'
11.2319 	EXP 	testChoice: color = 'green (named)'
11.2486 	EXP 	testChoice: color = 'green (named)'
11.2653 	EXP 	testChoice: color = 'green (named)'
11.2819 	EXP 	testChoice: color = 'green (named)'
11.2985 	EXP 	testChoice: color = 'green (named)'
11.3154 	EXP 	testChoice: color = 'green (named)'
11.3319 	EXP 	testChoice: color = 'green (named)'
11.3486 	EXP 	testChoice: color = 'green (named)'
11.3653 	EXP 	testChoice: color = 'green (named)'
11.3820 	EXP 	testChoice: color = 'green (named)'
11.3985 	EXP 	testChoice: color = 'green (named)'
11.4153 	EXP 	testChoice: color = 'green (named)'
11.4319 	EXP 	testChoice: color = 'green (named)'
11.4488 	EXP 	testChoice: color = 'green (named)'
11.4654 	EXP 	testChoice: color = 'green (named)'
11.4821 	EXP 	testChoice: color = 'green (named)'
11.4987 	EXP 	testChoice: color = 'green (named)'
11.5155 	EXP 	testChoice: color = 'green (named)'
11.5320 	EXP 	testChoice: color = 'green (named)'
11.5488 	EXP 	testChoice: color = 'green (named)'
11.5655 	EXP 	testChoice: color = 'green (named)'
11.5821 	EXP 	testChoice: color = 'green (named)'
11.5988 	EXP 	testChoice: color = 'green (named)'
11.6155 	EXP 	testChoice: color = 'green (named)'
11.6321 	EXP 	testChoice: color = 'green (named)'
11.6489 	EXP 	testChoice: color = 'green (named)'
11.6655 	EXP 	testChoice: color = 'green (named)'
11.6823 	EXP 	testChoice: color = 'green (named)'
11.6990 	EXP 	testChoice: color = 'green (named)'
11.7156 	EXP 	testChoice: color = 'green (named)'
11.7323 	EXP 	testChoice: color = 'green (named)'
11.7490 	EXP 	testChoice: color = 'green (named)'
11.7657 	EXP 	testChoice: color = 'green (named)'
11.7823 	EXP 	testChoice: color = 'green (named)'
11.7989 	EXP 	testChoice: color = 'green (named)'
11.8157 	EXP 	testChoice: color = 'green (named)'
11.8323 	EXP 	testChoice: color = 'green (named)'
11.8491 	EXP 	testChoice: color = 'green (named)'
11.8657 	EXP 	testChoice: color = 'green (named)'
11.8824 	EXP 	testChoice: color = 'green (named)'
11.8991 	EXP 	testChoice: color = 'green (named)'
11.9158 	EXP 	testChoice: color = 'green (named)'
11.9325 	EXP 	testChoice: color = 'green (named)'
11.9491 	EXP 	testChoice: color = 'green (named)'
11.9659 	EXP 	testChoice: color = 'green (named)'
11.9824 	EXP 	testChoice: color = 'green (named)'
11.9991 	EXP 	testChoice: color = 'green (named)'
12.0160 	EXP 	testChoice: color = 'green (named)'
12.0326 	EXP 	testChoice: color = 'green (named)'
12.0491 	EXP 	testChoice: color = 'green (named)'
12.0660 	EXP 	testChoice: color = 'green (named)'
12.0826 	EXP 	testChoice: color = 'green (named)'
12.0992 	EXP 	testChoice: color = 'green (named)'
12.1160 	EXP 	testChoice: color = 'green (named)'
12.1326 	EXP 	testChoice: color = 'green (named)'
12.1493 	EXP 	testChoice: color = 'green (named)'
12.1660 	EXP 	testChoice: color = 'green (named)'
12.1827 	EXP 	testChoice: color = 'green (named)'
12.1994 	EXP 	testChoice: color = 'green (named)'
12.2161 	EXP 	testChoice: color = 'green (named)'
12.2328 	EXP 	testChoice: color = 'green (named)'
12.2495 	EXP 	testChoice: color = 'green (named)'
12.2661 	EXP 	testChoice: color = 'green (named)'
12.2828 	EXP 	testChoice: color = 'green (named)'
12.2994 	EXP 	testChoice: color = 'green (named)'
12.3162 	EXP 	testChoice: color = 'green (named)'
12.3328 	EXP 	testChoice: color = 'green (named)'
12.3495 	EXP 	testChoice: color = 'green (named)'
12.3663 	EXP 	testChoice: color = 'green (named)'
12.3829 	EXP 	testChoice: color = 'green (named)'
12.3996 	EXP 	testChoice: color = 'green (named)'
12.4162 	EXP 	testChoice: color = 'green (named)'
12.4329 	EXP 	testChoice: color = 'green (named)'
12.4496 	EXP 	testChoice: color = 'green (named)'
12.4662 	EXP 	testChoice: color = 'green (named)'
12.4830 	EXP 	testChoice: color = 'green (named)'
12.4995 	EXP 	testChoice: color = 'green (named)'
12.5163 	EXP 	testChoice: color = 'green (named)'
12.5163 	EXP 	blank: autoDraw = False
12.5202 	EXP 	Created sequence: random, trialTypes=1, nReps=1, seed=None
12.5203 	EXP 	New trial (rep=0, index=0): None
12.5331 	EXP 	choiceQ: autoDraw = False
12.5331 	EXP 	testChoice: autoDraw = False
12.5331 	EXP 	videogameChoice: autoDraw = False
12.5331 	EXP 	gre: autoDraw = False
12.5331 	EXP 	gmat: autoDraw = False
12.5331 	EXP 	lsat: autoDraw = False
12.5331 	EXP 	mcat: autoDraw = False
12.5331 	EXP 	game: autoDraw = False
12.5331 	EXP 	testChoice: color = 'green (named)'
12.5331 	EXP 	choiceQ: autoDraw = False
12.5331 	EXP 	testChoice: autoDraw = False
12.5331 	EXP 	videogameChoice: autoDraw = False
12.5331 	EXP 	gre: autoDraw = False
12.5331 	EXP 	gmat: autoDraw = False
12.5331 	EXP 	lsat: autoDraw = False
12.5331 	EXP 	mcat: autoDraw = False
12.5331 	EXP 	game: autoDraw = False
12.5331 	EXP 	blank: autoDraw = False
12.5331 	EXP 	videogameChoice: color = 'white (named)'
12.5331 	EXP 	testChoice: color = 'white (named)'
12.5331 	EXP 	choiceQ: autoDraw = False
12.5331 	EXP 	testChoice: autoDraw = False
12.5331 	EXP 	videogameChoice: autoDraw = False
12.5331 	EXP 	gre: autoDraw = False
12.5331 	EXP 	gmat: autoDraw = False
12.5331 	EXP 	lsat: autoDraw = False
12.5331 	EXP 	mcat: autoDraw = False
12.5331 	EXP 	polygon: opacity = 1.0
12.5331 	EXP 	polygon: size = array([0.32, 0.13])
12.5331 	EXP 	polygon: ori = 0.0
12.5331 	EXP 	polygon: lineWidth = 8.0
12.5331 	EXP 	testQChoice: autoDraw = True
12.5331 	EXP 	image: autoDraw = True
12.5331 	EXP 	image_2: autoDraw = True
12.5331 	EXP 	image_3: autoDraw = True
12.5331 	EXP 	image_4: autoDraw = True
14.3913 	DATA 	Keypress: 1
14.4180 	EXP 	polygon: autoDraw = True
14.5913 	DATA 	Keypress: 2
14.6015 	EXP 	polygon: autoDraw = True
14.6183 	EXP 	polygon: autoDraw = True
14.6348 	EXP 	polygon: autoDraw = True
14.6519 	EXP 	polygon: autoDraw = True
14.6681 	EXP 	polygon: autoDraw = True
14.6849 	EXP 	polygon: autoDraw = True
14.7015 	EXP 	polygon: autoDraw = True
14.7183 	EXP 	polygon: autoDraw = True
14.7347 	EXP 	polygon: autoDraw = True
14.7516 	EXP 	polygon: autoDraw = True
14.7683 	EXP 	polygon: autoDraw = True
14.7850 	EXP 	polygon: autoDraw = True
14.8016 	EXP 	polygon: autoDraw = True
14.8183 	EXP 	polygon: autoDraw = True
14.8350 	EXP 	polygon: autoDraw = True
14.8517 	EXP 	polygon: autoDraw = True
14.8684 	EXP 	polygon: autoDraw = True
14.8850 	EXP 	polygon: autoDraw = True
14.9017 	EXP 	polygon: autoDraw = True
14.9184 	EXP 	polygon: autoDraw = True
14.9351 	EXP 	polygon: autoDraw = True
14.9518 	EXP 	polygon: autoDraw = True
14.9685 	EXP 	polygon: autoDraw = True
14.9851 	EXP 	polygon: autoDraw = True
15.0018 	EXP 	polygon: autoDraw = True
15.0185 	EXP 	polygon: autoDraw = True
15.0352 	EXP 	polygon: autoDraw = True
15.0518 	EXP 	polygon: autoDraw = True
15.0685 	EXP 	polygon: autoDraw = True
15.0852 	EXP 	polygon: autoDraw = True
15.1019 	EXP 	polygon: autoDraw = True
15.1185 	EXP 	polygon: autoDraw = True
15.1351 	EXP 	polygon: autoDraw = True
15.1518 	EXP 	polygon: autoDraw = True
15.1686 	EXP 	polygon: autoDraw = True
15.1853 	EXP 	polygon: autoDraw = True
15.2019 	EXP 	polygon: autoDraw = True
15.2072 	DATA 	Keypress: 3
15.2187 	EXP 	polygon: autoDraw = True
15.2353 	EXP 	polygon: autoDraw = True
15.2523 	EXP 	polygon: autoDraw = True
15.2687 	EXP 	polygon: autoDraw = True
15.2854 	EXP 	polygon: autoDraw = True
15.3021 	EXP 	polygon: autoDraw = True
15.3188 	EXP 	polygon: autoDraw = True
15.3354 	EXP 	polygon: autoDraw = True
15.3520 	EXP 	polygon: autoDraw = True
15.3688 	EXP 	polygon: autoDraw = True
15.3855 	EXP 	polygon: autoDraw = True
15.4022 	EXP 	polygon: autoDraw = True
15.4188 	EXP 	polygon: autoDraw = True
15.4355 	EXP 	polygon: autoDraw = True
15.4522 	EXP 	polygon: autoDraw = True
15.4688 	EXP 	polygon: autoDraw = True
15.4739 	DATA 	Keypress: 4
15.4854 	EXP 	polygon: autoDraw = True
15.5022 	EXP 	polygon: autoDraw = True
15.5190 	EXP 	polygon: autoDraw = True
15.5357 	EXP 	polygon: autoDraw = True
15.5523 	EXP 	polygon: autoDraw = True
15.5688 	EXP 	polygon: autoDraw = True
15.5856 	EXP 	polygon: autoDraw = True
15.6022 	EXP 	polygon: autoDraw = True
15.6189 	EXP 	polygon: autoDraw = True
15.6357 	EXP 	polygon: autoDraw = True
15.6532 	EXP 	polygon: autoDraw = True
15.6690 	EXP 	polygon: autoDraw = True
15.6858 	EXP 	polygon: autoDraw = True
15.7027 	EXP 	polygon: autoDraw = True
15.7190 	EXP 	polygon: autoDraw = True
15.7357 	EXP 	polygon: autoDraw = True
15.7524 	EXP 	polygon: autoDraw = True
15.7690 	EXP 	polygon: autoDraw = True
15.7857 	EXP 	polygon: autoDraw = True
15.8025 	EXP 	polygon: autoDraw = True
15.8191 	EXP 	polygon: autoDraw = True
15.8247 	DATA 	Keypress: 2
15.8358 	EXP 	polygon: autoDraw = True
15.8526 	EXP 	polygon: autoDraw = True
15.8694 	EXP 	polygon: autoDraw = True
15.8859 	EXP 	polygon: autoDraw = True
15.9026 	EXP 	polygon: autoDraw = True
15.9194 	EXP 	polygon: autoDraw = True
15.9359 	EXP 	polygon: autoDraw = True
15.9526 	EXP 	polygon: autoDraw = True
15.9693 	EXP 	polygon: autoDraw = True
15.9860 	EXP 	polygon: autoDraw = True
16.0026 	EXP 	polygon: autoDraw = True
16.0193 	EXP 	polygon: autoDraw = True
16.0361 	EXP 	polygon: autoDraw = True
16.0526 	EXP 	polygon: autoDraw = True
16.0693 	EXP 	polygon: autoDraw = True
16.0860 	EXP 	polygon: autoDraw = True
16.1027 	EXP 	polygon: autoDraw = True
16.1194 	EXP 	polygon: autoDraw = True
16.1360 	EXP 	polygon: autoDraw = True
16.1527 	EXP 	polygon: autoDraw = True
16.1694 	EXP 	polygon: autoDraw = True
16.1861 	EXP 	polygon: autoDraw = True
16.2028 	EXP 	polygon: autoDraw = True
16.2195 	EXP 	polygon: autoDraw = True
16.2361 	EXP 	polygon: autoDraw = True
16.2528 	EXP 	polygon: autoDraw = True
16.2696 	EXP 	polygon: autoDraw = True
16.2862 	EXP 	polygon: autoDraw = True
16.3029 	EXP 	polygon: autoDraw = True
16.3195 	EXP 	polygon: autoDraw = True
16.3361 	EXP 	polygon: autoDraw = True
16.3528 	EXP 	polygon: autoDraw = True
16.3696 	EXP 	polygon: autoDraw = True
16.3864 	EXP 	polygon: autoDraw = True
16.4030 	EXP 	polygon: autoDraw = True
16.4196 	EXP 	polygon: autoDraw = True
16.4363 	EXP 	polygon: autoDraw = True
16.4530 	EXP 	polygon: autoDraw = True
16.4697 	EXP 	polygon: autoDraw = True
16.4863 	EXP 	polygon: autoDraw = True
16.5030 	EXP 	polygon: autoDraw = True
16.5197 	EXP 	polygon: autoDraw = True
16.5363 	EXP 	polygon: autoDraw = True
16.5535 	EXP 	polygon: autoDraw = True
16.5600 	EXP 	Created sequence: random, trialTypes=1, nReps=1, seed=None
16.5601 	EXP 	New trial (rep=0, index=0): None
16.5617 	EXP 	Created sequence: random, trialTypes=1, nReps=0, seed=None
16.5618 	EXP 	New trial (rep=1, index=0): None
16.5639 	DATA 	Keypress: return
16.5698 	EXP 	polygon: autoDraw = True
16.5698 	EXP 	testQChoice: autoDraw = False
16.5698 	EXP 	image: autoDraw = False
16.5698 	EXP 	image_2: autoDraw = False
16.5698 	EXP 	image_3: autoDraw = False
16.5698 	EXP 	image_4: autoDraw = False
16.5698 	EXP 	polygon: autoDraw = False
16.5698 	EXP 	regCue: autoDraw = True
19.5721 	EXP 	regCue: autoDraw = False
19.5721 	EXP 	regCue: autoDraw = False
19.5721 	EXP 	blank: text = ''
19.5721 	EXP 	choiceQ: autoDraw = True
19.5721 	EXP 	testChoice: autoDraw = True
19.5721 	EXP 	videogameChoice: autoDraw = True
19.5721 	EXP 	gre: autoDraw = True
19.5721 	EXP 	gmat: autoDraw = True
19.5721 	EXP 	lsat: autoDraw = True
19.5721 	EXP 	mcat: autoDraw = True
19.5721 	EXP 	game: autoDraw = True
21.4285 	DATA 	Keypress: 2
21.4404 	EXP 	videogameChoice: color = 'green (named)'
21.4404 	EXP 	blank: autoDraw = True
21.4571 	EXP 	videogameChoice: color = 'green (named)'
21.4737 	EXP 	videogameChoice: color = 'green (named)'
21.4905 	EXP 	videogameChoice: color = 'green (named)'
21.5071 	EXP 	videogameChoice: color = 'green (named)'
21.5238 	EXP 	videogameChoice: color = 'green (named)'
21.5404 	EXP 	videogameChoice: color = 'green (named)'
21.5571 	EXP 	videogameChoice: color = 'green (named)'
21.5738 	EXP 	videogameChoice: color = 'green (named)'
21.5905 	EXP 	videogameChoice: color = 'green (named)'
21.6072 	EXP 	videogameChoice: color = 'green (named)'
21.6239 	EXP 	videogameChoice: color = 'green (named)'
21.6406 	EXP 	videogameChoice: color = 'green (named)'
21.6571 	EXP 	videogameChoice: color = 'green (named)'
21.6739 	EXP 	videogameChoice: color = 'green (named)'
21.6907 	EXP 	videogameChoice: color = 'green (named)'
21.7074 	EXP 	videogameChoice: color = 'green (named)'
21.7240 	EXP 	videogameChoice: color = 'green (named)'
21.7407 	EXP 	videogameChoice: color = 'green (named)'
21.7574 	EXP 	videogameChoice: color = 'green (named)'
21.7740 	EXP 	videogameChoice: color = 'green (named)'
21.7908 	EXP 	videogameChoice: color = 'green (named)'
21.8074 	EXP 	videogameChoice: color = 'green (named)'
21.8241 	EXP 	videogameChoice: color = 'green (named)'
21.8408 	EXP 	videogameChoice: color = 'green (named)'
21.8574 	EXP 	videogameChoice: color = 'green (named)'
21.8741 	EXP 	videogameChoice: color = 'green (named)'
21.8910 	EXP 	videogameChoice: color = 'green (named)'
21.9075 	EXP 	videogameChoice: color = 'green (named)'
21.9241 	EXP 	videogameChoice: color = 'green (named)'
21.9408 	EXP 	videogameChoice: color = 'green (named)'
21.9574 	EXP 	videogameChoice: color = 'green (named)'
21.9741 	EXP 	videogameChoice: color = 'green (named)'
21.9909 	EXP 	videogameChoice: color = 'green (named)'
22.0074 	EXP 	videogameChoice: color = 'green (named)'
22.0243 	EXP 	videogameChoice: color = 'green (named)'
22.0409 	EXP 	videogameChoice: color = 'green (named)'
22.0575 	EXP 	videogameChoice: color = 'green (named)'
22.0741 	EXP 	videogameChoice: color = 'green (named)'
22.0910 	EXP 	videogameChoice: color = 'green (named)'
22.1076 	EXP 	videogameChoice: color = 'green (named)'
22.1243 	EXP 	videogameChoice: color = 'green (named)'
22.1410 	EXP 	videogameChoice: color = 'green (named)'
22.1577 	EXP 	videogameChoice: color = 'green (named)'
22.1743 	EXP 	videogameChoice: color = 'green (named)'
22.1911 	EXP 	videogameChoice: color = 'green (named)'
22.2078 	EXP 	videogameChoice: color = 'green (named)'
22.2244 	EXP 	videogameChoice: color = 'green (named)'
22.2411 	EXP 	videogameChoice: color = 'green (named)'
22.2577 	EXP 	videogameChoice: color = 'green (named)'
22.2743 	EXP 	videogameChoice: color = 'green (named)'
22.2913 	EXP 	videogameChoice: color = 'green (named)'
22.3078 	EXP 	videogameChoice: color = 'green (named)'
22.3245 	EXP 	videogameChoice: color = 'green (named)'
22.3413 	EXP 	videogameChoice: color = 'green (named)'
22.3578 	EXP 	videogameChoice: color = 'green (named)'
22.3743 	EXP 	videogameChoice: color = 'green (named)'
22.3913 	EXP 	videogameChoice: color = 'green (named)'
22.4079 	EXP 	videogameChoice: color = 'green (named)'
22.4245 	EXP 	videogameChoice: color = 'green (named)'
22.4412 	EXP 	videogameChoice: color = 'green (named)'
22.4579 	EXP 	videogameChoice: color = 'green (named)'
22.4746 	EXP 	videogameChoice: color = 'green (named)'
22.4913 	EXP 	videogameChoice: color = 'green (named)'
22.5079 	EXP 	videogameChoice: color = 'green (named)'
22.5246 	EXP 	videogameChoice: color = 'green (named)'
22.5412 	EXP 	videogameChoice: color = 'green (named)'
22.5580 	EXP 	videogameChoice: color = 'green (named)'
22.5747 	EXP 	videogameChoice: color = 'green (named)'
22.5914 	EXP 	videogameChoice: color = 'green (named)'
22.6081 	EXP 	videogameChoice: color = 'green (named)'
22.6247 	EXP 	videogameChoice: color = 'green (named)'
22.6415 	EXP 	videogameChoice: color = 'green (named)'
22.6581 	EXP 	videogameChoice: color = 'green (named)'
22.6748 	EXP 	videogameChoice: color = 'green (named)'
22.6914 	EXP 	videogameChoice: color = 'green (named)'
22.7082 	EXP 	videogameChoice: color = 'green (named)'
22.7262 	EXP 	videogameChoice: color = 'green (named)'
22.7419 	EXP 	videogameChoice: color = 'green (named)'
22.7582 	EXP 	videogameChoice: color = 'green (named)'
22.7747 	EXP 	videogameChoice: color = 'green (named)'
22.7914 	EXP 	videogameChoice: color = 'green (named)'
22.8081 	EXP 	videogameChoice: color = 'green (named)'
22.8248 	EXP 	videogameChoice: color = 'green (named)'
22.8415 	EXP 	videogameChoice: color = 'green (named)'
22.8582 	EXP 	videogameChoice: color = 'green (named)'
22.8749 	EXP 	videogameChoice: color = 'green (named)'
22.8915 	EXP 	videogameChoice: color = 'green (named)'
22.9083 	EXP 	videogameChoice: color = 'green (named)'
22.9250 	EXP 	videogameChoice: color = 'green (named)'
22.9417 	EXP 	videogameChoice: color = 'green (named)'
22.9417 	EXP 	blank: autoDraw = False
22.9451 	EXP 	Created sequence: random, trialTypes=1, nReps=0, seed=None
22.9452 	EXP 	Created sequence: random, trialTypes=1, nReps=1, seed=None
22.9453 	EXP 	New trial (rep=0, index=0): None
22.9585 	EXP 	choiceQ: autoDraw = False
22.9585 	EXP 	testChoice: autoDraw = False
22.9585 	EXP 	videogameChoice: autoDraw = False
22.9585 	EXP 	gre: autoDraw = False
22.9585 	EXP 	gmat: autoDraw = False
22.9585 	EXP 	lsat: autoDraw = False
22.9585 	EXP 	mcat: autoDraw = False
22.9585 	EXP 	game: autoDraw = False
22.9585 	EXP 	videogameChoice: color = 'green (named)'
22.9585 	EXP 	choiceQ: autoDraw = False
22.9585 	EXP 	testChoice: autoDraw = False
22.9585 	EXP 	videogameChoice: autoDraw = False
22.9585 	EXP 	gre: autoDraw = False
22.9585 	EXP 	gmat: autoDraw = False
22.9585 	EXP 	lsat: autoDraw = False
22.9585 	EXP 	mcat: autoDraw = False
22.9585 	EXP 	game: autoDraw = False
22.9585 	EXP 	blank: autoDraw = False
22.9585 	EXP 	videogameChoice: color = 'white (named)'
22.9585 	EXP 	testChoice: color = 'white (named)'
22.9585 	EXP 	choiceQ: autoDraw = False
22.9585 	EXP 	testChoice: autoDraw = False
22.9585 	EXP 	videogameChoice: autoDraw = False
22.9585 	EXP 	gre: autoDraw = False
22.9585 	EXP 	gmat: autoDraw = False
22.9585 	EXP 	lsat: autoDraw = False
22.9585 	EXP 	mcat: autoDraw = False
22.9585 	EXP 	text: autoDraw = True
26.9455 	EXP 	New trial (rep=2, index=0): None
26.9617 	EXP 	text: autoDraw = False
26.9617 	EXP 	regCue: autoDraw = True
28.6323 	DATA 	Keypress: escape
28.7215 	EXP 	window1: mouseVisible = True
