5.0741 	WARNING 	User requested fullscreen with size [1024  768], but screen is actually [1920, 1200]. Using actual size
6.3976 	EXP 	Created window1 = Window(allowGUI=False, allowStencil=False, args=UNKNOWN, autoLog=True, bitsMode=UNKNOWN, blendMode='avg', color=array([0., 0., 0.]), colorSpace='rgb', fullscr=<method-wrapper '__getattribute__' of attributeSetter object at 0x000001F15536F5F8>, gamma=None, gammaErrorPolicy='raise', kwargs=UNKNOWN, lms=UNKNOWN, monitor=<psychopy.monitors.calibTools.Monitor object at 0x000001F155301DA0>, multiSample=False, name='window1', numSamples=2, pos=[0.0, 0.0], screen=0, size=array([1920, 1200]), stereo=False, units='height', useFBO=True, useRetina=False, viewOri=0.0, viewPos=None, viewScale=None, waitBlanking=True, winType='pyglet')
6.3976 	EXP 	window1: recordFrameIntervals = False
6.5646 	EXP 	window1: recordFrameIntervals = True
6.7480 	EXP 	window1: recordFrameIntervals = False
6.9537 	EXP 	Created instruct = TextStim(__class__=<class 'psychopy.visual.text.TextStim'>, alignHoriz='center', alignVert='center', antialias=True, autoLog=True, bold=False, color='white', colorSpace='named', contrast=1.0, depth=0.0, flipHoriz=False, flipVert=False, font='Arial', fontFiles=[], height=0.05, italic=False, languageStyle='LTR', name='instruct', opacity=1.0, ori=0, pos=array([0., 0.]), rgb=array([255., 255., 255.]), text=str(...), units='height', win=Window(...), wrapWidth=1.4)
6.9738 	EXP 	Created regCue = TextStim(__class__=<class 'psychopy.visual.text.TextStim'>, alignHoriz='center', alignVert='center', antialias=True, autoLog=True, bold=False, color='white', colorSpace='named', contrast=1.0, depth=0.0, flipHoriz=False, flipVert=False, font='Arial', fontFiles=[], height=0.1, italic=False, languageStyle='LTR', name='regCue', opacity=1.0, ori=0, pos=array([0., 0.]), rgb=array([255., 255., 255.]), text='REGULATE', units='height', win=Window(...), wrapWidth=1)
6.9904 	EXP 	Created choiceQ = TextStim(__class__=<class 'psychopy.visual.text.TextStim'>, alignHoriz='center', alignVert='center', antialias=True, autoLog=True, bold=False, color='white', colorSpace='named', contrast=1.0, depth=0.0, flipHoriz=False, flipVert=False, font='Arial', fontFiles=[], height=0.05, italic=False, languageStyle='LTR', name='choiceQ', opacity=1.0, ori=0, pos=array([0.  , 0.35]), rgb=array([255., 255., 255.]), text=str(...), units='height', win=Window(...), wrapWidth=1.4)
7.0054 	EXP 	Created testChoice = TextStim(__class__=<class 'psychopy.visual.text.TextStim'>, alignHoriz='center', alignVert='center', antialias=True, autoLog=True, bold=False, color='white', colorSpace='named', contrast=1.0, depth=-2.0, flipHoriz=False, flipVert=False, font='Arial', fontFiles=[], height=0.04, italic=False, languageStyle='LTR', name='testChoice', opacity=1.0, ori=0, pos=array([-0.41,  0.15]), rgb=array([255., 255., 255.]), text='Practice Standardized Test Questions', units='height', win=Window(...), wrapWidth=1)
7.0116 	EXP 	Created videogameChoice = TextStim(__class__=<class 'psychopy.visual.text.TextStim'>, alignHoriz='center', alignVert='center', antialias=True, autoLog=True, bold=False, color='white', colorSpace='named', contrast=1.0, depth=-3.0, flipHoriz=False, flipVert=False, font='Arial', fontFiles=[], height=0.04, italic=False, languageStyle='LTR', name='videogameChoice', opacity=1.0, ori=0, pos=array([0.41, 0.15]), rgb=array([255., 255., 255.]), text='Play a Videogame', units='height', win=Window(...), wrapWidth=1)
7.0172 	EXP 	Created gre = ImageStim(__class__=<class 'psychopy.visual.image.ImageStim'>, autoLog=True, color=array([1., 1., 1.]), colorSpace='rgb', contrast=1.0, depth=-4.0, flipHoriz=False, flipVert=False, image='gre.png', interpolate=True, mask=None, maskParams=None, name='gre', opacity=1.0, ori=0.0, pos=array([-0.41,  0.02]), size=array([0.3  , 0.105]), texRes=128, units='height', win=Window(...))
7.0199 	EXP 	Created gmat = ImageStim(__class__=<class 'psychopy.visual.image.ImageStim'>, autoLog=True, color=array([1., 1., 1.]), colorSpace='rgb', contrast=1.0, depth=-5.0, flipHoriz=False, flipVert=False, image='gmat.png', interpolate=True, mask=None, maskParams=None, name='gmat', opacity=1.0, ori=0.0, pos=array([-0.41, -0.13]), size=array([0.3 , 0.11]), texRes=128, units='height', win=Window(...))
7.0216 	EXP 	Created lsat = ImageStim(__class__=<class 'psychopy.visual.image.ImageStim'>, autoLog=True, color=array([1., 1., 1.]), colorSpace='rgb', contrast=1.0, depth=-6.0, flipHoriz=False, flipVert=False, image='lsat.png', interpolate=True, mask=None, maskParams=None, name='lsat', opacity=1.0, ori=0.0, pos=array([-0.41, -0.27]), size=array([0.3 , 0.11]), texRes=128, units='height', win=Window(...))
7.0412 	EXP 	Created game = ImageStim(__class__=<class 'psychopy.visual.image.ImageStim'>, autoLog=True, color=array([1., 1., 1.]), colorSpace='rgb', contrast=1.0, depth=-7.0, flipHoriz=False, flipVert=False, image='game.png', interpolate=True, mask=None, maskParams=None, name='game', opacity=1.0, ori=0.0, pos=array([ 0.41, -0.19]), size=array([0.4, 0.5]), texRes=128, units='height', win=Window(...))
7.0416 	EXP 	Created blank = TextStim(__class__=<class 'psychopy.visual.text.TextStim'>, alignHoriz='center', alignVert='center', antialias=True, autoLog=True, bold=False, color='white', colorSpace='named', contrast=1.0, depth=-9.0, flipHoriz=False, flipVert=False, font='Arial', fontFiles=[], height=0.1, italic=False, languageStyle='LTR', name='blank', opacity=1.0, ori=0, pos=array([0., 0.]), rgb=array([255., 255., 255.]), text='', units='height', win=Window(...), wrapWidth=1)
7.0731 	EXP 	Created testQChoice = TextStim(__class__=<class 'psychopy.visual.text.TextStim'>, alignHoriz='center', alignVert='center', antialias=True, autoLog=True, bold=False, color='white', colorSpace='named', contrast=1.0, depth=0.0, flipHoriz=False, flipVert=False, font='Arial', fontFiles=[], height=0.055, italic=False, languageStyle='LTR', name='testQChoice', opacity=1.0, ori=0, pos=array([0.  , 0.35]), rgb=array([255., 255., 255.]), text=str(...), units='height', win=Window(...), wrapWidth=1.3)
7.0767 	EXP 	Created image = ImageStim(__class__=<class 'psychopy.visual.image.ImageStim'>, autoLog=True, color=array([1., 1., 1.]), colorSpace='rgb', contrast=1.0, depth=-1.0, flipHoriz=False, flipVert=False, image='gre.png', interpolate=True, mask=None, maskParams=None, name='image', opacity=1.0, ori=0.0, pos=array([0.   , 0.105]), size=array([0.3 , 0.11]), texRes=128, units='height', win=Window(...))
7.0798 	EXP 	Created image_2 = ImageStim(__class__=<class 'psychopy.visual.image.ImageStim'>, autoLog=True, color=array([1., 1., 1.]), colorSpace='rgb', contrast=1.0, depth=-2.0, flipHoriz=False, flipVert=False, image='gmat.png', interpolate=True, mask=None, maskParams=None, name='image_2', opacity=1.0, ori=0.0, pos=array([ 0.  , -0.05]), size=array([0.3 , 0.11]), texRes=128, units='height', win=Window(...))
7.0817 	EXP 	Created image_3 = ImageStim(__class__=<class 'psychopy.visual.image.ImageStim'>, autoLog=True, color=array([1., 1., 1.]), colorSpace='rgb', contrast=1.0, depth=-3.0, flipHoriz=False, flipVert=False, image='lsat.png', interpolate=True, mask=None, maskParams=None, name='image_3', opacity=1.0, ori=0.0, pos=array([ 0. , -0.2]), size=array([0.3 , 0.11]), texRes=128, units='height', win=Window(...))
7.0835 	EXP 	Created polygon = Rect(__class__=<class 'psychopy.visual.rect.Rect'>, autoDraw=False, autoLog=True, closeShape=True, color=method-wrapper(...), colorSpace=None, contrast=1.0, depth=-5.0, fillColor=None, fillColorSpace='rgb', fillRGB=None, interpolate=True, lineColor=array([-1., -1., -1.]), lineColorSpace='rgb', lineRGB=array([-1., -1., -1.]), lineWidth=1.0, name='polygon', opacity=1.0, ori=array(1.), pos=array([0., 0.]), size=array([1., 1.]), units='height', vertices=ndarray(...), win=Window(...))
7.0942 	EXP 	Created TextQuestion = TextStim(__class__=<class 'psychopy.visual.text.TextStim'>, alignHoriz='center', alignVert='center', antialias=True, autoLog=True, bold=False, color='white', colorSpace='named', contrast=1.0, depth=0.0, flipHoriz=False, flipVert=False, font='Arial', fontFiles=[], height=0.028, italic=False, languageStyle='LTR', name='TextQuestion', opacity=1.0, ori=0, pos=array([0.  , 0.35]), rgb=array([255., 255., 255.]), text='default text', units='height', win=Window(...), wrapWidth=1.45)
7.1019 	EXP 	Created choiceA = TextStim(__class__=<class 'psychopy.visual.text.TextStim'>, alignHoriz='center', alignVert='center', antialias=True, autoLog=True, bold=False, color='white', colorSpace='named', contrast=1.0, depth=-3.0, flipHoriz=False, flipVert=False, font='Arial', fontFiles=[], height=0.026, italic=False, languageStyle='LTR', name='choiceA', opacity=1.0, ori=0, pos=array([0., 0.]), rgb=array([255., 255., 255.]), text='default text', units='height', win=Window(...), wrapWidth=1.4)
7.1050 	EXP 	Created choiceB = TextStim(__class__=<class 'psychopy.visual.text.TextStim'>, alignHoriz='center', alignVert='center', antialias=True, autoLog=True, bold=False, color='white', colorSpace='named', contrast=1.0, depth=-4.0, flipHoriz=False, flipVert=False, font='Arial', fontFiles=[], height=0.026, italic=False, languageStyle='LTR', name='choiceB', opacity=1.0, ori=0, pos=array([ 0. , -0.1]), rgb=array([255., 255., 255.]), text='default text', units='height', win=Window(...), wrapWidth=1.4)
7.1080 	EXP 	Created choiceC = TextStim(__class__=<class 'psychopy.visual.text.TextStim'>, alignHoriz='center', alignVert='center', antialias=True, autoLog=True, bold=False, color='white', colorSpace='named', contrast=1.0, depth=-5.0, flipHoriz=False, flipVert=False, font='Arial', fontFiles=[], height=0.026, italic=False, languageStyle='LTR', name='choiceC', opacity=1.0, ori=0, pos=array([ 0. , -0.2]), rgb=array([255., 255., 255.]), text='default text', units='height', win=Window(...), wrapWidth=1.4)
7.1110 	EXP 	Created choiceD = TextStim(__class__=<class 'psychopy.visual.text.TextStim'>, alignHoriz='center', alignVert='center', antialias=True, autoLog=True, bold=False, color='white', colorSpace='named', contrast=1.0, depth=-6.0, flipHoriz=False, flipVert=False, font='Arial', fontFiles=[], height=0.026, italic=False, languageStyle='LTR', name='choiceD', opacity=1.0, ori=0, pos=array([ 0. , -0.3]), rgb=array([255., 255., 255.]), text='default text', units='height', win=Window(...), wrapWidth=1.4)
7.1141 	EXP 	Created choiceE = TextStim(__class__=<class 'psychopy.visual.text.TextStim'>, alignHoriz='center', alignVert='center', antialias=True, autoLog=True, bold=False, color='white', colorSpace='named', contrast=1.0, depth=-7.0, flipHoriz=False, flipVert=False, font='Arial', fontFiles=[], height=0.026, italic=False, languageStyle='LTR', name='choiceE', opacity=1.0, ori=0, pos=array([ 0. , -0.4]), rgb=array([255., 255., 255.]), text='default text', units='height', win=Window(...), wrapWidth=1.4)
7.1145 	EXP 	Created conBlank = TextStim(__class__=<class 'psychopy.visual.text.TextStim'>, alignHoriz='center', alignVert='center', antialias=True, autoLog=True, bold=False, color='white', colorSpace='named', contrast=1.0, depth=-9.0, flipHoriz=False, flipVert=False, font='Arial', fontFiles=[], height=0.1, italic=False, languageStyle='LTR', name='conBlank', opacity=1.0, ori=0, pos=array([0., 0.]), rgb=array([255., 255., 255.]), text='', units='height', win=Window(...), wrapWidth=1)
7.1997 	EXP 	Created text = TextStim(__class__=<class 'psychopy.visual.text.TextStim'>, alignHoriz='center', alignVert='center', antialias=True, autoLog=True, bold=False, color='white', colorSpace='named', contrast=1.0, depth=0.0, flipHoriz=False, flipVert=False, font='Arial', fontFiles=[], height=0.07, italic=False, languageStyle='LTR', name='text', opacity=1.0, ori=0, pos=array([0., 0.]), rgb=array([255., 255., 255.]), text=str(...), units='height', win=Window(...), wrapWidth=1)
7.2334 	EXP 	instruct: autoDraw = True
7.8688 	DATA 	Mouse: Left button down, pos=(844,664)
7.9695 	DATA 	Mouse:  Left button up, pos=(844,664)
8.5211 	DATA 	Keypress: space
8.5366 	EXP 	Created sequence: random, trialTypes=1, nReps=5, seed=None
8.5367 	EXP 	New trial (rep=0, index=0): None
8.5494 	EXP 	instruct: autoDraw = False
8.5494 	EXP 	regCue: autoDraw = True
11.5758 	EXP 	regCue: autoDraw = False
11.5758 	EXP 	regCue: autoDraw = False
11.5758 	EXP 	blank: text = ''
11.5758 	EXP 	choiceQ: autoDraw = True
11.5758 	EXP 	testChoice: autoDraw = True
11.5758 	EXP 	videogameChoice: autoDraw = True
11.5758 	EXP 	gre: autoDraw = True
11.5758 	EXP 	gmat: autoDraw = True
11.5758 	EXP 	lsat: autoDraw = True
11.5758 	EXP 	game: autoDraw = True
11.9569 	DATA 	Keypress: 1
11.9691 	EXP 	testChoice: color = 'green (named)'
11.9691 	EXP 	blank: autoDraw = True
11.9853 	EXP 	testChoice: color = 'green (named)'
12.0021 	EXP 	testChoice: color = 'green (named)'
12.0186 	EXP 	testChoice: color = 'green (named)'
12.0357 	EXP 	testChoice: color = 'green (named)'
12.0520 	EXP 	testChoice: color = 'green (named)'
12.0688 	EXP 	testChoice: color = 'green (named)'
12.0854 	EXP 	testChoice: color = 'green (named)'
12.1021 	EXP 	testChoice: color = 'green (named)'
12.1187 	EXP 	testChoice: color = 'green (named)'
12.1355 	EXP 	testChoice: color = 'green (named)'
12.1522 	EXP 	testChoice: color = 'green (named)'
12.1688 	EXP 	testChoice: color = 'green (named)'
12.1855 	EXP 	testChoice: color = 'green (named)'
12.2021 	EXP 	testChoice: color = 'green (named)'
12.2191 	EXP 	testChoice: color = 'green (named)'
12.2354 	EXP 	testChoice: color = 'green (named)'
12.2523 	EXP 	testChoice: color = 'green (named)'
12.2689 	EXP 	testChoice: color = 'green (named)'
12.2855 	EXP 	testChoice: color = 'green (named)'
12.3021 	EXP 	testChoice: color = 'green (named)'
12.3194 	EXP 	testChoice: color = 'green (named)'
12.3354 	EXP 	testChoice: color = 'green (named)'
12.3523 	EXP 	testChoice: color = 'green (named)'
12.3687 	EXP 	testChoice: color = 'green (named)'
12.3857 	EXP 	testChoice: color = 'green (named)'
12.4022 	EXP 	testChoice: color = 'green (named)'
12.4190 	EXP 	testChoice: color = 'green (named)'
12.4354 	EXP 	testChoice: color = 'green (named)'
12.4523 	EXP 	testChoice: color = 'green (named)'
12.4689 	EXP 	testChoice: color = 'green (named)'
12.4856 	EXP 	testChoice: color = 'green (named)'
12.5024 	EXP 	testChoice: color = 'green (named)'
12.5196 	EXP 	testChoice: color = 'green (named)'
12.5357 	EXP 	testChoice: color = 'green (named)'
12.5524 	EXP 	testChoice: color = 'green (named)'
12.5691 	EXP 	testChoice: color = 'green (named)'
12.5858 	EXP 	testChoice: color = 'green (named)'
12.6024 	EXP 	testChoice: color = 'green (named)'
12.6192 	EXP 	testChoice: color = 'green (named)'
12.6358 	EXP 	testChoice: color = 'green (named)'
12.6525 	EXP 	testChoice: color = 'green (named)'
12.6692 	EXP 	testChoice: color = 'green (named)'
12.6860 	EXP 	testChoice: color = 'green (named)'
12.7025 	EXP 	testChoice: color = 'green (named)'
12.7194 	EXP 	testChoice: color = 'green (named)'
12.7365 	EXP 	testChoice: color = 'green (named)'
12.7527 	EXP 	testChoice: color = 'green (named)'
12.7695 	EXP 	testChoice: color = 'green (named)'
12.7862 	EXP 	testChoice: color = 'green (named)'
12.8027 	EXP 	testChoice: color = 'green (named)'
12.8194 	EXP 	testChoice: color = 'green (named)'
12.8360 	EXP 	testChoice: color = 'green (named)'
12.8529 	EXP 	testChoice: color = 'green (named)'
12.8694 	EXP 	testChoice: color = 'green (named)'
12.8863 	EXP 	testChoice: color = 'green (named)'
12.9027 	EXP 	testChoice: color = 'green (named)'
12.9195 	EXP 	testChoice: color = 'green (named)'
12.9360 	EXP 	testChoice: color = 'green (named)'
12.9528 	EXP 	testChoice: color = 'green (named)'
12.9695 	EXP 	testChoice: color = 'green (named)'
12.9862 	EXP 	testChoice: color = 'green (named)'
13.0028 	EXP 	testChoice: color = 'green (named)'
13.0195 	EXP 	testChoice: color = 'green (named)'
13.0363 	EXP 	testChoice: color = 'green (named)'
13.0530 	EXP 	testChoice: color = 'green (named)'
13.0694 	EXP 	testChoice: color = 'green (named)'
13.0862 	EXP 	testChoice: color = 'green (named)'
13.1028 	EXP 	testChoice: color = 'green (named)'
13.1195 	EXP 	testChoice: color = 'green (named)'
13.1363 	EXP 	testChoice: color = 'green (named)'
13.1529 	EXP 	testChoice: color = 'green (named)'
13.1695 	EXP 	testChoice: color = 'green (named)'
13.1863 	EXP 	testChoice: color = 'green (named)'
13.2030 	EXP 	testChoice: color = 'green (named)'
13.2198 	EXP 	testChoice: color = 'green (named)'
13.2362 	EXP 	testChoice: color = 'green (named)'
13.2540 	EXP 	testChoice: color = 'green (named)'
13.2697 	EXP 	testChoice: color = 'green (named)'
13.2861 	EXP 	testChoice: color = 'green (named)'
13.3031 	EXP 	testChoice: color = 'green (named)'
13.3196 	EXP 	testChoice: color = 'green (named)'
13.3363 	EXP 	testChoice: color = 'green (named)'
13.3528 	EXP 	testChoice: color = 'green (named)'
13.3696 	EXP 	testChoice: color = 'green (named)'
13.3869 	EXP 	testChoice: color = 'green (named)'
13.4027 	EXP 	testChoice: color = 'green (named)'
13.4201 	EXP 	testChoice: color = 'green (named)'
13.4364 	EXP 	testChoice: color = 'green (named)'
13.4530 	EXP 	testChoice: color = 'green (named)'
13.4700 	EXP 	testChoice: color = 'green (named)'
13.4700 	EXP 	blank: autoDraw = False
13.4993 	EXP 	Imported RowsExcel.xlsx as conditions, 5 conditions, 1 params
13.4995 	EXP 	Created sequence: random, trialTypes=5, nReps=1, seed=None
13.4997 	EXP 	New trial (rep=0, index=0): OrderedDict([('Rows', '000:005')])
13.5083 	EXP 	choiceQ: autoDraw = False
13.5083 	EXP 	testChoice: autoDraw = False
13.5083 	EXP 	videogameChoice: autoDraw = False
13.5083 	EXP 	gre: autoDraw = False
13.5083 	EXP 	gmat: autoDraw = False
13.5083 	EXP 	lsat: autoDraw = False
13.5083 	EXP 	game: autoDraw = False
13.5083 	EXP 	testChoice: color = 'green (named)'
13.5083 	EXP 	choiceQ: autoDraw = False
13.5083 	EXP 	testChoice: autoDraw = False
13.5083 	EXP 	videogameChoice: autoDraw = False
13.5083 	EXP 	gre: autoDraw = False
13.5083 	EXP 	gmat: autoDraw = False
13.5083 	EXP 	lsat: autoDraw = False
13.5083 	EXP 	game: autoDraw = False
13.5083 	EXP 	blank: autoDraw = False
13.5083 	EXP 	videogameChoice: color = 'white (named)'
13.5083 	EXP 	testChoice: color = 'white (named)'
13.5083 	EXP 	choiceQ: autoDraw = False
13.5083 	EXP 	testChoice: autoDraw = False
13.5083 	EXP 	videogameChoice: autoDraw = False
13.5083 	EXP 	gre: autoDraw = False
13.5083 	EXP 	gmat: autoDraw = False
13.5083 	EXP 	lsat: autoDraw = False
13.5083 	EXP 	polygon: opacity = 1.0
13.5083 	EXP 	polygon: size = array([0.32, 0.13])
13.5083 	EXP 	polygon: ori = 0.0
13.5083 	EXP 	polygon: lineWidth = 8.0
13.5083 	EXP 	testQChoice: autoDraw = True
13.5083 	EXP 	image: autoDraw = True
13.5083 	EXP 	image_2: autoDraw = True
13.5083 	EXP 	image_3: autoDraw = True
13.9928 	DATA 	Keypress: 1
14.0206 	EXP 	polygon: autoDraw = True
14.8760 	EXP 	Imported QuestionsText.xlsx as conditions, 5 conditions, 21 params
14.8762 	EXP 	Created sequence: sequential, trialTypes=5, nReps=1, seed=None
14.8766 	EXP 	New trial (rep=0, index=0): OrderedDict([('GMAT', '1)\xa0In order to combat Carville’s rampant homeless problem, Mayor Bloomfield recently proposed a ban on sleeping outdoors in the city’s many parks. He claims that such a measure will force the homeless to either leave Carville or to find means other than sleeping in public parks.\n\nWhich of the following, if true, suggests that Mayor Bloomfield’s plan will be successful?'), ('GMATQA', '(A) Until the ban, the city’s many homeless shelters were at less than fifty percent occupancy.'), ('GMATQB', '(B) Many\xa0homeless tend to congregate underneath Carville’s numerous overpasses.'), ('GMATQC', '(C) Adjacent\xa0cities have even tougher measures on the homeless sleeping outdoors.'), ('GMATQD', '(D) The percent of Carville’s population that has been homeless has been slowly decreasing in the last five years.\n\n'), ('GMATQE', '(E) Mayor\xa0Jonesmith, Mayor Bloomfield’s predecessor, had been far more tolerant towards the city’s homeless population.'), ('GMATAs', 'a'), ('GRE', '1) The Dvorak keyboard requires less finger movement than the ubiquitous QWERTY keyboard. As a result, Dvorak keyboard users are not only able to type more words per minute, but are also less vulnerable to both repetitive stress disorder and carpal tunnel syndrome. Nonetheless, businesses, as well as consumers, have not adopted the Dvorak keyboard. Clearly, if the Dvorak keyboard is to become more widely used, its benefits must be more widely touted.\n\n \n\nWhich of the following, if true, most threatens the author’s conclusion?'), ('GREQA', '(A)The initial cost of manufacturing a Dvorak keyboard will be more expensive than that of a QWERTY keyboard.'), ('GREQB', '(B)Many who have attempted using a Dvorak keyboard claim that learning the configuration of keys takes weeks.'), ('GREQC', '(C)Those suffering from repetitive stress injuries often attribute the injuries to multiple factors.'), ('GREQD', '(D)Businesses that have educated employees on the benefits of the Dvorak keyboard, have found that employees continue to use the Qwerty keyboard.'), ('GREQE', '(E)Businesses have found that many employees who believe the Qwerty keyboard is responsible for stress-induced injuries are unaware of the Dvorak keyboard.'), ('GREA', 'd'), ('LSAT', '1)Executive: We recently ran a set of advertisements in the print version of a travel magazine and on that magazine’s website. We were unable to get any direct information about consumer response to the print ads. However, we found that consumer response to the ads on the website was much more limited than is typical for website ads. We concluded that consumer response to the print ads was probably below par as well.\n\nThe executive’s reasoning does which one of the following?'), ('LSATQA', '(A)bases a prediction of the intensity of a phenomenon on information about the intensity of that phenomenon’s cause'), ('LSATQB', '(B)uses information about the typical frequency of events of a general kind to draw a conclusion about the probability of a particular event of that kind\n'), ('LSATQC', '(C)infers a statistical generalization from claims about a large number of specific instances'), ('LSATQD', '(D)uses a case in which direct evidence is available to draw a conclusion about an analogous case in which direct evidence is unavailable'), ('LSATQE', '(E)bases a prediction about future events on facts about recent comparable events'), ('LSATAs', 'd')])
15.0097 	DATA 	Keypress: return
15.0148 	EXP 	testQChoice: autoDraw = False
15.0148 	EXP 	image: autoDraw = False
15.0148 	EXP 	image_2: autoDraw = False
15.0148 	EXP 	image_3: autoDraw = False
15.0148 	EXP 	polygon: autoDraw = False
15.0148 	EXP 	TextQuestion: text = 'PLACEHOLDER'
15.0148 	EXP 	choiceA: text = 'QA'
15.0148 	EXP 	choiceB: text = 'QB'
15.0148 	EXP 	choiceC: text = 'QC'
15.0148 	EXP 	choiceD: text = 'QD'
15.0148 	EXP 	choiceE: text = 'QE'
15.0148 	EXP 	TextQuestion: text = '1) The Dvorak keyboard requires less finger movement than the ubiquitous QWERTY keyboard. As a result, Dvorak keyboard users are not only able to type more words per minute, but are also less vulnerable to both repetitive stress disorder and carpal tunnel syndrome. Nonetheless, businesses, as well as consumers, have not adopted the Dvorak keyboard. Clearly, if the Dvorak keyboard is to become more widely used, its benefits must be more widely touted.\n\n \n\nWhich of the following, if true, most threatens the author’s conclusion?'
15.0148 	EXP 	choiceA: text = '(A)The initial cost of manufacturing a Dvorak keyboard will be more expensive than that of a QWERTY keyboard.'
15.0148 	EXP 	choiceB: text = '(B)Many who have attempted using a Dvorak keyboard claim that learning the configuration of keys takes weeks.'
15.0148 	EXP 	choiceC: text = '(C)Those suffering from repetitive stress injuries often attribute the injuries to multiple factors.'
15.0148 	EXP 	choiceD: text = '(D)Businesses that have educated employees on the benefits of the Dvorak keyboard, have found that employees continue to use the Qwerty keyboard.'
15.0148 	EXP 	choiceE: text = '(E)Businesses have found that many employees who believe the Qwerty keyboard is responsible for stress-induced injuries are unaware of the Dvorak keyboard.'
15.0148 	EXP 	TextQuestion: autoDraw = True
15.0148 	EXP 	choiceA: autoDraw = True
15.0148 	EXP 	choiceB: autoDraw = True
15.0148 	EXP 	choiceC: autoDraw = True
15.0148 	EXP 	choiceD: autoDraw = True
15.0148 	EXP 	choiceE: autoDraw = True
16.6627 	DATA 	Keypress: a
18.7645 	DATA 	Keypress: return
18.7746 	EXP 	choiceA: color = 'red (named)'
18.7746 	EXP 	choiceD: color = 'green (named)'
18.7746 	EXP 	conBlank: autoDraw = True
18.7909 	EXP 	choiceA: color = 'red (named)'
18.7909 	EXP 	choiceD: color = 'green (named)'
18.8076 	EXP 	choiceA: color = 'red (named)'
18.8076 	EXP 	choiceD: color = 'green (named)'
18.8243 	EXP 	choiceA: color = 'red (named)'
18.8243 	EXP 	choiceD: color = 'green (named)'
18.8410 	EXP 	choiceA: color = 'red (named)'
18.8410 	EXP 	choiceD: color = 'green (named)'
18.8578 	EXP 	choiceA: color = 'red (named)'
18.8578 	EXP 	choiceD: color = 'green (named)'
18.8747 	EXP 	choiceA: color = 'red (named)'
18.8747 	EXP 	choiceD: color = 'green (named)'
18.8910 	EXP 	choiceA: color = 'red (named)'
18.8910 	EXP 	choiceD: color = 'green (named)'
18.9077 	EXP 	choiceA: color = 'red (named)'
18.9077 	EXP 	choiceD: color = 'green (named)'
18.9244 	EXP 	choiceA: color = 'red (named)'
18.9244 	EXP 	choiceD: color = 'green (named)'
18.9412 	EXP 	choiceA: color = 'red (named)'
18.9412 	EXP 	choiceD: color = 'green (named)'
18.9579 	EXP 	choiceA: color = 'red (named)'
18.9579 	EXP 	choiceD: color = 'green (named)'
18.9748 	EXP 	choiceA: color = 'red (named)'
18.9748 	EXP 	choiceD: color = 'green (named)'
18.9912 	EXP 	choiceA: color = 'red (named)'
18.9912 	EXP 	choiceD: color = 'green (named)'
19.0079 	EXP 	choiceA: color = 'red (named)'
19.0079 	EXP 	choiceD: color = 'green (named)'
19.0247 	EXP 	choiceA: color = 'red (named)'
19.0247 	EXP 	choiceD: color = 'green (named)'
19.0415 	EXP 	choiceA: color = 'red (named)'
19.0415 	EXP 	choiceD: color = 'green (named)'
19.0584 	EXP 	choiceA: color = 'red (named)'
19.0584 	EXP 	choiceD: color = 'green (named)'
19.0750 	EXP 	choiceA: color = 'red (named)'
19.0750 	EXP 	choiceD: color = 'green (named)'
19.0916 	EXP 	choiceA: color = 'red (named)'
19.0916 	EXP 	choiceD: color = 'green (named)'
19.1081 	EXP 	choiceA: color = 'red (named)'
19.1081 	EXP 	choiceD: color = 'green (named)'
19.1246 	EXP 	choiceA: color = 'red (named)'
19.1246 	EXP 	choiceD: color = 'green (named)'
19.1413 	EXP 	choiceA: color = 'red (named)'
19.1413 	EXP 	choiceD: color = 'green (named)'
19.1579 	EXP 	choiceA: color = 'red (named)'
19.1579 	EXP 	choiceD: color = 'green (named)'
19.1749 	EXP 	choiceA: color = 'red (named)'
19.1749 	EXP 	choiceD: color = 'green (named)'
19.1914 	EXP 	choiceA: color = 'red (named)'
19.1914 	EXP 	choiceD: color = 'green (named)'
19.2081 	EXP 	choiceA: color = 'red (named)'
19.2081 	EXP 	choiceD: color = 'green (named)'
19.2246 	EXP 	choiceA: color = 'red (named)'
19.2246 	EXP 	choiceD: color = 'green (named)'
19.2412 	EXP 	choiceA: color = 'red (named)'
19.2412 	EXP 	choiceD: color = 'green (named)'
19.2581 	EXP 	choiceA: color = 'red (named)'
19.2581 	EXP 	choiceD: color = 'green (named)'
19.2746 	EXP 	choiceA: color = 'red (named)'
19.2746 	EXP 	choiceD: color = 'green (named)'
19.2910 	EXP 	choiceA: color = 'red (named)'
19.2910 	EXP 	choiceD: color = 'green (named)'
19.3083 	EXP 	choiceA: color = 'red (named)'
19.3083 	EXP 	choiceD: color = 'green (named)'
19.3246 	EXP 	choiceA: color = 'red (named)'
19.3246 	EXP 	choiceD: color = 'green (named)'
19.3415 	EXP 	choiceA: color = 'red (named)'
19.3415 	EXP 	choiceD: color = 'green (named)'
19.3581 	EXP 	choiceA: color = 'red (named)'
19.3581 	EXP 	choiceD: color = 'green (named)'
19.3751 	EXP 	choiceA: color = 'red (named)'
19.3751 	EXP 	choiceD: color = 'green (named)'
19.3914 	EXP 	choiceA: color = 'red (named)'
19.3914 	EXP 	choiceD: color = 'green (named)'
19.4080 	EXP 	choiceA: color = 'red (named)'
19.4080 	EXP 	choiceD: color = 'green (named)'
19.4248 	EXP 	choiceA: color = 'red (named)'
19.4248 	EXP 	choiceD: color = 'green (named)'
19.4411 	EXP 	choiceA: color = 'red (named)'
19.4411 	EXP 	choiceD: color = 'green (named)'
19.4581 	EXP 	choiceA: color = 'red (named)'
19.4581 	EXP 	choiceD: color = 'green (named)'
19.4747 	EXP 	choiceA: color = 'red (named)'
19.4747 	EXP 	choiceD: color = 'green (named)'
19.4915 	EXP 	choiceA: color = 'red (named)'
19.4915 	EXP 	choiceD: color = 'green (named)'
19.5082 	EXP 	choiceA: color = 'red (named)'
19.5082 	EXP 	choiceD: color = 'green (named)'
19.5250 	EXP 	choiceA: color = 'red (named)'
19.5250 	EXP 	choiceD: color = 'green (named)'
19.5419 	EXP 	choiceA: color = 'red (named)'
19.5419 	EXP 	choiceD: color = 'green (named)'
19.5582 	EXP 	choiceA: color = 'red (named)'
19.5582 	EXP 	choiceD: color = 'green (named)'
19.5753 	EXP 	choiceA: color = 'red (named)'
19.5753 	EXP 	choiceD: color = 'green (named)'
19.5918 	EXP 	choiceA: color = 'red (named)'
19.5918 	EXP 	choiceD: color = 'green (named)'
19.6084 	EXP 	choiceA: color = 'red (named)'
19.6084 	EXP 	choiceD: color = 'green (named)'
19.6253 	EXP 	choiceA: color = 'red (named)'
19.6253 	EXP 	choiceD: color = 'green (named)'
19.6418 	EXP 	choiceA: color = 'red (named)'
19.6418 	EXP 	choiceD: color = 'green (named)'
19.6584 	EXP 	choiceA: color = 'red (named)'
19.6584 	EXP 	choiceD: color = 'green (named)'
19.6753 	EXP 	choiceA: color = 'red (named)'
19.6753 	EXP 	choiceD: color = 'green (named)'
19.6920 	EXP 	choiceA: color = 'red (named)'
19.6920 	EXP 	choiceD: color = 'green (named)'
19.7087 	EXP 	choiceA: color = 'red (named)'
19.7087 	EXP 	choiceD: color = 'green (named)'
19.7253 	EXP 	choiceA: color = 'red (named)'
19.7253 	EXP 	choiceD: color = 'green (named)'
19.7419 	EXP 	choiceA: color = 'red (named)'
19.7419 	EXP 	choiceD: color = 'green (named)'
19.7586 	EXP 	choiceA: color = 'red (named)'
19.7586 	EXP 	choiceD: color = 'green (named)'
19.7753 	EXP 	choiceA: color = 'red (named)'
19.7753 	EXP 	choiceD: color = 'green (named)'
19.7918 	EXP 	choiceA: color = 'red (named)'
19.7918 	EXP 	choiceD: color = 'green (named)'
19.8087 	EXP 	choiceA: color = 'red (named)'
19.8087 	EXP 	choiceD: color = 'green (named)'
19.8254 	EXP 	choiceA: color = 'red (named)'
19.8254 	EXP 	choiceD: color = 'green (named)'
19.8418 	EXP 	choiceA: color = 'red (named)'
19.8418 	EXP 	choiceD: color = 'green (named)'
19.8586 	EXP 	choiceA: color = 'red (named)'
19.8586 	EXP 	choiceD: color = 'green (named)'
19.8754 	EXP 	choiceA: color = 'red (named)'
19.8754 	EXP 	choiceD: color = 'green (named)'
19.8923 	EXP 	choiceA: color = 'red (named)'
19.8923 	EXP 	choiceD: color = 'green (named)'
19.9085 	EXP 	choiceA: color = 'red (named)'
19.9085 	EXP 	choiceD: color = 'green (named)'
19.9254 	EXP 	choiceA: color = 'red (named)'
19.9254 	EXP 	choiceD: color = 'green (named)'
19.9421 	EXP 	choiceA: color = 'red (named)'
19.9421 	EXP 	choiceD: color = 'green (named)'
19.9587 	EXP 	choiceA: color = 'red (named)'
19.9587 	EXP 	choiceD: color = 'green (named)'
19.9757 	EXP 	choiceA: color = 'red (named)'
19.9757 	EXP 	choiceD: color = 'green (named)'
19.9920 	EXP 	choiceA: color = 'red (named)'
19.9920 	EXP 	choiceD: color = 'green (named)'
20.0086 	EXP 	choiceA: color = 'red (named)'
20.0086 	EXP 	choiceD: color = 'green (named)'
20.0253 	EXP 	choiceA: color = 'red (named)'
20.0253 	EXP 	choiceD: color = 'green (named)'
20.0422 	EXP 	choiceA: color = 'red (named)'
20.0422 	EXP 	choiceD: color = 'green (named)'
20.0587 	EXP 	choiceA: color = 'red (named)'
20.0587 	EXP 	choiceD: color = 'green (named)'
20.0756 	EXP 	choiceA: color = 'red (named)'
20.0756 	EXP 	choiceD: color = 'green (named)'
20.0923 	EXP 	choiceA: color = 'red (named)'
20.0923 	EXP 	choiceD: color = 'green (named)'
20.1094 	EXP 	choiceA: color = 'red (named)'
20.1094 	EXP 	choiceD: color = 'green (named)'
20.1255 	EXP 	choiceA: color = 'red (named)'
20.1255 	EXP 	choiceD: color = 'green (named)'
20.1423 	EXP 	choiceA: color = 'red (named)'
20.1423 	EXP 	choiceD: color = 'green (named)'
20.1588 	EXP 	choiceA: color = 'red (named)'
20.1588 	EXP 	choiceD: color = 'green (named)'
20.1757 	EXP 	choiceA: color = 'red (named)'
20.1757 	EXP 	choiceD: color = 'green (named)'
20.1923 	EXP 	choiceA: color = 'red (named)'
20.1923 	EXP 	choiceD: color = 'green (named)'
20.2093 	EXP 	choiceA: color = 'red (named)'
20.2093 	EXP 	choiceD: color = 'green (named)'
20.2255 	EXP 	choiceA: color = 'red (named)'
20.2255 	EXP 	choiceD: color = 'green (named)'
20.2421 	EXP 	choiceA: color = 'red (named)'
20.2421 	EXP 	choiceD: color = 'green (named)'
20.2585 	EXP 	choiceA: color = 'red (named)'
20.2585 	EXP 	choiceD: color = 'green (named)'
20.2757 	EXP 	choiceA: color = 'red (named)'
20.2757 	EXP 	choiceD: color = 'green (named)'
20.2757 	EXP 	conBlank: autoDraw = False
20.2797 	EXP 	New trial (rep=0, index=1): OrderedDict([('GMAT', '2) Megalimpet is a nationwide owner of office space.  They have major office buildings in the downtowns of several cities in the 48 lower states, and rent this space to individual companies.  Megalimpet office spaces vary from small office to large suites, and every space has custom-designed wall-to-wall carpeting.  The carpet in several Megalimpet facilities needed replacing.  The winning bid for the nationwide carpet replacement was submitted by Bathyderm Carpet Company (BCC).  The bid contract involves all delivery costs, all installation, and any ongoing maintenance and upkeep while the carpet is under the three-year warranty.  Both BCC executives and independent consultants they hired felt BCC would be able to perform all these services for far less than their bid price; these circumstances would allow BCC to reap a considerable profit.\n\nWhich of the following, if true, most calls in question the argument that BCC will make a large profit from this contract with Megalimpet?'), ('GMATQA', '(A) All the carpets will have to be transported by train from BCC factory in Louisville, KY, to Megalimpet’s locations from coast to coast.'), ('GMATQB', '(B) BCC has already supplied carpets to a number of restaurant chains, and some of those spaces are as large as Megalimpet’s largest office spaces.\n\n'), ('GMATQC', '(C) The carpet installation teams will have to cut different sizes of the carpets for the different size office suites in the Megalimpet buildings.'), ('GMATQD', '(D) The material in BCC carpets degrades rapidly when it comes into contact with standard toner, found in most laser printers and photocopiers; the degraded sections are unsightly and smell bad, so they often need to be replaced.'), ('GMATQE', '(E) The next competing bid after BCC’s was 50% higher than BCC’s bid\n\n'), ('GMATAs', 'd'), ('GRE', '2)The median house value in Butlerville has fallen significantly in the last few months. Nonetheless, the number of homes sold has been at its lowest level in seven years.\n\nWhich of the following best explains the discrepancy?'), ('GREQA', '(A) The value of homes is not the only determinant of whether a house will be sold.'), ('GREQB', '(B)The neighboring city of Jacksonburg has seen a recent surge in home sales.'), ('GREQC', '(C)The Butlerville economy is struggling and the unemployment rate has reached historic rates.'), ('GREQD', '(D)Analysts predict that the number of homes sold will increasing in the coming year.'), ('GREQE', '(E)Homes priced over a million dollars have seen the sharpest decline in sales.'), ('GREA', 'c'), ('LSAT', '2) Laird: Pure research provides us with new technologies that contribute to saving lives. Even more worthwhile than this, however, is its role in expanding our knowledge and providing new, unexplored ideas.\n\nKim: Your priorities are mistaken. Saving lives is what counts most of all. Without pure research, medicine would not be as advanced as it is.\n\nLaird and Kim disagree on whether pure research...'), ('LSATQA', '(A)derives its significance in part from its providing new technologies'), ('LSATQB', '(B)expands the boundaries of our knowledge of medicine'), ('LSATQC', '(C)should have the saving of human lives as an important goal'), ('LSATQD', '(D)has its most valuable achievements in medical applications'), ('LSATQE', '(E)has any value apart from its role in providing new technologies to save lives'), ('LSATAs', 'd')])
20.3598 	EXP 	TextQuestion: autoDraw = False
20.3598 	EXP 	choiceA: autoDraw = False
20.3598 	EXP 	choiceB: autoDraw = False
20.3598 	EXP 	choiceC: autoDraw = False
20.3598 	EXP 	choiceD: autoDraw = False
20.3598 	EXP 	choiceE: autoDraw = False
20.3598 	EXP 	choiceA: color = 'red (named)'
20.3598 	EXP 	choiceD: color = 'green (named)'
20.3598 	EXP 	TextQuestion: autoDraw = False
20.3598 	EXP 	choiceA: autoDraw = False
20.3598 	EXP 	choiceB: autoDraw = False
20.3598 	EXP 	choiceC: autoDraw = False
20.3598 	EXP 	choiceD: autoDraw = False
20.3598 	EXP 	choiceE: autoDraw = False
20.3598 	EXP 	conBlank: autoDraw = False
20.3598 	EXP 	choiceA: autoDraw = False
20.3598 	EXP 	choiceB: autoDraw = False
20.3598 	EXP 	choiceC: autoDraw = False
20.3598 	EXP 	choiceD: autoDraw = False
20.3598 	EXP 	choiceE: autoDraw = False
20.3598 	EXP 	choiceA: color = 'white (named)'
20.3598 	EXP 	choiceB: color = 'white (named)'
20.3598 	EXP 	choiceC: color = 'white (named)'
20.3598 	EXP 	choiceD: color = 'white (named)'
20.3598 	EXP 	choiceE: color = 'white (named)'
20.3598 	EXP 	TextQuestion: text = 'PLACEHOLDER'
20.3598 	EXP 	choiceA: text = 'QA'
20.3598 	EXP 	choiceB: text = 'QB'
20.3598 	EXP 	choiceC: text = 'QC'
20.3598 	EXP 	choiceD: text = 'QD'
20.3598 	EXP 	choiceE: text = 'QE'
20.3598 	EXP 	TextQuestion: text = '2)The median house value in Butlerville has fallen significantly in the last few months. Nonetheless, the number of homes sold has been at its lowest level in seven years.\n\nWhich of the following best explains the discrepancy?'
20.3598 	EXP 	choiceA: text = '(A) The value of homes is not the only determinant of whether a house will be sold.'
20.3598 	EXP 	choiceB: text = '(B)The neighboring city of Jacksonburg has seen a recent surge in home sales.'
20.3598 	EXP 	choiceC: text = '(C)The Butlerville economy is struggling and the unemployment rate has reached historic rates.'
20.3598 	EXP 	choiceD: text = '(D)Analysts predict that the number of homes sold will increasing in the coming year.'
20.3598 	EXP 	choiceE: text = '(E)Homes priced over a million dollars have seen the sharpest decline in sales.'
20.3598 	EXP 	TextQuestion: autoDraw = True
20.3598 	EXP 	choiceA: autoDraw = True
20.3598 	EXP 	choiceB: autoDraw = True
20.3598 	EXP 	choiceC: autoDraw = True
20.3598 	EXP 	choiceD: autoDraw = True
20.3598 	EXP 	choiceE: autoDraw = True
21.7507 	DATA 	Keypress: escape
21.8717 	EXP 	window1: mouseVisible = True
