4.5941 	WARNING 	User requested fullscreen with size [1024  768], but screen is actually [1920, 1200]. Using actual size
5.3462 	EXP 	Created window1 = Window(allowGUI=False, allowStencil=False, args=UNKNOWN, autoLog=True, bitsMode=UNKNOWN, blendMode='avg', color=array([0., 0., 0.]), colorSpace='rgb', fullscr=<method-wrapper '__getattribute__' of attributeSetter object at 0x00000248966EBF28>, gamma=None, gammaErrorPolicy='raise', kwargs=UNKNOWN, lms=UNKNOWN, monitor=<psychopy.monitors.calibTools.Monitor object at 0x00000248965A1C18>, multiSample=False, name='window1', numSamples=2, pos=[0.0, 0.0], screen=0, size=array([1920, 1200]), stereo=False, units='height', useFBO=True, useRetina=False, viewOri=0.0, viewPos=None, viewScale=None, waitBlanking=True, winType='pyglet')
5.3462 	EXP 	window1: recordFrameIntervals = False
5.5125 	EXP 	window1: recordFrameIntervals = True
5.6962 	EXP 	window1: recordFrameIntervals = False
5.8943 	EXP 	Created instruct = TextStim(__class__=<class 'psychopy.visual.text.TextStim'>, alignHoriz='center', alignVert='center', antialias=True, autoLog=True, bold=False, color='white', colorSpace='named', contrast=1.0, depth=0.0, flipHoriz=False, flipVert=False, font='Arial', fontFiles=[], height=0.05, italic=False, languageStyle='LTR', name='instruct', opacity=1.0, ori=0, pos=array([0., 0.]), rgb=array([255., 255., 255.]), text=str(...), units='height', win=Window(...), wrapWidth=1.4)
5.9132 	EXP 	Created regCue = TextStim(__class__=<class 'psychopy.visual.text.TextStim'>, alignHoriz='center', alignVert='center', antialias=True, autoLog=True, bold=False, color='white', colorSpace='named', contrast=1.0, depth=0.0, flipHoriz=False, flipVert=False, font='Arial', fontFiles=[], height=0.1, italic=False, languageStyle='LTR', name='regCue', opacity=1.0, ori=0, pos=array([0., 0.]), rgb=array([255., 255., 255.]), text='REGULATE', units='height', win=Window(...), wrapWidth=1)
5.9296 	EXP 	Created choiceQ = TextStim(__class__=<class 'psychopy.visual.text.TextStim'>, alignHoriz='center', alignVert='center', antialias=True, autoLog=True, bold=False, color='white', colorSpace='named', contrast=1.0, depth=0.0, flipHoriz=False, flipVert=False, font='Arial', fontFiles=[], height=0.05, italic=False, languageStyle='LTR', name='choiceQ', opacity=1.0, ori=0, pos=array([0.  , 0.35]), rgb=array([255., 255., 255.]), text=str(...), units='height', win=Window(...), wrapWidth=1.4)
5.9443 	EXP 	Created testChoice = TextStim(__class__=<class 'psychopy.visual.text.TextStim'>, alignHoriz='center', alignVert='center', antialias=True, autoLog=True, bold=False, color='white', colorSpace='named', contrast=1.0, depth=-2.0, flipHoriz=False, flipVert=False, font='Arial', fontFiles=[], height=0.04, italic=False, languageStyle='LTR', name='testChoice', opacity=1.0, ori=0, pos=array([-0.41,  0.15]), rgb=array([255., 255., 255.]), text='Practice Standardized Test Questions', units='height', win=Window(...), wrapWidth=1)
5.9501 	EXP 	Created videogameChoice = TextStim(__class__=<class 'psychopy.visual.text.TextStim'>, alignHoriz='center', alignVert='center', antialias=True, autoLog=True, bold=False, color='white', colorSpace='named', contrast=1.0, depth=-3.0, flipHoriz=False, flipVert=False, font='Arial', fontFiles=[], height=0.04, italic=False, languageStyle='LTR', name='videogameChoice', opacity=1.0, ori=0, pos=array([0.41, 0.15]), rgb=array([255., 255., 255.]), text='Play a Videogame', units='height', win=Window(...), wrapWidth=1)
5.9544 	EXP 	Created gre = ImageStim(__class__=<class 'psychopy.visual.image.ImageStim'>, autoLog=True, color=array([1., 1., 1.]), colorSpace='rgb', contrast=1.0, depth=-4.0, flipHoriz=False, flipVert=False, image='gre.png', interpolate=True, mask=None, maskParams=None, name='gre', opacity=1.0, ori=0.0, pos=array([-0.41,  0.02]), size=array([0.3  , 0.105]), texRes=128, units='height', win=Window(...))
5.9570 	EXP 	Created gmat = ImageStim(__class__=<class 'psychopy.visual.image.ImageStim'>, autoLog=True, color=array([1., 1., 1.]), colorSpace='rgb', contrast=1.0, depth=-5.0, flipHoriz=False, flipVert=False, image='gmat.png', interpolate=True, mask=None, maskParams=None, name='gmat', opacity=1.0, ori=0.0, pos=array([-0.41, -0.13]), size=array([0.3 , 0.11]), texRes=128, units='height', win=Window(...))
5.9589 	EXP 	Created lsat = ImageStim(__class__=<class 'psychopy.visual.image.ImageStim'>, autoLog=True, color=array([1., 1., 1.]), colorSpace='rgb', contrast=1.0, depth=-6.0, flipHoriz=False, flipVert=False, image='lsat.png', interpolate=True, mask=None, maskParams=None, name='lsat', opacity=1.0, ori=0.0, pos=array([-0.41, -0.27]), size=array([0.3 , 0.11]), texRes=128, units='height', win=Window(...))
5.9623 	EXP 	Created mcat = ImageStim(__class__=<class 'psychopy.visual.image.ImageStim'>, autoLog=True, color=array([1., 1., 1.]), colorSpace='rgb', contrast=1.0, depth=-7.0, flipHoriz=False, flipVert=False, image='mcat.png', interpolate=True, mask=None, maskParams=None, name='mcat', opacity=1.0, ori=0.0, pos=array([-0.41, -0.41]), size=array([0.3 , 0.11]), texRes=128, units='height', win=Window(...))
5.9737 	EXP 	Created game = ImageStim(__class__=<class 'psychopy.visual.image.ImageStim'>, autoLog=True, color=array([1., 1., 1.]), colorSpace='rgb', contrast=1.0, depth=-8.0, flipHoriz=False, flipVert=False, image='game.png', interpolate=True, mask=None, maskParams=None, name='game', opacity=1.0, ori=0.0, pos=array([ 0.41, -0.19]), size=array([0.4, 0.5]), texRes=128, units='height', win=Window(...))
5.9741 	EXP 	Created blank = TextStim(__class__=<class 'psychopy.visual.text.TextStim'>, alignHoriz='center', alignVert='center', antialias=True, autoLog=True, bold=False, color='white', colorSpace='named', contrast=1.0, depth=-9.0, flipHoriz=False, flipVert=False, font='Arial', fontFiles=[], height=0.1, italic=False, languageStyle='LTR', name='blank', opacity=1.0, ori=0, pos=array([0., 0.]), rgb=array([255., 255., 255.]), text='', units='height', win=Window(...), wrapWidth=1)
6.0037 	EXP 	Created testQChoice = TextStim(__class__=<class 'psychopy.visual.text.TextStim'>, alignHoriz='center', alignVert='center', antialias=True, autoLog=True, bold=False, color='white', colorSpace='named', contrast=1.0, depth=0.0, flipHoriz=False, flipVert=False, font='Arial', fontFiles=[], height=0.055, italic=False, languageStyle='LTR', name='testQChoice', opacity=1.0, ori=0, pos=array([0.  , 0.35]), rgb=array([255., 255., 255.]), text=str(...), units='height', win=Window(...), wrapWidth=1.3)
6.0067 	EXP 	Created image = ImageStim(__class__=<class 'psychopy.visual.image.ImageStim'>, autoLog=True, color=array([1., 1., 1.]), colorSpace='rgb', contrast=1.0, depth=-1.0, flipHoriz=False, flipVert=False, image='gre.png', interpolate=True, mask=None, maskParams=None, name='image', opacity=1.0, ori=0.0, pos=array([0.   , 0.105]), size=array([0.3 , 0.11]), texRes=128, units='height', win=Window(...))
6.0091 	EXP 	Created image_2 = ImageStim(__class__=<class 'psychopy.visual.image.ImageStim'>, autoLog=True, color=array([1., 1., 1.]), colorSpace='rgb', contrast=1.0, depth=-2.0, flipHoriz=False, flipVert=False, image='gmat.png', interpolate=True, mask=None, maskParams=None, name='image_2', opacity=1.0, ori=0.0, pos=array([ 0.  , -0.05]), size=array([0.3 , 0.11]), texRes=128, units='height', win=Window(...))
6.0110 	EXP 	Created image_3 = ImageStim(__class__=<class 'psychopy.visual.image.ImageStim'>, autoLog=True, color=array([1., 1., 1.]), colorSpace='rgb', contrast=1.0, depth=-3.0, flipHoriz=False, flipVert=False, image='lsat.png', interpolate=True, mask=None, maskParams=None, name='image_3', opacity=1.0, ori=0.0, pos=array([ 0. , -0.2]), size=array([0.3 , 0.11]), texRes=128, units='height', win=Window(...))
6.0137 	EXP 	Created image_4 = ImageStim(__class__=<class 'psychopy.visual.image.ImageStim'>, autoLog=True, color=array([1., 1., 1.]), colorSpace='rgb', contrast=1.0, depth=-4.0, flipHoriz=False, flipVert=False, image='mcat.png', interpolate=True, mask=None, maskParams=None, name='image_4', opacity=1.0, ori=0.0, pos=array([ 0.  , -0.35]), size=array([0.3 , 0.11]), texRes=128, units='height', win=Window(...))
6.0154 	EXP 	Created polygon = Rect(__class__=<class 'psychopy.visual.rect.Rect'>, autoDraw=False, autoLog=True, closeShape=True, color=method-wrapper(...), colorSpace=None, contrast=1.0, depth=-8.0, fillColor=None, fillColorSpace='rgb', fillRGB=None, interpolate=True, lineColor=array([-1., -1., -1.]), lineColorSpace='rgb', lineRGB=array([-1., -1., -1.]), lineWidth=1, name='polygon', opacity=1.0, ori=array(0.), pos=array([0., 0.]), size=array([1., 1.]), units='height', vertices=ndarray(...), win=Window(...))
6.0447 	EXP 	instruct: autoDraw = True
7.3889 	DATA 	Keypress: space
7.3973 	EXP 	instruct: autoDraw = False
7.3973 	EXP 	regCue: autoDraw = True
10.4153 	EXP 	regCue: autoDraw = False
10.4153 	EXP 	regCue: autoDraw = False
10.4153 	EXP 	choiceQ: autoDraw = True
10.4153 	EXP 	testChoice: autoDraw = True
10.4153 	EXP 	videogameChoice: autoDraw = True
10.4153 	EXP 	gre: autoDraw = True
10.4153 	EXP 	gmat: autoDraw = True
10.4153 	EXP 	lsat: autoDraw = True
10.4153 	EXP 	mcat: autoDraw = True
10.4153 	EXP 	game: autoDraw = True
11.5385 	DATA 	Keypress: 1
11.5675 	EXP 	blank: autoDraw = True
11.5675 	EXP 	testChoice: color = 'green (named)'
11.5842 	EXP 	testChoice: color = 'green (named)'
11.6011 	EXP 	testChoice: color = 'green (named)'
11.6177 	EXP 	testChoice: color = 'green (named)'
11.6342 	EXP 	testChoice: color = 'green (named)'
11.6509 	EXP 	testChoice: color = 'green (named)'
11.6675 	EXP 	testChoice: color = 'green (named)'
11.6843 	EXP 	testChoice: color = 'green (named)'
11.7007 	EXP 	testChoice: color = 'green (named)'
11.7175 	EXP 	testChoice: color = 'green (named)'
11.7343 	EXP 	testChoice: color = 'green (named)'
11.7508 	EXP 	testChoice: color = 'green (named)'
11.7680 	EXP 	testChoice: color = 'green (named)'
11.7845 	EXP 	testChoice: color = 'green (named)'
11.8013 	EXP 	testChoice: color = 'green (named)'
11.8176 	EXP 	testChoice: color = 'green (named)'
11.8344 	EXP 	testChoice: color = 'green (named)'
11.8509 	EXP 	testChoice: color = 'green (named)'
11.8678 	EXP 	testChoice: color = 'green (named)'
11.8845 	EXP 	testChoice: color = 'green (named)'
11.9011 	EXP 	testChoice: color = 'green (named)'
11.9182 	EXP 	testChoice: color = 'green (named)'
11.9345 	EXP 	testChoice: color = 'green (named)'
11.9511 	EXP 	testChoice: color = 'green (named)'
11.9678 	EXP 	testChoice: color = 'green (named)'
11.9845 	EXP 	testChoice: color = 'green (named)'
12.0010 	EXP 	testChoice: color = 'green (named)'
12.0180 	EXP 	testChoice: color = 'green (named)'
12.0344 	EXP 	testChoice: color = 'green (named)'
12.0514 	EXP 	testChoice: color = 'green (named)'
12.0680 	EXP 	testChoice: color = 'green (named)'
12.0844 	EXP 	testChoice: color = 'green (named)'
12.1014 	EXP 	testChoice: color = 'green (named)'
12.1177 	EXP 	testChoice: color = 'green (named)'
12.1346 	EXP 	testChoice: color = 'green (named)'
12.1514 	EXP 	testChoice: color = 'green (named)'
12.1681 	EXP 	testChoice: color = 'green (named)'
12.1847 	EXP 	testChoice: color = 'green (named)'
12.2015 	EXP 	testChoice: color = 'green (named)'
12.2181 	EXP 	testChoice: color = 'green (named)'
12.2347 	EXP 	testChoice: color = 'green (named)'
12.2515 	EXP 	testChoice: color = 'green (named)'
12.2682 	EXP 	testChoice: color = 'green (named)'
12.2849 	EXP 	testChoice: color = 'green (named)'
12.3015 	EXP 	testChoice: color = 'green (named)'
12.3181 	EXP 	testChoice: color = 'green (named)'
12.3349 	EXP 	testChoice: color = 'green (named)'
12.3514 	EXP 	testChoice: color = 'green (named)'
12.3684 	EXP 	testChoice: color = 'green (named)'
12.3849 	EXP 	testChoice: color = 'green (named)'
12.4014 	EXP 	testChoice: color = 'green (named)'
12.4183 	EXP 	testChoice: color = 'green (named)'
12.4350 	EXP 	testChoice: color = 'green (named)'
12.4516 	EXP 	testChoice: color = 'green (named)'
12.4681 	EXP 	testChoice: color = 'green (named)'
12.4850 	EXP 	testChoice: color = 'green (named)'
12.5018 	EXP 	testChoice: color = 'green (named)'
12.5182 	EXP 	testChoice: color = 'green (named)'
12.5349 	EXP 	testChoice: color = 'green (named)'
12.5517 	EXP 	testChoice: color = 'green (named)'
12.5683 	EXP 	testChoice: color = 'green (named)'
12.5848 	EXP 	testChoice: color = 'green (named)'
12.6018 	EXP 	testChoice: color = 'green (named)'
12.6185 	EXP 	testChoice: color = 'green (named)'
12.6352 	EXP 	testChoice: color = 'green (named)'
12.6517 	EXP 	testChoice: color = 'green (named)'
12.6685 	EXP 	testChoice: color = 'green (named)'
12.6851 	EXP 	testChoice: color = 'green (named)'
12.7019 	EXP 	testChoice: color = 'green (named)'
12.7185 	EXP 	testChoice: color = 'green (named)'
12.7351 	EXP 	testChoice: color = 'green (named)'
12.7518 	EXP 	testChoice: color = 'green (named)'
12.7684 	EXP 	testChoice: color = 'green (named)'
12.7852 	EXP 	testChoice: color = 'green (named)'
12.8017 	EXP 	testChoice: color = 'green (named)'
12.8185 	EXP 	testChoice: color = 'green (named)'
12.8353 	EXP 	testChoice: color = 'green (named)'
12.8519 	EXP 	testChoice: color = 'green (named)'
12.8684 	EXP 	testChoice: color = 'green (named)'
12.8856 	EXP 	testChoice: color = 'green (named)'
12.9020 	EXP 	testChoice: color = 'green (named)'
12.9186 	EXP 	testChoice: color = 'green (named)'
12.9351 	EXP 	testChoice: color = 'green (named)'
12.9519 	EXP 	testChoice: color = 'green (named)'
12.9687 	EXP 	testChoice: color = 'green (named)'
12.9853 	EXP 	testChoice: color = 'green (named)'
13.0018 	EXP 	testChoice: color = 'green (named)'
13.0187 	EXP 	testChoice: color = 'green (named)'
13.0352 	EXP 	testChoice: color = 'green (named)'
13.0522 	EXP 	testChoice: color = 'green (named)'
13.0687 	EXP 	blank: autoDraw = False
13.0687 	EXP 	testChoice: color = 'green (named)'
13.0883 	EXP 	window1: mouseVisible = True
3.9012 	WARNING 	User requested fullscreen with size [1024  768], but screen is actually [1920, 1200]. Using actual size
4.6644 	EXP 	Created window1 = Window(allowGUI=False, allowStencil=False, args=UNKNOWN, autoLog=True, bitsMode=UNKNOWN, blendMode='avg', color=array([0., 0., 0.]), colorSpace='rgb', fullscr=<method-wrapper '__getattribute__' of attributeSetter object at 0x000001F757CFBF28>, gamma=None, gammaErrorPolicy='raise', kwargs=UNKNOWN, lms=UNKNOWN, monitor=<psychopy.monitors.calibTools.Monitor object at 0x000001F757BB1C18>, multiSample=False, name='window1', numSamples=2, pos=[0.0, 0.0], screen=0, size=array([1920, 1200]), stereo=False, units='height', useFBO=True, useRetina=False, viewOri=0.0, viewPos=None, viewScale=None, waitBlanking=True, winType='pyglet')
4.6644 	EXP 	window1: recordFrameIntervals = False
4.8305 	EXP 	window1: recordFrameIntervals = True
5.0140 	EXP 	window1: recordFrameIntervals = False
5.2144 	EXP 	Created instruct = TextStim(__class__=<class 'psychopy.visual.text.TextStim'>, alignHoriz='center', alignVert='center', antialias=True, autoLog=True, bold=False, color='white', colorSpace='named', contrast=1.0, depth=0.0, flipHoriz=False, flipVert=False, font='Arial', fontFiles=[], height=0.05, italic=False, languageStyle='LTR', name='instruct', opacity=1.0, ori=0, pos=array([0., 0.]), rgb=array([255., 255., 255.]), text=str(...), units='height', win=Window(...), wrapWidth=1.4)
5.2334 	EXP 	Created regCue = TextStim(__class__=<class 'psychopy.visual.text.TextStim'>, alignHoriz='center', alignVert='center', antialias=True, autoLog=True, bold=False, color='white', colorSpace='named', contrast=1.0, depth=0.0, flipHoriz=False, flipVert=False, font='Arial', fontFiles=[], height=0.1, italic=False, languageStyle='LTR', name='regCue', opacity=1.0, ori=0, pos=array([0., 0.]), rgb=array([255., 255., 255.]), text='REGULATE', units='height', win=Window(...), wrapWidth=1)
5.2495 	EXP 	Created choiceQ = TextStim(__class__=<class 'psychopy.visual.text.TextStim'>, alignHoriz='center', alignVert='center', antialias=True, autoLog=True, bold=False, color='white', colorSpace='named', contrast=1.0, depth=0.0, flipHoriz=False, flipVert=False, font='Arial', fontFiles=[], height=0.05, italic=False, languageStyle='LTR', name='choiceQ', opacity=1.0, ori=0, pos=array([0.  , 0.35]), rgb=array([255., 255., 255.]), text=str(...), units='height', win=Window(...), wrapWidth=1.4)
5.2644 	EXP 	Created testChoice = TextStim(__class__=<class 'psychopy.visual.text.TextStim'>, alignHoriz='center', alignVert='center', antialias=True, autoLog=True, bold=False, color='white', colorSpace='named', contrast=1.0, depth=-2.0, flipHoriz=False, flipVert=False, font='Arial', fontFiles=[], height=0.04, italic=False, languageStyle='LTR', name='testChoice', opacity=1.0, ori=0, pos=array([-0.41,  0.15]), rgb=array([255., 255., 255.]), text='Practice Standardized Test Questions', units='height', win=Window(...), wrapWidth=1)
5.2702 	EXP 	Created videogameChoice = TextStim(__class__=<class 'psychopy.visual.text.TextStim'>, alignHoriz='center', alignVert='center', antialias=True, autoLog=True, bold=False, color='white', colorSpace='named', contrast=1.0, depth=-3.0, flipHoriz=False, flipVert=False, font='Arial', fontFiles=[], height=0.04, italic=False, languageStyle='LTR', name='videogameChoice', opacity=1.0, ori=0, pos=array([0.41, 0.15]), rgb=array([255., 255., 255.]), text='Play a Videogame', units='height', win=Window(...), wrapWidth=1)
5.2748 	EXP 	Created gre = ImageStim(__class__=<class 'psychopy.visual.image.ImageStim'>, autoLog=True, color=array([1., 1., 1.]), colorSpace='rgb', contrast=1.0, depth=-4.0, flipHoriz=False, flipVert=False, image='gre.png', interpolate=True, mask=None, maskParams=None, name='gre', opacity=1.0, ori=0.0, pos=array([-0.41,  0.02]), size=array([0.3  , 0.105]), texRes=128, units='height', win=Window(...))
5.2777 	EXP 	Created gmat = ImageStim(__class__=<class 'psychopy.visual.image.ImageStim'>, autoLog=True, color=array([1., 1., 1.]), colorSpace='rgb', contrast=1.0, depth=-5.0, flipHoriz=False, flipVert=False, image='gmat.png', interpolate=True, mask=None, maskParams=None, name='gmat', opacity=1.0, ori=0.0, pos=array([-0.41, -0.13]), size=array([0.3 , 0.11]), texRes=128, units='height', win=Window(...))
5.2797 	EXP 	Created lsat = ImageStim(__class__=<class 'psychopy.visual.image.ImageStim'>, autoLog=True, color=array([1., 1., 1.]), colorSpace='rgb', contrast=1.0, depth=-6.0, flipHoriz=False, flipVert=False, image='lsat.png', interpolate=True, mask=None, maskParams=None, name='lsat', opacity=1.0, ori=0.0, pos=array([-0.41, -0.27]), size=array([0.3 , 0.11]), texRes=128, units='height', win=Window(...))
5.2833 	EXP 	Created mcat = ImageStim(__class__=<class 'psychopy.visual.image.ImageStim'>, autoLog=True, color=array([1., 1., 1.]), colorSpace='rgb', contrast=1.0, depth=-7.0, flipHoriz=False, flipVert=False, image='mcat.png', interpolate=True, mask=None, maskParams=None, name='mcat', opacity=1.0, ori=0.0, pos=array([-0.41, -0.41]), size=array([0.3 , 0.11]), texRes=128, units='height', win=Window(...))
5.2957 	EXP 	Created game = ImageStim(__class__=<class 'psychopy.visual.image.ImageStim'>, autoLog=True, color=array([1., 1., 1.]), colorSpace='rgb', contrast=1.0, depth=-8.0, flipHoriz=False, flipVert=False, image='game.png', interpolate=True, mask=None, maskParams=None, name='game', opacity=1.0, ori=0.0, pos=array([ 0.41, -0.19]), size=array([0.4, 0.5]), texRes=128, units='height', win=Window(...))
5.2962 	EXP 	Created blank = TextStim(__class__=<class 'psychopy.visual.text.TextStim'>, alignHoriz='center', alignVert='center', antialias=True, autoLog=True, bold=False, color='white', colorSpace='named', contrast=1.0, depth=-9.0, flipHoriz=False, flipVert=False, font='Arial', fontFiles=[], height=0.1, italic=False, languageStyle='LTR', name='blank', opacity=1.0, ori=0, pos=array([0., 0.]), rgb=array([255., 255., 255.]), text='', units='height', win=Window(...), wrapWidth=1)
5.3265 	EXP 	Created testQChoice = TextStim(__class__=<class 'psychopy.visual.text.TextStim'>, alignHoriz='center', alignVert='center', antialias=True, autoLog=True, bold=False, color='white', colorSpace='named', contrast=1.0, depth=0.0, flipHoriz=False, flipVert=False, font='Arial', fontFiles=[], height=0.055, italic=False, languageStyle='LTR', name='testQChoice', opacity=1.0, ori=0, pos=array([0.  , 0.35]), rgb=array([255., 255., 255.]), text=str(...), units='height', win=Window(...), wrapWidth=1.3)
5.3300 	EXP 	Created image = ImageStim(__class__=<class 'psychopy.visual.image.ImageStim'>, autoLog=True, color=array([1., 1., 1.]), colorSpace='rgb', contrast=1.0, depth=-1.0, flipHoriz=False, flipVert=False, image='gre.png', interpolate=True, mask=None, maskParams=None, name='image', opacity=1.0, ori=0.0, pos=array([0.   , 0.105]), size=array([0.3 , 0.11]), texRes=128, units='height', win=Window(...))
5.3327 	EXP 	Created image_2 = ImageStim(__class__=<class 'psychopy.visual.image.ImageStim'>, autoLog=True, color=array([1., 1., 1.]), colorSpace='rgb', contrast=1.0, depth=-2.0, flipHoriz=False, flipVert=False, image='gmat.png', interpolate=True, mask=None, maskParams=None, name='image_2', opacity=1.0, ori=0.0, pos=array([ 0.  , -0.05]), size=array([0.3 , 0.11]), texRes=128, units='height', win=Window(...))
5.3355 	EXP 	Created image_3 = ImageStim(__class__=<class 'psychopy.visual.image.ImageStim'>, autoLog=True, color=array([1., 1., 1.]), colorSpace='rgb', contrast=1.0, depth=-3.0, flipHoriz=False, flipVert=False, image='lsat.png', interpolate=True, mask=None, maskParams=None, name='image_3', opacity=1.0, ori=0.0, pos=array([ 0. , -0.2]), size=array([0.3 , 0.11]), texRes=128, units='height', win=Window(...))
5.3389 	EXP 	Created image_4 = ImageStim(__class__=<class 'psychopy.visual.image.ImageStim'>, autoLog=True, color=array([1., 1., 1.]), colorSpace='rgb', contrast=1.0, depth=-4.0, flipHoriz=False, flipVert=False, image='mcat.png', interpolate=True, mask=None, maskParams=None, name='image_4', opacity=1.0, ori=0.0, pos=array([ 0.  , -0.35]), size=array([0.3 , 0.11]), texRes=128, units='height', win=Window(...))
5.3406 	EXP 	Created polygon = Rect(__class__=<class 'psychopy.visual.rect.Rect'>, autoDraw=False, autoLog=True, closeShape=True, color=method-wrapper(...), colorSpace=None, contrast=1.0, depth=-8.0, fillColor=None, fillColorSpace='rgb', fillRGB=None, interpolate=True, lineColor=array([-1., -1., -1.]), lineColorSpace='rgb', lineRGB=array([-1., -1., -1.]), lineWidth=1, name='polygon', opacity=1.0, ori=array(0.), pos=array([0., 0.]), size=array([1., 1.]), units='height', vertices=ndarray(...), win=Window(...))
5.3700 	EXP 	instruct: autoDraw = True
6.6401 	DATA 	Keypress: space
6.6488 	EXP 	instruct: autoDraw = False
6.6488 	EXP 	regCue: autoDraw = True
9.6692 	EXP 	regCue: autoDraw = False
9.6692 	EXP 	regCue: autoDraw = False
9.6692 	EXP 	choiceQ: autoDraw = True
9.6692 	EXP 	testChoice: autoDraw = True
9.6692 	EXP 	videogameChoice: autoDraw = True
9.6692 	EXP 	gre: autoDraw = True
9.6692 	EXP 	gmat: autoDraw = True
9.6692 	EXP 	lsat: autoDraw = True
9.6692 	EXP 	mcat: autoDraw = True
9.6692 	EXP 	game: autoDraw = True
10.7386 	DATA 	Keypress: 1
10.7688 	EXP 	blank: autoDraw = True
10.7688 	EXP 	testChoice: color = 'green (named)'
10.7854 	EXP 	testChoice: color = 'green (named)'
10.8021 	EXP 	testChoice: color = 'green (named)'
10.8189 	EXP 	testChoice: color = 'green (named)'
10.8356 	EXP 	testChoice: color = 'green (named)'
10.8522 	EXP 	testChoice: color = 'green (named)'
10.8688 	EXP 	testChoice: color = 'green (named)'
10.8857 	EXP 	testChoice: color = 'green (named)'
10.9022 	EXP 	testChoice: color = 'green (named)'
10.9190 	EXP 	testChoice: color = 'green (named)'
10.9357 	EXP 	testChoice: color = 'green (named)'
10.9523 	EXP 	testChoice: color = 'green (named)'
10.9690 	EXP 	testChoice: color = 'green (named)'
10.9856 	EXP 	testChoice: color = 'green (named)'
11.0024 	EXP 	testChoice: color = 'green (named)'
11.0190 	EXP 	testChoice: color = 'green (named)'
11.0356 	EXP 	testChoice: color = 'green (named)'
11.0524 	EXP 	testChoice: color = 'green (named)'
11.0690 	EXP 	testChoice: color = 'green (named)'
11.0857 	EXP 	testChoice: color = 'green (named)'
11.1024 	EXP 	testChoice: color = 'green (named)'
11.1191 	EXP 	testChoice: color = 'green (named)'
11.1357 	EXP 	testChoice: color = 'green (named)'
11.1525 	EXP 	testChoice: color = 'green (named)'
11.1691 	EXP 	testChoice: color = 'green (named)'
11.1858 	EXP 	testChoice: color = 'green (named)'
11.2026 	EXP 	testChoice: color = 'green (named)'
11.2192 	EXP 	testChoice: color = 'green (named)'
11.2360 	EXP 	testChoice: color = 'green (named)'
11.2526 	EXP 	testChoice: color = 'green (named)'
11.2692 	EXP 	testChoice: color = 'green (named)'
11.2860 	EXP 	testChoice: color = 'green (named)'
11.3028 	EXP 	testChoice: color = 'green (named)'
11.3192 	EXP 	testChoice: color = 'green (named)'
11.3359 	EXP 	testChoice: color = 'green (named)'
11.3527 	EXP 	testChoice: color = 'green (named)'
11.3693 	EXP 	testChoice: color = 'green (named)'
11.3862 	EXP 	testChoice: color = 'green (named)'
11.4026 	EXP 	testChoice: color = 'green (named)'
11.4193 	EXP 	testChoice: color = 'green (named)'
11.4360 	EXP 	testChoice: color = 'green (named)'
11.4527 	EXP 	testChoice: color = 'green (named)'
11.4694 	EXP 	testChoice: color = 'green (named)'
11.4861 	EXP 	testChoice: color = 'green (named)'
11.5030 	EXP 	testChoice: color = 'green (named)'
11.5193 	EXP 	testChoice: color = 'green (named)'
11.5361 	EXP 	testChoice: color = 'green (named)'
11.5528 	EXP 	testChoice: color = 'green (named)'
11.5695 	EXP 	testChoice: color = 'green (named)'
11.5861 	EXP 	testChoice: color = 'green (named)'
11.6028 	EXP 	testChoice: color = 'green (named)'
11.6195 	EXP 	testChoice: color = 'green (named)'
11.6361 	EXP 	testChoice: color = 'green (named)'
11.6529 	EXP 	testChoice: color = 'green (named)'
11.6695 	EXP 	testChoice: color = 'green (named)'
11.6862 	EXP 	testChoice: color = 'green (named)'
11.7028 	EXP 	testChoice: color = 'green (named)'
11.7198 	EXP 	testChoice: color = 'green (named)'
11.7362 	EXP 	testChoice: color = 'green (named)'
11.7529 	EXP 	testChoice: color = 'green (named)'
11.7697 	EXP 	testChoice: color = 'green (named)'
11.7864 	EXP 	testChoice: color = 'green (named)'
11.8030 	EXP 	testChoice: color = 'green (named)'
11.8196 	EXP 	testChoice: color = 'green (named)'
11.8364 	EXP 	testChoice: color = 'green (named)'
11.8530 	EXP 	testChoice: color = 'green (named)'
11.8697 	EXP 	testChoice: color = 'green (named)'
11.8864 	EXP 	testChoice: color = 'green (named)'
11.9031 	EXP 	testChoice: color = 'green (named)'
11.9198 	EXP 	testChoice: color = 'green (named)'
11.9363 	EXP 	testChoice: color = 'green (named)'
11.9532 	EXP 	testChoice: color = 'green (named)'
11.9698 	EXP 	testChoice: color = 'green (named)'
11.9865 	EXP 	testChoice: color = 'green (named)'
12.0032 	EXP 	testChoice: color = 'green (named)'
12.0198 	EXP 	testChoice: color = 'green (named)'
12.0364 	EXP 	testChoice: color = 'green (named)'
12.0533 	EXP 	testChoice: color = 'green (named)'
12.0699 	EXP 	testChoice: color = 'green (named)'
12.0865 	EXP 	testChoice: color = 'green (named)'
12.1033 	EXP 	testChoice: color = 'green (named)'
12.1200 	EXP 	testChoice: color = 'green (named)'
12.1365 	EXP 	testChoice: color = 'green (named)'
12.1533 	EXP 	testChoice: color = 'green (named)'
12.1699 	EXP 	testChoice: color = 'green (named)'
12.1866 	EXP 	testChoice: color = 'green (named)'
12.2034 	EXP 	testChoice: color = 'green (named)'
12.2200 	EXP 	testChoice: color = 'green (named)'
12.2368 	EXP 	testChoice: color = 'green (named)'
12.2534 	EXP 	testChoice: color = 'green (named)'
12.2701 	EXP 	blank: autoDraw = False
12.2701 	EXP 	testChoice: color = 'green (named)'
12.2845 	EXP 	window1: mouseVisible = True
