5.1205 	WARNING 	User requested fullscreen with size [1024  768], but screen is actually [1920, 1200]. Using actual size
6.4720 	EXP 	Created window1 = Window(allowGUI=False, allowStencil=False, args=UNKNOWN, autoLog=True, bitsMode=UNKNOWN, blendMode='avg', color=array([0., 0., 0.]), colorSpace='rgb', fullscr=<method-wrapper '__getattribute__' of attributeSetter object at 0x000002B7996F3C50>, gamma=None, gammaErrorPolicy='raise', kwargs=UNKNOWN, lms=UNKNOWN, monitor=<psychopy.monitors.calibTools.Monitor object at 0x000002B79971F940>, multiSample=False, name='window1', numSamples=2, pos=[0.0, 0.0], screen=0, size=array([1920, 1200]), stereo=False, units='height', useFBO=True, useRetina=False, viewOri=0.0, viewPos=None, viewScale=None, waitBlanking=True, winType='pyglet')
6.4720 	EXP 	window1: recordFrameIntervals = False
6.6379 	EXP 	window1: recordFrameIntervals = True
6.8216 	EXP 	window1: recordFrameIntervals = False
7.0373 	EXP 	Created instruct = TextStim(__class__=<class 'psychopy.visual.text.TextStim'>, alignHoriz='center', alignVert='center', antialias=True, autoLog=True, bold=False, color='white', colorSpace='named', contrast=1.0, depth=0.0, flipHoriz=False, flipVert=False, font='Arial', fontFiles=[], height=0.05, italic=False, languageStyle='LTR', name='instruct', opacity=1.0, ori=0, pos=array([0., 0.]), rgb=array([255., 255., 255.]), text=str(...), units='height', win=Window(...), wrapWidth=1.4)
7.0568 	EXP 	Created regCue = TextStim(__class__=<class 'psychopy.visual.text.TextStim'>, alignHoriz='center', alignVert='center', antialias=True, autoLog=True, bold=False, color='white', colorSpace='named', contrast=1.0, depth=0.0, flipHoriz=False, flipVert=False, font='Arial', fontFiles=[], height=0.1, italic=False, languageStyle='LTR', name='regCue', opacity=1.0, ori=0, pos=array([0., 0.]), rgb=array([255., 255., 255.]), text='REGULATE', units='height', win=Window(...), wrapWidth=1)
7.0729 	EXP 	Created choiceQ = TextStim(__class__=<class 'psychopy.visual.text.TextStim'>, alignHoriz='center', alignVert='center', antialias=True, autoLog=True, bold=False, color='white', colorSpace='named', contrast=1.0, depth=0.0, flipHoriz=False, flipVert=False, font='Arial', fontFiles=[], height=0.05, italic=False, languageStyle='LTR', name='choiceQ', opacity=1.0, ori=0, pos=array([0.  , 0.35]), rgb=array([255., 255., 255.]), text=str(...), units='height', win=Window(...), wrapWidth=1.4)
7.0883 	EXP 	Created testChoice = TextStim(__class__=<class 'psychopy.visual.text.TextStim'>, alignHoriz='center', alignVert='center', antialias=True, autoLog=True, bold=False, color='white', colorSpace='named', contrast=1.0, depth=-2.0, flipHoriz=False, flipVert=False, font='Arial', fontFiles=[], height=0.04, italic=False, languageStyle='LTR', name='testChoice', opacity=1.0, ori=0, pos=array([-0.41,  0.15]), rgb=array([255., 255., 255.]), text='Practice Standardized Test Questions', units='height', win=Window(...), wrapWidth=1)
7.0944 	EXP 	Created videogameChoice = TextStim(__class__=<class 'psychopy.visual.text.TextStim'>, alignHoriz='center', alignVert='center', antialias=True, autoLog=True, bold=False, color='white', colorSpace='named', contrast=1.0, depth=-3.0, flipHoriz=False, flipVert=False, font='Arial', fontFiles=[], height=0.04, italic=False, languageStyle='LTR', name='videogameChoice', opacity=1.0, ori=0, pos=array([0.41, 0.15]), rgb=array([255., 255., 255.]), text='Play a Videogame', units='height', win=Window(...), wrapWidth=1)
7.1030 	EXP 	Created gre = ImageStim(__class__=<class 'psychopy.visual.image.ImageStim'>, autoLog=True, color=array([1., 1., 1.]), colorSpace='rgb', contrast=1.0, depth=-4.0, flipHoriz=False, flipVert=False, image='gre.png', interpolate=True, mask=None, maskParams=None, name='gre', opacity=1.0, ori=0.0, pos=array([-0.41,  0.02]), size=array([0.3  , 0.105]), texRes=128, units='height', win=Window(...))
7.1089 	EXP 	Created gmat = ImageStim(__class__=<class 'psychopy.visual.image.ImageStim'>, autoLog=True, color=array([1., 1., 1.]), colorSpace='rgb', contrast=1.0, depth=-5.0, flipHoriz=False, flipVert=False, image='gmat.png', interpolate=True, mask=None, maskParams=None, name='gmat', opacity=1.0, ori=0.0, pos=array([-0.41, -0.13]), size=array([0.3 , 0.11]), texRes=128, units='height', win=Window(...))
7.1105 	EXP 	Created lsat = ImageStim(__class__=<class 'psychopy.visual.image.ImageStim'>, autoLog=True, color=array([1., 1., 1.]), colorSpace='rgb', contrast=1.0, depth=-6.0, flipHoriz=False, flipVert=False, image='lsat.png', interpolate=True, mask=None, maskParams=None, name='lsat', opacity=1.0, ori=0.0, pos=array([-0.41, -0.27]), size=array([0.3 , 0.11]), texRes=128, units='height', win=Window(...))
7.1336 	EXP 	Created game = ImageStim(__class__=<class 'psychopy.visual.image.ImageStim'>, autoLog=True, color=array([1., 1., 1.]), colorSpace='rgb', contrast=1.0, depth=-7.0, flipHoriz=False, flipVert=False, image='game.png', interpolate=True, mask=None, maskParams=None, name='game', opacity=1.0, ori=0.0, pos=array([ 0.41, -0.19]), size=array([0.4, 0.5]), texRes=128, units='height', win=Window(...))
7.1341 	EXP 	Created blank = TextStim(__class__=<class 'psychopy.visual.text.TextStim'>, alignHoriz='center', alignVert='center', antialias=True, autoLog=True, bold=False, color='white', colorSpace='named', contrast=1.0, depth=-9.0, flipHoriz=False, flipVert=False, font='Arial', fontFiles=[], height=0.1, italic=False, languageStyle='LTR', name='blank', opacity=1.0, ori=0, pos=array([0., 0.]), rgb=array([255., 255., 255.]), text='', units='height', win=Window(...), wrapWidth=1)
7.1657 	EXP 	Created testQChoice = TextStim(__class__=<class 'psychopy.visual.text.TextStim'>, alignHoriz='center', alignVert='center', antialias=True, autoLog=True, bold=False, color='white', colorSpace='named', contrast=1.0, depth=0.0, flipHoriz=False, flipVert=False, font='Arial', fontFiles=[], height=0.055, italic=False, languageStyle='LTR', name='testQChoice', opacity=1.0, ori=0, pos=array([0.  , 0.35]), rgb=array([255., 255., 255.]), text=str(...), units='height', win=Window(...), wrapWidth=1.3)
7.1697 	EXP 	Created image = ImageStim(__class__=<class 'psychopy.visual.image.ImageStim'>, autoLog=True, color=array([1., 1., 1.]), colorSpace='rgb', contrast=1.0, depth=-1.0, flipHoriz=False, flipVert=False, image='gre.png', interpolate=True, mask=None, maskParams=None, name='image', opacity=1.0, ori=0.0, pos=array([0.   , 0.105]), size=array([0.3 , 0.11]), texRes=128, units='height', win=Window(...))
7.1722 	EXP 	Created image_2 = ImageStim(__class__=<class 'psychopy.visual.image.ImageStim'>, autoLog=True, color=array([1., 1., 1.]), colorSpace='rgb', contrast=1.0, depth=-2.0, flipHoriz=False, flipVert=False, image='gmat.png', interpolate=True, mask=None, maskParams=None, name='image_2', opacity=1.0, ori=0.0, pos=array([ 0.  , -0.05]), size=array([0.3 , 0.11]), texRes=128, units='height', win=Window(...))
7.1737 	EXP 	Created image_3 = ImageStim(__class__=<class 'psychopy.visual.image.ImageStim'>, autoLog=True, color=array([1., 1., 1.]), colorSpace='rgb', contrast=1.0, depth=-3.0, flipHoriz=False, flipVert=False, image='lsat.png', interpolate=True, mask=None, maskParams=None, name='image_3', opacity=1.0, ori=0.0, pos=array([ 0. , -0.2]), size=array([0.3 , 0.11]), texRes=128, units='height', win=Window(...))
7.1754 	EXP 	Created polygon = Rect(__class__=<class 'psychopy.visual.rect.Rect'>, autoDraw=False, autoLog=True, closeShape=True, color=method-wrapper(...), colorSpace=None, contrast=1.0, depth=-5.0, fillColor=None, fillColorSpace='rgb', fillRGB=None, interpolate=True, lineColor=array([-1., -1., -1.]), lineColorSpace='rgb', lineRGB=array([-1., -1., -1.]), lineWidth=1.0, name='polygon', opacity=1.0, ori=array(1.), pos=array([0., 0.]), size=array([1., 1.]), units='height', vertices=ndarray(...), win=Window(...))
7.1871 	EXP 	Created TextQuestion = TextStim(__class__=<class 'psychopy.visual.text.TextStim'>, alignHoriz='center', alignVert='center', antialias=True, autoLog=True, bold=False, color='white', colorSpace='named', contrast=1.0, depth=0.0, flipHoriz=False, flipVert=False, font='Arial', fontFiles=[], height=0.028, italic=False, languageStyle='LTR', name='TextQuestion', opacity=1.0, ori=0, pos=array([0.  , 0.35]), rgb=array([255., 255., 255.]), text='default text', units='height', win=Window(...), wrapWidth=1.45)
7.1958 	EXP 	Created choiceA = TextStim(__class__=<class 'psychopy.visual.text.TextStim'>, alignHoriz='center', alignVert='center', antialias=True, autoLog=True, bold=False, color='white', colorSpace='named', contrast=1.0, depth=-3.0, flipHoriz=False, flipVert=False, font='Arial', fontFiles=[], height=0.026, italic=False, languageStyle='LTR', name='choiceA', opacity=1.0, ori=0, pos=array([0., 0.]), rgb=array([255., 255., 255.]), text='default text', units='height', win=Window(...), wrapWidth=1.4)
7.1990 	EXP 	Created choiceB = TextStim(__class__=<class 'psychopy.visual.text.TextStim'>, alignHoriz='center', alignVert='center', antialias=True, autoLog=True, bold=False, color='white', colorSpace='named', contrast=1.0, depth=-4.0, flipHoriz=False, flipVert=False, font='Arial', fontFiles=[], height=0.026, italic=False, languageStyle='LTR', name='choiceB', opacity=1.0, ori=0, pos=array([ 0. , -0.1]), rgb=array([255., 255., 255.]), text='default text', units='height', win=Window(...), wrapWidth=1.4)
7.2022 	EXP 	Created choiceC = TextStim(__class__=<class 'psychopy.visual.text.TextStim'>, alignHoriz='center', alignVert='center', antialias=True, autoLog=True, bold=False, color='white', colorSpace='named', contrast=1.0, depth=-5.0, flipHoriz=False, flipVert=False, font='Arial', fontFiles=[], height=0.026, italic=False, languageStyle='LTR', name='choiceC', opacity=1.0, ori=0, pos=array([ 0. , -0.2]), rgb=array([255., 255., 255.]), text='default text', units='height', win=Window(...), wrapWidth=1.4)
7.2055 	EXP 	Created choiceD = TextStim(__class__=<class 'psychopy.visual.text.TextStim'>, alignHoriz='center', alignVert='center', antialias=True, autoLog=True, bold=False, color='white', colorSpace='named', contrast=1.0, depth=-6.0, flipHoriz=False, flipVert=False, font='Arial', fontFiles=[], height=0.026, italic=False, languageStyle='LTR', name='choiceD', opacity=1.0, ori=0, pos=array([ 0. , -0.3]), rgb=array([255., 255., 255.]), text='default text', units='height', win=Window(...), wrapWidth=1.4)
7.2086 	EXP 	Created choiceE = TextStim(__class__=<class 'psychopy.visual.text.TextStim'>, alignHoriz='center', alignVert='center', antialias=True, autoLog=True, bold=False, color='white', colorSpace='named', contrast=1.0, depth=-7.0, flipHoriz=False, flipVert=False, font='Arial', fontFiles=[], height=0.026, italic=False, languageStyle='LTR', name='choiceE', opacity=1.0, ori=0, pos=array([ 0. , -0.4]), rgb=array([255., 255., 255.]), text='default text', units='height', win=Window(...), wrapWidth=1.4)
7.2090 	EXP 	Created conBlank = TextStim(__class__=<class 'psychopy.visual.text.TextStim'>, alignHoriz='center', alignVert='center', antialias=True, autoLog=True, bold=False, color='white', colorSpace='named', contrast=1.0, depth=-9.0, flipHoriz=False, flipVert=False, font='Arial', fontFiles=[], height=0.1, italic=False, languageStyle='LTR', name='conBlank', opacity=1.0, ori=0, pos=array([0., 0.]), rgb=array([255., 255., 255.]), text='', units='height', win=Window(...), wrapWidth=1)
7.2878 	EXP 	Created text = TextStim(__class__=<class 'psychopy.visual.text.TextStim'>, alignHoriz='center', alignVert='center', antialias=True, autoLog=True, bold=False, color='white', colorSpace='named', contrast=1.0, depth=0.0, flipHoriz=False, flipVert=False, font='Arial', fontFiles=[], height=0.07, italic=False, languageStyle='LTR', name='text', opacity=1.0, ori=0, pos=array([0., 0.]), rgb=array([255., 255., 255.]), text=str(...), units='height', win=Window(...), wrapWidth=1)
7.3186 	EXP 	instruct: autoDraw = True
8.8265 	EXP 	Created sequence: random, trialTypes=1, nReps=5, seed=None
8.8267 	EXP 	New trial (rep=0, index=0): None
8.8329 	DATA 	Keypress: space
8.8398 	EXP 	instruct: autoDraw = False
8.8398 	EXP 	regCue: autoDraw = True
11.8906 	EXP 	regCue: autoDraw = False
11.8906 	EXP 	regCue: autoDraw = False
11.8906 	EXP 	blank: text = ''
11.8906 	EXP 	choiceQ: autoDraw = True
11.8906 	EXP 	testChoice: autoDraw = True
11.8906 	EXP 	videogameChoice: autoDraw = True
11.8906 	EXP 	gre: autoDraw = True
11.8906 	EXP 	gmat: autoDraw = True
11.8906 	EXP 	lsat: autoDraw = True
11.8906 	EXP 	game: autoDraw = True
13.2143 	DATA 	Keypress: 2
13.2267 	EXP 	videogameChoice: color = 'green (named)'
13.2267 	EXP 	blank: autoDraw = True
13.2434 	EXP 	videogameChoice: color = 'green (named)'
13.2600 	EXP 	videogameChoice: color = 'green (named)'
13.2766 	EXP 	videogameChoice: color = 'green (named)'
13.2934 	EXP 	videogameChoice: color = 'green (named)'
13.3101 	EXP 	videogameChoice: color = 'green (named)'
13.3267 	EXP 	videogameChoice: color = 'green (named)'
13.3433 	EXP 	videogameChoice: color = 'green (named)'
13.3604 	EXP 	videogameChoice: color = 'green (named)'
13.3768 	EXP 	videogameChoice: color = 'green (named)'
13.3936 	EXP 	videogameChoice: color = 'green (named)'
13.4103 	EXP 	videogameChoice: color = 'green (named)'
13.4267 	EXP 	videogameChoice: color = 'green (named)'
13.4434 	EXP 	videogameChoice: color = 'green (named)'
13.4601 	EXP 	videogameChoice: color = 'green (named)'
13.4771 	EXP 	videogameChoice: color = 'green (named)'
13.4933 	EXP 	videogameChoice: color = 'green (named)'
13.5103 	EXP 	videogameChoice: color = 'green (named)'
13.5265 	EXP 	videogameChoice: color = 'green (named)'
13.5433 	EXP 	videogameChoice: color = 'green (named)'
13.5600 	EXP 	videogameChoice: color = 'green (named)'
13.5767 	EXP 	videogameChoice: color = 'green (named)'
13.5935 	EXP 	videogameChoice: color = 'green (named)'
13.6102 	EXP 	videogameChoice: color = 'green (named)'
13.6273 	EXP 	videogameChoice: color = 'green (named)'
13.6435 	EXP 	videogameChoice: color = 'green (named)'
13.6605 	EXP 	videogameChoice: color = 'green (named)'
13.6768 	EXP 	videogameChoice: color = 'green (named)'
13.6935 	EXP 	videogameChoice: color = 'green (named)'
13.7104 	EXP 	videogameChoice: color = 'green (named)'
13.7270 	EXP 	videogameChoice: color = 'green (named)'
13.7435 	EXP 	videogameChoice: color = 'green (named)'
13.7604 	EXP 	videogameChoice: color = 'green (named)'
13.7769 	EXP 	videogameChoice: color = 'green (named)'
13.7936 	EXP 	videogameChoice: color = 'green (named)'
13.8105 	EXP 	videogameChoice: color = 'green (named)'
13.8271 	EXP 	videogameChoice: color = 'green (named)'
13.8442 	EXP 	videogameChoice: color = 'green (named)'
13.8606 	EXP 	videogameChoice: color = 'green (named)'
13.8774 	EXP 	videogameChoice: color = 'green (named)'
13.8940 	EXP 	videogameChoice: color = 'green (named)'
13.9105 	EXP 	videogameChoice: color = 'green (named)'
13.9273 	EXP 	videogameChoice: color = 'green (named)'
13.9439 	EXP 	videogameChoice: color = 'green (named)'
13.9606 	EXP 	videogameChoice: color = 'green (named)'
13.9774 	EXP 	videogameChoice: color = 'green (named)'
13.9940 	EXP 	videogameChoice: color = 'green (named)'
14.0106 	EXP 	videogameChoice: color = 'green (named)'
14.0274 	EXP 	videogameChoice: color = 'green (named)'
14.0439 	EXP 	videogameChoice: color = 'green (named)'
14.0605 	EXP 	videogameChoice: color = 'green (named)'
14.0773 	EXP 	videogameChoice: color = 'green (named)'
14.0942 	EXP 	videogameChoice: color = 'green (named)'
14.1109 	EXP 	videogameChoice: color = 'green (named)'
14.1272 	EXP 	videogameChoice: color = 'green (named)'
14.1441 	EXP 	videogameChoice: color = 'green (named)'
14.1611 	EXP 	videogameChoice: color = 'green (named)'
14.1774 	EXP 	videogameChoice: color = 'green (named)'
14.1940 	EXP 	videogameChoice: color = 'green (named)'
14.2110 	EXP 	videogameChoice: color = 'green (named)'
14.2277 	EXP 	videogameChoice: color = 'green (named)'
14.2442 	EXP 	videogameChoice: color = 'green (named)'
14.2610 	EXP 	videogameChoice: color = 'green (named)'
14.2776 	EXP 	videogameChoice: color = 'green (named)'
14.2943 	EXP 	videogameChoice: color = 'green (named)'
14.3111 	EXP 	videogameChoice: color = 'green (named)'
14.3275 	EXP 	videogameChoice: color = 'green (named)'
14.3444 	EXP 	videogameChoice: color = 'green (named)'
14.3611 	EXP 	videogameChoice: color = 'green (named)'
14.3777 	EXP 	videogameChoice: color = 'green (named)'
14.3945 	EXP 	videogameChoice: color = 'green (named)'
14.4114 	EXP 	videogameChoice: color = 'green (named)'
14.4279 	EXP 	videogameChoice: color = 'green (named)'
14.4445 	EXP 	videogameChoice: color = 'green (named)'
14.4472 	DATA 	Keypress: 1
14.4611 	EXP 	videogameChoice: color = 'green (named)'
14.4776 	EXP 	videogameChoice: color = 'green (named)'
14.4943 	EXP 	videogameChoice: color = 'green (named)'
14.5113 	EXP 	videogameChoice: color = 'green (named)'
14.5277 	EXP 	videogameChoice: color = 'green (named)'
14.5441 	EXP 	videogameChoice: color = 'green (named)'
14.5616 	EXP 	videogameChoice: color = 'green (named)'
14.5774 	EXP 	videogameChoice: color = 'green (named)'
14.5943 	EXP 	videogameChoice: color = 'green (named)'
14.6108 	EXP 	videogameChoice: color = 'green (named)'
14.6277 	EXP 	videogameChoice: color = 'green (named)'
14.6444 	EXP 	videogameChoice: color = 'green (named)'
14.6611 	EXP 	videogameChoice: color = 'green (named)'
14.6778 	EXP 	videogameChoice: color = 'green (named)'
14.6950 	EXP 	videogameChoice: color = 'green (named)'
14.7111 	EXP 	videogameChoice: color = 'green (named)'
14.7276 	EXP 	videogameChoice: color = 'green (named)'
14.7276 	EXP 	blank: autoDraw = False
14.7587 	EXP 	Imported RowsExcel.xlsx as conditions, 5 conditions, 1 params
14.7589 	EXP 	Created sequence: random, trialTypes=5, nReps=0, seed=None
14.7591 	EXP 	Created sequence: random, trialTypes=1, nReps=1, seed=None
14.7592 	EXP 	New trial (rep=0, index=0): None
14.7672 	EXP 	choiceQ: autoDraw = False
14.7672 	EXP 	testChoice: autoDraw = False
14.7672 	EXP 	videogameChoice: autoDraw = False
14.7672 	EXP 	gre: autoDraw = False
14.7672 	EXP 	gmat: autoDraw = False
14.7672 	EXP 	lsat: autoDraw = False
14.7672 	EXP 	game: autoDraw = False
14.7672 	EXP 	videogameChoice: color = 'green (named)'
14.7672 	EXP 	choiceQ: autoDraw = False
14.7672 	EXP 	testChoice: autoDraw = False
14.7672 	EXP 	videogameChoice: autoDraw = False
14.7672 	EXP 	gre: autoDraw = False
14.7672 	EXP 	gmat: autoDraw = False
14.7672 	EXP 	lsat: autoDraw = False
14.7672 	EXP 	game: autoDraw = False
14.7672 	EXP 	blank: autoDraw = False
14.7672 	EXP 	videogameChoice: color = 'white (named)'
14.7672 	EXP 	testChoice: color = 'white (named)'
14.7672 	EXP 	choiceQ: autoDraw = False
14.7672 	EXP 	testChoice: autoDraw = False
14.7672 	EXP 	videogameChoice: autoDraw = False
14.7672 	EXP 	gre: autoDraw = False
14.7672 	EXP 	gmat: autoDraw = False
14.7672 	EXP 	lsat: autoDraw = False
14.7672 	EXP 	text: autoDraw = True
18.5021 	DATA 	Keypress: escape
18.6094 	EXP 	window1: mouseVisible = True
