4.3028 	WARNING 	User requested fullscreen with size [1024  768], but screen is actually [1920, 1200]. Using actual size
5.0547 	EXP 	Created window1 = Window(allowGUI=False, allowStencil=False, args=UNKNOWN, autoLog=True, bitsMode=UNKNOWN, blendMode='avg', color=array([0., 0., 0.]), colorSpace='rgb', fullscr=<method-wrapper '__getattribute__' of attributeSetter object at 0x000001A2B363BE48>, gamma=None, gammaErrorPolicy='raise', kwargs=UNKNOWN, lms=UNKNOWN, monitor=<psychopy.monitors.calibTools.Monitor object at 0x000001A2B34F8B38>, multiSample=False, name='window1', numSamples=2, pos=[0.0, 0.0], screen=0, size=array([1920, 1200]), stereo=False, units='height', useFBO=True, useRetina=False, viewOri=0.0, viewPos=None, viewScale=None, waitBlanking=True, winType='pyglet')
5.0547 	EXP 	window1: recordFrameIntervals = False
5.2210 	EXP 	window1: recordFrameIntervals = True
5.4047 	EXP 	window1: recordFrameIntervals = False
5.6038 	EXP 	Created instruct = TextStim(__class__=<class 'psychopy.visual.text.TextStim'>, alignHoriz='center', alignVert='center', antialias=True, autoLog=True, bold=False, color='white', colorSpace='named', contrast=1.0, depth=0.0, flipHoriz=False, flipVert=False, font='Arial', fontFiles=[], height=0.05, italic=False, languageStyle='LTR', name='instruct', opacity=1.0, ori=0, pos=array([0., 0.]), rgb=array([255., 255., 255.]), text=str(...), units='height', win=Window(...), wrapWidth=1.4)
5.6214 	EXP 	Created regCue = TextStim(__class__=<class 'psychopy.visual.text.TextStim'>, alignHoriz='center', alignVert='center', antialias=True, autoLog=True, bold=False, color='white', colorSpace='named', contrast=1.0, depth=0.0, flipHoriz=False, flipVert=False, font='Arial', fontFiles=[], height=0.1, italic=False, languageStyle='LTR', name='regCue', opacity=1.0, ori=0, pos=array([0., 0.]), rgb=array([255., 255., 255.]), text='REGULATE', units='height', win=Window(...), wrapWidth=1)
5.6377 	EXP 	Created choiceQ = TextStim(__class__=<class 'psychopy.visual.text.TextStim'>, alignHoriz='center', alignVert='center', antialias=True, autoLog=True, bold=False, color='white', colorSpace='named', contrast=1.0, depth=0.0, flipHoriz=False, flipVert=False, font='Arial', fontFiles=[], height=0.05, italic=False, languageStyle='LTR', name='choiceQ', opacity=1.0, ori=0, pos=array([0.  , 0.35]), rgb=array([255., 255., 255.]), text=str(...), units='height', win=Window(...), wrapWidth=1.4)
5.6525 	EXP 	Created testChoice = TextStim(__class__=<class 'psychopy.visual.text.TextStim'>, alignHoriz='center', alignVert='center', antialias=True, autoLog=True, bold=False, color='white', colorSpace='named', contrast=1.0, depth=-2.0, flipHoriz=False, flipVert=False, font='Arial', fontFiles=[], height=0.04, italic=False, languageStyle='LTR', name='testChoice', opacity=1.0, ori=0, pos=array([-0.41,  0.15]), rgb=array([255., 255., 255.]), text='Practice Standardized Test Questions', units='height', win=Window(...), wrapWidth=1)
5.6583 	EXP 	Created videogameChoice = TextStim(__class__=<class 'psychopy.visual.text.TextStim'>, alignHoriz='center', alignVert='center', antialias=True, autoLog=True, bold=False, color='white', colorSpace='named', contrast=1.0, depth=-3.0, flipHoriz=False, flipVert=False, font='Arial', fontFiles=[], height=0.04, italic=False, languageStyle='LTR', name='videogameChoice', opacity=1.0, ori=0, pos=array([0.41, 0.15]), rgb=array([255., 255., 255.]), text='Play a Videogame', units='height', win=Window(...), wrapWidth=1)
5.6628 	EXP 	Created gre = ImageStim(__class__=<class 'psychopy.visual.image.ImageStim'>, autoLog=True, color=array([1., 1., 1.]), colorSpace='rgb', contrast=1.0, depth=-4.0, flipHoriz=False, flipVert=False, image='gre.png', interpolate=True, mask=None, maskParams=None, name='gre', opacity=1.0, ori=0.0, pos=array([-0.41,  0.02]), size=array([0.3  , 0.105]), texRes=128, units='height', win=Window(...))
5.6660 	EXP 	Created gmat = ImageStim(__class__=<class 'psychopy.visual.image.ImageStim'>, autoLog=True, color=array([1., 1., 1.]), colorSpace='rgb', contrast=1.0, depth=-5.0, flipHoriz=False, flipVert=False, image='gmat.png', interpolate=True, mask=None, maskParams=None, name='gmat', opacity=1.0, ori=0.0, pos=array([-0.41, -0.13]), size=array([0.3 , 0.11]), texRes=128, units='height', win=Window(...))
5.6682 	EXP 	Created lsat = ImageStim(__class__=<class 'psychopy.visual.image.ImageStim'>, autoLog=True, color=array([1., 1., 1.]), colorSpace='rgb', contrast=1.0, depth=-6.0, flipHoriz=False, flipVert=False, image='lsat.png', interpolate=True, mask=None, maskParams=None, name='lsat', opacity=1.0, ori=0.0, pos=array([-0.41, -0.27]), size=array([0.3 , 0.11]), texRes=128, units='height', win=Window(...))
5.6714 	EXP 	Created mcat = ImageStim(__class__=<class 'psychopy.visual.image.ImageStim'>, autoLog=True, color=array([1., 1., 1.]), colorSpace='rgb', contrast=1.0, depth=-7.0, flipHoriz=False, flipVert=False, image='mcat.png', interpolate=True, mask=None, maskParams=None, name='mcat', opacity=1.0, ori=0.0, pos=array([-0.41, -0.41]), size=array([0.3 , 0.11]), texRes=128, units='height', win=Window(...))
5.6828 	EXP 	Created game = ImageStim(__class__=<class 'psychopy.visual.image.ImageStim'>, autoLog=True, color=array([1., 1., 1.]), colorSpace='rgb', contrast=1.0, depth=-8.0, flipHoriz=False, flipVert=False, image='game.png', interpolate=True, mask=None, maskParams=None, name='game', opacity=1.0, ori=0.0, pos=array([ 0.41, -0.19]), size=array([0.4, 0.5]), texRes=128, units='height', win=Window(...))
5.6833 	EXP 	Created blank = TextStim(__class__=<class 'psychopy.visual.text.TextStim'>, alignHoriz='center', alignVert='center', antialias=True, autoLog=True, bold=False, color='white', colorSpace='named', contrast=1.0, depth=-9.0, flipHoriz=False, flipVert=False, font='Arial', fontFiles=[], height=0.1, italic=False, languageStyle='LTR', name='blank', opacity=1.0, ori=0, pos=array([0., 0.]), rgb=array([255., 255., 255.]), text='', units='height', win=Window(...), wrapWidth=1)
5.7136 	EXP 	Created testQChoice = TextStim(__class__=<class 'psychopy.visual.text.TextStim'>, alignHoriz='center', alignVert='center', antialias=True, autoLog=True, bold=False, color='white', colorSpace='named', contrast=1.0, depth=0.0, flipHoriz=False, flipVert=False, font='Arial', fontFiles=[], height=0.055, italic=False, languageStyle='LTR', name='testQChoice', opacity=1.0, ori=0, pos=array([0.  , 0.35]), rgb=array([255., 255., 255.]), text=str(...), units='height', win=Window(...), wrapWidth=1.3)
5.7170 	EXP 	Created image = ImageStim(__class__=<class 'psychopy.visual.image.ImageStim'>, autoLog=True, color=array([1., 1., 1.]), colorSpace='rgb', contrast=1.0, depth=-1.0, flipHoriz=False, flipVert=False, image='gre.png', interpolate=True, mask=None, maskParams=None, name='image', opacity=1.0, ori=0.0, pos=array([0.  , 0.25]), size=array([0.3 , 0.11]), texRes=128, units='height', win=Window(...))
5.7196 	EXP 	Created image_2 = ImageStim(__class__=<class 'psychopy.visual.image.ImageStim'>, autoLog=True, color=array([1., 1., 1.]), colorSpace='rgb', contrast=1.0, depth=-2.0, flipHoriz=False, flipVert=False, image='gmat.png', interpolate=True, mask=None, maskParams=None, name='image_2', opacity=1.0, ori=0.0, pos=array([ 0.  , -0.05]), size=array([0.3 , 0.11]), texRes=128, units='height', win=Window(...))
5.7223 	EXP 	Created image_3 = ImageStim(__class__=<class 'psychopy.visual.image.ImageStim'>, autoLog=True, color=array([1., 1., 1.]), colorSpace='rgb', contrast=1.0, depth=-3.0, flipHoriz=False, flipVert=False, image='lsat.png', interpolate=True, mask=None, maskParams=None, name='image_3', opacity=1.0, ori=0.0, pos=array([ 0. , -0.2]), size=array([0.3 , 0.11]), texRes=128, units='height', win=Window(...))
5.7255 	EXP 	Created image_4 = ImageStim(__class__=<class 'psychopy.visual.image.ImageStim'>, autoLog=True, color=array([1., 1., 1.]), colorSpace='rgb', contrast=1.0, depth=-4.0, flipHoriz=False, flipVert=False, image='mcat.png', interpolate=True, mask=None, maskParams=None, name='image_4', opacity=1.0, ori=0.0, pos=array([ 0.  , -0.35]), size=array([0.3 , 0.11]), texRes=128, units='height', win=Window(...))
5.7550 	EXP 	instruct: autoDraw = True
7.6136 	DATA 	Keypress: space
7.6228 	EXP 	instruct: autoDraw = False
7.6228 	EXP 	regCue: autoDraw = True
10.6405 	EXP 	regCue: autoDraw = False
10.6405 	EXP 	regCue: autoDraw = False
10.6405 	EXP 	choiceQ: autoDraw = True
10.6405 	EXP 	testChoice: autoDraw = True
10.6405 	EXP 	videogameChoice: autoDraw = True
10.6405 	EXP 	gre: autoDraw = True
10.6405 	EXP 	gmat: autoDraw = True
10.6405 	EXP 	lsat: autoDraw = True
10.6405 	EXP 	mcat: autoDraw = True
10.6405 	EXP 	game: autoDraw = True
12.9308 	DATA 	Keypress: 1
12.9439 	EXP 	blank: autoDraw = True
12.9439 	EXP 	testChoice: color = 'green (named)'
12.9606 	EXP 	testChoice: color = 'green (named)'
12.9774 	EXP 	testChoice: color = 'green (named)'
12.9940 	EXP 	testChoice: color = 'green (named)'
13.0105 	EXP 	testChoice: color = 'green (named)'
13.0273 	EXP 	testChoice: color = 'green (named)'
13.0442 	EXP 	testChoice: color = 'green (named)'
13.0609 	EXP 	testChoice: color = 'green (named)'
13.0775 	EXP 	testChoice: color = 'green (named)'
13.0939 	EXP 	testChoice: color = 'green (named)'
13.1106 	EXP 	testChoice: color = 'green (named)'
13.1275 	EXP 	testChoice: color = 'green (named)'
13.1443 	EXP 	testChoice: color = 'green (named)'
13.1610 	EXP 	testChoice: color = 'green (named)'
13.1772 	EXP 	testChoice: color = 'green (named)'
13.1940 	EXP 	testChoice: color = 'green (named)'
13.2109 	EXP 	testChoice: color = 'green (named)'
13.2288 	EXP 	testChoice: color = 'green (named)'
13.2457 	EXP 	testChoice: color = 'green (named)'
13.2615 	EXP 	testChoice: color = 'green (named)'
13.2780 	EXP 	testChoice: color = 'green (named)'
13.2945 	EXP 	testChoice: color = 'green (named)'
13.3112 	EXP 	testChoice: color = 'green (named)'
13.3278 	EXP 	testChoice: color = 'green (named)'
13.3443 	EXP 	testChoice: color = 'green (named)'
13.3613 	EXP 	testChoice: color = 'green (named)'
13.3779 	EXP 	testChoice: color = 'green (named)'
13.3943 	EXP 	testChoice: color = 'green (named)'
13.4110 	EXP 	testChoice: color = 'green (named)'
13.4277 	EXP 	testChoice: color = 'green (named)'
13.4442 	EXP 	testChoice: color = 'green (named)'
13.4610 	EXP 	testChoice: color = 'green (named)'
13.4777 	EXP 	testChoice: color = 'green (named)'
13.4942 	EXP 	testChoice: color = 'green (named)'
13.5110 	EXP 	testChoice: color = 'green (named)'
13.5278 	EXP 	testChoice: color = 'green (named)'
13.5445 	EXP 	testChoice: color = 'green (named)'
13.5613 	EXP 	testChoice: color = 'green (named)'
13.5780 	EXP 	testChoice: color = 'green (named)'
13.5945 	EXP 	testChoice: color = 'green (named)'
13.6113 	EXP 	testChoice: color = 'green (named)'
13.6278 	EXP 	testChoice: color = 'green (named)'
13.6445 	EXP 	testChoice: color = 'green (named)'
13.6613 	EXP 	testChoice: color = 'green (named)'
13.6779 	EXP 	testChoice: color = 'green (named)'
13.6948 	EXP 	testChoice: color = 'green (named)'
13.7110 	EXP 	testChoice: color = 'green (named)'
13.7280 	EXP 	testChoice: color = 'green (named)'
13.7447 	EXP 	testChoice: color = 'green (named)'
13.7614 	EXP 	testChoice: color = 'green (named)'
13.7778 	EXP 	testChoice: color = 'green (named)'
13.7947 	EXP 	testChoice: color = 'green (named)'
13.8114 	EXP 	testChoice: color = 'green (named)'
13.8282 	EXP 	testChoice: color = 'green (named)'
13.8448 	EXP 	testChoice: color = 'green (named)'
13.8616 	EXP 	testChoice: color = 'green (named)'
13.8781 	EXP 	testChoice: color = 'green (named)'
13.8948 	EXP 	testChoice: color = 'green (named)'
13.9115 	EXP 	testChoice: color = 'green (named)'
13.9282 	EXP 	testChoice: color = 'green (named)'
13.9450 	EXP 	testChoice: color = 'green (named)'
13.9615 	EXP 	testChoice: color = 'green (named)'
13.9781 	EXP 	testChoice: color = 'green (named)'
13.9949 	EXP 	testChoice: color = 'green (named)'
14.0115 	EXP 	testChoice: color = 'green (named)'
14.0281 	EXP 	testChoice: color = 'green (named)'
14.0449 	EXP 	testChoice: color = 'green (named)'
14.0618 	EXP 	testChoice: color = 'green (named)'
14.0781 	EXP 	testChoice: color = 'green (named)'
14.0950 	EXP 	testChoice: color = 'green (named)'
14.1117 	EXP 	testChoice: color = 'green (named)'
14.1281 	EXP 	testChoice: color = 'green (named)'
14.1450 	EXP 	testChoice: color = 'green (named)'
14.1616 	EXP 	testChoice: color = 'green (named)'
14.1784 	EXP 	testChoice: color = 'green (named)'
14.1951 	EXP 	testChoice: color = 'green (named)'
14.2120 	EXP 	testChoice: color = 'green (named)'
14.2285 	EXP 	testChoice: color = 'green (named)'
14.2452 	EXP 	testChoice: color = 'green (named)'
14.2617 	EXP 	testChoice: color = 'green (named)'
14.2785 	EXP 	testChoice: color = 'green (named)'
14.2951 	EXP 	testChoice: color = 'green (named)'
14.3120 	EXP 	testChoice: color = 'green (named)'
14.3285 	EXP 	testChoice: color = 'green (named)'
14.3451 	EXP 	testChoice: color = 'green (named)'
14.3619 	EXP 	testChoice: color = 'green (named)'
14.3786 	EXP 	testChoice: color = 'green (named)'
14.3952 	EXP 	testChoice: color = 'green (named)'
14.4119 	EXP 	testChoice: color = 'green (named)'
14.4285 	EXP 	testChoice: color = 'green (named)'
14.4450 	EXP 	blank: autoDraw = False
14.4450 	EXP 	testChoice: color = 'green (named)'
14.4617 	EXP 	choiceQ: autoDraw = False
14.4617 	EXP 	testChoice: autoDraw = False
14.4617 	EXP 	videogameChoice: autoDraw = False
14.4617 	EXP 	gre: autoDraw = False
14.4617 	EXP 	gmat: autoDraw = False
14.4617 	EXP 	lsat: autoDraw = False
14.4617 	EXP 	mcat: autoDraw = False
14.4617 	EXP 	game: autoDraw = False
14.4617 	EXP 	testChoice: color = 'green (named)'
14.4617 	EXP 	choiceQ: autoDraw = False
14.4617 	EXP 	testChoice: autoDraw = False
14.4617 	EXP 	videogameChoice: autoDraw = False
14.4617 	EXP 	gre: autoDraw = False
14.4617 	EXP 	gmat: autoDraw = False
14.4617 	EXP 	lsat: autoDraw = False
14.4617 	EXP 	mcat: autoDraw = False
14.4617 	EXP 	game: autoDraw = False
14.4617 	EXP 	blank: autoDraw = False
14.4617 	EXP 	videogameChoice: color = 'white (named)'
14.4617 	EXP 	testChoice: color = 'white (named)'
14.4617 	EXP 	choiceQ: autoDraw = False
14.4617 	EXP 	testChoice: autoDraw = False
14.4617 	EXP 	videogameChoice: autoDraw = False
14.4617 	EXP 	gre: autoDraw = False
14.4617 	EXP 	gmat: autoDraw = False
14.4617 	EXP 	lsat: autoDraw = False
14.4617 	EXP 	mcat: autoDraw = False
14.4617 	EXP 	testQChoice: autoDraw = True
14.4617 	EXP 	image: autoDraw = True
14.4617 	EXP 	image_2: autoDraw = True
14.4617 	EXP 	image_3: autoDraw = True
14.4617 	EXP 	image_4: autoDraw = True
22.3056 	DATA 	Keypress: up
22.7901 	DATA 	Keypress: down
23.0733 	DATA 	Keypress: up
23.2558 	DATA 	Keypress: down
23.6064 	DATA 	Keypress: return
27.2766 	DATA 	Keypress: return
32.4642 	DATA 	Keypress: escape
32.5814 	EXP 	window1: mouseVisible = True
