34.4757 	WARNING 	User requested fullscreen with size [1024  768], but screen is actually [1920, 1200]. Using actual size
35.2418 	EXP 	Created window1 = Window(allowGUI=False, allowStencil=False, args=UNKNOWN, autoLog=True, bitsMode=UNKNOWN, blendMode='avg', color=array([0., 0., 0.]), colorSpace='rgb', fullscr=<method-wrapper '__getattribute__' of attributeSetter object at 0x0000023F8C86BE80>, gamma=None, gammaErrorPolicy='raise', kwargs=UNKNOWN, lms=UNKNOWN, monitor=<psychopy.monitors.calibTools.Monitor object at 0x0000023F8C722B70>, multiSample=False, name='window1', numSamples=2, pos=[0.0, 0.0], screen=0, size=array([1920, 1200]), stereo=False, units='height', useFBO=True, useRetina=False, viewOri=0.0, viewPos=None, viewScale=None, waitBlanking=True, winType='pyglet')
35.2418 	EXP 	window1: recordFrameIntervals = False
35.4078 	EXP 	window1: recordFrameIntervals = True
35.5916 	EXP 	window1: recordFrameIntervals = False
35.7909 	EXP 	Created instruct = TextStim(__class__=<class 'psychopy.visual.text.TextStim'>, alignHoriz='center', alignVert='center', antialias=True, autoLog=True, bold=False, color='white', colorSpace='named', contrast=1.0, depth=0.0, flipHoriz=False, flipVert=False, font='Arial', fontFiles=[], height=0.05, italic=False, languageStyle='LTR', name='instruct', opacity=1.0, ori=0, pos=array([0., 0.]), rgb=array([255., 255., 255.]), text=str(...), units='height', win=Window(...), wrapWidth=1.4)
35.8105 	EXP 	Created regCue = TextStim(__class__=<class 'psychopy.visual.text.TextStim'>, alignHoriz='center', alignVert='center', antialias=True, autoLog=True, bold=False, color='white', colorSpace='named', contrast=1.0, depth=0.0, flipHoriz=False, flipVert=False, font='Arial', fontFiles=[], height=0.1, italic=False, languageStyle='LTR', name='regCue', opacity=1.0, ori=0, pos=array([0., 0.]), rgb=array([255., 255., 255.]), text='REGULATE', units='height', win=Window(...), wrapWidth=1)
35.8272 	EXP 	Created choiceQ = TextStim(__class__=<class 'psychopy.visual.text.TextStim'>, alignHoriz='center', alignVert='center', antialias=True, autoLog=True, bold=False, color='white', colorSpace='named', contrast=1.0, depth=0.0, flipHoriz=False, flipVert=False, font='Arial', fontFiles=[], height=0.05, italic=False, languageStyle='LTR', name='choiceQ', opacity=1.0, ori=0, pos=array([0.  , 0.35]), rgb=array([255., 255., 255.]), text=str(...), units='height', win=Window(...), wrapWidth=1.4)
35.8424 	EXP 	Created testChoice = TextStim(__class__=<class 'psychopy.visual.text.TextStim'>, alignHoriz='center', alignVert='center', antialias=True, autoLog=True, bold=False, color='white', colorSpace='named', contrast=1.0, depth=-2.0, flipHoriz=False, flipVert=False, font='Arial', fontFiles=[], height=0.04, italic=False, languageStyle='LTR', name='testChoice', opacity=1.0, ori=0, pos=array([-0.41,  0.15]), rgb=array([255., 255., 255.]), text='Practice Standardized Test Questions', units='height', win=Window(...), wrapWidth=1)
35.8485 	EXP 	Created videogameChoice = TextStim(__class__=<class 'psychopy.visual.text.TextStim'>, alignHoriz='center', alignVert='center', antialias=True, autoLog=True, bold=False, color='white', colorSpace='named', contrast=1.0, depth=-3.0, flipHoriz=False, flipVert=False, font='Arial', fontFiles=[], height=0.04, italic=False, languageStyle='LTR', name='videogameChoice', opacity=1.0, ori=0, pos=array([0.41, 0.15]), rgb=array([255., 255., 255.]), text='Play a Videogame', units='height', win=Window(...), wrapWidth=1)
35.8527 	EXP 	Created gre = ImageStim(__class__=<class 'psychopy.visual.image.ImageStim'>, autoLog=True, color=array([1., 1., 1.]), colorSpace='rgb', contrast=1.0, depth=-4.0, flipHoriz=False, flipVert=False, image='gre.png', interpolate=True, mask=None, maskParams=None, name='gre', opacity=1.0, ori=0.0, pos=array([-0.41,  0.02]), size=array([0.3  , 0.105]), texRes=128, units='height', win=Window(...))
35.8557 	EXP 	Created gmat = ImageStim(__class__=<class 'psychopy.visual.image.ImageStim'>, autoLog=True, color=array([1., 1., 1.]), colorSpace='rgb', contrast=1.0, depth=-5.0, flipHoriz=False, flipVert=False, image='gmat.png', interpolate=True, mask=None, maskParams=None, name='gmat', opacity=1.0, ori=0.0, pos=array([-0.41, -0.13]), size=array([0.3 , 0.11]), texRes=128, units='height', win=Window(...))
35.8573 	EXP 	Created lsat = ImageStim(__class__=<class 'psychopy.visual.image.ImageStim'>, autoLog=True, color=array([1., 1., 1.]), colorSpace='rgb', contrast=1.0, depth=-6.0, flipHoriz=False, flipVert=False, image='lsat.png', interpolate=True, mask=None, maskParams=None, name='lsat', opacity=1.0, ori=0.0, pos=array([-0.41, -0.27]), size=array([0.3 , 0.11]), texRes=128, units='height', win=Window(...))
35.8605 	EXP 	Created mcat = ImageStim(__class__=<class 'psychopy.visual.image.ImageStim'>, autoLog=True, color=array([1., 1., 1.]), colorSpace='rgb', contrast=1.0, depth=-7.0, flipHoriz=False, flipVert=False, image='mcat.png', interpolate=True, mask=None, maskParams=None, name='mcat', opacity=1.0, ori=0.0, pos=array([-0.41, -0.41]), size=array([0.3 , 0.11]), texRes=128, units='height', win=Window(...))
35.8715 	EXP 	Created game = ImageStim(__class__=<class 'psychopy.visual.image.ImageStim'>, autoLog=True, color=array([1., 1., 1.]), colorSpace='rgb', contrast=1.0, depth=-8.0, flipHoriz=False, flipVert=False, image='game.png', interpolate=True, mask=None, maskParams=None, name='game', opacity=1.0, ori=0.0, pos=array([ 0.41, -0.19]), size=array([0.4, 0.5]), texRes=128, units='height', win=Window(...))
35.8720 	EXP 	Created blank = TextStim(__class__=<class 'psychopy.visual.text.TextStim'>, alignHoriz='center', alignVert='center', antialias=True, autoLog=True, bold=False, color='white', colorSpace='named', contrast=1.0, depth=-9.0, flipHoriz=False, flipVert=False, font='Arial', fontFiles=[], height=0.1, italic=False, languageStyle='LTR', name='blank', opacity=1.0, ori=0, pos=array([0., 0.]), rgb=array([255., 255., 255.]), text='', units='height', win=Window(...), wrapWidth=1)
35.9033 	EXP 	Created testQChoice = TextStim(__class__=<class 'psychopy.visual.text.TextStim'>, alignHoriz='center', alignVert='center', antialias=True, autoLog=True, bold=False, color='white', colorSpace='named', contrast=1.0, depth=0.0, flipHoriz=False, flipVert=False, font='Arial', fontFiles=[], height=0.055, italic=False, languageStyle='LTR', name='testQChoice', opacity=1.0, ori=0, pos=array([0.  , 0.35]), rgb=array([255., 255., 255.]), text=str(...), units='height', win=Window(...), wrapWidth=1.3)
35.9066 	EXP 	Created image = ImageStim(__class__=<class 'psychopy.visual.image.ImageStim'>, autoLog=True, color=array([1., 1., 1.]), colorSpace='rgb', contrast=1.0, depth=-1.0, flipHoriz=False, flipVert=False, image='gre.png', interpolate=True, mask=None, maskParams=None, name='image', opacity=1.0, ori=0.0, pos=array([0.   , 0.105]), size=array([0.3 , 0.11]), texRes=128, units='height', win=Window(...))
35.9091 	EXP 	Created image_2 = ImageStim(__class__=<class 'psychopy.visual.image.ImageStim'>, autoLog=True, color=array([1., 1., 1.]), colorSpace='rgb', contrast=1.0, depth=-2.0, flipHoriz=False, flipVert=False, image='gmat.png', interpolate=True, mask=None, maskParams=None, name='image_2', opacity=1.0, ori=0.0, pos=array([ 0.  , -0.05]), size=array([0.3 , 0.11]), texRes=128, units='height', win=Window(...))
35.9111 	EXP 	Created image_3 = ImageStim(__class__=<class 'psychopy.visual.image.ImageStim'>, autoLog=True, color=array([1., 1., 1.]), colorSpace='rgb', contrast=1.0, depth=-3.0, flipHoriz=False, flipVert=False, image='lsat.png', interpolate=True, mask=None, maskParams=None, name='image_3', opacity=1.0, ori=0.0, pos=array([ 0. , -0.2]), size=array([0.3 , 0.11]), texRes=128, units='height', win=Window(...))
35.9142 	EXP 	Created image_4 = ImageStim(__class__=<class 'psychopy.visual.image.ImageStim'>, autoLog=True, color=array([1., 1., 1.]), colorSpace='rgb', contrast=1.0, depth=-4.0, flipHoriz=False, flipVert=False, image='mcat.png', interpolate=True, mask=None, maskParams=None, name='image_4', opacity=1.0, ori=0.0, pos=array([ 0.  , -0.35]), size=array([0.3 , 0.11]), texRes=128, units='height', win=Window(...))
35.9443 	EXP 	instruct: autoDraw = True
38.4146 	DATA 	Keypress: space
38.4440 	EXP 	instruct: autoDraw = False
38.4440 	EXP 	regCue: autoDraw = True
41.4615 	EXP 	regCue: autoDraw = False
41.4615 	EXP 	regCue: autoDraw = False
41.4615 	EXP 	choiceQ: autoDraw = True
41.4615 	EXP 	testChoice: autoDraw = True
41.4615 	EXP 	videogameChoice: autoDraw = True
41.4615 	EXP 	gre: autoDraw = True
41.4615 	EXP 	gmat: autoDraw = True
41.4615 	EXP 	lsat: autoDraw = True
41.4615 	EXP 	mcat: autoDraw = True
41.4615 	EXP 	game: autoDraw = True
46.2545 	DATA 	Keypress: 1
48.6733 	DATA 	Keypress: 1
48.6856 	EXP 	blank: autoDraw = True
48.6856 	EXP 	testChoice: color = 'green (named)'
48.7022 	EXP 	testChoice: color = 'green (named)'
48.7189 	EXP 	testChoice: color = 'green (named)'
48.7356 	EXP 	testChoice: color = 'green (named)'
48.7522 	EXP 	testChoice: color = 'green (named)'
48.7690 	EXP 	testChoice: color = 'green (named)'
48.7855 	EXP 	testChoice: color = 'green (named)'
48.8024 	EXP 	testChoice: color = 'green (named)'
48.8191 	EXP 	testChoice: color = 'green (named)'
48.8359 	EXP 	testChoice: color = 'green (named)'
48.8523 	EXP 	testChoice: color = 'green (named)'
48.8691 	EXP 	testChoice: color = 'green (named)'
48.8857 	EXP 	testChoice: color = 'green (named)'
48.9025 	EXP 	testChoice: color = 'green (named)'
48.9190 	EXP 	testChoice: color = 'green (named)'
48.9359 	EXP 	testChoice: color = 'green (named)'
48.9525 	EXP 	testChoice: color = 'green (named)'
48.9691 	EXP 	testChoice: color = 'green (named)'
48.9859 	EXP 	testChoice: color = 'green (named)'
49.0026 	EXP 	testChoice: color = 'green (named)'
49.0192 	EXP 	testChoice: color = 'green (named)'
49.0360 	EXP 	testChoice: color = 'green (named)'
49.0526 	EXP 	testChoice: color = 'green (named)'
49.0693 	EXP 	testChoice: color = 'green (named)'
49.0860 	EXP 	testChoice: color = 'green (named)'
49.1026 	EXP 	testChoice: color = 'green (named)'
49.1193 	EXP 	testChoice: color = 'green (named)'
49.1360 	EXP 	testChoice: color = 'green (named)'
49.1526 	EXP 	testChoice: color = 'green (named)'
49.1694 	EXP 	testChoice: color = 'green (named)'
49.1860 	EXP 	testChoice: color = 'green (named)'
49.2027 	EXP 	testChoice: color = 'green (named)'
49.2193 	EXP 	testChoice: color = 'green (named)'
49.2362 	EXP 	testChoice: color = 'green (named)'
49.2527 	EXP 	testChoice: color = 'green (named)'
49.2694 	EXP 	testChoice: color = 'green (named)'
49.2864 	EXP 	testChoice: color = 'green (named)'
49.3027 	EXP 	testChoice: color = 'green (named)'
49.3198 	EXP 	testChoice: color = 'green (named)'
49.3361 	EXP 	testChoice: color = 'green (named)'
49.3528 	EXP 	testChoice: color = 'green (named)'
49.3696 	EXP 	testChoice: color = 'green (named)'
49.3862 	EXP 	testChoice: color = 'green (named)'
49.4028 	EXP 	testChoice: color = 'green (named)'
49.4195 	EXP 	testChoice: color = 'green (named)'
49.4363 	EXP 	testChoice: color = 'green (named)'
49.4529 	EXP 	testChoice: color = 'green (named)'
49.4697 	EXP 	testChoice: color = 'green (named)'
49.4864 	EXP 	testChoice: color = 'green (named)'
49.5030 	EXP 	testChoice: color = 'green (named)'
49.5199 	EXP 	testChoice: color = 'green (named)'
49.5372 	EXP 	testChoice: color = 'green (named)'
49.5529 	EXP 	testChoice: color = 'green (named)'
49.5696 	EXP 	testChoice: color = 'green (named)'
49.5862 	EXP 	testChoice: color = 'green (named)'
49.6028 	EXP 	testChoice: color = 'green (named)'
49.6195 	EXP 	testChoice: color = 'green (named)'
49.6363 	EXP 	testChoice: color = 'green (named)'
49.6529 	EXP 	testChoice: color = 'green (named)'
49.6695 	EXP 	testChoice: color = 'green (named)'
49.6869 	EXP 	testChoice: color = 'green (named)'
49.7030 	EXP 	testChoice: color = 'green (named)'
49.7196 	EXP 	testChoice: color = 'green (named)'
49.7364 	EXP 	testChoice: color = 'green (named)'
49.7530 	EXP 	testChoice: color = 'green (named)'
49.7697 	EXP 	testChoice: color = 'green (named)'
49.7864 	EXP 	testChoice: color = 'green (named)'
49.8030 	EXP 	testChoice: color = 'green (named)'
49.8198 	EXP 	testChoice: color = 'green (named)'
49.8367 	EXP 	testChoice: color = 'green (named)'
49.8533 	EXP 	testChoice: color = 'green (named)'
49.8699 	EXP 	testChoice: color = 'green (named)'
49.8867 	EXP 	testChoice: color = 'green (named)'
49.9034 	EXP 	testChoice: color = 'green (named)'
49.9201 	EXP 	testChoice: color = 'green (named)'
49.9366 	EXP 	testChoice: color = 'green (named)'
49.9533 	EXP 	testChoice: color = 'green (named)'
49.9700 	EXP 	testChoice: color = 'green (named)'
49.9866 	EXP 	testChoice: color = 'green (named)'
50.0032 	EXP 	testChoice: color = 'green (named)'
50.0200 	EXP 	testChoice: color = 'green (named)'
50.0367 	EXP 	testChoice: color = 'green (named)'
50.0534 	EXP 	testChoice: color = 'green (named)'
50.0701 	EXP 	testChoice: color = 'green (named)'
50.0867 	EXP 	testChoice: color = 'green (named)'
50.1033 	EXP 	testChoice: color = 'green (named)'
50.1201 	EXP 	testChoice: color = 'green (named)'
50.1370 	EXP 	testChoice: color = 'green (named)'
50.1535 	EXP 	testChoice: color = 'green (named)'
50.1702 	EXP 	testChoice: color = 'green (named)'
50.1869 	EXP 	blank: autoDraw = False
50.1869 	EXP 	testChoice: color = 'green (named)'
50.2036 	EXP 	choiceQ: autoDraw = False
50.2036 	EXP 	testChoice: autoDraw = False
50.2036 	EXP 	videogameChoice: autoDraw = False
50.2036 	EXP 	gre: autoDraw = False
50.2036 	EXP 	gmat: autoDraw = False
50.2036 	EXP 	lsat: autoDraw = False
50.2036 	EXP 	mcat: autoDraw = False
50.2036 	EXP 	game: autoDraw = False
50.2036 	EXP 	testChoice: color = 'green (named)'
50.2036 	EXP 	choiceQ: autoDraw = False
50.2036 	EXP 	testChoice: autoDraw = False
50.2036 	EXP 	videogameChoice: autoDraw = False
50.2036 	EXP 	gre: autoDraw = False
50.2036 	EXP 	gmat: autoDraw = False
50.2036 	EXP 	lsat: autoDraw = False
50.2036 	EXP 	mcat: autoDraw = False
50.2036 	EXP 	game: autoDraw = False
50.2036 	EXP 	blank: autoDraw = False
50.2036 	EXP 	videogameChoice: color = 'white (named)'
50.2036 	EXP 	testChoice: color = 'white (named)'
50.2036 	EXP 	choiceQ: autoDraw = False
50.2036 	EXP 	testChoice: autoDraw = False
50.2036 	EXP 	videogameChoice: autoDraw = False
50.2036 	EXP 	gre: autoDraw = False
50.2036 	EXP 	gmat: autoDraw = False
50.2036 	EXP 	lsat: autoDraw = False
50.2036 	EXP 	mcat: autoDraw = False
50.2036 	EXP 	testQChoice: autoDraw = True
50.2036 	EXP 	image: autoDraw = True
50.2036 	EXP 	image_2: autoDraw = True
50.2036 	EXP 	image_3: autoDraw = True
50.2036 	EXP 	image_4: autoDraw = True
56.5155 	DATA 	Keypress: up
57.1327 	DATA 	Keypress: down
57.5663 	DATA 	Keypress: down
57.8499 	DATA 	Keypress: down
58.1491 	DATA 	Keypress: up
58.3500 	DATA 	Keypress: up
58.5509 	DATA 	Keypress: up
58.9674 	DATA 	Keypress: return
58.9775 	EXP 	testQChoice: autoDraw = False
58.9775 	EXP 	image: autoDraw = False
58.9775 	EXP 	image_2: autoDraw = False
58.9775 	EXP 	image_3: autoDraw = False
58.9775 	EXP 	image_4: autoDraw = False
58.9978 	EXP 	window1: mouseVisible = True
