4.0096 	WARNING 	User requested fullscreen with size [1024  768], but screen is actually [1920, 1200]. Using actual size
4.7626 	EXP 	Created window1 = Window(allowGUI=False, allowStencil=False, args=UNKNOWN, autoLog=True, bitsMode=UNKNOWN, blendMode='avg', color=array([0., 0., 0.]), colorSpace='rgb', fullscr=<method-wrapper '__getattribute__' of attributeSetter object at 0x000001BED843BF28>, gamma=None, gammaErrorPolicy='raise', kwargs=UNKNOWN, lms=UNKNOWN, monitor=<psychopy.monitors.calibTools.Monitor object at 0x000001BED82F1C18>, multiSample=False, name='window1', numSamples=2, pos=[0.0, 0.0], screen=0, size=array([1920, 1200]), stereo=False, units='height', useFBO=True, useRetina=False, viewOri=0.0, viewPos=None, viewScale=None, waitBlanking=True, winType='pyglet')
4.7626 	EXP 	window1: recordFrameIntervals = False
4.9286 	EXP 	window1: recordFrameIntervals = True
5.1122 	EXP 	window1: recordFrameIntervals = False
5.3124 	EXP 	Created instruct = TextStim(__class__=<class 'psychopy.visual.text.TextStim'>, alignHoriz='center', alignVert='center', antialias=True, autoLog=True, bold=False, color='white', colorSpace='named', contrast=1.0, depth=0.0, flipHoriz=False, flipVert=False, font='Arial', fontFiles=[], height=0.05, italic=False, languageStyle='LTR', name='instruct', opacity=1.0, ori=0, pos=array([0., 0.]), rgb=array([255., 255., 255.]), text=str(...), units='height', win=Window(...), wrapWidth=1.4)
5.3314 	EXP 	Created regCue = TextStim(__class__=<class 'psychopy.visual.text.TextStim'>, alignHoriz='center', alignVert='center', antialias=True, autoLog=True, bold=False, color='white', colorSpace='named', contrast=1.0, depth=0.0, flipHoriz=False, flipVert=False, font='Arial', fontFiles=[], height=0.1, italic=False, languageStyle='LTR', name='regCue', opacity=1.0, ori=0, pos=array([0., 0.]), rgb=array([255., 255., 255.]), text='REGULATE', units='height', win=Window(...), wrapWidth=1)
5.3476 	EXP 	Created choiceQ = TextStim(__class__=<class 'psychopy.visual.text.TextStim'>, alignHoriz='center', alignVert='center', antialias=True, autoLog=True, bold=False, color='white', colorSpace='named', contrast=1.0, depth=0.0, flipHoriz=False, flipVert=False, font='Arial', fontFiles=[], height=0.05, italic=False, languageStyle='LTR', name='choiceQ', opacity=1.0, ori=0, pos=array([0.  , 0.35]), rgb=array([255., 255., 255.]), text=str(...), units='height', win=Window(...), wrapWidth=1.4)
5.3621 	EXP 	Created testChoice = TextStim(__class__=<class 'psychopy.visual.text.TextStim'>, alignHoriz='center', alignVert='center', antialias=True, autoLog=True, bold=False, color='white', colorSpace='named', contrast=1.0, depth=-2.0, flipHoriz=False, flipVert=False, font='Arial', fontFiles=[], height=0.04, italic=False, languageStyle='LTR', name='testChoice', opacity=1.0, ori=0, pos=array([-0.41,  0.15]), rgb=array([255., 255., 255.]), text='Practice Standardized Test Questions', units='height', win=Window(...), wrapWidth=1)
5.3683 	EXP 	Created videogameChoice = TextStim(__class__=<class 'psychopy.visual.text.TextStim'>, alignHoriz='center', alignVert='center', antialias=True, autoLog=True, bold=False, color='white', colorSpace='named', contrast=1.0, depth=-3.0, flipHoriz=False, flipVert=False, font='Arial', fontFiles=[], height=0.04, italic=False, languageStyle='LTR', name='videogameChoice', opacity=1.0, ori=0, pos=array([0.41, 0.15]), rgb=array([255., 255., 255.]), text='Play a Videogame', units='height', win=Window(...), wrapWidth=1)
5.3729 	EXP 	Created gre = ImageStim(__class__=<class 'psychopy.visual.image.ImageStim'>, autoLog=True, color=array([1., 1., 1.]), colorSpace='rgb', contrast=1.0, depth=-4.0, flipHoriz=False, flipVert=False, image='gre.png', interpolate=True, mask=None, maskParams=None, name='gre', opacity=1.0, ori=0.0, pos=array([-0.41,  0.02]), size=array([0.3  , 0.105]), texRes=128, units='height', win=Window(...))
5.3761 	EXP 	Created gmat = ImageStim(__class__=<class 'psychopy.visual.image.ImageStim'>, autoLog=True, color=array([1., 1., 1.]), colorSpace='rgb', contrast=1.0, depth=-5.0, flipHoriz=False, flipVert=False, image='gmat.png', interpolate=True, mask=None, maskParams=None, name='gmat', opacity=1.0, ori=0.0, pos=array([-0.41, -0.13]), size=array([0.3 , 0.11]), texRes=128, units='height', win=Window(...))
5.3783 	EXP 	Created lsat = ImageStim(__class__=<class 'psychopy.visual.image.ImageStim'>, autoLog=True, color=array([1., 1., 1.]), colorSpace='rgb', contrast=1.0, depth=-6.0, flipHoriz=False, flipVert=False, image='lsat.png', interpolate=True, mask=None, maskParams=None, name='lsat', opacity=1.0, ori=0.0, pos=array([-0.41, -0.27]), size=array([0.3 , 0.11]), texRes=128, units='height', win=Window(...))
5.3820 	EXP 	Created mcat = ImageStim(__class__=<class 'psychopy.visual.image.ImageStim'>, autoLog=True, color=array([1., 1., 1.]), colorSpace='rgb', contrast=1.0, depth=-7.0, flipHoriz=False, flipVert=False, image='mcat.png', interpolate=True, mask=None, maskParams=None, name='mcat', opacity=1.0, ori=0.0, pos=array([-0.41, -0.41]), size=array([0.3 , 0.11]), texRes=128, units='height', win=Window(...))
5.3950 	EXP 	Created game = ImageStim(__class__=<class 'psychopy.visual.image.ImageStim'>, autoLog=True, color=array([1., 1., 1.]), colorSpace='rgb', contrast=1.0, depth=-8.0, flipHoriz=False, flipVert=False, image='game.png', interpolate=True, mask=None, maskParams=None, name='game', opacity=1.0, ori=0.0, pos=array([ 0.41, -0.19]), size=array([0.4, 0.5]), texRes=128, units='height', win=Window(...))
5.3955 	EXP 	Created blank = TextStim(__class__=<class 'psychopy.visual.text.TextStim'>, alignHoriz='center', alignVert='center', antialias=True, autoLog=True, bold=False, color='white', colorSpace='named', contrast=1.0, depth=-9.0, flipHoriz=False, flipVert=False, font='Arial', fontFiles=[], height=0.1, italic=False, languageStyle='LTR', name='blank', opacity=1.0, ori=0, pos=array([0., 0.]), rgb=array([255., 255., 255.]), text='', units='height', win=Window(...), wrapWidth=1)
5.4269 	EXP 	Created testQChoice = TextStim(__class__=<class 'psychopy.visual.text.TextStim'>, alignHoriz='center', alignVert='center', antialias=True, autoLog=True, bold=False, color='white', colorSpace='named', contrast=1.0, depth=0.0, flipHoriz=False, flipVert=False, font='Arial', fontFiles=[], height=0.055, italic=False, languageStyle='LTR', name='testQChoice', opacity=1.0, ori=0, pos=array([0.  , 0.35]), rgb=array([255., 255., 255.]), text=str(...), units='height', win=Window(...), wrapWidth=1.3)
5.4306 	EXP 	Created image = ImageStim(__class__=<class 'psychopy.visual.image.ImageStim'>, autoLog=True, color=array([1., 1., 1.]), colorSpace='rgb', contrast=1.0, depth=-1.0, flipHoriz=False, flipVert=False, image='gre.png', interpolate=True, mask=None, maskParams=None, name='image', opacity=1.0, ori=0.0, pos=array([0.   , 0.105]), size=array([0.3 , 0.11]), texRes=128, units='height', win=Window(...))
5.4332 	EXP 	Created image_2 = ImageStim(__class__=<class 'psychopy.visual.image.ImageStim'>, autoLog=True, color=array([1., 1., 1.]), colorSpace='rgb', contrast=1.0, depth=-2.0, flipHoriz=False, flipVert=False, image='gmat.png', interpolate=True, mask=None, maskParams=None, name='image_2', opacity=1.0, ori=0.0, pos=array([ 0.  , -0.05]), size=array([0.3 , 0.11]), texRes=128, units='height', win=Window(...))
5.4359 	EXP 	Created image_3 = ImageStim(__class__=<class 'psychopy.visual.image.ImageStim'>, autoLog=True, color=array([1., 1., 1.]), colorSpace='rgb', contrast=1.0, depth=-3.0, flipHoriz=False, flipVert=False, image='lsat.png', interpolate=True, mask=None, maskParams=None, name='image_3', opacity=1.0, ori=0.0, pos=array([ 0. , -0.2]), size=array([0.3 , 0.11]), texRes=128, units='height', win=Window(...))
5.4388 	EXP 	Created image_4 = ImageStim(__class__=<class 'psychopy.visual.image.ImageStim'>, autoLog=True, color=array([1., 1., 1.]), colorSpace='rgb', contrast=1.0, depth=-4.0, flipHoriz=False, flipVert=False, image='mcat.png', interpolate=True, mask=None, maskParams=None, name='image_4', opacity=1.0, ori=0.0, pos=array([ 0.  , -0.35]), size=array([0.3 , 0.11]), texRes=128, units='height', win=Window(...))
5.4407 	EXP 	Created polygon = Rect(__class__=<class 'psychopy.visual.rect.Rect'>, autoDraw=False, autoLog=True, closeShape=True, color=method-wrapper(...), colorSpace=None, contrast=1.0, depth=-7.0, fillColor=None, fillColorSpace='rgb', fillRGB=None, interpolate=True, lineColor=array([-1., -1., -1.]), lineColorSpace='rgb', lineRGB=array([-1., -1., -1.]), lineWidth=1, name='polygon', opacity=1.0, ori=array(0.), pos=array([0., 0.]), size=array([1., 1.]), units='height', vertices=ndarray(...), win=Window(...))
5.4701 	EXP 	instruct: autoDraw = True
6.5381 	DATA 	Keypress: space
6.5468 	EXP 	instruct: autoDraw = False
6.5468 	EXP 	regCue: autoDraw = True
9.5658 	EXP 	regCue: autoDraw = False
9.5658 	EXP 	regCue: autoDraw = False
9.5658 	EXP 	choiceQ: autoDraw = True
9.5658 	EXP 	testChoice: autoDraw = True
9.5658 	EXP 	videogameChoice: autoDraw = True
9.5658 	EXP 	gre: autoDraw = True
9.5658 	EXP 	gmat: autoDraw = True
9.5658 	EXP 	lsat: autoDraw = True
9.5658 	EXP 	mcat: autoDraw = True
9.5658 	EXP 	game: autoDraw = True
9.9540 	DATA 	Keypress: 2
9.9830 	EXP 	blank: autoDraw = True
9.9830 	EXP 	videogameChoice: color = 'green (named)'
9.9995 	EXP 	blank: autoDraw = True
9.9995 	EXP 	videogameChoice: color = 'green (named)'
10.0162 	EXP 	blank: autoDraw = True
10.0162 	EXP 	videogameChoice: color = 'green (named)'
10.0330 	EXP 	blank: autoDraw = True
10.0330 	EXP 	videogameChoice: color = 'green (named)'
10.0496 	EXP 	blank: autoDraw = True
10.0496 	EXP 	videogameChoice: color = 'green (named)'
10.0663 	EXP 	blank: autoDraw = True
10.0663 	EXP 	videogameChoice: color = 'green (named)'
10.0831 	EXP 	blank: autoDraw = True
10.0831 	EXP 	videogameChoice: color = 'green (named)'
10.0996 	EXP 	blank: autoDraw = True
10.0996 	EXP 	videogameChoice: color = 'green (named)'
10.1162 	EXP 	blank: autoDraw = True
10.1162 	EXP 	videogameChoice: color = 'green (named)'
10.1331 	EXP 	blank: autoDraw = True
10.1331 	EXP 	videogameChoice: color = 'green (named)'
10.1496 	EXP 	blank: autoDraw = True
10.1496 	EXP 	videogameChoice: color = 'green (named)'
10.1664 	EXP 	blank: autoDraw = True
10.1664 	EXP 	videogameChoice: color = 'green (named)'
10.1831 	EXP 	blank: autoDraw = True
10.1831 	EXP 	videogameChoice: color = 'green (named)'
10.1998 	EXP 	blank: autoDraw = True
10.1998 	EXP 	videogameChoice: color = 'green (named)'
10.2165 	EXP 	blank: autoDraw = True
10.2165 	EXP 	videogameChoice: color = 'green (named)'
10.2332 	EXP 	blank: autoDraw = True
10.2332 	EXP 	videogameChoice: color = 'green (named)'
10.2497 	EXP 	blank: autoDraw = True
10.2497 	EXP 	videogameChoice: color = 'green (named)'
10.2664 	EXP 	blank: autoDraw = True
10.2664 	EXP 	videogameChoice: color = 'green (named)'
10.2832 	EXP 	blank: autoDraw = True
10.2832 	EXP 	videogameChoice: color = 'green (named)'
10.2997 	EXP 	blank: autoDraw = True
10.2997 	EXP 	videogameChoice: color = 'green (named)'
10.3164 	EXP 	blank: autoDraw = True
10.3164 	EXP 	videogameChoice: color = 'green (named)'
10.3333 	EXP 	blank: autoDraw = True
10.3333 	EXP 	videogameChoice: color = 'green (named)'
10.3498 	EXP 	blank: autoDraw = True
10.3498 	EXP 	videogameChoice: color = 'green (named)'
10.3666 	EXP 	blank: autoDraw = True
10.3666 	EXP 	videogameChoice: color = 'green (named)'
10.3832 	EXP 	blank: autoDraw = True
10.3832 	EXP 	videogameChoice: color = 'green (named)'
10.4000 	EXP 	blank: autoDraw = True
10.4000 	EXP 	videogameChoice: color = 'green (named)'
10.4166 	EXP 	blank: autoDraw = True
10.4166 	EXP 	videogameChoice: color = 'green (named)'
10.4334 	EXP 	blank: autoDraw = True
10.4334 	EXP 	videogameChoice: color = 'green (named)'
10.4499 	EXP 	blank: autoDraw = True
10.4499 	EXP 	videogameChoice: color = 'green (named)'
10.4666 	EXP 	blank: autoDraw = True
10.4666 	EXP 	videogameChoice: color = 'green (named)'
10.4833 	EXP 	blank: autoDraw = True
10.4833 	EXP 	videogameChoice: color = 'green (named)'
10.4999 	EXP 	blank: autoDraw = True
10.4999 	EXP 	videogameChoice: color = 'green (named)'
10.5167 	EXP 	blank: autoDraw = True
10.5167 	EXP 	videogameChoice: color = 'green (named)'
10.5333 	EXP 	blank: autoDraw = True
10.5333 	EXP 	videogameChoice: color = 'green (named)'
10.5500 	EXP 	blank: autoDraw = True
10.5500 	EXP 	videogameChoice: color = 'green (named)'
10.5667 	EXP 	blank: autoDraw = True
10.5667 	EXP 	videogameChoice: color = 'green (named)'
10.5834 	EXP 	blank: autoDraw = True
10.5834 	EXP 	videogameChoice: color = 'green (named)'
10.6000 	EXP 	blank: autoDraw = True
10.6000 	EXP 	videogameChoice: color = 'green (named)'
10.6168 	EXP 	blank: autoDraw = True
10.6168 	EXP 	videogameChoice: color = 'green (named)'
10.6334 	EXP 	blank: autoDraw = True
10.6334 	EXP 	videogameChoice: color = 'green (named)'
10.6500 	EXP 	blank: autoDraw = True
10.6500 	EXP 	videogameChoice: color = 'green (named)'
10.6667 	EXP 	blank: autoDraw = True
10.6667 	EXP 	videogameChoice: color = 'green (named)'
10.6834 	EXP 	blank: autoDraw = True
10.6834 	EXP 	videogameChoice: color = 'green (named)'
10.7001 	EXP 	blank: autoDraw = True
10.7001 	EXP 	videogameChoice: color = 'green (named)'
10.7168 	EXP 	blank: autoDraw = True
10.7168 	EXP 	videogameChoice: color = 'green (named)'
10.7335 	EXP 	blank: autoDraw = True
10.7335 	EXP 	videogameChoice: color = 'green (named)'
10.7501 	EXP 	blank: autoDraw = True
10.7501 	EXP 	videogameChoice: color = 'green (named)'
10.7669 	EXP 	blank: autoDraw = True
10.7669 	EXP 	videogameChoice: color = 'green (named)'
10.7835 	EXP 	blank: autoDraw = True
10.7835 	EXP 	videogameChoice: color = 'green (named)'
10.8003 	EXP 	blank: autoDraw = True
10.8003 	EXP 	videogameChoice: color = 'green (named)'
10.8169 	EXP 	blank: autoDraw = True
10.8169 	EXP 	videogameChoice: color = 'green (named)'
10.8337 	EXP 	blank: autoDraw = True
10.8337 	EXP 	videogameChoice: color = 'green (named)'
10.8503 	EXP 	blank: autoDraw = True
10.8503 	EXP 	videogameChoice: color = 'green (named)'
10.8670 	EXP 	blank: autoDraw = True
10.8670 	EXP 	videogameChoice: color = 'green (named)'
10.8837 	EXP 	blank: autoDraw = True
10.8837 	EXP 	videogameChoice: color = 'green (named)'
10.9003 	EXP 	blank: autoDraw = True
10.9003 	EXP 	videogameChoice: color = 'green (named)'
10.9169 	EXP 	blank: autoDraw = True
10.9169 	EXP 	videogameChoice: color = 'green (named)'
10.9338 	EXP 	blank: autoDraw = True
10.9338 	EXP 	videogameChoice: color = 'green (named)'
10.9504 	EXP 	blank: autoDraw = True
10.9504 	EXP 	videogameChoice: color = 'green (named)'
10.9671 	EXP 	blank: autoDraw = True
10.9671 	EXP 	videogameChoice: color = 'green (named)'
10.9840 	EXP 	blank: autoDraw = True
10.9840 	EXP 	videogameChoice: color = 'green (named)'
11.0004 	EXP 	blank: autoDraw = True
11.0004 	EXP 	videogameChoice: color = 'green (named)'
11.0170 	EXP 	blank: autoDraw = True
11.0170 	EXP 	videogameChoice: color = 'green (named)'
11.0338 	EXP 	blank: autoDraw = True
11.0338 	EXP 	videogameChoice: color = 'green (named)'
11.0505 	EXP 	blank: autoDraw = True
11.0505 	EXP 	videogameChoice: color = 'green (named)'
11.0672 	EXP 	blank: autoDraw = True
11.0672 	EXP 	videogameChoice: color = 'green (named)'
11.0839 	EXP 	blank: autoDraw = True
11.0839 	EXP 	videogameChoice: color = 'green (named)'
11.1007 	EXP 	blank: autoDraw = True
11.1007 	EXP 	videogameChoice: color = 'green (named)'
11.1171 	EXP 	blank: autoDraw = True
11.1171 	EXP 	videogameChoice: color = 'green (named)'
11.1339 	EXP 	blank: autoDraw = True
11.1339 	EXP 	videogameChoice: color = 'green (named)'
11.1505 	EXP 	blank: autoDraw = True
11.1505 	EXP 	videogameChoice: color = 'green (named)'
11.1672 	EXP 	blank: autoDraw = True
11.1672 	EXP 	videogameChoice: color = 'green (named)'
11.1842 	EXP 	blank: autoDraw = True
11.1842 	EXP 	videogameChoice: color = 'green (named)'
11.2005 	EXP 	blank: autoDraw = True
11.2005 	EXP 	videogameChoice: color = 'green (named)'
11.2173 	EXP 	blank: autoDraw = True
11.2173 	EXP 	videogameChoice: color = 'green (named)'
11.2340 	EXP 	blank: autoDraw = True
11.2340 	EXP 	videogameChoice: color = 'green (named)'
11.2506 	EXP 	blank: autoDraw = True
11.2506 	EXP 	videogameChoice: color = 'green (named)'
11.2672 	EXP 	blank: autoDraw = True
11.2672 	EXP 	videogameChoice: color = 'green (named)'
11.2840 	EXP 	blank: autoDraw = True
11.2840 	EXP 	videogameChoice: color = 'green (named)'
11.3007 	EXP 	blank: autoDraw = True
11.3007 	EXP 	videogameChoice: color = 'green (named)'
11.3172 	EXP 	blank: autoDraw = True
11.3172 	EXP 	videogameChoice: color = 'green (named)'
11.3343 	EXP 	blank: autoDraw = True
11.3343 	EXP 	videogameChoice: color = 'green (named)'
11.3508 	EXP 	blank: autoDraw = True
11.3508 	EXP 	videogameChoice: color = 'green (named)'
11.3674 	EXP 	blank: autoDraw = True
11.3674 	EXP 	videogameChoice: color = 'green (named)'
11.3842 	EXP 	blank: autoDraw = True
11.3842 	EXP 	videogameChoice: color = 'green (named)'
11.4008 	EXP 	blank: autoDraw = True
11.4008 	EXP 	videogameChoice: color = 'green (named)'
11.4175 	EXP 	blank: autoDraw = True
11.4175 	EXP 	videogameChoice: color = 'green (named)'
11.4342 	EXP 	blank: autoDraw = True
11.4342 	EXP 	videogameChoice: color = 'green (named)'
11.4507 	EXP 	blank: autoDraw = True
11.4507 	EXP 	videogameChoice: color = 'green (named)'
11.4674 	EXP 	blank: autoDraw = True
11.4674 	EXP 	videogameChoice: color = 'green (named)'
11.4841 	EXP 	blank: autoDraw = True
11.4841 	EXP 	videogameChoice: color = 'green (named)'
11.5009 	EXP 	blank: autoDraw = True
11.5009 	EXP 	videogameChoice: color = 'green (named)'
11.5175 	EXP 	blank: autoDraw = True
11.5175 	EXP 	videogameChoice: color = 'green (named)'
11.5342 	EXP 	blank: autoDraw = True
11.5342 	EXP 	videogameChoice: color = 'green (named)'
11.5509 	EXP 	blank: autoDraw = True
11.5509 	EXP 	videogameChoice: color = 'green (named)'
11.5675 	EXP 	blank: autoDraw = True
11.5675 	EXP 	videogameChoice: color = 'green (named)'
11.5842 	EXP 	blank: autoDraw = True
11.5842 	EXP 	videogameChoice: color = 'green (named)'
11.6009 	EXP 	blank: autoDraw = True
11.6009 	EXP 	videogameChoice: color = 'green (named)'
11.6176 	EXP 	blank: autoDraw = True
11.6176 	EXP 	videogameChoice: color = 'green (named)'
11.6343 	EXP 	blank: autoDraw = True
11.6343 	EXP 	videogameChoice: color = 'green (named)'
11.6508 	EXP 	blank: autoDraw = True
11.6508 	EXP 	videogameChoice: color = 'green (named)'
11.6676 	EXP 	blank: autoDraw = True
11.6676 	EXP 	videogameChoice: color = 'green (named)'
11.6843 	EXP 	blank: autoDraw = True
11.6843 	EXP 	videogameChoice: color = 'green (named)'
11.7010 	EXP 	blank: autoDraw = True
11.7010 	EXP 	videogameChoice: color = 'green (named)'
11.7177 	EXP 	blank: autoDraw = True
11.7177 	EXP 	videogameChoice: color = 'green (named)'
11.7343 	EXP 	blank: autoDraw = True
11.7343 	EXP 	videogameChoice: color = 'green (named)'
11.7509 	EXP 	blank: autoDraw = True
11.7509 	EXP 	videogameChoice: color = 'green (named)'
11.7677 	EXP 	blank: autoDraw = True
11.7677 	EXP 	videogameChoice: color = 'green (named)'
11.7844 	EXP 	blank: autoDraw = True
11.7844 	EXP 	videogameChoice: color = 'green (named)'
11.8011 	EXP 	blank: autoDraw = True
11.8011 	EXP 	videogameChoice: color = 'green (named)'
11.8177 	EXP 	blank: autoDraw = True
11.8177 	EXP 	videogameChoice: color = 'green (named)'
11.8345 	EXP 	blank: autoDraw = True
11.8345 	EXP 	videogameChoice: color = 'green (named)'
11.8511 	EXP 	blank: autoDraw = True
11.8511 	EXP 	videogameChoice: color = 'green (named)'
11.8678 	EXP 	blank: autoDraw = True
11.8678 	EXP 	videogameChoice: color = 'green (named)'
11.8845 	EXP 	blank: autoDraw = True
11.8845 	EXP 	videogameChoice: color = 'green (named)'
11.9013 	EXP 	blank: autoDraw = True
11.9013 	EXP 	videogameChoice: color = 'green (named)'
11.9179 	EXP 	blank: autoDraw = True
11.9179 	EXP 	videogameChoice: color = 'green (named)'
11.9343 	EXP 	blank: autoDraw = True
11.9343 	EXP 	videogameChoice: color = 'green (named)'
11.9510 	EXP 	blank: autoDraw = True
11.9510 	EXP 	videogameChoice: color = 'green (named)'
11.9679 	EXP 	blank: autoDraw = True
11.9679 	EXP 	videogameChoice: color = 'green (named)'
11.9847 	EXP 	blank: autoDraw = True
11.9847 	EXP 	videogameChoice: color = 'green (named)'
12.0013 	EXP 	blank: autoDraw = True
12.0013 	EXP 	videogameChoice: color = 'green (named)'
12.0180 	EXP 	blank: autoDraw = True
12.0180 	EXP 	videogameChoice: color = 'green (named)'
12.0346 	EXP 	blank: autoDraw = True
12.0346 	EXP 	videogameChoice: color = 'green (named)'
12.0513 	EXP 	blank: autoDraw = True
12.0513 	EXP 	videogameChoice: color = 'green (named)'
12.0680 	EXP 	blank: autoDraw = True
12.0680 	EXP 	videogameChoice: color = 'green (named)'
12.0846 	EXP 	blank: autoDraw = True
12.0846 	EXP 	videogameChoice: color = 'green (named)'
12.1014 	EXP 	blank: autoDraw = True
12.1014 	EXP 	videogameChoice: color = 'green (named)'
12.1180 	EXP 	blank: autoDraw = True
12.1180 	EXP 	videogameChoice: color = 'green (named)'
12.1347 	EXP 	blank: autoDraw = True
12.1347 	EXP 	videogameChoice: color = 'green (named)'
12.1513 	EXP 	blank: autoDraw = True
12.1513 	EXP 	videogameChoice: color = 'green (named)'
12.1680 	EXP 	blank: autoDraw = True
12.1680 	EXP 	videogameChoice: color = 'green (named)'
12.1848 	EXP 	blank: autoDraw = True
12.1848 	EXP 	videogameChoice: color = 'green (named)'
12.2018 	EXP 	blank: autoDraw = True
12.2018 	EXP 	videogameChoice: color = 'green (named)'
12.2182 	EXP 	blank: autoDraw = True
12.2182 	EXP 	videogameChoice: color = 'green (named)'
12.2347 	EXP 	blank: autoDraw = True
12.2347 	EXP 	videogameChoice: color = 'green (named)'
12.2516 	EXP 	blank: autoDraw = True
12.2516 	EXP 	videogameChoice: color = 'green (named)'
12.2681 	EXP 	blank: autoDraw = True
12.2681 	EXP 	videogameChoice: color = 'green (named)'
12.2848 	EXP 	blank: autoDraw = True
12.2848 	EXP 	videogameChoice: color = 'green (named)'
12.3015 	EXP 	blank: autoDraw = True
12.3015 	EXP 	videogameChoice: color = 'green (named)'
12.3181 	EXP 	blank: autoDraw = True
12.3181 	EXP 	videogameChoice: color = 'green (named)'
12.3349 	EXP 	blank: autoDraw = True
12.3349 	EXP 	videogameChoice: color = 'green (named)'
12.3516 	EXP 	blank: autoDraw = True
12.3516 	EXP 	videogameChoice: color = 'green (named)'
12.3682 	EXP 	blank: autoDraw = True
12.3682 	EXP 	videogameChoice: color = 'green (named)'
12.3849 	EXP 	blank: autoDraw = True
12.3849 	EXP 	videogameChoice: color = 'green (named)'
12.4017 	EXP 	blank: autoDraw = True
12.4017 	EXP 	videogameChoice: color = 'green (named)'
12.4183 	EXP 	blank: autoDraw = True
12.4183 	EXP 	videogameChoice: color = 'green (named)'
12.4351 	EXP 	blank: autoDraw = True
12.4351 	EXP 	videogameChoice: color = 'green (named)'
12.4517 	EXP 	blank: autoDraw = True
12.4517 	EXP 	videogameChoice: color = 'green (named)'
12.4684 	EXP 	blank: autoDraw = True
12.4684 	EXP 	videogameChoice: color = 'green (named)'
12.4850 	EXP 	blank: autoDraw = True
12.4850 	EXP 	videogameChoice: color = 'green (named)'
12.5018 	EXP 	blank: autoDraw = True
12.5018 	EXP 	videogameChoice: color = 'green (named)'
12.5184 	EXP 	blank: autoDraw = True
12.5184 	EXP 	videogameChoice: color = 'green (named)'
12.5351 	EXP 	blank: autoDraw = True
12.5351 	EXP 	videogameChoice: color = 'green (named)'
12.5518 	EXP 	blank: autoDraw = True
12.5518 	EXP 	videogameChoice: color = 'green (named)'
12.5685 	EXP 	blank: autoDraw = True
12.5685 	EXP 	videogameChoice: color = 'green (named)'
12.5851 	EXP 	blank: autoDraw = True
12.5851 	EXP 	videogameChoice: color = 'green (named)'
12.6018 	EXP 	blank: autoDraw = True
12.6018 	EXP 	videogameChoice: color = 'green (named)'
12.6184 	EXP 	blank: autoDraw = True
12.6184 	EXP 	videogameChoice: color = 'green (named)'
12.6352 	EXP 	blank: autoDraw = True
12.6352 	EXP 	videogameChoice: color = 'green (named)'
12.6516 	EXP 	blank: autoDraw = True
12.6516 	EXP 	videogameChoice: color = 'green (named)'
12.6684 	EXP 	blank: autoDraw = True
12.6684 	EXP 	videogameChoice: color = 'green (named)'
12.6851 	EXP 	blank: autoDraw = True
12.6851 	EXP 	videogameChoice: color = 'green (named)'
12.7019 	EXP 	blank: autoDraw = True
12.7019 	EXP 	videogameChoice: color = 'green (named)'
12.7185 	EXP 	blank: autoDraw = True
12.7185 	EXP 	videogameChoice: color = 'green (named)'
12.7352 	EXP 	blank: autoDraw = True
12.7352 	EXP 	videogameChoice: color = 'green (named)'
12.7519 	EXP 	blank: autoDraw = True
12.7519 	EXP 	videogameChoice: color = 'green (named)'
12.7685 	EXP 	blank: autoDraw = True
12.7685 	EXP 	videogameChoice: color = 'green (named)'
12.7852 	EXP 	blank: autoDraw = True
12.7852 	EXP 	videogameChoice: color = 'green (named)'
12.8019 	EXP 	blank: autoDraw = True
12.8019 	EXP 	videogameChoice: color = 'green (named)'
12.8186 	EXP 	blank: autoDraw = True
12.8186 	EXP 	videogameChoice: color = 'green (named)'
12.8353 	EXP 	blank: autoDraw = True
12.8353 	EXP 	videogameChoice: color = 'green (named)'
12.8520 	EXP 	blank: autoDraw = True
12.8520 	EXP 	videogameChoice: color = 'green (named)'
12.8687 	EXP 	blank: autoDraw = True
12.8687 	EXP 	videogameChoice: color = 'green (named)'
12.8853 	EXP 	blank: autoDraw = True
12.8853 	EXP 	videogameChoice: color = 'green (named)'
12.9020 	EXP 	blank: autoDraw = True
12.9020 	EXP 	videogameChoice: color = 'green (named)'
12.9186 	EXP 	blank: autoDraw = True
12.9186 	EXP 	videogameChoice: color = 'green (named)'
12.9353 	EXP 	blank: autoDraw = True
12.9353 	EXP 	videogameChoice: color = 'green (named)'
12.9522 	EXP 	blank: autoDraw = True
12.9522 	EXP 	videogameChoice: color = 'green (named)'
12.9687 	EXP 	blank: autoDraw = True
12.9687 	EXP 	videogameChoice: color = 'green (named)'
12.9856 	EXP 	blank: autoDraw = True
12.9856 	EXP 	videogameChoice: color = 'green (named)'
13.0022 	EXP 	blank: autoDraw = True
13.0022 	EXP 	videogameChoice: color = 'green (named)'
13.0188 	EXP 	blank: autoDraw = True
13.0188 	EXP 	videogameChoice: color = 'green (named)'
13.0355 	EXP 	blank: autoDraw = True
13.0355 	EXP 	videogameChoice: color = 'green (named)'
13.0521 	EXP 	blank: autoDraw = True
13.0521 	EXP 	videogameChoice: color = 'green (named)'
13.0688 	EXP 	blank: autoDraw = True
13.0688 	EXP 	videogameChoice: color = 'green (named)'
13.0856 	EXP 	blank: autoDraw = True
13.0856 	EXP 	videogameChoice: color = 'green (named)'
13.1022 	EXP 	blank: autoDraw = True
13.1022 	EXP 	videogameChoice: color = 'green (named)'
13.1188 	EXP 	blank: autoDraw = True
13.1188 	EXP 	videogameChoice: color = 'green (named)'
13.1355 	EXP 	blank: autoDraw = True
13.1355 	EXP 	videogameChoice: color = 'green (named)'
13.1521 	EXP 	blank: autoDraw = True
13.1521 	EXP 	videogameChoice: color = 'green (named)'
13.1689 	EXP 	blank: autoDraw = True
13.1689 	EXP 	videogameChoice: color = 'green (named)'
13.1856 	EXP 	blank: autoDraw = True
13.1856 	EXP 	videogameChoice: color = 'green (named)'
13.2024 	EXP 	blank: autoDraw = True
13.2024 	EXP 	videogameChoice: color = 'green (named)'
13.2189 	EXP 	blank: autoDraw = True
13.2189 	EXP 	videogameChoice: color = 'green (named)'
13.2356 	EXP 	blank: autoDraw = True
13.2356 	EXP 	videogameChoice: color = 'green (named)'
13.2523 	EXP 	blank: autoDraw = True
13.2523 	EXP 	videogameChoice: color = 'green (named)'
13.2689 	EXP 	blank: autoDraw = True
13.2689 	EXP 	videogameChoice: color = 'green (named)'
13.2857 	EXP 	blank: autoDraw = True
13.2857 	EXP 	videogameChoice: color = 'green (named)'
13.3024 	EXP 	blank: autoDraw = True
13.3024 	EXP 	videogameChoice: color = 'green (named)'
13.3190 	EXP 	blank: autoDraw = True
13.3190 	EXP 	videogameChoice: color = 'green (named)'
13.3357 	EXP 	blank: autoDraw = True
13.3357 	EXP 	videogameChoice: color = 'green (named)'
13.3523 	EXP 	blank: autoDraw = True
13.3523 	EXP 	videogameChoice: color = 'green (named)'
13.3692 	EXP 	blank: autoDraw = True
13.3692 	EXP 	videogameChoice: color = 'green (named)'
13.3859 	EXP 	blank: autoDraw = True
13.3859 	EXP 	videogameChoice: color = 'green (named)'
13.4024 	EXP 	blank: autoDraw = True
13.4024 	EXP 	videogameChoice: color = 'green (named)'
13.4190 	EXP 	blank: autoDraw = True
13.4190 	EXP 	videogameChoice: color = 'green (named)'
13.4359 	EXP 	blank: autoDraw = True
13.4359 	EXP 	videogameChoice: color = 'green (named)'
13.4523 	EXP 	blank: autoDraw = True
13.4523 	EXP 	videogameChoice: color = 'green (named)'
13.4692 	EXP 	blank: autoDraw = True
13.4692 	EXP 	videogameChoice: color = 'green (named)'
13.4859 	EXP 	blank: autoDraw = True
13.4859 	EXP 	videogameChoice: color = 'green (named)'
13.5025 	EXP 	blank: autoDraw = True
13.5025 	EXP 	videogameChoice: color = 'green (named)'
13.5192 	EXP 	blank: autoDraw = True
13.5192 	EXP 	videogameChoice: color = 'green (named)'
13.5359 	EXP 	blank: autoDraw = True
13.5359 	EXP 	videogameChoice: color = 'green (named)'
13.5525 	EXP 	blank: autoDraw = True
13.5525 	EXP 	videogameChoice: color = 'green (named)'
13.5692 	EXP 	blank: autoDraw = True
13.5692 	EXP 	videogameChoice: color = 'green (named)'
13.5860 	EXP 	blank: autoDraw = True
13.5860 	EXP 	videogameChoice: color = 'green (named)'
13.6026 	EXP 	blank: autoDraw = True
13.6026 	EXP 	videogameChoice: color = 'green (named)'
13.6193 	EXP 	blank: autoDraw = True
13.6193 	EXP 	videogameChoice: color = 'green (named)'
13.6360 	EXP 	blank: autoDraw = True
13.6360 	EXP 	videogameChoice: color = 'green (named)'
13.6528 	EXP 	blank: autoDraw = True
13.6528 	EXP 	videogameChoice: color = 'green (named)'
13.6692 	EXP 	blank: autoDraw = True
13.6692 	EXP 	videogameChoice: color = 'green (named)'
13.6860 	EXP 	blank: autoDraw = True
13.6860 	EXP 	videogameChoice: color = 'green (named)'
13.7027 	EXP 	blank: autoDraw = True
13.7027 	EXP 	videogameChoice: color = 'green (named)'
13.7194 	EXP 	blank: autoDraw = True
13.7194 	EXP 	videogameChoice: color = 'green (named)'
13.7360 	EXP 	blank: autoDraw = True
13.7360 	EXP 	videogameChoice: color = 'green (named)'
13.7526 	EXP 	blank: autoDraw = True
13.7526 	EXP 	videogameChoice: color = 'green (named)'
13.7694 	EXP 	blank: autoDraw = True
13.7694 	EXP 	videogameChoice: color = 'green (named)'
13.7861 	EXP 	blank: autoDraw = True
13.7861 	EXP 	videogameChoice: color = 'green (named)'
13.8027 	EXP 	blank: autoDraw = True
13.8027 	EXP 	videogameChoice: color = 'green (named)'
13.8194 	EXP 	blank: autoDraw = True
13.8194 	EXP 	videogameChoice: color = 'green (named)'
13.8361 	EXP 	blank: autoDraw = True
13.8361 	EXP 	videogameChoice: color = 'green (named)'
13.8527 	EXP 	blank: autoDraw = True
13.8527 	EXP 	videogameChoice: color = 'green (named)'
13.8694 	EXP 	blank: autoDraw = True
13.8694 	EXP 	videogameChoice: color = 'green (named)'
13.8861 	EXP 	blank: autoDraw = True
13.8861 	EXP 	videogameChoice: color = 'green (named)'
13.9028 	EXP 	blank: autoDraw = True
13.9028 	EXP 	videogameChoice: color = 'green (named)'
13.9195 	EXP 	blank: autoDraw = True
13.9195 	EXP 	videogameChoice: color = 'green (named)'
13.9361 	EXP 	blank: autoDraw = True
13.9361 	EXP 	videogameChoice: color = 'green (named)'
13.9528 	EXP 	blank: autoDraw = True
13.9528 	EXP 	videogameChoice: color = 'green (named)'
13.9695 	EXP 	blank: autoDraw = True
13.9695 	EXP 	videogameChoice: color = 'green (named)'
13.9862 	EXP 	blank: autoDraw = True
13.9862 	EXP 	videogameChoice: color = 'green (named)'
14.0028 	EXP 	blank: autoDraw = True
14.0028 	EXP 	videogameChoice: color = 'green (named)'
14.0200 	EXP 	blank: autoDraw = True
14.0200 	EXP 	videogameChoice: color = 'green (named)'
14.0361 	EXP 	blank: autoDraw = True
14.0361 	EXP 	videogameChoice: color = 'green (named)'
14.0529 	EXP 	blank: autoDraw = True
14.0529 	EXP 	videogameChoice: color = 'green (named)'
14.0696 	EXP 	blank: autoDraw = True
14.0696 	EXP 	videogameChoice: color = 'green (named)'
14.0863 	EXP 	blank: autoDraw = True
14.0863 	EXP 	videogameChoice: color = 'green (named)'
14.1029 	EXP 	blank: autoDraw = True
14.1029 	EXP 	videogameChoice: color = 'green (named)'
14.1196 	EXP 	blank: autoDraw = True
14.1196 	EXP 	videogameChoice: color = 'green (named)'
14.1363 	EXP 	blank: autoDraw = True
14.1363 	EXP 	videogameChoice: color = 'green (named)'
14.1534 	EXP 	blank: autoDraw = True
14.1534 	EXP 	videogameChoice: color = 'green (named)'
14.1696 	EXP 	blank: autoDraw = True
14.1696 	EXP 	videogameChoice: color = 'green (named)'
14.1863 	EXP 	blank: autoDraw = True
14.1863 	EXP 	videogameChoice: color = 'green (named)'
14.2030 	EXP 	blank: autoDraw = True
14.2030 	EXP 	videogameChoice: color = 'green (named)'
14.2197 	EXP 	blank: autoDraw = True
14.2197 	EXP 	videogameChoice: color = 'green (named)'
14.2363 	EXP 	blank: autoDraw = True
14.2363 	EXP 	videogameChoice: color = 'green (named)'
14.2530 	EXP 	blank: autoDraw = True
14.2530 	EXP 	videogameChoice: color = 'green (named)'
14.2697 	EXP 	blank: autoDraw = True
14.2697 	EXP 	videogameChoice: color = 'green (named)'
14.2864 	EXP 	blank: autoDraw = True
14.2864 	EXP 	videogameChoice: color = 'green (named)'
14.3032 	EXP 	blank: autoDraw = True
14.3032 	EXP 	videogameChoice: color = 'green (named)'
14.3199 	EXP 	blank: autoDraw = True
14.3199 	EXP 	videogameChoice: color = 'green (named)'
14.3365 	EXP 	blank: autoDraw = True
14.3365 	EXP 	videogameChoice: color = 'green (named)'
14.3532 	EXP 	blank: autoDraw = True
14.3532 	EXP 	videogameChoice: color = 'green (named)'
14.3701 	EXP 	blank: autoDraw = True
14.3701 	EXP 	videogameChoice: color = 'green (named)'
14.3866 	EXP 	blank: autoDraw = True
14.3866 	EXP 	videogameChoice: color = 'green (named)'
14.4033 	EXP 	blank: autoDraw = True
14.4033 	EXP 	videogameChoice: color = 'green (named)'
14.4200 	EXP 	blank: autoDraw = True
14.4200 	EXP 	videogameChoice: color = 'green (named)'
14.4366 	EXP 	blank: autoDraw = True
14.4366 	EXP 	videogameChoice: color = 'green (named)'
14.4534 	EXP 	blank: autoDraw = True
14.4534 	EXP 	videogameChoice: color = 'green (named)'
14.4699 	EXP 	blank: autoDraw = True
14.4699 	EXP 	videogameChoice: color = 'green (named)'
14.4866 	EXP 	blank: autoDraw = True
14.4866 	EXP 	videogameChoice: color = 'green (named)'
14.5035 	EXP 	blank: autoDraw = True
14.5035 	EXP 	videogameChoice: color = 'green (named)'
14.5200 	EXP 	blank: autoDraw = True
14.5200 	EXP 	videogameChoice: color = 'green (named)'
14.5367 	EXP 	blank: autoDraw = True
14.5367 	EXP 	videogameChoice: color = 'green (named)'
14.5533 	EXP 	blank: autoDraw = True
14.5533 	EXP 	videogameChoice: color = 'green (named)'
14.5700 	EXP 	blank: autoDraw = True
14.5700 	EXP 	videogameChoice: color = 'green (named)'
14.5867 	EXP 	blank: autoDraw = True
14.5867 	EXP 	videogameChoice: color = 'green (named)'
14.6034 	EXP 	blank: autoDraw = True
14.6034 	EXP 	videogameChoice: color = 'green (named)'
14.6201 	EXP 	blank: autoDraw = True
14.6201 	EXP 	videogameChoice: color = 'green (named)'
14.6368 	EXP 	blank: autoDraw = True
14.6368 	EXP 	videogameChoice: color = 'green (named)'
14.6539 	EXP 	blank: autoDraw = True
14.6539 	EXP 	videogameChoice: color = 'green (named)'
14.6701 	EXP 	blank: autoDraw = True
14.6701 	EXP 	videogameChoice: color = 'green (named)'
14.6867 	EXP 	blank: autoDraw = True
14.6867 	EXP 	videogameChoice: color = 'green (named)'
14.7035 	EXP 	blank: autoDraw = True
14.7035 	EXP 	videogameChoice: color = 'green (named)'
14.7202 	EXP 	blank: autoDraw = True
14.7202 	EXP 	videogameChoice: color = 'green (named)'
14.7370 	EXP 	blank: autoDraw = True
14.7370 	EXP 	videogameChoice: color = 'green (named)'
14.7535 	EXP 	blank: autoDraw = True
14.7535 	EXP 	videogameChoice: color = 'green (named)'
14.7702 	EXP 	blank: autoDraw = True
14.7702 	EXP 	videogameChoice: color = 'green (named)'
14.7870 	EXP 	blank: autoDraw = True
14.7870 	EXP 	videogameChoice: color = 'green (named)'
14.8035 	EXP 	blank: autoDraw = True
14.8035 	EXP 	videogameChoice: color = 'green (named)'
14.8203 	EXP 	blank: autoDraw = True
14.8203 	EXP 	videogameChoice: color = 'green (named)'
14.8370 	EXP 	blank: autoDraw = True
14.8370 	EXP 	videogameChoice: color = 'green (named)'
14.8536 	EXP 	blank: autoDraw = True
14.8536 	EXP 	videogameChoice: color = 'green (named)'
14.8703 	EXP 	blank: autoDraw = True
14.8703 	EXP 	videogameChoice: color = 'green (named)'
14.8870 	EXP 	blank: autoDraw = True
14.8870 	EXP 	videogameChoice: color = 'green (named)'
14.9037 	EXP 	blank: autoDraw = True
14.9037 	EXP 	videogameChoice: color = 'green (named)'
14.9203 	EXP 	blank: autoDraw = True
14.9203 	EXP 	videogameChoice: color = 'green (named)'
14.9370 	EXP 	blank: autoDraw = True
14.9370 	EXP 	videogameChoice: color = 'green (named)'
14.9537 	EXP 	blank: autoDraw = True
14.9537 	EXP 	videogameChoice: color = 'green (named)'
14.9705 	EXP 	blank: autoDraw = True
14.9705 	EXP 	videogameChoice: color = 'green (named)'
14.9872 	EXP 	blank: autoDraw = True
14.9872 	EXP 	videogameChoice: color = 'green (named)'
15.0038 	EXP 	blank: autoDraw = True
15.0038 	EXP 	videogameChoice: color = 'green (named)'
15.0205 	EXP 	blank: autoDraw = True
15.0205 	EXP 	videogameChoice: color = 'green (named)'
15.0372 	EXP 	blank: autoDraw = True
15.0372 	EXP 	videogameChoice: color = 'green (named)'
15.0538 	EXP 	blank: autoDraw = True
15.0538 	EXP 	videogameChoice: color = 'green (named)'
15.0704 	EXP 	blank: autoDraw = True
15.0704 	EXP 	videogameChoice: color = 'green (named)'
15.0872 	EXP 	blank: autoDraw = True
15.0872 	EXP 	videogameChoice: color = 'green (named)'
15.1039 	EXP 	blank: autoDraw = True
15.1039 	EXP 	videogameChoice: color = 'green (named)'
15.1205 	EXP 	blank: autoDraw = True
15.1205 	EXP 	videogameChoice: color = 'green (named)'
15.1372 	EXP 	blank: autoDraw = True
15.1372 	EXP 	videogameChoice: color = 'green (named)'
15.1541 	EXP 	blank: autoDraw = True
15.1541 	EXP 	videogameChoice: color = 'green (named)'
15.1704 	EXP 	blank: autoDraw = True
15.1704 	EXP 	videogameChoice: color = 'green (named)'
15.1872 	EXP 	blank: autoDraw = True
15.1872 	EXP 	videogameChoice: color = 'green (named)'
15.2039 	EXP 	blank: autoDraw = True
15.2039 	EXP 	videogameChoice: color = 'green (named)'
15.2206 	EXP 	blank: autoDraw = True
15.2206 	EXP 	videogameChoice: color = 'green (named)'
15.2374 	EXP 	blank: autoDraw = True
15.2374 	EXP 	videogameChoice: color = 'green (named)'
15.2539 	EXP 	blank: autoDraw = True
15.2539 	EXP 	videogameChoice: color = 'green (named)'
15.2707 	EXP 	blank: autoDraw = True
15.2707 	EXP 	videogameChoice: color = 'green (named)'
15.2873 	EXP 	blank: autoDraw = True
15.2873 	EXP 	videogameChoice: color = 'green (named)'
15.3040 	EXP 	blank: autoDraw = True
15.3040 	EXP 	videogameChoice: color = 'green (named)'
15.3207 	EXP 	blank: autoDraw = True
15.3207 	EXP 	videogameChoice: color = 'green (named)'
15.3374 	EXP 	blank: autoDraw = True
15.3374 	EXP 	videogameChoice: color = 'green (named)'
15.3541 	EXP 	blank: autoDraw = True
15.3541 	EXP 	videogameChoice: color = 'green (named)'
15.3708 	EXP 	blank: autoDraw = True
15.3708 	EXP 	videogameChoice: color = 'green (named)'
15.3874 	EXP 	blank: autoDraw = True
15.3874 	EXP 	videogameChoice: color = 'green (named)'
15.4041 	EXP 	blank: autoDraw = True
15.4041 	EXP 	videogameChoice: color = 'green (named)'
15.4207 	EXP 	blank: autoDraw = True
15.4207 	EXP 	videogameChoice: color = 'green (named)'
15.4376 	EXP 	blank: autoDraw = True
15.4376 	EXP 	videogameChoice: color = 'green (named)'
15.4542 	EXP 	blank: autoDraw = True
15.4542 	EXP 	videogameChoice: color = 'green (named)'
15.4707 	EXP 	blank: autoDraw = True
15.4707 	EXP 	videogameChoice: color = 'green (named)'
15.4875 	EXP 	blank: autoDraw = True
15.4875 	EXP 	videogameChoice: color = 'green (named)'
15.5043 	EXP 	blank: autoDraw = True
15.5043 	EXP 	videogameChoice: color = 'green (named)'
15.5209 	EXP 	blank: autoDraw = True
15.5209 	EXP 	videogameChoice: color = 'green (named)'
15.5376 	EXP 	blank: autoDraw = True
15.5376 	EXP 	videogameChoice: color = 'green (named)'
15.5543 	EXP 	blank: autoDraw = True
15.5543 	EXP 	videogameChoice: color = 'green (named)'
15.5710 	EXP 	blank: autoDraw = True
15.5710 	EXP 	videogameChoice: color = 'green (named)'
15.5876 	EXP 	blank: autoDraw = True
15.5876 	EXP 	videogameChoice: color = 'green (named)'
15.6043 	EXP 	blank: autoDraw = True
15.6043 	EXP 	videogameChoice: color = 'green (named)'
15.6209 	EXP 	blank: autoDraw = True
15.6209 	EXP 	videogameChoice: color = 'green (named)'
15.6376 	EXP 	blank: autoDraw = True
15.6376 	EXP 	videogameChoice: color = 'green (named)'
15.6543 	EXP 	blank: autoDraw = True
15.6543 	EXP 	videogameChoice: color = 'green (named)'
15.6709 	EXP 	blank: autoDraw = True
15.6709 	EXP 	videogameChoice: color = 'green (named)'
15.6876 	EXP 	blank: autoDraw = True
15.6876 	EXP 	videogameChoice: color = 'green (named)'
15.7044 	EXP 	blank: autoDraw = True
15.7044 	EXP 	videogameChoice: color = 'green (named)'
15.7210 	EXP 	blank: autoDraw = True
15.7210 	EXP 	videogameChoice: color = 'green (named)'
15.7378 	EXP 	blank: autoDraw = True
15.7378 	EXP 	videogameChoice: color = 'green (named)'
15.7543 	EXP 	blank: autoDraw = True
15.7543 	EXP 	videogameChoice: color = 'green (named)'
15.7711 	EXP 	blank: autoDraw = True
15.7711 	EXP 	videogameChoice: color = 'green (named)'
15.7878 	EXP 	blank: autoDraw = True
15.7878 	EXP 	videogameChoice: color = 'green (named)'
15.8044 	EXP 	blank: autoDraw = True
15.8044 	EXP 	videogameChoice: color = 'green (named)'
15.8211 	EXP 	blank: autoDraw = True
15.8211 	EXP 	videogameChoice: color = 'green (named)'
15.8378 	EXP 	blank: autoDraw = True
15.8378 	EXP 	videogameChoice: color = 'green (named)'
15.8545 	EXP 	blank: autoDraw = True
15.8545 	EXP 	videogameChoice: color = 'green (named)'
15.8712 	EXP 	blank: autoDraw = True
15.8712 	EXP 	videogameChoice: color = 'green (named)'
15.8878 	EXP 	blank: autoDraw = True
15.8878 	EXP 	videogameChoice: color = 'green (named)'
15.9046 	EXP 	blank: autoDraw = True
15.9046 	EXP 	videogameChoice: color = 'green (named)'
15.9211 	EXP 	blank: autoDraw = True
15.9211 	EXP 	videogameChoice: color = 'green (named)'
15.9377 	EXP 	blank: autoDraw = True
15.9377 	EXP 	videogameChoice: color = 'green (named)'
15.9547 	EXP 	blank: autoDraw = True
15.9547 	EXP 	videogameChoice: color = 'green (named)'
15.9712 	EXP 	blank: autoDraw = True
15.9712 	EXP 	videogameChoice: color = 'green (named)'
15.9880 	EXP 	blank: autoDraw = True
15.9880 	EXP 	videogameChoice: color = 'green (named)'
16.0046 	EXP 	blank: autoDraw = True
16.0046 	EXP 	videogameChoice: color = 'green (named)'
16.0213 	EXP 	blank: autoDraw = True
16.0213 	EXP 	videogameChoice: color = 'green (named)'
16.0380 	EXP 	blank: autoDraw = True
16.0380 	EXP 	videogameChoice: color = 'green (named)'
16.0546 	EXP 	blank: autoDraw = True
16.0546 	EXP 	videogameChoice: color = 'green (named)'
16.0713 	EXP 	blank: autoDraw = True
16.0713 	EXP 	videogameChoice: color = 'green (named)'
16.0880 	EXP 	blank: autoDraw = True
16.0880 	EXP 	videogameChoice: color = 'green (named)'
16.1046 	EXP 	blank: autoDraw = True
16.1046 	EXP 	videogameChoice: color = 'green (named)'
16.1214 	EXP 	blank: autoDraw = True
16.1214 	EXP 	videogameChoice: color = 'green (named)'
16.1381 	EXP 	blank: autoDraw = True
16.1381 	EXP 	videogameChoice: color = 'green (named)'
16.1552 	EXP 	blank: autoDraw = True
16.1552 	EXP 	videogameChoice: color = 'green (named)'
16.1714 	EXP 	blank: autoDraw = True
16.1714 	EXP 	videogameChoice: color = 'green (named)'
16.1885 	EXP 	blank: autoDraw = True
16.1885 	EXP 	videogameChoice: color = 'green (named)'
16.2047 	EXP 	blank: autoDraw = True
16.2047 	EXP 	videogameChoice: color = 'green (named)'
16.2214 	EXP 	blank: autoDraw = True
16.2214 	EXP 	videogameChoice: color = 'green (named)'
16.2382 	EXP 	blank: autoDraw = True
16.2382 	EXP 	videogameChoice: color = 'green (named)'
16.2549 	EXP 	blank: autoDraw = True
16.2549 	EXP 	videogameChoice: color = 'green (named)'
16.2716 	EXP 	blank: autoDraw = True
16.2716 	EXP 	videogameChoice: color = 'green (named)'
16.2882 	EXP 	blank: autoDraw = True
16.2882 	EXP 	videogameChoice: color = 'green (named)'
16.3049 	EXP 	blank: autoDraw = True
16.3049 	EXP 	videogameChoice: color = 'green (named)'
16.3216 	EXP 	blank: autoDraw = True
16.3216 	EXP 	videogameChoice: color = 'green (named)'
16.3382 	EXP 	blank: autoDraw = True
16.3382 	EXP 	videogameChoice: color = 'green (named)'
16.3548 	EXP 	blank: autoDraw = True
16.3548 	EXP 	videogameChoice: color = 'green (named)'
16.3717 	EXP 	blank: autoDraw = True
16.3717 	EXP 	videogameChoice: color = 'green (named)'
16.3884 	EXP 	blank: autoDraw = True
16.3884 	EXP 	videogameChoice: color = 'green (named)'
16.4049 	EXP 	blank: autoDraw = True
16.4049 	EXP 	videogameChoice: color = 'green (named)'
16.4217 	EXP 	blank: autoDraw = True
16.4217 	EXP 	videogameChoice: color = 'green (named)'
16.4384 	EXP 	blank: autoDraw = True
16.4384 	EXP 	videogameChoice: color = 'green (named)'
16.4550 	EXP 	blank: autoDraw = True
16.4550 	EXP 	videogameChoice: color = 'green (named)'
16.4715 	EXP 	blank: autoDraw = True
16.4715 	EXP 	videogameChoice: color = 'green (named)'
16.4883 	EXP 	blank: autoDraw = True
16.4883 	EXP 	videogameChoice: color = 'green (named)'
16.5051 	EXP 	blank: autoDraw = True
16.5051 	EXP 	videogameChoice: color = 'green (named)'
16.5217 	EXP 	blank: autoDraw = True
16.5217 	EXP 	videogameChoice: color = 'green (named)'
16.5384 	EXP 	blank: autoDraw = True
16.5384 	EXP 	videogameChoice: color = 'green (named)'
16.5551 	EXP 	blank: autoDraw = True
16.5551 	EXP 	videogameChoice: color = 'green (named)'
16.5717 	EXP 	blank: autoDraw = True
16.5717 	EXP 	videogameChoice: color = 'green (named)'
16.5885 	EXP 	blank: autoDraw = True
16.5885 	EXP 	videogameChoice: color = 'green (named)'
16.6051 	EXP 	blank: autoDraw = True
16.6051 	EXP 	videogameChoice: color = 'green (named)'
16.6218 	EXP 	blank: autoDraw = True
16.6218 	EXP 	videogameChoice: color = 'green (named)'
16.6385 	EXP 	blank: autoDraw = True
16.6385 	EXP 	videogameChoice: color = 'green (named)'
16.6553 	EXP 	blank: autoDraw = True
16.6553 	EXP 	videogameChoice: color = 'green (named)'
16.6718 	EXP 	blank: autoDraw = True
16.6718 	EXP 	videogameChoice: color = 'green (named)'
16.6885 	EXP 	blank: autoDraw = True
16.6885 	EXP 	videogameChoice: color = 'green (named)'
16.7052 	EXP 	blank: autoDraw = True
16.7052 	EXP 	videogameChoice: color = 'green (named)'
16.7221 	EXP 	blank: autoDraw = True
16.7221 	EXP 	videogameChoice: color = 'green (named)'
16.7385 	EXP 	blank: autoDraw = True
16.7385 	EXP 	videogameChoice: color = 'green (named)'
16.7552 	EXP 	blank: autoDraw = True
16.7552 	EXP 	videogameChoice: color = 'green (named)'
16.7718 	EXP 	blank: autoDraw = True
16.7718 	EXP 	videogameChoice: color = 'green (named)'
16.7887 	EXP 	blank: autoDraw = True
16.7887 	EXP 	videogameChoice: color = 'green (named)'
16.8053 	EXP 	blank: autoDraw = True
16.8053 	EXP 	videogameChoice: color = 'green (named)'
16.8220 	EXP 	blank: autoDraw = True
16.8220 	EXP 	videogameChoice: color = 'green (named)'
16.8387 	EXP 	blank: autoDraw = True
16.8387 	EXP 	videogameChoice: color = 'green (named)'
16.8553 	EXP 	blank: autoDraw = True
16.8553 	EXP 	videogameChoice: color = 'green (named)'
16.8720 	EXP 	blank: autoDraw = True
16.8720 	EXP 	videogameChoice: color = 'green (named)'
16.8887 	EXP 	blank: autoDraw = True
16.8887 	EXP 	videogameChoice: color = 'green (named)'
16.9052 	EXP 	blank: autoDraw = True
16.9052 	EXP 	videogameChoice: color = 'green (named)'
16.9221 	EXP 	blank: autoDraw = True
16.9221 	EXP 	videogameChoice: color = 'green (named)'
16.9387 	EXP 	blank: autoDraw = True
16.9387 	EXP 	videogameChoice: color = 'green (named)'
16.9554 	EXP 	blank: autoDraw = True
16.9554 	EXP 	videogameChoice: color = 'green (named)'
16.9723 	EXP 	blank: autoDraw = True
16.9723 	EXP 	videogameChoice: color = 'green (named)'
16.9889 	EXP 	blank: autoDraw = True
16.9889 	EXP 	videogameChoice: color = 'green (named)'
17.0055 	EXP 	blank: autoDraw = True
17.0055 	EXP 	videogameChoice: color = 'green (named)'
17.0222 	EXP 	blank: autoDraw = True
17.0222 	EXP 	videogameChoice: color = 'green (named)'
17.0389 	EXP 	blank: autoDraw = True
17.0389 	EXP 	videogameChoice: color = 'green (named)'
17.0556 	EXP 	blank: autoDraw = True
17.0556 	EXP 	videogameChoice: color = 'green (named)'
17.0722 	EXP 	blank: autoDraw = True
17.0722 	EXP 	videogameChoice: color = 'green (named)'
17.0889 	EXP 	blank: autoDraw = True
17.0889 	EXP 	videogameChoice: color = 'green (named)'
17.1056 	EXP 	blank: autoDraw = True
17.1056 	EXP 	videogameChoice: color = 'green (named)'
17.1223 	EXP 	blank: autoDraw = True
17.1223 	EXP 	videogameChoice: color = 'green (named)'
17.1389 	EXP 	blank: autoDraw = True
17.1389 	EXP 	videogameChoice: color = 'green (named)'
17.1558 	EXP 	blank: autoDraw = True
17.1558 	EXP 	videogameChoice: color = 'green (named)'
17.1722 	EXP 	blank: autoDraw = True
17.1722 	EXP 	videogameChoice: color = 'green (named)'
17.1889 	EXP 	blank: autoDraw = True
17.1889 	EXP 	videogameChoice: color = 'green (named)'
17.2056 	EXP 	blank: autoDraw = True
17.2056 	EXP 	videogameChoice: color = 'green (named)'
17.2224 	EXP 	blank: autoDraw = True
17.2224 	EXP 	videogameChoice: color = 'green (named)'
17.2390 	EXP 	blank: autoDraw = True
17.2390 	EXP 	videogameChoice: color = 'green (named)'
17.2558 	EXP 	blank: autoDraw = True
17.2558 	EXP 	videogameChoice: color = 'green (named)'
17.2724 	EXP 	blank: autoDraw = True
17.2724 	EXP 	videogameChoice: color = 'green (named)'
17.2891 	EXP 	blank: autoDraw = True
17.2891 	EXP 	videogameChoice: color = 'green (named)'
17.3057 	EXP 	blank: autoDraw = True
17.3057 	EXP 	videogameChoice: color = 'green (named)'
17.3227 	EXP 	blank: autoDraw = True
17.3227 	EXP 	videogameChoice: color = 'green (named)'
17.3390 	EXP 	blank: autoDraw = True
17.3390 	EXP 	videogameChoice: color = 'green (named)'
17.3556 	EXP 	blank: autoDraw = True
17.3556 	EXP 	videogameChoice: color = 'green (named)'
17.3725 	EXP 	blank: autoDraw = True
17.3725 	EXP 	videogameChoice: color = 'green (named)'
17.3894 	EXP 	blank: autoDraw = True
17.3894 	EXP 	videogameChoice: color = 'green (named)'
17.4056 	EXP 	blank: autoDraw = True
17.4056 	EXP 	videogameChoice: color = 'green (named)'
17.4226 	EXP 	blank: autoDraw = True
17.4226 	EXP 	videogameChoice: color = 'green (named)'
17.4392 	EXP 	blank: autoDraw = True
17.4392 	EXP 	videogameChoice: color = 'green (named)'
17.4559 	EXP 	blank: autoDraw = True
17.4559 	EXP 	videogameChoice: color = 'green (named)'
17.4726 	EXP 	blank: autoDraw = True
17.4726 	EXP 	videogameChoice: color = 'green (named)'
17.4892 	EXP 	blank: autoDraw = True
17.4892 	EXP 	videogameChoice: color = 'green (named)'
17.5058 	EXP 	blank: autoDraw = True
17.5058 	EXP 	videogameChoice: color = 'green (named)'
17.5227 	EXP 	blank: autoDraw = True
17.5227 	EXP 	videogameChoice: color = 'green (named)'
17.5393 	EXP 	blank: autoDraw = True
17.5393 	EXP 	videogameChoice: color = 'green (named)'
17.5558 	EXP 	blank: autoDraw = True
17.5558 	EXP 	videogameChoice: color = 'green (named)'
17.5726 	EXP 	blank: autoDraw = True
17.5726 	EXP 	videogameChoice: color = 'green (named)'
17.5894 	EXP 	blank: autoDraw = True
17.5894 	EXP 	videogameChoice: color = 'green (named)'
17.6060 	EXP 	blank: autoDraw = True
17.6060 	EXP 	videogameChoice: color = 'green (named)'
17.6226 	EXP 	blank: autoDraw = True
17.6226 	EXP 	videogameChoice: color = 'green (named)'
17.6393 	EXP 	blank: autoDraw = True
17.6393 	EXP 	videogameChoice: color = 'green (named)'
17.6559 	EXP 	blank: autoDraw = True
17.6559 	EXP 	videogameChoice: color = 'green (named)'
17.6726 	EXP 	blank: autoDraw = True
17.6726 	EXP 	videogameChoice: color = 'green (named)'
17.6894 	EXP 	blank: autoDraw = True
17.6894 	EXP 	videogameChoice: color = 'green (named)'
17.7059 	EXP 	blank: autoDraw = True
17.7059 	EXP 	videogameChoice: color = 'green (named)'
17.7227 	EXP 	blank: autoDraw = True
17.7227 	EXP 	videogameChoice: color = 'green (named)'
17.7395 	EXP 	blank: autoDraw = True
17.7395 	EXP 	videogameChoice: color = 'green (named)'
17.7562 	EXP 	blank: autoDraw = True
17.7562 	EXP 	videogameChoice: color = 'green (named)'
17.7728 	EXP 	blank: autoDraw = True
17.7728 	EXP 	videogameChoice: color = 'green (named)'
17.7895 	EXP 	blank: autoDraw = True
17.7895 	EXP 	videogameChoice: color = 'green (named)'
17.8061 	EXP 	blank: autoDraw = True
17.8061 	EXP 	videogameChoice: color = 'green (named)'
17.8228 	EXP 	blank: autoDraw = True
17.8228 	EXP 	videogameChoice: color = 'green (named)'
17.8395 	EXP 	blank: autoDraw = True
17.8395 	EXP 	videogameChoice: color = 'green (named)'
17.8562 	EXP 	blank: autoDraw = True
17.8562 	EXP 	videogameChoice: color = 'green (named)'
17.8728 	EXP 	blank: autoDraw = True
17.8728 	EXP 	videogameChoice: color = 'green (named)'
17.8895 	EXP 	blank: autoDraw = True
17.8895 	EXP 	videogameChoice: color = 'green (named)'
17.9063 	EXP 	blank: autoDraw = True
17.9063 	EXP 	videogameChoice: color = 'green (named)'
17.9229 	EXP 	blank: autoDraw = True
17.9229 	EXP 	videogameChoice: color = 'green (named)'
17.9396 	EXP 	blank: autoDraw = True
17.9396 	EXP 	videogameChoice: color = 'green (named)'
17.9561 	EXP 	blank: autoDraw = True
17.9561 	EXP 	videogameChoice: color = 'green (named)'
17.9729 	EXP 	blank: autoDraw = True
17.9729 	EXP 	videogameChoice: color = 'green (named)'
17.9898 	EXP 	blank: autoDraw = True
17.9898 	EXP 	videogameChoice: color = 'green (named)'
18.0062 	EXP 	blank: autoDraw = True
18.0062 	EXP 	videogameChoice: color = 'green (named)'
18.0230 	EXP 	blank: autoDraw = True
18.0230 	EXP 	videogameChoice: color = 'green (named)'
18.0398 	EXP 	blank: autoDraw = True
18.0398 	EXP 	videogameChoice: color = 'green (named)'
18.0563 	EXP 	blank: autoDraw = True
18.0563 	EXP 	videogameChoice: color = 'green (named)'
18.0731 	EXP 	blank: autoDraw = True
18.0731 	EXP 	videogameChoice: color = 'green (named)'
18.0896 	EXP 	blank: autoDraw = True
18.0896 	EXP 	videogameChoice: color = 'green (named)'
18.1065 	EXP 	blank: autoDraw = True
18.1065 	EXP 	videogameChoice: color = 'green (named)'
18.1230 	EXP 	blank: autoDraw = True
18.1230 	EXP 	videogameChoice: color = 'green (named)'
18.1397 	EXP 	blank: autoDraw = True
18.1397 	EXP 	videogameChoice: color = 'green (named)'
18.1565 	EXP 	blank: autoDraw = True
18.1565 	EXP 	videogameChoice: color = 'green (named)'
18.1730 	EXP 	blank: autoDraw = True
18.1730 	EXP 	videogameChoice: color = 'green (named)'
18.1898 	EXP 	blank: autoDraw = True
18.1898 	EXP 	videogameChoice: color = 'green (named)'
18.2064 	EXP 	blank: autoDraw = True
18.2064 	EXP 	videogameChoice: color = 'green (named)'
18.2231 	EXP 	blank: autoDraw = True
18.2231 	EXP 	videogameChoice: color = 'green (named)'
18.2398 	EXP 	blank: autoDraw = True
18.2398 	EXP 	videogameChoice: color = 'green (named)'
18.2565 	EXP 	blank: autoDraw = True
18.2565 	EXP 	videogameChoice: color = 'green (named)'
18.2732 	EXP 	blank: autoDraw = True
18.2732 	EXP 	videogameChoice: color = 'green (named)'
18.2899 	EXP 	blank: autoDraw = True
18.2899 	EXP 	videogameChoice: color = 'green (named)'
18.3064 	EXP 	blank: autoDraw = True
18.3064 	EXP 	videogameChoice: color = 'green (named)'
18.3232 	EXP 	blank: autoDraw = True
18.3232 	EXP 	videogameChoice: color = 'green (named)'
18.3399 	EXP 	blank: autoDraw = True
18.3399 	EXP 	videogameChoice: color = 'green (named)'
18.3565 	EXP 	blank: autoDraw = True
18.3565 	EXP 	videogameChoice: color = 'green (named)'
18.3733 	EXP 	blank: autoDraw = True
18.3733 	EXP 	videogameChoice: color = 'green (named)'
18.3900 	EXP 	blank: autoDraw = True
18.3900 	EXP 	videogameChoice: color = 'green (named)'
18.4066 	EXP 	blank: autoDraw = True
18.4066 	EXP 	videogameChoice: color = 'green (named)'
18.4234 	EXP 	blank: autoDraw = True
18.4234 	EXP 	videogameChoice: color = 'green (named)'
18.4400 	EXP 	blank: autoDraw = True
18.4400 	EXP 	videogameChoice: color = 'green (named)'
18.4567 	EXP 	blank: autoDraw = True
18.4567 	EXP 	videogameChoice: color = 'green (named)'
18.4733 	EXP 	blank: autoDraw = True
18.4733 	EXP 	videogameChoice: color = 'green (named)'
18.4900 	EXP 	blank: autoDraw = True
18.4900 	EXP 	videogameChoice: color = 'green (named)'
18.5068 	EXP 	blank: autoDraw = True
18.5068 	EXP 	videogameChoice: color = 'green (named)'
18.5233 	EXP 	blank: autoDraw = True
18.5233 	EXP 	videogameChoice: color = 'green (named)'
18.5400 	EXP 	blank: autoDraw = True
18.5400 	EXP 	videogameChoice: color = 'green (named)'
18.5568 	EXP 	blank: autoDraw = True
18.5568 	EXP 	videogameChoice: color = 'green (named)'
18.5734 	EXP 	blank: autoDraw = True
18.5734 	EXP 	videogameChoice: color = 'green (named)'
18.5901 	EXP 	blank: autoDraw = True
18.5901 	EXP 	videogameChoice: color = 'green (named)'
18.5937 	DATA 	Keypress: 1
18.6067 	EXP 	blank: autoDraw = True
18.6067 	EXP 	videogameChoice: color = 'green (named)'
18.6235 	EXP 	testChoice: color = 'green (named)'
18.6401 	EXP 	testChoice: color = 'green (named)'
18.6569 	EXP 	testChoice: color = 'green (named)'
18.6735 	EXP 	testChoice: color = 'green (named)'
18.6900 	EXP 	testChoice: color = 'green (named)'
18.7068 	EXP 	testChoice: color = 'green (named)'
18.7236 	EXP 	testChoice: color = 'green (named)'
18.7402 	EXP 	testChoice: color = 'green (named)'
18.7570 	EXP 	testChoice: color = 'green (named)'
18.7737 	EXP 	testChoice: color = 'green (named)'
18.7903 	EXP 	testChoice: color = 'green (named)'
18.8069 	EXP 	testChoice: color = 'green (named)'
18.8237 	EXP 	testChoice: color = 'green (named)'
18.8403 	EXP 	testChoice: color = 'green (named)'
18.8570 	EXP 	testChoice: color = 'green (named)'
18.8736 	EXP 	testChoice: color = 'green (named)'
18.8903 	EXP 	testChoice: color = 'green (named)'
18.9073 	EXP 	testChoice: color = 'green (named)'
18.9236 	EXP 	testChoice: color = 'green (named)'
18.9406 	EXP 	testChoice: color = 'green (named)'
18.9571 	EXP 	testChoice: color = 'green (named)'
18.9739 	EXP 	testChoice: color = 'green (named)'
18.9905 	EXP 	testChoice: color = 'green (named)'
19.0071 	EXP 	testChoice: color = 'green (named)'
19.0238 	EXP 	testChoice: color = 'green (named)'
19.0405 	EXP 	testChoice: color = 'green (named)'
19.0572 	EXP 	testChoice: color = 'green (named)'
19.0739 	EXP 	testChoice: color = 'green (named)'
19.0906 	EXP 	testChoice: color = 'green (named)'
19.1073 	EXP 	testChoice: color = 'green (named)'
19.1239 	EXP 	testChoice: color = 'green (named)'
19.1406 	EXP 	testChoice: color = 'green (named)'
19.1573 	EXP 	testChoice: color = 'green (named)'
19.1739 	EXP 	testChoice: color = 'green (named)'
19.1906 	EXP 	testChoice: color = 'green (named)'
19.2072 	EXP 	testChoice: color = 'green (named)'
19.2240 	EXP 	testChoice: color = 'green (named)'
19.2405 	EXP 	testChoice: color = 'green (named)'
19.2573 	EXP 	testChoice: color = 'green (named)'
19.2740 	EXP 	testChoice: color = 'green (named)'
19.2908 	EXP 	testChoice: color = 'green (named)'
19.3072 	EXP 	testChoice: color = 'green (named)'
19.3242 	EXP 	testChoice: color = 'green (named)'
19.3406 	EXP 	testChoice: color = 'green (named)'
19.3574 	EXP 	testChoice: color = 'green (named)'
19.3741 	EXP 	testChoice: color = 'green (named)'
19.3908 	EXP 	testChoice: color = 'green (named)'
19.4074 	EXP 	testChoice: color = 'green (named)'
19.4240 	EXP 	testChoice: color = 'green (named)'
19.4407 	EXP 	testChoice: color = 'green (named)'
19.4574 	EXP 	testChoice: color = 'green (named)'
19.4741 	EXP 	testChoice: color = 'green (named)'
19.4908 	EXP 	testChoice: color = 'green (named)'
19.5074 	EXP 	testChoice: color = 'green (named)'
19.5242 	EXP 	testChoice: color = 'green (named)'
19.5409 	EXP 	testChoice: color = 'green (named)'
19.5576 	EXP 	testChoice: color = 'green (named)'
19.5742 	EXP 	testChoice: color = 'green (named)'
19.5909 	EXP 	testChoice: color = 'green (named)'
19.6077 	EXP 	testChoice: color = 'green (named)'
19.6243 	EXP 	testChoice: color = 'green (named)'
19.6409 	EXP 	testChoice: color = 'green (named)'
19.6576 	EXP 	testChoice: color = 'green (named)'
19.6743 	EXP 	testChoice: color = 'green (named)'
19.6909 	EXP 	testChoice: color = 'green (named)'
19.7077 	EXP 	testChoice: color = 'green (named)'
19.7244 	EXP 	testChoice: color = 'green (named)'
19.7409 	EXP 	testChoice: color = 'green (named)'
19.7577 	EXP 	testChoice: color = 'green (named)'
19.7743 	EXP 	testChoice: color = 'green (named)'
19.7910 	EXP 	testChoice: color = 'green (named)'
19.8077 	EXP 	testChoice: color = 'green (named)'
19.8244 	EXP 	testChoice: color = 'green (named)'
19.8411 	EXP 	testChoice: color = 'green (named)'
19.8577 	EXP 	testChoice: color = 'green (named)'
19.8744 	EXP 	testChoice: color = 'green (named)'
19.8912 	EXP 	testChoice: color = 'green (named)'
19.9078 	EXP 	testChoice: color = 'green (named)'
19.9244 	EXP 	testChoice: color = 'green (named)'
19.9411 	EXP 	testChoice: color = 'green (named)'
19.9578 	EXP 	testChoice: color = 'green (named)'
19.9746 	EXP 	testChoice: color = 'green (named)'
19.9913 	EXP 	testChoice: color = 'green (named)'
20.0079 	EXP 	testChoice: color = 'green (named)'
20.0246 	EXP 	testChoice: color = 'green (named)'
20.0413 	EXP 	testChoice: color = 'green (named)'
20.0580 	EXP 	testChoice: color = 'green (named)'
20.0747 	EXP 	testChoice: color = 'green (named)'
20.0913 	EXP 	testChoice: color = 'green (named)'
20.1080 	EXP 	blank: autoDraw = False
20.1080 	EXP 	testChoice: color = 'green (named)'
20.1279 	EXP 	window1: mouseVisible = True
