5.7448 	WARNING 	User requested fullscreen with size [1024  768], but screen is actually [1920, 1200]. Using actual size
6.5075 	EXP 	Created window1 = Window(allowGUI=False, allowStencil=False, args=UNKNOWN, autoLog=True, bitsMode=UNKNOWN, blendMode='avg', color=array([0., 0., 0.]), colorSpace='rgb', fullscr=<method-wrapper '__getattribute__' of attributeSetter object at 0x000001881DF4AE10>, gamma=None, gammaErrorPolicy='raise', kwargs=UNKNOWN, lms=UNKNOWN, monitor=<psychopy.monitors.calibTools.Monitor object at 0x000001881DE04B00>, multiSample=False, name='window1', numSamples=2, pos=[0.0, 0.0], screen=0, size=array([1920, 1200]), stereo=False, units='height', useFBO=True, useRetina=False, viewOri=0.0, viewPos=None, viewScale=None, waitBlanking=True, winType='pyglet')
6.5075 	EXP 	window1: recordFrameIntervals = False
6.6737 	EXP 	window1: recordFrameIntervals = True
6.8571 	EXP 	window1: recordFrameIntervals = False
7.0565 	EXP 	Created instruct = TextStim(__class__=<class 'psychopy.visual.text.TextStim'>, alignHoriz='center', alignVert='center', antialias=True, autoLog=True, bold=False, color='white', colorSpace='named', contrast=1.0, depth=0.0, flipHoriz=False, flipVert=False, font='Arial', fontFiles=[], height=0.05, italic=False, languageStyle='LTR', name='instruct', opacity=1.0, ori=0, pos=array([0., 0.]), rgb=array([255., 255., 255.]), text=str(...), units='height', win=Window(...), wrapWidth=1.4)
7.0754 	EXP 	Created regCue = TextStim(__class__=<class 'psychopy.visual.text.TextStim'>, alignHoriz='center', alignVert='center', antialias=True, autoLog=True, bold=False, color='white', colorSpace='named', contrast=1.0, depth=0.0, flipHoriz=False, flipVert=False, font='Arial', fontFiles=[], height=0.1, italic=False, languageStyle='LTR', name='regCue', opacity=1.0, ori=0, pos=array([0., 0.]), rgb=array([255., 255., 255.]), text='REGULATE', units='height', win=Window(...), wrapWidth=1)
7.0920 	EXP 	Created choiceQ = TextStim(__class__=<class 'psychopy.visual.text.TextStim'>, alignHoriz='center', alignVert='center', antialias=True, autoLog=True, bold=False, color='white', colorSpace='named', contrast=1.0, depth=0.0, flipHoriz=False, flipVert=False, font='Arial', fontFiles=[], height=0.05, italic=False, languageStyle='LTR', name='choiceQ', opacity=1.0, ori=0, pos=array([0.  , 0.35]), rgb=array([255., 255., 255.]), text=str(...), units='height', win=Window(...), wrapWidth=1.4)
7.1071 	EXP 	Created testChoice = TextStim(__class__=<class 'psychopy.visual.text.TextStim'>, alignHoriz='center', alignVert='center', antialias=True, autoLog=True, bold=False, color='white', colorSpace='named', contrast=1.0, depth=-2.0, flipHoriz=False, flipVert=False, font='Arial', fontFiles=[], height=0.04, italic=False, languageStyle='LTR', name='testChoice', opacity=1.0, ori=0, pos=array([-0.41,  0.15]), rgb=array([255., 255., 255.]), text='Practice Standardized Test Questions', units='height', win=Window(...), wrapWidth=1)
7.1132 	EXP 	Created videogameChoice = TextStim(__class__=<class 'psychopy.visual.text.TextStim'>, alignHoriz='center', alignVert='center', antialias=True, autoLog=True, bold=False, color='white', colorSpace='named', contrast=1.0, depth=-3.0, flipHoriz=False, flipVert=False, font='Arial', fontFiles=[], height=0.04, italic=False, languageStyle='LTR', name='videogameChoice', opacity=1.0, ori=0, pos=array([0.41, 0.15]), rgb=array([255., 255., 255.]), text='Play a Videogame', units='height', win=Window(...), wrapWidth=1)
7.1176 	EXP 	Created gre = ImageStim(__class__=<class 'psychopy.visual.image.ImageStim'>, autoLog=True, color=array([1., 1., 1.]), colorSpace='rgb', contrast=1.0, depth=-4.0, flipHoriz=False, flipVert=False, image='gre.png', interpolate=True, mask=None, maskParams=None, name='gre', opacity=1.0, ori=0.0, pos=array([-0.41,  0.02]), size=array([0.3  , 0.105]), texRes=128, units='height', win=Window(...))
7.1206 	EXP 	Created gmat = ImageStim(__class__=<class 'psychopy.visual.image.ImageStim'>, autoLog=True, color=array([1., 1., 1.]), colorSpace='rgb', contrast=1.0, depth=-5.0, flipHoriz=False, flipVert=False, image='gmat.png', interpolate=True, mask=None, maskParams=None, name='gmat', opacity=1.0, ori=0.0, pos=array([-0.41, -0.13]), size=array([0.3 , 0.11]), texRes=128, units='height', win=Window(...))
7.1227 	EXP 	Created lsat = ImageStim(__class__=<class 'psychopy.visual.image.ImageStim'>, autoLog=True, color=array([1., 1., 1.]), colorSpace='rgb', contrast=1.0, depth=-6.0, flipHoriz=False, flipVert=False, image='lsat.png', interpolate=True, mask=None, maskParams=None, name='lsat', opacity=1.0, ori=0.0, pos=array([-0.41, -0.27]), size=array([0.3 , 0.11]), texRes=128, units='height', win=Window(...))
7.1260 	EXP 	Created mcat = ImageStim(__class__=<class 'psychopy.visual.image.ImageStim'>, autoLog=True, color=array([1., 1., 1.]), colorSpace='rgb', contrast=1.0, depth=-7.0, flipHoriz=False, flipVert=False, image='mcat.png', interpolate=True, mask=None, maskParams=None, name='mcat', opacity=1.0, ori=0.0, pos=array([-0.41, -0.41]), size=array([0.3 , 0.11]), texRes=128, units='height', win=Window(...))
7.1368 	EXP 	Created game = ImageStim(__class__=<class 'psychopy.visual.image.ImageStim'>, autoLog=True, color=array([1., 1., 1.]), colorSpace='rgb', contrast=1.0, depth=-8.0, flipHoriz=False, flipVert=False, image='game.png', interpolate=True, mask=None, maskParams=None, name='game', opacity=1.0, ori=0.0, pos=array([ 0.41, -0.19]), size=array([0.4, 0.5]), texRes=128, units='height', win=Window(...))
7.1373 	EXP 	Created blank = TextStim(__class__=<class 'psychopy.visual.text.TextStim'>, alignHoriz='center', alignVert='center', antialias=True, autoLog=True, bold=False, color='white', colorSpace='named', contrast=1.0, depth=-9.0, flipHoriz=False, flipVert=False, font='Arial', fontFiles=[], height=0.1, italic=False, languageStyle='LTR', name='blank', opacity=1.0, ori=0, pos=array([0., 0.]), rgb=array([255., 255., 255.]), text='', units='height', win=Window(...), wrapWidth=1)
7.1680 	EXP 	Created testQChoice = TextStim(__class__=<class 'psychopy.visual.text.TextStim'>, alignHoriz='center', alignVert='center', antialias=True, autoLog=True, bold=False, color='white', colorSpace='named', contrast=1.0, depth=0.0, flipHoriz=False, flipVert=False, font='Arial', fontFiles=[], height=0.055, italic=False, languageStyle='LTR', name='testQChoice', opacity=1.0, ori=0, pos=array([0., 0.]), rgb=array([255., 255., 255.]), text=str(...), units='height', win=Window(...), wrapWidth=1.3)
7.1715 	EXP 	Created image = ImageStim(__class__=<class 'psychopy.visual.image.ImageStim'>, autoLog=True, color=array([1., 1., 1.]), colorSpace='rgb', contrast=1.0, depth=-1.0, flipHoriz=False, flipVert=False, image='gre.png', interpolate=True, mask=None, maskParams=None, name='image', opacity=1.0, ori=0.0, pos=array([0.  , 0.25]), size=array([0.5, 0.5]), texRes=128, units='height', win=Window(...))
7.1742 	EXP 	Created image_2 = ImageStim(__class__=<class 'psychopy.visual.image.ImageStim'>, autoLog=True, color=array([1., 1., 1.]), colorSpace='rgb', contrast=1.0, depth=-2.0, flipHoriz=False, flipVert=False, image='gmat.png', interpolate=True, mask=None, maskParams=None, name='image_2', opacity=1.0, ori=0.0, pos=array([0. , 0.1]), size=array([0.5, 0.5]), texRes=128, units='height', win=Window(...))
7.1766 	EXP 	Created image_3 = ImageStim(__class__=<class 'psychopy.visual.image.ImageStim'>, autoLog=True, color=array([1., 1., 1.]), colorSpace='rgb', contrast=1.0, depth=-3.0, flipHoriz=False, flipVert=False, image='lsat.png', interpolate=True, mask=None, maskParams=None, name='image_3', opacity=1.0, ori=0.0, pos=array([ 0.  , -0.05]), size=array([0.5, 0.5]), texRes=128, units='height', win=Window(...))
7.1791 	EXP 	Created image_4 = ImageStim(__class__=<class 'psychopy.visual.image.ImageStim'>, autoLog=True, color=array([1., 1., 1.]), colorSpace='rgb', contrast=1.0, depth=-4.0, flipHoriz=False, flipVert=False, image='mcat.png', interpolate=True, mask=None, maskParams=None, name='image_4', opacity=1.0, ori=0.0, pos=array([ 0. , -0.2]), size=array([0.5, 0.5]), texRes=128, units='height', win=Window(...))
7.2090 	EXP 	instruct: autoDraw = True
8.4666 	DATA 	Keypress: space
8.4753 	EXP 	instruct: autoDraw = False
8.4753 	EXP 	regCue: autoDraw = True
11.4941 	EXP 	regCue: autoDraw = False
11.4941 	EXP 	regCue: autoDraw = False
11.4941 	EXP 	choiceQ: autoDraw = True
11.4941 	EXP 	testChoice: autoDraw = True
11.4941 	EXP 	videogameChoice: autoDraw = True
11.4941 	EXP 	gre: autoDraw = True
11.4941 	EXP 	gmat: autoDraw = True
11.4941 	EXP 	lsat: autoDraw = True
11.4941 	EXP 	mcat: autoDraw = True
11.4941 	EXP 	game: autoDraw = True
14.2015 	DATA 	Keypress: 1
14.2299 	EXP 	blank: autoDraw = True
14.2299 	EXP 	testChoice: color = 'green (named)'
14.2466 	EXP 	testChoice: color = 'green (named)'
14.2631 	EXP 	testChoice: color = 'green (named)'
14.2799 	EXP 	testChoice: color = 'green (named)'
14.2967 	EXP 	testChoice: color = 'green (named)'
14.3132 	EXP 	testChoice: color = 'green (named)'
14.3299 	EXP 	testChoice: color = 'green (named)'
14.3466 	EXP 	testChoice: color = 'green (named)'
14.3633 	EXP 	testChoice: color = 'green (named)'
14.3800 	EXP 	testChoice: color = 'green (named)'
14.3966 	EXP 	testChoice: color = 'green (named)'
14.4133 	EXP 	testChoice: color = 'green (named)'
14.4301 	EXP 	testChoice: color = 'green (named)'
14.4468 	EXP 	testChoice: color = 'green (named)'
14.4634 	EXP 	testChoice: color = 'green (named)'
14.4802 	EXP 	testChoice: color = 'green (named)'
14.4968 	EXP 	testChoice: color = 'green (named)'
14.5136 	EXP 	testChoice: color = 'green (named)'
14.5301 	EXP 	testChoice: color = 'green (named)'
14.5470 	EXP 	testChoice: color = 'green (named)'
14.5635 	EXP 	testChoice: color = 'green (named)'
14.5802 	EXP 	testChoice: color = 'green (named)'
14.5969 	EXP 	testChoice: color = 'green (named)'
14.6135 	EXP 	testChoice: color = 'green (named)'
14.6303 	EXP 	testChoice: color = 'green (named)'
14.6472 	EXP 	testChoice: color = 'green (named)'
14.6635 	EXP 	testChoice: color = 'green (named)'
14.6803 	EXP 	testChoice: color = 'green (named)'
14.6970 	EXP 	testChoice: color = 'green (named)'
14.7136 	EXP 	testChoice: color = 'green (named)'
14.7303 	EXP 	testChoice: color = 'green (named)'
14.7470 	EXP 	testChoice: color = 'green (named)'
14.7638 	EXP 	testChoice: color = 'green (named)'
14.7803 	EXP 	testChoice: color = 'green (named)'
14.7969 	EXP 	testChoice: color = 'green (named)'
14.8138 	EXP 	testChoice: color = 'green (named)'
14.8304 	EXP 	testChoice: color = 'green (named)'
14.8470 	EXP 	testChoice: color = 'green (named)'
14.8637 	EXP 	testChoice: color = 'green (named)'
14.8805 	EXP 	testChoice: color = 'green (named)'
14.8970 	EXP 	testChoice: color = 'green (named)'
14.9137 	EXP 	testChoice: color = 'green (named)'
14.9304 	EXP 	testChoice: color = 'green (named)'
14.9471 	EXP 	testChoice: color = 'green (named)'
14.9637 	EXP 	testChoice: color = 'green (named)'
14.9805 	EXP 	testChoice: color = 'green (named)'
14.9972 	EXP 	testChoice: color = 'green (named)'
15.0138 	EXP 	testChoice: color = 'green (named)'
15.0306 	EXP 	testChoice: color = 'green (named)'
15.0473 	EXP 	testChoice: color = 'green (named)'
15.0639 	EXP 	testChoice: color = 'green (named)'
15.0807 	EXP 	testChoice: color = 'green (named)'
15.0973 	EXP 	testChoice: color = 'green (named)'
15.1140 	EXP 	testChoice: color = 'green (named)'
15.1306 	EXP 	testChoice: color = 'green (named)'
15.1474 	EXP 	testChoice: color = 'green (named)'
15.1642 	EXP 	testChoice: color = 'green (named)'
15.1807 	EXP 	testChoice: color = 'green (named)'
15.1974 	EXP 	testChoice: color = 'green (named)'
15.2140 	EXP 	testChoice: color = 'green (named)'
15.2307 	EXP 	testChoice: color = 'green (named)'
15.2473 	EXP 	testChoice: color = 'green (named)'
15.2640 	EXP 	testChoice: color = 'green (named)'
15.2807 	EXP 	testChoice: color = 'green (named)'
15.2973 	EXP 	testChoice: color = 'green (named)'
15.3140 	EXP 	testChoice: color = 'green (named)'
15.3308 	EXP 	testChoice: color = 'green (named)'
15.3475 	EXP 	testChoice: color = 'green (named)'
15.3642 	EXP 	testChoice: color = 'green (named)'
15.3809 	EXP 	testChoice: color = 'green (named)'
15.3974 	EXP 	testChoice: color = 'green (named)'
15.4142 	EXP 	testChoice: color = 'green (named)'
15.4309 	EXP 	testChoice: color = 'green (named)'
15.4476 	EXP 	testChoice: color = 'green (named)'
15.4643 	EXP 	testChoice: color = 'green (named)'
15.4809 	EXP 	testChoice: color = 'green (named)'
15.4977 	EXP 	testChoice: color = 'green (named)'
15.5143 	EXP 	testChoice: color = 'green (named)'
15.5309 	EXP 	testChoice: color = 'green (named)'
15.5477 	EXP 	testChoice: color = 'green (named)'
15.5643 	EXP 	testChoice: color = 'green (named)'
15.5811 	EXP 	testChoice: color = 'green (named)'
15.5977 	EXP 	testChoice: color = 'green (named)'
15.6144 	EXP 	testChoice: color = 'green (named)'
15.6311 	EXP 	testChoice: color = 'green (named)'
15.6478 	EXP 	testChoice: color = 'green (named)'
15.6644 	EXP 	testChoice: color = 'green (named)'
15.6812 	EXP 	testChoice: color = 'green (named)'
15.6983 	EXP 	testChoice: color = 'green (named)'
15.7148 	EXP 	testChoice: color = 'green (named)'
15.7311 	EXP 	blank: autoDraw = False
15.7311 	EXP 	testChoice: color = 'green (named)'
15.7479 	EXP 	choiceQ: autoDraw = False
15.7479 	EXP 	testChoice: autoDraw = False
15.7479 	EXP 	videogameChoice: autoDraw = False
15.7479 	EXP 	gre: autoDraw = False
15.7479 	EXP 	gmat: autoDraw = False
15.7479 	EXP 	lsat: autoDraw = False
15.7479 	EXP 	mcat: autoDraw = False
15.7479 	EXP 	game: autoDraw = False
15.7479 	EXP 	testChoice: color = 'green (named)'
15.7644 	EXP 	testChoice: color = 'green (named)'
15.7812 	EXP 	testChoice: color = 'green (named)'
15.7979 	EXP 	testChoice: color = 'green (named)'
15.8147 	EXP 	testChoice: color = 'green (named)'
15.8313 	EXP 	testChoice: color = 'green (named)'
15.8480 	EXP 	testChoice: color = 'green (named)'
15.8646 	EXP 	testChoice: color = 'green (named)'
15.8813 	EXP 	testChoice: color = 'green (named)'
15.8980 	EXP 	testChoice: color = 'green (named)'
15.9147 	EXP 	testChoice: color = 'green (named)'
15.9315 	EXP 	testChoice: color = 'green (named)'
15.9481 	EXP 	testChoice: color = 'green (named)'
15.9648 	EXP 	testChoice: color = 'green (named)'
15.9814 	EXP 	testChoice: color = 'green (named)'
15.9982 	EXP 	testChoice: color = 'green (named)'
16.0147 	EXP 	testChoice: color = 'green (named)'
16.0314 	EXP 	testChoice: color = 'green (named)'
16.0481 	EXP 	testChoice: color = 'green (named)'
16.0648 	EXP 	testChoice: color = 'green (named)'
16.0814 	EXP 	testChoice: color = 'green (named)'
16.0982 	EXP 	testChoice: color = 'green (named)'
16.1148 	EXP 	testChoice: color = 'green (named)'
16.1315 	EXP 	testChoice: color = 'green (named)'
16.1481 	EXP 	testChoice: color = 'green (named)'
16.1649 	EXP 	testChoice: color = 'green (named)'
16.1816 	EXP 	testChoice: color = 'green (named)'
16.1982 	EXP 	testChoice: color = 'green (named)'
16.2150 	EXP 	testChoice: color = 'green (named)'
16.2315 	EXP 	testChoice: color = 'green (named)'
16.2483 	EXP 	testChoice: color = 'green (named)'
16.2650 	EXP 	testChoice: color = 'green (named)'
16.2816 	EXP 	testChoice: color = 'green (named)'
16.2983 	EXP 	testChoice: color = 'green (named)'
16.3150 	EXP 	testChoice: color = 'green (named)'
16.3317 	EXP 	testChoice: color = 'green (named)'
16.3483 	EXP 	testChoice: color = 'green (named)'
16.3650 	EXP 	testChoice: color = 'green (named)'
16.3818 	EXP 	testChoice: color = 'green (named)'
16.3984 	EXP 	testChoice: color = 'green (named)'
16.4151 	EXP 	testChoice: color = 'green (named)'
16.4317 	EXP 	testChoice: color = 'green (named)'
16.4483 	EXP 	testChoice: color = 'green (named)'
16.4651 	EXP 	testChoice: color = 'green (named)'
16.4818 	EXP 	testChoice: color = 'green (named)'
16.4985 	EXP 	testChoice: color = 'green (named)'
16.5152 	EXP 	testChoice: color = 'green (named)'
16.5319 	EXP 	testChoice: color = 'green (named)'
16.5484 	EXP 	testChoice: color = 'green (named)'
16.5653 	EXP 	testChoice: color = 'green (named)'
16.5819 	EXP 	testChoice: color = 'green (named)'
16.5986 	EXP 	testChoice: color = 'green (named)'
16.6152 	EXP 	testChoice: color = 'green (named)'
16.6320 	EXP 	testChoice: color = 'green (named)'
16.6485 	EXP 	testChoice: color = 'green (named)'
16.6652 	EXP 	testChoice: color = 'green (named)'
16.6819 	EXP 	testChoice: color = 'green (named)'
16.6986 	EXP 	testChoice: color = 'green (named)'
16.7153 	EXP 	testChoice: color = 'green (named)'
16.7321 	EXP 	testChoice: color = 'green (named)'
16.7487 	EXP 	testChoice: color = 'green (named)'
16.7654 	EXP 	testChoice: color = 'green (named)'
16.7823 	EXP 	testChoice: color = 'green (named)'
16.7988 	EXP 	testChoice: color = 'green (named)'
16.8154 	EXP 	testChoice: color = 'green (named)'
16.8322 	EXP 	testChoice: color = 'green (named)'
16.8488 	EXP 	testChoice: color = 'green (named)'
16.8657 	EXP 	testChoice: color = 'green (named)'
16.8822 	EXP 	testChoice: color = 'green (named)'
16.8988 	EXP 	testChoice: color = 'green (named)'
16.9155 	EXP 	testChoice: color = 'green (named)'
16.9325 	EXP 	testChoice: color = 'green (named)'
16.9489 	EXP 	testChoice: color = 'green (named)'
16.9655 	EXP 	testChoice: color = 'green (named)'
16.9822 	EXP 	testChoice: color = 'green (named)'
16.9989 	EXP 	testChoice: color = 'green (named)'
17.0156 	EXP 	testChoice: color = 'green (named)'
17.0323 	EXP 	testChoice: color = 'green (named)'
17.0489 	EXP 	testChoice: color = 'green (named)'
17.0659 	EXP 	testChoice: color = 'green (named)'
17.0823 	EXP 	testChoice: color = 'green (named)'
17.0990 	EXP 	testChoice: color = 'green (named)'
17.1157 	EXP 	testChoice: color = 'green (named)'
17.1323 	EXP 	testChoice: color = 'green (named)'
17.1490 	EXP 	testChoice: color = 'green (named)'
17.1657 	EXP 	testChoice: color = 'green (named)'
17.1824 	EXP 	testChoice: color = 'green (named)'
17.1990 	EXP 	testChoice: color = 'green (named)'
17.2158 	EXP 	testChoice: color = 'green (named)'
17.2336 	EXP 	testChoice: color = 'green (named)'
17.2513 	EXP 	testChoice: color = 'green (named)'
17.2662 	EXP 	testChoice: color = 'green (named)'
17.2829 	EXP 	testChoice: color = 'green (named)'
17.2998 	EXP 	testChoice: color = 'green (named)'
17.3163 	EXP 	testChoice: color = 'green (named)'
17.3327 	EXP 	testChoice: color = 'green (named)'
17.3493 	EXP 	testChoice: color = 'green (named)'
17.3659 	EXP 	testChoice: color = 'green (named)'
17.3827 	EXP 	testChoice: color = 'green (named)'
17.3992 	EXP 	testChoice: color = 'green (named)'
17.4159 	EXP 	testChoice: color = 'green (named)'
17.4327 	EXP 	testChoice: color = 'green (named)'
17.4492 	EXP 	testChoice: color = 'green (named)'
17.4660 	EXP 	testChoice: color = 'green (named)'
17.4827 	EXP 	testChoice: color = 'green (named)'
17.4994 	EXP 	testChoice: color = 'green (named)'
17.5160 	EXP 	testChoice: color = 'green (named)'
17.5327 	EXP 	testChoice: color = 'green (named)'
17.5494 	EXP 	testChoice: color = 'green (named)'
17.5660 	EXP 	testChoice: color = 'green (named)'
17.5828 	EXP 	testChoice: color = 'green (named)'
17.5994 	EXP 	testChoice: color = 'green (named)'
17.6161 	EXP 	testChoice: color = 'green (named)'
17.6328 	EXP 	testChoice: color = 'green (named)'
17.6495 	EXP 	testChoice: color = 'green (named)'
17.6662 	EXP 	testChoice: color = 'green (named)'
17.6829 	EXP 	testChoice: color = 'green (named)'
17.6995 	EXP 	testChoice: color = 'green (named)'
17.7163 	EXP 	testChoice: color = 'green (named)'
17.7329 	EXP 	testChoice: color = 'green (named)'
17.7495 	EXP 	testChoice: color = 'green (named)'
17.7661 	EXP 	testChoice: color = 'green (named)'
17.7829 	EXP 	testChoice: color = 'green (named)'
17.7996 	EXP 	testChoice: color = 'green (named)'
17.8163 	EXP 	testChoice: color = 'green (named)'
17.8330 	EXP 	testChoice: color = 'green (named)'
17.8497 	EXP 	testChoice: color = 'green (named)'
17.8663 	EXP 	testChoice: color = 'green (named)'
17.8832 	EXP 	testChoice: color = 'green (named)'
17.8997 	EXP 	testChoice: color = 'green (named)'
17.9163 	EXP 	testChoice: color = 'green (named)'
17.9331 	EXP 	testChoice: color = 'green (named)'
17.9497 	EXP 	testChoice: color = 'green (named)'
17.9664 	EXP 	testChoice: color = 'green (named)'
17.9831 	EXP 	testChoice: color = 'green (named)'
17.9998 	EXP 	testChoice: color = 'green (named)'
18.0165 	EXP 	testChoice: color = 'green (named)'
18.0331 	EXP 	testChoice: color = 'green (named)'
18.0499 	EXP 	testChoice: color = 'green (named)'
18.0665 	EXP 	testChoice: color = 'green (named)'
18.0832 	EXP 	testChoice: color = 'green (named)'
18.0998 	EXP 	testChoice: color = 'green (named)'
18.1165 	EXP 	testChoice: color = 'green (named)'
18.1332 	EXP 	testChoice: color = 'green (named)'
18.1499 	EXP 	testChoice: color = 'green (named)'
18.1665 	EXP 	testChoice: color = 'green (named)'
18.1834 	EXP 	testChoice: color = 'green (named)'
18.1999 	EXP 	testChoice: color = 'green (named)'
18.2166 	EXP 	testChoice: color = 'green (named)'
18.2332 	EXP 	testChoice: color = 'green (named)'
18.2499 	EXP 	testChoice: color = 'green (named)'
18.2666 	EXP 	testChoice: color = 'green (named)'
18.2834 	EXP 	testChoice: color = 'green (named)'
18.3000 	EXP 	testChoice: color = 'green (named)'
18.3167 	EXP 	testChoice: color = 'green (named)'
18.3334 	EXP 	testChoice: color = 'green (named)'
18.3501 	EXP 	testChoice: color = 'green (named)'
18.3667 	EXP 	testChoice: color = 'green (named)'
18.3836 	EXP 	testChoice: color = 'green (named)'
18.4002 	EXP 	testChoice: color = 'green (named)'
18.4168 	EXP 	testChoice: color = 'green (named)'
18.4334 	EXP 	testChoice: color = 'green (named)'
18.4501 	EXP 	testChoice: color = 'green (named)'
18.4668 	EXP 	testChoice: color = 'green (named)'
18.4836 	EXP 	testChoice: color = 'green (named)'
18.5002 	EXP 	testChoice: color = 'green (named)'
18.5168 	EXP 	testChoice: color = 'green (named)'
18.5336 	EXP 	testChoice: color = 'green (named)'
18.5502 	EXP 	testChoice: color = 'green (named)'
18.5669 	EXP 	testChoice: color = 'green (named)'
18.5837 	EXP 	testChoice: color = 'green (named)'
18.6002 	EXP 	testChoice: color = 'green (named)'
18.6170 	EXP 	testChoice: color = 'green (named)'
18.6336 	EXP 	testChoice: color = 'green (named)'
18.6503 	EXP 	testChoice: color = 'green (named)'
18.6670 	EXP 	testChoice: color = 'green (named)'
18.6839 	EXP 	testChoice: color = 'green (named)'
18.7005 	EXP 	testChoice: color = 'green (named)'
18.7173 	EXP 	testChoice: color = 'green (named)'
18.7337 	EXP 	testChoice: color = 'green (named)'
18.7503 	EXP 	testChoice: color = 'green (named)'
18.7668 	EXP 	testChoice: color = 'green (named)'
18.7838 	EXP 	testChoice: color = 'green (named)'
18.8005 	EXP 	testChoice: color = 'green (named)'
18.8172 	EXP 	testChoice: color = 'green (named)'
18.8338 	EXP 	testChoice: color = 'green (named)'
18.8505 	EXP 	testChoice: color = 'green (named)'
18.8671 	EXP 	testChoice: color = 'green (named)'
18.8838 	EXP 	testChoice: color = 'green (named)'
18.9005 	EXP 	testChoice: color = 'green (named)'
18.9172 	EXP 	testChoice: color = 'green (named)'
18.9339 	EXP 	testChoice: color = 'green (named)'
18.9508 	EXP 	testChoice: color = 'green (named)'
18.9672 	EXP 	testChoice: color = 'green (named)'
18.9840 	EXP 	testChoice: color = 'green (named)'
19.0007 	EXP 	testChoice: color = 'green (named)'
19.0173 	EXP 	testChoice: color = 'green (named)'
19.0340 	EXP 	testChoice: color = 'green (named)'
19.0507 	EXP 	testChoice: color = 'green (named)'
19.0673 	EXP 	testChoice: color = 'green (named)'
19.0840 	EXP 	testChoice: color = 'green (named)'
19.1006 	EXP 	testChoice: color = 'green (named)'
19.1174 	EXP 	testChoice: color = 'green (named)'
19.1338 	EXP 	testChoice: color = 'green (named)'
19.1507 	EXP 	testChoice: color = 'green (named)'
19.1673 	EXP 	testChoice: color = 'green (named)'
19.1840 	EXP 	testChoice: color = 'green (named)'
19.2010 	EXP 	testChoice: color = 'green (named)'
19.2174 	EXP 	testChoice: color = 'green (named)'
19.2341 	EXP 	testChoice: color = 'green (named)'
19.2507 	EXP 	testChoice: color = 'green (named)'
19.2674 	EXP 	testChoice: color = 'green (named)'
19.2840 	EXP 	testChoice: color = 'green (named)'
19.3009 	EXP 	testChoice: color = 'green (named)'
19.3175 	EXP 	testChoice: color = 'green (named)'
19.3342 	EXP 	testChoice: color = 'green (named)'
19.3508 	EXP 	testChoice: color = 'green (named)'
19.3675 	EXP 	testChoice: color = 'green (named)'
19.3843 	EXP 	testChoice: color = 'green (named)'
19.4010 	EXP 	testChoice: color = 'green (named)'
19.4176 	EXP 	testChoice: color = 'green (named)'
19.4344 	EXP 	testChoice: color = 'green (named)'
19.4510 	EXP 	testChoice: color = 'green (named)'
19.4677 	EXP 	testChoice: color = 'green (named)'
19.4844 	EXP 	testChoice: color = 'green (named)'
19.5010 	EXP 	testChoice: color = 'green (named)'
19.5177 	EXP 	testChoice: color = 'green (named)'
19.5344 	EXP 	testChoice: color = 'green (named)'
19.5511 	EXP 	testChoice: color = 'green (named)'
19.5678 	EXP 	testChoice: color = 'green (named)'
19.5845 	EXP 	testChoice: color = 'green (named)'
19.6011 	EXP 	testChoice: color = 'green (named)'
19.6177 	EXP 	testChoice: color = 'green (named)'
19.6343 	EXP 	testChoice: color = 'green (named)'
19.6511 	EXP 	testChoice: color = 'green (named)'
19.6677 	EXP 	testChoice: color = 'green (named)'
19.6844 	EXP 	testChoice: color = 'green (named)'
19.7012 	EXP 	testChoice: color = 'green (named)'
19.7178 	EXP 	testChoice: color = 'green (named)'
19.7345 	EXP 	testChoice: color = 'green (named)'
19.7513 	EXP 	testChoice: color = 'green (named)'
19.7677 	EXP 	testChoice: color = 'green (named)'
19.7847 	EXP 	testChoice: color = 'green (named)'
19.8013 	EXP 	testChoice: color = 'green (named)'
19.8179 	EXP 	testChoice: color = 'green (named)'
19.8346 	EXP 	testChoice: color = 'green (named)'
19.8513 	EXP 	testChoice: color = 'green (named)'
19.8679 	EXP 	testChoice: color = 'green (named)'
19.8847 	EXP 	testChoice: color = 'green (named)'
19.9014 	EXP 	testChoice: color = 'green (named)'
19.9180 	EXP 	testChoice: color = 'green (named)'
19.9348 	EXP 	testChoice: color = 'green (named)'
19.9514 	EXP 	testChoice: color = 'green (named)'
19.9680 	EXP 	testChoice: color = 'green (named)'
19.9847 	EXP 	testChoice: color = 'green (named)'
20.0014 	EXP 	testChoice: color = 'green (named)'
20.0182 	EXP 	testChoice: color = 'green (named)'
20.0350 	EXP 	testChoice: color = 'green (named)'
20.0515 	EXP 	testChoice: color = 'green (named)'
20.0682 	EXP 	testChoice: color = 'green (named)'
20.0850 	EXP 	testChoice: color = 'green (named)'
20.1015 	EXP 	testChoice: color = 'green (named)'
20.1182 	EXP 	testChoice: color = 'green (named)'
20.1349 	EXP 	testChoice: color = 'green (named)'
20.1516 	EXP 	testChoice: color = 'green (named)'
20.1682 	EXP 	testChoice: color = 'green (named)'
20.1849 	EXP 	testChoice: color = 'green (named)'
20.2016 	EXP 	testChoice: color = 'green (named)'
20.2183 	EXP 	testChoice: color = 'green (named)'
20.2350 	EXP 	testChoice: color = 'green (named)'
20.2516 	EXP 	testChoice: color = 'green (named)'
20.2682 	EXP 	testChoice: color = 'green (named)'
20.2850 	EXP 	testChoice: color = 'green (named)'
20.3017 	EXP 	testChoice: color = 'green (named)'
20.3184 	EXP 	testChoice: color = 'green (named)'
20.3351 	EXP 	testChoice: color = 'green (named)'
20.3518 	EXP 	testChoice: color = 'green (named)'
20.3684 	EXP 	testChoice: color = 'green (named)'
20.3851 	EXP 	testChoice: color = 'green (named)'
20.4018 	EXP 	testChoice: color = 'green (named)'
20.4184 	EXP 	testChoice: color = 'green (named)'
20.4354 	EXP 	testChoice: color = 'green (named)'
20.4518 	EXP 	testChoice: color = 'green (named)'
20.4685 	EXP 	testChoice: color = 'green (named)'
20.4853 	EXP 	testChoice: color = 'green (named)'
20.5019 	EXP 	testChoice: color = 'green (named)'
20.5186 	EXP 	testChoice: color = 'green (named)'
20.5352 	EXP 	testChoice: color = 'green (named)'
20.5521 	EXP 	testChoice: color = 'green (named)'
20.5685 	EXP 	testChoice: color = 'green (named)'
20.5853 	EXP 	testChoice: color = 'green (named)'
20.6022 	EXP 	testChoice: color = 'green (named)'
20.6187 	EXP 	testChoice: color = 'green (named)'
20.6353 	EXP 	testChoice: color = 'green (named)'
20.6519 	EXP 	testChoice: color = 'green (named)'
20.6686 	EXP 	testChoice: color = 'green (named)'
20.6854 	EXP 	testChoice: color = 'green (named)'
20.7021 	EXP 	testChoice: color = 'green (named)'
20.7187 	EXP 	testChoice: color = 'green (named)'
20.7353 	EXP 	testChoice: color = 'green (named)'
20.7521 	EXP 	testChoice: color = 'green (named)'
20.7685 	EXP 	testChoice: color = 'green (named)'
20.7855 	EXP 	testChoice: color = 'green (named)'
20.8020 	EXP 	testChoice: color = 'green (named)'
20.8187 	EXP 	testChoice: color = 'green (named)'
20.8354 	EXP 	testChoice: color = 'green (named)'
20.8521 	EXP 	testChoice: color = 'green (named)'
20.8687 	EXP 	testChoice: color = 'green (named)'
20.8855 	EXP 	testChoice: color = 'green (named)'
20.9022 	EXP 	testChoice: color = 'green (named)'
20.9188 	EXP 	testChoice: color = 'green (named)'
20.9356 	EXP 	testChoice: color = 'green (named)'
20.9523 	EXP 	testChoice: color = 'green (named)'
20.9688 	EXP 	testChoice: color = 'green (named)'
20.9856 	EXP 	testChoice: color = 'green (named)'
21.0023 	EXP 	testChoice: color = 'green (named)'
21.0190 	EXP 	testChoice: color = 'green (named)'
21.0359 	EXP 	testChoice: color = 'green (named)'
21.0524 	EXP 	testChoice: color = 'green (named)'
21.0689 	EXP 	testChoice: color = 'green (named)'
21.0857 	EXP 	testChoice: color = 'green (named)'
21.1025 	EXP 	testChoice: color = 'green (named)'
21.1191 	EXP 	testChoice: color = 'green (named)'
21.1357 	EXP 	testChoice: color = 'green (named)'
21.1524 	EXP 	testChoice: color = 'green (named)'
21.1691 	EXP 	testChoice: color = 'green (named)'
21.1857 	EXP 	testChoice: color = 'green (named)'
21.2025 	EXP 	testChoice: color = 'green (named)'
21.2191 	EXP 	testChoice: color = 'green (named)'
21.2358 	EXP 	testChoice: color = 'green (named)'
21.2525 	EXP 	testChoice: color = 'green (named)'
21.2692 	EXP 	testChoice: color = 'green (named)'
21.2858 	EXP 	testChoice: color = 'green (named)'
21.3025 	EXP 	testChoice: color = 'green (named)'
21.3192 	EXP 	testChoice: color = 'green (named)'
21.3360 	EXP 	testChoice: color = 'green (named)'
21.3527 	EXP 	testChoice: color = 'green (named)'
21.3692 	EXP 	testChoice: color = 'green (named)'
21.3859 	EXP 	testChoice: color = 'green (named)'
21.4027 	EXP 	testChoice: color = 'green (named)'
21.4193 	EXP 	testChoice: color = 'green (named)'
21.4362 	EXP 	testChoice: color = 'green (named)'
21.4528 	EXP 	testChoice: color = 'green (named)'
21.4693 	EXP 	testChoice: color = 'green (named)'
21.4862 	EXP 	testChoice: color = 'green (named)'
21.5027 	EXP 	testChoice: color = 'green (named)'
21.5193 	EXP 	testChoice: color = 'green (named)'
21.5361 	EXP 	testChoice: color = 'green (named)'
21.5528 	EXP 	testChoice: color = 'green (named)'
21.5694 	EXP 	testChoice: color = 'green (named)'
21.5861 	EXP 	testChoice: color = 'green (named)'
21.6027 	EXP 	testChoice: color = 'green (named)'
21.6194 	EXP 	testChoice: color = 'green (named)'
21.6361 	EXP 	testChoice: color = 'green (named)'
21.6549 	EXP 	testChoice: color = 'green (named)'
21.6694 	EXP 	testChoice: color = 'green (named)'
21.6861 	EXP 	testChoice: color = 'green (named)'
21.7028 	EXP 	testChoice: color = 'green (named)'
21.7195 	EXP 	testChoice: color = 'green (named)'
21.7362 	EXP 	testChoice: color = 'green (named)'
21.7528 	EXP 	testChoice: color = 'green (named)'
21.7694 	EXP 	testChoice: color = 'green (named)'
21.7862 	EXP 	testChoice: color = 'green (named)'
21.8029 	EXP 	testChoice: color = 'green (named)'
21.8196 	EXP 	testChoice: color = 'green (named)'
21.8362 	EXP 	testChoice: color = 'green (named)'
21.8529 	EXP 	testChoice: color = 'green (named)'
21.8696 	EXP 	testChoice: color = 'green (named)'
21.8863 	EXP 	testChoice: color = 'green (named)'
21.9030 	EXP 	testChoice: color = 'green (named)'
21.9196 	EXP 	testChoice: color = 'green (named)'
21.9365 	EXP 	testChoice: color = 'green (named)'
21.9530 	EXP 	testChoice: color = 'green (named)'
21.9697 	EXP 	testChoice: color = 'green (named)'
21.9866 	EXP 	testChoice: color = 'green (named)'
22.0031 	EXP 	testChoice: color = 'green (named)'
22.0198 	EXP 	testChoice: color = 'green (named)'
22.0364 	EXP 	testChoice: color = 'green (named)'
22.0531 	EXP 	testChoice: color = 'green (named)'
22.0698 	EXP 	testChoice: color = 'green (named)'
22.0864 	EXP 	testChoice: color = 'green (named)'
22.1031 	EXP 	testChoice: color = 'green (named)'
22.1198 	EXP 	testChoice: color = 'green (named)'
22.1365 	EXP 	testChoice: color = 'green (named)'
22.1532 	EXP 	testChoice: color = 'green (named)'
22.1699 	EXP 	testChoice: color = 'green (named)'
22.1866 	EXP 	testChoice: color = 'green (named)'
22.2032 	EXP 	testChoice: color = 'green (named)'
22.2199 	EXP 	testChoice: color = 'green (named)'
22.2366 	EXP 	testChoice: color = 'green (named)'
22.2534 	EXP 	testChoice: color = 'green (named)'
22.2700 	EXP 	testChoice: color = 'green (named)'
22.2866 	EXP 	testChoice: color = 'green (named)'
22.3034 	EXP 	testChoice: color = 'green (named)'
22.3200 	EXP 	testChoice: color = 'green (named)'
22.3368 	EXP 	testChoice: color = 'green (named)'
22.3534 	EXP 	testChoice: color = 'green (named)'
22.3700 	EXP 	testChoice: color = 'green (named)'
22.3866 	EXP 	testChoice: color = 'green (named)'
22.4034 	EXP 	testChoice: color = 'green (named)'
22.4200 	EXP 	testChoice: color = 'green (named)'
22.4368 	EXP 	testChoice: color = 'green (named)'
22.4535 	EXP 	testChoice: color = 'green (named)'
22.4701 	EXP 	testChoice: color = 'green (named)'
22.4868 	EXP 	testChoice: color = 'green (named)'
22.5035 	EXP 	testChoice: color = 'green (named)'
22.5201 	EXP 	testChoice: color = 'green (named)'
22.5368 	EXP 	testChoice: color = 'green (named)'
22.5535 	EXP 	testChoice: color = 'green (named)'
22.5701 	EXP 	testChoice: color = 'green (named)'
22.5868 	EXP 	testChoice: color = 'green (named)'
22.6036 	EXP 	testChoice: color = 'green (named)'
22.6202 	EXP 	testChoice: color = 'green (named)'
22.6370 	EXP 	testChoice: color = 'green (named)'
22.6537 	EXP 	testChoice: color = 'green (named)'
22.6703 	EXP 	testChoice: color = 'green (named)'
22.6870 	EXP 	testChoice: color = 'green (named)'
22.7037 	EXP 	testChoice: color = 'green (named)'
22.7205 	EXP 	testChoice: color = 'green (named)'
22.7372 	EXP 	testChoice: color = 'green (named)'
22.7537 	EXP 	testChoice: color = 'green (named)'
22.7702 	EXP 	testChoice: color = 'green (named)'
22.7873 	EXP 	testChoice: color = 'green (named)'
22.8038 	EXP 	testChoice: color = 'green (named)'
22.8205 	EXP 	testChoice: color = 'green (named)'
22.8371 	EXP 	testChoice: color = 'green (named)'
22.8539 	EXP 	testChoice: color = 'green (named)'
22.8705 	EXP 	testChoice: color = 'green (named)'
22.8872 	EXP 	testChoice: color = 'green (named)'
22.9039 	EXP 	testChoice: color = 'green (named)'
22.9208 	EXP 	testChoice: color = 'green (named)'
22.9372 	EXP 	testChoice: color = 'green (named)'
22.9539 	EXP 	testChoice: color = 'green (named)'
22.9705 	EXP 	testChoice: color = 'green (named)'
22.9871 	EXP 	testChoice: color = 'green (named)'
23.0039 	EXP 	testChoice: color = 'green (named)'
23.0205 	EXP 	testChoice: color = 'green (named)'
23.0372 	EXP 	testChoice: color = 'green (named)'
23.0539 	EXP 	testChoice: color = 'green (named)'
23.0707 	EXP 	testChoice: color = 'green (named)'
23.0873 	EXP 	testChoice: color = 'green (named)'
23.1039 	EXP 	testChoice: color = 'green (named)'
23.1207 	EXP 	testChoice: color = 'green (named)'
23.1373 	EXP 	testChoice: color = 'green (named)'
23.1540 	EXP 	testChoice: color = 'green (named)'
23.1707 	EXP 	testChoice: color = 'green (named)'
23.1874 	EXP 	testChoice: color = 'green (named)'
23.2040 	EXP 	testChoice: color = 'green (named)'
23.2208 	EXP 	testChoice: color = 'green (named)'
23.2373 	EXP 	testChoice: color = 'green (named)'
23.2540 	EXP 	testChoice: color = 'green (named)'
23.2708 	EXP 	testChoice: color = 'green (named)'
23.2874 	EXP 	testChoice: color = 'green (named)'
23.3041 	EXP 	testChoice: color = 'green (named)'
23.3209 	EXP 	testChoice: color = 'green (named)'
23.3376 	EXP 	testChoice: color = 'green (named)'
23.3542 	EXP 	testChoice: color = 'green (named)'
23.3709 	EXP 	testChoice: color = 'green (named)'
23.3875 	EXP 	testChoice: color = 'green (named)'
23.4042 	EXP 	testChoice: color = 'green (named)'
23.4208 	EXP 	testChoice: color = 'green (named)'
23.4377 	EXP 	testChoice: color = 'green (named)'
23.4543 	EXP 	testChoice: color = 'green (named)'
23.4710 	EXP 	testChoice: color = 'green (named)'
23.4876 	EXP 	testChoice: color = 'green (named)'
23.5044 	EXP 	testChoice: color = 'green (named)'
23.5210 	EXP 	testChoice: color = 'green (named)'
23.5376 	EXP 	testChoice: color = 'green (named)'
23.5544 	EXP 	testChoice: color = 'green (named)'
23.5710 	EXP 	testChoice: color = 'green (named)'
23.5877 	EXP 	testChoice: color = 'green (named)'
23.6044 	EXP 	testChoice: color = 'green (named)'
23.6211 	EXP 	testChoice: color = 'green (named)'
23.6377 	EXP 	testChoice: color = 'green (named)'
23.6545 	EXP 	testChoice: color = 'green (named)'
23.6711 	EXP 	testChoice: color = 'green (named)'
23.6878 	EXP 	testChoice: color = 'green (named)'
23.7045 	EXP 	testChoice: color = 'green (named)'
23.7212 	EXP 	testChoice: color = 'green (named)'
23.7378 	EXP 	testChoice: color = 'green (named)'
23.7545 	EXP 	testChoice: color = 'green (named)'
23.7711 	EXP 	testChoice: color = 'green (named)'
23.7879 	EXP 	testChoice: color = 'green (named)'
23.8047 	EXP 	testChoice: color = 'green (named)'
23.8213 	EXP 	testChoice: color = 'green (named)'
23.8380 	EXP 	testChoice: color = 'green (named)'
23.8546 	EXP 	testChoice: color = 'green (named)'
23.8713 	EXP 	testChoice: color = 'green (named)'
23.8880 	EXP 	testChoice: color = 'green (named)'
23.9047 	EXP 	testChoice: color = 'green (named)'
23.9213 	EXP 	testChoice: color = 'green (named)'
23.9381 	EXP 	testChoice: color = 'green (named)'
23.9547 	EXP 	testChoice: color = 'green (named)'
23.9714 	EXP 	testChoice: color = 'green (named)'
23.9881 	EXP 	testChoice: color = 'green (named)'
24.0048 	EXP 	testChoice: color = 'green (named)'
24.0214 	EXP 	testChoice: color = 'green (named)'
24.0381 	EXP 	testChoice: color = 'green (named)'
24.0548 	EXP 	testChoice: color = 'green (named)'
24.0715 	EXP 	testChoice: color = 'green (named)'
24.0881 	EXP 	testChoice: color = 'green (named)'
24.1048 	EXP 	testChoice: color = 'green (named)'
24.1215 	EXP 	testChoice: color = 'green (named)'
24.1382 	EXP 	testChoice: color = 'green (named)'
24.1549 	EXP 	testChoice: color = 'green (named)'
24.1716 	EXP 	testChoice: color = 'green (named)'
24.1882 	EXP 	testChoice: color = 'green (named)'
24.2050 	EXP 	testChoice: color = 'green (named)'
24.2216 	EXP 	testChoice: color = 'green (named)'
24.2384 	EXP 	testChoice: color = 'green (named)'
24.2550 	EXP 	testChoice: color = 'green (named)'
24.2716 	EXP 	testChoice: color = 'green (named)'
24.2883 	EXP 	testChoice: color = 'green (named)'
24.3049 	EXP 	testChoice: color = 'green (named)'
24.3217 	EXP 	testChoice: color = 'green (named)'
24.3384 	EXP 	testChoice: color = 'green (named)'
24.3552 	EXP 	testChoice: color = 'green (named)'
24.3717 	EXP 	testChoice: color = 'green (named)'
24.3884 	EXP 	testChoice: color = 'green (named)'
24.4053 	EXP 	testChoice: color = 'green (named)'
24.4218 	EXP 	testChoice: color = 'green (named)'
24.4386 	EXP 	testChoice: color = 'green (named)'
24.4552 	EXP 	testChoice: color = 'green (named)'
24.4718 	EXP 	testChoice: color = 'green (named)'
24.4885 	EXP 	testChoice: color = 'green (named)'
24.5054 	EXP 	testChoice: color = 'green (named)'
24.5219 	EXP 	testChoice: color = 'green (named)'
24.5385 	EXP 	testChoice: color = 'green (named)'
24.5552 	EXP 	testChoice: color = 'green (named)'
24.5719 	EXP 	testChoice: color = 'green (named)'
24.5889 	EXP 	testChoice: color = 'green (named)'
24.6053 	EXP 	testChoice: color = 'green (named)'
24.6219 	EXP 	testChoice: color = 'green (named)'
24.6386 	EXP 	testChoice: color = 'green (named)'
24.6553 	EXP 	testChoice: color = 'green (named)'
24.6721 	EXP 	testChoice: color = 'green (named)'
24.6886 	EXP 	testChoice: color = 'green (named)'
24.7054 	EXP 	testChoice: color = 'green (named)'
24.7220 	EXP 	testChoice: color = 'green (named)'
24.7387 	EXP 	testChoice: color = 'green (named)'
24.7554 	EXP 	testChoice: color = 'green (named)'
24.7721 	EXP 	testChoice: color = 'green (named)'
24.7887 	EXP 	testChoice: color = 'green (named)'
24.8055 	EXP 	testChoice: color = 'green (named)'
24.8221 	EXP 	testChoice: color = 'green (named)'
24.8388 	EXP 	testChoice: color = 'green (named)'
24.8555 	EXP 	testChoice: color = 'green (named)'
24.8721 	EXP 	testChoice: color = 'green (named)'
24.8888 	EXP 	testChoice: color = 'green (named)'
24.9055 	EXP 	testChoice: color = 'green (named)'
24.9222 	EXP 	testChoice: color = 'green (named)'
24.9388 	EXP 	testChoice: color = 'green (named)'
24.9556 	EXP 	testChoice: color = 'green (named)'
24.9721 	EXP 	testChoice: color = 'green (named)'
24.9889 	EXP 	testChoice: color = 'green (named)'
25.0056 	EXP 	testChoice: color = 'green (named)'
25.0223 	EXP 	testChoice: color = 'green (named)'
25.0390 	EXP 	testChoice: color = 'green (named)'
25.0557 	EXP 	testChoice: color = 'green (named)'
25.0724 	EXP 	testChoice: color = 'green (named)'
25.0890 	EXP 	testChoice: color = 'green (named)'
25.1057 	EXP 	testChoice: color = 'green (named)'
25.1224 	EXP 	testChoice: color = 'green (named)'
25.1390 	EXP 	testChoice: color = 'green (named)'
25.1557 	EXP 	testChoice: color = 'green (named)'
25.1724 	EXP 	testChoice: color = 'green (named)'
25.1890 	EXP 	testChoice: color = 'green (named)'
25.2058 	EXP 	testChoice: color = 'green (named)'
25.2225 	EXP 	testChoice: color = 'green (named)'
25.2391 	EXP 	testChoice: color = 'green (named)'
25.2558 	EXP 	testChoice: color = 'green (named)'
25.2726 	EXP 	testChoice: color = 'green (named)'
25.2892 	EXP 	testChoice: color = 'green (named)'
25.3059 	EXP 	testChoice: color = 'green (named)'
25.3226 	EXP 	testChoice: color = 'green (named)'
25.3392 	EXP 	testChoice: color = 'green (named)'
25.3559 	EXP 	testChoice: color = 'green (named)'
25.3726 	EXP 	testChoice: color = 'green (named)'
25.3893 	EXP 	testChoice: color = 'green (named)'
25.4059 	EXP 	testChoice: color = 'green (named)'
25.4227 	EXP 	testChoice: color = 'green (named)'
25.4393 	EXP 	testChoice: color = 'green (named)'
25.4560 	EXP 	testChoice: color = 'green (named)'
25.4728 	EXP 	testChoice: color = 'green (named)'
25.4893 	EXP 	testChoice: color = 'green (named)'
25.5060 	EXP 	testChoice: color = 'green (named)'
25.5226 	EXP 	testChoice: color = 'green (named)'
25.5393 	EXP 	testChoice: color = 'green (named)'
25.5561 	EXP 	testChoice: color = 'green (named)'
25.5728 	EXP 	testChoice: color = 'green (named)'
25.5895 	EXP 	testChoice: color = 'green (named)'
25.6061 	EXP 	testChoice: color = 'green (named)'
25.6229 	EXP 	testChoice: color = 'green (named)'
25.6395 	EXP 	testChoice: color = 'green (named)'
25.6561 	EXP 	testChoice: color = 'green (named)'
25.6728 	EXP 	testChoice: color = 'green (named)'
25.6895 	EXP 	testChoice: color = 'green (named)'
25.7061 	EXP 	testChoice: color = 'green (named)'
25.7230 	EXP 	testChoice: color = 'green (named)'
25.7395 	EXP 	testChoice: color = 'green (named)'
25.7561 	EXP 	testChoice: color = 'green (named)'
25.7728 	EXP 	testChoice: color = 'green (named)'
25.7896 	EXP 	testChoice: color = 'green (named)'
25.8063 	EXP 	testChoice: color = 'green (named)'
25.8229 	EXP 	testChoice: color = 'green (named)'
25.8398 	EXP 	testChoice: color = 'green (named)'
25.8564 	EXP 	testChoice: color = 'green (named)'
25.8730 	EXP 	testChoice: color = 'green (named)'
25.8898 	EXP 	testChoice: color = 'green (named)'
25.9063 	EXP 	testChoice: color = 'green (named)'
25.9232 	EXP 	testChoice: color = 'green (named)'
25.9397 	EXP 	testChoice: color = 'green (named)'
25.9568 	EXP 	testChoice: color = 'green (named)'
25.9731 	EXP 	testChoice: color = 'green (named)'
25.9897 	EXP 	testChoice: color = 'green (named)'
26.0065 	EXP 	testChoice: color = 'green (named)'
26.0231 	EXP 	testChoice: color = 'green (named)'
26.0398 	EXP 	testChoice: color = 'green (named)'
26.0565 	EXP 	testChoice: color = 'green (named)'
26.0731 	EXP 	testChoice: color = 'green (named)'
26.0899 	EXP 	testChoice: color = 'green (named)'
26.1065 	EXP 	testChoice: color = 'green (named)'
26.1232 	EXP 	testChoice: color = 'green (named)'
26.1399 	EXP 	testChoice: color = 'green (named)'
26.1565 	EXP 	testChoice: color = 'green (named)'
26.1733 	EXP 	testChoice: color = 'green (named)'
26.1899 	EXP 	testChoice: color = 'green (named)'
26.2066 	EXP 	testChoice: color = 'green (named)'
26.2233 	EXP 	testChoice: color = 'green (named)'
26.2400 	EXP 	testChoice: color = 'green (named)'
26.2566 	EXP 	testChoice: color = 'green (named)'
26.2733 	EXP 	testChoice: color = 'green (named)'
26.2900 	EXP 	testChoice: color = 'green (named)'
26.3068 	EXP 	testChoice: color = 'green (named)'
26.3233 	EXP 	testChoice: color = 'green (named)'
26.3401 	EXP 	testChoice: color = 'green (named)'
26.3568 	EXP 	testChoice: color = 'green (named)'
26.3736 	EXP 	testChoice: color = 'green (named)'
26.3901 	EXP 	testChoice: color = 'green (named)'
26.4067 	EXP 	testChoice: color = 'green (named)'
26.4233 	EXP 	testChoice: color = 'green (named)'
26.4403 	EXP 	testChoice: color = 'green (named)'
26.4568 	EXP 	testChoice: color = 'green (named)'
26.4736 	EXP 	testChoice: color = 'green (named)'
26.4902 	EXP 	testChoice: color = 'green (named)'
26.5069 	EXP 	testChoice: color = 'green (named)'
26.5235 	EXP 	testChoice: color = 'green (named)'
26.5402 	EXP 	testChoice: color = 'green (named)'
26.5569 	EXP 	testChoice: color = 'green (named)'
26.5734 	EXP 	testChoice: color = 'green (named)'
26.5902 	EXP 	testChoice: color = 'green (named)'
26.6069 	EXP 	testChoice: color = 'green (named)'
26.6235 	EXP 	testChoice: color = 'green (named)'
26.6403 	EXP 	testChoice: color = 'green (named)'
26.6570 	EXP 	testChoice: color = 'green (named)'
26.6736 	EXP 	testChoice: color = 'green (named)'
26.6903 	EXP 	testChoice: color = 'green (named)'
26.7070 	EXP 	testChoice: color = 'green (named)'
26.7236 	EXP 	testChoice: color = 'green (named)'
26.7406 	EXP 	testChoice: color = 'green (named)'
26.7571 	EXP 	testChoice: color = 'green (named)'
26.7737 	EXP 	testChoice: color = 'green (named)'
26.7905 	EXP 	testChoice: color = 'green (named)'
26.8071 	EXP 	testChoice: color = 'green (named)'
26.8238 	EXP 	testChoice: color = 'green (named)'
26.8405 	EXP 	testChoice: color = 'green (named)'
26.8571 	EXP 	testChoice: color = 'green (named)'
26.8738 	EXP 	testChoice: color = 'green (named)'
26.8905 	EXP 	testChoice: color = 'green (named)'
26.9072 	EXP 	testChoice: color = 'green (named)'
26.9239 	EXP 	testChoice: color = 'green (named)'
26.9406 	EXP 	testChoice: color = 'green (named)'
26.9575 	EXP 	testChoice: color = 'green (named)'
26.9739 	EXP 	testChoice: color = 'green (named)'
26.9905 	EXP 	testChoice: color = 'green (named)'
27.0072 	EXP 	testChoice: color = 'green (named)'
27.0240 	EXP 	testChoice: color = 'green (named)'
27.0407 	EXP 	testChoice: color = 'green (named)'
27.0572 	EXP 	testChoice: color = 'green (named)'
27.0740 	EXP 	testChoice: color = 'green (named)'
27.0907 	EXP 	testChoice: color = 'green (named)'
27.1073 	EXP 	testChoice: color = 'green (named)'
27.1240 	EXP 	testChoice: color = 'green (named)'
27.1406 	EXP 	testChoice: color = 'green (named)'
27.1575 	EXP 	testChoice: color = 'green (named)'
27.1742 	EXP 	testChoice: color = 'green (named)'
27.1907 	EXP 	testChoice: color = 'green (named)'
27.2075 	EXP 	testChoice: color = 'green (named)'
27.2242 	EXP 	testChoice: color = 'green (named)'
27.2408 	EXP 	testChoice: color = 'green (named)'
27.2575 	EXP 	testChoice: color = 'green (named)'
27.2741 	EXP 	testChoice: color = 'green (named)'
27.2909 	EXP 	testChoice: color = 'green (named)'
27.3075 	EXP 	testChoice: color = 'green (named)'
27.3242 	EXP 	testChoice: color = 'green (named)'
27.3408 	EXP 	testChoice: color = 'green (named)'
27.3576 	EXP 	testChoice: color = 'green (named)'
27.3743 	EXP 	testChoice: color = 'green (named)'
27.3909 	EXP 	testChoice: color = 'green (named)'
27.4076 	EXP 	testChoice: color = 'green (named)'
27.4243 	EXP 	testChoice: color = 'green (named)'
27.4410 	EXP 	testChoice: color = 'green (named)'
27.4577 	EXP 	testChoice: color = 'green (named)'
27.4743 	EXP 	testChoice: color = 'green (named)'
27.4909 	EXP 	testChoice: color = 'green (named)'
27.5077 	EXP 	testChoice: color = 'green (named)'
27.5244 	EXP 	testChoice: color = 'green (named)'
27.5411 	EXP 	testChoice: color = 'green (named)'
27.5577 	EXP 	testChoice: color = 'green (named)'
27.5744 	EXP 	testChoice: color = 'green (named)'
27.5911 	EXP 	testChoice: color = 'green (named)'
27.6077 	EXP 	testChoice: color = 'green (named)'
27.6245 	EXP 	testChoice: color = 'green (named)'
27.6412 	EXP 	testChoice: color = 'green (named)'
27.6578 	EXP 	testChoice: color = 'green (named)'
27.6745 	EXP 	testChoice: color = 'green (named)'
27.6912 	EXP 	testChoice: color = 'green (named)'
27.7078 	EXP 	testChoice: color = 'green (named)'
27.7245 	EXP 	testChoice: color = 'green (named)'
27.7412 	EXP 	testChoice: color = 'green (named)'
27.7582 	EXP 	testChoice: color = 'green (named)'
27.7745 	EXP 	testChoice: color = 'green (named)'
27.7913 	EXP 	testChoice: color = 'green (named)'
27.8079 	EXP 	testChoice: color = 'green (named)'
27.8245 	EXP 	testChoice: color = 'green (named)'
27.8413 	EXP 	testChoice: color = 'green (named)'
27.8580 	EXP 	testChoice: color = 'green (named)'
27.8747 	EXP 	testChoice: color = 'green (named)'
27.8913 	EXP 	testChoice: color = 'green (named)'
27.9079 	EXP 	testChoice: color = 'green (named)'
27.9247 	EXP 	testChoice: color = 'green (named)'
27.9414 	EXP 	testChoice: color = 'green (named)'
27.9582 	EXP 	testChoice: color = 'green (named)'
27.9748 	EXP 	testChoice: color = 'green (named)'
27.9914 	EXP 	testChoice: color = 'green (named)'
28.0081 	EXP 	testChoice: color = 'green (named)'
28.0248 	EXP 	testChoice: color = 'green (named)'
28.0415 	EXP 	testChoice: color = 'green (named)'
28.0581 	EXP 	testChoice: color = 'green (named)'
28.0750 	EXP 	testChoice: color = 'green (named)'
28.0916 	EXP 	testChoice: color = 'green (named)'
28.1082 	EXP 	testChoice: color = 'green (named)'
28.1248 	EXP 	testChoice: color = 'green (named)'
28.1415 	EXP 	testChoice: color = 'green (named)'
28.1582 	EXP 	testChoice: color = 'green (named)'
28.1749 	EXP 	testChoice: color = 'green (named)'
28.1917 	EXP 	testChoice: color = 'green (named)'
28.2082 	EXP 	testChoice: color = 'green (named)'
28.2249 	EXP 	testChoice: color = 'green (named)'
28.2419 	EXP 	testChoice: color = 'green (named)'
28.2584 	EXP 	testChoice: color = 'green (named)'
28.2749 	EXP 	testChoice: color = 'green (named)'
28.2917 	EXP 	testChoice: color = 'green (named)'
28.3083 	EXP 	testChoice: color = 'green (named)'
28.3250 	EXP 	testChoice: color = 'green (named)'
28.3417 	EXP 	testChoice: color = 'green (named)'
28.3584 	EXP 	testChoice: color = 'green (named)'
28.3750 	EXP 	testChoice: color = 'green (named)'
28.3917 	EXP 	testChoice: color = 'green (named)'
28.4083 	EXP 	testChoice: color = 'green (named)'
28.4253 	EXP 	testChoice: color = 'green (named)'
28.4418 	EXP 	testChoice: color = 'green (named)'
28.4584 	EXP 	testChoice: color = 'green (named)'
28.4752 	EXP 	testChoice: color = 'green (named)'
28.4919 	EXP 	testChoice: color = 'green (named)'
28.5085 	EXP 	testChoice: color = 'green (named)'
28.5252 	EXP 	testChoice: color = 'green (named)'
28.5421 	EXP 	testChoice: color = 'green (named)'
28.5585 	EXP 	testChoice: color = 'green (named)'
28.5752 	EXP 	testChoice: color = 'green (named)'
28.5919 	EXP 	testChoice: color = 'green (named)'
28.6086 	EXP 	testChoice: color = 'green (named)'
28.6253 	EXP 	testChoice: color = 'green (named)'
28.6420 	EXP 	testChoice: color = 'green (named)'
28.6587 	EXP 	testChoice: color = 'green (named)'
28.6753 	EXP 	testChoice: color = 'green (named)'
28.6920 	EXP 	testChoice: color = 'green (named)'
28.7086 	EXP 	testChoice: color = 'green (named)'
28.7253 	EXP 	testChoice: color = 'green (named)'
28.7421 	EXP 	testChoice: color = 'green (named)'
28.7588 	EXP 	testChoice: color = 'green (named)'
28.7754 	EXP 	testChoice: color = 'green (named)'
28.7922 	EXP 	testChoice: color = 'green (named)'
28.8087 	EXP 	testChoice: color = 'green (named)'
28.8254 	EXP 	testChoice: color = 'green (named)'
28.8421 	EXP 	testChoice: color = 'green (named)'
28.8588 	EXP 	testChoice: color = 'green (named)'
28.8755 	EXP 	testChoice: color = 'green (named)'
28.8922 	EXP 	testChoice: color = 'green (named)'
28.9088 	EXP 	testChoice: color = 'green (named)'
28.9255 	EXP 	testChoice: color = 'green (named)'
28.9424 	EXP 	testChoice: color = 'green (named)'
28.9589 	EXP 	testChoice: color = 'green (named)'
28.9756 	EXP 	testChoice: color = 'green (named)'
28.9924 	EXP 	testChoice: color = 'green (named)'
29.0090 	EXP 	testChoice: color = 'green (named)'
29.0258 	EXP 	testChoice: color = 'green (named)'
29.0423 	EXP 	testChoice: color = 'green (named)'
29.0590 	EXP 	testChoice: color = 'green (named)'
29.0756 	EXP 	testChoice: color = 'green (named)'
29.0922 	EXP 	testChoice: color = 'green (named)'
29.1090 	EXP 	testChoice: color = 'green (named)'
29.1258 	EXP 	testChoice: color = 'green (named)'
29.1423 	EXP 	testChoice: color = 'green (named)'
29.1590 	EXP 	testChoice: color = 'green (named)'
29.1757 	EXP 	testChoice: color = 'green (named)'
29.1924 	EXP 	testChoice: color = 'green (named)'
29.2090 	EXP 	testChoice: color = 'green (named)'
29.2258 	EXP 	testChoice: color = 'green (named)'
29.2424 	EXP 	testChoice: color = 'green (named)'
29.2591 	EXP 	testChoice: color = 'green (named)'
29.2758 	EXP 	testChoice: color = 'green (named)'
29.2925 	EXP 	testChoice: color = 'green (named)'
29.3091 	EXP 	testChoice: color = 'green (named)'
29.3258 	EXP 	testChoice: color = 'green (named)'
29.3423 	EXP 	testChoice: color = 'green (named)'
29.3593 	EXP 	testChoice: color = 'green (named)'
29.3758 	EXP 	testChoice: color = 'green (named)'
29.3926 	EXP 	testChoice: color = 'green (named)'
29.4092 	EXP 	testChoice: color = 'green (named)'
29.4259 	EXP 	testChoice: color = 'green (named)'
29.4426 	EXP 	testChoice: color = 'green (named)'
29.4593 	EXP 	testChoice: color = 'green (named)'
29.4759 	EXP 	testChoice: color = 'green (named)'
29.4927 	EXP 	testChoice: color = 'green (named)'
29.5093 	EXP 	testChoice: color = 'green (named)'
29.5261 	EXP 	testChoice: color = 'green (named)'
29.5427 	EXP 	testChoice: color = 'green (named)'
29.5594 	EXP 	testChoice: color = 'green (named)'
29.5760 	EXP 	testChoice: color = 'green (named)'
29.5928 	EXP 	testChoice: color = 'green (named)'
29.6094 	EXP 	testChoice: color = 'green (named)'
29.6262 	EXP 	testChoice: color = 'green (named)'
29.6428 	EXP 	testChoice: color = 'green (named)'
29.6594 	EXP 	testChoice: color = 'green (named)'
29.6761 	EXP 	testChoice: color = 'green (named)'
29.6928 	EXP 	testChoice: color = 'green (named)'
29.7096 	EXP 	testChoice: color = 'green (named)'
29.7262 	EXP 	testChoice: color = 'green (named)'
29.7429 	EXP 	testChoice: color = 'green (named)'
29.7596 	EXP 	testChoice: color = 'green (named)'
29.7762 	EXP 	testChoice: color = 'green (named)'
29.7929 	EXP 	testChoice: color = 'green (named)'
29.8096 	EXP 	testChoice: color = 'green (named)'
29.8263 	EXP 	testChoice: color = 'green (named)'
29.8430 	EXP 	testChoice: color = 'green (named)'
29.8596 	EXP 	testChoice: color = 'green (named)'
29.8763 	EXP 	testChoice: color = 'green (named)'
29.8930 	EXP 	testChoice: color = 'green (named)'
29.9096 	EXP 	testChoice: color = 'green (named)'
29.9265 	EXP 	testChoice: color = 'green (named)'
29.9430 	EXP 	testChoice: color = 'green (named)'
29.9597 	EXP 	testChoice: color = 'green (named)'
29.9765 	EXP 	testChoice: color = 'green (named)'
29.9931 	EXP 	testChoice: color = 'green (named)'
30.0097 	EXP 	testChoice: color = 'green (named)'
30.0264 	EXP 	testChoice: color = 'green (named)'
30.0431 	EXP 	testChoice: color = 'green (named)'
30.0597 	EXP 	testChoice: color = 'green (named)'
30.0771 	EXP 	testChoice: color = 'green (named)'
30.0937 	EXP 	testChoice: color = 'green (named)'
30.1097 	EXP 	testChoice: color = 'green (named)'
30.1264 	EXP 	testChoice: color = 'green (named)'
30.1437 	EXP 	testChoice: color = 'green (named)'
30.1598 	EXP 	testChoice: color = 'green (named)'
30.1765 	EXP 	testChoice: color = 'green (named)'
30.1932 	EXP 	testChoice: color = 'green (named)'
30.2099 	EXP 	testChoice: color = 'green (named)'
30.2265 	EXP 	testChoice: color = 'green (named)'
30.2432 	EXP 	testChoice: color = 'green (named)'
30.2598 	EXP 	testChoice: color = 'green (named)'
30.2766 	EXP 	testChoice: color = 'green (named)'
30.2932 	EXP 	testChoice: color = 'green (named)'
30.3099 	EXP 	testChoice: color = 'green (named)'
30.3266 	EXP 	testChoice: color = 'green (named)'
30.3433 	EXP 	testChoice: color = 'green (named)'
30.3600 	EXP 	testChoice: color = 'green (named)'
30.3767 	EXP 	testChoice: color = 'green (named)'
30.3934 	EXP 	testChoice: color = 'green (named)'
30.4099 	EXP 	testChoice: color = 'green (named)'
30.4267 	EXP 	testChoice: color = 'green (named)'
30.4436 	EXP 	testChoice: color = 'green (named)'
30.4602 	EXP 	testChoice: color = 'green (named)'
30.4770 	EXP 	testChoice: color = 'green (named)'
30.4936 	EXP 	testChoice: color = 'green (named)'
30.5103 	EXP 	testChoice: color = 'green (named)'
30.5269 	EXP 	testChoice: color = 'green (named)'
30.5435 	EXP 	testChoice: color = 'green (named)'
30.5602 	EXP 	testChoice: color = 'green (named)'
30.5768 	EXP 	testChoice: color = 'green (named)'
30.5935 	EXP 	testChoice: color = 'green (named)'
30.6101 	EXP 	testChoice: color = 'green (named)'
30.6136 	DATA 	Keypress: escape
30.6269 	EXP 	testChoice: color = 'green (named)'
30.6436 	EXP 	testChoice: color = 'green (named)'
30.6603 	EXP 	testChoice: color = 'green (named)'
30.6770 	EXP 	testChoice: color = 'green (named)'
30.6936 	EXP 	testChoice: color = 'green (named)'
30.7209 	EXP 	window1: mouseVisible = True
