5.1062 	WARNING 	User requested fullscreen with size [1024  768], but screen is actually [1920, 1200]. Using actual size
6.4953 	EXP 	Created window1 = Window(allowGUI=False, allowStencil=False, args=UNKNOWN, autoLog=True, bitsMode=UNKNOWN, blendMode='avg', color=array([0., 0., 0.]), colorSpace='rgb', fullscr=<method-wrapper '__getattribute__' of attributeSetter object at 0x000001CF2D663EF0>, gamma=None, gammaErrorPolicy='raise', kwargs=UNKNOWN, lms=UNKNOWN, monitor=<psychopy.monitors.calibTools.Monitor object at 0x000001CF2D505BE0>, multiSample=False, name='window1', numSamples=2, pos=[0.0, 0.0], screen=0, size=array([1920, 1200]), stereo=False, units='height', useFBO=True, useRetina=False, viewOri=0.0, viewPos=None, viewScale=None, waitBlanking=True, winType='pyglet')
6.4954 	EXP 	window1: recordFrameIntervals = False
6.6601 	EXP 	window1: recordFrameIntervals = True
6.7142 	WARNING 	t of last frame was 20.18ms (=1/49)
6.8772 	EXP 	window1: recordFrameIntervals = False
7.0862 	EXP 	Created instruct = TextStim(__class__=<class 'psychopy.visual.text.TextStim'>, alignHoriz='center', alignVert='center', antialias=True, autoLog=True, bold=False, color='white', colorSpace='named', contrast=1.0, depth=0.0, flipHoriz=False, flipVert=False, font='Arial', fontFiles=[], height=0.05, italic=False, languageStyle='LTR', name='instruct', opacity=1.0, ori=0, pos=array([0., 0.]), rgb=array([255., 255., 255.]), text=str(...), units='height', win=Window(...), wrapWidth=1.4)
7.1066 	EXP 	Created regCue = TextStim(__class__=<class 'psychopy.visual.text.TextStim'>, alignHoriz='center', alignVert='center', antialias=True, autoLog=True, bold=False, color='white', colorSpace='named', contrast=1.0, depth=0.0, flipHoriz=False, flipVert=False, font='Arial', fontFiles=[], height=0.1, italic=False, languageStyle='LTR', name='regCue', opacity=1.0, ori=0, pos=array([0., 0.]), rgb=array([255., 255., 255.]), text='REGULATE', units='height', win=Window(...), wrapWidth=1)
7.1229 	EXP 	Created choiceQ = TextStim(__class__=<class 'psychopy.visual.text.TextStim'>, alignHoriz='center', alignVert='center', antialias=True, autoLog=True, bold=False, color='white', colorSpace='named', contrast=1.0, depth=0.0, flipHoriz=False, flipVert=False, font='Arial', fontFiles=[], height=0.05, italic=False, languageStyle='LTR', name='choiceQ', opacity=1.0, ori=0, pos=array([0.  , 0.35]), rgb=array([255., 255., 255.]), text=str(...), units='height', win=Window(...), wrapWidth=1.4)
7.1380 	EXP 	Created testChoice = TextStim(__class__=<class 'psychopy.visual.text.TextStim'>, alignHoriz='center', alignVert='center', antialias=True, autoLog=True, bold=False, color='white', colorSpace='named', contrast=1.0, depth=-2.0, flipHoriz=False, flipVert=False, font='Arial', fontFiles=[], height=0.04, italic=False, languageStyle='LTR', name='testChoice', opacity=1.0, ori=0, pos=array([-0.41,  0.15]), rgb=array([255., 255., 255.]), text='Practice Standardized Test Questions', units='height', win=Window(...), wrapWidth=1)
7.1436 	EXP 	Created videogameChoice = TextStim(__class__=<class 'psychopy.visual.text.TextStim'>, alignHoriz='center', alignVert='center', antialias=True, autoLog=True, bold=False, color='white', colorSpace='named', contrast=1.0, depth=-3.0, flipHoriz=False, flipVert=False, font='Arial', fontFiles=[], height=0.04, italic=False, languageStyle='LTR', name='videogameChoice', opacity=1.0, ori=0, pos=array([0.41, 0.15]), rgb=array([255., 255., 255.]), text='Play a Videogame', units='height', win=Window(...), wrapWidth=1)
7.1534 	EXP 	Created gre = ImageStim(__class__=<class 'psychopy.visual.image.ImageStim'>, autoLog=True, color=array([1., 1., 1.]), colorSpace='rgb', contrast=1.0, depth=-4.0, flipHoriz=False, flipVert=False, image='gre.png', interpolate=True, mask=None, maskParams=None, name='gre', opacity=1.0, ori=0.0, pos=array([-0.41,  0.02]), size=array([0.3  , 0.105]), texRes=128, units='height', win=Window(...))
7.1603 	EXP 	Created gmat = ImageStim(__class__=<class 'psychopy.visual.image.ImageStim'>, autoLog=True, color=array([1., 1., 1.]), colorSpace='rgb', contrast=1.0, depth=-5.0, flipHoriz=False, flipVert=False, image='gmat.png', interpolate=True, mask=None, maskParams=None, name='gmat', opacity=1.0, ori=0.0, pos=array([-0.41, -0.13]), size=array([0.3 , 0.11]), texRes=128, units='height', win=Window(...))
7.1620 	EXP 	Created lsat = ImageStim(__class__=<class 'psychopy.visual.image.ImageStim'>, autoLog=True, color=array([1., 1., 1.]), colorSpace='rgb', contrast=1.0, depth=-6.0, flipHoriz=False, flipVert=False, image='lsat.png', interpolate=True, mask=None, maskParams=None, name='lsat', opacity=1.0, ori=0.0, pos=array([-0.41, -0.27]), size=array([0.3 , 0.11]), texRes=128, units='height', win=Window(...))
7.1964 	EXP 	Created game = ImageStim(__class__=<class 'psychopy.visual.image.ImageStim'>, autoLog=True, color=array([1., 1., 1.]), colorSpace='rgb', contrast=1.0, depth=-7.0, flipHoriz=False, flipVert=False, image='game.png', interpolate=True, mask=None, maskParams=None, name='game', opacity=1.0, ori=0.0, pos=array([ 0.41, -0.19]), size=array([0.4, 0.5]), texRes=128, units='height', win=Window(...))
7.1968 	EXP 	Created blank = TextStim(__class__=<class 'psychopy.visual.text.TextStim'>, alignHoriz='center', alignVert='center', antialias=True, autoLog=True, bold=False, color='white', colorSpace='named', contrast=1.0, depth=-9.0, flipHoriz=False, flipVert=False, font='Arial', fontFiles=[], height=0.1, italic=False, languageStyle='LTR', name='blank', opacity=1.0, ori=0, pos=array([0., 0.]), rgb=array([255., 255., 255.]), text='', units='height', win=Window(...), wrapWidth=1)
7.2273 	EXP 	Created testQChoice = TextStim(__class__=<class 'psychopy.visual.text.TextStim'>, alignHoriz='center', alignVert='center', antialias=True, autoLog=True, bold=False, color='white', colorSpace='named', contrast=1.0, depth=0.0, flipHoriz=False, flipVert=False, font='Arial', fontFiles=[], height=0.055, italic=False, languageStyle='LTR', name='testQChoice', opacity=1.0, ori=0, pos=array([0.  , 0.35]), rgb=array([255., 255., 255.]), text=str(...), units='height', win=Window(...), wrapWidth=1.3)
7.2356 	EXP 	Created image = ImageStim(__class__=<class 'psychopy.visual.image.ImageStim'>, autoLog=True, color=array([1., 1., 1.]), colorSpace='rgb', contrast=1.0, depth=-1.0, flipHoriz=False, flipVert=False, image='gre.png', interpolate=True, mask=None, maskParams=None, name='image', opacity=1.0, ori=0.0, pos=array([0.   , 0.105]), size=array([0.3 , 0.11]), texRes=128, units='height', win=Window(...))
7.2402 	EXP 	Created image_2 = ImageStim(__class__=<class 'psychopy.visual.image.ImageStim'>, autoLog=True, color=array([1., 1., 1.]), colorSpace='rgb', contrast=1.0, depth=-2.0, flipHoriz=False, flipVert=False, image='gmat.png', interpolate=True, mask=None, maskParams=None, name='image_2', opacity=1.0, ori=0.0, pos=array([ 0.  , -0.05]), size=array([0.3 , 0.11]), texRes=128, units='height', win=Window(...))
7.2417 	EXP 	Created image_3 = ImageStim(__class__=<class 'psychopy.visual.image.ImageStim'>, autoLog=True, color=array([1., 1., 1.]), colorSpace='rgb', contrast=1.0, depth=-3.0, flipHoriz=False, flipVert=False, image='lsat.png', interpolate=True, mask=None, maskParams=None, name='image_3', opacity=1.0, ori=0.0, pos=array([ 0. , -0.2]), size=array([0.3 , 0.11]), texRes=128, units='height', win=Window(...))
7.2435 	EXP 	Created polygon = Rect(__class__=<class 'psychopy.visual.rect.Rect'>, autoDraw=False, autoLog=True, closeShape=True, color=method-wrapper(...), colorSpace=None, contrast=1.0, depth=-5.0, fillColor=None, fillColorSpace='rgb', fillRGB=None, interpolate=True, lineColor=array([-1., -1., -1.]), lineColorSpace='rgb', lineRGB=array([-1., -1., -1.]), lineWidth=1.0, name='polygon', opacity=1.0, ori=array(1.), pos=array([0., 0.]), size=array([1., 1.]), units='height', vertices=ndarray(...), win=Window(...))
7.2546 	EXP 	Created TextQuestion = TextStim(__class__=<class 'psychopy.visual.text.TextStim'>, alignHoriz='center', alignVert='center', antialias=True, autoLog=True, bold=False, color='white', colorSpace='named', contrast=1.0, depth=0.0, flipHoriz=False, flipVert=False, font='Arial', fontFiles=[], height=0.028, italic=False, languageStyle='LTR', name='TextQuestion', opacity=1.0, ori=0, pos=array([0.  , 0.35]), rgb=array([255., 255., 255.]), text='default text', units='height', win=Window(...), wrapWidth=1.45)
7.2626 	EXP 	Created choiceA = TextStim(__class__=<class 'psychopy.visual.text.TextStim'>, alignHoriz='center', alignVert='center', antialias=True, autoLog=True, bold=False, color='white', colorSpace='named', contrast=1.0, depth=-3.0, flipHoriz=False, flipVert=False, font='Arial', fontFiles=[], height=0.026, italic=False, languageStyle='LTR', name='choiceA', opacity=1.0, ori=0, pos=array([0., 0.]), rgb=array([255., 255., 255.]), text='default text', units='height', win=Window(...), wrapWidth=1.4)
7.2656 	EXP 	Created choiceB = TextStim(__class__=<class 'psychopy.visual.text.TextStim'>, alignHoriz='center', alignVert='center', antialias=True, autoLog=True, bold=False, color='white', colorSpace='named', contrast=1.0, depth=-4.0, flipHoriz=False, flipVert=False, font='Arial', fontFiles=[], height=0.026, italic=False, languageStyle='LTR', name='choiceB', opacity=1.0, ori=0, pos=array([ 0. , -0.1]), rgb=array([255., 255., 255.]), text='default text', units='height', win=Window(...), wrapWidth=1.4)
7.2686 	EXP 	Created choiceC = TextStim(__class__=<class 'psychopy.visual.text.TextStim'>, alignHoriz='center', alignVert='center', antialias=True, autoLog=True, bold=False, color='white', colorSpace='named', contrast=1.0, depth=-5.0, flipHoriz=False, flipVert=False, font='Arial', fontFiles=[], height=0.026, italic=False, languageStyle='LTR', name='choiceC', opacity=1.0, ori=0, pos=array([ 0. , -0.2]), rgb=array([255., 255., 255.]), text='default text', units='height', win=Window(...), wrapWidth=1.4)
7.2716 	EXP 	Created choiceD = TextStim(__class__=<class 'psychopy.visual.text.TextStim'>, alignHoriz='center', alignVert='center', antialias=True, autoLog=True, bold=False, color='white', colorSpace='named', contrast=1.0, depth=-6.0, flipHoriz=False, flipVert=False, font='Arial', fontFiles=[], height=0.026, italic=False, languageStyle='LTR', name='choiceD', opacity=1.0, ori=0, pos=array([ 0. , -0.3]), rgb=array([255., 255., 255.]), text='default text', units='height', win=Window(...), wrapWidth=1.4)
7.2746 	EXP 	Created choiceE = TextStim(__class__=<class 'psychopy.visual.text.TextStim'>, alignHoriz='center', alignVert='center', antialias=True, autoLog=True, bold=False, color='white', colorSpace='named', contrast=1.0, depth=-7.0, flipHoriz=False, flipVert=False, font='Arial', fontFiles=[], height=0.026, italic=False, languageStyle='LTR', name='choiceE', opacity=1.0, ori=0, pos=array([ 0. , -0.4]), rgb=array([255., 255., 255.]), text='default text', units='height', win=Window(...), wrapWidth=1.4)
7.2751 	EXP 	Created conBlank = TextStim(__class__=<class 'psychopy.visual.text.TextStim'>, alignHoriz='center', alignVert='center', antialias=True, autoLog=True, bold=False, color='white', colorSpace='named', contrast=1.0, depth=-9.0, flipHoriz=False, flipVert=False, font='Arial', fontFiles=[], height=0.1, italic=False, languageStyle='LTR', name='conBlank', opacity=1.0, ori=0, pos=array([0., 0.]), rgb=array([255., 255., 255.]), text='', units='height', win=Window(...), wrapWidth=1)
7.3523 	EXP 	Created text = TextStim(__class__=<class 'psychopy.visual.text.TextStim'>, alignHoriz='center', alignVert='center', antialias=True, autoLog=True, bold=False, color='white', colorSpace='named', contrast=1.0, depth=0.0, flipHoriz=False, flipVert=False, font='Arial', fontFiles=[], height=0.07, italic=False, languageStyle='LTR', name='text', opacity=1.0, ori=0, pos=array([0., 0.]), rgb=array([255., 255., 255.]), text=str(...), units='height', win=Window(...), wrapWidth=1)
7.3840 	EXP 	instruct: autoDraw = True
8.8503 	EXP 	Created sequence: random, trialTypes=1, nReps=5, seed=None
8.8504 	EXP 	New trial (rep=0, index=0): None
8.8552 	DATA 	Keypress: space
8.8622 	EXP 	instruct: autoDraw = False
8.8622 	EXP 	regCue: autoDraw = True
11.9055 	EXP 	regCue: autoDraw = False
11.9055 	EXP 	regCue: autoDraw = False
11.9055 	EXP 	blank: text = ''
11.9055 	EXP 	choiceQ: autoDraw = True
11.9055 	EXP 	testChoice: autoDraw = True
11.9055 	EXP 	videogameChoice: autoDraw = True
11.9055 	EXP 	gre: autoDraw = True
11.9055 	EXP 	gmat: autoDraw = True
11.9055 	EXP 	lsat: autoDraw = True
11.9055 	EXP 	game: autoDraw = True
12.8870 	DATA 	Keypress: 1
12.9154 	EXP 	testChoice: color = 'green (named)'
12.9154 	EXP 	blank: autoDraw = True
12.9320 	EXP 	testChoice: color = 'green (named)'
12.9489 	EXP 	testChoice: color = 'green (named)'
12.9658 	EXP 	testChoice: color = 'green (named)'
12.9823 	EXP 	testChoice: color = 'green (named)'
12.9987 	EXP 	testChoice: color = 'green (named)'
13.0158 	EXP 	testChoice: color = 'green (named)'
13.0331 	EXP 	testChoice: color = 'green (named)'
13.0489 	EXP 	testChoice: color = 'green (named)'
13.0656 	EXP 	testChoice: color = 'green (named)'
13.0822 	EXP 	testChoice: color = 'green (named)'
13.0989 	EXP 	testChoice: color = 'green (named)'
13.1158 	EXP 	testChoice: color = 'green (named)'
13.1320 	EXP 	testChoice: color = 'green (named)'
13.1490 	EXP 	testChoice: color = 'green (named)'
13.1659 	EXP 	testChoice: color = 'green (named)'
13.1826 	EXP 	testChoice: color = 'green (named)'
13.1992 	EXP 	testChoice: color = 'green (named)'
13.2157 	EXP 	testChoice: color = 'green (named)'
13.2330 	EXP 	testChoice: color = 'green (named)'
13.2493 	EXP 	testChoice: color = 'green (named)'
13.2659 	EXP 	testChoice: color = 'green (named)'
13.2822 	EXP 	testChoice: color = 'green (named)'
13.2988 	EXP 	testChoice: color = 'green (named)'
13.3159 	EXP 	testChoice: color = 'green (named)'
13.3323 	EXP 	testChoice: color = 'green (named)'
13.3490 	EXP 	testChoice: color = 'green (named)'
13.3659 	EXP 	testChoice: color = 'green (named)'
13.3824 	EXP 	testChoice: color = 'green (named)'
13.3986 	EXP 	testChoice: color = 'green (named)'
13.4156 	EXP 	testChoice: color = 'green (named)'
13.4324 	EXP 	testChoice: color = 'green (named)'
13.4494 	EXP 	testChoice: color = 'green (named)'
13.4656 	EXP 	testChoice: color = 'green (named)'
13.4822 	EXP 	testChoice: color = 'green (named)'
13.4990 	EXP 	testChoice: color = 'green (named)'
13.5158 	EXP 	testChoice: color = 'green (named)'
13.5325 	EXP 	testChoice: color = 'green (named)'
13.5493 	EXP 	testChoice: color = 'green (named)'
13.5658 	EXP 	testChoice: color = 'green (named)'
13.5825 	EXP 	testChoice: color = 'green (named)'
13.5996 	EXP 	testChoice: color = 'green (named)'
13.6163 	EXP 	testChoice: color = 'green (named)'
13.6328 	EXP 	testChoice: color = 'green (named)'
13.6495 	EXP 	testChoice: color = 'green (named)'
13.6662 	EXP 	testChoice: color = 'green (named)'
13.6829 	EXP 	testChoice: color = 'green (named)'
13.6997 	EXP 	testChoice: color = 'green (named)'
13.7163 	EXP 	testChoice: color = 'green (named)'
13.7329 	EXP 	testChoice: color = 'green (named)'
13.7494 	EXP 	testChoice: color = 'green (named)'
13.7667 	EXP 	testChoice: color = 'green (named)'
13.7829 	EXP 	testChoice: color = 'green (named)'
13.7993 	EXP 	testChoice: color = 'green (named)'
13.8163 	EXP 	testChoice: color = 'green (named)'
13.8331 	EXP 	testChoice: color = 'green (named)'
13.8497 	EXP 	testChoice: color = 'green (named)'
13.8664 	EXP 	testChoice: color = 'green (named)'
13.8829 	EXP 	testChoice: color = 'green (named)'
13.8995 	EXP 	testChoice: color = 'green (named)'
13.9169 	EXP 	testChoice: color = 'green (named)'
13.9331 	EXP 	testChoice: color = 'green (named)'
13.9497 	EXP 	testChoice: color = 'green (named)'
13.9665 	EXP 	testChoice: color = 'green (named)'
13.9829 	EXP 	testChoice: color = 'green (named)'
13.9999 	EXP 	testChoice: color = 'green (named)'
14.0168 	EXP 	testChoice: color = 'green (named)'
14.0331 	EXP 	testChoice: color = 'green (named)'
14.0501 	EXP 	testChoice: color = 'green (named)'
14.0664 	EXP 	testChoice: color = 'green (named)'
14.0832 	EXP 	testChoice: color = 'green (named)'
14.0997 	EXP 	testChoice: color = 'green (named)'
14.1168 	EXP 	testChoice: color = 'green (named)'
14.1330 	EXP 	testChoice: color = 'green (named)'
14.1499 	EXP 	testChoice: color = 'green (named)'
14.1669 	EXP 	testChoice: color = 'green (named)'
14.1830 	EXP 	testChoice: color = 'green (named)'
14.2004 	EXP 	testChoice: color = 'green (named)'
14.2168 	EXP 	testChoice: color = 'green (named)'
14.2334 	EXP 	testChoice: color = 'green (named)'
14.2500 	EXP 	testChoice: color = 'green (named)'
14.2666 	EXP 	testChoice: color = 'green (named)'
14.2831 	EXP 	testChoice: color = 'green (named)'
14.2995 	EXP 	testChoice: color = 'green (named)'
14.3163 	EXP 	testChoice: color = 'green (named)'
14.3331 	EXP 	testChoice: color = 'green (named)'
14.3498 	EXP 	testChoice: color = 'green (named)'
14.3665 	EXP 	testChoice: color = 'green (named)'
14.3830 	EXP 	testChoice: color = 'green (named)'
14.3998 	EXP 	testChoice: color = 'green (named)'
14.4163 	EXP 	testChoice: color = 'green (named)'
14.4163 	EXP 	blank: autoDraw = False
14.4456 	EXP 	Imported RowsExcel.xlsx as conditions, 5 conditions, 1 params
14.4458 	EXP 	Created sequence: random, trialTypes=5, nReps=1, seed=None
14.4460 	EXP 	New trial (rep=0, index=0): OrderedDict([('Rows', '000:005')])
14.4567 	EXP 	choiceQ: autoDraw = False
14.4567 	EXP 	testChoice: autoDraw = False
14.4567 	EXP 	videogameChoice: autoDraw = False
14.4567 	EXP 	gre: autoDraw = False
14.4567 	EXP 	gmat: autoDraw = False
14.4567 	EXP 	lsat: autoDraw = False
14.4567 	EXP 	game: autoDraw = False
14.4567 	EXP 	testChoice: color = 'green (named)'
14.4567 	EXP 	choiceQ: autoDraw = False
14.4567 	EXP 	testChoice: autoDraw = False
14.4567 	EXP 	videogameChoice: autoDraw = False
14.4567 	EXP 	gre: autoDraw = False
14.4567 	EXP 	gmat: autoDraw = False
14.4567 	EXP 	lsat: autoDraw = False
14.4567 	EXP 	game: autoDraw = False
14.4567 	EXP 	blank: autoDraw = False
14.4567 	EXP 	videogameChoice: color = 'white (named)'
14.4567 	EXP 	testChoice: color = 'white (named)'
14.4567 	EXP 	choiceQ: autoDraw = False
14.4567 	EXP 	testChoice: autoDraw = False
14.4567 	EXP 	videogameChoice: autoDraw = False
14.4567 	EXP 	gre: autoDraw = False
14.4567 	EXP 	gmat: autoDraw = False
14.4567 	EXP 	lsat: autoDraw = False
14.4567 	EXP 	polygon: opacity = 1.0
14.4567 	EXP 	polygon: size = array([0.32, 0.13])
14.4567 	EXP 	polygon: ori = 0.0
14.4567 	EXP 	polygon: lineWidth = 8.0
14.4567 	EXP 	testQChoice: autoDraw = True
14.4567 	EXP 	image: autoDraw = True
14.4567 	EXP 	image_2: autoDraw = True
14.4567 	EXP 	image_3: autoDraw = True
15.9240 	DATA 	Keypress: 1
15.9345 	EXP 	polygon: autoDraw = True
17.5401 	EXP 	Imported QuestionsText.xlsx as conditions, 5 conditions, 21 params
17.5403 	EXP 	Created sequence: sequential, trialTypes=5, nReps=1, seed=None
17.5407 	EXP 	New trial (rep=0, index=0): OrderedDict([('GMAT', '1)\xa0In order to combat Carville’s rampant homeless problem, Mayor Bloomfield recently proposed a ban on sleeping outdoors in the city’s many parks. He claims that such a measure will force the homeless to either leave Carville or to find means other than sleeping in public parks.\n\nWhich of the following, if true, suggests that Mayor Bloomfield’s plan will be successful?'), ('GMATQA', '(A) Until the ban, the city’s many homeless shelters were at less than fifty percent occupancy.'), ('GMATQB', '(B) Many\xa0homeless tend to congregate underneath Carville’s numerous overpasses.'), ('GMATQC', '(C) Adjacent\xa0cities have even tougher measures on the homeless sleeping outdoors.'), ('GMATQD', '(D) The percent of Carville’s population that has been homeless has been slowly decreasing in the last five years.\n\n'), ('GMATQE', '(E) Mayor\xa0Jonesmith, Mayor Bloomfield’s predecessor, had been far more tolerant towards the city’s homeless population.'), ('GMATAs', 'a'), ('GRE', '1) The Dvorak keyboard requires less finger movement than the ubiquitous QWERTY keyboard. As a result, Dvorak keyboard users are not only able to type more words per minute, but are also less vulnerable to both repetitive stress disorder and carpal tunnel syndrome. Nonetheless, businesses, as well as consumers, have not adopted the Dvorak keyboard. Clearly, if the Dvorak keyboard is to become more widely used, its benefits must be more widely touted.\n\n \n\nWhich of the following, if true, most threatens the author’s conclusion?'), ('GREQA', '(A)The initial cost of manufacturing a Dvorak keyboard will be more expensive than that of a QWERTY keyboard.'), ('GREQB', '(B)Many who have attempted using a Dvorak keyboard claim that learning the configuration of keys takes weeks.'), ('GREQC', '(C)Those suffering from repetitive stress injuries often attribute the injuries to multiple factors.'), ('GREQD', '(D)Businesses that have educated employees on the benefits of the Dvorak keyboard, have found that employees continue to use the Qwerty keyboard.'), ('GREQE', '(E)Businesses have found that many employees who believe the Qwerty keyboard is responsible for stress-induced injuries are unaware of the Dvorak keyboard.'), ('GREA', 'd'), ('LSAT', '1)Executive: We recently ran a set of advertisements in the print version of a travel magazine and on that magazine’s website. We were unable to get any direct information about consumer response to the print ads. However, we found that consumer response to the ads on the website was much more limited than is typical for website ads. We concluded that consumer response to the print ads was probably below par as well.\n\nThe executive’s reasoning does which one of the following?'), ('LSATQA', '(A)bases a prediction of the intensity of a phenomenon on information about the intensity of that phenomenon’s cause'), ('LSATQB', '(B)uses information about the typical frequency of events of a general kind to draw a conclusion about the probability of a particular event of that kind\n'), ('LSATQC', '(C)infers a statistical generalization from claims about a large number of specific instances'), ('LSATQD', '(D)uses a case in which direct evidence is available to draw a conclusion about an analogous case in which direct evidence is unavailable'), ('LSATQE', '(E)bases a prediction about future events on facts about recent comparable events'), ('LSATAs', 'd')])
17.6776 	EXP 	window1: mouseVisible = True
