4.0653 	WARNING 	User requested fullscreen with size [1024  768], but screen is actually [1920, 1200]. Using actual size
4.8145 	EXP 	Created window1 = Window(allowGUI=False, allowStencil=False, args=UNKNOWN, autoLog=True, bitsMode=UNKNOWN, blendMode='avg', color=array([0., 0., 0.]), colorSpace='rgb', fullscr=<method-wrapper '__getattribute__' of attributeSetter object at 0x00000293495ABEB8>, gamma=None, gammaErrorPolicy='raise', kwargs=UNKNOWN, lms=UNKNOWN, monitor=<psychopy.monitors.calibTools.Monitor object at 0x00000293493A0BA8>, multiSample=False, name='window1', numSamples=2, pos=[0.0, 0.0], screen=0, size=array([1920, 1200]), stereo=False, units='height', useFBO=True, useRetina=False, viewOri=0.0, viewPos=None, viewScale=None, waitBlanking=True, winType='pyglet')
4.8146 	EXP 	window1: recordFrameIntervals = False
4.9811 	EXP 	window1: recordFrameIntervals = True
5.1645 	EXP 	window1: recordFrameIntervals = False
5.3644 	EXP 	Created instruct = TextStim(__class__=<class 'psychopy.visual.text.TextStim'>, alignHoriz='center', alignVert='center', antialias=True, autoLog=True, bold=False, color='white', colorSpace='named', contrast=1.0, depth=0.0, flipHoriz=False, flipVert=False, font='Arial', fontFiles=[], height=0.05, italic=False, languageStyle='LTR', name='instruct', opacity=1.0, ori=0, pos=array([0., 0.]), rgb=array([255., 255., 255.]), text=str(...), units='height', win=Window(...), wrapWidth=1.4)
5.3832 	EXP 	Created regCue = TextStim(__class__=<class 'psychopy.visual.text.TextStim'>, alignHoriz='center', alignVert='center', antialias=True, autoLog=True, bold=False, color='white', colorSpace='named', contrast=1.0, depth=0.0, flipHoriz=False, flipVert=False, font='Arial', fontFiles=[], height=0.1, italic=False, languageStyle='LTR', name='regCue', opacity=1.0, ori=0, pos=array([0., 0.]), rgb=array([255., 255., 255.]), text='REGULATE', units='height', win=Window(...), wrapWidth=1)
5.3994 	EXP 	Created choiceQ = TextStim(__class__=<class 'psychopy.visual.text.TextStim'>, alignHoriz='center', alignVert='center', antialias=True, autoLog=True, bold=False, color='white', colorSpace='named', contrast=1.0, depth=0.0, flipHoriz=False, flipVert=False, font='Arial', fontFiles=[], height=0.05, italic=False, languageStyle='LTR', name='choiceQ', opacity=1.0, ori=0, pos=array([0.  , 0.35]), rgb=array([255., 255., 255.]), text=str(...), units='height', win=Window(...), wrapWidth=1.4)
5.4142 	EXP 	Created testChoice = TextStim(__class__=<class 'psychopy.visual.text.TextStim'>, alignHoriz='center', alignVert='center', antialias=True, autoLog=True, bold=False, color='white', colorSpace='named', contrast=1.0, depth=-2.0, flipHoriz=False, flipVert=False, font='Arial', fontFiles=[], height=0.04, italic=False, languageStyle='LTR', name='testChoice', opacity=1.0, ori=0, pos=array([-0.41,  0.15]), rgb=array([255., 255., 255.]), text='Practice Standardized Test Questions', units='height', win=Window(...), wrapWidth=1)
5.4203 	EXP 	Created videogameChoice = TextStim(__class__=<class 'psychopy.visual.text.TextStim'>, alignHoriz='center', alignVert='center', antialias=True, autoLog=True, bold=False, color='white', colorSpace='named', contrast=1.0, depth=-3.0, flipHoriz=False, flipVert=False, font='Arial', fontFiles=[], height=0.04, italic=False, languageStyle='LTR', name='videogameChoice', opacity=1.0, ori=0, pos=array([0.41, 0.15]), rgb=array([255., 255., 255.]), text='Play a Videogame', units='height', win=Window(...), wrapWidth=1)
5.4247 	EXP 	Created gre = ImageStim(__class__=<class 'psychopy.visual.image.ImageStim'>, autoLog=True, color=array([1., 1., 1.]), colorSpace='rgb', contrast=1.0, depth=-4.0, flipHoriz=False, flipVert=False, image='gre.png', interpolate=True, mask=None, maskParams=None, name='gre', opacity=1.0, ori=0.0, pos=array([-0.41,  0.02]), size=array([0.3  , 0.105]), texRes=128, units='height', win=Window(...))
5.4276 	EXP 	Created gmat = ImageStim(__class__=<class 'psychopy.visual.image.ImageStim'>, autoLog=True, color=array([1., 1., 1.]), colorSpace='rgb', contrast=1.0, depth=-5.0, flipHoriz=False, flipVert=False, image='gmat.png', interpolate=True, mask=None, maskParams=None, name='gmat', opacity=1.0, ori=0.0, pos=array([-0.41, -0.13]), size=array([0.3 , 0.11]), texRes=128, units='height', win=Window(...))
5.4292 	EXP 	Created lsat = ImageStim(__class__=<class 'psychopy.visual.image.ImageStim'>, autoLog=True, color=array([1., 1., 1.]), colorSpace='rgb', contrast=1.0, depth=-6.0, flipHoriz=False, flipVert=False, image='lsat.png', interpolate=True, mask=None, maskParams=None, name='lsat', opacity=1.0, ori=0.0, pos=array([-0.41, -0.27]), size=array([0.3 , 0.11]), texRes=128, units='height', win=Window(...))
5.4321 	EXP 	Created mcat = ImageStim(__class__=<class 'psychopy.visual.image.ImageStim'>, autoLog=True, color=array([1., 1., 1.]), colorSpace='rgb', contrast=1.0, depth=-7.0, flipHoriz=False, flipVert=False, image='mcat.png', interpolate=True, mask=None, maskParams=None, name='mcat', opacity=1.0, ori=0.0, pos=array([-0.41, -0.41]), size=array([0.3 , 0.11]), texRes=128, units='height', win=Window(...))
5.4428 	EXP 	Created game = ImageStim(__class__=<class 'psychopy.visual.image.ImageStim'>, autoLog=True, color=array([1., 1., 1.]), colorSpace='rgb', contrast=1.0, depth=-8.0, flipHoriz=False, flipVert=False, image='game.png', interpolate=True, mask=None, maskParams=None, name='game', opacity=1.0, ori=0.0, pos=array([ 0.41, -0.19]), size=array([0.4, 0.5]), texRes=128, units='height', win=Window(...))
5.4433 	EXP 	Created blank = TextStim(__class__=<class 'psychopy.visual.text.TextStim'>, alignHoriz='center', alignVert='center', antialias=True, autoLog=True, bold=False, color='white', colorSpace='named', contrast=1.0, depth=-9.0, flipHoriz=False, flipVert=False, font='Arial', fontFiles=[], height=0.1, italic=False, languageStyle='LTR', name='blank', opacity=1.0, ori=0, pos=array([0., 0.]), rgb=array([255., 255., 255.]), text='', units='height', win=Window(...), wrapWidth=1)
5.4741 	EXP 	Created testQChoice = TextStim(__class__=<class 'psychopy.visual.text.TextStim'>, alignHoriz='center', alignVert='center', antialias=True, autoLog=True, bold=False, color='white', colorSpace='named', contrast=1.0, depth=0.0, flipHoriz=False, flipVert=False, font='Arial', fontFiles=[], height=0.055, italic=False, languageStyle='LTR', name='testQChoice', opacity=1.0, ori=0, pos=array([0.  , 0.35]), rgb=array([255., 255., 255.]), text=str(...), units='height', win=Window(...), wrapWidth=1.3)
5.4774 	EXP 	Created image = ImageStim(__class__=<class 'psychopy.visual.image.ImageStim'>, autoLog=True, color=array([1., 1., 1.]), colorSpace='rgb', contrast=1.0, depth=-1.0, flipHoriz=False, flipVert=False, image='gre.png', interpolate=True, mask=None, maskParams=None, name='image', opacity=1.0, ori=0.0, pos=array([0.   , 0.105]), size=array([0.3 , 0.11]), texRes=128, units='height', win=Window(...))
5.4799 	EXP 	Created image_2 = ImageStim(__class__=<class 'psychopy.visual.image.ImageStim'>, autoLog=True, color=array([1., 1., 1.]), colorSpace='rgb', contrast=1.0, depth=-2.0, flipHoriz=False, flipVert=False, image='gmat.png', interpolate=True, mask=None, maskParams=None, name='image_2', opacity=1.0, ori=0.0, pos=array([ 0.  , -0.05]), size=array([0.3 , 0.11]), texRes=128, units='height', win=Window(...))
5.4817 	EXP 	Created image_3 = ImageStim(__class__=<class 'psychopy.visual.image.ImageStim'>, autoLog=True, color=array([1., 1., 1.]), colorSpace='rgb', contrast=1.0, depth=-3.0, flipHoriz=False, flipVert=False, image='lsat.png', interpolate=True, mask=None, maskParams=None, name='image_3', opacity=1.0, ori=0.0, pos=array([ 0. , -0.2]), size=array([0.3 , 0.11]), texRes=128, units='height', win=Window(...))
5.4842 	EXP 	Created image_4 = ImageStim(__class__=<class 'psychopy.visual.image.ImageStim'>, autoLog=True, color=array([1., 1., 1.]), colorSpace='rgb', contrast=1.0, depth=-4.0, flipHoriz=False, flipVert=False, image='mcat.png', interpolate=True, mask=None, maskParams=None, name='image_4', opacity=1.0, ori=0.0, pos=array([ 0.  , -0.35]), size=array([0.3 , 0.11]), texRes=128, units='height', win=Window(...))
5.4879 	EXP 	Created polygon = Rect(__class__=<class 'psychopy.visual.rect.Rect'>, autoDraw=False, autoLog=True, closeShape=True, color=method-wrapper(...), colorSpace=None, contrast=1.0, depth=-8.0, fillColor=None, fillColorSpace='rgb', fillRGB=None, interpolate=True, lineColor=array([-1., -1., -1.]), lineColorSpace='rgb', lineRGB=array([-1., -1., -1.]), lineWidth=1, name='polygon', opacity=1.0, ori=array(0.), pos=array([0., 0.]), size=array([1., 1.]), units='height', vertices=ndarray(...), win=Window(...))
5.5178 	EXP 	instruct: autoDraw = True
6.6406 	DATA 	Keypress: space
6.6488 	EXP 	instruct: autoDraw = False
6.6488 	EXP 	regCue: autoDraw = True
9.6682 	EXP 	regCue: autoDraw = False
9.6682 	EXP 	regCue: autoDraw = False
9.6682 	EXP 	choiceQ: autoDraw = True
9.6682 	EXP 	testChoice: autoDraw = True
9.6682 	EXP 	videogameChoice: autoDraw = True
9.6682 	EXP 	gre: autoDraw = True
9.6682 	EXP 	gmat: autoDraw = True
9.6682 	EXP 	lsat: autoDraw = True
9.6682 	EXP 	mcat: autoDraw = True
9.6682 	EXP 	game: autoDraw = True
13.7421 	DATA 	Keypress: 1
13.7546 	EXP 	blank: autoDraw = True
13.7546 	EXP 	testChoice: color = 'green (named)'
13.7713 	EXP 	testChoice: color = 'green (named)'
13.7881 	EXP 	testChoice: color = 'green (named)'
13.8047 	EXP 	testChoice: color = 'green (named)'
13.8214 	EXP 	testChoice: color = 'green (named)'
13.8381 	EXP 	testChoice: color = 'green (named)'
13.8548 	EXP 	testChoice: color = 'green (named)'
13.8715 	EXP 	testChoice: color = 'green (named)'
13.8881 	EXP 	testChoice: color = 'green (named)'
13.9048 	EXP 	testChoice: color = 'green (named)'
13.9215 	EXP 	testChoice: color = 'green (named)'
13.9383 	EXP 	testChoice: color = 'green (named)'
13.9548 	EXP 	testChoice: color = 'green (named)'
13.9715 	EXP 	testChoice: color = 'green (named)'
13.9883 	EXP 	testChoice: color = 'green (named)'
14.0048 	EXP 	testChoice: color = 'green (named)'
14.0215 	EXP 	testChoice: color = 'green (named)'
14.0382 	EXP 	testChoice: color = 'green (named)'
14.0549 	EXP 	testChoice: color = 'green (named)'
14.0716 	EXP 	testChoice: color = 'green (named)'
14.0881 	EXP 	testChoice: color = 'green (named)'
14.1049 	EXP 	testChoice: color = 'green (named)'
14.1217 	EXP 	testChoice: color = 'green (named)'
14.1384 	EXP 	testChoice: color = 'green (named)'
14.1550 	EXP 	testChoice: color = 'green (named)'
14.1717 	EXP 	testChoice: color = 'green (named)'
14.1884 	EXP 	testChoice: color = 'green (named)'
14.2051 	EXP 	testChoice: color = 'green (named)'
14.2216 	EXP 	testChoice: color = 'green (named)'
14.2384 	EXP 	testChoice: color = 'green (named)'
14.2550 	EXP 	testChoice: color = 'green (named)'
14.2718 	EXP 	testChoice: color = 'green (named)'
14.2884 	EXP 	testChoice: color = 'green (named)'
14.3051 	EXP 	testChoice: color = 'green (named)'
14.3217 	EXP 	testChoice: color = 'green (named)'
14.3384 	EXP 	testChoice: color = 'green (named)'
14.3551 	EXP 	testChoice: color = 'green (named)'
14.3718 	EXP 	testChoice: color = 'green (named)'
14.3885 	EXP 	testChoice: color = 'green (named)'
14.4052 	EXP 	testChoice: color = 'green (named)'
14.4219 	EXP 	testChoice: color = 'green (named)'
14.4386 	EXP 	testChoice: color = 'green (named)'
14.4553 	EXP 	testChoice: color = 'green (named)'
14.4720 	EXP 	testChoice: color = 'green (named)'
14.4887 	EXP 	testChoice: color = 'green (named)'
14.5052 	EXP 	testChoice: color = 'green (named)'
14.5219 	EXP 	testChoice: color = 'green (named)'
14.5387 	EXP 	testChoice: color = 'green (named)'
14.5553 	EXP 	testChoice: color = 'green (named)'
14.5721 	EXP 	testChoice: color = 'green (named)'
14.5887 	EXP 	testChoice: color = 'green (named)'
14.6054 	EXP 	testChoice: color = 'green (named)'
14.6224 	EXP 	testChoice: color = 'green (named)'
14.6388 	EXP 	testChoice: color = 'green (named)'
14.6555 	EXP 	testChoice: color = 'green (named)'
14.6720 	EXP 	testChoice: color = 'green (named)'
14.6888 	EXP 	testChoice: color = 'green (named)'
14.7055 	EXP 	testChoice: color = 'green (named)'
14.7221 	EXP 	testChoice: color = 'green (named)'
14.7389 	EXP 	testChoice: color = 'green (named)'
14.7555 	EXP 	testChoice: color = 'green (named)'
14.7722 	EXP 	testChoice: color = 'green (named)'
14.7889 	EXP 	testChoice: color = 'green (named)'
14.8056 	EXP 	testChoice: color = 'green (named)'
14.8223 	EXP 	testChoice: color = 'green (named)'
14.8390 	EXP 	testChoice: color = 'green (named)'
14.8556 	EXP 	testChoice: color = 'green (named)'
14.8724 	EXP 	testChoice: color = 'green (named)'
14.8890 	EXP 	testChoice: color = 'green (named)'
14.9057 	EXP 	testChoice: color = 'green (named)'
14.9224 	EXP 	testChoice: color = 'green (named)'
14.9390 	EXP 	testChoice: color = 'green (named)'
14.9557 	EXP 	testChoice: color = 'green (named)'
14.9724 	EXP 	testChoice: color = 'green (named)'
14.9891 	EXP 	testChoice: color = 'green (named)'
15.0059 	EXP 	testChoice: color = 'green (named)'
15.0224 	EXP 	testChoice: color = 'green (named)'
15.0391 	EXP 	testChoice: color = 'green (named)'
15.0558 	EXP 	testChoice: color = 'green (named)'
15.0725 	EXP 	testChoice: color = 'green (named)'
15.0891 	EXP 	testChoice: color = 'green (named)'
15.1058 	EXP 	testChoice: color = 'green (named)'
15.1226 	EXP 	testChoice: color = 'green (named)'
15.1394 	EXP 	testChoice: color = 'green (named)'
15.1559 	EXP 	testChoice: color = 'green (named)'
15.1726 	EXP 	testChoice: color = 'green (named)'
15.1892 	EXP 	testChoice: color = 'green (named)'
15.2059 	EXP 	testChoice: color = 'green (named)'
15.2227 	EXP 	testChoice: color = 'green (named)'
15.2393 	EXP 	testChoice: color = 'green (named)'
15.2561 	EXP 	blank: autoDraw = False
15.2561 	EXP 	testChoice: color = 'green (named)'
15.2755 	EXP 	window1: mouseVisible = True
