11.3738 	WARNING 	User requested fullscreen with size [1024  768], but screen is actually [1920, 1200]. Using actual size
12.1340 	EXP 	Created window1 = Window(allowGUI=False, allowStencil=False, args=UNKNOWN, autoLog=True, bitsMode=UNKNOWN, blendMode='avg', color=array([0., 0., 0.]), colorSpace='rgb', fullscr=<method-wrapper '__getattribute__' of attributeSetter object at 0x00000125D06F2BA8>, gamma=None, gammaErrorPolicy='raise', kwargs=UNKNOWN, lms=UNKNOWN, monitor=<psychopy.monitors.calibTools.Monitor object at 0x00000125D0606390>, multiSample=False, name='window1', numSamples=2, pos=[0.0, 0.0], screen=0, size=array([1920, 1200]), stereo=False, units='height', useFBO=True, useRetina=False, viewOri=0.0, viewPos=None, viewScale=None, waitBlanking=True, winType='pyglet')
12.1341 	EXP 	window1: recordFrameIntervals = False
12.3005 	EXP 	window1: recordFrameIntervals = True
12.4840 	EXP 	window1: recordFrameIntervals = False
12.7507 	EXP 	Created instruct = TextStim(__class__=<class 'psychopy.visual.text.TextStim'>, alignHoriz='center', alignVert='center', antialias=True, autoLog=True, bold=False, color='white', colorSpace='named', contrast=1.0, depth=0.0, flipHoriz=False, flipVert=False, font='Arial', fontFiles=[], height=0.07, italic=False, languageStyle='LTR', name='instruct', opacity=1.0, ori=0, pos=array([0., 0.]), rgb=array([255., 255., 255.]), text=str(...), units='height', win=Window(...), wrapWidth=1.4)
12.7815 	EXP 	Created choiceQ = TextStim(__class__=<class 'psychopy.visual.text.TextStim'>, alignHoriz='center', alignVert='center', antialias=True, autoLog=True, bold=False, color='white', colorSpace='named', contrast=1.0, depth=0.0, flipHoriz=False, flipVert=False, font='Arial', fontFiles=[], height=0.05, italic=False, languageStyle='LTR', name='choiceQ', opacity=1.0, ori=0, pos=array([0.  , 0.35]), rgb=array([255., 255., 255.]), text=str(...), units='height', win=Window(...), wrapWidth=1.4)
12.7962 	EXP 	Created testChoice = TextStim(__class__=<class 'psychopy.visual.text.TextStim'>, alignHoriz='center', alignVert='center', antialias=True, autoLog=True, bold=False, color='white', colorSpace='named', contrast=1.0, depth=-2.0, flipHoriz=False, flipVert=False, font='Arial', fontFiles=[], height=0.04, italic=False, languageStyle='LTR', name='testChoice', opacity=1.0, ori=0, pos=array([-0.41,  0.15]), rgb=array([255., 255., 255.]), text='Practice Standardized Test Questions', units='height', win=Window(...), wrapWidth=1)
12.8021 	EXP 	Created videogameChoice = TextStim(__class__=<class 'psychopy.visual.text.TextStim'>, alignHoriz='center', alignVert='center', antialias=True, autoLog=True, bold=False, color='white', colorSpace='named', contrast=1.0, depth=-3.0, flipHoriz=False, flipVert=False, font='Arial', fontFiles=[], height=0.04, italic=False, languageStyle='LTR', name='videogameChoice', opacity=1.0, ori=0, pos=array([0.41, 0.15]), rgb=array([255., 255., 255.]), text='Play a Videogame', units='height', win=Window(...), wrapWidth=1)
12.8066 	EXP 	Created gre = ImageStim(__class__=<class 'psychopy.visual.image.ImageStim'>, autoLog=True, color=array([1., 1., 1.]), colorSpace='rgb', contrast=1.0, depth=-4.0, flipHoriz=False, flipVert=False, image='gre.png', interpolate=True, mask=None, maskParams=None, name='gre', opacity=1.0, ori=0.0, pos=array([-0.41,  0.  ]), size=array([0.3 , 0.15]), texRes=128, units='height', win=Window(...))
12.8089 	EXP 	Created gmat = ImageStim(__class__=<class 'psychopy.visual.image.ImageStim'>, autoLog=True, color=array([1., 1., 1.]), colorSpace='rgb', contrast=1.0, depth=-5.0, flipHoriz=False, flipVert=False, image='gmat.png', interpolate=True, mask=None, maskParams=None, name='gmat', opacity=1.0, ori=0.0, pos=array([-0.41, -0.15]), size=array([0.3 , 0.15]), texRes=128, units='height', win=Window(...))
12.8106 	EXP 	Created lsat = ImageStim(__class__=<class 'psychopy.visual.image.ImageStim'>, autoLog=True, color=array([1., 1., 1.]), colorSpace='rgb', contrast=1.0, depth=-6.0, flipHoriz=False, flipVert=False, image='lsat.png', interpolate=True, mask=None, maskParams=None, name='lsat', opacity=1.0, ori=0.0, pos=array([-0.41, -0.25]), size=array([0.3 , 0.15]), texRes=128, units='height', win=Window(...))
12.8133 	EXP 	Created mcat = ImageStim(__class__=<class 'psychopy.visual.image.ImageStim'>, autoLog=True, color=array([1., 1., 1.]), colorSpace='rgb', contrast=1.0, depth=-7.0, flipHoriz=False, flipVert=False, image='mcat.png', interpolate=True, mask=None, maskParams=None, name='mcat', opacity=1.0, ori=0.0, pos=array([-0.41, -0.4 ]), size=array([0.3 , 0.15]), texRes=128, units='height', win=Window(...))
12.8245 	EXP 	Created game = ImageStim(__class__=<class 'psychopy.visual.image.ImageStim'>, autoLog=True, color=array([1., 1., 1.]), colorSpace='rgb', contrast=1.0, depth=-8.0, flipHoriz=False, flipVert=False, image='game.png', interpolate=True, mask=None, maskParams=None, name='game', opacity=1.0, ori=0.0, pos=array([ 0.41, -0.15]), size=array([0.4, 0.5]), texRes=128, units='height', win=Window(...))
12.8253 	EXP 	Created blank = TextStim(__class__=<class 'psychopy.visual.text.TextStim'>, alignHoriz='center', alignVert='center', antialias=True, autoLog=True, bold=False, color='white', colorSpace='named', contrast=1.0, depth=-9.0, flipHoriz=False, flipVert=False, font='Arial', fontFiles=[], height=0.1, italic=False, languageStyle='LTR', name='blank', opacity=1.0, ori=0, pos=array([0., 0.]), rgb=array([255., 255., 255.]), text='', units='height', win=Window(...), wrapWidth=1)
12.8567 	EXP 	instruct: autoDraw = True
26.8227 	DATA 	Keypress: space
26.8290 	EXP 	instruct: autoDraw = False
26.8290 	EXP 	choiceQ: autoDraw = True
26.8290 	EXP 	testChoice: autoDraw = True
26.8290 	EXP 	videogameChoice: autoDraw = True
26.8290 	EXP 	gre: autoDraw = True
26.8290 	EXP 	gmat: autoDraw = True
26.8290 	EXP 	lsat: autoDraw = True
26.8290 	EXP 	mcat: autoDraw = True
26.8290 	EXP 	game: autoDraw = True
58.7281 	DATA 	Keypress: 1
58.7554 	EXP 	blank: autoDraw = True
58.7554 	EXP 	testChoice: color = 'green (named)'
58.7723 	EXP 	testChoice: color = 'green (named)'
58.7890 	EXP 	testChoice: color = 'green (named)'
58.8058 	EXP 	testChoice: color = 'green (named)'
58.8224 	EXP 	testChoice: color = 'green (named)'
58.8391 	EXP 	testChoice: color = 'green (named)'
58.8558 	EXP 	testChoice: color = 'green (named)'
58.8724 	EXP 	testChoice: color = 'green (named)'
58.8891 	EXP 	testChoice: color = 'green (named)'
58.9059 	EXP 	testChoice: color = 'green (named)'
58.9222 	EXP 	testChoice: color = 'green (named)'
58.9393 	EXP 	testChoice: color = 'green (named)'
58.9559 	EXP 	testChoice: color = 'green (named)'
58.9723 	EXP 	testChoice: color = 'green (named)'
58.9892 	EXP 	testChoice: color = 'green (named)'
59.0059 	EXP 	testChoice: color = 'green (named)'
59.0222 	EXP 	testChoice: color = 'green (named)'
59.0391 	EXP 	testChoice: color = 'green (named)'
59.0559 	EXP 	testChoice: color = 'green (named)'
59.0726 	EXP 	testChoice: color = 'green (named)'
59.0894 	EXP 	testChoice: color = 'green (named)'
59.1059 	EXP 	testChoice: color = 'green (named)'
59.1229 	EXP 	testChoice: color = 'green (named)'
59.1393 	EXP 	testChoice: color = 'green (named)'
59.1563 	EXP 	testChoice: color = 'green (named)'
59.1726 	EXP 	testChoice: color = 'green (named)'
59.1893 	EXP 	testChoice: color = 'green (named)'
59.2061 	EXP 	testChoice: color = 'green (named)'
59.2227 	EXP 	testChoice: color = 'green (named)'
59.2394 	EXP 	testChoice: color = 'green (named)'
59.2561 	EXP 	testChoice: color = 'green (named)'
59.2729 	EXP 	testChoice: color = 'green (named)'
59.2892 	EXP 	testChoice: color = 'green (named)'
59.3059 	EXP 	testChoice: color = 'green (named)'
59.3227 	EXP 	testChoice: color = 'green (named)'
59.3395 	EXP 	testChoice: color = 'green (named)'
59.3561 	EXP 	testChoice: color = 'green (named)'
59.3726 	EXP 	testChoice: color = 'green (named)'
59.3897 	EXP 	testChoice: color = 'green (named)'
59.4063 	EXP 	testChoice: color = 'green (named)'
59.4228 	EXP 	testChoice: color = 'green (named)'
59.4395 	EXP 	testChoice: color = 'green (named)'
59.4562 	EXP 	testChoice: color = 'green (named)'
59.4730 	EXP 	testChoice: color = 'green (named)'
59.4896 	EXP 	testChoice: color = 'green (named)'
59.5062 	EXP 	testChoice: color = 'green (named)'
59.5229 	EXP 	testChoice: color = 'green (named)'
59.5399 	EXP 	testChoice: color = 'green (named)'
59.5563 	EXP 	testChoice: color = 'green (named)'
59.5729 	EXP 	testChoice: color = 'green (named)'
59.5897 	EXP 	testChoice: color = 'green (named)'
59.6063 	EXP 	testChoice: color = 'green (named)'
59.6229 	EXP 	testChoice: color = 'green (named)'
59.6397 	EXP 	testChoice: color = 'green (named)'
59.6565 	EXP 	testChoice: color = 'green (named)'
59.6731 	EXP 	testChoice: color = 'green (named)'
59.6897 	EXP 	testChoice: color = 'green (named)'
59.7064 	EXP 	testChoice: color = 'green (named)'
59.7231 	EXP 	testChoice: color = 'green (named)'
59.7397 	EXP 	testChoice: color = 'green (named)'
59.7568 	EXP 	testChoice: color = 'green (named)'
59.7732 	EXP 	testChoice: color = 'green (named)'
59.7898 	EXP 	testChoice: color = 'green (named)'
59.8067 	EXP 	testChoice: color = 'green (named)'
59.8232 	EXP 	testChoice: color = 'green (named)'
59.8397 	EXP 	testChoice: color = 'green (named)'
59.8567 	EXP 	testChoice: color = 'green (named)'
59.8731 	EXP 	testChoice: color = 'green (named)'
59.8900 	EXP 	testChoice: color = 'green (named)'
59.9063 	EXP 	testChoice: color = 'green (named)'
59.9233 	EXP 	testChoice: color = 'green (named)'
59.9397 	EXP 	testChoice: color = 'green (named)'
59.9566 	EXP 	testChoice: color = 'green (named)'
59.9733 	EXP 	testChoice: color = 'green (named)'
59.9901 	EXP 	testChoice: color = 'green (named)'
60.0067 	EXP 	testChoice: color = 'green (named)'
60.0235 	EXP 	testChoice: color = 'green (named)'
60.0404 	EXP 	testChoice: color = 'green (named)'
60.0568 	EXP 	testChoice: color = 'green (named)'
60.0736 	EXP 	testChoice: color = 'green (named)'
60.0903 	EXP 	testChoice: color = 'green (named)'
60.1068 	EXP 	testChoice: color = 'green (named)'
60.1235 	EXP 	testChoice: color = 'green (named)'
60.1403 	EXP 	testChoice: color = 'green (named)'
60.1569 	EXP 	testChoice: color = 'green (named)'
60.1736 	EXP 	testChoice: color = 'green (named)'
60.1903 	EXP 	testChoice: color = 'green (named)'
60.2068 	EXP 	testChoice: color = 'green (named)'
60.2235 	EXP 	testChoice: color = 'green (named)'
60.2402 	EXP 	testChoice: color = 'green (named)'
60.2568 	EXP 	blank: autoDraw = False
60.2568 	EXP 	testChoice: color = 'green (named)'
60.2735 	EXP 	choiceQ: autoDraw = False
60.2735 	EXP 	testChoice: autoDraw = False
60.2735 	EXP 	videogameChoice: autoDraw = False
60.2735 	EXP 	gre: autoDraw = False
60.2735 	EXP 	gmat: autoDraw = False
60.2735 	EXP 	lsat: autoDraw = False
60.2735 	EXP 	mcat: autoDraw = False
60.2735 	EXP 	game: autoDraw = False
60.2735 	EXP 	testChoice: color = 'green (named)'
60.2902 	EXP 	testChoice: color = 'green (named)'
60.3068 	EXP 	testChoice: color = 'green (named)'
60.3235 	EXP 	testChoice: color = 'green (named)'
60.3402 	EXP 	testChoice: color = 'green (named)'
60.3572 	EXP 	testChoice: color = 'green (named)'
60.3736 	EXP 	testChoice: color = 'green (named)'
60.3916 	EXP 	testChoice: color = 'green (named)'
60.4069 	EXP 	testChoice: color = 'green (named)'
60.4236 	EXP 	testChoice: color = 'green (named)'
60.4404 	EXP 	testChoice: color = 'green (named)'
60.4572 	EXP 	testChoice: color = 'green (named)'
60.4736 	EXP 	testChoice: color = 'green (named)'
60.4904 	EXP 	testChoice: color = 'green (named)'
60.5070 	EXP 	testChoice: color = 'green (named)'
60.5237 	EXP 	testChoice: color = 'green (named)'
60.5407 	EXP 	testChoice: color = 'green (named)'
60.5575 	EXP 	testChoice: color = 'green (named)'
60.5742 	EXP 	testChoice: color = 'green (named)'
60.5907 	EXP 	testChoice: color = 'green (named)'
60.6069 	EXP 	testChoice: color = 'green (named)'
60.6237 	EXP 	testChoice: color = 'green (named)'
60.6405 	EXP 	testChoice: color = 'green (named)'
60.6573 	EXP 	testChoice: color = 'green (named)'
60.6739 	EXP 	testChoice: color = 'green (named)'
60.6906 	EXP 	testChoice: color = 'green (named)'
60.7073 	EXP 	testChoice: color = 'green (named)'
60.7240 	EXP 	testChoice: color = 'green (named)'
60.7406 	EXP 	testChoice: color = 'green (named)'
60.7574 	EXP 	testChoice: color = 'green (named)'
60.7737 	EXP 	testChoice: color = 'green (named)'
60.7907 	EXP 	testChoice: color = 'green (named)'
60.8074 	EXP 	testChoice: color = 'green (named)'
60.8240 	EXP 	testChoice: color = 'green (named)'
60.8404 	EXP 	testChoice: color = 'green (named)'
60.8574 	EXP 	testChoice: color = 'green (named)'
60.8741 	EXP 	testChoice: color = 'green (named)'
60.8907 	EXP 	testChoice: color = 'green (named)'
60.9074 	EXP 	testChoice: color = 'green (named)'
60.9241 	EXP 	testChoice: color = 'green (named)'
60.9406 	EXP 	testChoice: color = 'green (named)'
60.9575 	EXP 	testChoice: color = 'green (named)'
60.9742 	EXP 	testChoice: color = 'green (named)'
60.9908 	EXP 	testChoice: color = 'green (named)'
61.0072 	EXP 	testChoice: color = 'green (named)'
61.0243 	EXP 	testChoice: color = 'green (named)'
61.0410 	EXP 	testChoice: color = 'green (named)'
61.0577 	EXP 	testChoice: color = 'green (named)'
61.0743 	EXP 	testChoice: color = 'green (named)'
61.0909 	EXP 	testChoice: color = 'green (named)'
61.1077 	EXP 	testChoice: color = 'green (named)'
61.1242 	EXP 	testChoice: color = 'green (named)'
61.1410 	EXP 	testChoice: color = 'green (named)'
61.1574 	EXP 	testChoice: color = 'green (named)'
61.1743 	EXP 	testChoice: color = 'green (named)'
61.1909 	EXP 	testChoice: color = 'green (named)'
61.2077 	EXP 	testChoice: color = 'green (named)'
61.2244 	EXP 	testChoice: color = 'green (named)'
61.2410 	EXP 	testChoice: color = 'green (named)'
61.2575 	EXP 	testChoice: color = 'green (named)'
61.2744 	EXP 	testChoice: color = 'green (named)'
61.2911 	EXP 	testChoice: color = 'green (named)'
61.3075 	EXP 	testChoice: color = 'green (named)'
61.3245 	EXP 	testChoice: color = 'green (named)'
61.3410 	EXP 	testChoice: color = 'green (named)'
61.3578 	EXP 	testChoice: color = 'green (named)'
61.3745 	EXP 	testChoice: color = 'green (named)'
61.3783 	DATA 	Keypress: escape
61.3912 	EXP 	testChoice: color = 'green (named)'
61.4077 	EXP 	testChoice: color = 'green (named)'
61.4246 	EXP 	testChoice: color = 'green (named)'
61.4412 	EXP 	testChoice: color = 'green (named)'
61.4579 	EXP 	testChoice: color = 'green (named)'
61.4744 	EXP 	testChoice: color = 'green (named)'
61.4950 	EXP 	window1: mouseVisible = True
