3.9644 	WARNING 	User requested fullscreen with size [1024  768], but screen is actually [1920, 1080]. Using actual size
4.7468 	EXP 	Created window1 = Window(allowGUI=False, allowStencil=False, args=UNKNOWN, autoLog=True, bitsMode=UNKNOWN, blendMode='avg', color=array([0., 0., 0.]), colorSpace='rgb', fullscr=<method-wrapper '__getattribute__' of attributeSetter object at 0x000001E57F098F60>, gamma=None, gammaErrorPolicy='raise', kwargs=UNKNOWN, lms=UNKNOWN, monitor=<psychopy.monitors.calibTools.Monitor object at 0x000001E57F12C128>, multiSample=False, name='window1', numSamples=2, pos=[0.0, 0.0], screen=0, size=array([1920, 1080]), stereo=False, units='height', useFBO=True, useRetina=False, viewOri=0.0, viewPos=None, viewScale=None, waitBlanking=True, winType='pyglet')
4.7469 	EXP 	window1: recordFrameIntervals = False
4.9134 	EXP 	window1: recordFrameIntervals = True
5.0965 	EXP 	window1: recordFrameIntervals = False
5.5418 	EXP 	Created instruct = TextStim(__class__=<class 'psychopy.visual.text.TextStim'>, alignHoriz='center', alignVert='center', antialias=True, autoLog=True, bold=False, color='white', colorSpace='named', contrast=1.0, depth=0.0, flipHoriz=False, flipVert=False, font='Arial', fontFiles=[], height=0.05, italic=False, languageStyle='LTR', name='instruct', opacity=1.0, ori=0, pos=array([0., 0.]), rgb=array([255., 255., 255.]), text=str(...), units='height', win=Window(...), wrapWidth=1.4)
5.5606 	EXP 	Created regCue = TextStim(__class__=<class 'psychopy.visual.text.TextStim'>, alignHoriz='center', alignVert='center', antialias=True, autoLog=True, bold=False, color='white', colorSpace='named', contrast=1.0, depth=0.0, flipHoriz=False, flipVert=False, font='Arial', fontFiles=[], height=0.1, italic=False, languageStyle='LTR', name='regCue', opacity=1.0, ori=0, pos=array([0., 0.]), rgb=array([255., 255., 255.]), text='REGULATE', units='height', win=Window(...), wrapWidth=1)
5.5791 	EXP 	Created choiceQ = TextStim(__class__=<class 'psychopy.visual.text.TextStim'>, alignHoriz='center', alignVert='center', antialias=True, autoLog=True, bold=False, color='white', colorSpace='named', contrast=1.0, depth=0.0, flipHoriz=False, flipVert=False, font='Arial', fontFiles=[], height=0.05, italic=False, languageStyle='LTR', name='choiceQ', opacity=1.0, ori=0, pos=array([0.  , 0.35]), rgb=array([255., 255., 255.]), text=str(...), units='height', win=Window(...), wrapWidth=1.4)
5.5961 	EXP 	Created testChoice = TextStim(__class__=<class 'psychopy.visual.text.TextStim'>, alignHoriz='center', alignVert='center', antialias=True, autoLog=True, bold=False, color='white', colorSpace='named', contrast=1.0, depth=-2.0, flipHoriz=False, flipVert=False, font='Arial', fontFiles=[], height=0.04, italic=False, languageStyle='LTR', name='testChoice', opacity=1.0, ori=0, pos=array([-0.41,  0.15]), rgb=array([255., 255., 255.]), text='Practice Standardized Test Questions', units='height', win=Window(...), wrapWidth=1)
5.6037 	EXP 	Created videogameChoice = TextStim(__class__=<class 'psychopy.visual.text.TextStim'>, alignHoriz='center', alignVert='center', antialias=True, autoLog=True, bold=False, color='white', colorSpace='named', contrast=1.0, depth=-3.0, flipHoriz=False, flipVert=False, font='Arial', fontFiles=[], height=0.04, italic=False, languageStyle='LTR', name='videogameChoice', opacity=1.0, ori=0, pos=array([0.41, 0.15]), rgb=array([255., 255., 255.]), text='Play a Videogame', units='height', win=Window(...), wrapWidth=1)
5.6085 	EXP 	Created gre = ImageStim(__class__=<class 'psychopy.visual.image.ImageStim'>, autoLog=True, color=array([1., 1., 1.]), colorSpace='rgb', contrast=1.0, depth=-4.0, flipHoriz=False, flipVert=False, image='gre.png', interpolate=True, mask=None, maskParams=None, name='gre', opacity=1.0, ori=0.0, pos=array([-0.41,  0.02]), size=array([0.3  , 0.105]), texRes=128, units='height', win=Window(...))
5.6122 	EXP 	Created gmat = ImageStim(__class__=<class 'psychopy.visual.image.ImageStim'>, autoLog=True, color=array([1., 1., 1.]), colorSpace='rgb', contrast=1.0, depth=-5.0, flipHoriz=False, flipVert=False, image='gmat.png', interpolate=True, mask=None, maskParams=None, name='gmat', opacity=1.0, ori=0.0, pos=array([-0.41, -0.13]), size=array([0.3 , 0.11]), texRes=128, units='height', win=Window(...))
5.6145 	EXP 	Created lsat = ImageStim(__class__=<class 'psychopy.visual.image.ImageStim'>, autoLog=True, color=array([1., 1., 1.]), colorSpace='rgb', contrast=1.0, depth=-6.0, flipHoriz=False, flipVert=False, image='lsat.png', interpolate=True, mask=None, maskParams=None, name='lsat', opacity=1.0, ori=0.0, pos=array([-0.41, -0.27]), size=array([0.3 , 0.11]), texRes=128, units='height', win=Window(...))
5.6285 	EXP 	Created game = ImageStim(__class__=<class 'psychopy.visual.image.ImageStim'>, autoLog=True, color=array([1., 1., 1.]), colorSpace='rgb', contrast=1.0, depth=-7.0, flipHoriz=False, flipVert=False, image='game.png', interpolate=True, mask=None, maskParams=None, name='game', opacity=1.0, ori=0.0, pos=array([ 0.41, -0.19]), size=array([0.4, 0.5]), texRes=128, units='height', win=Window(...))
5.6292 	EXP 	Created blank = TextStim(__class__=<class 'psychopy.visual.text.TextStim'>, alignHoriz='center', alignVert='center', antialias=True, autoLog=True, bold=False, color='white', colorSpace='named', contrast=1.0, depth=-9.0, flipHoriz=False, flipVert=False, font='Arial', fontFiles=[], height=0.1, italic=False, languageStyle='LTR', name='blank', opacity=1.0, ori=0, pos=array([0., 0.]), rgb=array([255., 255., 255.]), text='', units='height', win=Window(...), wrapWidth=1)
5.6657 	EXP 	Created testQChoice = TextStim(__class__=<class 'psychopy.visual.text.TextStim'>, alignHoriz='center', alignVert='center', antialias=True, autoLog=True, bold=False, color='white', colorSpace='named', contrast=1.0, depth=0.0, flipHoriz=False, flipVert=False, font='Arial', fontFiles=[], height=0.055, italic=False, languageStyle='LTR', name='testQChoice', opacity=1.0, ori=0, pos=array([0.  , 0.35]), rgb=array([255., 255., 255.]), text=str(...), units='height', win=Window(...), wrapWidth=1.3)
5.6697 	EXP 	Created image = ImageStim(__class__=<class 'psychopy.visual.image.ImageStim'>, autoLog=True, color=array([1., 1., 1.]), colorSpace='rgb', contrast=1.0, depth=-1.0, flipHoriz=False, flipVert=False, image='gre.png', interpolate=True, mask=None, maskParams=None, name='image', opacity=1.0, ori=0.0, pos=array([0.   , 0.105]), size=array([0.3 , 0.11]), texRes=128, units='height', win=Window(...))
5.6726 	EXP 	Created image_2 = ImageStim(__class__=<class 'psychopy.visual.image.ImageStim'>, autoLog=True, color=array([1., 1., 1.]), colorSpace='rgb', contrast=1.0, depth=-2.0, flipHoriz=False, flipVert=False, image='gmat.png', interpolate=True, mask=None, maskParams=None, name='image_2', opacity=1.0, ori=0.0, pos=array([ 0.  , -0.05]), size=array([0.3 , 0.11]), texRes=128, units='height', win=Window(...))
5.6747 	EXP 	Created image_3 = ImageStim(__class__=<class 'psychopy.visual.image.ImageStim'>, autoLog=True, color=array([1., 1., 1.]), colorSpace='rgb', contrast=1.0, depth=-3.0, flipHoriz=False, flipVert=False, image='lsat.png', interpolate=True, mask=None, maskParams=None, name='image_3', opacity=1.0, ori=0.0, pos=array([ 0. , -0.2]), size=array([0.3 , 0.11]), texRes=128, units='height', win=Window(...))
5.6762 	EXP 	Created polygon = Rect(__class__=<class 'psychopy.visual.rect.Rect'>, autoDraw=False, autoLog=True, closeShape=True, color=method-wrapper(...), colorSpace=None, contrast=1.0, depth=-5.0, fillColor=None, fillColorSpace='rgb', fillRGB=None, interpolate=True, lineColor=array([-1., -1., -1.]), lineColorSpace='rgb', lineRGB=array([-1., -1., -1.]), lineWidth=1.0, name='polygon', opacity=1.0, ori=array(1.), pos=array([0., 0.]), size=array([1., 1.]), units='height', vertices=ndarray(...), win=Window(...))
5.6888 	EXP 	Created TextQuestion = TextStim(__class__=<class 'psychopy.visual.text.TextStim'>, alignHoriz='center', alignVert='center', antialias=True, autoLog=True, bold=False, color='white', colorSpace='named', contrast=1.0, depth=0.0, flipHoriz=False, flipVert=False, font='Arial', fontFiles=[], height=0.028, italic=False, languageStyle='LTR', name='TextQuestion', opacity=1.0, ori=0, pos=array([0.  , 0.35]), rgb=array([255., 255., 255.]), text='default text', units='height', win=Window(...), wrapWidth=1.45)
5.6978 	EXP 	Created choiceA = TextStim(__class__=<class 'psychopy.visual.text.TextStim'>, alignHoriz='center', alignVert='center', antialias=True, autoLog=True, bold=False, color='white', colorSpace='named', contrast=1.0, depth=-3.0, flipHoriz=False, flipVert=False, font='Arial', fontFiles=[], height=0.026, italic=False, languageStyle='LTR', name='choiceA', opacity=1.0, ori=0, pos=array([0., 0.]), rgb=array([255., 255., 255.]), text='default text', units='height', win=Window(...), wrapWidth=1.4)
5.7016 	EXP 	Created choiceB = TextStim(__class__=<class 'psychopy.visual.text.TextStim'>, alignHoriz='center', alignVert='center', antialias=True, autoLog=True, bold=False, color='white', colorSpace='named', contrast=1.0, depth=-4.0, flipHoriz=False, flipVert=False, font='Arial', fontFiles=[], height=0.026, italic=False, languageStyle='LTR', name='choiceB', opacity=1.0, ori=0, pos=array([ 0. , -0.1]), rgb=array([255., 255., 255.]), text='default text', units='height', win=Window(...), wrapWidth=1.4)
5.7053 	EXP 	Created choiceC = TextStim(__class__=<class 'psychopy.visual.text.TextStim'>, alignHoriz='center', alignVert='center', antialias=True, autoLog=True, bold=False, color='white', colorSpace='named', contrast=1.0, depth=-5.0, flipHoriz=False, flipVert=False, font='Arial', fontFiles=[], height=0.026, italic=False, languageStyle='LTR', name='choiceC', opacity=1.0, ori=0, pos=array([ 0. , -0.2]), rgb=array([255., 255., 255.]), text='default text', units='height', win=Window(...), wrapWidth=1.4)
5.7089 	EXP 	Created choiceD = TextStim(__class__=<class 'psychopy.visual.text.TextStim'>, alignHoriz='center', alignVert='center', antialias=True, autoLog=True, bold=False, color='white', colorSpace='named', contrast=1.0, depth=-6.0, flipHoriz=False, flipVert=False, font='Arial', fontFiles=[], height=0.026, italic=False, languageStyle='LTR', name='choiceD', opacity=1.0, ori=0, pos=array([ 0. , -0.3]), rgb=array([255., 255., 255.]), text='default text', units='height', win=Window(...), wrapWidth=1.4)
5.7129 	EXP 	Created choiceE = TextStim(__class__=<class 'psychopy.visual.text.TextStim'>, alignHoriz='center', alignVert='center', antialias=True, autoLog=True, bold=False, color='white', colorSpace='named', contrast=1.0, depth=-7.0, flipHoriz=False, flipVert=False, font='Arial', fontFiles=[], height=0.026, italic=False, languageStyle='LTR', name='choiceE', opacity=1.0, ori=0, pos=array([ 0. , -0.4]), rgb=array([255., 255., 255.]), text='default text', units='height', win=Window(...), wrapWidth=1.4)
5.7135 	EXP 	Created conBlank = TextStim(__class__=<class 'psychopy.visual.text.TextStim'>, alignHoriz='center', alignVert='center', antialias=True, autoLog=True, bold=False, color='white', colorSpace='named', contrast=1.0, depth=-9.0, flipHoriz=False, flipVert=False, font='Arial', fontFiles=[], height=0.1, italic=False, languageStyle='LTR', name='conBlank', opacity=1.0, ori=0, pos=array([0., 0.]), rgb=array([255., 255., 255.]), text='', units='height', win=Window(...), wrapWidth=1)
5.7793 	EXP 	Created gameInstructions = TextStim(__class__=<class 'psychopy.visual.text.TextStim'>, alignHoriz='center', alignVert='center', antialias=True, autoLog=True, bold=False, color='white', colorSpace='named', contrast=1.0, depth=0.0, flipHoriz=False, flipVert=False, font='Arial', fontFiles=[], height=0.07, italic=False, languageStyle='LTR', name='gameInstructions', opacity=1.0, ori=0, pos=array([0., 0.]), rgb=array([255., 255., 255.]), text=str(...), units='height', win=Window(...), wrapWidth=1)
6.7869 	EXP 	instruct: autoDraw = True
8.4516 	EXP 	Created sequence: sequential, trialTypes=1, nReps=5, seed=None
8.4522 	EXP 	New trial (rep=0, index=0): None
8.4657 	EXP 	instruct: autoDraw = False
8.4657 	EXP 	regCue: autoDraw = True
11.4821 	EXP 	regCue: autoDraw = False
11.4821 	EXP 	blank: text = ''
11.4821 	EXP 	choiceQ: autoDraw = True
11.4821 	EXP 	testChoice: autoDraw = True
11.4821 	EXP 	videogameChoice: autoDraw = True
11.4821 	EXP 	gre: autoDraw = True
11.4821 	EXP 	gmat: autoDraw = True
11.4821 	EXP 	lsat: autoDraw = True
11.4821 	EXP 	game: autoDraw = True
12.0300 	EXP 	testChoice: color = 'green (named)'
12.0300 	EXP 	blank: autoDraw = True
12.0465 	EXP 	testChoice: color = 'green (named)'
12.0633 	EXP 	testChoice: color = 'green (named)'
12.0801 	EXP 	testChoice: color = 'green (named)'
12.0966 	EXP 	testChoice: color = 'green (named)'
12.1133 	EXP 	testChoice: color = 'green (named)'
12.1301 	EXP 	testChoice: color = 'green (named)'
12.1464 	EXP 	testChoice: color = 'green (named)'
12.1633 	EXP 	testChoice: color = 'green (named)'
12.1800 	EXP 	testChoice: color = 'green (named)'
12.1965 	EXP 	testChoice: color = 'green (named)'
12.2133 	EXP 	testChoice: color = 'green (named)'
12.2301 	EXP 	testChoice: color = 'green (named)'
12.2464 	EXP 	testChoice: color = 'green (named)'
12.2633 	EXP 	testChoice: color = 'green (named)'
12.2800 	EXP 	testChoice: color = 'green (named)'
12.2964 	EXP 	testChoice: color = 'green (named)'
12.3133 	EXP 	testChoice: color = 'green (named)'
12.3303 	EXP 	testChoice: color = 'green (named)'
12.3465 	EXP 	testChoice: color = 'green (named)'
12.3634 	EXP 	testChoice: color = 'green (named)'
12.3800 	EXP 	testChoice: color = 'green (named)'
12.3965 	EXP 	testChoice: color = 'green (named)'
12.4133 	EXP 	testChoice: color = 'green (named)'
12.4300 	EXP 	testChoice: color = 'green (named)'
12.4464 	EXP 	testChoice: color = 'green (named)'
12.4632 	EXP 	testChoice: color = 'green (named)'
12.4799 	EXP 	testChoice: color = 'green (named)'
12.4964 	EXP 	testChoice: color = 'green (named)'
12.5133 	EXP 	testChoice: color = 'green (named)'
12.5299 	EXP 	testChoice: color = 'green (named)'
12.5465 	EXP 	testChoice: color = 'green (named)'
12.5633 	EXP 	testChoice: color = 'green (named)'
12.5800 	EXP 	testChoice: color = 'green (named)'
12.5970 	EXP 	testChoice: color = 'green (named)'
12.6132 	EXP 	testChoice: color = 'green (named)'
12.6296 	EXP 	testChoice: color = 'green (named)'
12.6463 	EXP 	testChoice: color = 'green (named)'
12.6631 	EXP 	testChoice: color = 'green (named)'
12.6792 	EXP 	testChoice: color = 'green (named)'
12.6965 	EXP 	testChoice: color = 'green (named)'
12.7130 	EXP 	testChoice: color = 'green (named)'
12.7295 	EXP 	testChoice: color = 'green (named)'
12.7463 	EXP 	testChoice: color = 'green (named)'
12.7632 	EXP 	testChoice: color = 'green (named)'
12.7798 	EXP 	testChoice: color = 'green (named)'
12.7962 	EXP 	testChoice: color = 'green (named)'
12.8131 	EXP 	testChoice: color = 'green (named)'
12.8297 	EXP 	testChoice: color = 'green (named)'
12.8462 	EXP 	testChoice: color = 'green (named)'
12.8630 	EXP 	testChoice: color = 'green (named)'
12.8795 	EXP 	testChoice: color = 'green (named)'
12.8960 	EXP 	testChoice: color = 'green (named)'
12.9130 	EXP 	testChoice: color = 'green (named)'
12.9296 	EXP 	testChoice: color = 'green (named)'
12.9462 	EXP 	testChoice: color = 'green (named)'
12.9629 	EXP 	testChoice: color = 'green (named)'
12.9797 	EXP 	testChoice: color = 'green (named)'
12.9961 	EXP 	testChoice: color = 'green (named)'
13.0130 	EXP 	testChoice: color = 'green (named)'
13.0295 	EXP 	testChoice: color = 'green (named)'
13.0462 	EXP 	testChoice: color = 'green (named)'
13.0629 	EXP 	testChoice: color = 'green (named)'
13.0796 	EXP 	testChoice: color = 'green (named)'
13.0960 	EXP 	testChoice: color = 'green (named)'
13.1131 	EXP 	testChoice: color = 'green (named)'
13.1302 	EXP 	testChoice: color = 'green (named)'
13.1469 	EXP 	testChoice: color = 'green (named)'
13.1633 	EXP 	testChoice: color = 'green (named)'
13.1801 	EXP 	testChoice: color = 'green (named)'
13.1965 	EXP 	testChoice: color = 'green (named)'
13.2133 	EXP 	testChoice: color = 'green (named)'
13.2299 	EXP 	testChoice: color = 'green (named)'
13.2464 	EXP 	testChoice: color = 'green (named)'
13.2634 	EXP 	testChoice: color = 'green (named)'
13.2801 	EXP 	testChoice: color = 'green (named)'
13.2965 	EXP 	testChoice: color = 'green (named)'
13.3133 	EXP 	testChoice: color = 'green (named)'
13.3301 	EXP 	testChoice: color = 'green (named)'
13.3464 	EXP 	testChoice: color = 'green (named)'
13.3633 	EXP 	testChoice: color = 'green (named)'
13.3799 	EXP 	testChoice: color = 'green (named)'
13.3966 	EXP 	testChoice: color = 'green (named)'
13.4133 	EXP 	testChoice: color = 'green (named)'
13.4300 	EXP 	testChoice: color = 'green (named)'
13.4467 	EXP 	testChoice: color = 'green (named)'
13.4634 	EXP 	testChoice: color = 'green (named)'
13.4801 	EXP 	testChoice: color = 'green (named)'
13.4964 	EXP 	testChoice: color = 'green (named)'
13.5133 	EXP 	testChoice: color = 'green (named)'
13.5300 	EXP 	testChoice: color = 'green (named)'
13.5300 	EXP 	blank: autoDraw = False
13.5816 	EXP 	Imported RowsExcel.xlsx as conditions, 5 conditions, 1 params
13.5894 	EXP 	Created sequence: random, trialTypes=5, nReps=1, seed=None
13.5903 	EXP 	New trial (rep=0, index=0): OrderedDict([('Rows', '000:005')])
13.5981 	EXP 	choiceQ: autoDraw = False
13.5981 	EXP 	testChoice: autoDraw = False
13.5981 	EXP 	videogameChoice: autoDraw = False
13.5981 	EXP 	gre: autoDraw = False
13.5981 	EXP 	gmat: autoDraw = False
13.5981 	EXP 	lsat: autoDraw = False
13.5981 	EXP 	game: autoDraw = False
13.5981 	EXP 	testChoice: color = 'green (named)'
13.5981 	EXP 	choiceQ: autoDraw = False
13.5981 	EXP 	testChoice: autoDraw = False
13.5981 	EXP 	videogameChoice: autoDraw = False
13.5981 	EXP 	gre: autoDraw = False
13.5981 	EXP 	gmat: autoDraw = False
13.5981 	EXP 	lsat: autoDraw = False
13.5981 	EXP 	game: autoDraw = False
13.5981 	EXP 	blank: autoDraw = False
13.5981 	EXP 	videogameChoice: color = 'white (named)'
13.5981 	EXP 	testChoice: color = 'white (named)'
13.5981 	EXP 	choiceQ: autoDraw = False
13.5981 	EXP 	testChoice: autoDraw = False
13.5981 	EXP 	videogameChoice: autoDraw = False
13.5981 	EXP 	gre: autoDraw = False
13.5981 	EXP 	gmat: autoDraw = False
13.5981 	EXP 	lsat: autoDraw = False
13.5981 	EXP 	polygon: opacity = 1.0
13.5981 	EXP 	polygon: size = array([0.32, 0.13])
13.5981 	EXP 	polygon: ori = 0.0
13.5981 	EXP 	polygon: lineWidth = 8.0
13.6465 	EXP 	testQChoice: autoDraw = True
13.6465 	EXP 	image: autoDraw = True
13.6465 	EXP 	image_2: autoDraw = True
13.6465 	EXP 	image_3: autoDraw = True
16.4592 	EXP 	window1: mouseVisible = True
