4.3091 	WARNING 	User requested fullscreen with size [1024  768], but screen is actually [1920, 1200]. Using actual size
5.0811 	EXP 	Created window1 = Window(allowGUI=False, allowStencil=False, args=UNKNOWN, autoLog=True, bitsMode=UNKNOWN, blendMode='avg', color=array([0., 0., 0.]), colorSpace='rgb', fullscr=<method-wrapper '__getattribute__' of attributeSetter object at 0x0000026765C1BF28>, gamma=None, gammaErrorPolicy='raise', kwargs=UNKNOWN, lms=UNKNOWN, monitor=<psychopy.monitors.calibTools.Monitor object at 0x0000026765AD1C18>, multiSample=False, name='window1', numSamples=2, pos=[0.0, 0.0], screen=0, size=array([1920, 1200]), stereo=False, units='height', useFBO=True, useRetina=False, viewOri=0.0, viewPos=None, viewScale=None, waitBlanking=True, winType='pyglet')
5.0812 	EXP 	window1: recordFrameIntervals = False
5.2480 	EXP 	window1: recordFrameIntervals = True
5.4317 	EXP 	window1: recordFrameIntervals = False
5.6311 	EXP 	Created instruct = TextStim(__class__=<class 'psychopy.visual.text.TextStim'>, alignHoriz='center', alignVert='center', antialias=True, autoLog=True, bold=False, color='white', colorSpace='named', contrast=1.0, depth=0.0, flipHoriz=False, flipVert=False, font='Arial', fontFiles=[], height=0.05, italic=False, languageStyle='LTR', name='instruct', opacity=1.0, ori=0, pos=array([0., 0.]), rgb=array([255., 255., 255.]), text=str(...), units='height', win=Window(...), wrapWidth=1.4)
5.6499 	EXP 	Created regCue = TextStim(__class__=<class 'psychopy.visual.text.TextStim'>, alignHoriz='center', alignVert='center', antialias=True, autoLog=True, bold=False, color='white', colorSpace='named', contrast=1.0, depth=0.0, flipHoriz=False, flipVert=False, font='Arial', fontFiles=[], height=0.1, italic=False, languageStyle='LTR', name='regCue', opacity=1.0, ori=0, pos=array([0., 0.]), rgb=array([255., 255., 255.]), text='REGULATE', units='height', win=Window(...), wrapWidth=1)
5.6663 	EXP 	Created choiceQ = TextStim(__class__=<class 'psychopy.visual.text.TextStim'>, alignHoriz='center', alignVert='center', antialias=True, autoLog=True, bold=False, color='white', colorSpace='named', contrast=1.0, depth=0.0, flipHoriz=False, flipVert=False, font='Arial', fontFiles=[], height=0.05, italic=False, languageStyle='LTR', name='choiceQ', opacity=1.0, ori=0, pos=array([0.  , 0.35]), rgb=array([255., 255., 255.]), text=str(...), units='height', win=Window(...), wrapWidth=1.4)
5.6810 	EXP 	Created testChoice = TextStim(__class__=<class 'psychopy.visual.text.TextStim'>, alignHoriz='center', alignVert='center', antialias=True, autoLog=True, bold=False, color='white', colorSpace='named', contrast=1.0, depth=-2.0, flipHoriz=False, flipVert=False, font='Arial', fontFiles=[], height=0.04, italic=False, languageStyle='LTR', name='testChoice', opacity=1.0, ori=0, pos=array([-0.41,  0.15]), rgb=array([255., 255., 255.]), text='Practice Standardized Test Questions', units='height', win=Window(...), wrapWidth=1)
5.6869 	EXP 	Created videogameChoice = TextStim(__class__=<class 'psychopy.visual.text.TextStim'>, alignHoriz='center', alignVert='center', antialias=True, autoLog=True, bold=False, color='white', colorSpace='named', contrast=1.0, depth=-3.0, flipHoriz=False, flipVert=False, font='Arial', fontFiles=[], height=0.04, italic=False, languageStyle='LTR', name='videogameChoice', opacity=1.0, ori=0, pos=array([0.41, 0.15]), rgb=array([255., 255., 255.]), text='Play a Videogame', units='height', win=Window(...), wrapWidth=1)
5.6913 	EXP 	Created gre = ImageStim(__class__=<class 'psychopy.visual.image.ImageStim'>, autoLog=True, color=array([1., 1., 1.]), colorSpace='rgb', contrast=1.0, depth=-4.0, flipHoriz=False, flipVert=False, image='gre.png', interpolate=True, mask=None, maskParams=None, name='gre', opacity=1.0, ori=0.0, pos=array([-0.41,  0.02]), size=array([0.3  , 0.105]), texRes=128, units='height', win=Window(...))
5.6943 	EXP 	Created gmat = ImageStim(__class__=<class 'psychopy.visual.image.ImageStim'>, autoLog=True, color=array([1., 1., 1.]), colorSpace='rgb', contrast=1.0, depth=-5.0, flipHoriz=False, flipVert=False, image='gmat.png', interpolate=True, mask=None, maskParams=None, name='gmat', opacity=1.0, ori=0.0, pos=array([-0.41, -0.13]), size=array([0.3 , 0.11]), texRes=128, units='height', win=Window(...))
5.6961 	EXP 	Created lsat = ImageStim(__class__=<class 'psychopy.visual.image.ImageStim'>, autoLog=True, color=array([1., 1., 1.]), colorSpace='rgb', contrast=1.0, depth=-6.0, flipHoriz=False, flipVert=False, image='lsat.png', interpolate=True, mask=None, maskParams=None, name='lsat', opacity=1.0, ori=0.0, pos=array([-0.41, -0.27]), size=array([0.3 , 0.11]), texRes=128, units='height', win=Window(...))
5.6996 	EXP 	Created mcat = ImageStim(__class__=<class 'psychopy.visual.image.ImageStim'>, autoLog=True, color=array([1., 1., 1.]), colorSpace='rgb', contrast=1.0, depth=-7.0, flipHoriz=False, flipVert=False, image='mcat.png', interpolate=True, mask=None, maskParams=None, name='mcat', opacity=1.0, ori=0.0, pos=array([-0.41, -0.41]), size=array([0.3 , 0.11]), texRes=128, units='height', win=Window(...))
5.7118 	EXP 	Created game = ImageStim(__class__=<class 'psychopy.visual.image.ImageStim'>, autoLog=True, color=array([1., 1., 1.]), colorSpace='rgb', contrast=1.0, depth=-8.0, flipHoriz=False, flipVert=False, image='game.png', interpolate=True, mask=None, maskParams=None, name='game', opacity=1.0, ori=0.0, pos=array([ 0.41, -0.19]), size=array([0.4, 0.5]), texRes=128, units='height', win=Window(...))
5.7123 	EXP 	Created blank = TextStim(__class__=<class 'psychopy.visual.text.TextStim'>, alignHoriz='center', alignVert='center', antialias=True, autoLog=True, bold=False, color='white', colorSpace='named', contrast=1.0, depth=-9.0, flipHoriz=False, flipVert=False, font='Arial', fontFiles=[], height=0.1, italic=False, languageStyle='LTR', name='blank', opacity=1.0, ori=0, pos=array([0., 0.]), rgb=array([255., 255., 255.]), text='', units='height', win=Window(...), wrapWidth=1)
5.7449 	EXP 	Created testQChoice = TextStim(__class__=<class 'psychopy.visual.text.TextStim'>, alignHoriz='center', alignVert='center', antialias=True, autoLog=True, bold=False, color='white', colorSpace='named', contrast=1.0, depth=0.0, flipHoriz=False, flipVert=False, font='Arial', fontFiles=[], height=0.055, italic=False, languageStyle='LTR', name='testQChoice', opacity=1.0, ori=0, pos=array([0.  , 0.35]), rgb=array([255., 255., 255.]), text=str(...), units='height', win=Window(...), wrapWidth=1.3)
5.7484 	EXP 	Created image = ImageStim(__class__=<class 'psychopy.visual.image.ImageStim'>, autoLog=True, color=array([1., 1., 1.]), colorSpace='rgb', contrast=1.0, depth=-1.0, flipHoriz=False, flipVert=False, image='gre.png', interpolate=True, mask=None, maskParams=None, name='image', opacity=1.0, ori=0.0, pos=array([0.   , 0.105]), size=array([0.3 , 0.11]), texRes=128, units='height', win=Window(...))
5.7510 	EXP 	Created image_2 = ImageStim(__class__=<class 'psychopy.visual.image.ImageStim'>, autoLog=True, color=array([1., 1., 1.]), colorSpace='rgb', contrast=1.0, depth=-2.0, flipHoriz=False, flipVert=False, image='gmat.png', interpolate=True, mask=None, maskParams=None, name='image_2', opacity=1.0, ori=0.0, pos=array([ 0.  , -0.05]), size=array([0.3 , 0.11]), texRes=128, units='height', win=Window(...))
5.7536 	EXP 	Created image_3 = ImageStim(__class__=<class 'psychopy.visual.image.ImageStim'>, autoLog=True, color=array([1., 1., 1.]), colorSpace='rgb', contrast=1.0, depth=-3.0, flipHoriz=False, flipVert=False, image='lsat.png', interpolate=True, mask=None, maskParams=None, name='image_3', opacity=1.0, ori=0.0, pos=array([ 0. , -0.2]), size=array([0.3 , 0.11]), texRes=128, units='height', win=Window(...))
5.7569 	EXP 	Created image_4 = ImageStim(__class__=<class 'psychopy.visual.image.ImageStim'>, autoLog=True, color=array([1., 1., 1.]), colorSpace='rgb', contrast=1.0, depth=-4.0, flipHoriz=False, flipVert=False, image='mcat.png', interpolate=True, mask=None, maskParams=None, name='image_4', opacity=1.0, ori=0.0, pos=array([ 0.  , -0.35]), size=array([0.3 , 0.11]), texRes=128, units='height', win=Window(...))
5.7587 	EXP 	Created polygon = Rect(__class__=<class 'psychopy.visual.rect.Rect'>, autoDraw=False, autoLog=True, closeShape=True, color=method-wrapper(...), colorSpace=None, contrast=1.0, depth=-7.0, fillColor=None, fillColorSpace='rgb', fillRGB=None, interpolate=True, lineColor=array([-1., -1., -1.]), lineColorSpace='rgb', lineRGB=array([-1., -1., -1.]), lineWidth=1, name='polygon', opacity=1.0, ori=array(0.), pos=array([0., 0.]), size=array([1., 1.]), units='height', vertices=ndarray(...), win=Window(...))
5.7889 	EXP 	instruct: autoDraw = True
6.6074 	DATA 	Keypress: space
6.6159 	EXP 	instruct: autoDraw = False
6.6159 	EXP 	regCue: autoDraw = True
9.6360 	EXP 	regCue: autoDraw = False
9.6360 	EXP 	regCue: autoDraw = False
9.6360 	EXP 	choiceQ: autoDraw = True
9.6360 	EXP 	testChoice: autoDraw = True
9.6360 	EXP 	videogameChoice: autoDraw = True
9.6360 	EXP 	gre: autoDraw = True
9.6360 	EXP 	gmat: autoDraw = True
9.6360 	EXP 	lsat: autoDraw = True
9.6360 	EXP 	mcat: autoDraw = True
9.6360 	EXP 	game: autoDraw = True
11.0745 	DATA 	Keypress: 1
11.0865 	EXP 	blank: autoDraw = True
11.0865 	EXP 	testChoice: color = 'green (named)'
11.1028 	EXP 	testChoice: color = 'green (named)'
11.1196 	EXP 	testChoice: color = 'green (named)'
11.1361 	EXP 	testChoice: color = 'green (named)'
11.1529 	EXP 	testChoice: color = 'green (named)'
11.1696 	EXP 	testChoice: color = 'green (named)'
11.1864 	EXP 	testChoice: color = 'green (named)'
11.2030 	EXP 	testChoice: color = 'green (named)'
11.2198 	EXP 	testChoice: color = 'green (named)'
11.2364 	EXP 	testChoice: color = 'green (named)'
11.2530 	EXP 	testChoice: color = 'green (named)'
11.2698 	EXP 	testChoice: color = 'green (named)'
11.2863 	EXP 	testChoice: color = 'green (named)'
11.3030 	EXP 	testChoice: color = 'green (named)'
11.3197 	EXP 	testChoice: color = 'green (named)'
11.3363 	EXP 	testChoice: color = 'green (named)'
11.3530 	EXP 	testChoice: color = 'green (named)'
11.3698 	EXP 	testChoice: color = 'green (named)'
11.3864 	EXP 	testChoice: color = 'green (named)'
11.4032 	EXP 	testChoice: color = 'green (named)'
11.4198 	EXP 	testChoice: color = 'green (named)'
11.4366 	EXP 	testChoice: color = 'green (named)'
11.4532 	EXP 	testChoice: color = 'green (named)'
11.4699 	EXP 	testChoice: color = 'green (named)'
11.4863 	EXP 	testChoice: color = 'green (named)'
11.5032 	EXP 	testChoice: color = 'green (named)'
11.5200 	EXP 	testChoice: color = 'green (named)'
11.5366 	EXP 	testChoice: color = 'green (named)'
11.5532 	EXP 	testChoice: color = 'green (named)'
11.5700 	EXP 	testChoice: color = 'green (named)'
11.5868 	EXP 	testChoice: color = 'green (named)'
11.6035 	EXP 	testChoice: color = 'green (named)'
11.6200 	EXP 	testChoice: color = 'green (named)'
11.6366 	EXP 	testChoice: color = 'green (named)'
11.6533 	EXP 	testChoice: color = 'green (named)'
11.6700 	EXP 	testChoice: color = 'green (named)'
11.6867 	EXP 	testChoice: color = 'green (named)'
11.7034 	EXP 	testChoice: color = 'green (named)'
11.7201 	EXP 	testChoice: color = 'green (named)'
11.7367 	EXP 	testChoice: color = 'green (named)'
11.7534 	EXP 	testChoice: color = 'green (named)'
11.7701 	EXP 	testChoice: color = 'green (named)'
11.7868 	EXP 	testChoice: color = 'green (named)'
11.8034 	EXP 	testChoice: color = 'green (named)'
11.8201 	EXP 	testChoice: color = 'green (named)'
11.8368 	EXP 	testChoice: color = 'green (named)'
11.8535 	EXP 	testChoice: color = 'green (named)'
11.8703 	EXP 	testChoice: color = 'green (named)'
11.8869 	EXP 	testChoice: color = 'green (named)'
11.9036 	EXP 	testChoice: color = 'green (named)'
11.9202 	EXP 	testChoice: color = 'green (named)'
11.9369 	EXP 	testChoice: color = 'green (named)'
11.9535 	EXP 	testChoice: color = 'green (named)'
11.9702 	EXP 	testChoice: color = 'green (named)'
11.9869 	EXP 	testChoice: color = 'green (named)'
12.0036 	EXP 	testChoice: color = 'green (named)'
12.0204 	EXP 	testChoice: color = 'green (named)'
12.0372 	EXP 	testChoice: color = 'green (named)'
12.0535 	EXP 	testChoice: color = 'green (named)'
12.0704 	EXP 	testChoice: color = 'green (named)'
12.0872 	EXP 	testChoice: color = 'green (named)'
12.1036 	EXP 	testChoice: color = 'green (named)'
12.1205 	EXP 	testChoice: color = 'green (named)'
12.1372 	EXP 	testChoice: color = 'green (named)'
12.1541 	EXP 	testChoice: color = 'green (named)'
12.1705 	EXP 	testChoice: color = 'green (named)'
12.1874 	EXP 	testChoice: color = 'green (named)'
12.2038 	EXP 	testChoice: color = 'green (named)'
12.2205 	EXP 	testChoice: color = 'green (named)'
12.2372 	EXP 	testChoice: color = 'green (named)'
12.2537 	EXP 	testChoice: color = 'green (named)'
12.2705 	EXP 	testChoice: color = 'green (named)'
12.2872 	EXP 	testChoice: color = 'green (named)'
12.3038 	EXP 	testChoice: color = 'green (named)'
12.3206 	EXP 	testChoice: color = 'green (named)'
12.3372 	EXP 	testChoice: color = 'green (named)'
12.3538 	EXP 	testChoice: color = 'green (named)'
12.3705 	EXP 	testChoice: color = 'green (named)'
12.3873 	EXP 	testChoice: color = 'green (named)'
12.4039 	EXP 	testChoice: color = 'green (named)'
12.4207 	EXP 	testChoice: color = 'green (named)'
12.4373 	EXP 	testChoice: color = 'green (named)'
12.4539 	EXP 	testChoice: color = 'green (named)'
12.4707 	EXP 	testChoice: color = 'green (named)'
12.4873 	EXP 	testChoice: color = 'green (named)'
12.5039 	EXP 	testChoice: color = 'green (named)'
12.5207 	EXP 	testChoice: color = 'green (named)'
12.5374 	EXP 	testChoice: color = 'green (named)'
12.5541 	EXP 	testChoice: color = 'green (named)'
12.5707 	EXP 	testChoice: color = 'green (named)'
12.5874 	EXP 	blank: autoDraw = False
12.5874 	EXP 	testChoice: color = 'green (named)'
12.6041 	EXP 	choiceQ: autoDraw = False
12.6041 	EXP 	testChoice: autoDraw = False
12.6041 	EXP 	videogameChoice: autoDraw = False
12.6041 	EXP 	gre: autoDraw = False
12.6041 	EXP 	gmat: autoDraw = False
12.6041 	EXP 	lsat: autoDraw = False
12.6041 	EXP 	mcat: autoDraw = False
12.6041 	EXP 	game: autoDraw = False
12.6041 	EXP 	testChoice: color = 'green (named)'
12.6041 	EXP 	choiceQ: autoDraw = False
12.6041 	EXP 	testChoice: autoDraw = False
12.6041 	EXP 	videogameChoice: autoDraw = False
12.6041 	EXP 	gre: autoDraw = False
12.6041 	EXP 	gmat: autoDraw = False
12.6041 	EXP 	lsat: autoDraw = False
12.6041 	EXP 	mcat: autoDraw = False
12.6041 	EXP 	game: autoDraw = False
12.6041 	EXP 	blank: autoDraw = False
12.6041 	EXP 	videogameChoice: color = 'white (named)'
12.6041 	EXP 	testChoice: color = 'white (named)'
12.6041 	EXP 	choiceQ: autoDraw = False
12.6041 	EXP 	testChoice: autoDraw = False
12.6041 	EXP 	videogameChoice: autoDraw = False
12.6041 	EXP 	gre: autoDraw = False
12.6041 	EXP 	gmat: autoDraw = False
12.6041 	EXP 	lsat: autoDraw = False
12.6041 	EXP 	mcat: autoDraw = False
12.6041 	EXP 	polygon: pos = array([0., 0.])
12.6041 	EXP 	testQChoice: autoDraw = True
12.6041 	EXP 	image: autoDraw = True
12.6041 	EXP 	image_2: autoDraw = True
12.6041 	EXP 	image_3: autoDraw = True
12.6041 	EXP 	image_4: autoDraw = True
15.7780 	EXP 	window1: mouseVisible = True
