5.1946 	WARNING 	User requested fullscreen with size [1024  768], but screen is actually [1920, 1200]. Using actual size
7.6218 	WARNING 	Couldn't measure a consistent frame rate.
  - Is your graphics card set to sync to vertical blank?
  - Are you running other processes on your computer?

7.6222 	EXP 	Created window1 = Window(allowGUI=False, allowStencil=False, args=UNKNOWN, autoLog=True, bitsMode=UNKNOWN, blendMode='avg', color=array([0., 0., 0.]), colorSpace='rgb', fullscr=<method-wrapper '__getattribute__' of attributeSetter object at 0x000001C9556F3C88>, gamma=None, gammaErrorPolicy='raise', kwargs=UNKNOWN, lms=UNKNOWN, monitor=<psychopy.monitors.calibTools.Monitor object at 0x000001C95584A470>, multiSample=False, name='window1', numSamples=2, pos=[0.0, 0.0], screen=0, size=array([1920, 1200]), stereo=False, units='height', useFBO=True, useRetina=False, viewOri=0.0, viewPos=None, viewScale=None, waitBlanking=True, winType='pyglet')
7.6222 	EXP 	window1: recordFrameIntervals = False
7.7884 	EXP 	window1: recordFrameIntervals = True
7.9052 	EXP 	window1: recordFrameIntervals = True
8.1563 	EXP 	Created instruct = TextStim(__class__=<class 'psychopy.visual.text.TextStim'>, alignHoriz='center', alignVert='center', antialias=True, autoLog=True, bold=False, color='white', colorSpace='named', contrast=1.0, depth=0.0, flipHoriz=False, flipVert=False, font='Arial', fontFiles=[], height=0.05, italic=False, languageStyle='LTR', name='instruct', opacity=1.0, ori=0, pos=array([0., 0.]), rgb=array([255., 255., 255.]), text=str(...), units='height', win=Window(...), wrapWidth=1.4)
8.1665 	EXP 	Created isi = TextStim(__class__=<class 'psychopy.visual.text.TextStim'>, alignHoriz='center', alignVert='center', antialias=True, autoLog=True, bold=False, color='white', colorSpace='named', contrast=1.0, depth=0.0, flipHoriz=False, flipVert=False, font='Arial', fontFiles=[], height=0.1, italic=False, languageStyle='LTR', name='isi', opacity=1.0, ori=0, pos=array([0., 0.]), rgb=array([255., 255., 255.]), text='+', units='height', win=Window(...), wrapWidth=1)
8.1879 	EXP 	Created regCue = TextStim(__class__=<class 'psychopy.visual.text.TextStim'>, alignHoriz='center', alignVert='center', antialias=True, autoLog=True, bold=False, color='white', colorSpace='named', contrast=1.0, depth=0.0, flipHoriz=False, flipVert=False, font='Arial', fontFiles=[], height=0.1, italic=False, languageStyle='LTR', name='regCue', opacity=1.0, ori=0, pos=array([0., 0.]), rgb=array([255., 255., 255.]), text='default text', units='height', win=Window(...), wrapWidth=1)
8.1897 	EXP 	Created isi = TextStim(__class__=<class 'psychopy.visual.text.TextStim'>, alignHoriz='center', alignVert='center', antialias=True, autoLog=True, bold=False, color='white', colorSpace='named', contrast=1.0, depth=0.0, flipHoriz=False, flipVert=False, font='Arial', fontFiles=[], height=0.1, italic=False, languageStyle='LTR', name='isi', opacity=1.0, ori=0, pos=array([0., 0.]), rgb=array([255., 255., 255.]), text='+', units='height', win=Window(...), wrapWidth=1)
8.2097 	EXP 	Created choiceQ = TextStim(__class__=<class 'psychopy.visual.text.TextStim'>, alignHoriz='center', alignVert='center', antialias=True, autoLog=True, bold=False, color='white', colorSpace='named', contrast=1.0, depth=0.0, flipHoriz=False, flipVert=False, font='Arial', fontFiles=[], height=0.05, italic=False, languageStyle='LTR', name='choiceQ', opacity=1.0, ori=0, pos=array([0.  , 0.35]), rgb=array([255., 255., 255.]), text=str(...), units='height', win=Window(...), wrapWidth=1.4)
8.2300 	EXP 	Created testChoice = TextStim(__class__=<class 'psychopy.visual.text.TextStim'>, alignHoriz='center', alignVert='center', antialias=True, autoLog=True, bold=False, color='white', colorSpace='named', contrast=1.0, depth=-2.0, flipHoriz=False, flipVert=False, font='Arial', fontFiles=[], height=0.04, italic=False, languageStyle='LTR', name='testChoice', opacity=1.0, ori=0, pos=array([-0.41,  0.15]), rgb=array([255., 255., 255.]), text='Practice Standardized Test Questions', units='height', win=Window(...), wrapWidth=1)
8.2402 	EXP 	Created videogameChoice = TextStim(__class__=<class 'psychopy.visual.text.TextStim'>, alignHoriz='center', alignVert='center', antialias=True, autoLog=True, bold=False, color='white', colorSpace='named', contrast=1.0, depth=-3.0, flipHoriz=False, flipVert=False, font='Arial', fontFiles=[], height=0.04, italic=False, languageStyle='LTR', name='videogameChoice', opacity=1.0, ori=0, pos=array([0.41, 0.15]), rgb=array([255., 255., 255.]), text='Play a Videogame', units='height', win=Window(...), wrapWidth=1)
8.2454 	EXP 	Created gre = ImageStim(__class__=<class 'psychopy.visual.image.ImageStim'>, autoLog=True, color=array([1., 1., 1.]), colorSpace='rgb', contrast=1.0, depth=-4.0, flipHoriz=False, flipVert=False, image='gre.png', interpolate=True, mask=None, maskParams=None, name='gre', opacity=1.0, ori=0.0, pos=array([-0.41,  0.02]), size=array([0.3  , 0.105]), texRes=128, units='height', win=Window(...))
8.2493 	EXP 	Created gmat = ImageStim(__class__=<class 'psychopy.visual.image.ImageStim'>, autoLog=True, color=array([1., 1., 1.]), colorSpace='rgb', contrast=1.0, depth=-5.0, flipHoriz=False, flipVert=False, image='gmat.png', interpolate=True, mask=None, maskParams=None, name='gmat', opacity=1.0, ori=0.0, pos=array([-0.41, -0.13]), size=array([0.3 , 0.11]), texRes=128, units='height', win=Window(...))
8.2539 	EXP 	Created lsat = ImageStim(__class__=<class 'psychopy.visual.image.ImageStim'>, autoLog=True, color=array([1., 1., 1.]), colorSpace='rgb', contrast=1.0, depth=-6.0, flipHoriz=False, flipVert=False, image='lsat.png', interpolate=True, mask=None, maskParams=None, name='lsat', opacity=1.0, ori=0.0, pos=array([-0.41, -0.27]), size=array([0.3 , 0.11]), texRes=128, units='height', win=Window(...))
8.2695 	EXP 	Created game = ImageStim(__class__=<class 'psychopy.visual.image.ImageStim'>, autoLog=True, color=array([1., 1., 1.]), colorSpace='rgb', contrast=1.0, depth=-7.0, flipHoriz=False, flipVert=False, image='game.png', interpolate=True, mask=None, maskParams=None, name='game', opacity=1.0, ori=0.0, pos=array([ 0.41, -0.19]), size=array([0.4, 0.5]), texRes=128, units='height', win=Window(...))
8.2703 	EXP 	Created blank = TextStim(__class__=<class 'psychopy.visual.text.TextStim'>, alignHoriz='center', alignVert='center', antialias=True, autoLog=True, bold=False, color='white', colorSpace='named', contrast=1.0, depth=-9.0, flipHoriz=False, flipVert=False, font='Arial', fontFiles=[], height=0.1, italic=False, languageStyle='LTR', name='blank', opacity=1.0, ori=0, pos=array([0., 0.]), rgb=array([255., 255., 255.]), text='', units='height', win=Window(...), wrapWidth=1)
8.3122 	EXP 	Created testQChoice = TextStim(__class__=<class 'psychopy.visual.text.TextStim'>, alignHoriz='center', alignVert='center', antialias=True, autoLog=True, bold=False, color='white', colorSpace='named', contrast=1.0, depth=0.0, flipHoriz=False, flipVert=False, font='Arial', fontFiles=[], height=0.055, italic=False, languageStyle='LTR', name='testQChoice', opacity=1.0, ori=0, pos=array([0.  , 0.35]), rgb=array([255., 255., 255.]), text=str(...), units='height', win=Window(...), wrapWidth=1.3)
8.3169 	EXP 	Created image = ImageStim(__class__=<class 'psychopy.visual.image.ImageStim'>, autoLog=True, color=array([1., 1., 1.]), colorSpace='rgb', contrast=1.0, depth=-1.0, flipHoriz=False, flipVert=False, image='gre.png', interpolate=True, mask=None, maskParams=None, name='image', opacity=1.0, ori=0.0, pos=array([0.   , 0.105]), size=array([0.3 , 0.11]), texRes=128, units='height', win=Window(...))
8.3215 	EXP 	Created image_2 = ImageStim(__class__=<class 'psychopy.visual.image.ImageStim'>, autoLog=True, color=array([1., 1., 1.]), colorSpace='rgb', contrast=1.0, depth=-2.0, flipHoriz=False, flipVert=False, image='gmat.png', interpolate=True, mask=None, maskParams=None, name='image_2', opacity=1.0, ori=0.0, pos=array([ 0.  , -0.05]), size=array([0.3 , 0.11]), texRes=128, units='height', win=Window(...))
8.3254 	EXP 	Created image_3 = ImageStim(__class__=<class 'psychopy.visual.image.ImageStim'>, autoLog=True, color=array([1., 1., 1.]), colorSpace='rgb', contrast=1.0, depth=-3.0, flipHoriz=False, flipVert=False, image='lsat.png', interpolate=True, mask=None, maskParams=None, name='image_3', opacity=1.0, ori=0.0, pos=array([ 0. , -0.2]), size=array([0.3 , 0.11]), texRes=128, units='height', win=Window(...))
8.3279 	EXP 	Created polygon = Rect(__class__=<class 'psychopy.visual.rect.Rect'>, autoDraw=False, autoLog=True, closeShape=True, color=method-wrapper(...), colorSpace=None, contrast=1.0, depth=-5.0, fillColor=None, fillColorSpace='rgb', fillRGB=None, interpolate=True, lineColor=array([-1., -1., -1.]), lineColorSpace='rgb', lineRGB=array([-1., -1., -1.]), lineWidth=1.0, name='polygon', opacity=1.0, ori=array(1.), pos=array([0., 0.]), size=array([1., 1.]), units='height', vertices=ndarray(...), win=Window(...))
8.3429 	EXP 	Created TextQuestion = TextStim(__class__=<class 'psychopy.visual.text.TextStim'>, alignHoriz='center', alignVert='center', antialias=True, autoLog=True, bold=False, color='white', colorSpace='named', contrast=1.0, depth=0.0, flipHoriz=False, flipVert=False, font='Arial', fontFiles=[], height=0.028, italic=False, languageStyle='LTR', name='TextQuestion', opacity=1.0, ori=0, pos=array([0.  , 0.35]), rgb=array([255., 255., 255.]), text='default text', units='height', win=Window(...), wrapWidth=1.45)
8.3534 	EXP 	Created choiceA = TextStim(__class__=<class 'psychopy.visual.text.TextStim'>, alignHoriz='center', alignVert='center', antialias=True, autoLog=True, bold=False, color='white', colorSpace='named', contrast=1.0, depth=-3.0, flipHoriz=False, flipVert=False, font='Arial', fontFiles=[], height=0.026, italic=False, languageStyle='LTR', name='choiceA', opacity=1.0, ori=0, pos=array([0., 0.]), rgb=array([255., 255., 255.]), text='default text', units='height', win=Window(...), wrapWidth=1.4)
8.3576 	EXP 	Created choiceB = TextStim(__class__=<class 'psychopy.visual.text.TextStim'>, alignHoriz='center', alignVert='center', antialias=True, autoLog=True, bold=False, color='white', colorSpace='named', contrast=1.0, depth=-4.0, flipHoriz=False, flipVert=False, font='Arial', fontFiles=[], height=0.026, italic=False, languageStyle='LTR', name='choiceB', opacity=1.0, ori=0, pos=array([ 0. , -0.1]), rgb=array([255., 255., 255.]), text='default text', units='height', win=Window(...), wrapWidth=1.4)
8.3611 	EXP 	Created choiceC = TextStim(__class__=<class 'psychopy.visual.text.TextStim'>, alignHoriz='center', alignVert='center', antialias=True, autoLog=True, bold=False, color='white', colorSpace='named', contrast=1.0, depth=-5.0, flipHoriz=False, flipVert=False, font='Arial', fontFiles=[], height=0.026, italic=False, languageStyle='LTR', name='choiceC', opacity=1.0, ori=0, pos=array([ 0. , -0.2]), rgb=array([255., 255., 255.]), text='default text', units='height', win=Window(...), wrapWidth=1.4)
8.3644 	EXP 	Created choiceD = TextStim(__class__=<class 'psychopy.visual.text.TextStim'>, alignHoriz='center', alignVert='center', antialias=True, autoLog=True, bold=False, color='white', colorSpace='named', contrast=1.0, depth=-6.0, flipHoriz=False, flipVert=False, font='Arial', fontFiles=[], height=0.026, italic=False, languageStyle='LTR', name='choiceD', opacity=1.0, ori=0, pos=array([ 0. , -0.3]), rgb=array([255., 255., 255.]), text='default text', units='height', win=Window(...), wrapWidth=1.4)
8.3690 	EXP 	Created choiceE = TextStim(__class__=<class 'psychopy.visual.text.TextStim'>, alignHoriz='center', alignVert='center', antialias=True, autoLog=True, bold=False, color='white', colorSpace='named', contrast=1.0, depth=-7.0, flipHoriz=False, flipVert=False, font='Arial', fontFiles=[], height=0.026, italic=False, languageStyle='LTR', name='choiceE', opacity=1.0, ori=0, pos=array([ 0. , -0.4]), rgb=array([255., 255., 255.]), text='default text', units='height', win=Window(...), wrapWidth=1.4)
8.3699 	EXP 	Created conBlank = TextStim(__class__=<class 'psychopy.visual.text.TextStim'>, alignHoriz='center', alignVert='center', antialias=True, autoLog=True, bold=False, color='white', colorSpace='named', contrast=1.0, depth=-9.0, flipHoriz=False, flipVert=False, font='Arial', fontFiles=[], height=0.1, italic=False, languageStyle='LTR', name='conBlank', opacity=1.0, ori=0, pos=array([0., 0.]), rgb=array([255., 255., 255.]), text='', units='height', win=Window(...), wrapWidth=1)
8.4609 	EXP 	Created gameInstructions = TextStim(__class__=<class 'psychopy.visual.text.TextStim'>, alignHoriz='center', alignVert='center', antialias=True, autoLog=True, bold=False, color='white', colorSpace='named', contrast=1.0, depth=0.0, flipHoriz=False, flipVert=False, font='Arial', fontFiles=[], height=0.07, italic=False, languageStyle='LTR', name='gameInstructions', opacity=1.0, ori=0, pos=array([0., 0.]), rgb=array([255., 255., 255.]), text=str(...), units='height', win=Window(...), wrapWidth=1)
8.4612 	EXP 	Created sequence: random, trialTypes=1, nReps=1, seed=None
8.4613 	EXP 	New trial (rep=0, index=0): None
8.4938 	WARNING 	t of last frame was 588.87ms (=1/1)
8.4938 	EXP 	instruct: autoDraw = True
8.5186 	WARNING 	t of last frame was 24.78ms (=1/40)
8.9892 	WARNING 	t of last frame was 20.54ms (=1/48)
9.0721 	WARNING 	t of last frame was 20.03ms (=1/49)
9.1221 	WARNING 	Multiple dropped frames have occurred - I'll stop bothering you about them!
9.4603 	DATA 	Keypress: space
12.0455 	EXP 	Imported rows2.xlsx as conditions, 6 conditions, 1 params
12.0457 	EXP 	Created sequence: sequential, trialTypes=6, nReps=1, seed=None
12.0459 	EXP 	New trial (rep=0, index=0): OrderedDict([('rows', 'REACT')])
12.0486 	DATA 	Keypress: space
12.0527 	EXP 	instruct: autoDraw = False
12.0527 	EXP 	isi: autoDraw = True
14.5460 	EXP 	isi: autoDraw = False
14.5460 	EXP 	regCue: text = 'REACT'
14.5460 	EXP 	regCue: autoDraw = True
17.5433 	EXP 	regCue: autoDraw = False
17.5433 	EXP 	isi: autoDraw = True
20.0554 	EXP 	isi: autoDraw = False
20.0554 	EXP 	blank: text = ''
20.0554 	EXP 	choiceQ: autoDraw = True
20.0554 	EXP 	testChoice: autoDraw = True
20.0554 	EXP 	videogameChoice: autoDraw = True
20.0554 	EXP 	gre: autoDraw = True
20.0554 	EXP 	gmat: autoDraw = True
20.0554 	EXP 	lsat: autoDraw = True
20.0554 	EXP 	game: autoDraw = True
102.7389 	DATA 	Keypress: 2
102.7507 	EXP 	videogameChoice: color = 'green (named)'
102.7507 	EXP 	blank: autoDraw = True
102.7641 	EXP 	videogameChoice: color = 'green (named)'
102.7843 	EXP 	videogameChoice: color = 'green (named)'
102.7968 	EXP 	videogameChoice: color = 'green (named)'
102.8170 	EXP 	videogameChoice: color = 'green (named)'
102.8340 	EXP 	videogameChoice: color = 'green (named)'
102.8509 	EXP 	videogameChoice: color = 'green (named)'
102.8672 	EXP 	videogameChoice: color = 'green (named)'
102.8838 	EXP 	videogameChoice: color = 'green (named)'
102.9006 	EXP 	videogameChoice: color = 'green (named)'
102.9141 	EXP 	videogameChoice: color = 'green (named)'
102.9339 	EXP 	videogameChoice: color = 'green (named)'
102.9475 	EXP 	videogameChoice: color = 'green (named)'
102.9672 	EXP 	videogameChoice: color = 'green (named)'
102.9840 	EXP 	videogameChoice: color = 'green (named)'
102.9986 	EXP 	videogameChoice: color = 'green (named)'
103.0173 	EXP 	videogameChoice: color = 'green (named)'
103.0309 	EXP 	videogameChoice: color = 'green (named)'
103.0510 	EXP 	videogameChoice: color = 'green (named)'
103.0674 	EXP 	videogameChoice: color = 'green (named)'
103.0807 	EXP 	videogameChoice: color = 'green (named)'
103.1008 	EXP 	videogameChoice: color = 'green (named)'
103.1174 	EXP 	videogameChoice: color = 'green (named)'
103.1341 	EXP 	videogameChoice: color = 'green (named)'
103.1510 	EXP 	videogameChoice: color = 'green (named)'
103.1645 	EXP 	videogameChoice: color = 'green (named)'
103.1843 	EXP 	videogameChoice: color = 'green (named)'
103.2006 	EXP 	videogameChoice: color = 'green (named)'
103.2178 	EXP 	videogameChoice: color = 'green (named)'
103.2345 	EXP 	videogameChoice: color = 'green (named)'
103.2508 	EXP 	videogameChoice: color = 'green (named)'
103.2678 	EXP 	videogameChoice: color = 'green (named)'
103.2842 	EXP 	videogameChoice: color = 'green (named)'
103.3009 	EXP 	videogameChoice: color = 'green (named)'
103.3145 	EXP 	videogameChoice: color = 'green (named)'
103.3345 	EXP 	videogameChoice: color = 'green (named)'
103.3509 	EXP 	videogameChoice: color = 'green (named)'
103.3678 	EXP 	videogameChoice: color = 'green (named)'
103.3843 	EXP 	videogameChoice: color = 'green (named)'
103.4013 	EXP 	videogameChoice: color = 'green (named)'
103.4175 	EXP 	videogameChoice: color = 'green (named)'
103.4347 	EXP 	videogameChoice: color = 'green (named)'
103.4511 	EXP 	videogameChoice: color = 'green (named)'
103.4645 	EXP 	videogameChoice: color = 'green (named)'
103.4847 	EXP 	videogameChoice: color = 'green (named)'
103.5010 	EXP 	videogameChoice: color = 'green (named)'
103.5177 	EXP 	videogameChoice: color = 'green (named)'
103.5347 	EXP 	videogameChoice: color = 'green (named)'
103.5514 	EXP 	videogameChoice: color = 'green (named)'
103.5643 	EXP 	videogameChoice: color = 'green (named)'
103.5848 	EXP 	videogameChoice: color = 'green (named)'
103.6014 	EXP 	videogameChoice: color = 'green (named)'
103.6182 	EXP 	videogameChoice: color = 'green (named)'
103.6348 	EXP 	videogameChoice: color = 'green (named)'
103.6511 	EXP 	videogameChoice: color = 'green (named)'
103.6679 	EXP 	videogameChoice: color = 'green (named)'
103.6846 	EXP 	videogameChoice: color = 'green (named)'
103.7015 	EXP 	videogameChoice: color = 'green (named)'
103.7146 	EXP 	videogameChoice: color = 'green (named)'
103.7313 	EXP 	videogameChoice: color = 'green (named)'
103.7517 	EXP 	videogameChoice: color = 'green (named)'
103.7680 	EXP 	videogameChoice: color = 'green (named)'
103.7847 	EXP 	videogameChoice: color = 'green (named)'
103.8016 	EXP 	videogameChoice: color = 'green (named)'
103.8181 	EXP 	videogameChoice: color = 'green (named)'
103.8313 	EXP 	videogameChoice: color = 'green (named)'
103.8517 	EXP 	videogameChoice: color = 'green (named)'
103.8677 	EXP 	videogameChoice: color = 'green (named)'
103.8812 	EXP 	videogameChoice: color = 'green (named)'
103.9013 	EXP 	videogameChoice: color = 'green (named)'
103.9149 	EXP 	videogameChoice: color = 'green (named)'
103.9347 	EXP 	videogameChoice: color = 'green (named)'
103.9518 	EXP 	videogameChoice: color = 'green (named)'
103.9681 	EXP 	videogameChoice: color = 'green (named)'
103.9850 	EXP 	videogameChoice: color = 'green (named)'
104.0015 	EXP 	videogameChoice: color = 'green (named)'
104.0184 	EXP 	videogameChoice: color = 'green (named)'
104.0351 	EXP 	videogameChoice: color = 'green (named)'
104.0517 	EXP 	videogameChoice: color = 'green (named)'
104.0682 	EXP 	videogameChoice: color = 'green (named)'
104.0855 	EXP 	videogameChoice: color = 'green (named)'
104.1016 	EXP 	videogameChoice: color = 'green (named)'
104.1183 	EXP 	videogameChoice: color = 'green (named)'
104.1349 	EXP 	videogameChoice: color = 'green (named)'
104.1486 	EXP 	videogameChoice: color = 'green (named)'
104.1686 	EXP 	videogameChoice: color = 'green (named)'
104.1850 	EXP 	videogameChoice: color = 'green (named)'
104.2014 	EXP 	videogameChoice: color = 'green (named)'
104.2187 	EXP 	videogameChoice: color = 'green (named)'
104.2348 	EXP 	videogameChoice: color = 'green (named)'
104.2517 	EXP 	videogameChoice: color = 'green (named)'
104.2517 	EXP 	blank: autoDraw = False
104.2606 	EXP 	Imported RowsExcel.xlsx as conditions, 5 conditions, 1 params
104.2608 	EXP 	Created sequence: random, trialTypes=5, nReps=0, seed=None
104.2610 	EXP 	Created sequence: random, trialTypes=1, nReps=1, seed=None
104.2612 	EXP 	New trial (rep=0, index=0): None
104.2721 	EXP 	choiceQ: autoDraw = False
104.2721 	EXP 	testChoice: autoDraw = False
104.2721 	EXP 	videogameChoice: autoDraw = False
104.2721 	EXP 	gre: autoDraw = False
104.2721 	EXP 	gmat: autoDraw = False
104.2721 	EXP 	lsat: autoDraw = False
104.2721 	EXP 	game: autoDraw = False
104.2721 	EXP 	videogameChoice: color = 'green (named)'
104.2721 	EXP 	choiceQ: autoDraw = False
104.2721 	EXP 	testChoice: autoDraw = False
104.2721 	EXP 	videogameChoice: autoDraw = False
104.2721 	EXP 	gre: autoDraw = False
104.2721 	EXP 	gmat: autoDraw = False
104.2721 	EXP 	lsat: autoDraw = False
104.2721 	EXP 	game: autoDraw = False
104.2721 	EXP 	blank: autoDraw = False
104.2721 	EXP 	videogameChoice: color = 'white (named)'
104.2721 	EXP 	testChoice: color = 'white (named)'
104.2721 	EXP 	choiceQ: autoDraw = False
104.2721 	EXP 	testChoice: autoDraw = False
104.2721 	EXP 	videogameChoice: autoDraw = False
104.2721 	EXP 	gre: autoDraw = False
104.2721 	EXP 	gmat: autoDraw = False
104.2721 	EXP 	lsat: autoDraw = False
104.2721 	EXP 	gameInstructions: autoDraw = True
106.9585 	EXP 	Created sequence: random, trialTypes=1, nReps=5, seed=None
106.9587 	EXP 	New trial (rep=0, index=0): None
106.9599 	EXP 	New trial (rep=1, index=0): None
106.9619 	EXP 	New trial (rep=2, index=0): None
106.9643 	EXP 	New trial (rep=3, index=0): None
106.9671 	EXP 	New trial (rep=4, index=0): None
106.9697 	EXP 	New trial (rep=0, index=1): OrderedDict([('rows', 'REGULATE')])
106.9722 	DATA 	Keypress: space
106.9758 	EXP 	gameInstructions: autoDraw = False
106.9758 	EXP 	isi: autoDraw = True
109.4953 	EXP 	isi: autoDraw = False
109.4953 	EXP 	regCue: text = 'REGULATE'
109.4953 	EXP 	regCue: autoDraw = True
112.4921 	EXP 	regCue: autoDraw = False
112.4921 	EXP 	isi: autoDraw = True
114.9939 	EXP 	isi: autoDraw = False
114.9939 	EXP 	blank: text = ''
114.9939 	EXP 	choiceQ: autoDraw = True
114.9939 	EXP 	testChoice: autoDraw = True
114.9939 	EXP 	videogameChoice: autoDraw = True
114.9939 	EXP 	gre: autoDraw = True
114.9939 	EXP 	gmat: autoDraw = True
114.9939 	EXP 	lsat: autoDraw = True
114.9939 	EXP 	game: autoDraw = True
116.8172 	DATA 	Keypress: 1
116.8455 	EXP 	testChoice: color = 'green (named)'
116.8455 	EXP 	blank: autoDraw = True
116.8591 	EXP 	testChoice: color = 'green (named)'
116.8791 	EXP 	testChoice: color = 'green (named)'
116.8955 	EXP 	testChoice: color = 'green (named)'
116.9125 	EXP 	testChoice: color = 'green (named)'
116.9290 	EXP 	testChoice: color = 'green (named)'
116.9456 	EXP 	testChoice: color = 'green (named)'
116.9623 	EXP 	testChoice: color = 'green (named)'
116.9789 	EXP 	testChoice: color = 'green (named)'
116.9955 	EXP 	testChoice: color = 'green (named)'
117.0090 	EXP 	testChoice: color = 'green (named)'
117.0290 	EXP 	testChoice: color = 'green (named)'
117.0426 	EXP 	testChoice: color = 'green (named)'
117.0623 	EXP 	testChoice: color = 'green (named)'
117.0760 	EXP 	testChoice: color = 'green (named)'
117.0927 	EXP 	testChoice: color = 'green (named)'
117.1124 	EXP 	testChoice: color = 'green (named)'
117.1291 	EXP 	testChoice: color = 'green (named)'
117.1460 	EXP 	testChoice: color = 'green (named)'
117.1631 	EXP 	testChoice: color = 'green (named)'
117.1762 	EXP 	testChoice: color = 'green (named)'
117.1960 	EXP 	testChoice: color = 'green (named)'
117.2123 	EXP 	testChoice: color = 'green (named)'
117.2291 	EXP 	testChoice: color = 'green (named)'
117.2458 	EXP 	testChoice: color = 'green (named)'
117.2591 	EXP 	testChoice: color = 'green (named)'
117.2793 	EXP 	testChoice: color = 'green (named)'
117.2926 	EXP 	testChoice: color = 'green (named)'
117.3089 	EXP 	testChoice: color = 'green (named)'
117.3307 	EXP 	testChoice: color = 'green (named)'
117.3461 	EXP 	testChoice: color = 'green (named)'
117.3626 	EXP 	testChoice: color = 'green (named)'
117.3797 	EXP 	testChoice: color = 'green (named)'
117.3926 	EXP 	testChoice: color = 'green (named)'
117.4097 	EXP 	testChoice: color = 'green (named)'
117.4293 	EXP 	testChoice: color = 'green (named)'
117.4428 	EXP 	testChoice: color = 'green (named)'
117.4627 	EXP 	testChoice: color = 'green (named)'
117.4794 	EXP 	testChoice: color = 'green (named)'
117.4961 	EXP 	testChoice: color = 'green (named)'
117.5131 	EXP 	testChoice: color = 'green (named)'
117.5297 	EXP 	testChoice: color = 'green (named)'
117.5464 	EXP 	testChoice: color = 'green (named)'
117.5627 	EXP 	testChoice: color = 'green (named)'
117.5795 	EXP 	testChoice: color = 'green (named)'
117.5961 	EXP 	testChoice: color = 'green (named)'
117.6131 	EXP 	testChoice: color = 'green (named)'
117.6295 	EXP 	testChoice: color = 'green (named)'
117.6463 	EXP 	testChoice: color = 'green (named)'
117.6517 	DATA 	Keypress: return
117.6629 	EXP 	testChoice: color = 'green (named)'
117.6798 	EXP 	testChoice: color = 'green (named)'
117.6932 	EXP 	testChoice: color = 'green (named)'
117.7127 	EXP 	testChoice: color = 'green (named)'
117.7264 	EXP 	testChoice: color = 'green (named)'
117.7431 	EXP 	testChoice: color = 'green (named)'
117.7631 	EXP 	testChoice: color = 'green (named)'
117.7798 	EXP 	testChoice: color = 'green (named)'
117.7963 	EXP 	testChoice: color = 'green (named)'
117.8130 	EXP 	testChoice: color = 'green (named)'
117.8296 	EXP 	testChoice: color = 'green (named)'
117.8464 	EXP 	testChoice: color = 'green (named)'
117.8630 	EXP 	testChoice: color = 'green (named)'
117.8799 	EXP 	testChoice: color = 'green (named)'
117.8928 	EXP 	testChoice: color = 'green (named)'
117.9131 	EXP 	testChoice: color = 'green (named)'
117.9296 	EXP 	testChoice: color = 'green (named)'
117.9466 	EXP 	testChoice: color = 'green (named)'
117.9596 	EXP 	testChoice: color = 'green (named)'
117.9797 	EXP 	testChoice: color = 'green (named)'
117.9964 	EXP 	testChoice: color = 'green (named)'
118.0135 	EXP 	testChoice: color = 'green (named)'
118.0297 	EXP 	testChoice: color = 'green (named)'
118.0433 	EXP 	testChoice: color = 'green (named)'
118.0634 	EXP 	testChoice: color = 'green (named)'
118.0801 	EXP 	testChoice: color = 'green (named)'
118.0969 	EXP 	testChoice: color = 'green (named)'
118.1134 	EXP 	testChoice: color = 'green (named)'
118.1302 	EXP 	testChoice: color = 'green (named)'
118.1432 	EXP 	testChoice: color = 'green (named)'
118.1634 	EXP 	testChoice: color = 'green (named)'
118.1766 	EXP 	testChoice: color = 'green (named)'
118.1931 	EXP 	testChoice: color = 'green (named)'
118.2132 	EXP 	testChoice: color = 'green (named)'
118.2300 	EXP 	testChoice: color = 'green (named)'
118.2466 	EXP 	testChoice: color = 'green (named)'
118.2635 	EXP 	testChoice: color = 'green (named)'
118.2768 	EXP 	testChoice: color = 'green (named)'
118.2967 	EXP 	testChoice: color = 'green (named)'
118.3134 	EXP 	testChoice: color = 'green (named)'
118.3281 	EXP 	testChoice: color = 'green (named)'
118.3468 	EXP 	testChoice: color = 'green (named)'
118.3468 	EXP 	blank: autoDraw = False
118.3547 	EXP 	Imported RowsExcel.xlsx as conditions, 5 conditions, 1 params
118.3549 	EXP 	Created sequence: random, trialTypes=5, nReps=1, seed=None
118.3550 	EXP 	New trial (rep=0, index=0): OrderedDict([('Rows', '0020:0025')])
118.3697 	EXP 	choiceQ: autoDraw = False
118.3697 	EXP 	testChoice: autoDraw = False
118.3697 	EXP 	videogameChoice: autoDraw = False
118.3697 	EXP 	gre: autoDraw = False
118.3697 	EXP 	gmat: autoDraw = False
118.3697 	EXP 	lsat: autoDraw = False
118.3697 	EXP 	game: autoDraw = False
118.3697 	EXP 	testChoice: color = 'green (named)'
118.3697 	EXP 	choiceQ: autoDraw = False
118.3697 	EXP 	testChoice: autoDraw = False
118.3697 	EXP 	videogameChoice: autoDraw = False
118.3697 	EXP 	gre: autoDraw = False
118.3697 	EXP 	gmat: autoDraw = False
118.3697 	EXP 	lsat: autoDraw = False
118.3697 	EXP 	game: autoDraw = False
118.3697 	EXP 	blank: autoDraw = False
118.3697 	EXP 	videogameChoice: color = 'white (named)'
118.3697 	EXP 	testChoice: color = 'white (named)'
118.3697 	EXP 	choiceQ: autoDraw = False
118.3697 	EXP 	testChoice: autoDraw = False
118.3697 	EXP 	videogameChoice: autoDraw = False
118.3697 	EXP 	gre: autoDraw = False
118.3697 	EXP 	gmat: autoDraw = False
118.3697 	EXP 	lsat: autoDraw = False
118.3697 	EXP 	polygon: opacity = 1.0
118.3697 	EXP 	polygon: size = array([0.32, 0.13])
118.3697 	EXP 	polygon: ori = 0.0
118.3697 	EXP 	polygon: lineWidth = 8.0
118.3697 	EXP 	testQChoice: autoDraw = True
118.3697 	EXP 	image: autoDraw = True
118.3697 	EXP 	image_2: autoDraw = True
118.3697 	EXP 	image_3: autoDraw = True
269.9443 	EXP 	Imported QuestionsText.xlsx as conditions, 5 conditions, 21 params
269.9444 	EXP 	Created sequence: sequential, trialTypes=5, nReps=1, seed=None
269.9448 	EXP 	New trial (rep=0, index=0): OrderedDict([('GMAT', '1) Jess: To be a woman in this century is far better than to be a woman in centuries past. Life expectancy for women has - for the first time - surpassed that for men and while only around 20℅ of college students in the late 1800s were women, today, almost 60℅ of college students are women.\n\nSam: However, women educated in the top-ranked colleges in the country earn only about 70℅ of what their male counterparts earn. Also, studies show that even today, in a number of industries, women are refused top management positions simply because they are women.\n\nWhich of the following is Jess most likely to say in response to Sam?'), ('GMATQA', '(A)Women today are healthier and live longer than women in the 1800s, who primarily died because of child birth.'), ('GMATQB', '(B)There are more women at the entry-level jobs of most industries than there are men.'), ('GMATQC', '(C)Women today are better able to juggle professional and personal lives and a number of them are proving to be successful single mothers.'), ('GMATQD', '(D)The proportion of women in the judicial and legislative branches of the country is at its highest and the country elected its first woman president recently.'), ('GMATQE', '(E)Women are allowed more freedom today and are not likely to be sacrificed at the altar of marriage or in a witch hunt.'), ('GMATAs', 'd'), ('GRE', '1) Unlike the lungs and the kidneys, the liver is an organ well suited for living-donor transplants to children because the portion of the liver must be removed from a healthy adult to replace the diseased liver of a child will be regenerated in the healthy adult within a few months.\n\nWhich of the following, if true, provides the most additional support for the conclusion drawn above?'), ('GREQA', '(A)  The success rate of liver transplants is slightly lower in children than in adults.'), ('GREQB', '(B) In removing the portion of liver for transplant there is danger of causing damage to the spleen of the donor, and that could necessitate the removal of the spleen.'), ('GREQC', '(C) There is less danger that a transplanted organ will be rejected when the organ donor is a close relative of the recipient.'), ('GREQD', '(D) There are so few suitable donors that about one-half of the babies with liver disease born in the United States each year die before they can receive a liver transplant.'), ('GREQE', '(E)Each lobe of the liver functions separately, and it is possible to extract a portion of one lobe without disrupting critical liver functions.'), ('GREA', 'e'), ('LSAT', "1)Modern workers are less competent than workers of the past.  This fact likely comes as a surprise to some because standards are higher than ever.  Employers demand higher degrees than before and more workers have bachelor's and master's degrees than at any other time.  Higher degrees do not mean more competent workers, however.  Recent evidence indicates that modern workers have poor writing ability, lack focus, and are inept at personal communication.\n\nWhich of the following, if true, most undermines the argument?"), ('LSATQA', '(A)Modern workers generally work more hours than workers in the past\n\n'), ('LSATQB', "(B)Workers of the past often obtained bachelor's and master's degrees\n\n"), ('LSATQC', '(C)Workers of the past had poor writing ability, lacked focus, and were inept at personal communication\n\n'), ('LSATQD', "(D)In the past, it was often more difficult to obtain a bachelor's or master's degree\n\n"), ('LSATQE', '(E)Modern workers are dismissed from their jobs less frequently than at any other time\n\n'), ('LSATAs', 'c')])
269.9755 	EXP 	testQChoice: autoDraw = False
269.9755 	EXP 	image: autoDraw = False
269.9755 	EXP 	image_2: autoDraw = False
269.9755 	EXP 	image_3: autoDraw = False
269.9755 	EXP 	polygon: autoDraw = False
269.9755 	EXP 	TextQuestion: text = 'PLACEHOLDER'
269.9755 	EXP 	choiceA: text = 'QA'
269.9755 	EXP 	choiceB: text = 'QB'
269.9755 	EXP 	choiceC: text = 'QC'
269.9755 	EXP 	choiceD: text = 'QD'
269.9755 	EXP 	choiceE: text = 'QE'
269.9755 	EXP 	TextQuestion: autoDraw = True
269.9755 	EXP 	choiceA: autoDraw = True
269.9755 	EXP 	choiceB: autoDraw = True
269.9755 	EXP 	choiceC: autoDraw = True
269.9755 	EXP 	choiceD: autoDraw = True
269.9755 	EXP 	choiceE: autoDraw = True
273.5527 	DATA 	Mouse: Left button down, pos=(945,582)
273.6452 	DATA 	Mouse:  Left button up, pos=(945,582)
275.0799 	DATA 	Keypress: a
275.7973 	DATA 	Keypress: return
275.8080 	EXP 	choiceA: color = 'red (named)'
275.8080 	EXP 	conBlank: autoDraw = True
275.8245 	EXP 	choiceA: color = 'red (named)'
275.8412 	EXP 	choiceA: color = 'red (named)'
275.8581 	EXP 	choiceA: color = 'red (named)'
275.8746 	EXP 	choiceA: color = 'red (named)'
275.8913 	EXP 	choiceA: color = 'red (named)'
275.9079 	EXP 	choiceA: color = 'red (named)'
275.9249 	EXP 	choiceA: color = 'red (named)'
275.9416 	EXP 	choiceA: color = 'red (named)'
275.9581 	EXP 	choiceA: color = 'red (named)'
275.9747 	EXP 	choiceA: color = 'red (named)'
275.9914 	EXP 	choiceA: color = 'red (named)'
276.0080 	EXP 	choiceA: color = 'red (named)'
276.0246 	EXP 	choiceA: color = 'red (named)'
276.0414 	EXP 	choiceA: color = 'red (named)'
276.0581 	EXP 	choiceA: color = 'red (named)'
276.0748 	EXP 	choiceA: color = 'red (named)'
276.0915 	EXP 	choiceA: color = 'red (named)'
276.1082 	EXP 	choiceA: color = 'red (named)'
276.1248 	EXP 	choiceA: color = 'red (named)'
276.1418 	EXP 	choiceA: color = 'red (named)'
276.1582 	EXP 	choiceA: color = 'red (named)'
276.1749 	EXP 	choiceA: color = 'red (named)'
276.1916 	EXP 	choiceA: color = 'red (named)'
276.2082 	EXP 	choiceA: color = 'red (named)'
276.2248 	EXP 	choiceA: color = 'red (named)'
276.2415 	EXP 	choiceA: color = 'red (named)'
276.2583 	EXP 	choiceA: color = 'red (named)'
276.2750 	EXP 	choiceA: color = 'red (named)'
276.2917 	EXP 	choiceA: color = 'red (named)'
276.3084 	EXP 	choiceA: color = 'red (named)'
276.3261 	EXP 	choiceA: color = 'red (named)'
276.3419 	EXP 	choiceA: color = 'red (named)'
276.3587 	EXP 	choiceA: color = 'red (named)'
276.3750 	EXP 	choiceA: color = 'red (named)'
276.3917 	EXP 	choiceA: color = 'red (named)'
276.4086 	EXP 	choiceA: color = 'red (named)'
276.4250 	EXP 	choiceA: color = 'red (named)'
276.4418 	EXP 	choiceA: color = 'red (named)'
276.4584 	EXP 	choiceA: color = 'red (named)'
276.4751 	EXP 	choiceA: color = 'red (named)'
276.4920 	EXP 	choiceA: color = 'red (named)'
276.5085 	EXP 	choiceA: color = 'red (named)'
276.5251 	EXP 	choiceA: color = 'red (named)'
276.5422 	EXP 	choiceA: color = 'red (named)'
276.5587 	EXP 	choiceA: color = 'red (named)'
276.5752 	EXP 	choiceA: color = 'red (named)'
276.5918 	EXP 	choiceA: color = 'red (named)'
276.6085 	EXP 	choiceA: color = 'red (named)'
276.6252 	EXP 	choiceA: color = 'red (named)'
276.6421 	EXP 	choiceA: color = 'red (named)'
276.6587 	EXP 	choiceA: color = 'red (named)'
276.6752 	EXP 	choiceA: color = 'red (named)'
276.6919 	EXP 	choiceA: color = 'red (named)'
276.7087 	EXP 	choiceA: color = 'red (named)'
276.7255 	EXP 	choiceA: color = 'red (named)'
276.7419 	EXP 	choiceA: color = 'red (named)'
276.7587 	EXP 	choiceA: color = 'red (named)'
276.7754 	EXP 	choiceA: color = 'red (named)'
276.7920 	EXP 	choiceA: color = 'red (named)'
276.8088 	EXP 	choiceA: color = 'red (named)'
276.8254 	EXP 	choiceA: color = 'red (named)'
276.8421 	EXP 	choiceA: color = 'red (named)'
276.8588 	EXP 	choiceA: color = 'red (named)'
276.8757 	EXP 	choiceA: color = 'red (named)'
276.8922 	EXP 	choiceA: color = 'red (named)'
276.9089 	EXP 	choiceA: color = 'red (named)'
276.9254 	EXP 	choiceA: color = 'red (named)'
276.9421 	EXP 	choiceA: color = 'red (named)'
276.9588 	EXP 	choiceA: color = 'red (named)'
276.9755 	EXP 	choiceA: color = 'red (named)'
276.9922 	EXP 	choiceA: color = 'red (named)'
277.0089 	EXP 	choiceA: color = 'red (named)'
277.0255 	EXP 	choiceA: color = 'red (named)'
277.0422 	EXP 	choiceA: color = 'red (named)'
277.0588 	EXP 	choiceA: color = 'red (named)'
277.0756 	EXP 	choiceA: color = 'red (named)'
277.0925 	EXP 	choiceA: color = 'red (named)'
277.1089 	EXP 	choiceA: color = 'red (named)'
277.1256 	EXP 	choiceA: color = 'red (named)'
277.1423 	EXP 	choiceA: color = 'red (named)'
277.1589 	EXP 	choiceA: color = 'red (named)'
277.1756 	EXP 	choiceA: color = 'red (named)'
277.1925 	EXP 	choiceA: color = 'red (named)'
277.2090 	EXP 	choiceA: color = 'red (named)'
277.2257 	EXP 	choiceA: color = 'red (named)'
277.2428 	EXP 	choiceA: color = 'red (named)'
277.2591 	EXP 	choiceA: color = 'red (named)'
277.2760 	EXP 	choiceA: color = 'red (named)'
277.2925 	EXP 	choiceA: color = 'red (named)'
277.3091 	EXP 	choiceA: color = 'red (named)'
277.3276 	EXP 	choiceA: color = 'red (named)'
277.3424 	EXP 	choiceA: color = 'red (named)'
277.3592 	EXP 	choiceA: color = 'red (named)'
277.3758 	EXP 	choiceA: color = 'red (named)'
277.3926 	EXP 	choiceA: color = 'red (named)'
277.4094 	EXP 	choiceA: color = 'red (named)'
277.4259 	EXP 	choiceA: color = 'red (named)'
277.4426 	EXP 	choiceA: color = 'red (named)'
277.4593 	EXP 	choiceA: color = 'red (named)'
277.4759 	EXP 	choiceA: color = 'red (named)'
277.4926 	EXP 	choiceA: color = 'red (named)'
277.5092 	EXP 	choiceA: color = 'red (named)'
277.5259 	EXP 	choiceA: color = 'red (named)'
277.5428 	EXP 	choiceA: color = 'red (named)'
277.5591 	EXP 	choiceA: color = 'red (named)'
277.5760 	EXP 	choiceA: color = 'red (named)'
277.5927 	EXP 	choiceA: color = 'red (named)'
277.6093 	EXP 	choiceA: color = 'red (named)'
277.6260 	EXP 	choiceA: color = 'red (named)'
277.6435 	EXP 	choiceA: color = 'red (named)'
277.6593 	EXP 	choiceA: color = 'red (named)'
277.6760 	EXP 	choiceA: color = 'red (named)'
277.6928 	EXP 	choiceA: color = 'red (named)'
277.7094 	EXP 	choiceA: color = 'red (named)'
277.7262 	EXP 	choiceA: color = 'red (named)'
277.7429 	EXP 	choiceA: color = 'red (named)'
277.7595 	EXP 	choiceA: color = 'red (named)'
277.7763 	EXP 	choiceA: color = 'red (named)'
277.7928 	EXP 	choiceA: color = 'red (named)'
277.8095 	EXP 	choiceA: color = 'red (named)'
277.8263 	EXP 	choiceA: color = 'red (named)'
277.8429 	EXP 	choiceA: color = 'red (named)'
277.8595 	EXP 	choiceA: color = 'red (named)'
277.8763 	EXP 	choiceA: color = 'red (named)'
277.8930 	EXP 	choiceA: color = 'red (named)'
277.9096 	EXP 	choiceA: color = 'red (named)'
277.9264 	EXP 	choiceA: color = 'red (named)'
277.9430 	EXP 	choiceA: color = 'red (named)'
277.9596 	EXP 	choiceA: color = 'red (named)'
277.9763 	EXP 	choiceA: color = 'red (named)'
277.9935 	EXP 	choiceA: color = 'red (named)'
278.0099 	EXP 	choiceA: color = 'red (named)'
278.0266 	EXP 	choiceA: color = 'red (named)'
278.0432 	EXP 	choiceA: color = 'red (named)'
278.0599 	EXP 	choiceA: color = 'red (named)'
278.0766 	EXP 	choiceA: color = 'red (named)'
278.0931 	EXP 	choiceA: color = 'red (named)'
278.1098 	EXP 	choiceA: color = 'red (named)'
278.1265 	EXP 	choiceA: color = 'red (named)'
278.1433 	EXP 	choiceA: color = 'red (named)'
278.1599 	EXP 	choiceA: color = 'red (named)'
278.1765 	EXP 	choiceA: color = 'red (named)'
278.1932 	EXP 	choiceA: color = 'red (named)'
278.2099 	EXP 	choiceA: color = 'red (named)'
278.2268 	EXP 	choiceA: color = 'red (named)'
278.2432 	EXP 	choiceA: color = 'red (named)'
278.2599 	EXP 	choiceA: color = 'red (named)'
278.2766 	EXP 	choiceA: color = 'red (named)'
278.2932 	EXP 	choiceA: color = 'red (named)'
278.3102 	EXP 	choiceA: color = 'red (named)'
278.3102 	EXP 	conBlank: autoDraw = False
278.3140 	EXP 	New trial (rep=0, index=1): OrderedDict([('GMAT', "2) Artistic success as an actor is directly dependent on how well an actor has developed his craft. This has been demonstrated by the discovery of a positive relationship between the number of classes taken by an actor and the number of professional productions in which the actor has appeared in the past two years.\n\nEach of the following, if true, cast doubt on the author's argument about artistic success for actors EXCEPT:"), ('GMATQA', '(A)The figures for the number of classes taken were based solely on information provided by actors.'), ('GMATQB', '(B)Success as an actor cannot necessarily be judged exclusively by recent credits.'), ('GMATQC', "(C)For most successful actors, it's not the quantity but the quality of their classes that has helped to develop their craft"), ('GMATQD', '(D)There is no relationship between the number of professional productions in which an actor has appeared and true artistic success.'), ('GMATQE', '(E)Most successful actors have taken only a small number of intensive classes.'), ('GMATAs', 'a'), ('GRE', '2) Popcorn kernels explode, or "pop," when the moisture inside the kernel is heated and steam builds up pressure inside the kernel. Uniform moisture content in a batch of popcorn kernels ensures uniform popping time, which in turn ensures fewer unpopped kernels. In practice, the percentage of unpopped kernels in a batch can be reduced by sorting popcorn kernels by size.\n\nWhich of the following, if true, best helps explain why the percentage of unpopped kernels is lower when popcorn kernels are of uniform size?'), ('GREQA', '(A) The percentage of unpopped kernels can be reduced by increasing cooking time.'), ('GREQB', '(B) All popcorn kernels, no matter what their size, will pop under proper conditions.\n'), ('GREQC', '(C) Yellow popcorn kernels have more moisture content than do white or blue popcorn kernels.'), ('GREQD', "(D) A popcorn kernel's moisture content is fully determined by its size."), ('GREQE', '(E) Damaged kernels, another cause of unpopped kernels, have a lower moisture content than intact kernels.'), ('GREA', 'd'), ('LSAT', '2)Under the modern model for music distribution, musicians sell the right to broadcast their music to companies who give listeners affordable access to large quantities of music.  Some musicians who have been selling their music for many years are displeased with the new model and have seen decreased revenue.  Yet, musicians as a whole are making more money under the new model than they were previously.\n\nWhich of the following, if true, would most help to reconcile the apparent conflict?'), ('LSATQA', '(A)Some musicians want to make more money than they made under the old model\n\n'), ('LSATQB', '(B)Music producers charge higher fees now, leaving less revenue for musicians\n\n'), ('LSATQC', '(C)A greater number of musicians sell music now than under the old model\n\n'), ('LSATQD', '(D)The new model is not generating as much revenue as it could be generating\n\n'), ('LSATQE', '(E)The old model could be used now and would generate more revenue than the new model\n\n'), ('LSATAs', 'c')])
278.3292 	EXP 	TextQuestion: autoDraw = False
278.3292 	EXP 	choiceA: autoDraw = False
278.3292 	EXP 	choiceB: autoDraw = False
278.3292 	EXP 	choiceC: autoDraw = False
278.3292 	EXP 	choiceD: autoDraw = False
278.3292 	EXP 	choiceE: autoDraw = False
278.3292 	EXP 	choiceA: color = 'red (named)'
278.3292 	EXP 	TextQuestion: autoDraw = False
278.3292 	EXP 	choiceA: autoDraw = False
278.3292 	EXP 	choiceB: autoDraw = False
278.3292 	EXP 	choiceC: autoDraw = False
278.3292 	EXP 	choiceD: autoDraw = False
278.3292 	EXP 	choiceE: autoDraw = False
278.3292 	EXP 	conBlank: autoDraw = False
278.3292 	EXP 	choiceA: autoDraw = False
278.3292 	EXP 	choiceB: autoDraw = False
278.3292 	EXP 	choiceC: autoDraw = False
278.3292 	EXP 	choiceD: autoDraw = False
278.3292 	EXP 	choiceE: autoDraw = False
278.3292 	EXP 	choiceA: color = 'white (named)'
278.3292 	EXP 	choiceB: color = 'white (named)'
278.3292 	EXP 	choiceC: color = 'white (named)'
278.3292 	EXP 	choiceD: color = 'white (named)'
278.3292 	EXP 	choiceE: color = 'white (named)'
278.3292 	EXP 	TextQuestion: text = 'PLACEHOLDER'
278.3292 	EXP 	choiceA: text = 'QA'
278.3292 	EXP 	choiceB: text = 'QB'
278.3292 	EXP 	choiceC: text = 'QC'
278.3292 	EXP 	choiceD: text = 'QD'
278.3292 	EXP 	choiceE: text = 'QE'
278.3292 	EXP 	TextQuestion: autoDraw = True
278.3292 	EXP 	choiceA: autoDraw = True
278.3292 	EXP 	choiceB: autoDraw = True
278.3292 	EXP 	choiceC: autoDraw = True
278.3292 	EXP 	choiceD: autoDraw = True
278.3292 	EXP 	choiceE: autoDraw = True
280.9175 	DATA 	Keypress: a
281.9030 	DATA 	Keypress: escape
282.0223 	EXP 	window1: mouseVisible = True
