2.6222 	WARNING 	User requested fullscreen with size [1024  768], but screen is actually [1920, 1080]. Using actual size
3.4039 	EXP 	Created window1 = Window(allowGUI=False, allowStencil=False, args=UNKNOWN, autoLog=True, bitsMode=UNKNOWN, blendMode='avg', color=array([0., 0., 0.]), colorSpace='rgb', fullscr=<method-wrapper '__getattribute__' of attributeSetter object at 0x0000022DDEE28F60>, gamma=None, gammaErrorPolicy='raise', kwargs=UNKNOWN, lms=UNKNOWN, monitor=<psychopy.monitors.calibTools.Monitor object at 0x0000022DDEEBC128>, multiSample=False, name='window1', numSamples=2, pos=[0.0, 0.0], screen=0, size=array([1920, 1080]), stereo=False, units='height', useFBO=True, useRetina=False, viewOri=0.0, viewPos=None, viewScale=None, waitBlanking=True, winType='pyglet')
3.4040 	EXP 	window1: recordFrameIntervals = False
3.5696 	EXP 	window1: recordFrameIntervals = True
3.7538 	EXP 	window1: recordFrameIntervals = False
4.2343 	EXP 	Created instruct = TextStim(__class__=<class 'psychopy.visual.text.TextStim'>, alignHoriz='center', alignVert='center', antialias=True, autoLog=True, bold=False, color='white', colorSpace='named', contrast=1.0, depth=0.0, flipHoriz=False, flipVert=False, font='Arial', fontFiles=[], height=0.05, italic=False, languageStyle='LTR', name='instruct', opacity=1.0, ori=0, pos=array([0., 0.]), rgb=array([255., 255., 255.]), text=str(...), units='height', win=Window(...), wrapWidth=1.4)
4.2528 	EXP 	Created regCue = TextStim(__class__=<class 'psychopy.visual.text.TextStim'>, alignHoriz='center', alignVert='center', antialias=True, autoLog=True, bold=False, color='white', colorSpace='named', contrast=1.0, depth=0.0, flipHoriz=False, flipVert=False, font='Arial', fontFiles=[], height=0.1, italic=False, languageStyle='LTR', name='regCue', opacity=1.0, ori=0, pos=array([0., 0.]), rgb=array([255., 255., 255.]), text='REGULATE', units='height', win=Window(...), wrapWidth=1)
4.2711 	EXP 	Created choiceQ = TextStim(__class__=<class 'psychopy.visual.text.TextStim'>, alignHoriz='center', alignVert='center', antialias=True, autoLog=True, bold=False, color='white', colorSpace='named', contrast=1.0, depth=0.0, flipHoriz=False, flipVert=False, font='Arial', fontFiles=[], height=0.05, italic=False, languageStyle='LTR', name='choiceQ', opacity=1.0, ori=0, pos=array([0.  , 0.35]), rgb=array([255., 255., 255.]), text=str(...), units='height', win=Window(...), wrapWidth=1.4)
4.2884 	EXP 	Created testChoice = TextStim(__class__=<class 'psychopy.visual.text.TextStim'>, alignHoriz='center', alignVert='center', antialias=True, autoLog=True, bold=False, color='white', colorSpace='named', contrast=1.0, depth=-2.0, flipHoriz=False, flipVert=False, font='Arial', fontFiles=[], height=0.04, italic=False, languageStyle='LTR', name='testChoice', opacity=1.0, ori=0, pos=array([-0.41,  0.15]), rgb=array([255., 255., 255.]), text='Practice Standardized Test Questions', units='height', win=Window(...), wrapWidth=1)
4.2960 	EXP 	Created videogameChoice = TextStim(__class__=<class 'psychopy.visual.text.TextStim'>, alignHoriz='center', alignVert='center', antialias=True, autoLog=True, bold=False, color='white', colorSpace='named', contrast=1.0, depth=-3.0, flipHoriz=False, flipVert=False, font='Arial', fontFiles=[], height=0.04, italic=False, languageStyle='LTR', name='videogameChoice', opacity=1.0, ori=0, pos=array([0.41, 0.15]), rgb=array([255., 255., 255.]), text='Play a Videogame', units='height', win=Window(...), wrapWidth=1)
4.3011 	EXP 	Created gre = ImageStim(__class__=<class 'psychopy.visual.image.ImageStim'>, autoLog=True, color=array([1., 1., 1.]), colorSpace='rgb', contrast=1.0, depth=-4.0, flipHoriz=False, flipVert=False, image='gre.png', interpolate=True, mask=None, maskParams=None, name='gre', opacity=1.0, ori=0.0, pos=array([-0.41,  0.02]), size=array([0.3  , 0.105]), texRes=128, units='height', win=Window(...))
4.3043 	EXP 	Created gmat = ImageStim(__class__=<class 'psychopy.visual.image.ImageStim'>, autoLog=True, color=array([1., 1., 1.]), colorSpace='rgb', contrast=1.0, depth=-5.0, flipHoriz=False, flipVert=False, image='gmat.png', interpolate=True, mask=None, maskParams=None, name='gmat', opacity=1.0, ori=0.0, pos=array([-0.41, -0.13]), size=array([0.3 , 0.11]), texRes=128, units='height', win=Window(...))
4.3064 	EXP 	Created lsat = ImageStim(__class__=<class 'psychopy.visual.image.ImageStim'>, autoLog=True, color=array([1., 1., 1.]), colorSpace='rgb', contrast=1.0, depth=-6.0, flipHoriz=False, flipVert=False, image='lsat.png', interpolate=True, mask=None, maskParams=None, name='lsat', opacity=1.0, ori=0.0, pos=array([-0.41, -0.27]), size=array([0.3 , 0.11]), texRes=128, units='height', win=Window(...))
4.3210 	EXP 	Created game = ImageStim(__class__=<class 'psychopy.visual.image.ImageStim'>, autoLog=True, color=array([1., 1., 1.]), colorSpace='rgb', contrast=1.0, depth=-7.0, flipHoriz=False, flipVert=False, image='game.png', interpolate=True, mask=None, maskParams=None, name='game', opacity=1.0, ori=0.0, pos=array([ 0.41, -0.19]), size=array([0.4, 0.5]), texRes=128, units='height', win=Window(...))
4.3215 	EXP 	Created blank = TextStim(__class__=<class 'psychopy.visual.text.TextStim'>, alignHoriz='center', alignVert='center', antialias=True, autoLog=True, bold=False, color='white', colorSpace='named', contrast=1.0, depth=-9.0, flipHoriz=False, flipVert=False, font='Arial', fontFiles=[], height=0.1, italic=False, languageStyle='LTR', name='blank', opacity=1.0, ori=0, pos=array([0., 0.]), rgb=array([255., 255., 255.]), text='', units='height', win=Window(...), wrapWidth=1)
4.3634 	EXP 	Created testQChoice = TextStim(__class__=<class 'psychopy.visual.text.TextStim'>, alignHoriz='center', alignVert='center', antialias=True, autoLog=True, bold=False, color='white', colorSpace='named', contrast=1.0, depth=0.0, flipHoriz=False, flipVert=False, font='Arial', fontFiles=[], height=0.055, italic=False, languageStyle='LTR', name='testQChoice', opacity=1.0, ori=0, pos=array([0.  , 0.35]), rgb=array([255., 255., 255.]), text=str(...), units='height', win=Window(...), wrapWidth=1.3)
4.3669 	EXP 	Created image = ImageStim(__class__=<class 'psychopy.visual.image.ImageStim'>, autoLog=True, color=array([1., 1., 1.]), colorSpace='rgb', contrast=1.0, depth=-1.0, flipHoriz=False, flipVert=False, image='gre.png', interpolate=True, mask=None, maskParams=None, name='image', opacity=1.0, ori=0.0, pos=array([0.   , 0.105]), size=array([0.3 , 0.11]), texRes=128, units='height', win=Window(...))
4.3702 	EXP 	Created image_2 = ImageStim(__class__=<class 'psychopy.visual.image.ImageStim'>, autoLog=True, color=array([1., 1., 1.]), colorSpace='rgb', contrast=1.0, depth=-2.0, flipHoriz=False, flipVert=False, image='gmat.png', interpolate=True, mask=None, maskParams=None, name='image_2', opacity=1.0, ori=0.0, pos=array([ 0.  , -0.05]), size=array([0.3 , 0.11]), texRes=128, units='height', win=Window(...))
4.3724 	EXP 	Created image_3 = ImageStim(__class__=<class 'psychopy.visual.image.ImageStim'>, autoLog=True, color=array([1., 1., 1.]), colorSpace='rgb', contrast=1.0, depth=-3.0, flipHoriz=False, flipVert=False, image='lsat.png', interpolate=True, mask=None, maskParams=None, name='image_3', opacity=1.0, ori=0.0, pos=array([ 0. , -0.2]), size=array([0.3 , 0.11]), texRes=128, units='height', win=Window(...))
4.3739 	EXP 	Created polygon = Rect(__class__=<class 'psychopy.visual.rect.Rect'>, autoDraw=False, autoLog=True, closeShape=True, color=method-wrapper(...), colorSpace=None, contrast=1.0, depth=-5.0, fillColor=None, fillColorSpace='rgb', fillRGB=None, interpolate=True, lineColor=array([-1., -1., -1.]), lineColorSpace='rgb', lineRGB=array([-1., -1., -1.]), lineWidth=1.0, name='polygon', opacity=1.0, ori=array(1.), pos=array([0., 0.]), size=array([1., 1.]), units='height', vertices=ndarray(...), win=Window(...))
4.3865 	EXP 	Created TextQuestion = TextStim(__class__=<class 'psychopy.visual.text.TextStim'>, alignHoriz='center', alignVert='center', antialias=True, autoLog=True, bold=False, color='white', colorSpace='named', contrast=1.0, depth=0.0, flipHoriz=False, flipVert=False, font='Arial', fontFiles=[], height=0.028, italic=False, languageStyle='LTR', name='TextQuestion', opacity=1.0, ori=0, pos=array([0.  , 0.35]), rgb=array([255., 255., 255.]), text='default text', units='height', win=Window(...), wrapWidth=1.45)
4.3973 	EXP 	Created choiceA = TextStim(__class__=<class 'psychopy.visual.text.TextStim'>, alignHoriz='center', alignVert='center', antialias=True, autoLog=True, bold=False, color='white', colorSpace='named', contrast=1.0, depth=-3.0, flipHoriz=False, flipVert=False, font='Arial', fontFiles=[], height=0.026, italic=False, languageStyle='LTR', name='choiceA', opacity=1.0, ori=0, pos=array([0., 0.]), rgb=array([255., 255., 255.]), text='default text', units='height', win=Window(...), wrapWidth=1.4)
4.4011 	EXP 	Created choiceB = TextStim(__class__=<class 'psychopy.visual.text.TextStim'>, alignHoriz='center', alignVert='center', antialias=True, autoLog=True, bold=False, color='white', colorSpace='named', contrast=1.0, depth=-4.0, flipHoriz=False, flipVert=False, font='Arial', fontFiles=[], height=0.026, italic=False, languageStyle='LTR', name='choiceB', opacity=1.0, ori=0, pos=array([ 0. , -0.1]), rgb=array([255., 255., 255.]), text='default text', units='height', win=Window(...), wrapWidth=1.4)
4.4047 	EXP 	Created choiceC = TextStim(__class__=<class 'psychopy.visual.text.TextStim'>, alignHoriz='center', alignVert='center', antialias=True, autoLog=True, bold=False, color='white', colorSpace='named', contrast=1.0, depth=-5.0, flipHoriz=False, flipVert=False, font='Arial', fontFiles=[], height=0.026, italic=False, languageStyle='LTR', name='choiceC', opacity=1.0, ori=0, pos=array([ 0. , -0.2]), rgb=array([255., 255., 255.]), text='default text', units='height', win=Window(...), wrapWidth=1.4)
4.4083 	EXP 	Created choiceD = TextStim(__class__=<class 'psychopy.visual.text.TextStim'>, alignHoriz='center', alignVert='center', antialias=True, autoLog=True, bold=False, color='white', colorSpace='named', contrast=1.0, depth=-6.0, flipHoriz=False, flipVert=False, font='Arial', fontFiles=[], height=0.026, italic=False, languageStyle='LTR', name='choiceD', opacity=1.0, ori=0, pos=array([ 0. , -0.3]), rgb=array([255., 255., 255.]), text='default text', units='height', win=Window(...), wrapWidth=1.4)
4.4120 	EXP 	Created choiceE = TextStim(__class__=<class 'psychopy.visual.text.TextStim'>, alignHoriz='center', alignVert='center', antialias=True, autoLog=True, bold=False, color='white', colorSpace='named', contrast=1.0, depth=-7.0, flipHoriz=False, flipVert=False, font='Arial', fontFiles=[], height=0.026, italic=False, languageStyle='LTR', name='choiceE', opacity=1.0, ori=0, pos=array([ 0. , -0.4]), rgb=array([255., 255., 255.]), text='default text', units='height', win=Window(...), wrapWidth=1.4)
4.4125 	EXP 	Created conBlank = TextStim(__class__=<class 'psychopy.visual.text.TextStim'>, alignHoriz='center', alignVert='center', antialias=True, autoLog=True, bold=False, color='white', colorSpace='named', contrast=1.0, depth=-9.0, flipHoriz=False, flipVert=False, font='Arial', fontFiles=[], height=0.1, italic=False, languageStyle='LTR', name='conBlank', opacity=1.0, ori=0, pos=array([0., 0.]), rgb=array([255., 255., 255.]), text='', units='height', win=Window(...), wrapWidth=1)
4.4829 	EXP 	Created gameInstructions = TextStim(__class__=<class 'psychopy.visual.text.TextStim'>, alignHoriz='center', alignVert='center', antialias=True, autoLog=True, bold=False, color='white', colorSpace='named', contrast=1.0, depth=0.0, flipHoriz=False, flipVert=False, font='Arial', fontFiles=[], height=0.07, italic=False, languageStyle='LTR', name='gameInstructions', opacity=1.0, ori=0, pos=array([0., 0.]), rgb=array([255., 255., 255.]), text=str(...), units='height', win=Window(...), wrapWidth=1)
5.5211 	EXP 	instruct: autoDraw = True
6.3568 	EXP 	Created sequence: sequential, trialTypes=1, nReps=5, seed=None
6.3571 	EXP 	New trial (rep=0, index=0): None
6.3690 	EXP 	instruct: autoDraw = False
6.3690 	EXP 	regCue: autoDraw = True
9.3746 	EXP 	regCue: autoDraw = False
9.3746 	EXP 	regCue: autoDraw = False
9.3746 	EXP 	blank: text = ''
9.3746 	EXP 	choiceQ: autoDraw = True
9.3746 	EXP 	testChoice: autoDraw = True
9.3746 	EXP 	videogameChoice: autoDraw = True
9.3746 	EXP 	gre: autoDraw = True
9.3746 	EXP 	gmat: autoDraw = True
9.3746 	EXP 	lsat: autoDraw = True
9.3746 	EXP 	game: autoDraw = True
12.3022 	EXP 	videogameChoice: color = 'green (named)'
12.3022 	EXP 	blank: autoDraw = True
12.3188 	EXP 	videogameChoice: color = 'green (named)'
12.3355 	EXP 	videogameChoice: color = 'green (named)'
12.3521 	EXP 	videogameChoice: color = 'green (named)'
12.3689 	EXP 	videogameChoice: color = 'green (named)'
12.3857 	EXP 	videogameChoice: color = 'green (named)'
12.4022 	EXP 	videogameChoice: color = 'green (named)'
12.4189 	EXP 	videogameChoice: color = 'green (named)'
12.4356 	EXP 	videogameChoice: color = 'green (named)'
12.4521 	EXP 	videogameChoice: color = 'green (named)'
12.4689 	EXP 	videogameChoice: color = 'green (named)'
12.4855 	EXP 	videogameChoice: color = 'green (named)'
12.5021 	EXP 	videogameChoice: color = 'green (named)'
12.5189 	EXP 	videogameChoice: color = 'green (named)'
12.5354 	EXP 	videogameChoice: color = 'green (named)'
12.5523 	EXP 	videogameChoice: color = 'green (named)'
12.5686 	EXP 	videogameChoice: color = 'green (named)'
12.5862 	EXP 	videogameChoice: color = 'green (named)'
12.6027 	EXP 	videogameChoice: color = 'green (named)'
12.6191 	EXP 	videogameChoice: color = 'green (named)'
12.6362 	EXP 	videogameChoice: color = 'green (named)'
12.6526 	EXP 	videogameChoice: color = 'green (named)'
12.6692 	EXP 	videogameChoice: color = 'green (named)'
12.6861 	EXP 	videogameChoice: color = 'green (named)'
12.7030 	EXP 	videogameChoice: color = 'green (named)'
12.7192 	EXP 	videogameChoice: color = 'green (named)'
12.7362 	EXP 	videogameChoice: color = 'green (named)'
12.7530 	EXP 	videogameChoice: color = 'green (named)'
12.7692 	EXP 	videogameChoice: color = 'green (named)'
12.7862 	EXP 	videogameChoice: color = 'green (named)'
12.8026 	EXP 	videogameChoice: color = 'green (named)'
12.8192 	EXP 	videogameChoice: color = 'green (named)'
12.8363 	EXP 	videogameChoice: color = 'green (named)'
12.8526 	EXP 	videogameChoice: color = 'green (named)'
12.8692 	EXP 	videogameChoice: color = 'green (named)'
12.8863 	EXP 	videogameChoice: color = 'green (named)'
12.9026 	EXP 	videogameChoice: color = 'green (named)'
12.9192 	EXP 	videogameChoice: color = 'green (named)'
12.9363 	EXP 	videogameChoice: color = 'green (named)'
12.9527 	EXP 	videogameChoice: color = 'green (named)'
12.9692 	EXP 	videogameChoice: color = 'green (named)'
12.9862 	EXP 	videogameChoice: color = 'green (named)'
13.0025 	EXP 	videogameChoice: color = 'green (named)'
13.0191 	EXP 	videogameChoice: color = 'green (named)'
13.0362 	EXP 	videogameChoice: color = 'green (named)'
13.0525 	EXP 	videogameChoice: color = 'green (named)'
13.0692 	EXP 	videogameChoice: color = 'green (named)'
13.0862 	EXP 	videogameChoice: color = 'green (named)'
13.1026 	EXP 	videogameChoice: color = 'green (named)'
13.1191 	EXP 	videogameChoice: color = 'green (named)'
13.1362 	EXP 	videogameChoice: color = 'green (named)'
13.1525 	EXP 	videogameChoice: color = 'green (named)'
13.1692 	EXP 	videogameChoice: color = 'green (named)'
13.1865 	EXP 	videogameChoice: color = 'green (named)'
13.2026 	EXP 	videogameChoice: color = 'green (named)'
13.2191 	EXP 	videogameChoice: color = 'green (named)'
13.2361 	EXP 	videogameChoice: color = 'green (named)'
13.2531 	EXP 	videogameChoice: color = 'green (named)'
13.2691 	EXP 	videogameChoice: color = 'green (named)'
13.2858 	EXP 	videogameChoice: color = 'green (named)'
13.3025 	EXP 	videogameChoice: color = 'green (named)'
13.3192 	EXP 	videogameChoice: color = 'green (named)'
13.3362 	EXP 	videogameChoice: color = 'green (named)'
13.3526 	EXP 	videogameChoice: color = 'green (named)'
13.3691 	EXP 	videogameChoice: color = 'green (named)'
13.3864 	EXP 	videogameChoice: color = 'green (named)'
13.4026 	EXP 	videogameChoice: color = 'green (named)'
13.4191 	EXP 	videogameChoice: color = 'green (named)'
13.4362 	EXP 	videogameChoice: color = 'green (named)'
13.4526 	EXP 	videogameChoice: color = 'green (named)'
13.4692 	EXP 	videogameChoice: color = 'green (named)'
13.4860 	EXP 	videogameChoice: color = 'green (named)'
13.5024 	EXP 	videogameChoice: color = 'green (named)'
13.5192 	EXP 	videogameChoice: color = 'green (named)'
13.5359 	EXP 	videogameChoice: color = 'green (named)'
13.5526 	EXP 	videogameChoice: color = 'green (named)'
13.5692 	EXP 	videogameChoice: color = 'green (named)'
13.5860 	EXP 	videogameChoice: color = 'green (named)'
13.6027 	EXP 	videogameChoice: color = 'green (named)'
13.6190 	EXP 	videogameChoice: color = 'green (named)'
13.6362 	EXP 	videogameChoice: color = 'green (named)'
13.6525 	EXP 	videogameChoice: color = 'green (named)'
13.6689 	EXP 	videogameChoice: color = 'green (named)'
13.6858 	EXP 	videogameChoice: color = 'green (named)'
13.7024 	EXP 	videogameChoice: color = 'green (named)'
13.7190 	EXP 	videogameChoice: color = 'green (named)'
13.7356 	EXP 	videogameChoice: color = 'green (named)'
13.7523 	EXP 	videogameChoice: color = 'green (named)'
13.7690 	EXP 	videogameChoice: color = 'green (named)'
13.7858 	EXP 	videogameChoice: color = 'green (named)'
13.8023 	EXP 	videogameChoice: color = 'green (named)'
13.8023 	EXP 	blank: autoDraw = False
13.8394 	EXP 	Imported RowsExcel.xlsx as conditions, 5 conditions, 1 params
13.8397 	EXP 	Created sequence: random, trialTypes=5, nReps=0, seed=None
13.8400 	EXP 	Created sequence: random, trialTypes=1, nReps=1, seed=None
13.8402 	EXP 	New trial (rep=0, index=0): None
13.8476 	EXP 	choiceQ: autoDraw = False
13.8476 	EXP 	testChoice: autoDraw = False
13.8476 	EXP 	videogameChoice: autoDraw = False
13.8476 	EXP 	gre: autoDraw = False
13.8476 	EXP 	gmat: autoDraw = False
13.8476 	EXP 	lsat: autoDraw = False
13.8476 	EXP 	game: autoDraw = False
13.8476 	EXP 	videogameChoice: color = 'green (named)'
13.8476 	EXP 	choiceQ: autoDraw = False
13.8476 	EXP 	testChoice: autoDraw = False
13.8476 	EXP 	videogameChoice: autoDraw = False
13.8476 	EXP 	gre: autoDraw = False
13.8476 	EXP 	gmat: autoDraw = False
13.8476 	EXP 	lsat: autoDraw = False
13.8476 	EXP 	game: autoDraw = False
13.8476 	EXP 	blank: autoDraw = False
13.8476 	EXP 	videogameChoice: color = 'white (named)'
13.8476 	EXP 	testChoice: color = 'white (named)'
13.8476 	EXP 	choiceQ: autoDraw = False
13.8476 	EXP 	testChoice: autoDraw = False
13.8476 	EXP 	videogameChoice: autoDraw = False
13.8476 	EXP 	gre: autoDraw = False
13.8476 	EXP 	gmat: autoDraw = False
13.8476 	EXP 	lsat: autoDraw = False
13.8693 	EXP 	gameInstructions: autoDraw = True
14.8307 	EXP 	window1: mouseVisible = True
