2.6039 	WARNING 	User requested fullscreen with size [1024  768], but screen is actually [1920, 1080]. Using actual size
3.3766 	EXP 	Created window1 = Window(allowGUI=False, allowStencil=False, args=UNKNOWN, autoLog=True, bitsMode=UNKNOWN, blendMode='avg', color=array([0., 0., 0.]), colorSpace='rgb', fullscr=<method-wrapper '__getattribute__' of attributeSetter object at 0x000002666A7E8F60>, gamma=None, gammaErrorPolicy='raise', kwargs=UNKNOWN, lms=UNKNOWN, monitor=<psychopy.monitors.calibTools.Monitor object at 0x000002666A87B128>, multiSample=False, name='window1', numSamples=2, pos=[0.0, 0.0], screen=0, size=array([1920, 1080]), stereo=False, units='height', useFBO=True, useRetina=False, viewOri=0.0, viewPos=None, viewScale=None, waitBlanking=True, winType='pyglet')
3.3767 	EXP 	window1: recordFrameIntervals = False
3.5430 	EXP 	window1: recordFrameIntervals = True
3.7266 	EXP 	window1: recordFrameIntervals = False
4.0778 	EXP 	Created instruct = TextStim(__class__=<class 'psychopy.visual.text.TextStim'>, alignHoriz='center', alignVert='center', antialias=True, autoLog=True, bold=False, color='white', colorSpace='named', contrast=1.0, depth=0.0, flipHoriz=False, flipVert=False, font='Arial', fontFiles=[], height=0.05, italic=False, languageStyle='LTR', name='instruct', opacity=1.0, ori=0, pos=array([0., 0.]), rgb=array([255., 255., 255.]), text=str(...), units='height', win=Window(...), wrapWidth=1.4)
4.0969 	EXP 	Created regCue = TextStim(__class__=<class 'psychopy.visual.text.TextStim'>, alignHoriz='center', alignVert='center', antialias=True, autoLog=True, bold=False, color='white', colorSpace='named', contrast=1.0, depth=0.0, flipHoriz=False, flipVert=False, font='Arial', fontFiles=[], height=0.1, italic=False, languageStyle='LTR', name='regCue', opacity=1.0, ori=0, pos=array([0., 0.]), rgb=array([255., 255., 255.]), text='REGULATE', units='height', win=Window(...), wrapWidth=1)
4.1165 	EXP 	Created choiceQ = TextStim(__class__=<class 'psychopy.visual.text.TextStim'>, alignHoriz='center', alignVert='center', antialias=True, autoLog=True, bold=False, color='white', colorSpace='named', contrast=1.0, depth=0.0, flipHoriz=False, flipVert=False, font='Arial', fontFiles=[], height=0.05, italic=False, languageStyle='LTR', name='choiceQ', opacity=1.0, ori=0, pos=array([0.  , 0.35]), rgb=array([255., 255., 255.]), text=str(...), units='height', win=Window(...), wrapWidth=1.4)
4.1357 	EXP 	Created testChoice = TextStim(__class__=<class 'psychopy.visual.text.TextStim'>, alignHoriz='center', alignVert='center', antialias=True, autoLog=True, bold=False, color='white', colorSpace='named', contrast=1.0, depth=-2.0, flipHoriz=False, flipVert=False, font='Arial', fontFiles=[], height=0.04, italic=False, languageStyle='LTR', name='testChoice', opacity=1.0, ori=0, pos=array([-0.41,  0.15]), rgb=array([255., 255., 255.]), text='Practice Standardized Test Questions', units='height', win=Window(...), wrapWidth=1)
4.1434 	EXP 	Created videogameChoice = TextStim(__class__=<class 'psychopy.visual.text.TextStim'>, alignHoriz='center', alignVert='center', antialias=True, autoLog=True, bold=False, color='white', colorSpace='named', contrast=1.0, depth=-3.0, flipHoriz=False, flipVert=False, font='Arial', fontFiles=[], height=0.04, italic=False, languageStyle='LTR', name='videogameChoice', opacity=1.0, ori=0, pos=array([0.41, 0.15]), rgb=array([255., 255., 255.]), text='Play a Videogame', units='height', win=Window(...), wrapWidth=1)
4.1489 	EXP 	Created gre = ImageStim(__class__=<class 'psychopy.visual.image.ImageStim'>, autoLog=True, color=array([1., 1., 1.]), colorSpace='rgb', contrast=1.0, depth=-4.0, flipHoriz=False, flipVert=False, image='gre.png', interpolate=True, mask=None, maskParams=None, name='gre', opacity=1.0, ori=0.0, pos=array([-0.41,  0.02]), size=array([0.3  , 0.105]), texRes=128, units='height', win=Window(...))
4.1525 	EXP 	Created gmat = ImageStim(__class__=<class 'psychopy.visual.image.ImageStim'>, autoLog=True, color=array([1., 1., 1.]), colorSpace='rgb', contrast=1.0, depth=-5.0, flipHoriz=False, flipVert=False, image='gmat.png', interpolate=True, mask=None, maskParams=None, name='gmat', opacity=1.0, ori=0.0, pos=array([-0.41, -0.13]), size=array([0.3 , 0.11]), texRes=128, units='height', win=Window(...))
4.1547 	EXP 	Created lsat = ImageStim(__class__=<class 'psychopy.visual.image.ImageStim'>, autoLog=True, color=array([1., 1., 1.]), colorSpace='rgb', contrast=1.0, depth=-6.0, flipHoriz=False, flipVert=False, image='lsat.png', interpolate=True, mask=None, maskParams=None, name='lsat', opacity=1.0, ori=0.0, pos=array([-0.41, -0.27]), size=array([0.3 , 0.11]), texRes=128, units='height', win=Window(...))
4.1698 	EXP 	Created game = ImageStim(__class__=<class 'psychopy.visual.image.ImageStim'>, autoLog=True, color=array([1., 1., 1.]), colorSpace='rgb', contrast=1.0, depth=-7.0, flipHoriz=False, flipVert=False, image='game.png', interpolate=True, mask=None, maskParams=None, name='game', opacity=1.0, ori=0.0, pos=array([ 0.41, -0.19]), size=array([0.4, 0.5]), texRes=128, units='height', win=Window(...))
4.1707 	EXP 	Created blank = TextStim(__class__=<class 'psychopy.visual.text.TextStim'>, alignHoriz='center', alignVert='center', antialias=True, autoLog=True, bold=False, color='white', colorSpace='named', contrast=1.0, depth=-9.0, flipHoriz=False, flipVert=False, font='Arial', fontFiles=[], height=0.1, italic=False, languageStyle='LTR', name='blank', opacity=1.0, ori=0, pos=array([0., 0.]), rgb=array([255., 255., 255.]), text='', units='height', win=Window(...), wrapWidth=1)
4.2072 	EXP 	Created testQChoice = TextStim(__class__=<class 'psychopy.visual.text.TextStim'>, alignHoriz='center', alignVert='center', antialias=True, autoLog=True, bold=False, color='white', colorSpace='named', contrast=1.0, depth=0.0, flipHoriz=False, flipVert=False, font='Arial', fontFiles=[], height=0.055, italic=False, languageStyle='LTR', name='testQChoice', opacity=1.0, ori=0, pos=array([0.  , 0.35]), rgb=array([255., 255., 255.]), text=str(...), units='height', win=Window(...), wrapWidth=1.3)
4.2106 	EXP 	Created image = ImageStim(__class__=<class 'psychopy.visual.image.ImageStim'>, autoLog=True, color=array([1., 1., 1.]), colorSpace='rgb', contrast=1.0, depth=-1.0, flipHoriz=False, flipVert=False, image='gre.png', interpolate=True, mask=None, maskParams=None, name='image', opacity=1.0, ori=0.0, pos=array([0.   , 0.105]), size=array([0.3 , 0.11]), texRes=128, units='height', win=Window(...))
4.2134 	EXP 	Created image_2 = ImageStim(__class__=<class 'psychopy.visual.image.ImageStim'>, autoLog=True, color=array([1., 1., 1.]), colorSpace='rgb', contrast=1.0, depth=-2.0, flipHoriz=False, flipVert=False, image='gmat.png', interpolate=True, mask=None, maskParams=None, name='image_2', opacity=1.0, ori=0.0, pos=array([ 0.  , -0.05]), size=array([0.3 , 0.11]), texRes=128, units='height', win=Window(...))
4.2155 	EXP 	Created image_3 = ImageStim(__class__=<class 'psychopy.visual.image.ImageStim'>, autoLog=True, color=array([1., 1., 1.]), colorSpace='rgb', contrast=1.0, depth=-3.0, flipHoriz=False, flipVert=False, image='lsat.png', interpolate=True, mask=None, maskParams=None, name='image_3', opacity=1.0, ori=0.0, pos=array([ 0. , -0.2]), size=array([0.3 , 0.11]), texRes=128, units='height', win=Window(...))
4.2171 	EXP 	Created polygon = Rect(__class__=<class 'psychopy.visual.rect.Rect'>, autoDraw=False, autoLog=True, closeShape=True, color=method-wrapper(...), colorSpace=None, contrast=1.0, depth=-5.0, fillColor=None, fillColorSpace='rgb', fillRGB=None, interpolate=True, lineColor=array([-1., -1., -1.]), lineColorSpace='rgb', lineRGB=array([-1., -1., -1.]), lineWidth=1.0, name='polygon', opacity=1.0, ori=array(1.), pos=array([0., 0.]), size=array([1., 1.]), units='height', vertices=ndarray(...), win=Window(...))
4.2291 	EXP 	Created TextQuestion = TextStim(__class__=<class 'psychopy.visual.text.TextStim'>, alignHoriz='center', alignVert='center', antialias=True, autoLog=True, bold=False, color='white', colorSpace='named', contrast=1.0, depth=0.0, flipHoriz=False, flipVert=False, font='Arial', fontFiles=[], height=0.028, italic=False, languageStyle='LTR', name='TextQuestion', opacity=1.0, ori=0, pos=array([0.  , 0.35]), rgb=array([255., 255., 255.]), text='default text', units='height', win=Window(...), wrapWidth=1.45)
4.2389 	EXP 	Created choiceA = TextStim(__class__=<class 'psychopy.visual.text.TextStim'>, alignHoriz='center', alignVert='center', antialias=True, autoLog=True, bold=False, color='white', colorSpace='named', contrast=1.0, depth=-3.0, flipHoriz=False, flipVert=False, font='Arial', fontFiles=[], height=0.026, italic=False, languageStyle='LTR', name='choiceA', opacity=1.0, ori=0, pos=array([0., 0.]), rgb=array([255., 255., 255.]), text='default text', units='height', win=Window(...), wrapWidth=1.4)
4.2428 	EXP 	Created choiceB = TextStim(__class__=<class 'psychopy.visual.text.TextStim'>, alignHoriz='center', alignVert='center', antialias=True, autoLog=True, bold=False, color='white', colorSpace='named', contrast=1.0, depth=-4.0, flipHoriz=False, flipVert=False, font='Arial', fontFiles=[], height=0.026, italic=False, languageStyle='LTR', name='choiceB', opacity=1.0, ori=0, pos=array([ 0. , -0.1]), rgb=array([255., 255., 255.]), text='default text', units='height', win=Window(...), wrapWidth=1.4)
4.2464 	EXP 	Created choiceC = TextStim(__class__=<class 'psychopy.visual.text.TextStim'>, alignHoriz='center', alignVert='center', antialias=True, autoLog=True, bold=False, color='white', colorSpace='named', contrast=1.0, depth=-5.0, flipHoriz=False, flipVert=False, font='Arial', fontFiles=[], height=0.026, italic=False, languageStyle='LTR', name='choiceC', opacity=1.0, ori=0, pos=array([ 0. , -0.2]), rgb=array([255., 255., 255.]), text='default text', units='height', win=Window(...), wrapWidth=1.4)
4.2503 	EXP 	Created choiceD = TextStim(__class__=<class 'psychopy.visual.text.TextStim'>, alignHoriz='center', alignVert='center', antialias=True, autoLog=True, bold=False, color='white', colorSpace='named', contrast=1.0, depth=-6.0, flipHoriz=False, flipVert=False, font='Arial', fontFiles=[], height=0.026, italic=False, languageStyle='LTR', name='choiceD', opacity=1.0, ori=0, pos=array([ 0. , -0.3]), rgb=array([255., 255., 255.]), text='default text', units='height', win=Window(...), wrapWidth=1.4)
4.2541 	EXP 	Created choiceE = TextStim(__class__=<class 'psychopy.visual.text.TextStim'>, alignHoriz='center', alignVert='center', antialias=True, autoLog=True, bold=False, color='white', colorSpace='named', contrast=1.0, depth=-7.0, flipHoriz=False, flipVert=False, font='Arial', fontFiles=[], height=0.026, italic=False, languageStyle='LTR', name='choiceE', opacity=1.0, ori=0, pos=array([ 0. , -0.4]), rgb=array([255., 255., 255.]), text='default text', units='height', win=Window(...), wrapWidth=1.4)
4.2546 	EXP 	Created conBlank = TextStim(__class__=<class 'psychopy.visual.text.TextStim'>, alignHoriz='center', alignVert='center', antialias=True, autoLog=True, bold=False, color='white', colorSpace='named', contrast=1.0, depth=-9.0, flipHoriz=False, flipVert=False, font='Arial', fontFiles=[], height=0.1, italic=False, languageStyle='LTR', name='conBlank', opacity=1.0, ori=0, pos=array([0., 0.]), rgb=array([255., 255., 255.]), text='', units='height', win=Window(...), wrapWidth=1)
4.3227 	EXP 	Created gameInstructions = TextStim(__class__=<class 'psychopy.visual.text.TextStim'>, alignHoriz='center', alignVert='center', antialias=True, autoLog=True, bold=False, color='white', colorSpace='named', contrast=1.0, depth=0.0, flipHoriz=False, flipVert=False, font='Arial', fontFiles=[], height=0.07, italic=False, languageStyle='LTR', name='gameInstructions', opacity=1.0, ori=0, pos=array([0., 0.]), rgb=array([255., 255., 255.]), text=str(...), units='height', win=Window(...), wrapWidth=1)
5.2849 	EXP 	instruct: autoDraw = True
6.1635 	EXP 	Created sequence: sequential, trialTypes=1, nReps=5, seed=None
6.1638 	EXP 	New trial (rep=0, index=0): None
6.1764 	EXP 	instruct: autoDraw = False
6.1764 	EXP 	regCue: autoDraw = True
9.1777 	EXP 	regCue: autoDraw = False
9.1777 	EXP 	regCue: autoDraw = False
9.1777 	EXP 	blank: text = ''
9.1777 	EXP 	choiceQ: autoDraw = True
9.1777 	EXP 	testChoice: autoDraw = True
9.1777 	EXP 	videogameChoice: autoDraw = True
9.1777 	EXP 	gre: autoDraw = True
9.1777 	EXP 	gmat: autoDraw = True
9.1777 	EXP 	lsat: autoDraw = True
9.1777 	EXP 	game: autoDraw = True
10.1931 	EXP 	videogameChoice: color = 'green (named)'
10.1931 	EXP 	blank: autoDraw = True
10.2094 	EXP 	videogameChoice: color = 'green (named)'
10.2261 	EXP 	videogameChoice: color = 'green (named)'
10.2427 	EXP 	videogameChoice: color = 'green (named)'
10.2595 	EXP 	videogameChoice: color = 'green (named)'
10.2764 	EXP 	videogameChoice: color = 'green (named)'
10.2926 	EXP 	videogameChoice: color = 'green (named)'
10.3095 	EXP 	videogameChoice: color = 'green (named)'
10.3262 	EXP 	videogameChoice: color = 'green (named)'
10.3426 	EXP 	videogameChoice: color = 'green (named)'
10.3597 	EXP 	videogameChoice: color = 'green (named)'
10.3765 	EXP 	videogameChoice: color = 'green (named)'
10.3929 	EXP 	videogameChoice: color = 'green (named)'
10.4095 	EXP 	videogameChoice: color = 'green (named)'
10.4260 	EXP 	videogameChoice: color = 'green (named)'
10.4427 	EXP 	videogameChoice: color = 'green (named)'
10.4597 	EXP 	videogameChoice: color = 'green (named)'
10.4766 	EXP 	videogameChoice: color = 'green (named)'
10.4930 	EXP 	videogameChoice: color = 'green (named)'
10.5094 	EXP 	videogameChoice: color = 'green (named)'
10.5262 	EXP 	videogameChoice: color = 'green (named)'
10.5427 	EXP 	videogameChoice: color = 'green (named)'
10.5597 	EXP 	videogameChoice: color = 'green (named)'
10.5761 	EXP 	videogameChoice: color = 'green (named)'
10.5929 	EXP 	videogameChoice: color = 'green (named)'
10.6094 	EXP 	videogameChoice: color = 'green (named)'
10.6261 	EXP 	videogameChoice: color = 'green (named)'
10.6426 	EXP 	videogameChoice: color = 'green (named)'
10.6598 	EXP 	videogameChoice: color = 'green (named)'
10.6761 	EXP 	videogameChoice: color = 'green (named)'
10.6929 	EXP 	videogameChoice: color = 'green (named)'
10.7094 	EXP 	videogameChoice: color = 'green (named)'
10.7261 	EXP 	videogameChoice: color = 'green (named)'
10.7428 	EXP 	videogameChoice: color = 'green (named)'
10.7592 	EXP 	videogameChoice: color = 'green (named)'
10.7761 	EXP 	videogameChoice: color = 'green (named)'
10.7926 	EXP 	videogameChoice: color = 'green (named)'
10.8093 	EXP 	videogameChoice: color = 'green (named)'
10.8262 	EXP 	videogameChoice: color = 'green (named)'
10.8428 	EXP 	videogameChoice: color = 'green (named)'
10.8594 	EXP 	videogameChoice: color = 'green (named)'
10.8761 	EXP 	videogameChoice: color = 'green (named)'
10.8926 	EXP 	videogameChoice: color = 'green (named)'
10.9094 	EXP 	videogameChoice: color = 'green (named)'
10.9260 	EXP 	videogameChoice: color = 'green (named)'
10.9426 	EXP 	videogameChoice: color = 'green (named)'
10.9594 	EXP 	videogameChoice: color = 'green (named)'
10.9761 	EXP 	videogameChoice: color = 'green (named)'
10.9927 	EXP 	videogameChoice: color = 'green (named)'
11.0094 	EXP 	videogameChoice: color = 'green (named)'
11.0262 	EXP 	videogameChoice: color = 'green (named)'
11.0426 	EXP 	videogameChoice: color = 'green (named)'
11.0594 	EXP 	videogameChoice: color = 'green (named)'
11.0758 	EXP 	videogameChoice: color = 'green (named)'
11.0925 	EXP 	videogameChoice: color = 'green (named)'
11.1093 	EXP 	videogameChoice: color = 'green (named)'
11.1261 	EXP 	videogameChoice: color = 'green (named)'
11.1427 	EXP 	videogameChoice: color = 'green (named)'
11.1593 	EXP 	videogameChoice: color = 'green (named)'
11.1761 	EXP 	videogameChoice: color = 'green (named)'
11.1930 	EXP 	videogameChoice: color = 'green (named)'
11.2094 	EXP 	videogameChoice: color = 'green (named)'
11.2261 	EXP 	videogameChoice: color = 'green (named)'
11.2428 	EXP 	videogameChoice: color = 'green (named)'
11.2596 	EXP 	videogameChoice: color = 'green (named)'
11.2765 	EXP 	videogameChoice: color = 'green (named)'
11.2926 	EXP 	videogameChoice: color = 'green (named)'
11.3095 	EXP 	videogameChoice: color = 'green (named)'
11.3262 	EXP 	videogameChoice: color = 'green (named)'
11.3426 	EXP 	videogameChoice: color = 'green (named)'
11.3598 	EXP 	videogameChoice: color = 'green (named)'
11.3765 	EXP 	videogameChoice: color = 'green (named)'
11.3930 	EXP 	videogameChoice: color = 'green (named)'
11.4094 	EXP 	videogameChoice: color = 'green (named)'
11.4260 	EXP 	videogameChoice: color = 'green (named)'
11.4428 	EXP 	videogameChoice: color = 'green (named)'
11.4598 	EXP 	videogameChoice: color = 'green (named)'
11.4761 	EXP 	videogameChoice: color = 'green (named)'
11.4926 	EXP 	videogameChoice: color = 'green (named)'
11.5094 	EXP 	videogameChoice: color = 'green (named)'
11.5261 	EXP 	videogameChoice: color = 'green (named)'
11.5427 	EXP 	videogameChoice: color = 'green (named)'
11.5593 	EXP 	videogameChoice: color = 'green (named)'
11.5761 	EXP 	videogameChoice: color = 'green (named)'
11.5928 	EXP 	videogameChoice: color = 'green (named)'
11.6093 	EXP 	videogameChoice: color = 'green (named)'
11.6261 	EXP 	videogameChoice: color = 'green (named)'
11.6427 	EXP 	videogameChoice: color = 'green (named)'
11.6594 	EXP 	videogameChoice: color = 'green (named)'
11.6760 	EXP 	videogameChoice: color = 'green (named)'
11.6926 	EXP 	videogameChoice: color = 'green (named)'
11.6926 	EXP 	blank: autoDraw = False
11.7169 	EXP 	Imported RowsExcel.xlsx as conditions, 5 conditions, 1 params
11.7171 	EXP 	Created sequence: random, trialTypes=5, nReps=0, seed=None
11.7174 	EXP 	Created sequence: random, trialTypes=1, nReps=1, seed=None
11.7178 	EXP 	New trial (rep=0, index=0): None
11.7269 	EXP 	choiceQ: autoDraw = False
11.7269 	EXP 	testChoice: autoDraw = False
11.7269 	EXP 	videogameChoice: autoDraw = False
11.7269 	EXP 	gre: autoDraw = False
11.7269 	EXP 	gmat: autoDraw = False
11.7269 	EXP 	lsat: autoDraw = False
11.7269 	EXP 	game: autoDraw = False
11.7269 	EXP 	videogameChoice: color = 'green (named)'
11.7269 	EXP 	choiceQ: autoDraw = False
11.7269 	EXP 	testChoice: autoDraw = False
11.7269 	EXP 	videogameChoice: autoDraw = False
11.7269 	EXP 	gre: autoDraw = False
11.7269 	EXP 	gmat: autoDraw = False
11.7269 	EXP 	lsat: autoDraw = False
11.7269 	EXP 	game: autoDraw = False
11.7269 	EXP 	blank: autoDraw = False
11.7269 	EXP 	videogameChoice: color = 'white (named)'
11.7269 	EXP 	testChoice: color = 'white (named)'
11.7269 	EXP 	choiceQ: autoDraw = False
11.7269 	EXP 	testChoice: autoDraw = False
11.7269 	EXP 	videogameChoice: autoDraw = False
11.7269 	EXP 	gre: autoDraw = False
11.7269 	EXP 	gmat: autoDraw = False
11.7269 	EXP 	lsat: autoDraw = False
11.7269 	EXP 	gameInstructions: autoDraw = True
12.8003 	EXP 	window1: mouseVisible = True
