4.3761 	WARNING 	User requested fullscreen with size [1024  768], but screen is actually [1920, 1080]. Using actual size
5.6628 	EXP 	Created window1 = Window(allowGUI=False, allowStencil=False, args=UNKNOWN, autoLog=True, bitsMode=UNKNOWN, blendMode='avg', color=array([0., 0., 0.]), colorSpace='rgb', fullscr=<method-wrapper '__getattribute__' of attributeSetter object at 0x000002A756737B00>, gamma=None, gammaErrorPolicy='raise', kwargs=UNKNOWN, lms=UNKNOWN, monitor=<psychopy.monitors.calibTools.Monitor object at 0x000002A7567CAC88>, multiSample=False, name='window1', numSamples=2, pos=[0.0, 0.0], screen=0, size=array([1920, 1080]), stereo=False, units='height', useFBO=True, useRetina=False, viewOri=0.0, viewPos=None, viewScale=None, waitBlanking=True, winType='pyglet')
5.6629 	EXP 	window1: recordFrameIntervals = False
5.8280 	EXP 	window1: recordFrameIntervals = True
6.0117 	EXP 	window1: recordFrameIntervals = False
6.8480 	EXP 	Created instruct = TextStim(__class__=<class 'psychopy.visual.text.TextStim'>, alignHoriz='center', alignVert='center', antialias=True, autoLog=True, bold=False, color='white', colorSpace='named', contrast=1.0, depth=0.0, flipHoriz=False, flipVert=False, font='Arial', fontFiles=[], height=0.05, italic=False, languageStyle='LTR', name='instruct', opacity=1.0, ori=0, pos=array([0., 0.]), rgb=array([255., 255., 255.]), text=str(...), units='height', win=Window(...), wrapWidth=1.4)
6.8799 	EXP 	Created regCue = TextStim(__class__=<class 'psychopy.visual.text.TextStim'>, alignHoriz='center', alignVert='center', antialias=True, autoLog=True, bold=False, color='white', colorSpace='named', contrast=1.0, depth=0.0, flipHoriz=False, flipVert=False, font='Arial', fontFiles=[], height=0.1, italic=False, languageStyle='LTR', name='regCue', opacity=1.0, ori=0, pos=array([0., 0.]), rgb=array([255., 255., 255.]), text='REGULATE', units='height', win=Window(...), wrapWidth=1)
6.9328 	EXP 	Created choiceQ = TextStim(__class__=<class 'psychopy.visual.text.TextStim'>, alignHoriz='center', alignVert='center', antialias=True, autoLog=True, bold=False, color='white', colorSpace='named', contrast=1.0, depth=0.0, flipHoriz=False, flipVert=False, font='Arial', fontFiles=[], height=0.05, italic=False, languageStyle='LTR', name='choiceQ', opacity=1.0, ori=0, pos=array([0.  , 0.35]), rgb=array([255., 255., 255.]), text=str(...), units='height', win=Window(...), wrapWidth=1.4)
6.9690 	EXP 	Created testChoice = TextStim(__class__=<class 'psychopy.visual.text.TextStim'>, alignHoriz='center', alignVert='center', antialias=True, autoLog=True, bold=False, color='white', colorSpace='named', contrast=1.0, depth=-2.0, flipHoriz=False, flipVert=False, font='Arial', fontFiles=[], height=0.04, italic=False, languageStyle='LTR', name='testChoice', opacity=1.0, ori=0, pos=array([-0.41,  0.15]), rgb=array([255., 255., 255.]), text='Practice Standardized Test Questions', units='height', win=Window(...), wrapWidth=1)
6.9853 	EXP 	Created videogameChoice = TextStim(__class__=<class 'psychopy.visual.text.TextStim'>, alignHoriz='center', alignVert='center', antialias=True, autoLog=True, bold=False, color='white', colorSpace='named', contrast=1.0, depth=-3.0, flipHoriz=False, flipVert=False, font='Arial', fontFiles=[], height=0.04, italic=False, languageStyle='LTR', name='videogameChoice', opacity=1.0, ori=0, pos=array([0.41, 0.15]), rgb=array([255., 255., 255.]), text='Play a Videogame', units='height', win=Window(...), wrapWidth=1)
6.9949 	EXP 	Created gre = ImageStim(__class__=<class 'psychopy.visual.image.ImageStim'>, autoLog=True, color=array([1., 1., 1.]), colorSpace='rgb', contrast=1.0, depth=-4.0, flipHoriz=False, flipVert=False, image='gre.png', interpolate=True, mask=None, maskParams=None, name='gre', opacity=1.0, ori=0.0, pos=array([-0.41,  0.02]), size=array([0.3  , 0.105]), texRes=128, units='height', win=Window(...))
7.0019 	EXP 	Created gmat = ImageStim(__class__=<class 'psychopy.visual.image.ImageStim'>, autoLog=True, color=array([1., 1., 1.]), colorSpace='rgb', contrast=1.0, depth=-5.0, flipHoriz=False, flipVert=False, image='gmat.png', interpolate=True, mask=None, maskParams=None, name='gmat', opacity=1.0, ori=0.0, pos=array([-0.41, -0.13]), size=array([0.3 , 0.11]), texRes=128, units='height', win=Window(...))
7.0065 	EXP 	Created lsat = ImageStim(__class__=<class 'psychopy.visual.image.ImageStim'>, autoLog=True, color=array([1., 1., 1.]), colorSpace='rgb', contrast=1.0, depth=-6.0, flipHoriz=False, flipVert=False, image='lsat.png', interpolate=True, mask=None, maskParams=None, name='lsat', opacity=1.0, ori=0.0, pos=array([-0.41, -0.27]), size=array([0.3 , 0.11]), texRes=128, units='height', win=Window(...))
7.0347 	EXP 	Created game = ImageStim(__class__=<class 'psychopy.visual.image.ImageStim'>, autoLog=True, color=array([1., 1., 1.]), colorSpace='rgb', contrast=1.0, depth=-7.0, flipHoriz=False, flipVert=False, image='game.png', interpolate=True, mask=None, maskParams=None, name='game', opacity=1.0, ori=0.0, pos=array([ 0.41, -0.19]), size=array([0.4, 0.5]), texRes=128, units='height', win=Window(...))
7.0357 	EXP 	Created blank = TextStim(__class__=<class 'psychopy.visual.text.TextStim'>, alignHoriz='center', alignVert='center', antialias=True, autoLog=True, bold=False, color='white', colorSpace='named', contrast=1.0, depth=-9.0, flipHoriz=False, flipVert=False, font='Arial', fontFiles=[], height=0.1, italic=False, languageStyle='LTR', name='blank', opacity=1.0, ori=0, pos=array([0., 0.]), rgb=array([255., 255., 255.]), text='', units='height', win=Window(...), wrapWidth=1)
7.0971 	EXP 	Created testQChoice = TextStim(__class__=<class 'psychopy.visual.text.TextStim'>, alignHoriz='center', alignVert='center', antialias=True, autoLog=True, bold=False, color='white', colorSpace='named', contrast=1.0, depth=0.0, flipHoriz=False, flipVert=False, font='Arial', fontFiles=[], height=0.055, italic=False, languageStyle='LTR', name='testQChoice', opacity=1.0, ori=0, pos=array([0.  , 0.35]), rgb=array([255., 255., 255.]), text=str(...), units='height', win=Window(...), wrapWidth=1.3)
7.1039 	EXP 	Created image = ImageStim(__class__=<class 'psychopy.visual.image.ImageStim'>, autoLog=True, color=array([1., 1., 1.]), colorSpace='rgb', contrast=1.0, depth=-1.0, flipHoriz=False, flipVert=False, image='gre.png', interpolate=True, mask=None, maskParams=None, name='image', opacity=1.0, ori=0.0, pos=array([0.   , 0.105]), size=array([0.3 , 0.11]), texRes=128, units='height', win=Window(...))
7.1078 	EXP 	Created image_2 = ImageStim(__class__=<class 'psychopy.visual.image.ImageStim'>, autoLog=True, color=array([1., 1., 1.]), colorSpace='rgb', contrast=1.0, depth=-2.0, flipHoriz=False, flipVert=False, image='gmat.png', interpolate=True, mask=None, maskParams=None, name='image_2', opacity=1.0, ori=0.0, pos=array([ 0.  , -0.05]), size=array([0.3 , 0.11]), texRes=128, units='height', win=Window(...))
7.1108 	EXP 	Created image_3 = ImageStim(__class__=<class 'psychopy.visual.image.ImageStim'>, autoLog=True, color=array([1., 1., 1.]), colorSpace='rgb', contrast=1.0, depth=-3.0, flipHoriz=False, flipVert=False, image='lsat.png', interpolate=True, mask=None, maskParams=None, name='image_3', opacity=1.0, ori=0.0, pos=array([ 0. , -0.2]), size=array([0.3 , 0.11]), texRes=128, units='height', win=Window(...))
7.1134 	EXP 	Created polygon = Rect(__class__=<class 'psychopy.visual.rect.Rect'>, autoDraw=False, autoLog=True, closeShape=True, color=method-wrapper(...), colorSpace=None, contrast=1.0, depth=-5.0, fillColor=None, fillColorSpace='rgb', fillRGB=None, interpolate=True, lineColor=array([-1., -1., -1.]), lineColorSpace='rgb', lineRGB=array([-1., -1., -1.]), lineWidth=1.0, name='polygon', opacity=1.0, ori=array(1.), pos=array([0., 0.]), size=array([1., 1.]), units='height', vertices=ndarray(...), win=Window(...))
7.1320 	EXP 	Created TextQuestion = TextStim(__class__=<class 'psychopy.visual.text.TextStim'>, alignHoriz='center', alignVert='center', antialias=True, autoLog=True, bold=False, color='white', colorSpace='named', contrast=1.0, depth=0.0, flipHoriz=False, flipVert=False, font='Arial', fontFiles=[], height=0.028, italic=False, languageStyle='LTR', name='TextQuestion', opacity=1.0, ori=0, pos=array([0.  , 0.35]), rgb=array([255., 255., 255.]), text='default text', units='height', win=Window(...), wrapWidth=1.45)
7.1480 	EXP 	Created choiceA = TextStim(__class__=<class 'psychopy.visual.text.TextStim'>, alignHoriz='center', alignVert='center', antialias=True, autoLog=True, bold=False, color='white', colorSpace='named', contrast=1.0, depth=-3.0, flipHoriz=False, flipVert=False, font='Arial', fontFiles=[], height=0.026, italic=False, languageStyle='LTR', name='choiceA', opacity=1.0, ori=0, pos=array([0., 0.]), rgb=array([255., 255., 255.]), text='default text', units='height', win=Window(...), wrapWidth=1.4)
7.1553 	EXP 	Created choiceB = TextStim(__class__=<class 'psychopy.visual.text.TextStim'>, alignHoriz='center', alignVert='center', antialias=True, autoLog=True, bold=False, color='white', colorSpace='named', contrast=1.0, depth=-4.0, flipHoriz=False, flipVert=False, font='Arial', fontFiles=[], height=0.026, italic=False, languageStyle='LTR', name='choiceB', opacity=1.0, ori=0, pos=array([ 0. , -0.1]), rgb=array([255., 255., 255.]), text='default text', units='height', win=Window(...), wrapWidth=1.4)
7.1647 	EXP 	Created choiceC = TextStim(__class__=<class 'psychopy.visual.text.TextStim'>, alignHoriz='center', alignVert='center', antialias=True, autoLog=True, bold=False, color='white', colorSpace='named', contrast=1.0, depth=-5.0, flipHoriz=False, flipVert=False, font='Arial', fontFiles=[], height=0.026, italic=False, languageStyle='LTR', name='choiceC', opacity=1.0, ori=0, pos=array([ 0. , -0.2]), rgb=array([255., 255., 255.]), text='default text', units='height', win=Window(...), wrapWidth=1.4)
7.1762 	EXP 	Created choiceD = TextStim(__class__=<class 'psychopy.visual.text.TextStim'>, alignHoriz='center', alignVert='center', antialias=True, autoLog=True, bold=False, color='white', colorSpace='named', contrast=1.0, depth=-6.0, flipHoriz=False, flipVert=False, font='Arial', fontFiles=[], height=0.026, italic=False, languageStyle='LTR', name='choiceD', opacity=1.0, ori=0, pos=array([ 0. , -0.3]), rgb=array([255., 255., 255.]), text='default text', units='height', win=Window(...), wrapWidth=1.4)
7.1877 	EXP 	Created choiceE = TextStim(__class__=<class 'psychopy.visual.text.TextStim'>, alignHoriz='center', alignVert='center', antialias=True, autoLog=True, bold=False, color='white', colorSpace='named', contrast=1.0, depth=-7.0, flipHoriz=False, flipVert=False, font='Arial', fontFiles=[], height=0.026, italic=False, languageStyle='LTR', name='choiceE', opacity=1.0, ori=0, pos=array([ 0. , -0.4]), rgb=array([255., 255., 255.]), text='default text', units='height', win=Window(...), wrapWidth=1.4)
7.1895 	EXP 	Created conBlank = TextStim(__class__=<class 'psychopy.visual.text.TextStim'>, alignHoriz='center', alignVert='center', antialias=True, autoLog=True, bold=False, color='white', colorSpace='named', contrast=1.0, depth=-9.0, flipHoriz=False, flipVert=False, font='Arial', fontFiles=[], height=0.1, italic=False, languageStyle='LTR', name='conBlank', opacity=1.0, ori=0, pos=array([0., 0.]), rgb=array([255., 255., 255.]), text='', units='height', win=Window(...), wrapWidth=1)
7.3552 	EXP 	Created gameInstructions = TextStim(__class__=<class 'psychopy.visual.text.TextStim'>, alignHoriz='center', alignVert='center', antialias=True, autoLog=True, bold=False, color='white', colorSpace='named', contrast=1.0, depth=0.0, flipHoriz=False, flipVert=False, font='Arial', fontFiles=[], height=0.07, italic=False, languageStyle='LTR', name='gameInstructions', opacity=1.0, ori=0, pos=array([0., 0.]), rgb=array([255., 255., 255.]), text=str(...), units='height', win=Window(...), wrapWidth=1)
8.6998 	EXP 	instruct: autoDraw = True
9.4172 	DATA 	Keypress: space
9.4330 	EXP 	Created sequence: sequential, trialTypes=1, nReps=5, seed=None
9.4339 	EXP 	New trial (rep=0, index=0): None
9.4476 	EXP 	instruct: autoDraw = False
9.4476 	EXP 	regCue: autoDraw = True
12.4685 	EXP 	regCue: autoDraw = False
12.4685 	EXP 	blank: text = ''
12.4685 	EXP 	choiceQ: autoDraw = True
12.4685 	EXP 	testChoice: autoDraw = True
12.4685 	EXP 	videogameChoice: autoDraw = True
12.4685 	EXP 	gre: autoDraw = True
12.4685 	EXP 	gmat: autoDraw = True
12.4685 	EXP 	lsat: autoDraw = True
12.4685 	EXP 	game: autoDraw = True
14.0039 	DATA 	Keypress: 2
14.0132 	EXP 	videogameChoice: color = 'green (named)'
14.0132 	EXP 	blank: autoDraw = True
14.0285 	EXP 	videogameChoice: color = 'green (named)'
14.0442 	EXP 	videogameChoice: color = 'green (named)'
14.0609 	EXP 	videogameChoice: color = 'green (named)'
14.0776 	EXP 	videogameChoice: color = 'green (named)'
14.0942 	EXP 	videogameChoice: color = 'green (named)'
14.1109 	EXP 	videogameChoice: color = 'green (named)'
14.1277 	EXP 	videogameChoice: color = 'green (named)'
14.1443 	EXP 	videogameChoice: color = 'green (named)'
14.1609 	EXP 	videogameChoice: color = 'green (named)'
14.1774 	EXP 	videogameChoice: color = 'green (named)'
14.1942 	EXP 	videogameChoice: color = 'green (named)'
14.2110 	EXP 	videogameChoice: color = 'green (named)'
14.2275 	EXP 	videogameChoice: color = 'green (named)'
14.2442 	EXP 	videogameChoice: color = 'green (named)'
14.2610 	EXP 	videogameChoice: color = 'green (named)'
14.2778 	EXP 	videogameChoice: color = 'green (named)'
14.2943 	EXP 	videogameChoice: color = 'green (named)'
14.3109 	EXP 	videogameChoice: color = 'green (named)'
14.3274 	EXP 	videogameChoice: color = 'green (named)'
14.3442 	EXP 	videogameChoice: color = 'green (named)'
14.3609 	EXP 	videogameChoice: color = 'green (named)'
14.3774 	EXP 	videogameChoice: color = 'green (named)'
14.3942 	EXP 	videogameChoice: color = 'green (named)'
14.4113 	EXP 	videogameChoice: color = 'green (named)'
14.4276 	EXP 	videogameChoice: color = 'green (named)'
14.4441 	EXP 	videogameChoice: color = 'green (named)'
14.4601 	EXP 	videogameChoice: color = 'green (named)'
14.4766 	EXP 	videogameChoice: color = 'green (named)'
14.4934 	EXP 	videogameChoice: color = 'green (named)'
14.5103 	EXP 	videogameChoice: color = 'green (named)'
14.5275 	EXP 	videogameChoice: color = 'green (named)'
14.5442 	EXP 	videogameChoice: color = 'green (named)'
14.5609 	EXP 	videogameChoice: color = 'green (named)'
14.5775 	EXP 	videogameChoice: color = 'green (named)'
14.5942 	EXP 	videogameChoice: color = 'green (named)'
14.6108 	EXP 	videogameChoice: color = 'green (named)'
14.6275 	EXP 	videogameChoice: color = 'green (named)'
14.6447 	EXP 	videogameChoice: color = 'green (named)'
14.6613 	EXP 	videogameChoice: color = 'green (named)'
14.6776 	EXP 	videogameChoice: color = 'green (named)'
14.6942 	EXP 	videogameChoice: color = 'green (named)'
14.7111 	EXP 	videogameChoice: color = 'green (named)'
14.7278 	EXP 	videogameChoice: color = 'green (named)'
14.7445 	EXP 	videogameChoice: color = 'green (named)'
14.7610 	EXP 	videogameChoice: color = 'green (named)'
14.7777 	EXP 	videogameChoice: color = 'green (named)'
14.7943 	EXP 	videogameChoice: color = 'green (named)'
14.8111 	EXP 	videogameChoice: color = 'green (named)'
14.8277 	EXP 	videogameChoice: color = 'green (named)'
14.8441 	EXP 	videogameChoice: color = 'green (named)'
14.8609 	EXP 	videogameChoice: color = 'green (named)'
14.8775 	EXP 	videogameChoice: color = 'green (named)'
14.8948 	EXP 	videogameChoice: color = 'green (named)'
14.9111 	EXP 	videogameChoice: color = 'green (named)'
14.9277 	EXP 	videogameChoice: color = 'green (named)'
14.9446 	EXP 	videogameChoice: color = 'green (named)'
14.9610 	EXP 	videogameChoice: color = 'green (named)'
14.9778 	EXP 	videogameChoice: color = 'green (named)'
14.9944 	EXP 	videogameChoice: color = 'green (named)'
15.0111 	EXP 	videogameChoice: color = 'green (named)'
15.0279 	EXP 	videogameChoice: color = 'green (named)'
15.0444 	EXP 	videogameChoice: color = 'green (named)'
15.0610 	EXP 	videogameChoice: color = 'green (named)'
15.0777 	EXP 	videogameChoice: color = 'green (named)'
15.0943 	EXP 	videogameChoice: color = 'green (named)'
15.1112 	EXP 	videogameChoice: color = 'green (named)'
15.1277 	EXP 	videogameChoice: color = 'green (named)'
15.1445 	EXP 	videogameChoice: color = 'green (named)'
15.1613 	EXP 	videogameChoice: color = 'green (named)'
15.1776 	EXP 	videogameChoice: color = 'green (named)'
15.1944 	EXP 	videogameChoice: color = 'green (named)'
15.2112 	EXP 	videogameChoice: color = 'green (named)'
15.2277 	EXP 	videogameChoice: color = 'green (named)'
15.2445 	EXP 	videogameChoice: color = 'green (named)'
15.2611 	EXP 	videogameChoice: color = 'green (named)'
15.2783 	EXP 	videogameChoice: color = 'green (named)'
15.2944 	EXP 	videogameChoice: color = 'green (named)'
15.3112 	EXP 	videogameChoice: color = 'green (named)'
15.3278 	EXP 	videogameChoice: color = 'green (named)'
15.3444 	EXP 	videogameChoice: color = 'green (named)'
15.3611 	EXP 	videogameChoice: color = 'green (named)'
15.3775 	EXP 	videogameChoice: color = 'green (named)'
15.3942 	EXP 	videogameChoice: color = 'green (named)'
15.4108 	EXP 	videogameChoice: color = 'green (named)'
15.4277 	EXP 	videogameChoice: color = 'green (named)'
15.4444 	EXP 	videogameChoice: color = 'green (named)'
15.4611 	EXP 	videogameChoice: color = 'green (named)'
15.4778 	EXP 	videogameChoice: color = 'green (named)'
15.4945 	EXP 	videogameChoice: color = 'green (named)'
15.5112 	EXP 	videogameChoice: color = 'green (named)'
15.5282 	EXP 	videogameChoice: color = 'green (named)'
15.5282 	EXP 	blank: autoDraw = False
15.6000 	EXP 	Imported RowsExcel.xlsx as conditions, 5 conditions, 1 params
15.6003 	EXP 	Created sequence: random, trialTypes=5, nReps=0, seed=None
15.6008 	EXP 	Created sequence: random, trialTypes=1, nReps=1, seed=None
15.6012 	EXP 	New trial (rep=0, index=0): None
15.6085 	EXP 	choiceQ: autoDraw = False
15.6085 	EXP 	testChoice: autoDraw = False
15.6085 	EXP 	videogameChoice: autoDraw = False
15.6085 	EXP 	gre: autoDraw = False
15.6085 	EXP 	gmat: autoDraw = False
15.6085 	EXP 	lsat: autoDraw = False
15.6085 	EXP 	game: autoDraw = False
15.6085 	EXP 	videogameChoice: color = 'green (named)'
15.6085 	EXP 	choiceQ: autoDraw = False
15.6085 	EXP 	testChoice: autoDraw = False
15.6085 	EXP 	videogameChoice: autoDraw = False
15.6085 	EXP 	gre: autoDraw = False
15.6085 	EXP 	gmat: autoDraw = False
15.6085 	EXP 	lsat: autoDraw = False
15.6085 	EXP 	game: autoDraw = False
15.6085 	EXP 	blank: autoDraw = False
15.6085 	EXP 	videogameChoice: color = 'white (named)'
15.6085 	EXP 	testChoice: color = 'white (named)'
15.6085 	EXP 	choiceQ: autoDraw = False
15.6085 	EXP 	testChoice: autoDraw = False
15.6085 	EXP 	videogameChoice: autoDraw = False
15.6085 	EXP 	gre: autoDraw = False
15.6085 	EXP 	gmat: autoDraw = False
15.6085 	EXP 	lsat: autoDraw = False
15.6599 	EXP 	gameInstructions: autoDraw = True
17.6354 	EXP 	Created sequence: random, trialTypes=1, nReps=5, seed=None
17.6361 	EXP 	New trial (rep=0, index=0): None
17.7101 	EXP 	window1: mouseVisible = True
