91.4639 	WARNING 	User requested fullscreen with size [1024  768], but screen is actually [1920, 1200]. Using actual size
92.8309 	EXP 	Created window1 = Window(allowGUI=False, allowStencil=False, args=UNKNOWN, autoLog=True, bitsMode=UNKNOWN, blendMode='avg', color=array([0., 0., 0.]), colorSpace='rgb', fullscr=<method-wrapper '__getattribute__' of attributeSetter object at 0x000001E4777B2BE0>, gamma=None, gammaErrorPolicy='raise', kwargs=UNKNOWN, lms=UNKNOWN, monitor=<psychopy.monitors.calibTools.Monitor object at 0x000001E47755F8D0>, multiSample=False, name='window1', numSamples=2, pos=[0.0, 0.0], screen=0, size=array([1920, 1200]), stereo=False, units='height', useFBO=True, useRetina=False, viewOri=0.0, viewPos=None, viewScale=None, waitBlanking=True, winType='pyglet')
92.8309 	EXP 	window1: recordFrameIntervals = False
92.9967 	EXP 	window1: recordFrameIntervals = True
93.1802 	EXP 	window1: recordFrameIntervals = False
93.4020 	EXP 	Created instruct = TextStim(__class__=<class 'psychopy.visual.text.TextStim'>, alignHoriz='center', alignVert='center', antialias=True, autoLog=True, bold=False, color='white', colorSpace='named', contrast=1.0, depth=0.0, flipHoriz=False, flipVert=False, font='Arial', fontFiles=[], height=0.05, italic=False, languageStyle='LTR', name='instruct', opacity=1.0, ori=0, pos=array([0., 0.]), rgb=array([255., 255., 255.]), text=str(...), units='height', win=Window(...), wrapWidth=1.4)
93.4204 	EXP 	Created regCue = TextStim(__class__=<class 'psychopy.visual.text.TextStim'>, alignHoriz='center', alignVert='center', antialias=True, autoLog=True, bold=False, color='white', colorSpace='named', contrast=1.0, depth=0.0, flipHoriz=False, flipVert=False, font='Arial', fontFiles=[], height=0.1, italic=False, languageStyle='LTR', name='regCue', opacity=1.0, ori=0, pos=array([0., 0.]), rgb=array([255., 255., 255.]), text='REGULATE', units='height', win=Window(...), wrapWidth=1)
93.4369 	EXP 	Created choiceQ = TextStim(__class__=<class 'psychopy.visual.text.TextStim'>, alignHoriz='center', alignVert='center', antialias=True, autoLog=True, bold=False, color='white', colorSpace='named', contrast=1.0, depth=0.0, flipHoriz=False, flipVert=False, font='Arial', fontFiles=[], height=0.05, italic=False, languageStyle='LTR', name='choiceQ', opacity=1.0, ori=0, pos=array([0.  , 0.35]), rgb=array([255., 255., 255.]), text=str(...), units='height', win=Window(...), wrapWidth=1.4)
93.4515 	EXP 	Created testChoice = TextStim(__class__=<class 'psychopy.visual.text.TextStim'>, alignHoriz='center', alignVert='center', antialias=True, autoLog=True, bold=False, color='white', colorSpace='named', contrast=1.0, depth=-2.0, flipHoriz=False, flipVert=False, font='Arial', fontFiles=[], height=0.04, italic=False, languageStyle='LTR', name='testChoice', opacity=1.0, ori=0, pos=array([-0.41,  0.15]), rgb=array([255., 255., 255.]), text='Practice Standardized Test Questions', units='height', win=Window(...), wrapWidth=1)
93.4575 	EXP 	Created videogameChoice = TextStim(__class__=<class 'psychopy.visual.text.TextStim'>, alignHoriz='center', alignVert='center', antialias=True, autoLog=True, bold=False, color='white', colorSpace='named', contrast=1.0, depth=-3.0, flipHoriz=False, flipVert=False, font='Arial', fontFiles=[], height=0.04, italic=False, languageStyle='LTR', name='videogameChoice', opacity=1.0, ori=0, pos=array([0.41, 0.15]), rgb=array([255., 255., 255.]), text='Play a Videogame', units='height', win=Window(...), wrapWidth=1)
93.4699 	EXP 	Created gre = ImageStim(__class__=<class 'psychopy.visual.image.ImageStim'>, autoLog=True, color=array([1., 1., 1.]), colorSpace='rgb', contrast=1.0, depth=-4.0, flipHoriz=False, flipVert=False, image='gre.png', interpolate=True, mask=None, maskParams=None, name='gre', opacity=1.0, ori=0.0, pos=array([-0.41,  0.02]), size=array([0.3  , 0.105]), texRes=128, units='height', win=Window(...))
93.4780 	EXP 	Created gmat = ImageStim(__class__=<class 'psychopy.visual.image.ImageStim'>, autoLog=True, color=array([1., 1., 1.]), colorSpace='rgb', contrast=1.0, depth=-5.0, flipHoriz=False, flipVert=False, image='gmat.png', interpolate=True, mask=None, maskParams=None, name='gmat', opacity=1.0, ori=0.0, pos=array([-0.41, -0.13]), size=array([0.3 , 0.11]), texRes=128, units='height', win=Window(...))
93.4798 	EXP 	Created lsat = ImageStim(__class__=<class 'psychopy.visual.image.ImageStim'>, autoLog=True, color=array([1., 1., 1.]), colorSpace='rgb', contrast=1.0, depth=-6.0, flipHoriz=False, flipVert=False, image='lsat.png', interpolate=True, mask=None, maskParams=None, name='lsat', opacity=1.0, ori=0.0, pos=array([-0.41, -0.27]), size=array([0.3 , 0.11]), texRes=128, units='height', win=Window(...))
93.5168 	EXP 	Created game = ImageStim(__class__=<class 'psychopy.visual.image.ImageStim'>, autoLog=True, color=array([1., 1., 1.]), colorSpace='rgb', contrast=1.0, depth=-7.0, flipHoriz=False, flipVert=False, image='game.png', interpolate=True, mask=None, maskParams=None, name='game', opacity=1.0, ori=0.0, pos=array([ 0.41, -0.19]), size=array([0.4, 0.5]), texRes=128, units='height', win=Window(...))
93.5173 	EXP 	Created blank = TextStim(__class__=<class 'psychopy.visual.text.TextStim'>, alignHoriz='center', alignVert='center', antialias=True, autoLog=True, bold=False, color='white', colorSpace='named', contrast=1.0, depth=-9.0, flipHoriz=False, flipVert=False, font='Arial', fontFiles=[], height=0.1, italic=False, languageStyle='LTR', name='blank', opacity=1.0, ori=0, pos=array([0., 0.]), rgb=array([255., 255., 255.]), text='', units='height', win=Window(...), wrapWidth=1)
93.5509 	EXP 	Created testQChoice = TextStim(__class__=<class 'psychopy.visual.text.TextStim'>, alignHoriz='center', alignVert='center', antialias=True, autoLog=True, bold=False, color='white', colorSpace='named', contrast=1.0, depth=0.0, flipHoriz=False, flipVert=False, font='Arial', fontFiles=[], height=0.055, italic=False, languageStyle='LTR', name='testQChoice', opacity=1.0, ori=0, pos=array([0.  , 0.35]), rgb=array([255., 255., 255.]), text=str(...), units='height', win=Window(...), wrapWidth=1.3)
93.5590 	EXP 	Created image = ImageStim(__class__=<class 'psychopy.visual.image.ImageStim'>, autoLog=True, color=array([1., 1., 1.]), colorSpace='rgb', contrast=1.0, depth=-1.0, flipHoriz=False, flipVert=False, image='gre.png', interpolate=True, mask=None, maskParams=None, name='image', opacity=1.0, ori=0.0, pos=array([0.   , 0.105]), size=array([0.3 , 0.11]), texRes=128, units='height', win=Window(...))
93.5642 	EXP 	Created image_2 = ImageStim(__class__=<class 'psychopy.visual.image.ImageStim'>, autoLog=True, color=array([1., 1., 1.]), colorSpace='rgb', contrast=1.0, depth=-2.0, flipHoriz=False, flipVert=False, image='gmat.png', interpolate=True, mask=None, maskParams=None, name='image_2', opacity=1.0, ori=0.0, pos=array([ 0.  , -0.05]), size=array([0.3 , 0.11]), texRes=128, units='height', win=Window(...))
93.5657 	EXP 	Created image_3 = ImageStim(__class__=<class 'psychopy.visual.image.ImageStim'>, autoLog=True, color=array([1., 1., 1.]), colorSpace='rgb', contrast=1.0, depth=-3.0, flipHoriz=False, flipVert=False, image='lsat.png', interpolate=True, mask=None, maskParams=None, name='image_3', opacity=1.0, ori=0.0, pos=array([ 0. , -0.2]), size=array([0.3 , 0.11]), texRes=128, units='height', win=Window(...))
93.5675 	EXP 	Created polygon = Rect(__class__=<class 'psychopy.visual.rect.Rect'>, autoDraw=False, autoLog=True, closeShape=True, color=method-wrapper(...), colorSpace=None, contrast=1.0, depth=-5.0, fillColor=None, fillColorSpace='rgb', fillRGB=None, interpolate=True, lineColor=array([-1., -1., -1.]), lineColorSpace='rgb', lineRGB=array([-1., -1., -1.]), lineWidth=1.0, name='polygon', opacity=1.0, ori=array(1.), pos=array([0., 0.]), size=array([1., 1.]), units='height', vertices=ndarray(...), win=Window(...))
93.5793 	EXP 	Created TextQuestion = TextStim(__class__=<class 'psychopy.visual.text.TextStim'>, alignHoriz='center', alignVert='center', antialias=True, autoLog=True, bold=False, color='white', colorSpace='named', contrast=1.0, depth=0.0, flipHoriz=False, flipVert=False, font='Arial', fontFiles=[], height=0.028, italic=False, languageStyle='LTR', name='TextQuestion', opacity=1.0, ori=0, pos=array([0.  , 0.35]), rgb=array([255., 255., 255.]), text='default text', units='height', win=Window(...), wrapWidth=1.45)
93.5874 	EXP 	Created choiceA = TextStim(__class__=<class 'psychopy.visual.text.TextStim'>, alignHoriz='center', alignVert='center', antialias=True, autoLog=True, bold=False, color='white', colorSpace='named', contrast=1.0, depth=-3.0, flipHoriz=False, flipVert=False, font='Arial', fontFiles=[], height=0.026, italic=False, languageStyle='LTR', name='choiceA', opacity=1.0, ori=0, pos=array([0., 0.]), rgb=array([255., 255., 255.]), text='default text', units='height', win=Window(...), wrapWidth=1.4)
93.5904 	EXP 	Created choiceB = TextStim(__class__=<class 'psychopy.visual.text.TextStim'>, alignHoriz='center', alignVert='center', antialias=True, autoLog=True, bold=False, color='white', colorSpace='named', contrast=1.0, depth=-4.0, flipHoriz=False, flipVert=False, font='Arial', fontFiles=[], height=0.026, italic=False, languageStyle='LTR', name='choiceB', opacity=1.0, ori=0, pos=array([ 0. , -0.1]), rgb=array([255., 255., 255.]), text='default text', units='height', win=Window(...), wrapWidth=1.4)
93.5933 	EXP 	Created choiceC = TextStim(__class__=<class 'psychopy.visual.text.TextStim'>, alignHoriz='center', alignVert='center', antialias=True, autoLog=True, bold=False, color='white', colorSpace='named', contrast=1.0, depth=-5.0, flipHoriz=False, flipVert=False, font='Arial', fontFiles=[], height=0.026, italic=False, languageStyle='LTR', name='choiceC', opacity=1.0, ori=0, pos=array([ 0. , -0.2]), rgb=array([255., 255., 255.]), text='default text', units='height', win=Window(...), wrapWidth=1.4)
93.5963 	EXP 	Created choiceD = TextStim(__class__=<class 'psychopy.visual.text.TextStim'>, alignHoriz='center', alignVert='center', antialias=True, autoLog=True, bold=False, color='white', colorSpace='named', contrast=1.0, depth=-6.0, flipHoriz=False, flipVert=False, font='Arial', fontFiles=[], height=0.026, italic=False, languageStyle='LTR', name='choiceD', opacity=1.0, ori=0, pos=array([ 0. , -0.3]), rgb=array([255., 255., 255.]), text='default text', units='height', win=Window(...), wrapWidth=1.4)
93.5993 	EXP 	Created choiceE = TextStim(__class__=<class 'psychopy.visual.text.TextStim'>, alignHoriz='center', alignVert='center', antialias=True, autoLog=True, bold=False, color='white', colorSpace='named', contrast=1.0, depth=-7.0, flipHoriz=False, flipVert=False, font='Arial', fontFiles=[], height=0.026, italic=False, languageStyle='LTR', name='choiceE', opacity=1.0, ori=0, pos=array([ 0. , -0.4]), rgb=array([255., 255., 255.]), text='default text', units='height', win=Window(...), wrapWidth=1.4)
93.5996 	EXP 	Created conBlank = TextStim(__class__=<class 'psychopy.visual.text.TextStim'>, alignHoriz='center', alignVert='center', antialias=True, autoLog=True, bold=False, color='white', colorSpace='named', contrast=1.0, depth=-9.0, flipHoriz=False, flipVert=False, font='Arial', fontFiles=[], height=0.1, italic=False, languageStyle='LTR', name='conBlank', opacity=1.0, ori=0, pos=array([0., 0.]), rgb=array([255., 255., 255.]), text='', units='height', win=Window(...), wrapWidth=1)
93.6767 	EXP 	Created text = TextStim(__class__=<class 'psychopy.visual.text.TextStim'>, alignHoriz='center', alignVert='center', antialias=True, autoLog=True, bold=False, color='white', colorSpace='named', contrast=1.0, depth=0.0, flipHoriz=False, flipVert=False, font='Arial', fontFiles=[], height=0.07, italic=False, languageStyle='LTR', name='text', opacity=1.0, ori=0, pos=array([0., 0.]), rgb=array([255., 255., 255.]), text=str(...), units='height', win=Window(...), wrapWidth=1)
93.7075 	EXP 	instruct: autoDraw = True
95.6022 	EXP 	Created sequence: random, trialTypes=1, nReps=5, seed=None
95.6024 	EXP 	New trial (rep=0, index=0): None
95.6084 	DATA 	Keypress: space
95.6159 	EXP 	instruct: autoDraw = False
95.6159 	EXP 	regCue: autoDraw = True
98.6650 	EXP 	regCue: autoDraw = False
98.6650 	EXP 	regCue: autoDraw = False
98.6650 	EXP 	blank: text = ''
98.6650 	EXP 	choiceQ: autoDraw = True
98.6650 	EXP 	testChoice: autoDraw = True
98.6650 	EXP 	videogameChoice: autoDraw = True
98.6650 	EXP 	gre: autoDraw = True
98.6650 	EXP 	gmat: autoDraw = True
98.6650 	EXP 	lsat: autoDraw = True
98.6650 	EXP 	game: autoDraw = True
102.7424 	DATA 	Keypress: 2
102.7546 	EXP 	videogameChoice: color = 'green (named)'
102.7546 	EXP 	blank: autoDraw = True
102.7712 	EXP 	videogameChoice: color = 'green (named)'
102.7879 	EXP 	videogameChoice: color = 'green (named)'
102.8043 	EXP 	videogameChoice: color = 'green (named)'
102.8212 	EXP 	videogameChoice: color = 'green (named)'
102.8381 	EXP 	videogameChoice: color = 'green (named)'
102.8545 	EXP 	videogameChoice: color = 'green (named)'
102.8711 	EXP 	videogameChoice: color = 'green (named)'
102.8880 	EXP 	videogameChoice: color = 'green (named)'
102.9046 	EXP 	videogameChoice: color = 'green (named)'
102.9211 	EXP 	videogameChoice: color = 'green (named)'
102.9381 	EXP 	videogameChoice: color = 'green (named)'
102.9549 	EXP 	videogameChoice: color = 'green (named)'
102.9714 	EXP 	videogameChoice: color = 'green (named)'
102.9881 	EXP 	videogameChoice: color = 'green (named)'
103.0048 	EXP 	videogameChoice: color = 'green (named)'
103.0216 	EXP 	videogameChoice: color = 'green (named)'
103.0383 	EXP 	videogameChoice: color = 'green (named)'
103.0554 	EXP 	videogameChoice: color = 'green (named)'
103.0718 	EXP 	videogameChoice: color = 'green (named)'
103.0884 	EXP 	videogameChoice: color = 'green (named)'
103.1049 	EXP 	videogameChoice: color = 'green (named)'
103.1219 	EXP 	videogameChoice: color = 'green (named)'
103.1386 	EXP 	videogameChoice: color = 'green (named)'
103.1553 	EXP 	videogameChoice: color = 'green (named)'
103.1719 	EXP 	videogameChoice: color = 'green (named)'
103.1886 	EXP 	videogameChoice: color = 'green (named)'
103.2050 	EXP 	videogameChoice: color = 'green (named)'
103.2222 	EXP 	videogameChoice: color = 'green (named)'
103.2388 	EXP 	videogameChoice: color = 'green (named)'
103.2552 	EXP 	videogameChoice: color = 'green (named)'
103.2721 	EXP 	videogameChoice: color = 'green (named)'
103.2882 	EXP 	videogameChoice: color = 'green (named)'
103.3055 	EXP 	videogameChoice: color = 'green (named)'
103.3221 	EXP 	videogameChoice: color = 'green (named)'
103.3388 	EXP 	videogameChoice: color = 'green (named)'
103.3553 	EXP 	videogameChoice: color = 'green (named)'
103.3720 	EXP 	videogameChoice: color = 'green (named)'
103.3888 	EXP 	videogameChoice: color = 'green (named)'
103.4056 	EXP 	videogameChoice: color = 'green (named)'
103.4220 	EXP 	videogameChoice: color = 'green (named)'
103.4392 	EXP 	videogameChoice: color = 'green (named)'
103.4553 	EXP 	videogameChoice: color = 'green (named)'
103.4720 	EXP 	videogameChoice: color = 'green (named)'
103.4894 	EXP 	videogameChoice: color = 'green (named)'
103.5053 	EXP 	videogameChoice: color = 'green (named)'
103.5222 	EXP 	videogameChoice: color = 'green (named)'
103.5392 	EXP 	videogameChoice: color = 'green (named)'
103.5554 	EXP 	videogameChoice: color = 'green (named)'
103.5721 	EXP 	videogameChoice: color = 'green (named)'
103.5889 	EXP 	videogameChoice: color = 'green (named)'
103.6057 	EXP 	videogameChoice: color = 'green (named)'
103.6224 	EXP 	videogameChoice: color = 'green (named)'
103.6391 	EXP 	videogameChoice: color = 'green (named)'
103.6554 	EXP 	videogameChoice: color = 'green (named)'
103.6723 	EXP 	videogameChoice: color = 'green (named)'
103.6885 	EXP 	videogameChoice: color = 'green (named)'
103.7056 	EXP 	videogameChoice: color = 'green (named)'
103.7220 	EXP 	videogameChoice: color = 'green (named)'
103.7388 	EXP 	videogameChoice: color = 'green (named)'
103.7556 	EXP 	videogameChoice: color = 'green (named)'
103.7729 	EXP 	videogameChoice: color = 'green (named)'
103.7887 	EXP 	videogameChoice: color = 'green (named)'
103.8056 	EXP 	videogameChoice: color = 'green (named)'
103.8221 	EXP 	videogameChoice: color = 'green (named)'
103.8387 	EXP 	videogameChoice: color = 'green (named)'
103.8556 	EXP 	videogameChoice: color = 'green (named)'
103.8722 	EXP 	videogameChoice: color = 'green (named)'
103.8889 	EXP 	videogameChoice: color = 'green (named)'
103.9053 	EXP 	videogameChoice: color = 'green (named)'
103.9221 	EXP 	videogameChoice: color = 'green (named)'
103.9388 	EXP 	videogameChoice: color = 'green (named)'
103.9556 	EXP 	videogameChoice: color = 'green (named)'
103.9723 	EXP 	videogameChoice: color = 'green (named)'
103.9895 	EXP 	videogameChoice: color = 'green (named)'
104.0059 	EXP 	videogameChoice: color = 'green (named)'
104.0225 	EXP 	videogameChoice: color = 'green (named)'
104.0393 	EXP 	videogameChoice: color = 'green (named)'
104.0565 	EXP 	videogameChoice: color = 'green (named)'
104.0724 	EXP 	videogameChoice: color = 'green (named)'
104.0894 	EXP 	videogameChoice: color = 'green (named)'
104.1061 	EXP 	videogameChoice: color = 'green (named)'
104.1226 	EXP 	videogameChoice: color = 'green (named)'
104.1393 	EXP 	videogameChoice: color = 'green (named)'
104.1559 	EXP 	videogameChoice: color = 'green (named)'
104.1724 	EXP 	videogameChoice: color = 'green (named)'
104.1894 	EXP 	videogameChoice: color = 'green (named)'
104.2058 	EXP 	videogameChoice: color = 'green (named)'
104.2229 	EXP 	videogameChoice: color = 'green (named)'
104.2394 	EXP 	videogameChoice: color = 'green (named)'
104.2560 	EXP 	videogameChoice: color = 'green (named)'
104.2560 	EXP 	blank: autoDraw = False
104.2834 	EXP 	Imported RowsExcel.xlsx as conditions, 5 conditions, 1 params
104.2837 	EXP 	Created sequence: random, trialTypes=5, nReps=0, seed=None
104.2839 	EXP 	Created sequence: random, trialTypes=1, nReps=1, seed=None
104.2840 	EXP 	New trial (rep=0, index=0): None
104.2929 	EXP 	choiceQ: autoDraw = False
104.2929 	EXP 	testChoice: autoDraw = False
104.2929 	EXP 	videogameChoice: autoDraw = False
104.2929 	EXP 	gre: autoDraw = False
104.2929 	EXP 	gmat: autoDraw = False
104.2929 	EXP 	lsat: autoDraw = False
104.2929 	EXP 	game: autoDraw = False
104.2929 	EXP 	videogameChoice: color = 'green (named)'
104.2929 	EXP 	choiceQ: autoDraw = False
104.2929 	EXP 	testChoice: autoDraw = False
104.2929 	EXP 	videogameChoice: autoDraw = False
104.2929 	EXP 	gre: autoDraw = False
104.2929 	EXP 	gmat: autoDraw = False
104.2929 	EXP 	lsat: autoDraw = False
104.2929 	EXP 	game: autoDraw = False
104.2929 	EXP 	blank: autoDraw = False
104.2929 	EXP 	videogameChoice: color = 'white (named)'
104.2929 	EXP 	testChoice: color = 'white (named)'
104.2929 	EXP 	choiceQ: autoDraw = False
104.2929 	EXP 	testChoice: autoDraw = False
104.2929 	EXP 	videogameChoice: autoDraw = False
104.2929 	EXP 	gre: autoDraw = False
104.2929 	EXP 	gmat: autoDraw = False
104.2929 	EXP 	lsat: autoDraw = False
104.2929 	EXP 	text: autoDraw = True
104.6435 	DATA 	Keypress: quoteleft
105.1449 	DATA 	Keypress: escape
105.2488 	EXP 	window1: mouseVisible = True
6.3654 	WARNING 	User requested fullscreen with size [1024  768], but screen is actually [1920, 1200]. Using actual size
7.7331 	EXP 	Created window1 = Window(allowGUI=False, allowStencil=False, args=UNKNOWN, autoLog=True, bitsMode=UNKNOWN, blendMode='avg', color=array([0., 0., 0.]), colorSpace='rgb', fullscr=<method-wrapper '__getattribute__' of attributeSetter object at 0x0000028471553C50>, gamma=None, gammaErrorPolicy='raise', kwargs=UNKNOWN, lms=UNKNOWN, monitor=<psychopy.monitors.calibTools.Monitor object at 0x00000284712BF940>, multiSample=False, name='window1', numSamples=2, pos=[0.0, 0.0], screen=0, size=array([1920, 1200]), stereo=False, units='height', useFBO=True, useRetina=False, viewOri=0.0, viewPos=None, viewScale=None, waitBlanking=True, winType='pyglet')
7.7331 	EXP 	window1: recordFrameIntervals = False
7.8991 	EXP 	window1: recordFrameIntervals = True
8.0833 	EXP 	window1: recordFrameIntervals = False
8.2942 	EXP 	Created instruct = TextStim(__class__=<class 'psychopy.visual.text.TextStim'>, alignHoriz='center', alignVert='center', antialias=True, autoLog=True, bold=False, color='white', colorSpace='named', contrast=1.0, depth=0.0, flipHoriz=False, flipVert=False, font='Arial', fontFiles=[], height=0.05, italic=False, languageStyle='LTR', name='instruct', opacity=1.0, ori=0, pos=array([0., 0.]), rgb=array([255., 255., 255.]), text=str(...), units='height', win=Window(...), wrapWidth=1.4)
8.3142 	EXP 	Created regCue = TextStim(__class__=<class 'psychopy.visual.text.TextStim'>, alignHoriz='center', alignVert='center', antialias=True, autoLog=True, bold=False, color='white', colorSpace='named', contrast=1.0, depth=0.0, flipHoriz=False, flipVert=False, font='Arial', fontFiles=[], height=0.1, italic=False, languageStyle='LTR', name='regCue', opacity=1.0, ori=0, pos=array([0., 0.]), rgb=array([255., 255., 255.]), text='REGULATE', units='height', win=Window(...), wrapWidth=1)
8.3306 	EXP 	Created choiceQ = TextStim(__class__=<class 'psychopy.visual.text.TextStim'>, alignHoriz='center', alignVert='center', antialias=True, autoLog=True, bold=False, color='white', colorSpace='named', contrast=1.0, depth=0.0, flipHoriz=False, flipVert=False, font='Arial', fontFiles=[], height=0.05, italic=False, languageStyle='LTR', name='choiceQ', opacity=1.0, ori=0, pos=array([0.  , 0.35]), rgb=array([255., 255., 255.]), text=str(...), units='height', win=Window(...), wrapWidth=1.4)
8.3459 	EXP 	Created testChoice = TextStim(__class__=<class 'psychopy.visual.text.TextStim'>, alignHoriz='center', alignVert='center', antialias=True, autoLog=True, bold=False, color='white', colorSpace='named', contrast=1.0, depth=-2.0, flipHoriz=False, flipVert=False, font='Arial', fontFiles=[], height=0.04, italic=False, languageStyle='LTR', name='testChoice', opacity=1.0, ori=0, pos=array([-0.41,  0.15]), rgb=array([255., 255., 255.]), text='Practice Standardized Test Questions', units='height', win=Window(...), wrapWidth=1)
8.3520 	EXP 	Created videogameChoice = TextStim(__class__=<class 'psychopy.visual.text.TextStim'>, alignHoriz='center', alignVert='center', antialias=True, autoLog=True, bold=False, color='white', colorSpace='named', contrast=1.0, depth=-3.0, flipHoriz=False, flipVert=False, font='Arial', fontFiles=[], height=0.04, italic=False, languageStyle='LTR', name='videogameChoice', opacity=1.0, ori=0, pos=array([0.41, 0.15]), rgb=array([255., 255., 255.]), text='Play a Videogame', units='height', win=Window(...), wrapWidth=1)
8.3643 	EXP 	Created gre = ImageStim(__class__=<class 'psychopy.visual.image.ImageStim'>, autoLog=True, color=array([1., 1., 1.]), colorSpace='rgb', contrast=1.0, depth=-4.0, flipHoriz=False, flipVert=False, image='gre.png', interpolate=True, mask=None, maskParams=None, name='gre', opacity=1.0, ori=0.0, pos=array([-0.41,  0.02]), size=array([0.3  , 0.105]), texRes=128, units='height', win=Window(...))
8.3719 	EXP 	Created gmat = ImageStim(__class__=<class 'psychopy.visual.image.ImageStim'>, autoLog=True, color=array([1., 1., 1.]), colorSpace='rgb', contrast=1.0, depth=-5.0, flipHoriz=False, flipVert=False, image='gmat.png', interpolate=True, mask=None, maskParams=None, name='gmat', opacity=1.0, ori=0.0, pos=array([-0.41, -0.13]), size=array([0.3 , 0.11]), texRes=128, units='height', win=Window(...))
8.3735 	EXP 	Created lsat = ImageStim(__class__=<class 'psychopy.visual.image.ImageStim'>, autoLog=True, color=array([1., 1., 1.]), colorSpace='rgb', contrast=1.0, depth=-6.0, flipHoriz=False, flipVert=False, image='lsat.png', interpolate=True, mask=None, maskParams=None, name='lsat', opacity=1.0, ori=0.0, pos=array([-0.41, -0.27]), size=array([0.3 , 0.11]), texRes=128, units='height', win=Window(...))
8.4086 	EXP 	Created game = ImageStim(__class__=<class 'psychopy.visual.image.ImageStim'>, autoLog=True, color=array([1., 1., 1.]), colorSpace='rgb', contrast=1.0, depth=-7.0, flipHoriz=False, flipVert=False, image='game.png', interpolate=True, mask=None, maskParams=None, name='game', opacity=1.0, ori=0.0, pos=array([ 0.41, -0.19]), size=array([0.4, 0.5]), texRes=128, units='height', win=Window(...))
8.4091 	EXP 	Created blank = TextStim(__class__=<class 'psychopy.visual.text.TextStim'>, alignHoriz='center', alignVert='center', antialias=True, autoLog=True, bold=False, color='white', colorSpace='named', contrast=1.0, depth=-9.0, flipHoriz=False, flipVert=False, font='Arial', fontFiles=[], height=0.1, italic=False, languageStyle='LTR', name='blank', opacity=1.0, ori=0, pos=array([0., 0.]), rgb=array([255., 255., 255.]), text='', units='height', win=Window(...), wrapWidth=1)
8.4442 	EXP 	Created testQChoice = TextStim(__class__=<class 'psychopy.visual.text.TextStim'>, alignHoriz='center', alignVert='center', antialias=True, autoLog=True, bold=False, color='white', colorSpace='named', contrast=1.0, depth=0.0, flipHoriz=False, flipVert=False, font='Arial', fontFiles=[], height=0.055, italic=False, languageStyle='LTR', name='testQChoice', opacity=1.0, ori=0, pos=array([0.  , 0.35]), rgb=array([255., 255., 255.]), text=str(...), units='height', win=Window(...), wrapWidth=1.3)
8.4529 	EXP 	Created image = ImageStim(__class__=<class 'psychopy.visual.image.ImageStim'>, autoLog=True, color=array([1., 1., 1.]), colorSpace='rgb', contrast=1.0, depth=-1.0, flipHoriz=False, flipVert=False, image='gre.png', interpolate=True, mask=None, maskParams=None, name='image', opacity=1.0, ori=0.0, pos=array([0.   , 0.105]), size=array([0.3 , 0.11]), texRes=128, units='height', win=Window(...))
8.4585 	EXP 	Created image_2 = ImageStim(__class__=<class 'psychopy.visual.image.ImageStim'>, autoLog=True, color=array([1., 1., 1.]), colorSpace='rgb', contrast=1.0, depth=-2.0, flipHoriz=False, flipVert=False, image='gmat.png', interpolate=True, mask=None, maskParams=None, name='image_2', opacity=1.0, ori=0.0, pos=array([ 0.  , -0.05]), size=array([0.3 , 0.11]), texRes=128, units='height', win=Window(...))
8.4601 	EXP 	Created image_3 = ImageStim(__class__=<class 'psychopy.visual.image.ImageStim'>, autoLog=True, color=array([1., 1., 1.]), colorSpace='rgb', contrast=1.0, depth=-3.0, flipHoriz=False, flipVert=False, image='lsat.png', interpolate=True, mask=None, maskParams=None, name='image_3', opacity=1.0, ori=0.0, pos=array([ 0. , -0.2]), size=array([0.3 , 0.11]), texRes=128, units='height', win=Window(...))
8.4622 	EXP 	Created polygon = Rect(__class__=<class 'psychopy.visual.rect.Rect'>, autoDraw=False, autoLog=True, closeShape=True, color=method-wrapper(...), colorSpace=None, contrast=1.0, depth=-5.0, fillColor=None, fillColorSpace='rgb', fillRGB=None, interpolate=True, lineColor=array([-1., -1., -1.]), lineColorSpace='rgb', lineRGB=array([-1., -1., -1.]), lineWidth=1.0, name='polygon', opacity=1.0, ori=array(1.), pos=array([0., 0.]), size=array([1., 1.]), units='height', vertices=ndarray(...), win=Window(...))
8.4747 	EXP 	Created TextQuestion = TextStim(__class__=<class 'psychopy.visual.text.TextStim'>, alignHoriz='center', alignVert='center', antialias=True, autoLog=True, bold=False, color='white', colorSpace='named', contrast=1.0, depth=0.0, flipHoriz=False, flipVert=False, font='Arial', fontFiles=[], height=0.028, italic=False, languageStyle='LTR', name='TextQuestion', opacity=1.0, ori=0, pos=array([0.  , 0.35]), rgb=array([255., 255., 255.]), text='default text', units='height', win=Window(...), wrapWidth=1.45)
8.4836 	EXP 	Created choiceA = TextStim(__class__=<class 'psychopy.visual.text.TextStim'>, alignHoriz='center', alignVert='center', antialias=True, autoLog=True, bold=False, color='white', colorSpace='named', contrast=1.0, depth=-3.0, flipHoriz=False, flipVert=False, font='Arial', fontFiles=[], height=0.026, italic=False, languageStyle='LTR', name='choiceA', opacity=1.0, ori=0, pos=array([0., 0.]), rgb=array([255., 255., 255.]), text='default text', units='height', win=Window(...), wrapWidth=1.4)
8.4868 	EXP 	Created choiceB = TextStim(__class__=<class 'psychopy.visual.text.TextStim'>, alignHoriz='center', alignVert='center', antialias=True, autoLog=True, bold=False, color='white', colorSpace='named', contrast=1.0, depth=-4.0, flipHoriz=False, flipVert=False, font='Arial', fontFiles=[], height=0.026, italic=False, languageStyle='LTR', name='choiceB', opacity=1.0, ori=0, pos=array([ 0. , -0.1]), rgb=array([255., 255., 255.]), text='default text', units='height', win=Window(...), wrapWidth=1.4)
8.4897 	EXP 	Created choiceC = TextStim(__class__=<class 'psychopy.visual.text.TextStim'>, alignHoriz='center', alignVert='center', antialias=True, autoLog=True, bold=False, color='white', colorSpace='named', contrast=1.0, depth=-5.0, flipHoriz=False, flipVert=False, font='Arial', fontFiles=[], height=0.026, italic=False, languageStyle='LTR', name='choiceC', opacity=1.0, ori=0, pos=array([ 0. , -0.2]), rgb=array([255., 255., 255.]), text='default text', units='height', win=Window(...), wrapWidth=1.4)
8.4928 	EXP 	Created choiceD = TextStim(__class__=<class 'psychopy.visual.text.TextStim'>, alignHoriz='center', alignVert='center', antialias=True, autoLog=True, bold=False, color='white', colorSpace='named', contrast=1.0, depth=-6.0, flipHoriz=False, flipVert=False, font='Arial', fontFiles=[], height=0.026, italic=False, languageStyle='LTR', name='choiceD', opacity=1.0, ori=0, pos=array([ 0. , -0.3]), rgb=array([255., 255., 255.]), text='default text', units='height', win=Window(...), wrapWidth=1.4)
8.4962 	EXP 	Created choiceE = TextStim(__class__=<class 'psychopy.visual.text.TextStim'>, alignHoriz='center', alignVert='center', antialias=True, autoLog=True, bold=False, color='white', colorSpace='named', contrast=1.0, depth=-7.0, flipHoriz=False, flipVert=False, font='Arial', fontFiles=[], height=0.026, italic=False, languageStyle='LTR', name='choiceE', opacity=1.0, ori=0, pos=array([ 0. , -0.4]), rgb=array([255., 255., 255.]), text='default text', units='height', win=Window(...), wrapWidth=1.4)
8.4966 	EXP 	Created conBlank = TextStim(__class__=<class 'psychopy.visual.text.TextStim'>, alignHoriz='center', alignVert='center', antialias=True, autoLog=True, bold=False, color='white', colorSpace='named', contrast=1.0, depth=-9.0, flipHoriz=False, flipVert=False, font='Arial', fontFiles=[], height=0.1, italic=False, languageStyle='LTR', name='conBlank', opacity=1.0, ori=0, pos=array([0., 0.]), rgb=array([255., 255., 255.]), text='', units='height', win=Window(...), wrapWidth=1)
8.5764 	EXP 	Created text = TextStim(__class__=<class 'psychopy.visual.text.TextStim'>, alignHoriz='center', alignVert='center', antialias=True, autoLog=True, bold=False, color='white', colorSpace='named', contrast=1.0, depth=0.0, flipHoriz=False, flipVert=False, font='Arial', fontFiles=[], height=0.07, italic=False, languageStyle='LTR', name='text', opacity=1.0, ori=0, pos=array([0., 0.]), rgb=array([255., 255., 255.]), text=str(...), units='height', win=Window(...), wrapWidth=1)
8.6069 	EXP 	instruct: autoDraw = True
10.6548 	EXP 	Created sequence: random, trialTypes=1, nReps=5, seed=None
10.6549 	EXP 	New trial (rep=0, index=0): None
10.6608 	DATA 	Keypress: space
10.6683 	EXP 	instruct: autoDraw = False
10.6683 	EXP 	regCue: autoDraw = True
13.7223 	EXP 	regCue: autoDraw = False
13.7223 	EXP 	regCue: autoDraw = False
13.7223 	EXP 	blank: text = ''
13.7223 	EXP 	choiceQ: autoDraw = True
13.7223 	EXP 	testChoice: autoDraw = True
13.7223 	EXP 	videogameChoice: autoDraw = True
13.7223 	EXP 	gre: autoDraw = True
13.7223 	EXP 	gmat: autoDraw = True
13.7223 	EXP 	lsat: autoDraw = True
13.7223 	EXP 	game: autoDraw = True
14.9591 	DATA 	Keypress: 1
14.9720 	EXP 	testChoice: color = 'green (named)'
14.9720 	EXP 	blank: autoDraw = True
14.9884 	EXP 	testChoice: color = 'green (named)'
15.0053 	EXP 	testChoice: color = 'green (named)'
15.0218 	EXP 	testChoice: color = 'green (named)'
15.0383 	EXP 	testChoice: color = 'green (named)'
15.0553 	EXP 	testChoice: color = 'green (named)'
15.0717 	EXP 	testChoice: color = 'green (named)'
15.0885 	EXP 	testChoice: color = 'green (named)'
15.1051 	EXP 	testChoice: color = 'green (named)'
15.1217 	EXP 	testChoice: color = 'green (named)'
15.1386 	EXP 	testChoice: color = 'green (named)'
15.1551 	EXP 	testChoice: color = 'green (named)'
15.1727 	EXP 	testChoice: color = 'green (named)'
15.1885 	EXP 	testChoice: color = 'green (named)'
15.2051 	EXP 	testChoice: color = 'green (named)'
15.2220 	EXP 	testChoice: color = 'green (named)'
15.2387 	EXP 	testChoice: color = 'green (named)'
15.2552 	EXP 	testChoice: color = 'green (named)'
15.2720 	EXP 	testChoice: color = 'green (named)'
15.2886 	EXP 	testChoice: color = 'green (named)'
15.3053 	EXP 	testChoice: color = 'green (named)'
15.3221 	EXP 	testChoice: color = 'green (named)'
15.3386 	EXP 	testChoice: color = 'green (named)'
15.3554 	EXP 	testChoice: color = 'green (named)'
15.3720 	EXP 	testChoice: color = 'green (named)'
15.3895 	EXP 	testChoice: color = 'green (named)'
15.4053 	EXP 	testChoice: color = 'green (named)'
15.4219 	EXP 	testChoice: color = 'green (named)'
15.4387 	EXP 	testChoice: color = 'green (named)'
15.4553 	EXP 	testChoice: color = 'green (named)'
15.4722 	EXP 	testChoice: color = 'green (named)'
15.4888 	EXP 	testChoice: color = 'green (named)'
15.5054 	EXP 	testChoice: color = 'green (named)'
15.5223 	EXP 	testChoice: color = 'green (named)'
15.5388 	EXP 	testChoice: color = 'green (named)'
15.5555 	EXP 	testChoice: color = 'green (named)'
15.5726 	EXP 	testChoice: color = 'green (named)'
15.5885 	EXP 	testChoice: color = 'green (named)'
15.6058 	EXP 	testChoice: color = 'green (named)'
15.6221 	EXP 	testChoice: color = 'green (named)'
15.6383 	EXP 	testChoice: color = 'green (named)'
15.6555 	EXP 	testChoice: color = 'green (named)'
15.6720 	EXP 	testChoice: color = 'green (named)'
15.6889 	EXP 	testChoice: color = 'green (named)'
15.7053 	EXP 	testChoice: color = 'green (named)'
15.7226 	EXP 	testChoice: color = 'green (named)'
15.7386 	EXP 	testChoice: color = 'green (named)'
15.7554 	EXP 	testChoice: color = 'green (named)'
15.7723 	EXP 	testChoice: color = 'green (named)'
15.7891 	EXP 	testChoice: color = 'green (named)'
15.8056 	EXP 	testChoice: color = 'green (named)'
15.8221 	EXP 	testChoice: color = 'green (named)'
15.8391 	EXP 	testChoice: color = 'green (named)'
15.8558 	EXP 	testChoice: color = 'green (named)'
15.8724 	EXP 	testChoice: color = 'green (named)'
15.8889 	EXP 	testChoice: color = 'green (named)'
15.9059 	EXP 	testChoice: color = 'green (named)'
15.9224 	EXP 	testChoice: color = 'green (named)'
15.9393 	EXP 	testChoice: color = 'green (named)'
15.9558 	EXP 	testChoice: color = 'green (named)'
15.9724 	EXP 	testChoice: color = 'green (named)'
15.9891 	EXP 	testChoice: color = 'green (named)'
16.0060 	EXP 	testChoice: color = 'green (named)'
16.0225 	EXP 	testChoice: color = 'green (named)'
16.0393 	EXP 	testChoice: color = 'green (named)'
16.0559 	EXP 	testChoice: color = 'green (named)'
16.0727 	EXP 	testChoice: color = 'green (named)'
16.0893 	EXP 	testChoice: color = 'green (named)'
16.1062 	EXP 	testChoice: color = 'green (named)'
16.1226 	EXP 	testChoice: color = 'green (named)'
16.1392 	EXP 	testChoice: color = 'green (named)'
16.1571 	EXP 	testChoice: color = 'green (named)'
16.1725 	EXP 	testChoice: color = 'green (named)'
16.1893 	EXP 	testChoice: color = 'green (named)'
16.2060 	EXP 	testChoice: color = 'green (named)'
16.2226 	EXP 	testChoice: color = 'green (named)'
16.2394 	EXP 	testChoice: color = 'green (named)'
16.2561 	EXP 	testChoice: color = 'green (named)'
16.2727 	EXP 	testChoice: color = 'green (named)'
16.2894 	EXP 	testChoice: color = 'green (named)'
16.3061 	EXP 	testChoice: color = 'green (named)'
16.3229 	EXP 	testChoice: color = 'green (named)'
16.3394 	EXP 	testChoice: color = 'green (named)'
16.3561 	EXP 	testChoice: color = 'green (named)'
16.3737 	EXP 	testChoice: color = 'green (named)'
16.3896 	EXP 	testChoice: color = 'green (named)'
16.4060 	EXP 	testChoice: color = 'green (named)'
16.4227 	EXP 	testChoice: color = 'green (named)'
16.4395 	EXP 	testChoice: color = 'green (named)'
16.4562 	EXP 	testChoice: color = 'green (named)'
16.4728 	EXP 	testChoice: color = 'green (named)'
16.4728 	EXP 	blank: autoDraw = False
16.5032 	EXP 	Imported RowsExcel.xlsx as conditions, 5 conditions, 1 params
16.5034 	EXP 	Created sequence: random, trialTypes=5, nReps=1, seed=None
16.5036 	EXP 	New trial (rep=0, index=0): OrderedDict([('Rows', '0010:0015')])
16.5120 	EXP 	choiceQ: autoDraw = False
16.5120 	EXP 	testChoice: autoDraw = False
16.5120 	EXP 	videogameChoice: autoDraw = False
16.5120 	EXP 	gre: autoDraw = False
16.5120 	EXP 	gmat: autoDraw = False
16.5120 	EXP 	lsat: autoDraw = False
16.5120 	EXP 	game: autoDraw = False
16.5120 	EXP 	testChoice: color = 'green (named)'
16.5120 	EXP 	choiceQ: autoDraw = False
16.5120 	EXP 	testChoice: autoDraw = False
16.5120 	EXP 	videogameChoice: autoDraw = False
16.5120 	EXP 	gre: autoDraw = False
16.5120 	EXP 	gmat: autoDraw = False
16.5120 	EXP 	lsat: autoDraw = False
16.5120 	EXP 	game: autoDraw = False
16.5120 	EXP 	blank: autoDraw = False
16.5120 	EXP 	videogameChoice: color = 'white (named)'
16.5120 	EXP 	testChoice: color = 'white (named)'
16.5120 	EXP 	choiceQ: autoDraw = False
16.5120 	EXP 	testChoice: autoDraw = False
16.5120 	EXP 	videogameChoice: autoDraw = False
16.5120 	EXP 	gre: autoDraw = False
16.5120 	EXP 	gmat: autoDraw = False
16.5120 	EXP 	lsat: autoDraw = False
16.5120 	EXP 	polygon: opacity = 1.0
16.5120 	EXP 	polygon: size = array([0.32, 0.13])
16.5120 	EXP 	polygon: ori = 0.0
16.5120 	EXP 	polygon: lineWidth = 8.0
16.5120 	EXP 	testQChoice: autoDraw = True
16.5120 	EXP 	image: autoDraw = True
16.5120 	EXP 	image_2: autoDraw = True
16.5120 	EXP 	image_3: autoDraw = True
18.4147 	DATA 	Keypress: 2
18.4248 	EXP 	polygon: autoDraw = True
18.4413 	EXP 	polygon: autoDraw = True
18.4584 	EXP 	polygon: autoDraw = True
18.4749 	EXP 	polygon: autoDraw = True
18.4914 	EXP 	polygon: autoDraw = True
18.5078 	EXP 	polygon: autoDraw = True
18.5245 	EXP 	polygon: autoDraw = True
18.5415 	EXP 	polygon: autoDraw = True
18.5582 	EXP 	polygon: autoDraw = True
18.5746 	EXP 	polygon: autoDraw = True
18.5912 	EXP 	polygon: autoDraw = True
18.6077 	EXP 	polygon: autoDraw = True
18.6245 	EXP 	polygon: autoDraw = True
18.6414 	EXP 	polygon: autoDraw = True
18.6580 	EXP 	polygon: autoDraw = True
18.6746 	EXP 	polygon: autoDraw = True
18.6913 	EXP 	polygon: autoDraw = True
18.7079 	EXP 	polygon: autoDraw = True
18.7249 	EXP 	polygon: autoDraw = True
18.7413 	EXP 	polygon: autoDraw = True
18.7581 	EXP 	polygon: autoDraw = True
18.7748 	EXP 	polygon: autoDraw = True
18.7914 	EXP 	polygon: autoDraw = True
18.8080 	EXP 	polygon: autoDraw = True
18.8249 	EXP 	polygon: autoDraw = True
18.8415 	EXP 	polygon: autoDraw = True
18.8582 	EXP 	polygon: autoDraw = True
18.8750 	EXP 	polygon: autoDraw = True
18.8919 	EXP 	polygon: autoDraw = True
18.9082 	EXP 	polygon: autoDraw = True
18.9251 	EXP 	polygon: autoDraw = True
18.9419 	EXP 	polygon: autoDraw = True
18.9584 	EXP 	polygon: autoDraw = True
18.9751 	EXP 	polygon: autoDraw = True
18.9915 	EXP 	polygon: autoDraw = True
19.0083 	EXP 	polygon: autoDraw = True
19.0251 	EXP 	polygon: autoDraw = True
19.0417 	EXP 	polygon: autoDraw = True
19.0585 	EXP 	polygon: autoDraw = True
19.0752 	EXP 	polygon: autoDraw = True
19.0919 	EXP 	polygon: autoDraw = True
19.1087 	EXP 	polygon: autoDraw = True
19.1253 	EXP 	polygon: autoDraw = True
19.1416 	EXP 	polygon: autoDraw = True
19.1587 	EXP 	polygon: autoDraw = True
19.1752 	EXP 	polygon: autoDraw = True
19.1962 	EXP 	Imported QuestionsText.xlsx as conditions, 5 conditions, 21 params
19.1964 	EXP 	Created sequence: sequential, trialTypes=5, nReps=1, seed=None
19.1968 	EXP 	New trial (rep=0, index=0): OrderedDict([('GMAT', '1)During the last 50 years in England, the national football team has had at least 60℅ of its players born during the months January to March. Similarly, in Germany, at least 50℅ of the team has been born during the first three months of the year. In fact, this statistic holds true for most European countries. This shows that in most European countries, parents with kids born early in the year are more likely to encourage a football career.\n\nWhich of the following best explains why the conclusion need not be the best explanation for the statistic?'), ('GMATQA', '(A)Of the remaining members, 60℅ or more tend to be born between the months of April and June.'), ('GMATQB', '(B)Parents of kids born in the second half of the year have displayed a measurable intent to promote scholarly careers'), ('GMATQC', '(C)The age cut-off for kids to try out for a team in most European countries is calculated as on December 31 of any year and older the kid during trials, greater the chances of getting the right opportunities.'), ('GMATQD', '(D)The school year usually begins in April in most European countries and many parents are known to encourage students to work on their academics and not sports during the school year.'), ('GMATQE', '(E)During the last 50 years, on average 30℅ of the kids have been born during the first three months of the year.\n'), ('GMATAs', 'c'), ('GRE', '1)As an experienced labor organizer and the former head of one of the nation’s most powerful labor unions, Grayson is an excellent choice to chair the new council on business-labor relations.\n\nWhich of the following, if true, would most strengthen the conclusion above?'), ('GREQA', "(A) The new council must have the support of the nation's labor leaders if it is to succeed. "), ('GREQB', '(B)During his years as a labor leader, Grayson established a record of good relations with business leaders. '), ('GREQC', "(C)The chair of the new council must be a person who can communicate directly with the leaders of the nation's largest labor unions. "), ('GREQD', '(D)Most of the other members of the new council will be representatives of business management interests.'), ('GREQE', '(E) An understanding of the needs and problems of labor is the only quallification necessary for the job of chairing the new council. '), ('GREA', 'e'), ('LSAT', '1)Biologists attached a radio transmitter to one of a number of wolves that had been released earlier in the White River Wilderness Area as part of a relocation project. The biologists hoped to use this wolf to track the movements of the whole pack. Wolves usually range over a wide area in search of prey, and frequently follow the migrations of their prey animals. The biologists were surprised to find that this particular wolf never moved more than five miles away from the location in which it was first tagged.\n\n\nWhich one of the following, if true, would by itself most help to explain the behavior of the wolf tagged by the biologists?'), ('LSATQA', '(A)The area in which the wolves were released was rocky and mountainous, in contrast to the flat, heavily-wooded area from which they were taken. '), ('LSATQB', '(B)The wolf had been tagged and released by the biologists only three miles away from a sheep ranch that provided a large, stable population of prey animals.'), ('LSATQC', '(C)The White River Wilderness Area had supported a population of wolves in past years, but they had been hunted to extinction.'), ('LSATQD', '(D) Although the wolves in the White River Wilderness Area were under government protection, their numbers had been sharply reduced, within a few years of their release, by illegal hunting.'), ('LSATQE', '(E)The wolf captured and tagged by the biologists had split off from the main pack whose movements the biologists had hoped to study, and its movements did not represent those of the main pack.'), ('LSATAs', 'b')])
19.3428 	DATA 	Keypress: return
19.3483 	EXP 	polygon: autoDraw = True
19.3483 	EXP 	testQChoice: autoDraw = False
19.3483 	EXP 	image: autoDraw = False
19.3483 	EXP 	image_2: autoDraw = False
19.3483 	EXP 	image_3: autoDraw = False
19.3483 	EXP 	polygon: autoDraw = False
19.3483 	EXP 	TextQuestion: text = 'PLACEHOLDER'
19.3483 	EXP 	choiceA: text = 'QA'
19.3483 	EXP 	choiceB: text = 'QB'
19.3483 	EXP 	choiceC: text = 'QC'
19.3483 	EXP 	choiceD: text = 'QD'
19.3483 	EXP 	choiceE: text = 'QE'
19.3483 	EXP 	TextQuestion: text = '1)During the last 50 years in England, the national football team has had at least 60℅ of its players born during the months January to March. Similarly, in Germany, at least 50℅ of the team has been born during the first three months of the year. In fact, this statistic holds true for most European countries. This shows that in most European countries, parents with kids born early in the year are more likely to encourage a football career.\n\nWhich of the following best explains why the conclusion need not be the best explanation for the statistic?'
19.3483 	EXP 	choiceA: text = '(A)Of the remaining members, 60℅ or more tend to be born between the months of April and June.'
19.3483 	EXP 	choiceB: text = '(B)Parents of kids born in the second half of the year have displayed a measurable intent to promote scholarly careers'
19.3483 	EXP 	choiceC: text = '(C)The age cut-off for kids to try out for a team in most European countries is calculated as on December 31 of any year and older the kid during trials, greater the chances of getting the right opportunities.'
19.3483 	EXP 	choiceD: text = '(D)The school year usually begins in April in most European countries and many parents are known to encourage students to work on their academics and not sports during the school year.'
19.3483 	EXP 	choiceE: text = '(E)During the last 50 years, on average 30℅ of the kids have been born during the first three months of the year.\n'
19.3483 	EXP 	TextQuestion: autoDraw = True
19.3483 	EXP 	choiceA: autoDraw = True
19.3483 	EXP 	choiceB: autoDraw = True
19.3483 	EXP 	choiceC: autoDraw = True
19.3483 	EXP 	choiceD: autoDraw = True
19.3483 	EXP 	choiceE: autoDraw = True
24.2195 	DATA 	Keypress: a
25.0221 	DATA 	Keypress: return
25.0310 	EXP 	choiceA: color = 'green (named)'
25.0310 	EXP 	conBlank: autoDraw = True
25.0467 	EXP 	choiceA: color = 'green (named)'
25.0634 	EXP 	choiceA: color = 'green (named)'
25.0801 	EXP 	choiceA: color = 'green (named)'
25.0969 	EXP 	choiceA: color = 'green (named)'
25.1131 	EXP 	choiceA: color = 'green (named)'
25.1299 	EXP 	choiceA: color = 'green (named)'
25.1468 	EXP 	choiceA: color = 'green (named)'
25.1634 	EXP 	choiceA: color = 'green (named)'
25.1802 	EXP 	choiceA: color = 'green (named)'
25.1971 	EXP 	choiceA: color = 'green (named)'
25.2137 	EXP 	choiceA: color = 'green (named)'
25.2303 	EXP 	choiceA: color = 'green (named)'
25.2468 	EXP 	choiceA: color = 'green (named)'
25.2635 	EXP 	choiceA: color = 'green (named)'
25.2801 	EXP 	choiceA: color = 'green (named)'
25.2972 	EXP 	choiceA: color = 'green (named)'
25.3137 	EXP 	choiceA: color = 'green (named)'
25.3305 	EXP 	choiceA: color = 'green (named)'
25.3470 	EXP 	choiceA: color = 'green (named)'
25.3638 	EXP 	choiceA: color = 'green (named)'
25.3804 	EXP 	choiceA: color = 'green (named)'
25.3972 	EXP 	choiceA: color = 'green (named)'
25.4157 	EXP 	choiceA: color = 'green (named)'
25.4305 	EXP 	choiceA: color = 'green (named)'
25.4472 	EXP 	choiceA: color = 'green (named)'
25.4636 	EXP 	choiceA: color = 'green (named)'
25.4806 	EXP 	choiceA: color = 'green (named)'
25.4969 	EXP 	choiceA: color = 'green (named)'
25.5139 	EXP 	choiceA: color = 'green (named)'
25.5303 	EXP 	choiceA: color = 'green (named)'
25.5478 	EXP 	choiceA: color = 'green (named)'
25.5642 	EXP 	choiceA: color = 'green (named)'
25.5806 	EXP 	choiceA: color = 'green (named)'
25.5970 	EXP 	choiceA: color = 'green (named)'
25.6137 	EXP 	choiceA: color = 'green (named)'
25.6302 	EXP 	choiceA: color = 'green (named)'
25.6471 	EXP 	choiceA: color = 'green (named)'
25.6637 	EXP 	choiceA: color = 'green (named)'
25.6803 	EXP 	choiceA: color = 'green (named)'
25.6970 	EXP 	choiceA: color = 'green (named)'
25.7139 	EXP 	choiceA: color = 'green (named)'
25.7304 	EXP 	choiceA: color = 'green (named)'
25.7472 	EXP 	choiceA: color = 'green (named)'
25.7639 	EXP 	choiceA: color = 'green (named)'
25.7806 	EXP 	choiceA: color = 'green (named)'
25.7973 	EXP 	choiceA: color = 'green (named)'
25.8139 	EXP 	choiceA: color = 'green (named)'
25.8306 	EXP 	choiceA: color = 'green (named)'
25.8473 	EXP 	choiceA: color = 'green (named)'
25.8640 	EXP 	choiceA: color = 'green (named)'
25.8807 	EXP 	choiceA: color = 'green (named)'
25.8974 	EXP 	choiceA: color = 'green (named)'
25.9143 	EXP 	choiceA: color = 'green (named)'
25.9308 	EXP 	choiceA: color = 'green (named)'
25.9475 	EXP 	choiceA: color = 'green (named)'
25.9641 	EXP 	choiceA: color = 'green (named)'
25.9807 	EXP 	choiceA: color = 'green (named)'
25.9978 	EXP 	choiceA: color = 'green (named)'
26.0144 	EXP 	choiceA: color = 'green (named)'
26.0308 	EXP 	choiceA: color = 'green (named)'
26.0475 	EXP 	choiceA: color = 'green (named)'
26.0643 	EXP 	choiceA: color = 'green (named)'
26.0809 	EXP 	choiceA: color = 'green (named)'
26.0977 	EXP 	choiceA: color = 'green (named)'
26.1142 	EXP 	choiceA: color = 'green (named)'
26.1310 	EXP 	choiceA: color = 'green (named)'
26.1477 	EXP 	choiceA: color = 'green (named)'
26.1644 	EXP 	choiceA: color = 'green (named)'
26.1809 	EXP 	choiceA: color = 'green (named)'
26.1978 	EXP 	choiceA: color = 'green (named)'
26.2143 	EXP 	choiceA: color = 'green (named)'
26.2311 	EXP 	choiceA: color = 'green (named)'
26.2477 	EXP 	choiceA: color = 'green (named)'
26.2642 	EXP 	choiceA: color = 'green (named)'
26.2814 	EXP 	choiceA: color = 'green (named)'
26.2982 	EXP 	choiceA: color = 'green (named)'
26.3145 	EXP 	choiceA: color = 'green (named)'
26.3312 	EXP 	choiceA: color = 'green (named)'
26.3483 	EXP 	choiceA: color = 'green (named)'
26.3646 	EXP 	choiceA: color = 'green (named)'
26.3812 	EXP 	choiceA: color = 'green (named)'
26.3980 	EXP 	choiceA: color = 'green (named)'
26.4147 	EXP 	choiceA: color = 'green (named)'
26.4312 	EXP 	choiceA: color = 'green (named)'
26.4480 	EXP 	choiceA: color = 'green (named)'
26.4645 	EXP 	choiceA: color = 'green (named)'
26.4809 	EXP 	choiceA: color = 'green (named)'
26.4976 	EXP 	choiceA: color = 'green (named)'
26.5146 	EXP 	choiceA: color = 'green (named)'
26.5311 	EXP 	choiceA: color = 'green (named)'
26.5311 	EXP 	conBlank: autoDraw = False
26.5491 	EXP 	choiceA: color = 'green (named)'
26.5644 	EXP 	choiceA: color = 'green (named)'
26.5814 	EXP 	choiceA: color = 'green (named)'
26.5975 	EXP 	choiceA: color = 'green (named)'
26.6146 	EXP 	choiceA: color = 'green (named)'
26.6311 	EXP 	choiceA: color = 'green (named)'
26.6479 	EXP 	choiceA: color = 'green (named)'
26.6643 	EXP 	choiceA: color = 'green (named)'
26.6811 	EXP 	choiceA: color = 'green (named)'
26.6978 	EXP 	choiceA: color = 'green (named)'
26.7144 	EXP 	choiceA: color = 'green (named)'
26.7314 	EXP 	choiceA: color = 'green (named)'
26.7480 	EXP 	choiceA: color = 'green (named)'
26.7651 	EXP 	choiceA: color = 'green (named)'
26.7814 	EXP 	choiceA: color = 'green (named)'
26.7981 	EXP 	choiceA: color = 'green (named)'
26.8148 	EXP 	choiceA: color = 'green (named)'
26.8314 	EXP 	choiceA: color = 'green (named)'
26.8484 	EXP 	choiceA: color = 'green (named)'
26.8648 	EXP 	choiceA: color = 'green (named)'
26.8814 	EXP 	choiceA: color = 'green (named)'
26.8982 	EXP 	choiceA: color = 'green (named)'
26.9150 	EXP 	choiceA: color = 'green (named)'
26.9317 	EXP 	choiceA: color = 'green (named)'
26.9482 	EXP 	choiceA: color = 'green (named)'
26.9651 	EXP 	choiceA: color = 'green (named)'
26.9825 	EXP 	choiceA: color = 'green (named)'
26.9985 	EXP 	choiceA: color = 'green (named)'
27.0148 	EXP 	choiceA: color = 'green (named)'
27.0315 	EXP 	choiceA: color = 'green (named)'
27.0482 	EXP 	choiceA: color = 'green (named)'
27.0652 	EXP 	choiceA: color = 'green (named)'
27.0819 	EXP 	choiceA: color = 'green (named)'
27.0983 	EXP 	choiceA: color = 'green (named)'
27.1152 	EXP 	choiceA: color = 'green (named)'
27.1319 	EXP 	choiceA: color = 'green (named)'
27.1486 	EXP 	choiceA: color = 'green (named)'
27.1653 	EXP 	choiceA: color = 'green (named)'
27.1818 	EXP 	choiceA: color = 'green (named)'
27.1987 	EXP 	choiceA: color = 'green (named)'
27.2154 	EXP 	choiceA: color = 'green (named)'
27.2318 	EXP 	choiceA: color = 'green (named)'
27.2485 	EXP 	choiceA: color = 'green (named)'
27.2652 	EXP 	choiceA: color = 'green (named)'
27.2818 	EXP 	choiceA: color = 'green (named)'
27.2996 	EXP 	choiceA: color = 'green (named)'
27.3157 	EXP 	choiceA: color = 'green (named)'
27.3321 	EXP 	choiceA: color = 'green (named)'
27.3485 	EXP 	choiceA: color = 'green (named)'
27.3653 	EXP 	choiceA: color = 'green (named)'
27.3821 	EXP 	choiceA: color = 'green (named)'
27.3986 	EXP 	choiceA: color = 'green (named)'
27.4153 	EXP 	choiceA: color = 'green (named)'
27.4319 	EXP 	choiceA: color = 'green (named)'
27.4486 	EXP 	choiceA: color = 'green (named)'
27.4654 	EXP 	choiceA: color = 'green (named)'
27.4823 	EXP 	choiceA: color = 'green (named)'
27.4985 	EXP 	choiceA: color = 'green (named)'
27.5155 	EXP 	choiceA: color = 'green (named)'
27.5323 	EXP 	choiceA: color = 'green (named)'
27.5486 	EXP 	choiceA: color = 'green (named)'
27.5655 	EXP 	choiceA: color = 'green (named)'
27.5816 	EXP 	choiceA: color = 'green (named)'
27.5986 	EXP 	choiceA: color = 'green (named)'
27.6153 	EXP 	choiceA: color = 'green (named)'
27.6320 	EXP 	choiceA: color = 'green (named)'
27.6485 	EXP 	choiceA: color = 'green (named)'
27.6655 	EXP 	choiceA: color = 'green (named)'
27.6820 	EXP 	choiceA: color = 'green (named)'
27.6989 	EXP 	choiceA: color = 'green (named)'
27.7154 	EXP 	choiceA: color = 'green (named)'
27.7321 	EXP 	choiceA: color = 'green (named)'
27.7490 	EXP 	choiceA: color = 'green (named)'
27.7656 	EXP 	choiceA: color = 'green (named)'
27.7822 	EXP 	choiceA: color = 'green (named)'
27.7990 	EXP 	choiceA: color = 'green (named)'
27.8158 	EXP 	choiceA: color = 'green (named)'
27.8323 	EXP 	choiceA: color = 'green (named)'
27.8489 	EXP 	choiceA: color = 'green (named)'
27.8657 	EXP 	choiceA: color = 'green (named)'
27.8824 	EXP 	choiceA: color = 'green (named)'
27.8992 	EXP 	choiceA: color = 'green (named)'
27.9159 	EXP 	choiceA: color = 'green (named)'
27.9325 	EXP 	choiceA: color = 'green (named)'
27.9494 	EXP 	choiceA: color = 'green (named)'
27.9667 	EXP 	choiceA: color = 'green (named)'
27.9826 	EXP 	choiceA: color = 'green (named)'
27.9994 	EXP 	choiceA: color = 'green (named)'
28.0160 	EXP 	choiceA: color = 'green (named)'
28.0326 	EXP 	choiceA: color = 'green (named)'
28.0493 	EXP 	choiceA: color = 'green (named)'
28.0661 	EXP 	choiceA: color = 'green (named)'
28.0825 	EXP 	choiceA: color = 'green (named)'
28.0994 	EXP 	choiceA: color = 'green (named)'
28.1159 	EXP 	choiceA: color = 'green (named)'
28.1327 	EXP 	choiceA: color = 'green (named)'
28.1496 	EXP 	choiceA: color = 'green (named)'
28.1660 	EXP 	choiceA: color = 'green (named)'
28.1829 	EXP 	choiceA: color = 'green (named)'
28.1994 	EXP 	choiceA: color = 'green (named)'
28.2161 	EXP 	choiceA: color = 'green (named)'
28.2327 	EXP 	choiceA: color = 'green (named)'
28.2494 	EXP 	choiceA: color = 'green (named)'
28.2662 	EXP 	choiceA: color = 'green (named)'
28.2830 	EXP 	choiceA: color = 'green (named)'
28.2997 	EXP 	choiceA: color = 'green (named)'
28.3163 	EXP 	choiceA: color = 'green (named)'
28.3330 	EXP 	choiceA: color = 'green (named)'
28.3496 	EXP 	choiceA: color = 'green (named)'
28.3660 	EXP 	choiceA: color = 'green (named)'
28.3828 	EXP 	choiceA: color = 'green (named)'
28.3998 	EXP 	choiceA: color = 'green (named)'
28.4161 	EXP 	choiceA: color = 'green (named)'
28.4328 	EXP 	choiceA: color = 'green (named)'
28.4498 	EXP 	choiceA: color = 'green (named)'
28.4663 	EXP 	choiceA: color = 'green (named)'
28.4831 	EXP 	choiceA: color = 'green (named)'
28.4995 	EXP 	choiceA: color = 'green (named)'
28.5166 	EXP 	choiceA: color = 'green (named)'
28.5329 	EXP 	choiceA: color = 'green (named)'
28.5498 	EXP 	choiceA: color = 'green (named)'
28.5664 	EXP 	choiceA: color = 'green (named)'
28.5833 	EXP 	choiceA: color = 'green (named)'
28.5995 	EXP 	choiceA: color = 'green (named)'
28.6164 	EXP 	choiceA: color = 'green (named)'
28.6329 	EXP 	choiceA: color = 'green (named)'
28.6495 	EXP 	choiceA: color = 'green (named)'
28.6659 	EXP 	choiceA: color = 'green (named)'
28.6829 	EXP 	choiceA: color = 'green (named)'
28.6995 	EXP 	choiceA: color = 'green (named)'
28.7162 	EXP 	choiceA: color = 'green (named)'
28.7337 	EXP 	choiceA: color = 'green (named)'
28.7497 	EXP 	choiceA: color = 'green (named)'
28.7663 	EXP 	choiceA: color = 'green (named)'
28.7833 	EXP 	choiceA: color = 'green (named)'
28.7999 	EXP 	choiceA: color = 'green (named)'
28.8164 	EXP 	choiceA: color = 'green (named)'
28.8332 	EXP 	choiceA: color = 'green (named)'
28.8496 	EXP 	choiceA: color = 'green (named)'
28.8665 	EXP 	choiceA: color = 'green (named)'
28.8832 	EXP 	choiceA: color = 'green (named)'
28.8999 	EXP 	choiceA: color = 'green (named)'
28.9166 	EXP 	choiceA: color = 'green (named)'
28.9334 	EXP 	choiceA: color = 'green (named)'
28.9499 	EXP 	choiceA: color = 'green (named)'
28.9666 	EXP 	choiceA: color = 'green (named)'
28.9833 	EXP 	choiceA: color = 'green (named)'
29.0003 	EXP 	choiceA: color = 'green (named)'
29.0166 	EXP 	choiceA: color = 'green (named)'
29.0338 	EXP 	choiceA: color = 'green (named)'
29.0502 	EXP 	choiceA: color = 'green (named)'
29.0671 	EXP 	choiceA: color = 'green (named)'
29.0834 	EXP 	choiceA: color = 'green (named)'
29.1001 	EXP 	choiceA: color = 'green (named)'
29.1169 	EXP 	choiceA: color = 'green (named)'
29.1335 	EXP 	choiceA: color = 'green (named)'
29.1500 	EXP 	choiceA: color = 'green (named)'
29.1670 	EXP 	choiceA: color = 'green (named)'
29.1835 	EXP 	choiceA: color = 'green (named)'
29.2001 	EXP 	choiceA: color = 'green (named)'
29.2169 	EXP 	choiceA: color = 'green (named)'
29.2337 	EXP 	choiceA: color = 'green (named)'
29.2503 	EXP 	choiceA: color = 'green (named)'
29.2669 	EXP 	choiceA: color = 'green (named)'
29.2835 	EXP 	choiceA: color = 'green (named)'
29.3014 	EXP 	choiceA: color = 'green (named)'
29.3190 	EXP 	choiceA: color = 'green (named)'
29.3339 	EXP 	choiceA: color = 'green (named)'
29.3501 	EXP 	choiceA: color = 'green (named)'
29.3669 	EXP 	choiceA: color = 'green (named)'
29.3835 	EXP 	choiceA: color = 'green (named)'
29.4002 	EXP 	choiceA: color = 'green (named)'
29.4170 	EXP 	choiceA: color = 'green (named)'
29.4336 	EXP 	choiceA: color = 'green (named)'
29.4503 	EXP 	choiceA: color = 'green (named)'
29.4670 	EXP 	choiceA: color = 'green (named)'
29.4837 	EXP 	choiceA: color = 'green (named)'
29.5010 	EXP 	choiceA: color = 'green (named)'
29.5169 	EXP 	choiceA: color = 'green (named)'
29.5337 	EXP 	choiceA: color = 'green (named)'
29.5503 	EXP 	choiceA: color = 'green (named)'
29.5671 	EXP 	choiceA: color = 'green (named)'
29.5838 	EXP 	choiceA: color = 'green (named)'
29.6008 	EXP 	choiceA: color = 'green (named)'
29.6170 	EXP 	choiceA: color = 'green (named)'
29.6338 	EXP 	choiceA: color = 'green (named)'
29.6503 	EXP 	choiceA: color = 'green (named)'
29.6669 	EXP 	choiceA: color = 'green (named)'
29.6836 	EXP 	choiceA: color = 'green (named)'
29.7005 	EXP 	choiceA: color = 'green (named)'
29.7180 	EXP 	choiceA: color = 'green (named)'
29.7336 	EXP 	choiceA: color = 'green (named)'
29.7504 	EXP 	choiceA: color = 'green (named)'
29.7673 	EXP 	choiceA: color = 'green (named)'
29.7839 	EXP 	choiceA: color = 'green (named)'
29.8006 	EXP 	choiceA: color = 'green (named)'
29.8172 	EXP 	choiceA: color = 'green (named)'
29.8340 	EXP 	choiceA: color = 'green (named)'
29.8506 	EXP 	choiceA: color = 'green (named)'
29.8673 	EXP 	choiceA: color = 'green (named)'
29.8840 	EXP 	choiceA: color = 'green (named)'
29.9007 	EXP 	choiceA: color = 'green (named)'
29.9173 	EXP 	choiceA: color = 'green (named)'
29.9345 	EXP 	choiceA: color = 'green (named)'
29.9506 	EXP 	choiceA: color = 'green (named)'
29.9674 	EXP 	choiceA: color = 'green (named)'
29.9840 	EXP 	choiceA: color = 'green (named)'
30.0008 	EXP 	choiceA: color = 'green (named)'
30.0174 	EXP 	choiceA: color = 'green (named)'
30.0342 	EXP 	choiceA: color = 'green (named)'
30.0508 	EXP 	choiceA: color = 'green (named)'
30.0675 	EXP 	choiceA: color = 'green (named)'
30.0841 	EXP 	choiceA: color = 'green (named)'
30.1011 	EXP 	choiceA: color = 'green (named)'
30.1177 	EXP 	choiceA: color = 'green (named)'
30.1343 	EXP 	choiceA: color = 'green (named)'
30.1510 	EXP 	choiceA: color = 'green (named)'
30.1677 	EXP 	choiceA: color = 'green (named)'
30.1845 	EXP 	choiceA: color = 'green (named)'
30.2010 	EXP 	choiceA: color = 'green (named)'
30.2178 	EXP 	choiceA: color = 'green (named)'
30.2343 	EXP 	choiceA: color = 'green (named)'
30.2511 	EXP 	choiceA: color = 'green (named)'
30.2676 	EXP 	choiceA: color = 'green (named)'
30.2844 	EXP 	choiceA: color = 'green (named)'
30.3015 	EXP 	choiceA: color = 'green (named)'
30.3179 	EXP 	choiceA: color = 'green (named)'
30.3348 	EXP 	choiceA: color = 'green (named)'
30.3511 	EXP 	choiceA: color = 'green (named)'
30.3676 	EXP 	choiceA: color = 'green (named)'
30.3846 	EXP 	choiceA: color = 'green (named)'
30.4013 	EXP 	choiceA: color = 'green (named)'
30.4180 	EXP 	choiceA: color = 'green (named)'
30.4345 	EXP 	choiceA: color = 'green (named)'
30.4510 	EXP 	choiceA: color = 'green (named)'
30.4678 	EXP 	choiceA: color = 'green (named)'
30.4854 	EXP 	choiceA: color = 'green (named)'
30.5013 	EXP 	choiceA: color = 'green (named)'
30.5178 	EXP 	choiceA: color = 'green (named)'
30.5349 	EXP 	choiceA: color = 'green (named)'
30.5512 	EXP 	choiceA: color = 'green (named)'
30.5678 	EXP 	choiceA: color = 'green (named)'
30.5846 	EXP 	choiceA: color = 'green (named)'
30.6010 	EXP 	choiceA: color = 'green (named)'
30.6178 	EXP 	choiceA: color = 'green (named)'
30.6342 	EXP 	choiceA: color = 'green (named)'
30.6512 	EXP 	choiceA: color = 'green (named)'
30.6677 	EXP 	choiceA: color = 'green (named)'
30.6847 	EXP 	choiceA: color = 'green (named)'
30.7015 	EXP 	choiceA: color = 'green (named)'
30.7179 	EXP 	choiceA: color = 'green (named)'
30.7344 	EXP 	choiceA: color = 'green (named)'
30.7515 	EXP 	choiceA: color = 'green (named)'
30.7681 	EXP 	choiceA: color = 'green (named)'
30.7847 	EXP 	choiceA: color = 'green (named)'
30.8014 	EXP 	choiceA: color = 'green (named)'
30.8182 	EXP 	choiceA: color = 'green (named)'
30.8347 	EXP 	choiceA: color = 'green (named)'
30.8516 	EXP 	choiceA: color = 'green (named)'
30.8681 	EXP 	choiceA: color = 'green (named)'
30.8851 	EXP 	choiceA: color = 'green (named)'
30.9017 	EXP 	choiceA: color = 'green (named)'
30.9182 	EXP 	choiceA: color = 'green (named)'
30.9349 	EXP 	choiceA: color = 'green (named)'
30.9514 	EXP 	choiceA: color = 'green (named)'
30.9682 	EXP 	choiceA: color = 'green (named)'
30.9851 	EXP 	choiceA: color = 'green (named)'
31.0017 	EXP 	choiceA: color = 'green (named)'
31.0181 	EXP 	choiceA: color = 'green (named)'
31.0349 	EXP 	choiceA: color = 'green (named)'
31.0518 	EXP 	choiceA: color = 'green (named)'
31.0682 	EXP 	choiceA: color = 'green (named)'
31.0850 	EXP 	choiceA: color = 'green (named)'
31.1018 	EXP 	choiceA: color = 'green (named)'
31.1186 	EXP 	choiceA: color = 'green (named)'
31.1354 	EXP 	choiceA: color = 'green (named)'
31.1519 	EXP 	choiceA: color = 'green (named)'
31.1683 	EXP 	choiceA: color = 'green (named)'
31.1852 	EXP 	choiceA: color = 'green (named)'
31.2017 	EXP 	choiceA: color = 'green (named)'
31.2184 	EXP 	choiceA: color = 'green (named)'
31.2353 	EXP 	choiceA: color = 'green (named)'
31.2520 	EXP 	choiceA: color = 'green (named)'
31.2685 	EXP 	choiceA: color = 'green (named)'
31.2851 	EXP 	choiceA: color = 'green (named)'
31.3019 	EXP 	choiceA: color = 'green (named)'
31.3187 	EXP 	choiceA: color = 'green (named)'
31.3355 	EXP 	choiceA: color = 'green (named)'
31.3525 	EXP 	choiceA: color = 'green (named)'
31.3686 	EXP 	choiceA: color = 'green (named)'
31.3854 	EXP 	choiceA: color = 'green (named)'
31.4019 	EXP 	choiceA: color = 'green (named)'
31.4188 	EXP 	choiceA: color = 'green (named)'
31.4351 	EXP 	choiceA: color = 'green (named)'
31.4521 	EXP 	choiceA: color = 'green (named)'
31.4689 	EXP 	choiceA: color = 'green (named)'
31.4850 	EXP 	choiceA: color = 'green (named)'
31.5023 	EXP 	choiceA: color = 'green (named)'
31.5188 	EXP 	choiceA: color = 'green (named)'
31.5356 	EXP 	choiceA: color = 'green (named)'
31.5520 	EXP 	choiceA: color = 'green (named)'
31.5690 	EXP 	choiceA: color = 'green (named)'
31.5854 	EXP 	choiceA: color = 'green (named)'
31.6017 	EXP 	choiceA: color = 'green (named)'
31.6184 	EXP 	choiceA: color = 'green (named)'
31.6354 	EXP 	choiceA: color = 'green (named)'
31.6519 	EXP 	choiceA: color = 'green (named)'
31.6686 	EXP 	choiceA: color = 'green (named)'
31.6857 	EXP 	choiceA: color = 'green (named)'
31.7021 	EXP 	choiceA: color = 'green (named)'
31.7188 	EXP 	choiceA: color = 'green (named)'
31.7355 	EXP 	choiceA: color = 'green (named)'
31.7522 	EXP 	choiceA: color = 'green (named)'
31.7689 	EXP 	choiceA: color = 'green (named)'
31.7856 	EXP 	choiceA: color = 'green (named)'
31.8023 	EXP 	choiceA: color = 'green (named)'
31.8189 	EXP 	choiceA: color = 'green (named)'
31.8356 	EXP 	choiceA: color = 'green (named)'
31.8524 	EXP 	choiceA: color = 'green (named)'
31.8689 	EXP 	choiceA: color = 'green (named)'
31.8857 	EXP 	choiceA: color = 'green (named)'
31.9024 	EXP 	choiceA: color = 'green (named)'
31.9192 	EXP 	choiceA: color = 'green (named)'
31.9357 	EXP 	choiceA: color = 'green (named)'
31.9523 	EXP 	choiceA: color = 'green (named)'
31.9692 	EXP 	choiceA: color = 'green (named)'
31.9858 	EXP 	choiceA: color = 'green (named)'
32.0027 	EXP 	choiceA: color = 'green (named)'
32.0195 	EXP 	choiceA: color = 'green (named)'
32.0359 	EXP 	choiceA: color = 'green (named)'
32.0526 	EXP 	choiceA: color = 'green (named)'
32.0692 	EXP 	choiceA: color = 'green (named)'
32.0859 	EXP 	choiceA: color = 'green (named)'
32.1024 	EXP 	choiceA: color = 'green (named)'
32.1194 	EXP 	choiceA: color = 'green (named)'
32.1360 	EXP 	choiceA: color = 'green (named)'
32.1525 	EXP 	choiceA: color = 'green (named)'
32.1692 	EXP 	choiceA: color = 'green (named)'
32.1861 	EXP 	choiceA: color = 'green (named)'
32.2028 	EXP 	choiceA: color = 'green (named)'
32.2195 	EXP 	choiceA: color = 'green (named)'
32.2360 	EXP 	choiceA: color = 'green (named)'
32.2529 	EXP 	choiceA: color = 'green (named)'
32.2694 	EXP 	choiceA: color = 'green (named)'
32.2861 	EXP 	choiceA: color = 'green (named)'
32.3028 	EXP 	choiceA: color = 'green (named)'
32.3195 	EXP 	choiceA: color = 'green (named)'
32.3364 	EXP 	choiceA: color = 'green (named)'
32.3528 	EXP 	choiceA: color = 'green (named)'
32.3693 	EXP 	choiceA: color = 'green (named)'
32.3862 	EXP 	choiceA: color = 'green (named)'
32.4029 	EXP 	choiceA: color = 'green (named)'
32.4195 	EXP 	choiceA: color = 'green (named)'
32.4364 	EXP 	choiceA: color = 'green (named)'
32.4536 	EXP 	choiceA: color = 'green (named)'
32.4694 	EXP 	choiceA: color = 'green (named)'
32.4858 	EXP 	choiceA: color = 'green (named)'
32.5028 	EXP 	choiceA: color = 'green (named)'
32.5195 	EXP 	choiceA: color = 'green (named)'
32.5362 	EXP 	choiceA: color = 'green (named)'
32.5528 	EXP 	choiceA: color = 'green (named)'
32.5697 	EXP 	choiceA: color = 'green (named)'
32.5861 	EXP 	choiceA: color = 'green (named)'
32.6028 	EXP 	choiceA: color = 'green (named)'
32.6195 	EXP 	choiceA: color = 'green (named)'
32.6365 	EXP 	choiceA: color = 'green (named)'
32.6526 	EXP 	choiceA: color = 'green (named)'
32.6700 	EXP 	choiceA: color = 'green (named)'
32.6861 	EXP 	choiceA: color = 'green (named)'
32.7029 	EXP 	choiceA: color = 'green (named)'
32.7196 	EXP 	choiceA: color = 'green (named)'
32.7364 	EXP 	choiceA: color = 'green (named)'
32.7529 	EXP 	choiceA: color = 'green (named)'
32.7698 	EXP 	choiceA: color = 'green (named)'
32.7863 	EXP 	choiceA: color = 'green (named)'
32.8033 	EXP 	choiceA: color = 'green (named)'
32.8200 	EXP 	choiceA: color = 'green (named)'
32.8367 	EXP 	choiceA: color = 'green (named)'
32.8532 	EXP 	choiceA: color = 'green (named)'
32.8699 	EXP 	choiceA: color = 'green (named)'
32.8871 	EXP 	choiceA: color = 'green (named)'
32.9034 	EXP 	choiceA: color = 'green (named)'
32.9199 	EXP 	choiceA: color = 'green (named)'
32.9368 	EXP 	choiceA: color = 'green (named)'
32.9535 	EXP 	choiceA: color = 'green (named)'
32.9701 	EXP 	choiceA: color = 'green (named)'
32.9869 	EXP 	choiceA: color = 'green (named)'
33.0033 	EXP 	choiceA: color = 'green (named)'
33.0201 	EXP 	choiceA: color = 'green (named)'
33.0368 	EXP 	choiceA: color = 'green (named)'
33.0534 	EXP 	choiceA: color = 'green (named)'
33.0701 	EXP 	choiceA: color = 'green (named)'
33.0869 	EXP 	choiceA: color = 'green (named)'
33.1034 	EXP 	choiceA: color = 'green (named)'
33.1201 	EXP 	choiceA: color = 'green (named)'
33.1370 	EXP 	choiceA: color = 'green (named)'
33.1535 	EXP 	choiceA: color = 'green (named)'
33.1702 	EXP 	choiceA: color = 'green (named)'
33.1870 	EXP 	choiceA: color = 'green (named)'
33.2036 	EXP 	choiceA: color = 'green (named)'
33.2206 	EXP 	choiceA: color = 'green (named)'
33.2369 	EXP 	choiceA: color = 'green (named)'
33.2537 	EXP 	choiceA: color = 'green (named)'
33.2704 	EXP 	choiceA: color = 'green (named)'
33.2870 	EXP 	choiceA: color = 'green (named)'
33.3035 	EXP 	choiceA: color = 'green (named)'
33.3204 	EXP 	choiceA: color = 'green (named)'
33.3370 	EXP 	choiceA: color = 'green (named)'
33.3537 	EXP 	choiceA: color = 'green (named)'
33.3703 	EXP 	choiceA: color = 'green (named)'
33.3871 	EXP 	choiceA: color = 'green (named)'
33.4036 	EXP 	choiceA: color = 'green (named)'
33.4204 	EXP 	choiceA: color = 'green (named)'
33.4376 	EXP 	choiceA: color = 'green (named)'
33.4537 	EXP 	choiceA: color = 'green (named)'
33.4704 	EXP 	choiceA: color = 'green (named)'
33.4868 	EXP 	choiceA: color = 'green (named)'
33.5035 	EXP 	choiceA: color = 'green (named)'
33.5204 	EXP 	choiceA: color = 'green (named)'
33.5369 	EXP 	choiceA: color = 'green (named)'
33.5540 	EXP 	choiceA: color = 'green (named)'
33.5706 	EXP 	choiceA: color = 'green (named)'
33.5870 	EXP 	choiceA: color = 'green (named)'
33.6037 	EXP 	choiceA: color = 'green (named)'
33.6205 	EXP 	choiceA: color = 'green (named)'
33.6375 	EXP 	choiceA: color = 'green (named)'
33.6545 	EXP 	choiceA: color = 'green (named)'
33.6704 	EXP 	choiceA: color = 'green (named)'
33.6869 	EXP 	choiceA: color = 'green (named)'
33.7039 	EXP 	choiceA: color = 'green (named)'
33.7204 	EXP 	choiceA: color = 'green (named)'
33.7372 	EXP 	choiceA: color = 'green (named)'
33.7539 	EXP 	choiceA: color = 'green (named)'
33.7705 	EXP 	choiceA: color = 'green (named)'
33.7872 	EXP 	choiceA: color = 'green (named)'
33.8042 	EXP 	choiceA: color = 'green (named)'
33.8207 	EXP 	choiceA: color = 'green (named)'
33.8375 	EXP 	choiceA: color = 'green (named)'
33.8542 	EXP 	choiceA: color = 'green (named)'
33.8707 	EXP 	choiceA: color = 'green (named)'
33.8875 	EXP 	choiceA: color = 'green (named)'
33.9043 	EXP 	choiceA: color = 'green (named)'
33.9207 	EXP 	choiceA: color = 'green (named)'
33.9375 	EXP 	choiceA: color = 'green (named)'
33.9543 	EXP 	choiceA: color = 'green (named)'
33.9713 	EXP 	choiceA: color = 'green (named)'
33.9874 	EXP 	choiceA: color = 'green (named)'
34.0041 	EXP 	choiceA: color = 'green (named)'
34.0208 	EXP 	choiceA: color = 'green (named)'
34.0374 	EXP 	choiceA: color = 'green (named)'
34.0543 	EXP 	choiceA: color = 'green (named)'
34.0709 	EXP 	choiceA: color = 'green (named)'
34.0876 	EXP 	choiceA: color = 'green (named)'
34.1044 	EXP 	choiceA: color = 'green (named)'
34.1209 	EXP 	choiceA: color = 'green (named)'
34.1377 	EXP 	choiceA: color = 'green (named)'
34.1544 	EXP 	choiceA: color = 'green (named)'
34.1709 	EXP 	choiceA: color = 'green (named)'
34.1880 	EXP 	choiceA: color = 'green (named)'
34.2046 	EXP 	choiceA: color = 'green (named)'
34.2212 	EXP 	choiceA: color = 'green (named)'
34.2377 	EXP 	choiceA: color = 'green (named)'
34.2543 	EXP 	choiceA: color = 'green (named)'
34.2712 	EXP 	choiceA: color = 'green (named)'
34.2877 	EXP 	choiceA: color = 'green (named)'
34.3045 	EXP 	choiceA: color = 'green (named)'
34.3211 	EXP 	choiceA: color = 'green (named)'
34.3377 	EXP 	choiceA: color = 'green (named)'
34.3546 	EXP 	choiceA: color = 'green (named)'
34.3712 	EXP 	choiceA: color = 'green (named)'
34.3878 	EXP 	choiceA: color = 'green (named)'
34.4044 	EXP 	choiceA: color = 'green (named)'
34.4217 	EXP 	choiceA: color = 'green (named)'
34.4380 	EXP 	choiceA: color = 'green (named)'
34.4545 	EXP 	choiceA: color = 'green (named)'
34.4713 	EXP 	choiceA: color = 'green (named)'
34.4877 	EXP 	choiceA: color = 'green (named)'
34.5047 	EXP 	choiceA: color = 'green (named)'
34.5209 	EXP 	choiceA: color = 'green (named)'
34.5378 	EXP 	choiceA: color = 'green (named)'
34.5545 	EXP 	choiceA: color = 'green (named)'
34.5713 	EXP 	choiceA: color = 'green (named)'
34.5877 	EXP 	choiceA: color = 'green (named)'
34.6045 	EXP 	choiceA: color = 'green (named)'
34.6211 	EXP 	choiceA: color = 'green (named)'
34.6377 	EXP 	choiceA: color = 'green (named)'
34.6546 	EXP 	choiceA: color = 'green (named)'
34.6711 	EXP 	choiceA: color = 'green (named)'
34.6880 	EXP 	choiceA: color = 'green (named)'
34.7043 	EXP 	choiceA: color = 'green (named)'
34.7217 	EXP 	choiceA: color = 'green (named)'
34.7380 	EXP 	choiceA: color = 'green (named)'
34.7548 	EXP 	choiceA: color = 'green (named)'
34.7713 	EXP 	choiceA: color = 'green (named)'
34.7881 	EXP 	choiceA: color = 'green (named)'
34.8050 	EXP 	choiceA: color = 'green (named)'
34.8216 	EXP 	choiceA: color = 'green (named)'
34.8382 	EXP 	choiceA: color = 'green (named)'
34.8548 	EXP 	choiceA: color = 'green (named)'
34.8715 	EXP 	choiceA: color = 'green (named)'
34.8881 	EXP 	choiceA: color = 'green (named)'
34.9049 	EXP 	choiceA: color = 'green (named)'
34.9216 	EXP 	choiceA: color = 'green (named)'
34.9383 	EXP 	choiceA: color = 'green (named)'
34.9549 	EXP 	choiceA: color = 'green (named)'
34.9723 	EXP 	choiceA: color = 'green (named)'
34.9883 	EXP 	choiceA: color = 'green (named)'
35.0055 	EXP 	choiceA: color = 'green (named)'
35.0230 	EXP 	choiceA: color = 'green (named)'
35.0418 	EXP 	choiceA: color = 'green (named)'
35.0580 	EXP 	choiceA: color = 'green (named)'
35.0731 	EXP 	choiceA: color = 'green (named)'
35.0885 	EXP 	choiceA: color = 'green (named)'
35.1054 	EXP 	choiceA: color = 'green (named)'
35.1220 	EXP 	choiceA: color = 'green (named)'
35.1387 	EXP 	choiceA: color = 'green (named)'
35.1556 	EXP 	choiceA: color = 'green (named)'
35.1721 	EXP 	choiceA: color = 'green (named)'
35.1896 	EXP 	choiceA: color = 'green (named)'
35.2057 	EXP 	choiceA: color = 'green (named)'
35.2225 	EXP 	choiceA: color = 'green (named)'
35.2393 	EXP 	choiceA: color = 'green (named)'
35.2559 	EXP 	choiceA: color = 'green (named)'
35.2721 	EXP 	choiceA: color = 'green (named)'
35.2886 	EXP 	choiceA: color = 'green (named)'
35.3051 	EXP 	choiceA: color = 'green (named)'
35.3219 	EXP 	choiceA: color = 'green (named)'
35.3386 	EXP 	choiceA: color = 'green (named)'
35.3553 	EXP 	choiceA: color = 'green (named)'
35.3718 	EXP 	choiceA: color = 'green (named)'
35.3887 	EXP 	choiceA: color = 'green (named)'
35.4058 	EXP 	choiceA: color = 'green (named)'
35.4223 	EXP 	choiceA: color = 'green (named)'
35.4388 	EXP 	choiceA: color = 'green (named)'
35.4554 	EXP 	choiceA: color = 'green (named)'
35.4720 	EXP 	choiceA: color = 'green (named)'
35.4882 	EXP 	choiceA: color = 'green (named)'
35.5054 	EXP 	choiceA: color = 'green (named)'
35.5220 	EXP 	choiceA: color = 'green (named)'
35.5387 	EXP 	choiceA: color = 'green (named)'
35.5554 	EXP 	choiceA: color = 'green (named)'
35.5721 	EXP 	choiceA: color = 'green (named)'
35.5886 	EXP 	choiceA: color = 'green (named)'
35.6053 	EXP 	choiceA: color = 'green (named)'
35.6227 	EXP 	choiceA: color = 'green (named)'
35.6388 	EXP 	choiceA: color = 'green (named)'
35.6554 	EXP 	choiceA: color = 'green (named)'
35.6718 	EXP 	choiceA: color = 'green (named)'
35.6887 	EXP 	choiceA: color = 'green (named)'
35.7056 	EXP 	choiceA: color = 'green (named)'
35.7218 	EXP 	choiceA: color = 'green (named)'
35.7387 	EXP 	choiceA: color = 'green (named)'
35.7556 	EXP 	choiceA: color = 'green (named)'
35.7721 	EXP 	choiceA: color = 'green (named)'
35.7890 	EXP 	choiceA: color = 'green (named)'
35.8058 	EXP 	choiceA: color = 'green (named)'
35.8225 	EXP 	choiceA: color = 'green (named)'
35.8392 	EXP 	choiceA: color = 'green (named)'
35.8558 	EXP 	choiceA: color = 'green (named)'
35.8724 	EXP 	choiceA: color = 'green (named)'
35.8892 	EXP 	choiceA: color = 'green (named)'
35.9057 	EXP 	choiceA: color = 'green (named)'
35.9227 	EXP 	choiceA: color = 'green (named)'
35.9391 	EXP 	choiceA: color = 'green (named)'
35.9560 	EXP 	choiceA: color = 'green (named)'
35.9727 	EXP 	choiceA: color = 'green (named)'
35.9891 	EXP 	choiceA: color = 'green (named)'
36.0060 	EXP 	choiceA: color = 'green (named)'
36.0225 	EXP 	choiceA: color = 'green (named)'
36.0393 	EXP 	choiceA: color = 'green (named)'
36.0565 	EXP 	choiceA: color = 'green (named)'
36.0596 	DATA 	Keypress: escape
36.0724 	EXP 	choiceA: color = 'green (named)'
36.0892 	EXP 	choiceA: color = 'green (named)'
36.1060 	EXP 	choiceA: color = 'green (named)'
36.1225 	EXP 	choiceA: color = 'green (named)'
36.1394 	EXP 	choiceA: color = 'green (named)'
36.1817 	EXP 	window1: mouseVisible = True
