4.0291 	WARNING 	User requested fullscreen with size [1024  768], but screen is actually [1920, 1200]. Using actual size
4.7941 	EXP 	Created window1 = Window(allowGUI=False, allowStencil=False, args=UNKNOWN, autoLog=True, bitsMode=UNKNOWN, blendMode='avg', color=array([0., 0., 0.]), colorSpace='rgb', fullscr=<method-wrapper '__getattribute__' of attributeSetter object at 0x000001ED1629BF60>, gamma=None, gammaErrorPolicy='raise', kwargs=UNKNOWN, lms=UNKNOWN, monitor=<psychopy.monitors.calibTools.Monitor object at 0x000001ED16093C50>, multiSample=False, name='window1', numSamples=2, pos=[0.0, 0.0], screen=0, size=array([1920, 1200]), stereo=False, units='height', useFBO=True, useRetina=False, viewOri=0.0, viewPos=None, viewScale=None, waitBlanking=True, winType='pyglet')
4.7941 	EXP 	window1: recordFrameIntervals = False
4.9604 	EXP 	window1: recordFrameIntervals = True
5.1439 	EXP 	window1: recordFrameIntervals = False
5.3426 	EXP 	Created instruct = TextStim(__class__=<class 'psychopy.visual.text.TextStim'>, alignHoriz='center', alignVert='center', antialias=True, autoLog=True, bold=False, color='white', colorSpace='named', contrast=1.0, depth=0.0, flipHoriz=False, flipVert=False, font='Arial', fontFiles=[], height=0.05, italic=False, languageStyle='LTR', name='instruct', opacity=1.0, ori=0, pos=array([0., 0.]), rgb=array([255., 255., 255.]), text=str(...), units='height', win=Window(...), wrapWidth=1.4)
5.3607 	EXP 	Created regCue = TextStim(__class__=<class 'psychopy.visual.text.TextStim'>, alignHoriz='center', alignVert='center', antialias=True, autoLog=True, bold=False, color='white', colorSpace='named', contrast=1.0, depth=0.0, flipHoriz=False, flipVert=False, font='Arial', fontFiles=[], height=0.1, italic=False, languageStyle='LTR', name='regCue', opacity=1.0, ori=0, pos=array([0., 0.]), rgb=array([255., 255., 255.]), text='REGULATE', units='height', win=Window(...), wrapWidth=1)
5.3766 	EXP 	Created choiceQ = TextStim(__class__=<class 'psychopy.visual.text.TextStim'>, alignHoriz='center', alignVert='center', antialias=True, autoLog=True, bold=False, color='white', colorSpace='named', contrast=1.0, depth=0.0, flipHoriz=False, flipVert=False, font='Arial', fontFiles=[], height=0.05, italic=False, languageStyle='LTR', name='choiceQ', opacity=1.0, ori=0, pos=array([0.  , 0.35]), rgb=array([255., 255., 255.]), text=str(...), units='height', win=Window(...), wrapWidth=1.4)
5.3899 	EXP 	Created testChoice = TextStim(__class__=<class 'psychopy.visual.text.TextStim'>, alignHoriz='center', alignVert='center', antialias=True, autoLog=True, bold=False, color='white', colorSpace='named', contrast=1.0, depth=-2.0, flipHoriz=False, flipVert=False, font='Arial', fontFiles=[], height=0.04, italic=False, languageStyle='LTR', name='testChoice', opacity=1.0, ori=0, pos=array([-0.41,  0.15]), rgb=array([255., 255., 255.]), text='Practice Standardized Test Questions', units='height', win=Window(...), wrapWidth=1)
5.3957 	EXP 	Created videogameChoice = TextStim(__class__=<class 'psychopy.visual.text.TextStim'>, alignHoriz='center', alignVert='center', antialias=True, autoLog=True, bold=False, color='white', colorSpace='named', contrast=1.0, depth=-3.0, flipHoriz=False, flipVert=False, font='Arial', fontFiles=[], height=0.04, italic=False, languageStyle='LTR', name='videogameChoice', opacity=1.0, ori=0, pos=array([0.41, 0.15]), rgb=array([255., 255., 255.]), text='Play a Videogame', units='height', win=Window(...), wrapWidth=1)
5.4000 	EXP 	Created gre = ImageStim(__class__=<class 'psychopy.visual.image.ImageStim'>, autoLog=True, color=array([1., 1., 1.]), colorSpace='rgb', contrast=1.0, depth=-4.0, flipHoriz=False, flipVert=False, image='gre.png', interpolate=True, mask=None, maskParams=None, name='gre', opacity=1.0, ori=0.0, pos=array([-0.41,  0.02]), size=array([0.3  , 0.105]), texRes=128, units='height', win=Window(...))
5.4027 	EXP 	Created gmat = ImageStim(__class__=<class 'psychopy.visual.image.ImageStim'>, autoLog=True, color=array([1., 1., 1.]), colorSpace='rgb', contrast=1.0, depth=-5.0, flipHoriz=False, flipVert=False, image='gmat.png', interpolate=True, mask=None, maskParams=None, name='gmat', opacity=1.0, ori=0.0, pos=array([-0.41, -0.13]), size=array([0.3 , 0.11]), texRes=128, units='height', win=Window(...))
5.4043 	EXP 	Created lsat = ImageStim(__class__=<class 'psychopy.visual.image.ImageStim'>, autoLog=True, color=array([1., 1., 1.]), colorSpace='rgb', contrast=1.0, depth=-6.0, flipHoriz=False, flipVert=False, image='lsat.png', interpolate=True, mask=None, maskParams=None, name='lsat', opacity=1.0, ori=0.0, pos=array([-0.41, -0.27]), size=array([0.3 , 0.11]), texRes=128, units='height', win=Window(...))
5.4071 	EXP 	Created mcat = ImageStim(__class__=<class 'psychopy.visual.image.ImageStim'>, autoLog=True, color=array([1., 1., 1.]), colorSpace='rgb', contrast=1.0, depth=-7.0, flipHoriz=False, flipVert=False, image='mcat.png', interpolate=True, mask=None, maskParams=None, name='mcat', opacity=1.0, ori=0.0, pos=array([-0.41, -0.41]), size=array([0.3 , 0.11]), texRes=128, units='height', win=Window(...))
5.4181 	EXP 	Created game = ImageStim(__class__=<class 'psychopy.visual.image.ImageStim'>, autoLog=True, color=array([1., 1., 1.]), colorSpace='rgb', contrast=1.0, depth=-8.0, flipHoriz=False, flipVert=False, image='game.png', interpolate=True, mask=None, maskParams=None, name='game', opacity=1.0, ori=0.0, pos=array([ 0.41, -0.19]), size=array([0.4, 0.5]), texRes=128, units='height', win=Window(...))
5.4185 	EXP 	Created blank = TextStim(__class__=<class 'psychopy.visual.text.TextStim'>, alignHoriz='center', alignVert='center', antialias=True, autoLog=True, bold=False, color='white', colorSpace='named', contrast=1.0, depth=-9.0, flipHoriz=False, flipVert=False, font='Arial', fontFiles=[], height=0.1, italic=False, languageStyle='LTR', name='blank', opacity=1.0, ori=0, pos=array([0., 0.]), rgb=array([255., 255., 255.]), text='', units='height', win=Window(...), wrapWidth=1)
5.4479 	EXP 	Created testQChoice = TextStim(__class__=<class 'psychopy.visual.text.TextStim'>, alignHoriz='center', alignVert='center', antialias=True, autoLog=True, bold=False, color='white', colorSpace='named', contrast=1.0, depth=0.0, flipHoriz=False, flipVert=False, font='Arial', fontFiles=[], height=0.055, italic=False, languageStyle='LTR', name='testQChoice', opacity=1.0, ori=0, pos=array([0.  , 0.35]), rgb=array([255., 255., 255.]), text=str(...), units='height', win=Window(...), wrapWidth=1.3)
5.4512 	EXP 	Created image = ImageStim(__class__=<class 'psychopy.visual.image.ImageStim'>, autoLog=True, color=array([1., 1., 1.]), colorSpace='rgb', contrast=1.0, depth=-1.0, flipHoriz=False, flipVert=False, image='gre.png', interpolate=True, mask=None, maskParams=None, name='image', opacity=1.0, ori=0.0, pos=array([0.   , 0.105]), size=array([0.3 , 0.11]), texRes=128, units='height', win=Window(...))
5.4535 	EXP 	Created image_2 = ImageStim(__class__=<class 'psychopy.visual.image.ImageStim'>, autoLog=True, color=array([1., 1., 1.]), colorSpace='rgb', contrast=1.0, depth=-2.0, flipHoriz=False, flipVert=False, image='gmat.png', interpolate=True, mask=None, maskParams=None, name='image_2', opacity=1.0, ori=0.0, pos=array([ 0.  , -0.05]), size=array([0.3 , 0.11]), texRes=128, units='height', win=Window(...))
5.4554 	EXP 	Created image_3 = ImageStim(__class__=<class 'psychopy.visual.image.ImageStim'>, autoLog=True, color=array([1., 1., 1.]), colorSpace='rgb', contrast=1.0, depth=-3.0, flipHoriz=False, flipVert=False, image='lsat.png', interpolate=True, mask=None, maskParams=None, name='image_3', opacity=1.0, ori=0.0, pos=array([ 0. , -0.2]), size=array([0.3 , 0.11]), texRes=128, units='height', win=Window(...))
5.4579 	EXP 	Created image_4 = ImageStim(__class__=<class 'psychopy.visual.image.ImageStim'>, autoLog=True, color=array([1., 1., 1.]), colorSpace='rgb', contrast=1.0, depth=-4.0, flipHoriz=False, flipVert=False, image='mcat.png', interpolate=True, mask=None, maskParams=None, name='image_4', opacity=1.0, ori=0.0, pos=array([ 0.  , -0.35]), size=array([0.3 , 0.11]), texRes=128, units='height', win=Window(...))
5.4596 	EXP 	Created polygon = Rect(__class__=<class 'psychopy.visual.rect.Rect'>, autoDraw=False, autoLog=True, closeShape=True, color=method-wrapper(...), colorSpace=None, contrast=1.0, depth=-6.0, fillColor=None, fillColorSpace='rgb', fillRGB=None, interpolate=True, lineColor=array([-1., -1., -1.]), lineColorSpace='rgb', lineRGB=array([-1., -1., -1.]), lineWidth=1.0, name='polygon', opacity=1.0, ori=array(1.), pos=array([0., 0.]), size=array([1., 1.]), units='height', vertices=ndarray(...), win=Window(...))
5.4895 	EXP 	instruct: autoDraw = True
6.3201 	DATA 	Keypress: space
6.3281 	EXP 	instruct: autoDraw = False
6.3281 	EXP 	regCue: autoDraw = True
9.3464 	EXP 	regCue: autoDraw = False
9.3464 	EXP 	regCue: autoDraw = False
9.3464 	EXP 	blank: text = ''
9.3464 	EXP 	choiceQ: autoDraw = True
9.3464 	EXP 	testChoice: autoDraw = True
9.3464 	EXP 	videogameChoice: autoDraw = True
9.3464 	EXP 	gre: autoDraw = True
9.3464 	EXP 	gmat: autoDraw = True
9.3464 	EXP 	lsat: autoDraw = True
9.3464 	EXP 	mcat: autoDraw = True
9.3464 	EXP 	game: autoDraw = True
10.4698 	DATA 	Keypress: 1
10.4982 	EXP 	blank: autoDraw = True
10.4982 	EXP 	testChoice: color = 'green (named)'
10.5149 	EXP 	testChoice: color = 'green (named)'
10.5317 	EXP 	testChoice: color = 'green (named)'
10.5482 	EXP 	testChoice: color = 'green (named)'
10.5652 	EXP 	testChoice: color = 'green (named)'
10.5817 	EXP 	testChoice: color = 'green (named)'
10.5982 	EXP 	testChoice: color = 'green (named)'
10.6149 	EXP 	testChoice: color = 'green (named)'
10.6316 	EXP 	testChoice: color = 'green (named)'
10.6483 	EXP 	testChoice: color = 'green (named)'
10.6650 	EXP 	testChoice: color = 'green (named)'
10.6816 	EXP 	testChoice: color = 'green (named)'
10.6983 	EXP 	testChoice: color = 'green (named)'
10.7151 	EXP 	testChoice: color = 'green (named)'
10.7318 	EXP 	testChoice: color = 'green (named)'
10.7484 	EXP 	testChoice: color = 'green (named)'
10.7650 	EXP 	testChoice: color = 'green (named)'
10.7819 	EXP 	testChoice: color = 'green (named)'
10.7984 	EXP 	testChoice: color = 'green (named)'
10.8151 	EXP 	testChoice: color = 'green (named)'
10.8318 	EXP 	testChoice: color = 'green (named)'
10.8485 	EXP 	testChoice: color = 'green (named)'
10.8653 	EXP 	testChoice: color = 'green (named)'
10.8819 	EXP 	testChoice: color = 'green (named)'
10.8986 	EXP 	testChoice: color = 'green (named)'
10.9151 	EXP 	testChoice: color = 'green (named)'
10.9318 	EXP 	testChoice: color = 'green (named)'
10.9486 	EXP 	testChoice: color = 'green (named)'
10.9653 	EXP 	testChoice: color = 'green (named)'
10.9819 	EXP 	testChoice: color = 'green (named)'
10.9988 	EXP 	testChoice: color = 'green (named)'
11.0153 	EXP 	testChoice: color = 'green (named)'
11.0321 	EXP 	testChoice: color = 'green (named)'
11.0486 	EXP 	testChoice: color = 'green (named)'
11.0653 	EXP 	testChoice: color = 'green (named)'
11.0819 	EXP 	testChoice: color = 'green (named)'
11.0988 	EXP 	testChoice: color = 'green (named)'
11.1152 	EXP 	testChoice: color = 'green (named)'
11.1321 	EXP 	testChoice: color = 'green (named)'
11.1486 	EXP 	testChoice: color = 'green (named)'
11.1654 	EXP 	testChoice: color = 'green (named)'
11.1820 	EXP 	testChoice: color = 'green (named)'
11.1991 	EXP 	testChoice: color = 'green (named)'
11.2152 	EXP 	testChoice: color = 'green (named)'
11.2322 	EXP 	testChoice: color = 'green (named)'
11.2487 	EXP 	testChoice: color = 'green (named)'
11.2654 	EXP 	testChoice: color = 'green (named)'
11.2821 	EXP 	testChoice: color = 'green (named)'
11.2987 	EXP 	testChoice: color = 'green (named)'
11.3155 	EXP 	testChoice: color = 'green (named)'
11.3322 	EXP 	testChoice: color = 'green (named)'
11.3489 	EXP 	testChoice: color = 'green (named)'
11.3656 	EXP 	testChoice: color = 'green (named)'
11.3821 	EXP 	testChoice: color = 'green (named)'
11.3990 	EXP 	testChoice: color = 'green (named)'
11.4155 	EXP 	testChoice: color = 'green (named)'
11.4322 	EXP 	testChoice: color = 'green (named)'
11.4490 	EXP 	testChoice: color = 'green (named)'
11.4656 	EXP 	testChoice: color = 'green (named)'
11.4824 	EXP 	testChoice: color = 'green (named)'
11.4990 	EXP 	testChoice: color = 'green (named)'
11.5157 	EXP 	testChoice: color = 'green (named)'
11.5324 	EXP 	testChoice: color = 'green (named)'
11.5490 	EXP 	testChoice: color = 'green (named)'
11.5658 	EXP 	testChoice: color = 'green (named)'
11.5825 	EXP 	testChoice: color = 'green (named)'
11.5992 	EXP 	testChoice: color = 'green (named)'
11.6157 	EXP 	testChoice: color = 'green (named)'
11.6325 	EXP 	testChoice: color = 'green (named)'
11.6491 	EXP 	testChoice: color = 'green (named)'
11.6660 	EXP 	testChoice: color = 'green (named)'
11.6825 	EXP 	testChoice: color = 'green (named)'
11.6993 	EXP 	testChoice: color = 'green (named)'
11.7158 	EXP 	testChoice: color = 'green (named)'
11.7325 	EXP 	testChoice: color = 'green (named)'
11.7491 	EXP 	testChoice: color = 'green (named)'
11.7659 	EXP 	testChoice: color = 'green (named)'
11.7826 	EXP 	testChoice: color = 'green (named)'
11.7993 	EXP 	testChoice: color = 'green (named)'
11.8160 	EXP 	testChoice: color = 'green (named)'
11.8327 	EXP 	testChoice: color = 'green (named)'
11.8493 	EXP 	testChoice: color = 'green (named)'
11.8660 	EXP 	testChoice: color = 'green (named)'
11.8827 	EXP 	testChoice: color = 'green (named)'
11.8994 	EXP 	testChoice: color = 'green (named)'
11.9159 	EXP 	testChoice: color = 'green (named)'
11.9326 	EXP 	testChoice: color = 'green (named)'
11.9494 	EXP 	testChoice: color = 'green (named)'
11.9660 	EXP 	testChoice: color = 'green (named)'
11.9828 	EXP 	testChoice: color = 'green (named)'
11.9995 	EXP 	blank: autoDraw = False
11.9995 	EXP 	testChoice: color = 'green (named)'
12.0161 	EXP 	choiceQ: autoDraw = False
12.0161 	EXP 	testChoice: autoDraw = False
12.0161 	EXP 	videogameChoice: autoDraw = False
12.0161 	EXP 	gre: autoDraw = False
12.0161 	EXP 	gmat: autoDraw = False
12.0161 	EXP 	lsat: autoDraw = False
12.0161 	EXP 	mcat: autoDraw = False
12.0161 	EXP 	game: autoDraw = False
12.0161 	EXP 	testChoice: color = 'green (named)'
12.0161 	EXP 	choiceQ: autoDraw = False
12.0161 	EXP 	testChoice: autoDraw = False
12.0161 	EXP 	videogameChoice: autoDraw = False
12.0161 	EXP 	gre: autoDraw = False
12.0161 	EXP 	gmat: autoDraw = False
12.0161 	EXP 	lsat: autoDraw = False
12.0161 	EXP 	mcat: autoDraw = False
12.0161 	EXP 	game: autoDraw = False
12.0161 	EXP 	blank: autoDraw = False
12.0161 	EXP 	videogameChoice: color = 'white (named)'
12.0161 	EXP 	testChoice: color = 'white (named)'
12.0161 	EXP 	choiceQ: autoDraw = False
12.0161 	EXP 	testChoice: autoDraw = False
12.0161 	EXP 	videogameChoice: autoDraw = False
12.0161 	EXP 	gre: autoDraw = False
12.0161 	EXP 	gmat: autoDraw = False
12.0161 	EXP 	lsat: autoDraw = False
12.0161 	EXP 	mcat: autoDraw = False
12.0161 	EXP 	polygon: opacity = 1.0
12.0161 	EXP 	polygon: size = array([0.32, 0.13])
12.0161 	EXP 	polygon: ori = 0.0
12.0161 	EXP 	polygon: lineWidth = 8.0
12.0161 	EXP 	testQChoice: autoDraw = True
12.0161 	EXP 	image: autoDraw = True
12.0161 	EXP 	image_2: autoDraw = True
12.0161 	EXP 	image_3: autoDraw = True
12.0161 	EXP 	image_4: autoDraw = True
15.0555 	EXP 	window1: mouseVisible = True
