7.3509 	WARNING 	User requested fullscreen with size [1024  768], but screen is actually [1920, 1200]. Using actual size
8.1857 	EXP 	Created window1 = Window(allowGUI=False, allowStencil=False, args=UNKNOWN, autoLog=True, bitsMode=UNKNOWN, blendMode='avg', color=array([0., 0., 0.]), colorSpace='rgb', fullscr=<method-wrapper '__getattribute__' of attributeSetter object at 0x0000015EBB3B77F0>, gamma=None, gammaErrorPolicy='raise', kwargs=UNKNOWN, lms=UNKNOWN, monitor=<psychopy.monitors.calibTools.Monitor object at 0x0000015EBB348FD0>, multiSample=False, name='window1', numSamples=2, pos=[0.0, 0.0], screen=0, size=array([1920, 1200]), stereo=False, units='height', useFBO=True, useRetina=False, viewOri=0.0, viewPos=None, viewScale=None, waitBlanking=True, winType='pyglet')
8.1857 	EXP 	window1: recordFrameIntervals = False
8.3516 	EXP 	window1: recordFrameIntervals = True
8.5350 	EXP 	window1: recordFrameIntervals = False
8.7721 	EXP 	Created Instructions = TextStim(__class__=<class 'psychopy.visual.text.TextStim'>, alignHoriz='center', alignVert='center', antialias=True, autoLog=True, bold=False, color='white', colorSpace='named', contrast=1.0, depth=0.0, flipHoriz=False, flipVert=False, font='Arial', fontFiles=[], height=0.045, italic=False, languageStyle='LTR', name='Instructions', opacity=1.0, ori=0, pos=array([0., 0.]), rgb=array([255., 255., 255.]), text=str(...), units='height', win=Window(...), wrapWidth=1.45)
8.7916 	EXP 	Created cueText = TextStim(__class__=<class 'psychopy.visual.text.TextStim'>, alignHoriz='center', alignVert='center', antialias=True, autoLog=True, bold=False, color='white', colorSpace='named', contrast=1.0, depth=0.0, flipHoriz=False, flipVert=False, font='Arial', fontFiles=[], height=0.1, italic=False, languageStyle='LTR', name='cueText', opacity=1.0, ori=0, pos=array([0., 0.]), rgb=array([255., 255., 255.]), text='default text', units='height', win=Window(...), wrapWidth=1)
8.8009 	EXP 	Created sendInstructions = TextStim(__class__=<class 'psychopy.visual.text.TextStim'>, alignHoriz='center', alignVert='center', antialias=True, autoLog=True, bold=False, color='white', colorSpace='named', contrast=1.0, depth=0.0, flipHoriz=False, flipVert=False, font='Arial', fontFiles=[], height=0.04, italic=False, languageStyle='LTR', name='sendInstructions', opacity=1.0, ori=0, pos=array([ 0.  , -0.11]), rgb=array([255., 255., 255.]), text='default text', units='height', win=Window(...), wrapWidth=1.4)
8.8122 	EXP 	Created Player1Name = TextStim(__class__=<class 'psychopy.visual.text.TextStim'>, alignHoriz='center', alignVert='center', antialias=True, autoLog=True, bold=False, color='white', colorSpace='named', contrast=1.0, depth=-1.0, flipHoriz=False, flipVert=False, font='Arial', fontFiles=[], height=0.06, italic=False, languageStyle='LTR', name='Player1Name', opacity=1.0, ori=0, pos=array([0. , 0.2]), rgb=array([255., 255., 255.]), text='default text', units='height', win=Window(...), wrapWidth=1)
8.8144 	EXP 	Created Player1Pic = ImageStim(__class__=<class 'psychopy.visual.image.ImageStim'>, autoLog=True, color=array([1., 1., 1.]), colorSpace='rgb', contrast=1.0, depth=-2.0, flipHoriz=False, flipVert=False, image='sin', interpolate=True, mask=None, maskParams=None, name='Player1Pic', opacity=1.0, ori=0.0, pos=array([0., 0.]), size=array([1., 1.]), texRes=128, units='height', win=Window(...))
8.8149 	EXP 	Created response = TextStim(__class__=<class 'psychopy.visual.text.TextStim'>, alignHoriz='center', alignVert='center', antialias=True, autoLog=True, bold=False, color='white', colorSpace='named', contrast=1.0, depth=-4.0, flipHoriz=False, flipVert=False, font='Arial', fontFiles=[], height=0.04, italic=False, languageStyle='LTR', name='response', opacity=1.0, ori=0, pos=array([ 0.  , -0.35]), rgb=array([255., 255., 255.]), text='', units='height', win=Window(...), wrapWidth=1)
8.8195 	EXP 	Created Feedback = TextStim(__class__=<class 'psychopy.visual.text.TextStim'>, alignHoriz='center', alignVert='center', antialias=True, autoLog=True, bold=False, color='white', colorSpace='named', contrast=1.0, depth=0.0, flipHoriz=False, flipVert=False, font='Arial', fontFiles=[], height=0.1, italic=False, languageStyle='LTR', name='Feedback', opacity=1.0, ori=0, pos=array([0., 0.]), rgb=array([255., 255., 255.]), text='default text', units='height', win=Window(...), wrapWidth=1)
8.8242 	EXP 	Created sendInst2 = TextStim(__class__=<class 'psychopy.visual.text.TextStim'>, alignHoriz='center', alignVert='center', antialias=True, autoLog=True, bold=False, color='white', colorSpace='named', contrast=1.0, depth=0.0, flipHoriz=False, flipVert=False, font='Arial', fontFiles=[], height=0.045, italic=False, languageStyle='LTR', name='sendInst2', opacity=1.0, ori=0, pos=array([ 0.  , -0.15]), rgb=array([255., 255., 255.]), text='default text', units='height', win=Window(...), wrapWidth=1.4)
8.8276 	EXP 	Created Player2Name = TextStim(__class__=<class 'psychopy.visual.text.TextStim'>, alignHoriz='center', alignVert='center', antialias=True, autoLog=True, bold=False, color='white', colorSpace='named', contrast=1.0, depth=-1.0, flipHoriz=False, flipVert=False, font='Arial', fontFiles=[], height=0.06, italic=False, languageStyle='LTR', name='Player2Name', opacity=1.0, ori=0, pos=array([0. , 0.2]), rgb=array([255., 255., 255.]), text='default text', units='height', win=Window(...), wrapWidth=1)
8.8298 	EXP 	Created Player2Pic = ImageStim(__class__=<class 'psychopy.visual.image.ImageStim'>, autoLog=True, color=array([1., 1., 1.]), colorSpace='rgb', contrast=1.0, depth=-2.0, flipHoriz=False, flipVert=False, image='sin', interpolate=True, mask=None, maskParams=None, name='Player2Pic', opacity=1.0, ori=0.0, pos=array([0., 0.]), size=array([1., 1.]), texRes=128, units='height', win=Window(...))
8.8342 	EXP 	Created Feedback2 = TextStim(__class__=<class 'psychopy.visual.text.TextStim'>, alignHoriz='center', alignVert='center', antialias=True, autoLog=True, bold=False, color='white', colorSpace='named', contrast=1.0, depth=0.0, flipHoriz=False, flipVert=False, font='Arial', fontFiles=[], height=0.1, italic=False, languageStyle='LTR', name='Feedback2', opacity=1.0, ori=0, pos=array([0., 0.]), rgb=array([255., 255., 255.]), text='default text', units='height', win=Window(...), wrapWidth=1)
8.8657 	EXP 	Instructions: autoDraw = True
9.7735 	DATA 	Keypress: space
9.8154 	EXP 	Imported DictatorGame.xlsx as conditions, 10 conditions, 5 params
9.8156 	EXP 	Created sequence: random, trialTypes=10, nReps=2, seed=None
9.8158 	EXP 	New trial (rep=0, index=0): OrderedDict([('textTypePlayer1', 'Please indicate how many dollars you will give Player 1:   '), ('CueType', 'REACT'), ('textTypePlayer2', 'Please indicate how many dollars you will give Player 2:   '), ('Player1', None), ('Player2', None)])
9.8342 	EXP 	Instructions: autoDraw = False
9.8342 	EXP 	cueText: text = 'REACT'
9.8342 	EXP 	cueText: autoDraw = True
14.7957 	EXP 	Imported DictatorGame.xlsx as conditions, 10 conditions, 5 params
14.7959 	EXP 	Created sequence: sequential, trialTypes=10, nReps=1, seed=None
14.7961 	EXP 	New trial (rep=0, index=0): OrderedDict([('textTypePlayer1', 'Please indicate how many dollars you will give Player 1:   '), ('CueType', 'REGULATE'), ('textTypePlayer2', 'Please indicate how many dollars you will give Player 2:   '), ('Player1', '1patterns.png'), ('Player2', '3pattern.png')])
14.8825 	EXP 	cueText: autoDraw = False
14.8825 	EXP 	sendInstructions: text = 'You have been given $5 to use. You have the opportunity to send money to Player 1. You may give them all or none of the money, or any amount in between, using increments of $1. Therefore you can choose to give them $0, $1, $2, $3, $4, or $5.\nThe amount of money you send to them will be tripled, and Player 1 will then have the opportunity to give some money amount back to you. '
14.8825 	EXP 	Player1Name: text = 'Player 1'
14.8825 	EXP 	Player1Pic: pos = array([0.  , 0.36])
14.8825 	EXP 	Player1Pic: size = array([0.2, 0.2])
14.8825 	EXP 	Player1Pic: image = '1patterns.png'
14.8825 	EXP 	response: text = ''
14.8825 	EXP 	sendInstructions: autoDraw = True
14.8825 	EXP 	Player1Name: autoDraw = True
14.8825 	EXP 	Player1Pic: autoDraw = True
14.8825 	EXP 	response: autoDraw = True
14.8825 	EXP 	response: text = 'Please indicate how many dollars you will give Player 1:   '
14.9038 	EXP 	response: text = 'Please indicate how many dollars you will give Player 1:   '
14.9232 	EXP 	response: text = 'Please indicate how many dollars you will give Player 1:   '
14.9401 	EXP 	response: text = 'Please indicate how many dollars you will give Player 1:   '
14.9566 	EXP 	response: text = 'Please indicate how many dollars you will give Player 1:   '
14.9733 	EXP 	response: text = 'Please indicate how many dollars you will give Player 1:   '
14.9900 	EXP 	response: text = 'Please indicate how many dollars you will give Player 1:   '
15.0069 	EXP 	response: text = 'Please indicate how many dollars you will give Player 1:   '
15.0235 	EXP 	response: text = 'Please indicate how many dollars you will give Player 1:   '
15.0401 	EXP 	response: text = 'Please indicate how many dollars you will give Player 1:   '
15.0568 	EXP 	response: text = 'Please indicate how many dollars you will give Player 1:   '
15.0734 	EXP 	response: text = 'Please indicate how many dollars you will give Player 1:   '
15.0902 	EXP 	response: text = 'Please indicate how many dollars you will give Player 1:   '
15.1069 	EXP 	response: text = 'Please indicate how many dollars you will give Player 1:   '
15.1235 	EXP 	response: text = 'Please indicate how many dollars you will give Player 1:   '
15.1404 	EXP 	response: text = 'Please indicate how many dollars you will give Player 1:   '
15.1569 	EXP 	response: text = 'Please indicate how many dollars you will give Player 1:   '
15.1736 	EXP 	response: text = 'Please indicate how many dollars you will give Player 1:   '
15.1903 	EXP 	response: text = 'Please indicate how many dollars you will give Player 1:   '
15.2070 	EXP 	response: text = 'Please indicate how many dollars you will give Player 1:   '
15.2237 	EXP 	response: text = 'Please indicate how many dollars you will give Player 1:   '
15.2404 	EXP 	response: text = 'Please indicate how many dollars you will give Player 1:   '
15.2570 	EXP 	response: text = 'Please indicate how many dollars you will give Player 1:   '
15.2737 	EXP 	response: text = 'Please indicate how many dollars you will give Player 1:   '
15.2906 	EXP 	response: text = 'Please indicate how many dollars you will give Player 1:   '
15.3070 	EXP 	response: text = 'Please indicate how many dollars you will give Player 1:   '
15.3238 	EXP 	response: text = 'Please indicate how many dollars you will give Player 1:   '
15.3406 	EXP 	response: text = 'Please indicate how many dollars you will give Player 1:   '
15.3572 	EXP 	response: text = 'Please indicate how many dollars you will give Player 1:   '
15.3736 	EXP 	response: text = 'Please indicate how many dollars you will give Player 1:   '
15.3906 	EXP 	response: text = 'Please indicate how many dollars you will give Player 1:   '
15.4072 	EXP 	response: text = 'Please indicate how many dollars you will give Player 1:   '
15.4238 	EXP 	response: text = 'Please indicate how many dollars you will give Player 1:   '
15.4406 	EXP 	response: text = 'Please indicate how many dollars you will give Player 1:   '
15.4572 	EXP 	response: text = 'Please indicate how many dollars you will give Player 1:   '
15.4741 	EXP 	response: text = 'Please indicate how many dollars you will give Player 1:   '
15.4908 	EXP 	response: text = 'Please indicate how many dollars you will give Player 1:   '
15.5074 	EXP 	response: text = 'Please indicate how many dollars you will give Player 1:   '
15.5242 	EXP 	response: text = 'Please indicate how many dollars you will give Player 1:   '
15.5407 	EXP 	response: text = 'Please indicate how many dollars you will give Player 1:   '
15.5574 	EXP 	response: text = 'Please indicate how many dollars you will give Player 1:   '
15.5739 	EXP 	response: text = 'Please indicate how many dollars you will give Player 1:   '
15.5907 	EXP 	response: text = 'Please indicate how many dollars you will give Player 1:   '
15.6073 	EXP 	response: text = 'Please indicate how many dollars you will give Player 1:   '
15.6241 	EXP 	response: text = 'Please indicate how many dollars you will give Player 1:   '
15.6407 	EXP 	response: text = 'Please indicate how many dollars you will give Player 1:   '
15.6573 	EXP 	response: text = 'Please indicate how many dollars you will give Player 1:   '
15.6740 	EXP 	response: text = 'Please indicate how many dollars you will give Player 1:   '
15.6907 	EXP 	response: text = 'Please indicate how many dollars you will give Player 1:   '
15.7074 	EXP 	response: text = 'Please indicate how many dollars you will give Player 1:   '
15.7253 	EXP 	response: text = 'Please indicate how many dollars you will give Player 1:   '
15.7409 	EXP 	response: text = 'Please indicate how many dollars you will give Player 1:   '
15.7578 	EXP 	response: text = 'Please indicate how many dollars you will give Player 1:   '
15.7743 	EXP 	response: text = 'Please indicate how many dollars you will give Player 1:   '
15.7909 	EXP 	response: text = 'Please indicate how many dollars you will give Player 1:   '
15.8072 	EXP 	response: text = 'Please indicate how many dollars you will give Player 1:   '
15.8242 	EXP 	response: text = 'Please indicate how many dollars you will give Player 1:   '
15.8410 	EXP 	response: text = 'Please indicate how many dollars you will give Player 1:   '
15.8576 	EXP 	response: text = 'Please indicate how many dollars you will give Player 1:   '
15.8743 	EXP 	response: text = 'Please indicate how many dollars you will give Player 1:   '
15.8909 	EXP 	response: text = 'Please indicate how many dollars you will give Player 1:   '
15.9076 	EXP 	response: text = 'Please indicate how many dollars you will give Player 1:   '
15.9242 	EXP 	response: text = 'Please indicate how many dollars you will give Player 1:   '
15.9409 	EXP 	response: text = 'Please indicate how many dollars you will give Player 1:   '
15.9576 	EXP 	response: text = 'Please indicate how many dollars you will give Player 1:   '
15.9744 	EXP 	response: text = 'Please indicate how many dollars you will give Player 1:   '
15.9909 	EXP 	response: text = 'Please indicate how many dollars you will give Player 1:   '
16.0076 	EXP 	response: text = 'Please indicate how many dollars you will give Player 1:   '
16.0243 	EXP 	response: text = 'Please indicate how many dollars you will give Player 1:   '
16.0411 	EXP 	response: text = 'Please indicate how many dollars you will give Player 1:   '
16.0577 	EXP 	response: text = 'Please indicate how many dollars you will give Player 1:   '
16.0745 	EXP 	response: text = 'Please indicate how many dollars you will give Player 1:   '
16.0911 	EXP 	response: text = 'Please indicate how many dollars you will give Player 1:   '
16.1075 	EXP 	response: text = 'Please indicate how many dollars you will give Player 1:   '
16.1243 	EXP 	response: text = 'Please indicate how many dollars you will give Player 1:   '
16.1411 	EXP 	response: text = 'Please indicate how many dollars you will give Player 1:   '
16.1579 	EXP 	response: text = 'Please indicate how many dollars you will give Player 1:   '
16.1745 	EXP 	response: text = 'Please indicate how many dollars you will give Player 1:   '
16.1912 	EXP 	response: text = 'Please indicate how many dollars you will give Player 1:   '
16.2078 	EXP 	response: text = 'Please indicate how many dollars you will give Player 1:   '
16.2245 	EXP 	response: text = 'Please indicate how many dollars you will give Player 1:   '
16.2412 	EXP 	response: text = 'Please indicate how many dollars you will give Player 1:   '
16.2579 	EXP 	response: text = 'Please indicate how many dollars you will give Player 1:   '
16.2747 	EXP 	response: text = 'Please indicate how many dollars you will give Player 1:   '
16.2914 	EXP 	response: text = 'Please indicate how many dollars you will give Player 1:   '
16.3080 	EXP 	response: text = 'Please indicate how many dollars you will give Player 1:   '
16.3246 	EXP 	response: text = 'Please indicate how many dollars you will give Player 1:   '
16.3412 	EXP 	response: text = 'Please indicate how many dollars you will give Player 1:   '
16.3580 	EXP 	response: text = 'Please indicate how many dollars you will give Player 1:   '
16.3747 	EXP 	response: text = 'Please indicate how many dollars you will give Player 1:   '
16.3913 	EXP 	response: text = 'Please indicate how many dollars you will give Player 1:   '
16.4079 	EXP 	response: text = 'Please indicate how many dollars you will give Player 1:   '
16.4120 	DATA 	Keypress: 3
16.4247 	EXP 	response: text = 'Please indicate how many dollars you will give Player 1:   '
16.4412 	EXP 	response: text = 'Please indicate how many dollars you will give Player 1:   '
16.4583 	EXP 	response: text = 'Please indicate how many dollars you will give Player 1:   '
16.4750 	EXP 	response: text = 'Please indicate how many dollars you will give Player 1:   '
16.4914 	EXP 	response: text = 'Please indicate how many dollars you will give Player 1:   '
16.5082 	EXP 	response: text = 'Please indicate how many dollars you will give Player 1:   '
16.5249 	EXP 	response: text = 'Please indicate how many dollars you will give Player 1:   '
16.5417 	EXP 	response: text = 'Please indicate how many dollars you will give Player 1:   '
16.5582 	EXP 	response: text = 'Please indicate how many dollars you will give Player 1:   '
16.5750 	EXP 	response: text = 'Please indicate how many dollars you will give Player 1:   '
16.5916 	EXP 	response: text = 'Please indicate how many dollars you will give Player 1:   '
16.6084 	EXP 	response: text = 'Please indicate how many dollars you will give Player 1:   '
16.6251 	EXP 	response: text = 'Please indicate how many dollars you will give Player 1:   '
16.6416 	EXP 	response: text = 'Please indicate how many dollars you will give Player 1:   '
16.6612 	EXP 	response: text = 'Please indicate how many dollars you will give Player 1:   '
16.6749 	EXP 	response: text = 'Please indicate how many dollars you will give Player 1:   '
16.6918 	EXP 	response: text = 'Please indicate how many dollars you will give Player 1:   '
16.7082 	EXP 	response: text = 'Please indicate how many dollars you will give Player 1:   '
16.7246 	EXP 	response: text = 'Please indicate how many dollars you will give Player 1:   '
16.7415 	EXP 	response: text = 'Please indicate how many dollars you will give Player 1:   '
16.7582 	EXP 	response: text = 'Please indicate how many dollars you will give Player 1:   '
16.7750 	EXP 	response: text = 'Please indicate how many dollars you will give Player 1:   '
16.7916 	EXP 	response: text = 'Please indicate how many dollars you will give Player 1:   '
16.8083 	EXP 	response: text = 'Please indicate how many dollars you will give Player 1:   '
16.8249 	EXP 	response: text = 'Please indicate how many dollars you will give Player 1:   '
16.8417 	EXP 	response: text = 'Please indicate how many dollars you will give Player 1:   '
16.8584 	EXP 	response: text = 'Please indicate how many dollars you will give Player 1:   '
16.8750 	EXP 	response: text = 'Please indicate how many dollars you will give Player 1:   '
16.8920 	EXP 	response: text = 'Please indicate how many dollars you will give Player 1:   '
16.9084 	EXP 	response: text = 'Please indicate how many dollars you will give Player 1:   '
16.9254 	EXP 	response: text = 'Please indicate how many dollars you will give Player 1:   '
16.9420 	EXP 	response: text = 'Please indicate how many dollars you will give Player 1:   '
16.9585 	EXP 	response: text = 'Please indicate how many dollars you will give Player 1:   '
16.9753 	EXP 	response: text = 'Please indicate how many dollars you will give Player 1:   '
16.9920 	EXP 	response: text = 'Please indicate how many dollars you will give Player 1:   '
17.0087 	EXP 	response: text = 'Please indicate how many dollars you will give Player 1:   '
17.0252 	EXP 	response: text = 'Please indicate how many dollars you will give Player 1:   '
17.0420 	EXP 	response: text = 'Please indicate how many dollars you will give Player 1:   '
17.0585 	EXP 	response: text = 'Please indicate how many dollars you will give Player 1:   '
17.0751 	EXP 	response: text = 'Please indicate how many dollars you will give Player 1:   '
17.0919 	EXP 	response: text = 'Please indicate how many dollars you will give Player 1:   '
17.1085 	EXP 	response: text = 'Please indicate how many dollars you will give Player 1:   '
17.1252 	EXP 	response: text = 'Please indicate how many dollars you will give Player 1:   '
17.1421 	EXP 	response: text = 'Please indicate how many dollars you will give Player 1:   '
17.1586 	EXP 	response: text = 'Please indicate how many dollars you will give Player 1:   '
17.1753 	EXP 	response: text = 'Please indicate how many dollars you will give Player 1:   '
17.1919 	EXP 	response: text = 'Please indicate how many dollars you will give Player 1:   '
17.2086 	EXP 	response: text = 'Please indicate how many dollars you will give Player 1:   '
17.2254 	EXP 	response: text = 'Please indicate how many dollars you will give Player 1:   '
17.2420 	EXP 	response: text = 'Please indicate how many dollars you will give Player 1:   '
17.2588 	EXP 	response: text = 'Please indicate how many dollars you will give Player 1:   '
17.2754 	EXP 	response: text = 'Please indicate how many dollars you will give Player 1:   '
17.2921 	EXP 	response: text = 'Please indicate how many dollars you will give Player 1:   '
17.3090 	EXP 	response: text = 'Please indicate how many dollars you will give Player 1:   '
17.3256 	EXP 	response: text = 'Please indicate how many dollars you will give Player 1:   '
17.3421 	EXP 	response: text = 'Please indicate how many dollars you will give Player 1:   '
17.3591 	EXP 	response: text = 'Please indicate how many dollars you will give Player 1:   '
17.3755 	EXP 	response: text = 'Please indicate how many dollars you will give Player 1:   '
17.3923 	EXP 	response: text = 'Please indicate how many dollars you will give Player 1:   '
17.4090 	EXP 	response: text = 'Please indicate how many dollars you will give Player 1:   '
17.4257 	EXP 	response: text = 'Please indicate how many dollars you will give Player 1:   '
17.4423 	EXP 	response: text = 'Please indicate how many dollars you will give Player 1:   '
17.4590 	EXP 	response: text = 'Please indicate how many dollars you will give Player 1:   '
17.4755 	EXP 	response: text = 'Please indicate how many dollars you will give Player 1:   '
17.4922 	EXP 	response: text = 'Please indicate how many dollars you will give Player 1:   '
17.5091 	EXP 	response: text = 'Please indicate how many dollars you will give Player 1:   '
17.5255 	EXP 	response: text = 'Please indicate how many dollars you will give Player 1:   '
17.5425 	EXP 	response: text = 'Please indicate how many dollars you will give Player 1:   '
17.5590 	EXP 	response: text = 'Please indicate how many dollars you will give Player 1:   '
17.5757 	EXP 	response: text = 'Please indicate how many dollars you will give Player 1:   '
17.5802 	DATA 	Keypress: 2
17.5924 	EXP 	response: text = 'Please indicate how many dollars you will give Player 1:   '
17.6091 	EXP 	response: text = 'Please indicate how many dollars you will give Player 1:   '
17.6257 	EXP 	response: text = 'Please indicate how many dollars you will give Player 1:   '
17.6426 	EXP 	response: text = 'Please indicate how many dollars you will give Player 1:   '
17.6590 	EXP 	response: text = 'Please indicate how many dollars you will give Player 1:   '
17.6757 	EXP 	response: text = 'Please indicate how many dollars you will give Player 1:   '
17.6925 	EXP 	response: text = 'Please indicate how many dollars you will give Player 1:   '
17.7091 	EXP 	response: text = 'Please indicate how many dollars you will give Player 1:   '
17.7257 	EXP 	response: text = 'Please indicate how many dollars you will give Player 1:   '
17.7424 	EXP 	response: text = 'Please indicate how many dollars you will give Player 1:   '
17.7591 	EXP 	response: text = 'Please indicate how many dollars you will give Player 1:   '
17.7757 	EXP 	response: text = 'Please indicate how many dollars you will give Player 1:   '
17.7923 	EXP 	response: text = 'Please indicate how many dollars you will give Player 1:   '
17.8091 	EXP 	response: text = 'Please indicate how many dollars you will give Player 1:   '
17.8258 	EXP 	response: text = 'Please indicate how many dollars you will give Player 1:   '
17.8425 	EXP 	response: text = 'Please indicate how many dollars you will give Player 1:   '
17.8593 	EXP 	response: text = 'Please indicate how many dollars you will give Player 1:   '
17.8761 	EXP 	response: text = 'Please indicate how many dollars you will give Player 1:   '
17.8927 	EXP 	response: text = 'Please indicate how many dollars you will give Player 1:   '
17.9094 	EXP 	response: text = 'Please indicate how many dollars you will give Player 1:   '
17.9261 	EXP 	response: text = 'Please indicate how many dollars you will give Player 1:   '
17.9428 	EXP 	response: text = 'Please indicate how many dollars you will give Player 1:   '
17.9593 	EXP 	response: text = 'Please indicate how many dollars you will give Player 1:   '
17.9760 	EXP 	response: text = 'Please indicate how many dollars you will give Player 1:   '
17.9927 	EXP 	response: text = 'Please indicate how many dollars you will give Player 1:   '
18.0095 	EXP 	response: text = 'Please indicate how many dollars you will give Player 1:   '
18.0259 	EXP 	response: text = 'Please indicate how many dollars you will give Player 1:   '
18.0428 	EXP 	response: text = 'Please indicate how many dollars you will give Player 1:   '
18.0478 	DATA 	Keypress: 3
18.0594 	EXP 	response: text = 'Please indicate how many dollars you will give Player 1:   '
18.0761 	EXP 	response: text = 'Please indicate how many dollars you will give Player 1:   '
18.0928 	EXP 	response: text = 'Please indicate how many dollars you will give Player 1:   '
18.1093 	EXP 	response: text = 'Please indicate how many dollars you will give Player 1:   '
18.1261 	EXP 	response: text = 'Please indicate how many dollars you will give Player 1:   '
18.1437 	EXP 	response: text = 'Please indicate how many dollars you will give Player 1:   '
18.1595 	EXP 	response: text = 'Please indicate how many dollars you will give Player 1:   '
18.1761 	EXP 	response: text = 'Please indicate how many dollars you will give Player 1:   '
18.1928 	EXP 	response: text = 'Please indicate how many dollars you will give Player 1:   '
18.2094 	EXP 	response: text = 'Please indicate how many dollars you will give Player 1:   '
18.2261 	EXP 	response: text = 'Please indicate how many dollars you will give Player 1:   '
18.2430 	EXP 	response: text = 'Please indicate how many dollars you will give Player 1:   '
18.2595 	EXP 	response: text = 'Please indicate how many dollars you will give Player 1:   '
18.2763 	EXP 	response: text = 'Please indicate how many dollars you will give Player 1:   '
18.2931 	EXP 	response: text = 'Please indicate how many dollars you will give Player 1:   '
18.3096 	EXP 	response: text = 'Please indicate how many dollars you will give Player 1:   '
18.3262 	EXP 	response: text = 'Please indicate how many dollars you will give Player 1:   '
18.3306 	DATA 	Keypress: 2
18.3430 	EXP 	response: text = 'Please indicate how many dollars you will give Player 1:   '
18.3596 	EXP 	response: text = 'Please indicate how many dollars you will give Player 1:   '
18.3765 	EXP 	response: text = 'Please indicate how many dollars you will give Player 1:   '
18.3928 	EXP 	response: text = 'Please indicate how many dollars you will give Player 1:   '
18.4096 	EXP 	response: text = 'Please indicate how many dollars you will give Player 1:   '
18.4263 	EXP 	response: text = 'Please indicate how many dollars you will give Player 1:   '
18.4427 	EXP 	response: text = 'Please indicate how many dollars you will give Player 1:   '
18.4597 	EXP 	response: text = 'Please indicate how many dollars you will give Player 1:   '
18.4763 	EXP 	response: text = 'Please indicate how many dollars you will give Player 1:   '
18.4929 	EXP 	response: text = 'Please indicate how many dollars you will give Player 1:   '
18.5095 	EXP 	response: text = 'Please indicate how many dollars you will give Player 1:   '
18.5141 	DATA 	Keypress: 3
18.5265 	EXP 	response: text = 'Please indicate how many dollars you will give Player 1:   '
18.5429 	EXP 	response: text = 'Please indicate how many dollars you will give Player 1:   '
18.5600 	EXP 	response: text = 'Please indicate how many dollars you will give Player 1:   '
18.5764 	EXP 	response: text = 'Please indicate how many dollars you will give Player 1:   '
18.5932 	EXP 	response: text = 'Please indicate how many dollars you will give Player 1:   '
18.6097 	EXP 	response: text = 'Please indicate how many dollars you will give Player 1:   '
18.6263 	EXP 	response: text = 'Please indicate how many dollars you will give Player 1:   '
18.6432 	EXP 	response: text = 'Please indicate how many dollars you will give Player 1:   '
18.6597 	EXP 	response: text = 'Please indicate how many dollars you will give Player 1:   '
18.6766 	EXP 	response: text = 'Please indicate how many dollars you will give Player 1:   '
18.6933 	EXP 	response: text = 'Please indicate how many dollars you will give Player 1:   '
18.7099 	EXP 	response: text = 'Please indicate how many dollars you will give Player 1:   '
18.7266 	EXP 	response: text = 'Please indicate how many dollars you will give Player 1:   '
18.7431 	EXP 	response: text = 'Please indicate how many dollars you will give Player 1:   '
18.7599 	EXP 	response: text = 'Please indicate how many dollars you will give Player 1:   '
18.7766 	EXP 	response: text = 'Please indicate how many dollars you will give Player 1:   '
18.7932 	EXP 	response: text = 'Please indicate how many dollars you will give Player 1:   '
18.8100 	EXP 	response: text = 'Please indicate how many dollars you will give Player 1:   '
18.8266 	EXP 	response: text = 'Please indicate how many dollars you will give Player 1:   '
18.8434 	EXP 	response: text = 'Please indicate how many dollars you will give Player 1:   '
18.8603 	EXP 	response: text = 'Please indicate how many dollars you will give Player 1:   '
18.8769 	EXP 	response: text = 'Please indicate how many dollars you will give Player 1:   '
18.8936 	EXP 	response: text = 'Please indicate how many dollars you will give Player 1:   '
18.9104 	EXP 	response: text = 'Please indicate how many dollars you will give Player 1:   '
18.9272 	EXP 	response: text = 'Please indicate how many dollars you will give Player 1:   '
18.9435 	EXP 	response: text = 'Please indicate how many dollars you will give Player 1:   '
18.9601 	EXP 	response: text = 'Please indicate how many dollars you will give Player 1:   '
18.9649 	DATA 	Keypress: 4
18.9769 	EXP 	response: text = 'Please indicate how many dollars you will give Player 1:   '
18.9935 	EXP 	response: text = 'Please indicate how many dollars you will give Player 1:   '
19.0102 	EXP 	response: text = 'Please indicate how many dollars you will give Player 1:   '
19.0268 	EXP 	response: text = 'Please indicate how many dollars you will give Player 1:   '
19.0435 	EXP 	response: text = 'Please indicate how many dollars you will give Player 1:   '
19.0601 	EXP 	response: text = 'Please indicate how many dollars you will give Player 1:   '
19.0769 	EXP 	response: text = 'Please indicate how many dollars you will give Player 1:   '
19.0935 	EXP 	response: text = 'Please indicate how many dollars you will give Player 1:   '
19.1102 	EXP 	response: text = 'Please indicate how many dollars you will give Player 1:   '
19.1269 	EXP 	response: text = 'Please indicate how many dollars you will give Player 1:   '
19.1438 	EXP 	response: text = 'Please indicate how many dollars you will give Player 1:   '
19.1601 	EXP 	response: text = 'Please indicate how many dollars you will give Player 1:   '
19.1770 	EXP 	response: text = 'Please indicate how many dollars you will give Player 1:   '
19.1937 	EXP 	response: text = 'Please indicate how many dollars you will give Player 1:   '
19.2103 	EXP 	response: text = 'Please indicate how many dollars you will give Player 1:   '
19.2270 	EXP 	response: text = 'Please indicate how many dollars you will give Player 1:   '
19.2437 	EXP 	response: text = 'Please indicate how many dollars you will give Player 1:   '
19.2602 	EXP 	response: text = 'Please indicate how many dollars you will give Player 1:   '
19.2771 	EXP 	response: text = 'Please indicate how many dollars you will give Player 1:   '
19.2937 	EXP 	response: text = 'Please indicate how many dollars you will give Player 1:   '
19.3106 	EXP 	response: text = 'Please indicate how many dollars you will give Player 1:   '
19.3271 	EXP 	response: text = 'Please indicate how many dollars you will give Player 1:   '
19.3439 	EXP 	response: text = 'Please indicate how many dollars you will give Player 1:   '
19.3605 	EXP 	response: text = 'Please indicate how many dollars you will give Player 1:   '
19.3771 	EXP 	response: text = 'Please indicate how many dollars you will give Player 1:   '
19.3937 	EXP 	response: text = 'Please indicate how many dollars you will give Player 1:   '
19.4106 	EXP 	response: text = 'Please indicate how many dollars you will give Player 1:   '
19.4273 	EXP 	response: text = 'Please indicate how many dollars you will give Player 1:   '
19.4439 	EXP 	response: text = 'Please indicate how many dollars you will give Player 1:   '
19.4605 	EXP 	response: text = 'Please indicate how many dollars you will give Player 1:   '
19.4657 	DATA 	Keypress: 5
19.4770 	EXP 	response: text = 'Please indicate how many dollars you will give Player 1:   '
19.4937 	EXP 	response: text = 'Please indicate how many dollars you will give Player 1:   '
19.5104 	EXP 	response: text = 'Please indicate how many dollars you will give Player 1:   '
19.5272 	EXP 	response: text = 'Please indicate how many dollars you will give Player 1:   '
19.5438 	EXP 	response: text = 'Please indicate how many dollars you will give Player 1:   '
19.5606 	EXP 	response: text = 'Please indicate how many dollars you will give Player 1:   '
19.5772 	EXP 	response: text = 'Please indicate how many dollars you will give Player 1:   '
19.5939 	EXP 	response: text = 'Please indicate how many dollars you will give Player 1:   '
19.6105 	EXP 	response: text = 'Please indicate how many dollars you will give Player 1:   '
19.6274 	EXP 	response: text = 'Please indicate how many dollars you will give Player 1:   '
19.6440 	EXP 	response: text = 'Please indicate how many dollars you will give Player 1:   '
19.6608 	EXP 	response: text = 'Please indicate how many dollars you will give Player 1:   '
19.6775 	EXP 	response: text = 'Please indicate how many dollars you will give Player 1:   '
19.6945 	EXP 	response: text = 'Please indicate how many dollars you will give Player 1:   '
19.7107 	EXP 	response: text = 'Please indicate how many dollars you will give Player 1:   '
19.7276 	EXP 	response: text = 'Please indicate how many dollars you will give Player 1:   '
19.7319 	DATA 	Keypress: 4
19.7441 	EXP 	response: text = 'Please indicate how many dollars you will give Player 1:   '
19.7607 	EXP 	response: text = 'Please indicate how many dollars you will give Player 1:   '
19.7772 	EXP 	response: text = 'Please indicate how many dollars you will give Player 1:   '
19.7942 	EXP 	response: text = 'Please indicate how many dollars you will give Player 1:   '
19.8107 	EXP 	response: text = 'Please indicate how many dollars you will give Player 1:   '
19.8274 	EXP 	response: text = 'Please indicate how many dollars you will give Player 1:   '
19.8443 	EXP 	response: text = 'Please indicate how many dollars you will give Player 1:   '
19.8608 	EXP 	response: text = 'Please indicate how many dollars you will give Player 1:   '
19.8775 	EXP 	response: text = 'Please indicate how many dollars you will give Player 1:   '
19.8943 	EXP 	response: text = 'Please indicate how many dollars you will give Player 1:   '
19.9109 	EXP 	response: text = 'Please indicate how many dollars you will give Player 1:   '
19.9276 	EXP 	response: text = 'Please indicate how many dollars you will give Player 1:   '
19.9443 	EXP 	response: text = 'Please indicate how many dollars you will give Player 1:   '
19.9611 	EXP 	response: text = 'Please indicate how many dollars you will give Player 1:   '
19.9776 	EXP 	response: text = 'Please indicate how many dollars you will give Player 1:   '
19.9944 	EXP 	response: text = 'Please indicate how many dollars you will give Player 1:   '
20.0111 	EXP 	response: text = 'Please indicate how many dollars you will give Player 1:   '
20.0158 	DATA 	Keypress: 2
20.0276 	EXP 	response: text = 'Please indicate how many dollars you will give Player 1:   '
20.0444 	EXP 	response: text = 'Please indicate how many dollars you will give Player 1:   '
20.0610 	EXP 	response: text = 'Please indicate how many dollars you will give Player 1:   '
20.0776 	EXP 	response: text = 'Please indicate how many dollars you will give Player 1:   '
20.0943 	EXP 	response: text = 'Please indicate how many dollars you will give Player 1:   '
20.1111 	EXP 	response: text = 'Please indicate how many dollars you will give Player 1:   '
20.1276 	EXP 	response: text = 'Please indicate how many dollars you will give Player 1:   '
20.1447 	EXP 	response: text = 'Please indicate how many dollars you will give Player 1:   '
20.1610 	EXP 	response: text = 'Please indicate how many dollars you will give Player 1:   '
20.1778 	EXP 	response: text = 'Please indicate how many dollars you will give Player 1:   '
20.1946 	EXP 	response: text = 'Please indicate how many dollars you will give Player 1:   '
20.2109 	EXP 	response: text = 'Please indicate how many dollars you will give Player 1:   '
20.2279 	EXP 	response: text = 'Please indicate how many dollars you will give Player 1:   '
20.2445 	EXP 	response: text = 'Please indicate how many dollars you will give Player 1:   '
20.2613 	EXP 	response: text = 'Please indicate how many dollars you will give Player 1:   '
20.2779 	EXP 	response: text = 'Please indicate how many dollars you will give Player 1:   '
20.2824 	DATA 	Keypress: 3
20.2946 	EXP 	response: text = 'Please indicate how many dollars you will give Player 1:   '
20.3110 	EXP 	response: text = 'Please indicate how many dollars you will give Player 1:   '
20.3279 	EXP 	response: text = 'Please indicate how many dollars you will give Player 1:   '
20.3446 	EXP 	response: text = 'Please indicate how many dollars you will give Player 1:   '
20.3613 	EXP 	response: text = 'Please indicate how many dollars you will give Player 1:   '
20.3779 	EXP 	response: text = 'Please indicate how many dollars you will give Player 1:   '
20.3947 	EXP 	response: text = 'Please indicate how many dollars you will give Player 1:   '
20.4114 	EXP 	response: text = 'Please indicate how many dollars you will give Player 1:   '
20.4280 	EXP 	response: text = 'Please indicate how many dollars you will give Player 1:   '
20.4446 	EXP 	response: text = 'Please indicate how many dollars you will give Player 1:   '
20.4613 	EXP 	response: text = 'Please indicate how many dollars you will give Player 1:   '
20.4778 	EXP 	response: text = 'Please indicate how many dollars you will give Player 1:   '
20.4947 	EXP 	response: text = 'Please indicate how many dollars you will give Player 1:   '
20.5113 	EXP 	response: text = 'Please indicate how many dollars you will give Player 1:   '
20.5281 	EXP 	response: text = 'Please indicate how many dollars you will give Player 1:   '
20.5446 	EXP 	response: text = 'Please indicate how many dollars you will give Player 1:   '
20.5493 	DATA 	Keypress: 4
20.5616 	EXP 	response: text = 'Please indicate how many dollars you will give Player 1:   '
20.5782 	EXP 	response: text = 'Please indicate how many dollars you will give Player 1:   '
20.5950 	EXP 	response: text = 'Please indicate how many dollars you will give Player 1:   '
20.6117 	EXP 	response: text = 'Please indicate how many dollars you will give Player 1:   '
20.6283 	EXP 	response: text = 'Please indicate how many dollars you will give Player 1:   '
20.6450 	EXP 	response: text = 'Please indicate how many dollars you will give Player 1:   '
20.6616 	EXP 	response: text = 'Please indicate how many dollars you will give Player 1:   '
20.6783 	EXP 	response: text = 'Please indicate how many dollars you will give Player 1:   '
20.6952 	EXP 	response: text = 'Please indicate how many dollars you will give Player 1:   '
20.7117 	EXP 	response: text = 'Please indicate how many dollars you will give Player 1:   '
20.7284 	EXP 	response: text = 'Please indicate how many dollars you will give Player 1:   '
20.7451 	EXP 	response: text = 'Please indicate how many dollars you will give Player 1:   '
20.7615 	EXP 	response: text = 'Please indicate how many dollars you will give Player 1:   '
20.7784 	EXP 	response: text = 'Please indicate how many dollars you will give Player 1:   '
20.7949 	EXP 	response: text = 'Please indicate how many dollars you will give Player 1:   '
20.8116 	EXP 	response: text = 'Please indicate how many dollars you will give Player 1:   '
20.8284 	EXP 	response: text = 'Please indicate how many dollars you will give Player 1:   '
20.8451 	EXP 	response: text = 'Please indicate how many dollars you will give Player 1:   '
20.8617 	EXP 	response: text = 'Please indicate how many dollars you will give Player 1:   '
20.8782 	EXP 	response: text = 'Please indicate how many dollars you will give Player 1:   '
20.8951 	EXP 	response: text = 'Please indicate how many dollars you will give Player 1:   '
20.8994 	DATA 	Keypress: 5
20.9118 	EXP 	response: text = 'Please indicate how many dollars you will give Player 1:   '
20.9284 	EXP 	response: text = 'Please indicate how many dollars you will give Player 1:   '
20.9451 	EXP 	response: text = 'Please indicate how many dollars you will give Player 1:   '
20.9618 	EXP 	response: text = 'Please indicate how many dollars you will give Player 1:   '
20.9783 	EXP 	response: text = 'Please indicate how many dollars you will give Player 1:   '
20.9952 	EXP 	response: text = 'Please indicate how many dollars you will give Player 1:   '
21.0117 	EXP 	response: text = 'Please indicate how many dollars you will give Player 1:   '
21.0284 	EXP 	response: text = 'Please indicate how many dollars you will give Player 1:   '
21.0452 	EXP 	response: text = 'Please indicate how many dollars you will give Player 1:   '
21.0618 	EXP 	response: text = 'Please indicate how many dollars you will give Player 1:   '
21.0785 	EXP 	response: text = 'Please indicate how many dollars you will give Player 1:   '
21.0953 	EXP 	response: text = 'Please indicate how many dollars you will give Player 1:   '
21.1119 	EXP 	response: text = 'Please indicate how many dollars you will give Player 1:   '
21.1287 	EXP 	response: text = 'Please indicate how many dollars you will give Player 1:   '
21.1453 	EXP 	response: text = 'Please indicate how many dollars you will give Player 1:   '
21.1618 	EXP 	response: text = 'Please indicate how many dollars you will give Player 1:   '
21.1787 	EXP 	response: text = 'Please indicate how many dollars you will give Player 1:   '
21.1952 	EXP 	response: text = 'Please indicate how many dollars you will give Player 1:   '
21.2121 	EXP 	response: text = 'Please indicate how many dollars you will give Player 1:   '
21.2284 	EXP 	response: text = 'Please indicate how many dollars you will give Player 1:   '
21.2333 	DATA 	Keypress: 4
21.2453 	EXP 	response: text = 'Please indicate how many dollars you will give Player 1:   '
21.2622 	EXP 	response: text = 'Please indicate how many dollars you will give Player 1:   '
21.2791 	EXP 	response: text = 'Please indicate how many dollars you will give Player 1:   '
21.2955 	EXP 	response: text = 'Please indicate how many dollars you will give Player 1:   '
21.3123 	EXP 	response: text = 'Please indicate how many dollars you will give Player 1:   '
21.3288 	EXP 	response: text = 'Please indicate how many dollars you will give Player 1:   '
21.3457 	EXP 	response: text = 'Please indicate how many dollars you will give Player 1:   '
21.3621 	EXP 	response: text = 'Please indicate how many dollars you will give Player 1:   '
21.3787 	EXP 	response: text = 'Please indicate how many dollars you will give Player 1:   '
21.3953 	EXP 	response: text = 'Please indicate how many dollars you will give Player 1:   '
21.4120 	EXP 	response: text = 'Please indicate how many dollars you will give Player 1:   '
21.4303 	EXP 	response: text = 'Please indicate how many dollars you will give Player 1:   '
21.4452 	EXP 	response: text = 'Please indicate how many dollars you will give Player 1:   '
21.4622 	EXP 	response: text = 'Please indicate how many dollars you will give Player 1:   '
21.4787 	EXP 	response: text = 'Please indicate how many dollars you will give Player 1:   '
21.4953 	EXP 	response: text = 'Please indicate how many dollars you will give Player 1:   '
21.5001 	DATA 	Keypress: 2
21.5125 	EXP 	response: text = 'Please indicate how many dollars you will give Player 1:   '
21.5291 	EXP 	response: text = 'Please indicate how many dollars you will give Player 1:   '
21.5456 	EXP 	response: text = 'Please indicate how many dollars you will give Player 1:   '
21.5623 	EXP 	response: text = 'Please indicate how many dollars you will give Player 1:   '
21.5789 	EXP 	response: text = 'Please indicate how many dollars you will give Player 1:   '
21.5955 	EXP 	response: text = 'Please indicate how many dollars you will give Player 1:   '
21.6123 	EXP 	response: text = 'Please indicate how many dollars you will give Player 1:   '
21.6290 	EXP 	response: text = 'Please indicate how many dollars you will give Player 1:   '
21.6458 	EXP 	response: text = 'Please indicate how many dollars you will give Player 1:   '
21.6626 	EXP 	response: text = 'Please indicate how many dollars you will give Player 1:   '
21.6793 	EXP 	response: text = 'Please indicate how many dollars you will give Player 1:   '
21.6960 	EXP 	response: text = 'Please indicate how many dollars you will give Player 1:   '
21.7124 	EXP 	response: text = 'Please indicate how many dollars you will give Player 1:   '
21.7292 	EXP 	response: text = 'Please indicate how many dollars you will give Player 1:   '
21.7461 	EXP 	response: text = 'Please indicate how many dollars you will give Player 1:   '
21.7625 	EXP 	response: text = 'Please indicate how many dollars you will give Player 1:   '
21.7793 	EXP 	response: text = 'Please indicate how many dollars you will give Player 1:   '
21.7840 	DATA 	Keypress: 3
21.7960 	EXP 	response: text = 'Please indicate how many dollars you will give Player 1:   '
21.8126 	EXP 	response: text = 'Please indicate how many dollars you will give Player 1:   '
21.8293 	EXP 	response: text = 'Please indicate how many dollars you will give Player 1:   '
21.8465 	EXP 	response: text = 'Please indicate how many dollars you will give Player 1:   '
21.8626 	EXP 	response: text = 'Please indicate how many dollars you will give Player 1:   '
21.8792 	EXP 	response: text = 'Please indicate how many dollars you will give Player 1:   '
21.8958 	EXP 	response: text = 'Please indicate how many dollars you will give Player 1:   '
21.9126 	EXP 	response: text = 'Please indicate how many dollars you will give Player 1:   '
21.9292 	EXP 	response: text = 'Please indicate how many dollars you will give Player 1:   '
21.9459 	EXP 	response: text = 'Please indicate how many dollars you will give Player 1:   '
21.9628 	EXP 	response: text = 'Please indicate how many dollars you will give Player 1:   '
21.9793 	EXP 	response: text = 'Please indicate how many dollars you will give Player 1:   '
21.9960 	EXP 	response: text = 'Please indicate how many dollars you will give Player 1:   '
22.0128 	EXP 	response: text = 'Please indicate how many dollars you will give Player 1:   '
22.0295 	EXP 	response: text = 'Please indicate how many dollars you will give Player 1:   '
22.0337 	DATA 	Keypress: 4
22.0461 	EXP 	response: text = 'Please indicate how many dollars you will give Player 1:   '
22.0630 	EXP 	response: text = 'Please indicate how many dollars you will give Player 1:   '
22.0795 	EXP 	response: text = 'Please indicate how many dollars you will give Player 1:   '
22.0962 	EXP 	response: text = 'Please indicate how many dollars you will give Player 1:   '
22.1128 	EXP 	response: text = 'Please indicate how many dollars you will give Player 1:   '
22.1297 	EXP 	response: text = 'Please indicate how many dollars you will give Player 1:   '
22.1464 	EXP 	response: text = 'Please indicate how many dollars you will give Player 1:   '
22.1628 	EXP 	response: text = 'Please indicate how many dollars you will give Player 1:   '
22.1797 	EXP 	response: text = 'Please indicate how many dollars you will give Player 1:   '
22.1961 	EXP 	response: text = 'Please indicate how many dollars you will give Player 1:   '
22.2129 	EXP 	response: text = 'Please indicate how many dollars you will give Player 1:   '
22.2296 	EXP 	response: text = 'Please indicate how many dollars you will give Player 1:   '
22.2465 	EXP 	response: text = 'Please indicate how many dollars you will give Player 1:   '
22.2629 	EXP 	response: text = 'Please indicate how many dollars you will give Player 1:   '
22.2798 	EXP 	response: text = 'Please indicate how many dollars you will give Player 1:   '
22.2962 	EXP 	response: text = 'Please indicate how many dollars you will give Player 1:   '
22.3130 	EXP 	response: text = 'Please indicate how many dollars you will give Player 1:   '
22.3296 	EXP 	response: text = 'Please indicate how many dollars you will give Player 1:   '
22.3340 	DATA 	Keypress: 5
22.3464 	EXP 	response: text = 'Please indicate how many dollars you will give Player 1:   '
22.3631 	EXP 	response: text = 'Please indicate how many dollars you will give Player 1:   '
22.3798 	EXP 	response: text = 'Please indicate how many dollars you will give Player 1:   '
22.3965 	EXP 	response: text = 'Please indicate how many dollars you will give Player 1:   '
22.4131 	EXP 	response: text = 'Please indicate how many dollars you will give Player 1:   '
22.4298 	EXP 	response: text = 'Please indicate how many dollars you will give Player 1:   '
22.4464 	EXP 	response: text = 'Please indicate how many dollars you will give Player 1:   '
22.4634 	EXP 	response: text = 'Please indicate how many dollars you will give Player 1:   '
22.4797 	EXP 	response: text = 'Please indicate how many dollars you will give Player 1:   '
22.4963 	EXP 	response: text = 'Please indicate how many dollars you will give Player 1:   '
22.5131 	EXP 	response: text = 'Please indicate how many dollars you will give Player 1:   '
22.5299 	EXP 	response: text = 'Please indicate how many dollars you will give Player 1:   '
22.5465 	EXP 	response: text = 'Please indicate how many dollars you will give Player 1:   '
22.5632 	EXP 	response: text = 'Please indicate how many dollars you will give Player 1:   '
22.5797 	EXP 	response: text = 'Please indicate how many dollars you will give Player 1:   '
22.5965 	EXP 	response: text = 'Please indicate how many dollars you will give Player 1:   '
22.6132 	EXP 	response: text = 'Please indicate how many dollars you will give Player 1:   '
22.6299 	EXP 	response: text = 'Please indicate how many dollars you will give Player 1:   '
22.6465 	EXP 	response: text = 'Please indicate how many dollars you will give Player 1:   '
22.6630 	EXP 	response: text = 'Please indicate how many dollars you will give Player 1:   '
22.6799 	EXP 	response: text = 'Please indicate how many dollars you will give Player 1:   '
22.6965 	EXP 	response: text = 'Please indicate how many dollars you will give Player 1:   '
22.7131 	EXP 	response: text = 'Please indicate how many dollars you will give Player 1:   '
22.7300 	EXP 	response: text = 'Please indicate how many dollars you will give Player 1:   '
22.7466 	EXP 	response: text = 'Please indicate how many dollars you will give Player 1:   '
22.7635 	EXP 	response: text = 'Please indicate how many dollars you will give Player 1:   '
22.7801 	EXP 	response: text = 'Please indicate how many dollars you will give Player 1:   '
22.7967 	EXP 	response: text = 'Please indicate how many dollars you will give Player 1:   '
22.8134 	EXP 	response: text = 'Please indicate how many dollars you will give Player 1:   '
22.8300 	EXP 	response: text = 'Please indicate how many dollars you will give Player 1:   '
22.8467 	EXP 	response: text = 'Please indicate how many dollars you will give Player 1:   '
22.8634 	EXP 	response: text = 'Please indicate how many dollars you will give Player 1:   '
22.8801 	EXP 	response: text = 'Please indicate how many dollars you will give Player 1:   '
22.8967 	EXP 	response: text = 'Please indicate how many dollars you will give Player 1:   '
22.9136 	EXP 	response: text = 'Please indicate how many dollars you will give Player 1:   '
22.9303 	EXP 	response: text = 'Please indicate how many dollars you will give Player 1:   '
22.9471 	EXP 	response: text = 'Please indicate how many dollars you will give Player 1:   '
22.9637 	EXP 	response: text = 'Please indicate how many dollars you will give Player 1:   '
22.9801 	EXP 	response: text = 'Please indicate how many dollars you will give Player 1:   '
22.9969 	EXP 	response: text = 'Please indicate how many dollars you will give Player 1:   '
23.0136 	EXP 	response: text = 'Please indicate how many dollars you will give Player 1:   '
23.0302 	EXP 	response: text = 'Please indicate how many dollars you will give Player 1:   '
23.0471 	EXP 	response: text = 'Please indicate how many dollars you will give Player 1:   '
23.0636 	EXP 	response: text = 'Please indicate how many dollars you will give Player 1:   '
23.0801 	EXP 	response: text = 'Please indicate how many dollars you will give Player 1:   '
23.0841 	DATA 	Keypress: 4
23.0968 	EXP 	response: text = 'Please indicate how many dollars you will give Player 1:   '
23.1134 	EXP 	response: text = 'Please indicate how many dollars you will give Player 1:   '
23.1301 	EXP 	response: text = 'Please indicate how many dollars you will give Player 1:   '
23.1475 	EXP 	response: text = 'Please indicate how many dollars you will give Player 1:   '
23.1636 	EXP 	response: text = 'Please indicate how many dollars you will give Player 1:   '
23.1801 	EXP 	response: text = 'Please indicate how many dollars you will give Player 1:   '
23.1970 	EXP 	response: text = 'Please indicate how many dollars you will give Player 1:   '
23.2136 	EXP 	response: text = 'Please indicate how many dollars you will give Player 1:   '
23.2305 	EXP 	response: text = 'Please indicate how many dollars you will give Player 1:   '
23.2470 	EXP 	response: text = 'Please indicate how many dollars you will give Player 1:   '
23.2636 	EXP 	response: text = 'Please indicate how many dollars you will give Player 1:   '
23.2804 	EXP 	response: text = 'Please indicate how many dollars you will give Player 1:   '
23.2970 	EXP 	response: text = 'Please indicate how many dollars you will give Player 1:   '
23.3138 	EXP 	response: text = 'Please indicate how many dollars you will give Player 1:   '
23.3304 	EXP 	response: text = 'Please indicate how many dollars you will give Player 1:   '
23.3470 	EXP 	response: text = 'Please indicate how many dollars you will give Player 1:   '
23.3640 	EXP 	response: text = 'Please indicate how many dollars you will give Player 1:   '
23.3806 	EXP 	response: text = 'Please indicate how many dollars you will give Player 1:   '
23.3972 	EXP 	response: text = 'Please indicate how many dollars you will give Player 1:   '
23.4139 	EXP 	response: text = 'Please indicate how many dollars you will give Player 1:   '
23.4307 	EXP 	response: text = 'Please indicate how many dollars you will give Player 1:   '
23.4471 	EXP 	response: text = 'Please indicate how many dollars you will give Player 1:   '
23.4638 	EXP 	response: text = 'Please indicate how many dollars you will give Player 1:   '
23.4802 	EXP 	response: text = 'Please indicate how many dollars you will give Player 1:   '
23.4973 	EXP 	response: text = 'Please indicate how many dollars you will give Player 1:   '
23.5139 	EXP 	response: text = 'Please indicate how many dollars you will give Player 1:   '
23.5306 	EXP 	response: text = 'Please indicate how many dollars you will give Player 1:   '
23.5474 	EXP 	response: text = 'Please indicate how many dollars you will give Player 1:   '
23.5640 	EXP 	response: text = 'Please indicate how many dollars you will give Player 1:   '
23.5805 	EXP 	response: text = 'Please indicate how many dollars you will give Player 1:   '
23.5973 	EXP 	response: text = 'Please indicate how many dollars you will give Player 1:   '
23.6140 	EXP 	response: text = 'Please indicate how many dollars you will give Player 1:   '
23.6306 	EXP 	response: text = 'Please indicate how many dollars you will give Player 1:   '
23.6474 	EXP 	response: text = 'Please indicate how many dollars you will give Player 1:   '
23.6641 	EXP 	response: text = 'Please indicate how many dollars you will give Player 1:   '
23.6807 	EXP 	response: text = 'Please indicate how many dollars you will give Player 1:   '
23.6974 	EXP 	response: text = 'Please indicate how many dollars you will give Player 1:   '
23.7141 	EXP 	response: text = 'Please indicate how many dollars you will give Player 1:   '
23.7309 	EXP 	response: text = 'Please indicate how many dollars you will give Player 1:   '
23.7475 	EXP 	response: text = 'Please indicate how many dollars you will give Player 1:   '
23.7641 	EXP 	response: text = 'Please indicate how many dollars you will give Player 1:   '
23.7807 	EXP 	response: text = 'Please indicate how many dollars you will give Player 1:   '
23.7975 	EXP 	response: text = 'Please indicate how many dollars you will give Player 1:   '
23.8141 	EXP 	response: text = 'Please indicate how many dollars you will give Player 1:   '
23.8306 	EXP 	response: text = 'Please indicate how many dollars you will give Player 1:   '
23.8477 	EXP 	response: text = 'Please indicate how many dollars you will give Player 1:   '
23.8643 	EXP 	response: text = 'Please indicate how many dollars you will give Player 1:   '
23.8811 	EXP 	response: text = 'Please indicate how many dollars you will give Player 1:   '
23.8976 	EXP 	response: text = 'Please indicate how many dollars you will give Player 1:   '
23.9145 	EXP 	response: text = 'Please indicate how many dollars you will give Player 1:   '
23.9311 	EXP 	response: text = 'Please indicate how many dollars you will give Player 1:   '
23.9478 	EXP 	response: text = 'Please indicate how many dollars you will give Player 1:   '
23.9642 	EXP 	response: text = 'Please indicate how many dollars you will give Player 1:   '
23.9817 	EXP 	response: text = 'Please indicate how many dollars you will give Player 1:   '
23.9980 	EXP 	response: text = 'Please indicate how many dollars you will give Player 1:   '
24.0145 	EXP 	response: text = 'Please indicate how many dollars you will give Player 1:   '
24.0313 	EXP 	response: text = 'Please indicate how many dollars you will give Player 1:   '
24.0480 	EXP 	response: text = 'Please indicate how many dollars you will give Player 1:   '
24.0645 	EXP 	response: text = 'Please indicate how many dollars you will give Player 1:   '
24.0809 	EXP 	response: text = 'Please indicate how many dollars you will give Player 1:   '
24.0977 	EXP 	response: text = 'Please indicate how many dollars you will give Player 1:   '
24.1144 	EXP 	response: text = 'Please indicate how many dollars you will give Player 1:   '
24.1311 	EXP 	response: text = 'Please indicate how many dollars you will give Player 1:   '
24.1484 	EXP 	response: text = 'Please indicate how many dollars you will give Player 1:   '
24.1643 	EXP 	response: text = 'Please indicate how many dollars you will give Player 1:   '
24.1814 	EXP 	response: text = 'Please indicate how many dollars you will give Player 1:   '
24.1986 	EXP 	response: text = 'Please indicate how many dollars you will give Player 1:   '
24.2144 	EXP 	response: text = 'Please indicate how many dollars you will give Player 1:   '
24.2312 	EXP 	response: text = 'Please indicate how many dollars you will give Player 1:   '
24.2479 	EXP 	response: text = 'Please indicate how many dollars you will give Player 1:   '
24.2526 	DATA 	Keypress: 2
24.2646 	EXP 	response: text = 'Please indicate how many dollars you will give Player 1:   '
24.2812 	EXP 	response: text = 'Please indicate how many dollars you will give Player 1:   '
24.2979 	EXP 	response: text = 'Please indicate how many dollars you will give Player 1:   '
24.3145 	EXP 	response: text = 'Please indicate how many dollars you will give Player 1:   '
24.3190 	DATA 	Keypress: 3
24.3313 	EXP 	response: text = 'Please indicate how many dollars you will give Player 1:   '
24.3478 	EXP 	response: text = 'Please indicate how many dollars you will give Player 1:   '
24.3647 	EXP 	response: text = 'Please indicate how many dollars you will give Player 1:   '
24.3814 	EXP 	response: text = 'Please indicate how many dollars you will give Player 1:   '
24.3979 	EXP 	response: text = 'Please indicate how many dollars you will give Player 1:   '
24.4146 	EXP 	response: text = 'Please indicate how many dollars you will give Player 1:   '
24.4315 	EXP 	response: text = 'Please indicate how many dollars you will give Player 1:   '
24.4481 	EXP 	response: text = 'Please indicate how many dollars you will give Player 1:   '
24.4646 	EXP 	response: text = 'Please indicate how many dollars you will give Player 1:   '
24.4817 	EXP 	response: text = 'Please indicate how many dollars you will give Player 1:   '
24.4980 	EXP 	response: text = 'Please indicate how many dollars you will give Player 1:   '
24.5147 	EXP 	response: text = 'Please indicate how many dollars you will give Player 1:   '
24.5312 	EXP 	response: text = 'Please indicate how many dollars you will give Player 1:   '
24.5360 	DATA 	Keypress: 4
24.5481 	EXP 	response: text = 'Please indicate how many dollars you will give Player 1:   '
24.5647 	EXP 	response: text = 'Please indicate how many dollars you will give Player 1:   '
24.5813 	EXP 	response: text = 'Please indicate how many dollars you will give Player 1:   '
24.5982 	EXP 	response: text = 'Please indicate how many dollars you will give Player 1:   '
24.6148 	EXP 	response: text = 'Please indicate how many dollars you will give Player 1:   '
24.6315 	EXP 	response: text = 'Please indicate how many dollars you will give Player 1:   '
24.6480 	EXP 	response: text = 'Please indicate how many dollars you will give Player 1:   '
24.6650 	EXP 	response: text = 'Please indicate how many dollars you will give Player 1:   '
24.6817 	EXP 	response: text = 'Please indicate how many dollars you will give Player 1:   '
24.6984 	EXP 	response: text = 'Please indicate how many dollars you will give Player 1:   '
24.7154 	EXP 	response: text = 'Please indicate how many dollars you will give Player 1:   '
24.7317 	EXP 	response: text = 'Please indicate how many dollars you will give Player 1:   '
24.7484 	EXP 	response: text = 'Please indicate how many dollars you will give Player 1:   '
24.7652 	EXP 	response: text = 'Please indicate how many dollars you will give Player 1:   '
24.7818 	EXP 	response: text = 'Please indicate how many dollars you will give Player 1:   '
24.7984 	EXP 	response: text = 'Please indicate how many dollars you will give Player 1:   '
24.8157 	EXP 	response: text = 'Please indicate how many dollars you will give Player 1:   '
24.8206 	DATA 	Keypress: 4
24.8317 	EXP 	response: text = 'Please indicate how many dollars you will give Player 1:   '
24.8487 	EXP 	response: text = 'Please indicate how many dollars you will give Player 1:   '
24.8535 	DATA 	Keypress: 3
24.8649 	EXP 	response: text = 'Please indicate how many dollars you will give Player 1:   '
24.8820 	EXP 	response: text = 'Please indicate how many dollars you will give Player 1:   '
24.8983 	EXP 	response: text = 'Please indicate how many dollars you will give Player 1:   '
24.9151 	EXP 	response: text = 'Please indicate how many dollars you will give Player 1:   '
24.9315 	EXP 	response: text = 'Please indicate how many dollars you will give Player 1:   '
24.9483 	EXP 	response: text = 'Please indicate how many dollars you will give Player 1:   '
24.9649 	EXP 	response: text = 'Please indicate how many dollars you will give Player 1:   '
24.9822 	EXP 	response: text = 'Please indicate how many dollars you will give Player 1:   '
24.9985 	EXP 	response: text = 'Please indicate how many dollars you will give Player 1:   '
25.0148 	EXP 	response: text = 'Please indicate how many dollars you will give Player 1:   '
25.0318 	EXP 	response: text = 'Please indicate how many dollars you will give Player 1:   '
25.0483 	EXP 	response: text = 'Please indicate how many dollars you will give Player 1:   '
25.0650 	EXP 	response: text = 'Please indicate how many dollars you will give Player 1:   '
25.0818 	EXP 	response: text = 'Please indicate how many dollars you will give Player 1:   '
25.0984 	EXP 	response: text = 'Please indicate how many dollars you will give Player 1:   '
25.1153 	EXP 	response: text = 'Please indicate how many dollars you will give Player 1:   '
25.1318 	EXP 	response: text = 'Please indicate how many dollars you will give Player 1:   '
25.1360 	DATA 	Keypress: 2
25.1491 	EXP 	response: text = 'Please indicate how many dollars you will give Player 1:   '
25.1532 	DATA 	Keypress: 3
25.1653 	EXP 	response: text = 'Please indicate how many dollars you will give Player 1:   '
25.1820 	EXP 	response: text = 'Please indicate how many dollars you will give Player 1:   '
25.1986 	EXP 	response: text = 'Please indicate how many dollars you will give Player 1:   '
25.2153 	EXP 	response: text = 'Please indicate how many dollars you will give Player 1:   '
25.2318 	EXP 	response: text = 'Please indicate how many dollars you will give Player 1:   '
25.2485 	EXP 	response: text = 'Please indicate how many dollars you will give Player 1:   '
25.2652 	EXP 	response: text = 'Please indicate how many dollars you will give Player 1:   '
25.2821 	EXP 	response: text = 'Please indicate how many dollars you will give Player 1:   '
25.2987 	EXP 	response: text = 'Please indicate how many dollars you will give Player 1:   '
25.3154 	EXP 	response: text = 'Please indicate how many dollars you will give Player 1:   '
25.3320 	EXP 	response: text = 'Please indicate how many dollars you will give Player 1:   '
25.3486 	EXP 	response: text = 'Please indicate how many dollars you will give Player 1:   '
25.3654 	EXP 	response: text = 'Please indicate how many dollars you will give Player 1:   '
25.3823 	EXP 	response: text = 'Please indicate how many dollars you will give Player 1:   '
25.3986 	EXP 	response: text = 'Please indicate how many dollars you will give Player 1:   '
25.4032 	DATA 	Keypress: 2
25.4033 	DATA 	Keypress: 4
25.4034 	DATA 	Keypress: 3
25.4156 	EXP 	response: text = 'Please indicate how many dollars you will give Player 1:   '
25.4320 	EXP 	response: text = 'Please indicate how many dollars you will give Player 1:   '
25.4489 	EXP 	response: text = 'Please indicate how many dollars you will give Player 1:   '
25.4655 	EXP 	response: text = 'Please indicate how many dollars you will give Player 1:   '
25.4825 	EXP 	response: text = 'Please indicate how many dollars you will give Player 1:   '
25.4987 	EXP 	response: text = 'Please indicate how many dollars you will give Player 1:   '
25.5153 	EXP 	response: text = 'Please indicate how many dollars you will give Player 1:   '
25.5322 	EXP 	response: text = 'Please indicate how many dollars you will give Player 1:   '
25.5491 	EXP 	response: text = 'Please indicate how many dollars you will give Player 1:   '
25.5655 	EXP 	response: text = 'Please indicate how many dollars you will give Player 1:   '
25.5823 	EXP 	response: text = 'Please indicate how many dollars you will give Player 1:   '
25.5990 	EXP 	response: text = 'Please indicate how many dollars you will give Player 1:   '
25.6157 	EXP 	response: text = 'Please indicate how many dollars you will give Player 1:   '
25.6323 	EXP 	response: text = 'Please indicate how many dollars you will give Player 1:   '
25.6491 	EXP 	response: text = 'Please indicate how many dollars you will give Player 1:   '
25.6656 	EXP 	response: text = 'Please indicate how many dollars you will give Player 1:   '
25.6823 	EXP 	response: text = 'Please indicate how many dollars you will give Player 1:   '
25.6991 	EXP 	response: text = 'Please indicate how many dollars you will give Player 1:   '
25.7157 	EXP 	response: text = 'Please indicate how many dollars you will give Player 1:   '
25.7324 	EXP 	response: text = 'Please indicate how many dollars you will give Player 1:   '
25.7491 	EXP 	response: text = 'Please indicate how many dollars you will give Player 1:   '
25.7654 	EXP 	response: text = 'Please indicate how many dollars you will give Player 1:   '
25.7824 	EXP 	response: text = 'Please indicate how many dollars you will give Player 1:   '
25.7991 	EXP 	response: text = 'Please indicate how many dollars you will give Player 1:   '
25.8033 	DATA 	Keypress: d
25.8158 	EXP 	response: text = 'Please indicate how many dollars you will give Player 1:   '
25.8325 	EXP 	response: text = 'Please indicate how many dollars you will give Player 1:   '
25.8490 	EXP 	response: text = 'Please indicate how many dollars you will give Player 1:   '
25.8662 	EXP 	response: text = 'Please indicate how many dollars you will give Player 1:   '
25.8708 	DATA 	Keypress: f
25.8829 	EXP 	response: text = 'Please indicate how many dollars you will give Player 1:   '
25.8993 	EXP 	response: text = 'Please indicate how many dollars you will give Player 1:   '
25.9161 	EXP 	response: text = 'Please indicate how many dollars you will give Player 1:   '
25.9326 	EXP 	response: text = 'Please indicate how many dollars you will give Player 1:   '
25.9494 	EXP 	response: text = 'Please indicate how many dollars you will give Player 1:   '
25.9662 	EXP 	response: text = 'Please indicate how many dollars you will give Player 1:   '
25.9706 	DATA 	Keypress: g
25.9833 	EXP 	response: text = 'Please indicate how many dollars you will give Player 1:   '
25.9995 	EXP 	response: text = 'Please indicate how many dollars you will give Player 1:   '
26.0162 	EXP 	response: text = 'Please indicate how many dollars you will give Player 1:   '
26.0328 	EXP 	response: text = 'Please indicate how many dollars you will give Player 1:   '
26.0493 	EXP 	response: text = 'Please indicate how many dollars you will give Player 1:   '
26.0660 	EXP 	response: text = 'Please indicate how many dollars you will give Player 1:   '
26.0704 	DATA 	Keypress: d
26.0829 	EXP 	response: text = 'Please indicate how many dollars you will give Player 1:   '
26.0997 	EXP 	response: text = 'Please indicate how many dollars you will give Player 1:   '
26.1160 	EXP 	response: text = 'Please indicate how many dollars you will give Player 1:   '
26.1329 	EXP 	response: text = 'Please indicate how many dollars you will give Player 1:   '
26.1496 	EXP 	response: text = 'Please indicate how many dollars you will give Player 1:   '
26.1662 	EXP 	response: text = 'Please indicate how many dollars you will give Player 1:   '
26.1708 	DATA 	Keypress: f
26.1828 	EXP 	response: text = 'Please indicate how many dollars you will give Player 1:   '
26.1993 	EXP 	response: text = 'Please indicate how many dollars you will give Player 1:   '
26.2037 	DATA 	Keypress: g
26.2160 	EXP 	response: text = 'Please indicate how many dollars you will give Player 1:   '
26.2327 	EXP 	response: text = 'Please indicate how many dollars you will give Player 1:   '
26.2496 	EXP 	response: text = 'Please indicate how many dollars you will give Player 1:   '
26.2663 	EXP 	response: text = 'Please indicate how many dollars you will give Player 1:   '
26.2831 	EXP 	response: text = 'Please indicate how many dollars you will give Player 1:   '
26.2996 	EXP 	response: text = 'Please indicate how many dollars you will give Player 1:   '
26.3165 	EXP 	response: text = 'Please indicate how many dollars you will give Player 1:   '
26.3329 	EXP 	response: text = 'Please indicate how many dollars you will give Player 1:   '
26.3495 	EXP 	response: text = 'Please indicate how many dollars you will give Player 1:   '
26.3664 	EXP 	response: text = 'Please indicate how many dollars you will give Player 1:   '
26.3830 	EXP 	response: text = 'Please indicate how many dollars you will give Player 1:   '
26.3998 	EXP 	response: text = 'Please indicate how many dollars you will give Player 1:   '
26.4165 	EXP 	response: text = 'Please indicate how many dollars you will give Player 1:   '
26.4332 	EXP 	response: text = 'Please indicate how many dollars you will give Player 1:   '
26.4499 	EXP 	response: text = 'Please indicate how many dollars you will give Player 1:   '
26.4664 	EXP 	response: text = 'Please indicate how many dollars you will give Player 1:   '
26.4834 	EXP 	response: text = 'Please indicate how many dollars you will give Player 1:   '
26.4999 	EXP 	response: text = 'Please indicate how many dollars you will give Player 1:   '
26.5164 	EXP 	response: text = 'Please indicate how many dollars you will give Player 1:   '
26.5331 	EXP 	response: text = 'Please indicate how many dollars you will give Player 1:   '
26.5499 	EXP 	response: text = 'Please indicate how many dollars you will give Player 1:   '
26.5665 	EXP 	response: text = 'Please indicate how many dollars you will give Player 1:   '
26.5832 	EXP 	response: text = 'Please indicate how many dollars you will give Player 1:   '
26.5999 	EXP 	response: text = 'Please indicate how many dollars you will give Player 1:   '
26.6166 	EXP 	response: text = 'Please indicate how many dollars you will give Player 1:   '
26.6332 	EXP 	response: text = 'Please indicate how many dollars you will give Player 1:   '
26.6500 	EXP 	response: text = 'Please indicate how many dollars you will give Player 1:   '
26.6665 	EXP 	response: text = 'Please indicate how many dollars you will give Player 1:   '
26.6833 	EXP 	response: text = 'Please indicate how many dollars you will give Player 1:   '
26.6999 	EXP 	response: text = 'Please indicate how many dollars you will give Player 1:   '
26.7164 	EXP 	response: text = 'Please indicate how many dollars you will give Player 1:   '
26.7332 	EXP 	response: text = 'Please indicate how many dollars you will give Player 1:   '
26.7499 	EXP 	response: text = 'Please indicate how many dollars you will give Player 1:   '
26.7664 	EXP 	response: text = 'Please indicate how many dollars you will give Player 1:   '
26.7833 	EXP 	response: text = 'Please indicate how many dollars you will give Player 1:   '
26.7999 	EXP 	response: text = 'Please indicate how many dollars you will give Player 1:   '
26.8167 	EXP 	response: text = 'Please indicate how many dollars you will give Player 1:   '
26.8335 	EXP 	response: text = 'Please indicate how many dollars you will give Player 1:   '
26.8501 	EXP 	response: text = 'Please indicate how many dollars you will give Player 1:   '
26.8671 	EXP 	response: text = 'Please indicate how many dollars you will give Player 1:   '
26.8835 	EXP 	response: text = 'Please indicate how many dollars you will give Player 1:   '
26.9001 	EXP 	response: text = 'Please indicate how many dollars you will give Player 1:   '
26.9169 	EXP 	response: text = 'Please indicate how many dollars you will give Player 1:   '
26.9336 	EXP 	response: text = 'Please indicate how many dollars you will give Player 1:   '
26.9506 	EXP 	response: text = 'Please indicate how many dollars you will give Player 1:   '
26.9669 	EXP 	response: text = 'Please indicate how many dollars you will give Player 1:   '
26.9731 	DATA 	Keypress: num_2
26.9841 	EXP 	response: text = 'Please indicate how many dollars you will give Player 1:   '
27.0002 	EXP 	response: text = 'Please indicate how many dollars you will give Player 1:   '
27.0166 	EXP 	response: text = 'Please indicate how many dollars you will give Player 1:   '
27.0335 	EXP 	response: text = 'Please indicate how many dollars you will give Player 1:   '
27.0502 	EXP 	response: text = 'Please indicate how many dollars you will give Player 1:   '
27.0669 	EXP 	response: text = 'Please indicate how many dollars you will give Player 1:   '
27.0714 	DATA 	Keypress: num_5
27.0835 	EXP 	response: text = 'Please indicate how many dollars you will give Player 1:   '
27.1003 	EXP 	response: text = 'Please indicate how many dollars you will give Player 1:   '
27.1168 	EXP 	response: text = 'Please indicate how many dollars you will give Player 1:   '
27.1336 	EXP 	response: text = 'Please indicate how many dollars you will give Player 1:   '
27.1501 	EXP 	response: text = 'Please indicate how many dollars you will give Player 1:   '
27.1671 	EXP 	response: text = 'Please indicate how many dollars you will give Player 1:   '
27.1720 	DATA 	Keypress: num_4
27.1836 	EXP 	response: text = 'Please indicate how many dollars you will give Player 1:   '
27.2003 	EXP 	response: text = 'Please indicate how many dollars you will give Player 1:   '
27.2169 	EXP 	response: text = 'Please indicate how many dollars you will give Player 1:   '
27.2336 	EXP 	response: text = 'Please indicate how many dollars you will give Player 1:   '
27.2503 	EXP 	response: text = 'Please indicate how many dollars you will give Player 1:   '
27.2670 	EXP 	response: text = 'Please indicate how many dollars you will give Player 1:   '
27.2839 	EXP 	response: text = 'Please indicate how many dollars you will give Player 1:   '
27.3004 	EXP 	response: text = 'Please indicate how many dollars you will give Player 1:   '
27.3173 	EXP 	response: text = 'Please indicate how many dollars you will give Player 1:   '
27.3336 	EXP 	response: text = 'Please indicate how many dollars you will give Player 1:   '
27.3504 	EXP 	response: text = 'Please indicate how many dollars you will give Player 1:   '
27.3671 	EXP 	response: text = 'Please indicate how many dollars you will give Player 1:   '
27.3838 	EXP 	response: text = 'Please indicate how many dollars you will give Player 1:   '
27.4002 	EXP 	response: text = 'Please indicate how many dollars you will give Player 1:   '
27.4171 	EXP 	response: text = 'Please indicate how many dollars you will give Player 1:   '
27.4337 	EXP 	response: text = 'Please indicate how many dollars you will give Player 1:   '
27.4504 	EXP 	response: text = 'Please indicate how many dollars you will give Player 1:   '
27.4672 	EXP 	response: text = 'Please indicate how many dollars you will give Player 1:   '
27.4839 	EXP 	response: text = 'Please indicate how many dollars you will give Player 1:   '
27.5004 	EXP 	response: text = 'Please indicate how many dollars you will give Player 1:   '
27.5171 	EXP 	response: text = 'Please indicate how many dollars you will give Player 1:   '
27.5339 	EXP 	response: text = 'Please indicate how many dollars you will give Player 1:   '
27.5506 	EXP 	response: text = 'Please indicate how many dollars you will give Player 1:   '
27.5673 	EXP 	response: text = 'Please indicate how many dollars you will give Player 1:   '
27.5837 	EXP 	response: text = 'Please indicate how many dollars you will give Player 1:   '
27.6007 	EXP 	response: text = 'Please indicate how many dollars you will give Player 1:   '
27.6173 	EXP 	response: text = 'Please indicate how many dollars you will give Player 1:   '
27.6340 	EXP 	response: text = 'Please indicate how many dollars you will give Player 1:   '
27.6506 	EXP 	response: text = 'Please indicate how many dollars you will give Player 1:   '
27.6674 	EXP 	response: text = 'Please indicate how many dollars you will give Player 1:   '
27.7008 	EXP 	window1: mouseVisible = True
