6.8393 	WARNING 	User requested fullscreen with size [1024  768], but screen is actually [1920, 1200]. Using actual size
7.6629 	EXP 	Created window1 = Window(allowGUI=False, allowStencil=False, args=UNKNOWN, autoLog=True, bitsMode=UNKNOWN, blendMode='avg', color=array([0., 0., 0.]), colorSpace='rgb', fullscr=<method-wrapper '__getattribute__' of attributeSetter object at 0x000001E4C151C8D0>, gamma=None, gammaErrorPolicy='raise', kwargs=UNKNOWN, lms=UNKNOWN, monitor=<psychopy.monitors.calibTools.Monitor object at 0x000001E4C13770F0>, multiSample=False, name='window1', numSamples=2, pos=[0.0, 0.0], screen=0, size=array([1920, 1200]), stereo=False, units='height', useFBO=True, useRetina=False, viewOri=0.0, viewPos=None, viewScale=None, waitBlanking=True, winType='pyglet')
7.6629 	EXP 	window1: recordFrameIntervals = False
7.8296 	EXP 	window1: recordFrameIntervals = True
8.0131 	EXP 	window1: recordFrameIntervals = False
8.2536 	EXP 	Created Instructions = TextStim(__class__=<class 'psychopy.visual.text.TextStim'>, alignHoriz='center', alignVert='center', antialias=True, autoLog=True, bold=False, color='white', colorSpace='named', contrast=1.0, depth=0.0, flipHoriz=False, flipVert=False, font='Arial', fontFiles=[], height=0.045, italic=False, languageStyle='LTR', name='Instructions', opacity=1.0, ori=0, pos=array([0., 0.]), rgb=array([255., 255., 255.]), text=str(...), units='height', win=Window(...), wrapWidth=1.45)
8.2740 	EXP 	Created cueText = TextStim(__class__=<class 'psychopy.visual.text.TextStim'>, alignHoriz='center', alignVert='center', antialias=True, autoLog=True, bold=False, color='white', colorSpace='named', contrast=1.0, depth=0.0, flipHoriz=False, flipVert=False, font='Arial', fontFiles=[], height=0.1, italic=False, languageStyle='LTR', name='cueText', opacity=1.0, ori=0, pos=array([0., 0.]), rgb=array([255., 255., 255.]), text='default text', units='height', win=Window(...), wrapWidth=1)
8.2842 	EXP 	Created sendInstructions = TextStim(__class__=<class 'psychopy.visual.text.TextStim'>, alignHoriz='center', alignVert='center', antialias=True, autoLog=True, bold=False, color='white', colorSpace='named', contrast=1.0, depth=0.0, flipHoriz=False, flipVert=False, font='Arial', fontFiles=[], height=0.04, italic=False, languageStyle='LTR', name='sendInstructions', opacity=1.0, ori=0, pos=array([ 0.  , -0.11]), rgb=array([255., 255., 255.]), text='default text', units='height', win=Window(...), wrapWidth=1.4)
8.2962 	EXP 	Created Player1Name = TextStim(__class__=<class 'psychopy.visual.text.TextStim'>, alignHoriz='center', alignVert='center', antialias=True, autoLog=True, bold=False, color='white', colorSpace='named', contrast=1.0, depth=-1.0, flipHoriz=False, flipVert=False, font='Arial', fontFiles=[], height=0.06, italic=False, languageStyle='LTR', name='Player1Name', opacity=1.0, ori=0, pos=array([0. , 0.2]), rgb=array([255., 255., 255.]), text='default text', units='height', win=Window(...), wrapWidth=1)
8.2991 	EXP 	Created Player1Pic = ImageStim(__class__=<class 'psychopy.visual.image.ImageStim'>, autoLog=True, color=array([1., 1., 1.]), colorSpace='rgb', contrast=1.0, depth=-2.0, flipHoriz=False, flipVert=False, image='sin', interpolate=True, mask=None, maskParams=None, name='Player1Pic', opacity=1.0, ori=0.0, pos=array([0., 0.]), size=array([1., 1.]), texRes=128, units='height', win=Window(...))
8.3028 	EXP 	Created response = TextStim(__class__=<class 'psychopy.visual.text.TextStim'>, alignHoriz='center', alignVert='center', antialias=True, autoLog=True, bold=False, color='white', colorSpace='named', contrast=1.0, depth=-5.0, flipHoriz=False, flipVert=False, font='Arial', fontFiles=[], height=0.04, italic=False, languageStyle='LTR', name='response', opacity=1.0, ori=0, pos=array([ 0. , -0.2]), rgb=array([255., 255., 255.]), text='default text', units='height', win=Window(...), wrapWidth=1)
8.3072 	EXP 	Created Feedback = TextStim(__class__=<class 'psychopy.visual.text.TextStim'>, alignHoriz='center', alignVert='center', antialias=True, autoLog=True, bold=False, color='white', colorSpace='named', contrast=1.0, depth=0.0, flipHoriz=False, flipVert=False, font='Arial', fontFiles=[], height=0.1, italic=False, languageStyle='LTR', name='Feedback', opacity=1.0, ori=0, pos=array([0., 0.]), rgb=array([255., 255., 255.]), text='default text', units='height', win=Window(...), wrapWidth=1)
8.3119 	EXP 	Created sendInst2 = TextStim(__class__=<class 'psychopy.visual.text.TextStim'>, alignHoriz='center', alignVert='center', antialias=True, autoLog=True, bold=False, color='white', colorSpace='named', contrast=1.0, depth=0.0, flipHoriz=False, flipVert=False, font='Arial', fontFiles=[], height=0.045, italic=False, languageStyle='LTR', name='sendInst2', opacity=1.0, ori=0, pos=array([ 0.  , -0.15]), rgb=array([255., 255., 255.]), text='default text', units='height', win=Window(...), wrapWidth=1.4)
8.3152 	EXP 	Created Player2Name = TextStim(__class__=<class 'psychopy.visual.text.TextStim'>, alignHoriz='center', alignVert='center', antialias=True, autoLog=True, bold=False, color='white', colorSpace='named', contrast=1.0, depth=-1.0, flipHoriz=False, flipVert=False, font='Arial', fontFiles=[], height=0.06, italic=False, languageStyle='LTR', name='Player2Name', opacity=1.0, ori=0, pos=array([0. , 0.2]), rgb=array([255., 255., 255.]), text='default text', units='height', win=Window(...), wrapWidth=1)
8.3171 	EXP 	Created Player2Pic = ImageStim(__class__=<class 'psychopy.visual.image.ImageStim'>, autoLog=True, color=array([1., 1., 1.]), colorSpace='rgb', contrast=1.0, depth=-2.0, flipHoriz=False, flipVert=False, image='sin', interpolate=True, mask=None, maskParams=None, name='Player2Pic', opacity=1.0, ori=0.0, pos=array([0., 0.]), size=array([1., 1.]), texRes=128, units='height', win=Window(...))
8.3217 	EXP 	Created Feedback2 = TextStim(__class__=<class 'psychopy.visual.text.TextStim'>, alignHoriz='center', alignVert='center', antialias=True, autoLog=True, bold=False, color='white', colorSpace='named', contrast=1.0, depth=0.0, flipHoriz=False, flipVert=False, font='Arial', fontFiles=[], height=0.1, italic=False, languageStyle='LTR', name='Feedback2', opacity=1.0, ori=0, pos=array([0., 0.]), rgb=array([255., 255., 255.]), text='default text', units='height', win=Window(...), wrapWidth=1)
8.3526 	EXP 	Instructions: autoDraw = True
10.2521 	DATA 	Keypress: space
10.2948 	EXP 	Imported DictatorGame.xlsx as conditions, 10 conditions, 5 params
10.2950 	EXP 	Created sequence: random, trialTypes=10, nReps=2, seed=None
10.2952 	EXP 	New trial (rep=0, index=0): OrderedDict([('textTypePlayer1', 'Please indicate how many dollars you will give Player 1:   '), ('CueType', 'REGULATE'), ('textTypePlayer2', 'Please indicate how many dollars you will give Player 2:   '), ('Player1', None), ('Player2', None)])
10.3182 	EXP 	Instructions: autoDraw = False
10.3182 	EXP 	cueText: text = 'REGULATE'
10.3182 	EXP 	cueText: autoDraw = True
15.2744 	EXP 	Imported DictatorGame.xlsx as conditions, 10 conditions, 5 params
15.2746 	EXP 	Created sequence: sequential, trialTypes=10, nReps=1, seed=None
15.2748 	EXP 	New trial (rep=0, index=0): OrderedDict([('textTypePlayer1', 'Please indicate how many dollars you will give Player 1:   '), ('CueType', 'REGULATE'), ('textTypePlayer2', 'Please indicate how many dollars you will give Player 2:   '), ('Player1', '1patterns.png'), ('Player2', '3pattern.png')])
15.3614 	EXP 	cueText: autoDraw = False
15.3614 	EXP 	sendInstructions: text = 'You have been given $5 to use. You have the opportunity to send money to Player 1. You may give them all or none of the money, or any amount in between, using increments of $1. Therefore you can choose to give them $0, $1, $2, $3, $4, or $5.\nThe amount of money you send to them will be tripled, and Player 1 will then have the opportunity to give some money amount back to you. '
15.3614 	EXP 	Player1Name: text = 'Player 1'
15.3614 	EXP 	Player1Pic: pos = array([0.  , 0.36])
15.3614 	EXP 	Player1Pic: size = array([0.2, 0.2])
15.3614 	EXP 	Player1Pic: image = '1patterns.png'
15.3614 	EXP 	response: text = 'Please indicate how many dollars you will give Player 1:   '
15.3614 	EXP 	sendInstructions: autoDraw = True
15.3614 	EXP 	Player1Name: autoDraw = True
15.3614 	EXP 	Player1Pic: autoDraw = True
15.3614 	EXP 	response: autoDraw = True
15.3614 	EXP 	response: text = 'Please indicate how many dollars you will give Player 1:   '
15.3827 	EXP 	response: text = 'Please indicate how many dollars you will give Player 1:   '
15.4023 	EXP 	response: text = 'Please indicate how many dollars you will give Player 1:   '
15.4191 	EXP 	response: text = 'Please indicate how many dollars you will give Player 1:   '
15.4357 	EXP 	response: text = 'Please indicate how many dollars you will give Player 1:   '
15.4523 	EXP 	response: text = 'Please indicate how many dollars you will give Player 1:   '
15.4688 	EXP 	response: text = 'Please indicate how many dollars you will give Player 1:   '
15.4857 	EXP 	response: text = 'Please indicate how many dollars you will give Player 1:   '
15.5024 	EXP 	response: text = 'Please indicate how many dollars you will give Player 1:   '
15.5191 	EXP 	response: text = 'Please indicate how many dollars you will give Player 1:   '
15.5357 	EXP 	response: text = 'Please indicate how many dollars you will give Player 1:   '
15.5523 	EXP 	response: text = 'Please indicate how many dollars you will give Player 1:   '
15.5689 	EXP 	response: text = 'Please indicate how many dollars you will give Player 1:   '
15.5858 	EXP 	response: text = 'Please indicate how many dollars you will give Player 1:   '
15.6023 	EXP 	response: text = 'Please indicate how many dollars you will give Player 1:   '
15.6192 	EXP 	response: text = 'Please indicate how many dollars you will give Player 1:   '
15.6359 	EXP 	response: text = 'Please indicate how many dollars you will give Player 1:   '
15.6526 	EXP 	response: text = 'Please indicate how many dollars you will give Player 1:   '
15.6691 	EXP 	response: text = 'Please indicate how many dollars you will give Player 1:   '
15.6857 	EXP 	response: text = 'Please indicate how many dollars you will give Player 1:   '
15.7025 	EXP 	response: text = 'Please indicate how many dollars you will give Player 1:   '
15.7190 	EXP 	response: text = 'Please indicate how many dollars you will give Player 1:   '
15.7359 	EXP 	response: text = 'Please indicate how many dollars you will give Player 1:   '
15.7526 	EXP 	response: text = 'Please indicate how many dollars you will give Player 1:   '
15.7693 	EXP 	response: text = 'Please indicate how many dollars you will give Player 1:   '
15.7863 	EXP 	response: text = 'Please indicate how many dollars you will give Player 1:   '
15.8026 	EXP 	response: text = 'Please indicate how many dollars you will give Player 1:   '
15.8191 	EXP 	response: text = 'Please indicate how many dollars you will give Player 1:   '
15.8360 	EXP 	response: text = 'Please indicate how many dollars you will give Player 1:   '
15.8525 	EXP 	response: text = 'Please indicate how many dollars you will give Player 1:   '
15.8694 	EXP 	response: text = 'Please indicate how many dollars you will give Player 1:   '
15.8860 	EXP 	response: text = 'Please indicate how many dollars you will give Player 1:   '
15.9029 	EXP 	response: text = 'Please indicate how many dollars you will give Player 1:   '
15.9194 	EXP 	response: text = 'Please indicate how many dollars you will give Player 1:   '
15.9360 	EXP 	response: text = 'Please indicate how many dollars you will give Player 1:   '
15.9529 	EXP 	response: text = 'Please indicate how many dollars you will give Player 1:   '
15.9695 	EXP 	response: text = 'Please indicate how many dollars you will give Player 1:   '
15.9861 	EXP 	response: text = 'Please indicate how many dollars you will give Player 1:   '
16.0026 	EXP 	response: text = 'Please indicate how many dollars you will give Player 1:   '
16.0197 	EXP 	response: text = 'Please indicate how many dollars you will give Player 1:   '
16.0364 	EXP 	response: text = 'Please indicate how many dollars you will give Player 1:   '
16.0528 	EXP 	response: text = 'Please indicate how many dollars you will give Player 1:   '
16.0697 	EXP 	response: text = 'Please indicate how many dollars you will give Player 1:   '
16.0860 	EXP 	response: text = 'Please indicate how many dollars you will give Player 1:   '
16.1029 	EXP 	response: text = 'Please indicate how many dollars you will give Player 1:   '
16.1195 	EXP 	response: text = 'Please indicate how many dollars you will give Player 1:   '
16.1362 	EXP 	response: text = 'Please indicate how many dollars you will give Player 1:   '
16.1530 	EXP 	response: text = 'Please indicate how many dollars you will give Player 1:   '
16.1695 	EXP 	response: text = 'Please indicate how many dollars you will give Player 1:   '
16.1864 	EXP 	response: text = 'Please indicate how many dollars you will give Player 1:   '
16.2031 	EXP 	response: text = 'Please indicate how many dollars you will give Player 1:   '
16.2196 	EXP 	response: text = 'Please indicate how many dollars you will give Player 1:   '
16.2364 	EXP 	response: text = 'Please indicate how many dollars you will give Player 1:   '
16.2530 	EXP 	response: text = 'Please indicate how many dollars you will give Player 1:   '
16.2698 	EXP 	response: text = 'Please indicate how many dollars you will give Player 1:   '
16.2864 	EXP 	response: text = 'Please indicate how many dollars you will give Player 1:   '
16.3031 	EXP 	response: text = 'Please indicate how many dollars you will give Player 1:   '
16.3196 	EXP 	response: text = 'Please indicate how many dollars you will give Player 1:   '
16.3364 	EXP 	response: text = 'Please indicate how many dollars you will give Player 1:   '
16.3532 	EXP 	response: text = 'Please indicate how many dollars you will give Player 1:   '
16.3700 	EXP 	response: text = 'Please indicate how many dollars you will give Player 1:   '
16.3866 	EXP 	response: text = 'Please indicate how many dollars you will give Player 1:   '
16.4033 	EXP 	response: text = 'Please indicate how many dollars you will give Player 1:   '
16.4200 	EXP 	response: text = 'Please indicate how many dollars you will give Player 1:   '
16.4365 	EXP 	response: text = 'Please indicate how many dollars you will give Player 1:   '
16.4534 	EXP 	response: text = 'Please indicate how many dollars you will give Player 1:   '
16.4704 	EXP 	response: text = 'Please indicate how many dollars you will give Player 1:   '
16.4868 	EXP 	response: text = 'Please indicate how many dollars you will give Player 1:   '
16.5031 	EXP 	response: text = 'Please indicate how many dollars you will give Player 1:   '
16.5199 	EXP 	response: text = 'Please indicate how many dollars you will give Player 1:   '
16.5366 	EXP 	response: text = 'Please indicate how many dollars you will give Player 1:   '
16.5531 	EXP 	response: text = 'Please indicate how many dollars you will give Player 1:   '
16.5700 	EXP 	response: text = 'Please indicate how many dollars you will give Player 1:   '
16.5867 	EXP 	response: text = 'Please indicate how many dollars you will give Player 1:   '
16.6034 	EXP 	response: text = 'Please indicate how many dollars you will give Player 1:   '
16.6199 	EXP 	response: text = 'Please indicate how many dollars you will give Player 1:   '
16.6368 	EXP 	response: text = 'Please indicate how many dollars you will give Player 1:   '
16.6534 	EXP 	response: text = 'Please indicate how many dollars you will give Player 1:   '
16.6701 	EXP 	response: text = 'Please indicate how many dollars you will give Player 1:   '
16.6864 	EXP 	response: text = 'Please indicate how many dollars you will give Player 1:   '
16.7033 	EXP 	response: text = 'Please indicate how many dollars you will give Player 1:   '
16.7202 	EXP 	response: text = 'Please indicate how many dollars you will give Player 1:   '
16.7367 	EXP 	response: text = 'Please indicate how many dollars you will give Player 1:   '
16.7534 	EXP 	response: text = 'Please indicate how many dollars you will give Player 1:   '
16.7702 	EXP 	response: text = 'Please indicate how many dollars you will give Player 1:   '
16.7867 	EXP 	response: text = 'Please indicate how many dollars you will give Player 1:   '
16.8034 	EXP 	response: text = 'Please indicate how many dollars you will give Player 1:   '
16.8201 	EXP 	response: text = 'Please indicate how many dollars you will give Player 1:   '
16.8368 	EXP 	response: text = 'Please indicate how many dollars you will give Player 1:   '
16.8534 	EXP 	response: text = 'Please indicate how many dollars you will give Player 1:   '
16.8704 	EXP 	response: text = 'Please indicate how many dollars you will give Player 1:   '
16.8869 	EXP 	response: text = 'Please indicate how many dollars you will give Player 1:   '
16.9036 	EXP 	response: text = 'Please indicate how many dollars you will give Player 1:   '
16.9203 	EXP 	response: text = 'Please indicate how many dollars you will give Player 1:   '
16.9368 	EXP 	response: text = 'Please indicate how many dollars you will give Player 1:   '
16.9536 	EXP 	response: text = 'Please indicate how many dollars you will give Player 1:   '
16.9704 	EXP 	response: text = 'Please indicate how many dollars you will give Player 1:   '
16.9867 	EXP 	response: text = 'Please indicate how many dollars you will give Player 1:   '
17.0037 	EXP 	response: text = 'Please indicate how many dollars you will give Player 1:   '
17.0204 	EXP 	response: text = 'Please indicate how many dollars you will give Player 1:   '
17.0381 	EXP 	response: text = 'Please indicate how many dollars you will give Player 1:   '
17.0540 	EXP 	response: text = 'Please indicate how many dollars you will give Player 1:   '
17.0703 	EXP 	response: text = 'Please indicate how many dollars you will give Player 1:   '
17.0870 	EXP 	response: text = 'Please indicate how many dollars you will give Player 1:   '
17.1037 	EXP 	response: text = 'Please indicate how many dollars you will give Player 1:   '
17.1204 	EXP 	response: text = 'Please indicate how many dollars you will give Player 1:   '
17.1370 	EXP 	response: text = 'Please indicate how many dollars you will give Player 1:   '
17.1538 	EXP 	response: text = 'Please indicate how many dollars you will give Player 1:   '
17.1705 	EXP 	response: text = 'Please indicate how many dollars you will give Player 1:   '
17.1871 	EXP 	response: text = 'Please indicate how many dollars you will give Player 1:   '
17.2038 	EXP 	response: text = 'Please indicate how many dollars you will give Player 1:   '
17.2205 	EXP 	response: text = 'Please indicate how many dollars you will give Player 1:   '
17.2372 	EXP 	response: text = 'Please indicate how many dollars you will give Player 1:   '
17.2539 	EXP 	response: text = 'Please indicate how many dollars you will give Player 1:   '
17.2705 	EXP 	response: text = 'Please indicate how many dollars you will give Player 1:   '
17.2872 	EXP 	response: text = 'Please indicate how many dollars you will give Player 1:   '
17.3039 	EXP 	response: text = 'Please indicate how many dollars you will give Player 1:   '
17.3205 	EXP 	response: text = 'Please indicate how many dollars you will give Player 1:   '
17.3371 	EXP 	response: text = 'Please indicate how many dollars you will give Player 1:   '
17.3539 	EXP 	response: text = 'Please indicate how many dollars you will give Player 1:   '
17.3707 	EXP 	response: text = 'Please indicate how many dollars you will give Player 1:   '
17.3872 	EXP 	response: text = 'Please indicate how many dollars you will give Player 1:   '
17.4039 	EXP 	response: text = 'Please indicate how many dollars you will give Player 1:   '
17.4207 	EXP 	response: text = 'Please indicate how many dollars you will give Player 1:   '
17.4373 	EXP 	response: text = 'Please indicate how many dollars you will give Player 1:   '
17.4541 	EXP 	response: text = 'Please indicate how many dollars you will give Player 1:   '
17.4709 	EXP 	response: text = 'Please indicate how many dollars you will give Player 1:   '
17.4874 	EXP 	response: text = 'Please indicate how many dollars you will give Player 1:   '
17.5041 	EXP 	response: text = 'Please indicate how many dollars you will give Player 1:   '
17.5207 	EXP 	response: text = 'Please indicate how many dollars you will give Player 1:   '
17.5375 	EXP 	response: text = 'Please indicate how many dollars you will give Player 1:   '
17.5541 	EXP 	response: text = 'Please indicate how many dollars you will give Player 1:   '
17.5709 	EXP 	response: text = 'Please indicate how many dollars you will give Player 1:   '
17.5875 	EXP 	response: text = 'Please indicate how many dollars you will give Player 1:   '
17.6041 	EXP 	response: text = 'Please indicate how many dollars you will give Player 1:   '
17.6209 	EXP 	response: text = 'Please indicate how many dollars you will give Player 1:   '
17.6373 	EXP 	response: text = 'Please indicate how many dollars you will give Player 1:   '
17.6542 	EXP 	response: text = 'Please indicate how many dollars you will give Player 1:   '
17.6709 	EXP 	response: text = 'Please indicate how many dollars you will give Player 1:   '
17.6876 	EXP 	response: text = 'Please indicate how many dollars you will give Player 1:   '
17.7043 	EXP 	response: text = 'Please indicate how many dollars you will give Player 1:   '
17.7209 	EXP 	response: text = 'Please indicate how many dollars you will give Player 1:   '
17.7378 	EXP 	response: text = 'Please indicate how many dollars you will give Player 1:   '
17.7544 	EXP 	response: text = 'Please indicate how many dollars you will give Player 1:   '
17.7710 	EXP 	response: text = 'Please indicate how many dollars you will give Player 1:   '
17.7877 	EXP 	response: text = 'Please indicate how many dollars you will give Player 1:   '
17.8041 	EXP 	response: text = 'Please indicate how many dollars you will give Player 1:   '
17.8209 	EXP 	response: text = 'Please indicate how many dollars you will give Player 1:   '
17.8376 	EXP 	response: text = 'Please indicate how many dollars you will give Player 1:   '
17.8541 	EXP 	response: text = 'Please indicate how many dollars you will give Player 1:   '
17.8711 	EXP 	response: text = 'Please indicate how many dollars you will give Player 1:   '
17.8877 	EXP 	response: text = 'Please indicate how many dollars you will give Player 1:   '
17.9044 	EXP 	response: text = 'Please indicate how many dollars you will give Player 1:   '
17.9211 	EXP 	response: text = 'Please indicate how many dollars you will give Player 1:   '
17.9378 	EXP 	response: text = 'Please indicate how many dollars you will give Player 1:   '
17.9545 	EXP 	response: text = 'Please indicate how many dollars you will give Player 1:   '
17.9741 	EXP 	response: text = 'Please indicate how many dollars you will give Player 1:   '
17.9884 	EXP 	response: text = 'Please indicate how many dollars you will give Player 1:   '
18.0045 	EXP 	response: text = 'Please indicate how many dollars you will give Player 1:   '
18.0211 	EXP 	response: text = 'Please indicate how many dollars you will give Player 1:   '
18.0377 	EXP 	response: text = 'Please indicate how many dollars you will give Player 1:   '
18.0546 	EXP 	response: text = 'Please indicate how many dollars you will give Player 1:   '
18.0713 	EXP 	response: text = 'Please indicate how many dollars you will give Player 1:   '
18.0877 	EXP 	response: text = 'Please indicate how many dollars you will give Player 1:   '
18.1044 	EXP 	response: text = 'Please indicate how many dollars you will give Player 1:   '
18.1212 	EXP 	response: text = 'Please indicate how many dollars you will give Player 1:   '
18.1379 	EXP 	response: text = 'Please indicate how many dollars you will give Player 1:   '
18.1545 	EXP 	response: text = 'Please indicate how many dollars you will give Player 1:   '
18.1714 	EXP 	response: text = 'Please indicate how many dollars you will give Player 1:   '
18.1882 	EXP 	response: text = 'Please indicate how many dollars you will give Player 1:   '
18.2048 	EXP 	response: text = 'Please indicate how many dollars you will give Player 1:   '
18.2213 	EXP 	response: text = 'Please indicate how many dollars you will give Player 1:   '
18.2388 	EXP 	response: text = 'Please indicate how many dollars you will give Player 1:   '
18.2548 	EXP 	response: text = 'Please indicate how many dollars you will give Player 1:   '
18.2715 	EXP 	response: text = 'Please indicate how many dollars you will give Player 1:   '
18.2880 	EXP 	response: text = 'Please indicate how many dollars you will give Player 1:   '
18.3046 	EXP 	response: text = 'Please indicate how many dollars you will give Player 1:   '
18.3214 	EXP 	response: text = 'Please indicate how many dollars you will give Player 1:   '
18.3380 	EXP 	response: text = 'Please indicate how many dollars you will give Player 1:   '
18.3548 	EXP 	response: text = 'Please indicate how many dollars you will give Player 1:   '
18.3714 	EXP 	response: text = 'Please indicate how many dollars you will give Player 1:   '
18.3880 	EXP 	response: text = 'Please indicate how many dollars you will give Player 1:   '
18.4049 	EXP 	response: text = 'Please indicate how many dollars you will give Player 1:   '
18.4213 	EXP 	response: text = 'Please indicate how many dollars you will give Player 1:   '
18.4282 	DATA 	Keypress: 3
18.4386 	EXP 	response: text = 'Please indicate how many dollars you will give Player 1:   '
18.4551 	EXP 	response: text = 'Please indicate how many dollars you will give Player 1:   '
18.4714 	EXP 	response: text = 'Please indicate how many dollars you will give Player 1:   '
18.4883 	EXP 	response: text = 'Please indicate how many dollars you will give Player 1:   '
18.5047 	EXP 	response: text = 'Please indicate how many dollars you will give Player 1:   '
18.5215 	EXP 	response: text = 'Please indicate how many dollars you will give Player 1:   '
18.5382 	EXP 	response: text = 'Please indicate how many dollars you will give Player 1:   '
18.5549 	EXP 	response: text = 'Please indicate how many dollars you will give Player 1:   '
18.5718 	EXP 	response: text = 'Please indicate how many dollars you will give Player 1:   '
18.5885 	EXP 	response: text = 'Please indicate how many dollars you will give Player 1:   '
18.6051 	EXP 	response: text = 'Please indicate how many dollars you will give Player 1:   '
18.6217 	EXP 	response: text = 'Please indicate how many dollars you will give Player 1:   '
18.6385 	EXP 	response: text = 'Please indicate how many dollars you will give Player 1:   '
18.6551 	EXP 	response: text = 'Please indicate how many dollars you will give Player 1:   '
18.6719 	EXP 	response: text = 'Please indicate how many dollars you will give Player 1:   '
18.6885 	EXP 	response: text = 'Please indicate how many dollars you will give Player 1:   '
18.7052 	EXP 	response: text = 'Please indicate how many dollars you will give Player 1:   '
18.7216 	EXP 	response: text = 'Please indicate how many dollars you will give Player 1:   '
18.7385 	EXP 	response: text = 'Please indicate how many dollars you will give Player 1:   '
18.7555 	EXP 	response: text = 'Please indicate how many dollars you will give Player 1:   '
18.7720 	EXP 	response: text = 'Please indicate how many dollars you will give Player 1:   '
18.7887 	EXP 	response: text = 'Please indicate how many dollars you will give Player 1:   '
18.8052 	EXP 	response: text = 'Please indicate how many dollars you will give Player 1:   '
18.8220 	EXP 	response: text = 'Please indicate how many dollars you will give Player 1:   '
18.8387 	EXP 	response: text = 'Please indicate how many dollars you will give Player 1:   '
18.8553 	EXP 	response: text = 'Please indicate how many dollars you will give Player 1:   '
18.8719 	EXP 	response: text = 'Please indicate how many dollars you will give Player 1:   '
18.8886 	EXP 	response: text = 'Please indicate how many dollars you will give Player 1:   '
18.9053 	EXP 	response: text = 'Please indicate how many dollars you will give Player 1:   '
18.9220 	EXP 	response: text = 'Please indicate how many dollars you will give Player 1:   '
18.9388 	EXP 	response: text = 'Please indicate how many dollars you will give Player 1:   '
18.9553 	EXP 	response: text = 'Please indicate how many dollars you will give Player 1:   '
18.9720 	EXP 	response: text = 'Please indicate how many dollars you will give Player 1:   '
18.9888 	EXP 	response: text = 'Please indicate how many dollars you will give Player 1:   '
19.0053 	EXP 	response: text = 'Please indicate how many dollars you will give Player 1:   '
19.0222 	EXP 	response: text = 'Please indicate how many dollars you will give Player 1:   '
19.0388 	EXP 	response: text = 'Please indicate how many dollars you will give Player 1:   '
19.0555 	EXP 	response: text = 'Please indicate how many dollars you will give Player 1:   '
19.0723 	EXP 	response: text = 'Please indicate how many dollars you will give Player 1:   '
19.0889 	EXP 	response: text = 'Please indicate how many dollars you will give Player 1:   '
19.1057 	EXP 	response: text = 'Please indicate how many dollars you will give Player 1:   '
19.1224 	EXP 	response: text = 'Please indicate how many dollars you will give Player 1:   '
19.1390 	EXP 	response: text = 'Please indicate how many dollars you will give Player 1:   '
19.1556 	EXP 	response: text = 'Please indicate how many dollars you will give Player 1:   '
19.1726 	EXP 	response: text = 'Please indicate how many dollars you will give Player 1:   '
19.1889 	EXP 	response: text = 'Please indicate how many dollars you will give Player 1:   '
19.2056 	EXP 	response: text = 'Please indicate how many dollars you will give Player 1:   '
19.2222 	EXP 	response: text = 'Please indicate how many dollars you will give Player 1:   '
19.2389 	EXP 	response: text = 'Please indicate how many dollars you will give Player 1:   '
19.2558 	EXP 	response: text = 'Please indicate how many dollars you will give Player 1:   '
19.2721 	EXP 	response: text = 'Please indicate how many dollars you will give Player 1:   '
19.2890 	EXP 	response: text = 'Please indicate how many dollars you will give Player 1:   '
19.3056 	EXP 	response: text = 'Please indicate how many dollars you will give Player 1:   '
19.3222 	EXP 	response: text = 'Please indicate how many dollars you will give Player 1:   '
19.3389 	EXP 	response: text = 'Please indicate how many dollars you will give Player 1:   '
19.3556 	EXP 	response: text = 'Please indicate how many dollars you will give Player 1:   '
19.3722 	EXP 	response: text = 'Please indicate how many dollars you will give Player 1:   '
19.3890 	EXP 	response: text = 'Please indicate how many dollars you will give Player 1:   '
19.4056 	EXP 	response: text = 'Please indicate how many dollars you will give Player 1:   '
19.4222 	EXP 	response: text = 'Please indicate how many dollars you will give Player 1:   '
19.4390 	EXP 	response: text = 'Please indicate how many dollars you will give Player 1:   '
19.4561 	EXP 	response: text = 'Please indicate how many dollars you will give Player 1:   '
19.4724 	EXP 	response: text = 'Please indicate how many dollars you will give Player 1:   '
19.4890 	EXP 	response: text = 'Please indicate how many dollars you will give Player 1:   '
19.5058 	EXP 	response: text = 'Please indicate how many dollars you will give Player 1:   '
19.5225 	EXP 	response: text = 'Please indicate how many dollars you will give Player 1:   '
19.5392 	EXP 	response: text = 'Please indicate how many dollars you will give Player 1:   '
19.5558 	EXP 	response: text = 'Please indicate how many dollars you will give Player 1:   '
19.5724 	EXP 	response: text = 'Please indicate how many dollars you will give Player 1:   '
19.5891 	EXP 	response: text = 'Please indicate how many dollars you will give Player 1:   '
19.6058 	EXP 	response: text = 'Please indicate how many dollars you will give Player 1:   '
19.6225 	EXP 	response: text = 'Please indicate how many dollars you will give Player 1:   '
19.6391 	EXP 	response: text = 'Please indicate how many dollars you will give Player 1:   '
19.6558 	EXP 	response: text = 'Please indicate how many dollars you will give Player 1:   '
19.6726 	EXP 	response: text = 'Please indicate how many dollars you will give Player 1:   '
19.6894 	EXP 	response: text = 'Please indicate how many dollars you will give Player 1:   '
19.7058 	EXP 	response: text = 'Please indicate how many dollars you will give Player 1:   '
19.7224 	EXP 	response: text = 'Please indicate how many dollars you will give Player 1:   '
19.7392 	EXP 	response: text = 'Please indicate how many dollars you will give Player 1:   '
19.7560 	EXP 	response: text = 'Please indicate how many dollars you will give Player 1:   '
19.7726 	EXP 	response: text = 'Please indicate how many dollars you will give Player 1:   '
19.7894 	EXP 	response: text = 'Please indicate how many dollars you will give Player 1:   '
19.8058 	EXP 	response: text = 'Please indicate how many dollars you will give Player 1:   '
19.8226 	EXP 	response: text = 'Please indicate how many dollars you will give Player 1:   '
19.8393 	EXP 	response: text = 'Please indicate how many dollars you will give Player 1:   '
19.8561 	EXP 	response: text = 'Please indicate how many dollars you will give Player 1:   '
19.8725 	EXP 	response: text = 'Please indicate how many dollars you will give Player 1:   '
19.8895 	EXP 	response: text = 'Please indicate how many dollars you will give Player 1:   '
19.8959 	DATA 	Keypress: 3
19.9060 	EXP 	response: text = 'Please indicate how many dollars you will give Player 1:   '
19.9227 	EXP 	response: text = 'Please indicate how many dollars you will give Player 1:   '
19.9395 	EXP 	response: text = 'Please indicate how many dollars you will give Player 1:   '
19.9561 	EXP 	response: text = 'Please indicate how many dollars you will give Player 1:   '
19.9727 	EXP 	response: text = 'Please indicate how many dollars you will give Player 1:   '
19.9896 	EXP 	response: text = 'Please indicate how many dollars you will give Player 1:   '
20.0062 	EXP 	response: text = 'Please indicate how many dollars you will give Player 1:   '
20.0228 	EXP 	response: text = 'Please indicate how many dollars you will give Player 1:   '
20.0396 	EXP 	response: text = 'Please indicate how many dollars you will give Player 1:   '
20.0563 	EXP 	response: text = 'Please indicate how many dollars you will give Player 1:   '
20.0730 	EXP 	response: text = 'Please indicate how many dollars you will give Player 1:   '
20.0897 	EXP 	response: text = 'Please indicate how many dollars you will give Player 1:   '
20.1065 	EXP 	response: text = 'Please indicate how many dollars you will give Player 1:   '
20.1232 	EXP 	response: text = 'Please indicate how many dollars you will give Player 1:   '
20.1396 	EXP 	response: text = 'Please indicate how many dollars you will give Player 1:   '
20.1565 	EXP 	response: text = 'Please indicate how many dollars you will give Player 1:   '
20.1729 	EXP 	response: text = 'Please indicate how many dollars you will give Player 1:   '
20.1897 	EXP 	response: text = 'Please indicate how many dollars you will give Player 1:   '
20.2062 	EXP 	response: text = 'Please indicate how many dollars you will give Player 1:   '
20.2229 	EXP 	response: text = 'Please indicate how many dollars you will give Player 1:   '
20.2397 	EXP 	response: text = 'Please indicate how many dollars you will give Player 1:   '
20.2563 	EXP 	response: text = 'Please indicate how many dollars you will give Player 1:   '
20.2731 	EXP 	response: text = 'Please indicate how many dollars you will give Player 1:   '
20.2896 	EXP 	response: text = 'Please indicate how many dollars you will give Player 1:   '
20.3063 	EXP 	response: text = 'Please indicate how many dollars you will give Player 1:   '
20.3231 	EXP 	response: text = 'Please indicate how many dollars you will give Player 1:   '
20.3398 	EXP 	response: text = 'Please indicate how many dollars you will give Player 1:   '
20.3564 	EXP 	response: text = 'Please indicate how many dollars you will give Player 1:   '
20.3730 	EXP 	response: text = 'Please indicate how many dollars you will give Player 1:   '
20.3898 	EXP 	response: text = 'Please indicate how many dollars you will give Player 1:   '
20.4064 	EXP 	response: text = 'Please indicate how many dollars you will give Player 1:   '
20.4231 	EXP 	response: text = 'Please indicate how many dollars you will give Player 1:   '
20.4397 	EXP 	response: text = 'Please indicate how many dollars you will give Player 1:   '
20.4566 	EXP 	response: text = 'Please indicate how many dollars you will give Player 1:   '
20.4731 	EXP 	response: text = 'Please indicate how many dollars you will give Player 1:   '
20.4900 	EXP 	response: text = 'Please indicate how many dollars you will give Player 1:   '
20.5066 	EXP 	response: text = 'Please indicate how many dollars you will give Player 1:   '
20.5232 	EXP 	response: text = 'Please indicate how many dollars you will give Player 1:   '
20.5399 	EXP 	response: text = 'Please indicate how many dollars you will give Player 1:   '
20.5564 	EXP 	response: text = 'Please indicate how many dollars you will give Player 1:   '
20.5734 	EXP 	response: text = 'Please indicate how many dollars you will give Player 1:   '
20.5900 	EXP 	response: text = 'Please indicate how many dollars you will give Player 1:   '
20.6068 	EXP 	response: text = 'Please indicate how many dollars you will give Player 1:   '
20.6232 	EXP 	response: text = 'Please indicate how many dollars you will give Player 1:   '
20.6401 	EXP 	response: text = 'Please indicate how many dollars you will give Player 1:   '
20.6567 	EXP 	response: text = 'Please indicate how many dollars you will give Player 1:   '
20.6734 	EXP 	response: text = 'Please indicate how many dollars you will give Player 1:   '
20.6899 	EXP 	response: text = 'Please indicate how many dollars you will give Player 1:   '
20.7067 	EXP 	response: text = 'Please indicate how many dollars you will give Player 1:   '
20.7237 	EXP 	response: text = 'Please indicate how many dollars you will give Player 1:   '
20.7400 	EXP 	response: text = 'Please indicate how many dollars you will give Player 1:   '
20.7568 	EXP 	response: text = 'Please indicate how many dollars you will give Player 1:   '
20.7733 	EXP 	response: text = 'Please indicate how many dollars you will give Player 1:   '
20.7903 	EXP 	response: text = 'Please indicate how many dollars you will give Player 1:   '
20.8070 	EXP 	response: text = 'Please indicate how many dollars you will give Player 1:   '
20.8235 	EXP 	response: text = 'Please indicate how many dollars you will give Player 1:   '
20.8402 	EXP 	response: text = 'Please indicate how many dollars you will give Player 1:   '
20.8568 	EXP 	response: text = 'Please indicate how many dollars you will give Player 1:   '
20.8735 	EXP 	response: text = 'Please indicate how many dollars you will give Player 1:   '
20.8902 	EXP 	response: text = 'Please indicate how many dollars you will give Player 1:   '
20.9068 	EXP 	response: text = 'Please indicate how many dollars you will give Player 1:   '
20.9236 	EXP 	response: text = 'Please indicate how many dollars you will give Player 1:   '
20.9403 	EXP 	response: text = 'Please indicate how many dollars you will give Player 1:   '
20.9570 	EXP 	response: text = 'Please indicate how many dollars you will give Player 1:   '
20.9738 	EXP 	response: text = 'Please indicate how many dollars you will give Player 1:   '
20.9903 	EXP 	response: text = 'Please indicate how many dollars you will give Player 1:   '
21.0070 	EXP 	response: text = 'Please indicate how many dollars you will give Player 1:   '
21.0236 	EXP 	response: text = 'Please indicate how many dollars you will give Player 1:   '
21.0402 	EXP 	response: text = 'Please indicate how many dollars you will give Player 1:   '
21.0570 	EXP 	response: text = 'Please indicate how many dollars you will give Player 1:   '
21.0740 	EXP 	response: text = 'Please indicate how many dollars you will give Player 1:   '
21.0905 	EXP 	response: text = 'Please indicate how many dollars you will give Player 1:   '
21.1071 	EXP 	response: text = 'Please indicate how many dollars you will give Player 1:   '
21.1238 	EXP 	response: text = 'Please indicate how many dollars you will give Player 1:   '
21.1405 	EXP 	response: text = 'Please indicate how many dollars you will give Player 1:   '
21.1574 	EXP 	response: text = 'Please indicate how many dollars you will give Player 1:   '
21.1738 	EXP 	response: text = 'Please indicate how many dollars you will give Player 1:   '
21.1905 	EXP 	response: text = 'Please indicate how many dollars you will give Player 1:   '
21.2073 	EXP 	response: text = 'Please indicate how many dollars you will give Player 1:   '
21.2240 	EXP 	response: text = 'Please indicate how many dollars you will give Player 1:   '
21.2407 	EXP 	response: text = 'Please indicate how many dollars you will give Player 1:   '
21.2574 	EXP 	response: text = 'Please indicate how many dollars you will give Player 1:   '
21.2738 	EXP 	response: text = 'Please indicate how many dollars you will give Player 1:   '
21.2905 	EXP 	response: text = 'Please indicate how many dollars you will give Player 1:   '
21.3071 	EXP 	response: text = 'Please indicate how many dollars you will give Player 1:   '
21.3238 	EXP 	response: text = 'Please indicate how many dollars you will give Player 1:   '
21.3406 	EXP 	response: text = 'Please indicate how many dollars you will give Player 1:   '
21.3572 	EXP 	response: text = 'Please indicate how many dollars you will give Player 1:   '
21.3740 	EXP 	response: text = 'Please indicate how many dollars you will give Player 1:   '
21.3906 	EXP 	response: text = 'Please indicate how many dollars you will give Player 1:   '
21.4074 	EXP 	response: text = 'Please indicate how many dollars you will give Player 1:   '
21.4240 	EXP 	response: text = 'Please indicate how many dollars you will give Player 1:   '
21.4405 	EXP 	response: text = 'Please indicate how many dollars you will give Player 1:   '
21.4581 	EXP 	response: text = 'Please indicate how many dollars you will give Player 1:   '
21.4741 	EXP 	response: text = 'Please indicate how many dollars you will give Player 1:   '
21.4908 	EXP 	response: text = 'Please indicate how many dollars you will give Player 1:   '
21.5074 	EXP 	response: text = 'Please indicate how many dollars you will give Player 1:   '
21.5143 	DATA 	Keypress: 2
21.5240 	EXP 	response: text = 'Please indicate how many dollars you will give Player 1:   '
21.5408 	EXP 	response: text = 'Please indicate how many dollars you will give Player 1:   '
21.5575 	EXP 	response: text = 'Please indicate how many dollars you will give Player 1:   '
21.5742 	EXP 	response: text = 'Please indicate how many dollars you will give Player 1:   '
21.5908 	EXP 	response: text = 'Please indicate how many dollars you will give Player 1:   '
21.6076 	EXP 	response: text = 'Please indicate how many dollars you will give Player 1:   '
21.6242 	EXP 	response: text = 'Please indicate how many dollars you will give Player 1:   '
21.6406 	EXP 	response: text = 'Please indicate how many dollars you will give Player 1:   '
21.6577 	EXP 	response: text = 'Please indicate how many dollars you will give Player 1:   '
21.6742 	EXP 	response: text = 'Please indicate how many dollars you will give Player 1:   '
21.6909 	EXP 	response: text = 'Please indicate how many dollars you will give Player 1:   '
21.7077 	EXP 	response: text = 'Please indicate how many dollars you will give Player 1:   '
21.7130 	DATA 	Keypress: 3
21.7243 	EXP 	response: text = 'Please indicate how many dollars you will give Player 1:   '
21.7412 	EXP 	response: text = 'Please indicate how many dollars you will give Player 1:   '
21.7577 	EXP 	response: text = 'Please indicate how many dollars you will give Player 1:   '
21.7743 	EXP 	response: text = 'Please indicate how many dollars you will give Player 1:   '
21.7910 	EXP 	response: text = 'Please indicate how many dollars you will give Player 1:   '
21.8077 	EXP 	response: text = 'Please indicate how many dollars you will give Player 1:   '
21.8243 	EXP 	response: text = 'Please indicate how many dollars you will give Player 1:   '
21.8410 	EXP 	response: text = 'Please indicate how many dollars you will give Player 1:   '
21.8577 	EXP 	response: text = 'Please indicate how many dollars you will give Player 1:   '
21.8744 	EXP 	response: text = 'Please indicate how many dollars you will give Player 1:   '
21.8910 	EXP 	response: text = 'Please indicate how many dollars you will give Player 1:   '
21.9077 	EXP 	response: text = 'Please indicate how many dollars you will give Player 1:   '
21.9243 	EXP 	response: text = 'Please indicate how many dollars you will give Player 1:   '
21.9411 	EXP 	response: text = 'Please indicate how many dollars you will give Player 1:   '
21.9577 	EXP 	response: text = 'Please indicate how many dollars you will give Player 1:   '
21.9746 	EXP 	response: text = 'Please indicate how many dollars you will give Player 1:   '
21.9911 	EXP 	response: text = 'Please indicate how many dollars you will give Player 1:   '
22.0080 	EXP 	response: text = 'Please indicate how many dollars you will give Player 1:   '
22.0245 	EXP 	response: text = 'Please indicate how many dollars you will give Player 1:   '
22.0305 	DATA 	Keypress: 2
22.0411 	EXP 	response: text = 'Please indicate how many dollars you will give Player 1:   '
22.0578 	EXP 	response: text = 'Please indicate how many dollars you will give Player 1:   '
22.0745 	EXP 	response: text = 'Please indicate how many dollars you will give Player 1:   '
22.0912 	EXP 	response: text = 'Please indicate how many dollars you will give Player 1:   '
22.1079 	EXP 	response: text = 'Please indicate how many dollars you will give Player 1:   '
22.1247 	EXP 	response: text = 'Please indicate how many dollars you will give Player 1:   '
22.1415 	EXP 	response: text = 'Please indicate how many dollars you will give Player 1:   '
22.1579 	EXP 	response: text = 'Please indicate how many dollars you will give Player 1:   '
22.1745 	EXP 	response: text = 'Please indicate how many dollars you will give Player 1:   '
22.1913 	EXP 	response: text = 'Please indicate how many dollars you will give Player 1:   '
22.2081 	EXP 	response: text = 'Please indicate how many dollars you will give Player 1:   '
22.2245 	EXP 	response: text = 'Please indicate how many dollars you will give Player 1:   '
22.2414 	EXP 	response: text = 'Please indicate how many dollars you will give Player 1:   '
22.2581 	EXP 	response: text = 'Please indicate how many dollars you will give Player 1:   '
22.2748 	EXP 	response: text = 'Please indicate how many dollars you will give Player 1:   '
22.2915 	EXP 	response: text = 'Please indicate how many dollars you will give Player 1:   '
22.3093 	EXP 	response: text = 'Please indicate how many dollars you will give Player 1:   '
22.3155 	DATA 	Keypress: 2
22.3247 	EXP 	response: text = 'Please indicate how many dollars you will give Player 1:   '
22.3413 	EXP 	response: text = 'Please indicate how many dollars you will give Player 1:   '
22.3580 	EXP 	response: text = 'Please indicate how many dollars you will give Player 1:   '
22.3747 	EXP 	response: text = 'Please indicate how many dollars you will give Player 1:   '
22.3914 	EXP 	response: text = 'Please indicate how many dollars you will give Player 1:   '
22.4078 	EXP 	response: text = 'Please indicate how many dollars you will give Player 1:   '
22.4246 	EXP 	response: text = 'Please indicate how many dollars you will give Player 1:   '
22.4413 	EXP 	response: text = 'Please indicate how many dollars you will give Player 1:   '
22.4585 	EXP 	response: text = 'Please indicate how many dollars you will give Player 1:   '
22.4750 	EXP 	response: text = 'Please indicate how many dollars you will give Player 1:   '
22.4915 	EXP 	response: text = 'Please indicate how many dollars you will give Player 1:   '
22.5084 	EXP 	response: text = 'Please indicate how many dollars you will give Player 1:   '
22.5250 	EXP 	response: text = 'Please indicate how many dollars you will give Player 1:   '
22.5420 	EXP 	response: text = 'Please indicate how many dollars you will give Player 1:   '
22.5587 	EXP 	response: text = 'Please indicate how many dollars you will give Player 1:   '
22.5752 	EXP 	response: text = 'Please indicate how many dollars you will give Player 1:   '
22.5918 	EXP 	response: text = 'Please indicate how many dollars you will give Player 1:   '
22.6085 	EXP 	response: text = 'Please indicate how many dollars you will give Player 1:   '
22.6148 	DATA 	Keypress: 3
22.6251 	EXP 	response: text = 'Please indicate how many dollars you will give Player 1:   '
22.6417 	EXP 	response: text = 'Please indicate how many dollars you will give Player 1:   '
22.6585 	EXP 	response: text = 'Please indicate how many dollars you will give Player 1:   '
22.6750 	EXP 	response: text = 'Please indicate how many dollars you will give Player 1:   '
22.6918 	EXP 	response: text = 'Please indicate how many dollars you will give Player 1:   '
22.7084 	EXP 	response: text = 'Please indicate how many dollars you will give Player 1:   '
22.7253 	EXP 	response: text = 'Please indicate how many dollars you will give Player 1:   '
22.7423 	EXP 	response: text = 'Please indicate how many dollars you will give Player 1:   '
22.7586 	EXP 	response: text = 'Please indicate how many dollars you will give Player 1:   '
22.7751 	EXP 	response: text = 'Please indicate how many dollars you will give Player 1:   '
22.7920 	EXP 	response: text = 'Please indicate how many dollars you will give Player 1:   '
22.8085 	EXP 	response: text = 'Please indicate how many dollars you will give Player 1:   '
22.8138 	DATA 	Keypress: 3
22.8251 	EXP 	response: text = 'Please indicate how many dollars you will give Player 1:   '
22.8419 	EXP 	response: text = 'Please indicate how many dollars you will give Player 1:   '
22.8585 	EXP 	response: text = 'Please indicate how many dollars you will give Player 1:   '
22.8752 	EXP 	response: text = 'Please indicate how many dollars you will give Player 1:   '
22.8919 	EXP 	response: text = 'Please indicate how many dollars you will give Player 1:   '
22.9084 	EXP 	response: text = 'Please indicate how many dollars you will give Player 1:   '
22.9252 	EXP 	response: text = 'Please indicate how many dollars you will give Player 1:   '
22.9418 	EXP 	response: text = 'Please indicate how many dollars you will give Player 1:   '
22.9585 	EXP 	response: text = 'Please indicate how many dollars you will give Player 1:   '
22.9753 	EXP 	response: text = 'Please indicate how many dollars you will give Player 1:   '
22.9919 	EXP 	response: text = 'Please indicate how many dollars you will give Player 1:   '
23.0087 	EXP 	response: text = 'Please indicate how many dollars you will give Player 1:   '
23.0251 	EXP 	response: text = 'Please indicate how many dollars you will give Player 1:   '
23.0419 	EXP 	response: text = 'Please indicate how many dollars you will give Player 1:   '
23.0589 	EXP 	response: text = 'Please indicate how many dollars you will give Player 1:   '
23.0754 	EXP 	response: text = 'Please indicate how many dollars you will give Player 1:   '
23.0815 	DATA 	Keypress: 2
23.0919 	EXP 	response: text = 'Please indicate how many dollars you will give Player 1:   '
23.1087 	EXP 	response: text = 'Please indicate how many dollars you will give Player 1:   '
23.1254 	EXP 	response: text = 'Please indicate how many dollars you will give Player 1:   '
23.1421 	EXP 	response: text = 'Please indicate how many dollars you will give Player 1:   '
23.1588 	EXP 	response: text = 'Please indicate how many dollars you will give Player 1:   '
23.1754 	EXP 	response: text = 'Please indicate how many dollars you will give Player 1:   '
23.1920 	EXP 	response: text = 'Please indicate how many dollars you will give Player 1:   '
23.2089 	EXP 	response: text = 'Please indicate how many dollars you will give Player 1:   '
23.2255 	EXP 	response: text = 'Please indicate how many dollars you will give Player 1:   '
23.2420 	EXP 	response: text = 'Please indicate how many dollars you will give Player 1:   '
23.2588 	EXP 	response: text = 'Please indicate how many dollars you will give Player 1:   '
23.2755 	EXP 	response: text = 'Please indicate how many dollars you will give Player 1:   '
23.2924 	EXP 	response: text = 'Please indicate how many dollars you will give Player 1:   '
23.3097 	EXP 	response: text = 'Please indicate how many dollars you will give Player 1:   '
23.3257 	EXP 	response: text = 'Please indicate how many dollars you will give Player 1:   '
23.3426 	EXP 	response: text = 'Please indicate how many dollars you will give Player 1:   '
23.3492 	DATA 	Keypress: 2
23.3591 	EXP 	response: text = 'Please indicate how many dollars you will give Player 1:   '
23.3756 	EXP 	response: text = 'Please indicate how many dollars you will give Player 1:   '
23.3921 	EXP 	response: text = 'Please indicate how many dollars you will give Player 1:   '
23.4090 	EXP 	response: text = 'Please indicate how many dollars you will give Player 1:   '
23.4255 	EXP 	response: text = 'Please indicate how many dollars you will give Player 1:   '
23.4424 	EXP 	response: text = 'Please indicate how many dollars you will give Player 1:   '
23.4598 	EXP 	response: text = 'Please indicate how many dollars you will give Player 1:   '
23.4758 	EXP 	response: text = 'Please indicate how many dollars you will give Player 1:   '
23.4922 	EXP 	response: text = 'Please indicate how many dollars you will give Player 1:   '
23.5090 	EXP 	response: text = 'Please indicate how many dollars you will give Player 1:   '
23.5257 	EXP 	response: text = 'Please indicate how many dollars you will give Player 1:   '
23.5425 	EXP 	response: text = 'Please indicate how many dollars you will give Player 1:   '
23.5590 	EXP 	response: text = 'Please indicate how many dollars you will give Player 1:   '
23.5759 	EXP 	response: text = 'Please indicate how many dollars you will give Player 1:   '
23.5925 	EXP 	response: text = 'Please indicate how many dollars you will give Player 1:   '
23.6093 	EXP 	response: text = 'Please indicate how many dollars you will give Player 1:   '
23.6260 	EXP 	response: text = 'Please indicate how many dollars you will give Player 1:   '
23.6321 	DATA 	Keypress: 3
23.6425 	EXP 	response: text = 'Please indicate how many dollars you will give Player 1:   '
23.6595 	EXP 	response: text = 'Please indicate how many dollars you will give Player 1:   '
23.6760 	EXP 	response: text = 'Please indicate how many dollars you will give Player 1:   '
23.6926 	EXP 	response: text = 'Please indicate how many dollars you will give Player 1:   '
23.7093 	EXP 	response: text = 'Please indicate how many dollars you will give Player 1:   '
23.7263 	EXP 	response: text = 'Please indicate how many dollars you will give Player 1:   '
23.7428 	EXP 	response: text = 'Please indicate how many dollars you will give Player 1:   '
23.7594 	EXP 	response: text = 'Please indicate how many dollars you will give Player 1:   '
23.7761 	EXP 	response: text = 'Please indicate how many dollars you will give Player 1:   '
23.7928 	EXP 	response: text = 'Please indicate how many dollars you will give Player 1:   '
23.8093 	EXP 	response: text = 'Please indicate how many dollars you will give Player 1:   '
23.8262 	EXP 	response: text = 'Please indicate how many dollars you will give Player 1:   '
23.8430 	EXP 	response: text = 'Please indicate how many dollars you will give Player 1:   '
23.8594 	EXP 	response: text = 'Please indicate how many dollars you will give Player 1:   '
23.8761 	EXP 	response: text = 'Please indicate how many dollars you will give Player 1:   '
23.8929 	EXP 	response: text = 'Please indicate how many dollars you will give Player 1:   '
23.9096 	EXP 	response: text = 'Please indicate how many dollars you will give Player 1:   '
23.9262 	EXP 	response: text = 'Please indicate how many dollars you will give Player 1:   '
23.9330 	DATA 	Keypress: 2
23.9428 	EXP 	response: text = 'Please indicate how many dollars you will give Player 1:   '
23.9595 	EXP 	response: text = 'Please indicate how many dollars you will give Player 1:   '
23.9761 	EXP 	response: text = 'Please indicate how many dollars you will give Player 1:   '
23.9927 	EXP 	response: text = 'Please indicate how many dollars you will give Player 1:   '
24.0095 	EXP 	response: text = 'Please indicate how many dollars you will give Player 1:   '
24.0261 	EXP 	response: text = 'Please indicate how many dollars you will give Player 1:   '
24.0428 	EXP 	response: text = 'Please indicate how many dollars you will give Player 1:   '
24.0596 	EXP 	response: text = 'Please indicate how many dollars you will give Player 1:   '
24.0763 	EXP 	response: text = 'Please indicate how many dollars you will give Player 1:   '
24.0930 	EXP 	response: text = 'Please indicate how many dollars you will give Player 1:   '
24.1099 	EXP 	response: text = 'Please indicate how many dollars you will give Player 1:   '
24.1263 	EXP 	response: text = 'Please indicate how many dollars you will give Player 1:   '
24.1431 	EXP 	response: text = 'Please indicate how many dollars you will give Player 1:   '
24.1598 	EXP 	response: text = 'Please indicate how many dollars you will give Player 1:   '
24.1764 	EXP 	response: text = 'Please indicate how many dollars you will give Player 1:   '
24.1929 	EXP 	response: text = 'Please indicate how many dollars you will give Player 1:   '
24.2096 	EXP 	response: text = 'Please indicate how many dollars you will give Player 1:   '
24.2263 	EXP 	response: text = 'Please indicate how many dollars you will give Player 1:   '
24.2431 	EXP 	response: text = 'Please indicate how many dollars you will give Player 1:   '
24.2597 	EXP 	response: text = 'Please indicate how many dollars you will give Player 1:   '
24.2663 	DATA 	Keypress: 3
24.2763 	EXP 	response: text = 'Please indicate how many dollars you will give Player 1:   '
24.2929 	EXP 	response: text = 'Please indicate how many dollars you will give Player 1:   '
24.3100 	EXP 	response: text = 'Please indicate how many dollars you will give Player 1:   '
24.3265 	EXP 	response: text = 'Please indicate how many dollars you will give Player 1:   '
24.3430 	EXP 	response: text = 'Please indicate how many dollars you will give Player 1:   '
24.3597 	EXP 	response: text = 'Please indicate how many dollars you will give Player 1:   '
24.3763 	EXP 	response: text = 'Please indicate how many dollars you will give Player 1:   '
24.3931 	EXP 	response: text = 'Please indicate how many dollars you will give Player 1:   '
24.4099 	EXP 	response: text = 'Please indicate how many dollars you will give Player 1:   '
24.4264 	EXP 	response: text = 'Please indicate how many dollars you will give Player 1:   '
24.4432 	EXP 	response: text = 'Please indicate how many dollars you will give Player 1:   '
24.4600 	EXP 	response: text = 'Please indicate how many dollars you will give Player 1:   '
24.4765 	EXP 	response: text = 'Please indicate how many dollars you will give Player 1:   '
24.4930 	EXP 	response: text = 'Please indicate how many dollars you will give Player 1:   '
24.5101 	EXP 	response: text = 'Please indicate how many dollars you will give Player 1:   '
24.5265 	EXP 	response: text = 'Please indicate how many dollars you will give Player 1:   '
24.5433 	EXP 	response: text = 'Please indicate how many dollars you will give Player 1:   '
24.5598 	EXP 	response: text = 'Please indicate how many dollars you will give Player 1:   '
24.5766 	EXP 	response: text = 'Please indicate how many dollars you will give Player 1:   '
24.5933 	EXP 	response: text = 'Please indicate how many dollars you will give Player 1:   '
24.6101 	EXP 	response: text = 'Please indicate how many dollars you will give Player 1:   '
24.6265 	EXP 	response: text = 'Please indicate how many dollars you will give Player 1:   '
24.6434 	EXP 	response: text = 'Please indicate how many dollars you will give Player 1:   '
24.6599 	EXP 	response: text = 'Please indicate how many dollars you will give Player 1:   '
24.6770 	EXP 	response: text = 'Please indicate how many dollars you will give Player 1:   '
24.6935 	EXP 	response: text = 'Please indicate how many dollars you will give Player 1:   '
24.7102 	EXP 	response: text = 'Please indicate how many dollars you will give Player 1:   '
24.7269 	EXP 	response: text = 'Please indicate how many dollars you will give Player 1:   '
24.7435 	EXP 	response: text = 'Please indicate how many dollars you will give Player 1:   '
24.7603 	EXP 	response: text = 'Please indicate how many dollars you will give Player 1:   '
24.7767 	EXP 	response: text = 'Please indicate how many dollars you will give Player 1:   '
24.7935 	EXP 	response: text = 'Please indicate how many dollars you will give Player 1:   '
24.8102 	EXP 	response: text = 'Please indicate how many dollars you will give Player 1:   '
24.8267 	EXP 	response: text = 'Please indicate how many dollars you will give Player 1:   '
24.8435 	EXP 	response: text = 'Please indicate how many dollars you will give Player 1:   '
24.8601 	EXP 	response: text = 'Please indicate how many dollars you will give Player 1:   '
24.8769 	EXP 	response: text = 'Please indicate how many dollars you will give Player 1:   '
24.8935 	EXP 	response: text = 'Please indicate how many dollars you will give Player 1:   '
24.9101 	EXP 	response: text = 'Please indicate how many dollars you will give Player 1:   '
24.9268 	EXP 	response: text = 'Please indicate how many dollars you will give Player 1:   '
24.9435 	EXP 	response: text = 'Please indicate how many dollars you will give Player 1:   '
24.9604 	EXP 	response: text = 'Please indicate how many dollars you will give Player 1:   '
24.9772 	EXP 	response: text = 'Please indicate how many dollars you will give Player 1:   '
24.9935 	EXP 	response: text = 'Please indicate how many dollars you will give Player 1:   '
25.0107 	EXP 	response: text = 'Please indicate how many dollars you will give Player 1:   '
25.0272 	EXP 	response: text = 'Please indicate how many dollars you will give Player 1:   '
25.0439 	EXP 	response: text = 'Please indicate how many dollars you will give Player 1:   '
25.0605 	EXP 	response: text = 'Please indicate how many dollars you will give Player 1:   '
25.0770 	EXP 	response: text = 'Please indicate how many dollars you will give Player 1:   '
25.0941 	EXP 	response: text = 'Please indicate how many dollars you will give Player 1:   '
25.1102 	EXP 	response: text = 'Please indicate how many dollars you will give Player 1:   '
25.1272 	EXP 	response: text = 'Please indicate how many dollars you will give Player 1:   '
25.1438 	EXP 	response: text = 'Please indicate how many dollars you will give Player 1:   '
25.1604 	EXP 	response: text = 'Please indicate how many dollars you will give Player 1:   '
25.1772 	EXP 	response: text = 'Please indicate how many dollars you will give Player 1:   '
25.1937 	EXP 	response: text = 'Please indicate how many dollars you will give Player 1:   '
25.2105 	EXP 	response: text = 'Please indicate how many dollars you will give Player 1:   '
25.2272 	EXP 	response: text = 'Please indicate how many dollars you will give Player 1:   '
25.2436 	EXP 	response: text = 'Please indicate how many dollars you will give Player 1:   '
25.2604 	EXP 	response: text = 'Please indicate how many dollars you will give Player 1:   '
25.2772 	EXP 	response: text = 'Please indicate how many dollars you will give Player 1:   '
25.2939 	EXP 	response: text = 'Please indicate how many dollars you will give Player 1:   '
25.3106 	EXP 	response: text = 'Please indicate how many dollars you will give Player 1:   '
25.3272 	EXP 	response: text = 'Please indicate how many dollars you will give Player 1:   '
25.3440 	EXP 	response: text = 'Please indicate how many dollars you will give Player 1:   '
25.3608 	EXP 	response: text = 'Please indicate how many dollars you will give Player 1:   '
25.3773 	EXP 	response: text = 'Please indicate how many dollars you will give Player 1:   '
25.3940 	EXP 	response: text = 'Please indicate how many dollars you will give Player 1:   '
25.4108 	EXP 	response: text = 'Please indicate how many dollars you will give Player 1:   '
25.4273 	EXP 	response: text = 'Please indicate how many dollars you will give Player 1:   '
25.4440 	EXP 	response: text = 'Please indicate how many dollars you will give Player 1:   '
25.4608 	EXP 	response: text = 'Please indicate how many dollars you will give Player 1:   '
25.4773 	EXP 	response: text = 'Please indicate how many dollars you will give Player 1:   '
25.4941 	EXP 	response: text = 'Please indicate how many dollars you will give Player 1:   '
25.5106 	EXP 	response: text = 'Please indicate how many dollars you will give Player 1:   '
25.5274 	EXP 	response: text = 'Please indicate how many dollars you will give Player 1:   '
25.5441 	EXP 	response: text = 'Please indicate how many dollars you will give Player 1:   '
25.5608 	EXP 	response: text = 'Please indicate how many dollars you will give Player 1:   '
25.5675 	DATA 	Keypress: 2
25.5773 	EXP 	response: text = 'Please indicate how many dollars you will give Player 1:   '
25.5942 	EXP 	response: text = 'Please indicate how many dollars you will give Player 1:   '
25.6111 	EXP 	response: text = 'Please indicate how many dollars you will give Player 1:   '
25.6276 	EXP 	response: text = 'Please indicate how many dollars you will give Player 1:   '
25.6442 	EXP 	response: text = 'Please indicate how many dollars you will give Player 1:   '
25.6608 	EXP 	response: text = 'Please indicate how many dollars you will give Player 1:   '
25.6778 	EXP 	response: text = 'Please indicate how many dollars you will give Player 1:   '
25.6944 	EXP 	response: text = 'Please indicate how many dollars you will give Player 1:   '
25.7005 	DATA 	Keypress: 3
25.7108 	EXP 	response: text = 'Please indicate how many dollars you will give Player 1:   '
25.7276 	EXP 	response: text = 'Please indicate how many dollars you will give Player 1:   '
25.7442 	EXP 	response: text = 'Please indicate how many dollars you will give Player 1:   '
25.7609 	EXP 	response: text = 'Please indicate how many dollars you will give Player 1:   '
25.7776 	EXP 	response: text = 'Please indicate how many dollars you will give Player 1:   '
25.7941 	EXP 	response: text = 'Please indicate how many dollars you will give Player 1:   '
25.8109 	EXP 	response: text = 'Please indicate how many dollars you will give Player 1:   '
25.8275 	EXP 	response: text = 'Please indicate how many dollars you will give Player 1:   '
25.8442 	EXP 	response: text = 'Please indicate how many dollars you will give Player 1:   '
25.8609 	EXP 	response: text = 'Please indicate how many dollars you will give Player 1:   '
25.8776 	EXP 	response: text = 'Please indicate how many dollars you will give Player 1:   '
25.8946 	EXP 	response: text = 'Please indicate how many dollars you will give Player 1:   '
25.9111 	EXP 	response: text = 'Please indicate how many dollars you will give Player 1:   '
25.9278 	EXP 	response: text = 'Please indicate how many dollars you will give Player 1:   '
25.9445 	EXP 	response: text = 'Please indicate how many dollars you will give Player 1:   '
25.9612 	EXP 	response: text = 'Please indicate how many dollars you will give Player 1:   '
25.9778 	EXP 	response: text = 'Please indicate how many dollars you will give Player 1:   '
25.9947 	EXP 	response: text = 'Please indicate how many dollars you will give Player 1:   '
26.0112 	EXP 	response: text = 'Please indicate how many dollars you will give Player 1:   '
26.0278 	EXP 	response: text = 'Please indicate how many dollars you will give Player 1:   '
26.0445 	EXP 	response: text = 'Please indicate how many dollars you will give Player 1:   '
26.0610 	EXP 	response: text = 'Please indicate how many dollars you will give Player 1:   '
26.0777 	EXP 	response: text = 'Please indicate how many dollars you will give Player 1:   '
26.0946 	EXP 	response: text = 'Please indicate how many dollars you will give Player 1:   '
26.1111 	EXP 	response: text = 'Please indicate how many dollars you will give Player 1:   '
26.1279 	EXP 	response: text = 'Please indicate how many dollars you will give Player 1:   '
26.1444 	EXP 	response: text = 'Please indicate how many dollars you will give Player 1:   '
26.1612 	EXP 	response: text = 'Please indicate how many dollars you will give Player 1:   '
26.1786 	EXP 	response: text = 'Please indicate how many dollars you will give Player 1:   '
26.1948 	EXP 	response: text = 'Please indicate how many dollars you will give Player 1:   '
26.2113 	EXP 	response: text = 'Please indicate how many dollars you will give Player 1:   '
26.2283 	EXP 	response: text = 'Please indicate how many dollars you will give Player 1:   '
26.2448 	EXP 	response: text = 'Please indicate how many dollars you will give Player 1:   '
26.2615 	EXP 	response: text = 'Please indicate how many dollars you will give Player 1:   '
26.2779 	EXP 	response: text = 'Please indicate how many dollars you will give Player 1:   '
26.2946 	EXP 	response: text = 'Please indicate how many dollars you will give Player 1:   '
26.3113 	EXP 	response: text = 'Please indicate how many dollars you will give Player 1:   '
26.3279 	EXP 	response: text = 'Please indicate how many dollars you will give Player 1:   '
26.3447 	EXP 	response: text = 'Please indicate how many dollars you will give Player 1:   '
26.3511 	DATA 	Keypress: 4
26.3614 	EXP 	response: text = 'Please indicate how many dollars you will give Player 1:   '
26.3781 	EXP 	response: text = 'Please indicate how many dollars you will give Player 1:   '
26.3948 	EXP 	response: text = 'Please indicate how many dollars you will give Player 1:   '
26.4115 	EXP 	response: text = 'Please indicate how many dollars you will give Player 1:   '
26.4281 	EXP 	response: text = 'Please indicate how many dollars you will give Player 1:   '
26.4450 	EXP 	response: text = 'Please indicate how many dollars you will give Player 1:   '
26.4623 	EXP 	response: text = 'Please indicate how many dollars you will give Player 1:   '
26.4782 	EXP 	response: text = 'Please indicate how many dollars you will give Player 1:   '
26.4948 	EXP 	response: text = 'Please indicate how many dollars you will give Player 1:   '
26.5116 	EXP 	response: text = 'Please indicate how many dollars you will give Player 1:   '
26.5282 	EXP 	response: text = 'Please indicate how many dollars you will give Player 1:   '
26.5449 	EXP 	response: text = 'Please indicate how many dollars you will give Player 1:   '
26.5616 	EXP 	response: text = 'Please indicate how many dollars you will give Player 1:   '
26.5783 	EXP 	response: text = 'Please indicate how many dollars you will give Player 1:   '
26.5948 	EXP 	response: text = 'Please indicate how many dollars you will give Player 1:   '
26.6119 	EXP 	response: text = 'Please indicate how many dollars you will give Player 1:   '
26.6284 	EXP 	response: text = 'Please indicate how many dollars you will give Player 1:   '
26.6450 	EXP 	response: text = 'Please indicate how many dollars you will give Player 1:   '
26.6513 	DATA 	Keypress: 2
26.6617 	EXP 	response: text = 'Please indicate how many dollars you will give Player 1:   '
26.6784 	EXP 	response: text = 'Please indicate how many dollars you will give Player 1:   '
26.6950 	EXP 	response: text = 'Please indicate how many dollars you will give Player 1:   '
26.7118 	EXP 	response: text = 'Please indicate how many dollars you will give Player 1:   '
26.7284 	EXP 	response: text = 'Please indicate how many dollars you will give Player 1:   '
26.7451 	EXP 	response: text = 'Please indicate how many dollars you will give Player 1:   '
26.7618 	EXP 	response: text = 'Please indicate how many dollars you will give Player 1:   '
26.7784 	EXP 	response: text = 'Please indicate how many dollars you will give Player 1:   '
26.7951 	EXP 	response: text = 'Please indicate how many dollars you will give Player 1:   '
26.8006 	DATA 	Keypress: 3
26.8120 	EXP 	response: text = 'Please indicate how many dollars you will give Player 1:   '
26.8289 	EXP 	response: text = 'Please indicate how many dollars you will give Player 1:   '
26.8451 	EXP 	response: text = 'Please indicate how many dollars you will give Player 1:   '
26.8618 	EXP 	response: text = 'Please indicate how many dollars you will give Player 1:   '
26.8787 	EXP 	response: text = 'Please indicate how many dollars you will give Player 1:   '
26.8952 	EXP 	response: text = 'Please indicate how many dollars you will give Player 1:   '
26.9118 	EXP 	response: text = 'Please indicate how many dollars you will give Player 1:   '
26.9283 	EXP 	response: text = 'Please indicate how many dollars you will give Player 1:   '
26.9453 	EXP 	response: text = 'Please indicate how many dollars you will give Player 1:   '
26.9620 	EXP 	response: text = 'Please indicate how many dollars you will give Player 1:   '
26.9786 	EXP 	response: text = 'Please indicate how many dollars you will give Player 1:   '
26.9953 	EXP 	response: text = 'Please indicate how many dollars you will give Player 1:   '
27.0120 	EXP 	response: text = 'Please indicate how many dollars you will give Player 1:   '
27.0285 	EXP 	response: text = 'Please indicate how many dollars you will give Player 1:   '
27.0452 	EXP 	response: text = 'Please indicate how many dollars you will give Player 1:   '
27.0620 	EXP 	response: text = 'Please indicate how many dollars you will give Player 1:   '
27.0788 	EXP 	response: text = 'Please indicate how many dollars you will give Player 1:   '
27.0953 	EXP 	response: text = 'Please indicate how many dollars you will give Player 1:   '
27.1121 	EXP 	response: text = 'Please indicate how many dollars you will give Player 1:   '
27.1287 	EXP 	response: text = 'Please indicate how many dollars you will give Player 1:   '
27.1454 	EXP 	response: text = 'Please indicate how many dollars you will give Player 1:   '
27.1621 	EXP 	response: text = 'Please indicate how many dollars you will give Player 1:   '
27.1787 	EXP 	response: text = 'Please indicate how many dollars you will give Player 1:   '
27.1850 	DATA 	Keypress: 2
27.1955 	EXP 	response: text = 'Please indicate how many dollars you will give Player 1:   '
27.2121 	EXP 	response: text = 'Please indicate how many dollars you will give Player 1:   '
27.2288 	EXP 	response: text = 'Please indicate how many dollars you will give Player 1:   '
27.2456 	EXP 	response: text = 'Please indicate how many dollars you will give Player 1:   '
27.2522 	DATA 	Keypress: 3
27.2621 	EXP 	response: text = 'Please indicate how many dollars you will give Player 1:   '
27.2789 	EXP 	response: text = 'Please indicate how many dollars you will give Player 1:   '
27.2955 	EXP 	response: text = 'Please indicate how many dollars you will give Player 1:   '
27.3122 	EXP 	response: text = 'Please indicate how many dollars you will give Player 1:   '
27.3288 	EXP 	response: text = 'Please indicate how many dollars you will give Player 1:   '
27.3455 	EXP 	response: text = 'Please indicate how many dollars you will give Player 1:   '
27.3621 	EXP 	response: text = 'Please indicate how many dollars you will give Player 1:   '
27.3791 	EXP 	response: text = 'Please indicate how many dollars you will give Player 1:   '
27.3956 	EXP 	response: text = 'Please indicate how many dollars you will give Player 1:   '
27.4125 	EXP 	response: text = 'Please indicate how many dollars you will give Player 1:   '
27.4290 	EXP 	response: text = 'Please indicate how many dollars you will give Player 1:   '
27.4459 	EXP 	response: text = 'Please indicate how many dollars you will give Player 1:   '
27.4625 	EXP 	response: text = 'Please indicate how many dollars you will give Player 1:   '
27.4788 	EXP 	response: text = 'Please indicate how many dollars you will give Player 1:   '
27.4957 	EXP 	response: text = 'Please indicate how many dollars you will give Player 1:   '
27.5121 	EXP 	response: text = 'Please indicate how many dollars you will give Player 1:   '
27.5290 	EXP 	response: text = 'Please indicate how many dollars you will give Player 1:   '
27.5457 	EXP 	response: text = 'Please indicate how many dollars you will give Player 1:   '
27.5624 	EXP 	response: text = 'Please indicate how many dollars you will give Player 1:   '
27.5790 	EXP 	response: text = 'Please indicate how many dollars you will give Player 1:   '
27.5958 	EXP 	response: text = 'Please indicate how many dollars you will give Player 1:   '
27.6012 	DATA 	Keypress: 2
27.6124 	EXP 	response: text = 'Please indicate how many dollars you will give Player 1:   '
27.6292 	EXP 	response: text = 'Please indicate how many dollars you will give Player 1:   '
27.6459 	EXP 	response: text = 'Please indicate how many dollars you will give Player 1:   '
27.6624 	EXP 	response: text = 'Please indicate how many dollars you will give Player 1:   '
27.6790 	EXP 	response: text = 'Please indicate how many dollars you will give Player 1:   '
27.6958 	EXP 	response: text = 'Please indicate how many dollars you will give Player 1:   '
27.7124 	EXP 	response: text = 'Please indicate how many dollars you will give Player 1:   '
27.7190 	DATA 	Keypress: 3
27.7293 	EXP 	response: text = 'Please indicate how many dollars you will give Player 1:   '
27.7458 	EXP 	response: text = 'Please indicate how many dollars you will give Player 1:   '
27.7625 	EXP 	response: text = 'Please indicate how many dollars you will give Player 1:   '
27.7790 	EXP 	response: text = 'Please indicate how many dollars you will give Player 1:   '
27.7960 	EXP 	response: text = 'Please indicate how many dollars you will give Player 1:   '
27.8126 	EXP 	response: text = 'Please indicate how many dollars you will give Player 1:   '
27.8294 	EXP 	response: text = 'Please indicate how many dollars you will give Player 1:   '
27.8461 	EXP 	response: text = 'Please indicate how many dollars you will give Player 1:   '
27.8626 	EXP 	response: text = 'Please indicate how many dollars you will give Player 1:   '
27.8794 	EXP 	response: text = 'Please indicate how many dollars you will give Player 1:   '
27.8960 	EXP 	response: text = 'Please indicate how many dollars you will give Player 1:   '
27.9127 	EXP 	response: text = 'Please indicate how many dollars you will give Player 1:   '
27.9292 	EXP 	response: text = 'Please indicate how many dollars you will give Player 1:   '
27.9460 	EXP 	response: text = 'Please indicate how many dollars you will give Player 1:   '
27.9626 	EXP 	response: text = 'Please indicate how many dollars you will give Player 1:   '
27.9793 	EXP 	response: text = 'Please indicate how many dollars you will give Player 1:   '
27.9958 	EXP 	response: text = 'Please indicate how many dollars you will give Player 1:   '
28.0128 	EXP 	response: text = 'Please indicate how many dollars you will give Player 1:   '
28.0295 	EXP 	response: text = 'Please indicate how many dollars you will give Player 1:   '
28.0462 	EXP 	response: text = 'Please indicate how many dollars you will give Player 1:   '
28.0627 	EXP 	response: text = 'Please indicate how many dollars you will give Player 1:   '
28.0796 	EXP 	response: text = 'Please indicate how many dollars you will give Player 1:   '
28.0960 	EXP 	response: text = 'Please indicate how many dollars you will give Player 1:   '
28.1129 	EXP 	response: text = 'Please indicate how many dollars you will give Player 1:   '
28.1296 	EXP 	response: text = 'Please indicate how many dollars you will give Player 1:   '
28.1462 	EXP 	response: text = 'Please indicate how many dollars you will give Player 1:   '
28.1627 	EXP 	response: text = 'Please indicate how many dollars you will give Player 1:   '
28.1796 	EXP 	response: text = 'Please indicate how many dollars you will give Player 1:   '
28.1960 	EXP 	response: text = 'Please indicate how many dollars you will give Player 1:   '
28.2129 	EXP 	response: text = 'Please indicate how many dollars you will give Player 1:   '
28.2297 	EXP 	response: text = 'Please indicate how many dollars you will give Player 1:   '
28.2464 	EXP 	response: text = 'Please indicate how many dollars you will give Player 1:   '
28.2630 	EXP 	response: text = 'Please indicate how many dollars you will give Player 1:   '
28.2799 	EXP 	response: text = 'Please indicate how many dollars you will give Player 1:   '
28.2965 	EXP 	response: text = 'Please indicate how many dollars you will give Player 1:   '
28.3130 	EXP 	response: text = 'Please indicate how many dollars you will give Player 1:   '
28.3298 	EXP 	response: text = 'Please indicate how many dollars you will give Player 1:   '
28.3465 	EXP 	response: text = 'Please indicate how many dollars you will give Player 1:   '
28.3631 	EXP 	response: text = 'Please indicate how many dollars you will give Player 1:   '
28.3797 	EXP 	response: text = 'Please indicate how many dollars you will give Player 1:   '
28.3966 	EXP 	response: text = 'Please indicate how many dollars you will give Player 1:   '
28.4132 	EXP 	response: text = 'Please indicate how many dollars you will give Player 1:   '
28.4301 	EXP 	response: text = 'Please indicate how many dollars you will give Player 1:   '
28.4467 	EXP 	response: text = 'Please indicate how many dollars you will give Player 1:   '
28.4632 	EXP 	response: text = 'Please indicate how many dollars you will give Player 1:   '
28.4800 	EXP 	response: text = 'Please indicate how many dollars you will give Player 1:   '
28.4965 	EXP 	response: text = 'Please indicate how many dollars you will give Player 1:   '
28.5134 	EXP 	response: text = 'Please indicate how many dollars you will give Player 1:   '
28.5300 	EXP 	response: text = 'Please indicate how many dollars you will give Player 1:   '
28.5467 	EXP 	response: text = 'Please indicate how many dollars you will give Player 1:   '
28.5635 	EXP 	response: text = 'Please indicate how many dollars you will give Player 1:   '
28.5800 	EXP 	response: text = 'Please indicate how many dollars you will give Player 1:   '
28.5966 	EXP 	response: text = 'Please indicate how many dollars you will give Player 1:   '
28.6133 	EXP 	response: text = 'Please indicate how many dollars you will give Player 1:   '
28.6300 	EXP 	response: text = 'Please indicate how many dollars you will give Player 1:   '
28.6466 	EXP 	response: text = 'Please indicate how many dollars you will give Player 1:   '
28.6632 	EXP 	response: text = 'Please indicate how many dollars you will give Player 1:   '
28.6799 	EXP 	response: text = 'Please indicate how many dollars you will give Player 1:   '
28.6967 	EXP 	response: text = 'Please indicate how many dollars you will give Player 1:   '
28.7134 	EXP 	response: text = 'Please indicate how many dollars you will give Player 1:   '
28.7301 	EXP 	response: text = 'Please indicate how many dollars you will give Player 1:   '
28.7468 	EXP 	response: text = 'Please indicate how many dollars you will give Player 1:   '
28.7634 	EXP 	response: text = 'Please indicate how many dollars you will give Player 1:   '
28.7801 	EXP 	response: text = 'Please indicate how many dollars you will give Player 1:   '
28.7967 	EXP 	response: text = 'Please indicate how many dollars you will give Player 1:   '
28.8135 	EXP 	response: text = 'Please indicate how many dollars you will give Player 1:   '
28.8301 	EXP 	response: text = 'Please indicate how many dollars you will give Player 1:   '
28.8467 	EXP 	response: text = 'Please indicate how many dollars you will give Player 1:   '
28.8634 	EXP 	response: text = 'Please indicate how many dollars you will give Player 1:   '
28.8805 	EXP 	response: text = 'Please indicate how many dollars you will give Player 1:   '
28.8970 	EXP 	response: text = 'Please indicate how many dollars you will give Player 1:   '
28.9136 	EXP 	response: text = 'Please indicate how many dollars you will give Player 1:   '
28.9303 	EXP 	response: text = 'Please indicate how many dollars you will give Player 1:   '
28.9470 	EXP 	response: text = 'Please indicate how many dollars you will give Player 1:   '
28.9637 	EXP 	response: text = 'Please indicate how many dollars you will give Player 1:   '
28.9802 	EXP 	response: text = 'Please indicate how many dollars you will give Player 1:   '
28.9970 	EXP 	response: text = 'Please indicate how many dollars you will give Player 1:   '
29.0136 	EXP 	response: text = 'Please indicate how many dollars you will give Player 1:   '
29.0303 	EXP 	response: text = 'Please indicate how many dollars you will give Player 1:   '
29.0468 	EXP 	response: text = 'Please indicate how many dollars you will give Player 1:   '
29.0636 	EXP 	response: text = 'Please indicate how many dollars you will give Player 1:   '
29.0805 	EXP 	response: text = 'Please indicate how many dollars you will give Player 1:   '
29.0866 	DATA 	Keypress: escape
29.0971 	EXP 	response: text = 'Please indicate how many dollars you will give Player 1:   '
29.1138 	EXP 	response: text = 'Please indicate how many dollars you will give Player 1:   '
29.1307 	EXP 	response: text = 'Please indicate how many dollars you will give Player 1:   '
29.1472 	EXP 	response: text = 'Please indicate how many dollars you will give Player 1:   '
29.1640 	EXP 	response: text = 'Please indicate how many dollars you will give Player 1:   '
29.1808 	EXP 	response: text = 'Please indicate how many dollars you will give Player 1:   '
29.2233 	EXP 	window1: mouseVisible = True
