9.5550 	WARNING 	User requested fullscreen with size [1024  768], but screen is actually [1920, 1200]. Using actual size
10.4285 	EXP 	Created window1 = Window(allowGUI=False, allowStencil=False, args=UNKNOWN, autoLog=True, bitsMode=UNKNOWN, blendMode='avg', color=array([0., 0., 0.]), colorSpace='rgb', fullscr=<method-wrapper '__getattribute__' of attributeSetter object at 0x00000215ABE50908>, gamma=None, gammaErrorPolicy='raise', kwargs=UNKNOWN, lms=UNKNOWN, monitor=<psychopy.monitors.calibTools.Monitor object at 0x00000215ABBE8128>, multiSample=False, name='window1', numSamples=2, pos=[0.0, 0.0], screen=0, size=array([1920, 1200]), stereo=False, units='height', useFBO=True, useRetina=False, viewOri=0.0, viewPos=None, viewScale=None, waitBlanking=True, winType='pyglet')
10.4285 	EXP 	window1: recordFrameIntervals = False
10.5949 	EXP 	window1: recordFrameIntervals = True
10.7787 	EXP 	window1: recordFrameIntervals = False
11.0150 	EXP 	Created Instructions = TextStim(__class__=<class 'psychopy.visual.text.TextStim'>, alignHoriz='center', alignVert='center', antialias=True, autoLog=True, bold=False, color='white', colorSpace='named', contrast=1.0, depth=0.0, flipHoriz=False, flipVert=False, font='Arial', fontFiles=[], height=0.045, italic=False, languageStyle='LTR', name='Instructions', opacity=1.0, ori=0, pos=array([0., 0.]), rgb=array([255., 255., 255.]), text=str(...), units='height', win=Window(...), wrapWidth=1.45)
11.0273 	EXP 	Created isiText = TextStim(__class__=<class 'psychopy.visual.text.TextStim'>, alignHoriz='center', alignVert='center', antialias=True, autoLog=True, bold=False, color='white', colorSpace='named', contrast=1.0, depth=0.0, flipHoriz=False, flipVert=False, font='Arial', fontFiles=[], height=0.12, italic=False, languageStyle='LTR', name='isiText', opacity=1.0, ori=0, pos=array([0., 0.]), rgb=array([255., 255., 255.]), text='+', units='height', win=Window(...), wrapWidth=1)
11.0281 	EXP 	Created cueText = TextStim(__class__=<class 'psychopy.visual.text.TextStim'>, alignHoriz='center', alignVert='center', antialias=True, autoLog=True, bold=False, color='white', colorSpace='named', contrast=1.0, depth=0.0, flipHoriz=False, flipVert=False, font='Arial', fontFiles=[], height=0.1, italic=False, languageStyle='LTR', name='cueText', opacity=1.0, ori=0, pos=array([0., 0.]), rgb=array([255., 255., 255.]), text='', units='height', win=Window(...), wrapWidth=1)
11.0297 	EXP 	Created isiText = TextStim(__class__=<class 'psychopy.visual.text.TextStim'>, alignHoriz='center', alignVert='center', antialias=True, autoLog=True, bold=False, color='white', colorSpace='named', contrast=1.0, depth=0.0, flipHoriz=False, flipVert=False, font='Arial', fontFiles=[], height=0.12, italic=False, languageStyle='LTR', name='isiText', opacity=1.0, ori=0, pos=array([0., 0.]), rgb=array([255., 255., 255.]), text='+', units='height', win=Window(...), wrapWidth=1)
11.0391 	EXP 	Created sendInstructions = TextStim(__class__=<class 'psychopy.visual.text.TextStim'>, alignHoriz='center', alignVert='center', antialias=True, autoLog=True, bold=False, color='white', colorSpace='named', contrast=1.0, depth=0.0, flipHoriz=False, flipVert=False, font='Arial', fontFiles=[], height=0.04, italic=False, languageStyle='LTR', name='sendInstructions', opacity=1.0, ori=0, pos=array([ 0.  , -0.11]), rgb=array([255., 255., 255.]), text='default text', units='height', win=Window(...), wrapWidth=1.4)
11.0537 	EXP 	Created Player1Name = TextStim(__class__=<class 'psychopy.visual.text.TextStim'>, alignHoriz='center', alignVert='center', antialias=True, autoLog=True, bold=False, color='white', colorSpace='named', contrast=1.0, depth=-1.0, flipHoriz=False, flipVert=False, font='Arial', fontFiles=[], height=0.06, italic=False, languageStyle='LTR', name='Player1Name', opacity=1.0, ori=0, pos=array([0. , 0.2]), rgb=array([255., 255., 255.]), text='default text', units='height', win=Window(...), wrapWidth=1)
11.0556 	EXP 	Created Player1Pic = ImageStim(__class__=<class 'psychopy.visual.image.ImageStim'>, autoLog=True, color=array([1., 1., 1.]), colorSpace='rgb', contrast=1.0, depth=-2.0, flipHoriz=False, flipVert=False, image='sin', interpolate=True, mask=None, maskParams=None, name='Player1Pic', opacity=1.0, ori=0.0, pos=array([0., 0.]), size=array([1., 1.]), texRes=128, units='height', win=Window(...))
11.0566 	EXP 	Created text = TextStim(__class__=<class 'psychopy.visual.text.TextStim'>, alignHoriz='center', alignVert='center', antialias=True, autoLog=True, bold=False, color='white', colorSpace='named', contrast=1.0, depth=-4.0, flipHoriz=False, flipVert=False, font='Arial', fontFiles=[], height=0.07, italic=False, languageStyle='LTR', name='text', opacity=1.0, ori=0, pos=array([ 0.  , -0.35]), rgb=array([255., 255., 255.]), text='', units='height', win=Window(...), wrapWidth=1)
11.0699 	EXP 	Created dollarSign = TextStim(__class__=<class 'psychopy.visual.text.TextStim'>, alignHoriz='center', alignVert='center', antialias=True, autoLog=True, bold=False, color='white', colorSpace='named', contrast=1.0, depth=-6.0, flipHoriz=False, flipVert=False, font='Arial', fontFiles=[], height=0.07, italic=False, languageStyle='LTR', name='dollarSign', opacity=1.0, ori=0, pos=array([-0.05, -0.35]), rgb=array([255., 255., 255.]), text='default text', units='height', win=Window(...), wrapWidth=1)
11.0732 	EXP 	Created Feedback = TextStim(__class__=<class 'psychopy.visual.text.TextStim'>, alignHoriz='center', alignVert='center', antialias=True, autoLog=True, bold=False, color='white', colorSpace='named', contrast=1.0, depth=-1.0, flipHoriz=False, flipVert=False, font='Arial', fontFiles=[], height=0.07, italic=False, languageStyle='LTR', name='Feedback', opacity=1.0, ori=0, pos=array([0., 0.]), rgb=array([255., 255., 255.]), text='default text', units='height', win=Window(...), wrapWidth=1)
11.0753 	EXP 	Created isiText = TextStim(__class__=<class 'psychopy.visual.text.TextStim'>, alignHoriz='center', alignVert='center', antialias=True, autoLog=True, bold=False, color='white', colorSpace='named', contrast=1.0, depth=0.0, flipHoriz=False, flipVert=False, font='Arial', fontFiles=[], height=0.12, italic=False, languageStyle='LTR', name='isiText', opacity=1.0, ori=0, pos=array([0., 0.]), rgb=array([255., 255., 255.]), text='+', units='height', win=Window(...), wrapWidth=1)
11.0784 	EXP 	Created sendInst2 = TextStim(__class__=<class 'psychopy.visual.text.TextStim'>, alignHoriz='center', alignVert='center', antialias=True, autoLog=True, bold=False, color='white', colorSpace='named', contrast=1.0, depth=0.0, flipHoriz=False, flipVert=False, font='Arial', fontFiles=[], height=0.04, italic=False, languageStyle='LTR', name='sendInst2', opacity=1.0, ori=0, pos=array([ 0.  , -0.11]), rgb=array([255., 255., 255.]), text='default text', units='height', win=Window(...), wrapWidth=1.4)
11.0815 	EXP 	Created Player2Name = TextStim(__class__=<class 'psychopy.visual.text.TextStim'>, alignHoriz='center', alignVert='center', antialias=True, autoLog=True, bold=False, color='white', colorSpace='named', contrast=1.0, depth=-1.0, flipHoriz=False, flipVert=False, font='Arial', fontFiles=[], height=0.06, italic=False, languageStyle='LTR', name='Player2Name', opacity=1.0, ori=0, pos=array([0. , 0.2]), rgb=array([255., 255., 255.]), text='default text', units='height', win=Window(...), wrapWidth=1)
11.0834 	EXP 	Created Player2Pic = ImageStim(__class__=<class 'psychopy.visual.image.ImageStim'>, autoLog=True, color=array([1., 1., 1.]), colorSpace='rgb', contrast=1.0, depth=-2.0, flipHoriz=False, flipVert=False, image='sin', interpolate=True, mask=None, maskParams=None, name='Player2Pic', opacity=1.0, ori=0.0, pos=array([0., 0.]), size=array([1., 1.]), texRes=128, units='height', win=Window(...))
11.0838 	EXP 	Created text_2 = TextStim(__class__=<class 'psychopy.visual.text.TextStim'>, alignHoriz='center', alignVert='center', antialias=True, autoLog=True, bold=False, color='white', colorSpace='named', contrast=1.0, depth=-3.0, flipHoriz=False, flipVert=False, font='Arial', fontFiles=[], height=0.07, italic=False, languageStyle='LTR', name='text_2', opacity=1.0, ori=0, pos=array([ 0.  , -0.35]), rgb=array([255., 255., 255.]), text='', units='height', win=Window(...), wrapWidth=1)
11.0870 	EXP 	Created dollar2 = TextStim(__class__=<class 'psychopy.visual.text.TextStim'>, alignHoriz='center', alignVert='center', antialias=True, autoLog=True, bold=False, color='white', colorSpace='named', contrast=1.0, depth=-6.0, flipHoriz=False, flipVert=False, font='Arial', fontFiles=[], height=0.07, italic=False, languageStyle='LTR', name='dollar2', opacity=1.0, ori=0, pos=array([-0.05, -0.35]), rgb=array([255., 255., 255.]), text='default text', units='height', win=Window(...), wrapWidth=1)
11.0902 	EXP 	Created Feedback2 = TextStim(__class__=<class 'psychopy.visual.text.TextStim'>, alignHoriz='center', alignVert='center', antialias=True, autoLog=True, bold=False, color='white', colorSpace='named', contrast=1.0, depth=-1.0, flipHoriz=False, flipVert=False, font='Arial', fontFiles=[], height=0.07, italic=False, languageStyle='LTR', name='Feedback2', opacity=1.0, ori=0, pos=array([0., 0.]), rgb=array([255., 255., 255.]), text='default text', units='height', win=Window(...), wrapWidth=1)
11.1197 	EXP 	Created tyText = TextStim(__class__=<class 'psychopy.visual.text.TextStim'>, alignHoriz='center', alignVert='center', antialias=True, autoLog=True, bold=False, color='white', colorSpace='named', contrast=1.0, depth=0.0, flipHoriz=False, flipVert=False, font='Arial', fontFiles=[], height=0.1, italic=False, languageStyle='LTR', name='tyText', opacity=1.0, ori=0, pos=array([0., 0.]), rgb=array([255., 255., 255.]), text='Thank you for playing!', units='height', win=Window(...), wrapWidth=1)
11.1515 	EXP 	Instructions: autoDraw = True
13.6435 	EXP 	Imported DictatorGame.xlsx as conditions, 6 conditions, 3 params
13.6437 	EXP 	Created sequence: random, trialTypes=6, nReps=1, seed=None
13.6439 	EXP 	New trial (rep=0, index=0): OrderedDict([('Rows', '021:030'), ('CueType1', 'REACT'), ('CueType2', 'REGULATE')])
13.6465 	DATA 	Keypress: space
13.6504 	EXP 	Instructions: autoDraw = False
13.6504 	EXP 	isiText: autoDraw = True
15.6564 	EXP 	isiText: autoDraw = False
15.6564 	EXP 	cueText: text = ''
15.6564 	EXP 	cueText: text = 'REGULATE'
15.6564 	EXP 	cueText: autoDraw = True
21.6372 	EXP 	cueText: autoDraw = False
21.6372 	EXP 	isiText: autoDraw = True
23.6224 	EXP 	Created sequence: random, trialTypes=1, nReps=1, seed=None
23.6226 	EXP 	New trial (rep=0, index=0): None
23.6549 	EXP 	window1: mouseVisible = True
