6.1881 	WARNING 	User requested fullscreen with size [1024  768], but screen is actually [1920, 1200]. Using actual size
7.0058 	EXP 	Created window1 = Window(allowGUI=False, allowStencil=False, args=UNKNOWN, autoLog=True, bitsMode=UNKNOWN, blendMode='avg', color=array([0., 0., 0.]), colorSpace='rgb', fullscr=<method-wrapper '__getattribute__' of attributeSetter object at 0x00000265070D8780>, gamma=None, gammaErrorPolicy='raise', kwargs=UNKNOWN, lms=UNKNOWN, monitor=<psychopy.monitors.calibTools.Monitor object at 0x00000265071A9F60>, multiSample=False, name='window1', numSamples=2, pos=[0.0, 0.0], screen=0, size=array([1920, 1200]), stereo=False, units='height', useFBO=True, useRetina=False, viewOri=0.0, viewPos=None, viewScale=None, waitBlanking=True, winType='pyglet')
7.0058 	EXP 	window1: recordFrameIntervals = False
7.1722 	EXP 	window1: recordFrameIntervals = True
7.3557 	EXP 	window1: recordFrameIntervals = False
7.5906 	EXP 	Created Instructions = TextStim(__class__=<class 'psychopy.visual.text.TextStim'>, alignHoriz='center', alignVert='center', antialias=True, autoLog=True, bold=False, color='white', colorSpace='named', contrast=1.0, depth=0.0, flipHoriz=False, flipVert=False, font='Arial', fontFiles=[], height=0.045, italic=False, languageStyle='LTR', name='Instructions', opacity=1.0, ori=0, pos=array([0., 0.]), rgb=array([255., 255., 255.]), text=str(...), units='height', win=Window(...), wrapWidth=1.45)
7.6134 	EXP 	Created cueText = TextStim(__class__=<class 'psychopy.visual.text.TextStim'>, alignHoriz='center', alignVert='center', antialias=True, autoLog=True, bold=False, color='white', colorSpace='named', contrast=1.0, depth=0.0, flipHoriz=False, flipVert=False, font='Arial', fontFiles=[], height=0.1, italic=False, languageStyle='LTR', name='cueText', opacity=1.0, ori=0, pos=array([0., 0.]), rgb=array([255., 255., 255.]), text='default text', units='height', win=Window(...), wrapWidth=1)
7.6240 	EXP 	Created sendInstructions = TextStim(__class__=<class 'psychopy.visual.text.TextStim'>, alignHoriz='center', alignVert='center', antialias=True, autoLog=True, bold=False, color='white', colorSpace='named', contrast=1.0, depth=0.0, flipHoriz=False, flipVert=False, font='Arial', fontFiles=[], height=0.04, italic=False, languageStyle='LTR', name='sendInstructions', opacity=1.0, ori=0, pos=array([ 0.  , -0.11]), rgb=array([255., 255., 255.]), text='default text', units='height', win=Window(...), wrapWidth=1.4)
7.6357 	EXP 	Created Player1Name = TextStim(__class__=<class 'psychopy.visual.text.TextStim'>, alignHoriz='center', alignVert='center', antialias=True, autoLog=True, bold=False, color='white', colorSpace='named', contrast=1.0, depth=-1.0, flipHoriz=False, flipVert=False, font='Arial', fontFiles=[], height=0.06, italic=False, languageStyle='LTR', name='Player1Name', opacity=1.0, ori=0, pos=array([0. , 0.2]), rgb=array([255., 255., 255.]), text='default text', units='height', win=Window(...), wrapWidth=1)
7.6386 	EXP 	Created Player1Pic = ImageStim(__class__=<class 'psychopy.visual.image.ImageStim'>, autoLog=True, color=array([1., 1., 1.]), colorSpace='rgb', contrast=1.0, depth=-2.0, flipHoriz=False, flipVert=False, image='sin', interpolate=True, mask=None, maskParams=None, name='Player1Pic', opacity=1.0, ori=0.0, pos=array([0., 0.]), size=array([1., 1.]), texRes=128, units='height', win=Window(...))
7.6434 	EXP 	Created Feedback = TextStim(__class__=<class 'psychopy.visual.text.TextStim'>, alignHoriz='center', alignVert='center', antialias=True, autoLog=True, bold=False, color='white', colorSpace='named', contrast=1.0, depth=0.0, flipHoriz=False, flipVert=False, font='Arial', fontFiles=[], height=0.1, italic=False, languageStyle='LTR', name='Feedback', opacity=1.0, ori=0, pos=array([0., 0.]), rgb=array([255., 255., 255.]), text='default text', units='height', win=Window(...), wrapWidth=1)
7.6480 	EXP 	Created sendInst2 = TextStim(__class__=<class 'psychopy.visual.text.TextStim'>, alignHoriz='center', alignVert='center', antialias=True, autoLog=True, bold=False, color='white', colorSpace='named', contrast=1.0, depth=0.0, flipHoriz=False, flipVert=False, font='Arial', fontFiles=[], height=0.045, italic=False, languageStyle='LTR', name='sendInst2', opacity=1.0, ori=0, pos=array([ 0.  , -0.15]), rgb=array([255., 255., 255.]), text='default text', units='height', win=Window(...), wrapWidth=1.4)
7.6514 	EXP 	Created Player2Name = TextStim(__class__=<class 'psychopy.visual.text.TextStim'>, alignHoriz='center', alignVert='center', antialias=True, autoLog=True, bold=False, color='white', colorSpace='named', contrast=1.0, depth=-1.0, flipHoriz=False, flipVert=False, font='Arial', fontFiles=[], height=0.06, italic=False, languageStyle='LTR', name='Player2Name', opacity=1.0, ori=0, pos=array([0. , 0.2]), rgb=array([255., 255., 255.]), text='default text', units='height', win=Window(...), wrapWidth=1)
7.6534 	EXP 	Created Player2Pic = ImageStim(__class__=<class 'psychopy.visual.image.ImageStim'>, autoLog=True, color=array([1., 1., 1.]), colorSpace='rgb', contrast=1.0, depth=-2.0, flipHoriz=False, flipVert=False, image='sin', interpolate=True, mask=None, maskParams=None, name='Player2Pic', opacity=1.0, ori=0.0, pos=array([0., 0.]), size=array([1., 1.]), texRes=128, units='height', win=Window(...))
7.6577 	EXP 	Created Feedback2 = TextStim(__class__=<class 'psychopy.visual.text.TextStim'>, alignHoriz='center', alignVert='center', antialias=True, autoLog=True, bold=False, color='white', colorSpace='named', contrast=1.0, depth=0.0, flipHoriz=False, flipVert=False, font='Arial', fontFiles=[], height=0.1, italic=False, languageStyle='LTR', name='Feedback2', opacity=1.0, ori=0, pos=array([0., 0.]), rgb=array([255., 255., 255.]), text='default text', units='height', win=Window(...), wrapWidth=1)
7.6888 	EXP 	Instructions: autoDraw = True
9.0700 	EXP 	Imported DictatorGame.xlsx as conditions, 10 conditions, 5 params
9.0703 	EXP 	Created sequence: random, trialTypes=10, nReps=2, seed=None
9.0705 	EXP 	New trial (rep=0, index=0): OrderedDict([('textTypePlayer1', 'Please indicate how many dollars you will give Player 1:   '), ('CueType', 'REACT'), ('textTypePlayer2', 'Please indicate how many dollars you will give Player 2:   '), ('Player1', None), ('Player2', None)])
9.0847 	DATA 	Keypress: space
9.0885 	EXP 	Instructions: autoDraw = False
9.0885 	EXP 	cueText: text = 'REACT'
9.0885 	EXP 	cueText: autoDraw = True
14.0499 	EXP 	Imported DictatorGame.xlsx as conditions, 10 conditions, 5 params
14.0501 	EXP 	Created sequence: sequential, trialTypes=10, nReps=1, seed=None
14.0503 	EXP 	New trial (rep=0, index=0): OrderedDict([('textTypePlayer1', 'Please indicate how many dollars you will give Player 1:   '), ('CueType', 'REGULATE'), ('textTypePlayer2', 'Please indicate how many dollars you will give Player 2:   '), ('Player1', '1patterns.png'), ('Player2', '3pattern.png')])
14.1286 	EXP 	Created unnamed TextStim = TextStim(__class__=<class 'psychopy.visual.text.TextStim'>, alignHoriz='center', alignVert='center', antialias=True, autoLog=True, bold=False, color='white', colorSpace='named', contrast=1.0, depth=0, flipHoriz=False, flipVert=False, font='', fontFiles=[], height=0.06, italic=False, languageStyle='LTR', name='unnamed TextStim', opacity=1.0, ori=0.0, pos=array([ 0.  , -0.35]), rgb=array([255., 255., 255.]), text='default text', units='height', win=Window(...), wrapWidth=1.5)
14.1772 	EXP 	cueText: autoDraw = False
14.1772 	EXP 	sendInstructions: text = 'You have been given $5 to use. You have the opportunity to send money to Player 1. You may give them all or none of the money, or any amount in between, using increments of $1. Therefore you can choose to give them $0, $1, $2, $3, $4, or $5.\nThe amount of money you send to them will be tripled, and Player 1 will then have the opportunity to give some money amount back to you. '
14.1772 	EXP 	Player1Name: text = 'Player 1'
14.1772 	EXP 	Player1Pic: pos = array([0.  , 0.36])
14.1772 	EXP 	Player1Pic: size = array([0.2, 0.2])
14.1772 	EXP 	Player1Pic: image = '1patterns.png'
14.1772 	EXP 	unnamed TextStim: autoDraw = True
14.1772 	EXP 	sendInstructions: autoDraw = True
14.1772 	EXP 	Player1Name: autoDraw = True
14.1772 	EXP 	Player1Pic: autoDraw = True
14.1772 	EXP 	unnamed TextStim: text = 'Please indicate how many dollars you would like to give Player 1: \\$'
14.1941 	EXP 	unnamed TextStim: text = 'Please indicate how many dollars you would like to give Player 1: \\$'
14.2109 	EXP 	unnamed TextStim: text = 'Please indicate how many dollars you would like to give Player 1: \\$'
14.2276 	EXP 	unnamed TextStim: text = 'Please indicate how many dollars you would like to give Player 1: \\$'
14.2443 	EXP 	unnamed TextStim: text = 'Please indicate how many dollars you would like to give Player 1: \\$'
14.2609 	EXP 	unnamed TextStim: text = 'Please indicate how many dollars you would like to give Player 1: \\$'
14.2775 	EXP 	unnamed TextStim: text = 'Please indicate how many dollars you would like to give Player 1: \\$'
14.2943 	EXP 	unnamed TextStim: text = 'Please indicate how many dollars you would like to give Player 1: \\$'
14.3111 	EXP 	unnamed TextStim: text = 'Please indicate how many dollars you would like to give Player 1: \\$'
14.3278 	EXP 	unnamed TextStim: text = 'Please indicate how many dollars you would like to give Player 1: \\$'
14.3443 	EXP 	unnamed TextStim: text = 'Please indicate how many dollars you would like to give Player 1: \\$'
14.3610 	EXP 	unnamed TextStim: text = 'Please indicate how many dollars you would like to give Player 1: \\$'
14.3777 	EXP 	unnamed TextStim: text = 'Please indicate how many dollars you would like to give Player 1: \\$'
14.3945 	EXP 	unnamed TextStim: text = 'Please indicate how many dollars you would like to give Player 1: \\$'
14.4112 	EXP 	unnamed TextStim: text = 'Please indicate how many dollars you would like to give Player 1: \\$'
14.4279 	EXP 	unnamed TextStim: text = 'Please indicate how many dollars you would like to give Player 1: \\$'
14.4446 	EXP 	unnamed TextStim: text = 'Please indicate how many dollars you would like to give Player 1: \\$'
14.4614 	EXP 	unnamed TextStim: text = 'Please indicate how many dollars you would like to give Player 1: \\$'
14.4780 	EXP 	unnamed TextStim: text = 'Please indicate how many dollars you would like to give Player 1: \\$'
14.4947 	EXP 	unnamed TextStim: text = 'Please indicate how many dollars you would like to give Player 1: \\$'
14.5113 	EXP 	unnamed TextStim: text = 'Please indicate how many dollars you would like to give Player 1: \\$'
14.5280 	EXP 	unnamed TextStim: text = 'Please indicate how many dollars you would like to give Player 1: \\$'
14.5445 	EXP 	unnamed TextStim: text = 'Please indicate how many dollars you would like to give Player 1: \\$'
14.5613 	EXP 	unnamed TextStim: text = 'Please indicate how many dollars you would like to give Player 1: \\$'
14.5779 	EXP 	unnamed TextStim: text = 'Please indicate how many dollars you would like to give Player 1: \\$'
14.5944 	EXP 	unnamed TextStim: text = 'Please indicate how many dollars you would like to give Player 1: \\$'
14.6114 	EXP 	unnamed TextStim: text = 'Please indicate how many dollars you would like to give Player 1: \\$'
14.6278 	EXP 	unnamed TextStim: text = 'Please indicate how many dollars you would like to give Player 1: \\$'
14.6446 	EXP 	unnamed TextStim: text = 'Please indicate how many dollars you would like to give Player 1: \\$'
14.6614 	EXP 	unnamed TextStim: text = 'Please indicate how many dollars you would like to give Player 1: \\$'
14.6779 	EXP 	unnamed TextStim: text = 'Please indicate how many dollars you would like to give Player 1: \\$'
14.6947 	EXP 	unnamed TextStim: text = 'Please indicate how many dollars you would like to give Player 1: \\$'
14.7115 	EXP 	unnamed TextStim: text = 'Please indicate how many dollars you would like to give Player 1: \\$'
14.7280 	EXP 	unnamed TextStim: text = 'Please indicate how many dollars you would like to give Player 1: \\$'
14.7446 	EXP 	unnamed TextStim: text = 'Please indicate how many dollars you would like to give Player 1: \\$'
14.7615 	EXP 	unnamed TextStim: text = 'Please indicate how many dollars you would like to give Player 1: \\$'
14.7780 	EXP 	unnamed TextStim: text = 'Please indicate how many dollars you would like to give Player 1: \\$'
14.7948 	EXP 	unnamed TextStim: text = 'Please indicate how many dollars you would like to give Player 1: \\$'
14.8116 	EXP 	unnamed TextStim: text = 'Please indicate how many dollars you would like to give Player 1: \\$'
14.8283 	EXP 	unnamed TextStim: text = 'Please indicate how many dollars you would like to give Player 1: \\$'
14.8450 	EXP 	unnamed TextStim: text = 'Please indicate how many dollars you would like to give Player 1: \\$'
14.8616 	EXP 	unnamed TextStim: text = 'Please indicate how many dollars you would like to give Player 1: \\$'
14.8781 	EXP 	unnamed TextStim: text = 'Please indicate how many dollars you would like to give Player 1: \\$'
14.8950 	EXP 	unnamed TextStim: text = 'Please indicate how many dollars you would like to give Player 1: \\$'
14.9120 	EXP 	unnamed TextStim: text = 'Please indicate how many dollars you would like to give Player 1: \\$'
14.9280 	EXP 	unnamed TextStim: text = 'Please indicate how many dollars you would like to give Player 1: \\$'
14.9447 	EXP 	unnamed TextStim: text = 'Please indicate how many dollars you would like to give Player 1: \\$'
14.9617 	EXP 	unnamed TextStim: text = 'Please indicate how many dollars you would like to give Player 1: \\$'
14.9782 	EXP 	unnamed TextStim: text = 'Please indicate how many dollars you would like to give Player 1: \\$'
14.9951 	EXP 	unnamed TextStim: text = 'Please indicate how many dollars you would like to give Player 1: \\$'
15.0118 	EXP 	unnamed TextStim: text = 'Please indicate how many dollars you would like to give Player 1: \\$'
15.0283 	EXP 	unnamed TextStim: text = 'Please indicate how many dollars you would like to give Player 1: \\$'
15.0450 	EXP 	unnamed TextStim: text = 'Please indicate how many dollars you would like to give Player 1: \\$'
15.0616 	EXP 	unnamed TextStim: text = 'Please indicate how many dollars you would like to give Player 1: \\$'
15.0783 	EXP 	unnamed TextStim: text = 'Please indicate how many dollars you would like to give Player 1: \\$'
15.0950 	EXP 	unnamed TextStim: text = 'Please indicate how many dollars you would like to give Player 1: \\$'
15.1116 	EXP 	unnamed TextStim: text = 'Please indicate how many dollars you would like to give Player 1: \\$'
15.1283 	EXP 	unnamed TextStim: text = 'Please indicate how many dollars you would like to give Player 1: \\$'
15.1450 	EXP 	unnamed TextStim: text = 'Please indicate how many dollars you would like to give Player 1: \\$'
15.1615 	EXP 	unnamed TextStim: text = 'Please indicate how many dollars you would like to give Player 1: \\$'
15.1785 	EXP 	unnamed TextStim: text = 'Please indicate how many dollars you would like to give Player 1: \\$'
15.1956 	EXP 	unnamed TextStim: text = 'Please indicate how many dollars you would like to give Player 1: \\$'
15.2117 	EXP 	unnamed TextStim: text = 'Please indicate how many dollars you would like to give Player 1: \\$'
15.2285 	EXP 	unnamed TextStim: text = 'Please indicate how many dollars you would like to give Player 1: \\$'
15.2450 	EXP 	unnamed TextStim: text = 'Please indicate how many dollars you would like to give Player 1: \\$'
15.2618 	EXP 	unnamed TextStim: text = 'Please indicate how many dollars you would like to give Player 1: \\$'
15.2787 	EXP 	unnamed TextStim: text = 'Please indicate how many dollars you would like to give Player 1: \\$'
15.2951 	EXP 	unnamed TextStim: text = 'Please indicate how many dollars you would like to give Player 1: \\$'
15.3120 	EXP 	unnamed TextStim: text = 'Please indicate how many dollars you would like to give Player 1: \\$'
15.3286 	EXP 	unnamed TextStim: text = 'Please indicate how many dollars you would like to give Player 1: \\$'
15.3452 	EXP 	unnamed TextStim: text = 'Please indicate how many dollars you would like to give Player 1: \\$'
15.3619 	EXP 	unnamed TextStim: text = 'Please indicate how many dollars you would like to give Player 1: \\$'
15.3784 	EXP 	unnamed TextStim: text = 'Please indicate how many dollars you would like to give Player 1: \\$'
15.3954 	EXP 	unnamed TextStim: text = 'Please indicate how many dollars you would like to give Player 1: \\$'
15.4119 	EXP 	unnamed TextStim: text = 'Please indicate how many dollars you would like to give Player 1: \\$'
15.4287 	EXP 	unnamed TextStim: text = 'Please indicate how many dollars you would like to give Player 1: \\$'
15.4454 	EXP 	unnamed TextStim: text = 'Please indicate how many dollars you would like to give Player 1: \\$'
15.4619 	EXP 	unnamed TextStim: text = 'Please indicate how many dollars you would like to give Player 1: \\$'
15.4787 	EXP 	unnamed TextStim: text = 'Please indicate how many dollars you would like to give Player 1: \\$'
15.4954 	EXP 	unnamed TextStim: text = 'Please indicate how many dollars you would like to give Player 1: \\$'
15.5120 	EXP 	unnamed TextStim: text = 'Please indicate how many dollars you would like to give Player 1: \\$'
15.5287 	EXP 	unnamed TextStim: text = 'Please indicate how many dollars you would like to give Player 1: \\$'
15.5455 	EXP 	unnamed TextStim: text = 'Please indicate how many dollars you would like to give Player 1: \\$'
15.5618 	EXP 	unnamed TextStim: text = 'Please indicate how many dollars you would like to give Player 1: \\$'
15.5788 	EXP 	unnamed TextStim: text = 'Please indicate how many dollars you would like to give Player 1: \\$'
15.5952 	EXP 	unnamed TextStim: text = 'Please indicate how many dollars you would like to give Player 1: \\$'
15.6120 	EXP 	unnamed TextStim: text = 'Please indicate how many dollars you would like to give Player 1: \\$'
15.6290 	EXP 	unnamed TextStim: text = 'Please indicate how many dollars you would like to give Player 1: \\$'
15.6459 	EXP 	unnamed TextStim: text = 'Please indicate how many dollars you would like to give Player 1: \\$'
15.6626 	EXP 	unnamed TextStim: text = 'Please indicate how many dollars you would like to give Player 1: \\$'
15.6790 	EXP 	unnamed TextStim: text = 'Please indicate how many dollars you would like to give Player 1: \\$'
15.6956 	EXP 	unnamed TextStim: text = 'Please indicate how many dollars you would like to give Player 1: \\$'
15.7122 	EXP 	unnamed TextStim: text = 'Please indicate how many dollars you would like to give Player 1: \\$'
15.7290 	EXP 	unnamed TextStim: text = 'Please indicate how many dollars you would like to give Player 1: \\$'
15.7456 	EXP 	unnamed TextStim: text = 'Please indicate how many dollars you would like to give Player 1: \\$'
15.7620 	EXP 	unnamed TextStim: text = 'Please indicate how many dollars you would like to give Player 1: \\$'
15.7788 	EXP 	unnamed TextStim: text = 'Please indicate how many dollars you would like to give Player 1: \\$'
15.7956 	EXP 	unnamed TextStim: text = 'Please indicate how many dollars you would like to give Player 1: \\$'
15.8123 	EXP 	unnamed TextStim: text = 'Please indicate how many dollars you would like to give Player 1: \\$'
15.8291 	EXP 	unnamed TextStim: text = 'Please indicate how many dollars you would like to give Player 1: \\$'
15.8458 	EXP 	unnamed TextStim: text = 'Please indicate how many dollars you would like to give Player 1: \\$'
15.8626 	EXP 	unnamed TextStim: text = 'Please indicate how many dollars you would like to give Player 1: \\$'
15.8791 	EXP 	unnamed TextStim: text = 'Please indicate how many dollars you would like to give Player 1: \\$'
15.8959 	EXP 	unnamed TextStim: text = 'Please indicate how many dollars you would like to give Player 1: \\$'
15.9125 	EXP 	unnamed TextStim: text = 'Please indicate how many dollars you would like to give Player 1: \\$'
15.9291 	EXP 	unnamed TextStim: text = 'Please indicate how many dollars you would like to give Player 1: \\$'
15.9459 	EXP 	unnamed TextStim: text = 'Please indicate how many dollars you would like to give Player 1: \\$'
15.9626 	EXP 	unnamed TextStim: text = 'Please indicate how many dollars you would like to give Player 1: \\$'
15.9792 	EXP 	unnamed TextStim: text = 'Please indicate how many dollars you would like to give Player 1: \\$'
15.9959 	EXP 	unnamed TextStim: text = 'Please indicate how many dollars you would like to give Player 1: \\$'
16.0126 	EXP 	unnamed TextStim: text = 'Please indicate how many dollars you would like to give Player 1: \\$'
16.0291 	EXP 	unnamed TextStim: text = 'Please indicate how many dollars you would like to give Player 1: \\$'
16.0458 	EXP 	unnamed TextStim: text = 'Please indicate how many dollars you would like to give Player 1: \\$'
16.0625 	EXP 	unnamed TextStim: text = 'Please indicate how many dollars you would like to give Player 1: \\$'
16.0792 	EXP 	unnamed TextStim: text = 'Please indicate how many dollars you would like to give Player 1: \\$'
16.0958 	EXP 	unnamed TextStim: text = 'Please indicate how many dollars you would like to give Player 1: \\$'
16.1127 	EXP 	unnamed TextStim: text = 'Please indicate how many dollars you would like to give Player 1: \\$'
16.1294 	EXP 	unnamed TextStim: text = 'Please indicate how many dollars you would like to give Player 1: \\$'
16.1461 	EXP 	unnamed TextStim: text = 'Please indicate how many dollars you would like to give Player 1: \\$'
16.1626 	EXP 	unnamed TextStim: text = 'Please indicate how many dollars you would like to give Player 1: \\$'
16.1794 	EXP 	unnamed TextStim: text = 'Please indicate how many dollars you would like to give Player 1: \\$'
16.1961 	EXP 	unnamed TextStim: text = 'Please indicate how many dollars you would like to give Player 1: \\$'
16.2128 	EXP 	unnamed TextStim: text = 'Please indicate how many dollars you would like to give Player 1: \\$'
16.2294 	EXP 	unnamed TextStim: text = 'Please indicate how many dollars you would like to give Player 1: \\$'
16.2460 	EXP 	unnamed TextStim: text = 'Please indicate how many dollars you would like to give Player 1: \\$'
16.2628 	EXP 	unnamed TextStim: text = 'Please indicate how many dollars you would like to give Player 1: \\$'
16.2794 	EXP 	unnamed TextStim: text = 'Please indicate how many dollars you would like to give Player 1: \\$'
16.2958 	EXP 	unnamed TextStim: text = 'Please indicate how many dollars you would like to give Player 1: \\$'
16.3137 	EXP 	unnamed TextStim: text = 'Please indicate how many dollars you would like to give Player 1: \\$'
16.3292 	EXP 	unnamed TextStim: text = 'Please indicate how many dollars you would like to give Player 1: \\$'
16.3462 	EXP 	unnamed TextStim: text = 'Please indicate how many dollars you would like to give Player 1: \\$'
16.3627 	EXP 	unnamed TextStim: text = 'Please indicate how many dollars you would like to give Player 1: \\$'
16.3796 	EXP 	unnamed TextStim: text = 'Please indicate how many dollars you would like to give Player 1: \\$'
16.3962 	EXP 	unnamed TextStim: text = 'Please indicate how many dollars you would like to give Player 1: \\$'
16.4129 	EXP 	unnamed TextStim: text = 'Please indicate how many dollars you would like to give Player 1: \\$'
16.4300 	EXP 	unnamed TextStim: text = 'Please indicate how many dollars you would like to give Player 1: \\$'
16.4462 	EXP 	unnamed TextStim: text = 'Please indicate how many dollars you would like to give Player 1: \\$'
16.4627 	EXP 	unnamed TextStim: text = 'Please indicate how many dollars you would like to give Player 1: \\$'
16.4795 	EXP 	unnamed TextStim: text = 'Please indicate how many dollars you would like to give Player 1: \\$'
16.4961 	EXP 	unnamed TextStim: text = 'Please indicate how many dollars you would like to give Player 1: \\$'
16.5126 	EXP 	unnamed TextStim: text = 'Please indicate how many dollars you would like to give Player 1: \\$'
16.5294 	EXP 	unnamed TextStim: text = 'Please indicate how many dollars you would like to give Player 1: \\$'
16.5462 	EXP 	unnamed TextStim: text = 'Please indicate how many dollars you would like to give Player 1: \\$'
16.5630 	EXP 	unnamed TextStim: text = 'Please indicate how many dollars you would like to give Player 1: \\$'
16.5796 	EXP 	unnamed TextStim: text = 'Please indicate how many dollars you would like to give Player 1: \\$'
16.5964 	EXP 	unnamed TextStim: text = 'Please indicate how many dollars you would like to give Player 1: \\$'
16.6131 	EXP 	unnamed TextStim: text = 'Please indicate how many dollars you would like to give Player 1: \\$'
16.6296 	EXP 	unnamed TextStim: text = 'Please indicate how many dollars you would like to give Player 1: \\$'
16.6462 	EXP 	unnamed TextStim: text = 'Please indicate how many dollars you would like to give Player 1: \\$'
16.6631 	EXP 	unnamed TextStim: text = 'Please indicate how many dollars you would like to give Player 1: \\$'
16.6799 	EXP 	unnamed TextStim: text = 'Please indicate how many dollars you would like to give Player 1: \\$'
16.6964 	EXP 	unnamed TextStim: text = 'Please indicate how many dollars you would like to give Player 1: \\$'
16.7132 	EXP 	unnamed TextStim: text = 'Please indicate how many dollars you would like to give Player 1: \\$'
16.7300 	EXP 	unnamed TextStim: text = 'Please indicate how many dollars you would like to give Player 1: \\$'
16.7465 	EXP 	unnamed TextStim: text = 'Please indicate how many dollars you would like to give Player 1: \\$'
16.7631 	EXP 	unnamed TextStim: text = 'Please indicate how many dollars you would like to give Player 1: \\$'
16.7798 	EXP 	unnamed TextStim: text = 'Please indicate how many dollars you would like to give Player 1: \\$'
16.7966 	EXP 	unnamed TextStim: text = 'Please indicate how many dollars you would like to give Player 1: \\$'
16.8131 	EXP 	unnamed TextStim: text = 'Please indicate how many dollars you would like to give Player 1: \\$'
16.8297 	EXP 	unnamed TextStim: text = 'Please indicate how many dollars you would like to give Player 1: \\$'
16.8465 	EXP 	unnamed TextStim: text = 'Please indicate how many dollars you would like to give Player 1: \\$'
16.8630 	EXP 	unnamed TextStim: text = 'Please indicate how many dollars you would like to give Player 1: \\$'
16.8798 	EXP 	unnamed TextStim: text = 'Please indicate how many dollars you would like to give Player 1: \\$'
16.8964 	EXP 	unnamed TextStim: text = 'Please indicate how many dollars you would like to give Player 1: \\$'
16.9131 	EXP 	unnamed TextStim: text = 'Please indicate how many dollars you would like to give Player 1: \\$'
16.9302 	EXP 	unnamed TextStim: text = 'Please indicate how many dollars you would like to give Player 1: \\$'
16.9465 	EXP 	unnamed TextStim: text = 'Please indicate how many dollars you would like to give Player 1: \\$'
16.9631 	EXP 	unnamed TextStim: text = 'Please indicate how many dollars you would like to give Player 1: \\$'
16.9800 	EXP 	unnamed TextStim: text = 'Please indicate how many dollars you would like to give Player 1: \\$'
16.9965 	EXP 	unnamed TextStim: text = 'Please indicate how many dollars you would like to give Player 1: \\$'
17.0133 	EXP 	unnamed TextStim: text = 'Please indicate how many dollars you would like to give Player 1: \\$'
17.0300 	EXP 	unnamed TextStim: text = 'Please indicate how many dollars you would like to give Player 1: \\$'
17.0466 	EXP 	unnamed TextStim: text = 'Please indicate how many dollars you would like to give Player 1: \\$'
17.0633 	EXP 	unnamed TextStim: text = 'Please indicate how many dollars you would like to give Player 1: \\$'
17.0799 	EXP 	unnamed TextStim: text = 'Please indicate how many dollars you would like to give Player 1: \\$'
17.0966 	EXP 	unnamed TextStim: text = 'Please indicate how many dollars you would like to give Player 1: \\$'
17.1135 	EXP 	unnamed TextStim: text = 'Please indicate how many dollars you would like to give Player 1: \\$'
17.1300 	EXP 	unnamed TextStim: text = 'Please indicate how many dollars you would like to give Player 1: \\$'
17.1468 	EXP 	unnamed TextStim: text = 'Please indicate how many dollars you would like to give Player 1: \\$'
17.1634 	EXP 	unnamed TextStim: text = 'Please indicate how many dollars you would like to give Player 1: \\$'
17.1802 	EXP 	unnamed TextStim: text = 'Please indicate how many dollars you would like to give Player 1: \\$'
17.1970 	EXP 	unnamed TextStim: text = 'Please indicate how many dollars you would like to give Player 1: \\$'
17.2135 	EXP 	unnamed TextStim: text = 'Please indicate how many dollars you would like to give Player 1: \\$'
17.2304 	EXP 	unnamed TextStim: text = 'Please indicate how many dollars you would like to give Player 1: \\$'
17.2470 	EXP 	unnamed TextStim: text = 'Please indicate how many dollars you would like to give Player 1: \\$'
17.2635 	EXP 	unnamed TextStim: text = 'Please indicate how many dollars you would like to give Player 1: \\$'
17.2804 	EXP 	unnamed TextStim: text = 'Please indicate how many dollars you would like to give Player 1: \\$'
17.2971 	EXP 	unnamed TextStim: text = 'Please indicate how many dollars you would like to give Player 1: \\$'
17.3135 	EXP 	unnamed TextStim: text = 'Please indicate how many dollars you would like to give Player 1: \\$'
17.3304 	EXP 	unnamed TextStim: text = 'Please indicate how many dollars you would like to give Player 1: \\$'
17.3469 	EXP 	unnamed TextStim: text = 'Please indicate how many dollars you would like to give Player 1: \\$'
17.3636 	EXP 	unnamed TextStim: text = 'Please indicate how many dollars you would like to give Player 1: \\$'
17.3803 	EXP 	unnamed TextStim: text = 'Please indicate how many dollars you would like to give Player 1: \\$'
17.3969 	EXP 	unnamed TextStim: text = 'Please indicate how many dollars you would like to give Player 1: \\$'
17.4136 	EXP 	unnamed TextStim: text = 'Please indicate how many dollars you would like to give Player 1: \\$'
17.4307 	EXP 	unnamed TextStim: text = 'Please indicate how many dollars you would like to give Player 1: \\$'
17.4470 	EXP 	unnamed TextStim: text = 'Please indicate how many dollars you would like to give Player 1: \\$'
17.4634 	EXP 	unnamed TextStim: text = 'Please indicate how many dollars you would like to give Player 1: \\$'
17.4805 	EXP 	unnamed TextStim: text = 'Please indicate how many dollars you would like to give Player 1: \\$'
17.4970 	EXP 	unnamed TextStim: text = 'Please indicate how many dollars you would like to give Player 1: \\$'
17.5150 	EXP 	unnamed TextStim: text = 'Please indicate how many dollars you would like to give Player 1: \\$'
17.5303 	EXP 	unnamed TextStim: text = 'Please indicate how many dollars you would like to give Player 1: \\$'
17.5471 	EXP 	unnamed TextStim: text = 'Please indicate how many dollars you would like to give Player 1: \\$'
17.5636 	EXP 	unnamed TextStim: text = 'Please indicate how many dollars you would like to give Player 1: \\$'
17.5805 	EXP 	unnamed TextStim: text = 'Please indicate how many dollars you would like to give Player 1: \\$'
17.5971 	EXP 	unnamed TextStim: text = 'Please indicate how many dollars you would like to give Player 1: \\$'
17.6137 	EXP 	unnamed TextStim: text = 'Please indicate how many dollars you would like to give Player 1: \\$'
17.6305 	EXP 	unnamed TextStim: text = 'Please indicate how many dollars you would like to give Player 1: \\$'
17.6470 	EXP 	unnamed TextStim: text = 'Please indicate how many dollars you would like to give Player 1: \\$'
17.6639 	EXP 	unnamed TextStim: text = 'Please indicate how many dollars you would like to give Player 1: \\$'
17.6804 	EXP 	unnamed TextStim: text = 'Please indicate how many dollars you would like to give Player 1: \\$'
17.6971 	EXP 	unnamed TextStim: text = 'Please indicate how many dollars you would like to give Player 1: \\$'
17.7139 	EXP 	unnamed TextStim: text = 'Please indicate how many dollars you would like to give Player 1: \\$'
17.7306 	EXP 	unnamed TextStim: text = 'Please indicate how many dollars you would like to give Player 1: \\$'
17.7473 	EXP 	unnamed TextStim: text = 'Please indicate how many dollars you would like to give Player 1: \\$'
17.7640 	EXP 	unnamed TextStim: text = 'Please indicate how many dollars you would like to give Player 1: \\$'
17.7806 	EXP 	unnamed TextStim: text = 'Please indicate how many dollars you would like to give Player 1: \\$'
17.7973 	EXP 	unnamed TextStim: text = 'Please indicate how many dollars you would like to give Player 1: \\$'
17.8139 	EXP 	unnamed TextStim: text = 'Please indicate how many dollars you would like to give Player 1: \\$'
17.8306 	EXP 	unnamed TextStim: text = 'Please indicate how many dollars you would like to give Player 1: \\$'
17.8472 	EXP 	unnamed TextStim: text = 'Please indicate how many dollars you would like to give Player 1: \\$'
17.8641 	EXP 	unnamed TextStim: text = 'Please indicate how many dollars you would like to give Player 1: \\$'
17.8808 	EXP 	unnamed TextStim: text = 'Please indicate how many dollars you would like to give Player 1: \\$'
17.8973 	EXP 	unnamed TextStim: text = 'Please indicate how many dollars you would like to give Player 1: \\$'
17.9140 	EXP 	unnamed TextStim: text = 'Please indicate how many dollars you would like to give Player 1: \\$'
17.9309 	EXP 	unnamed TextStim: text = 'Please indicate how many dollars you would like to give Player 1: \\$'
17.9475 	EXP 	unnamed TextStim: text = 'Please indicate how many dollars you would like to give Player 1: \\$'
17.9639 	EXP 	unnamed TextStim: text = 'Please indicate how many dollars you would like to give Player 1: \\$'
17.9807 	EXP 	unnamed TextStim: text = 'Please indicate how many dollars you would like to give Player 1: \\$'
17.9974 	EXP 	unnamed TextStim: text = 'Please indicate how many dollars you would like to give Player 1: \\$'
18.0141 	EXP 	unnamed TextStim: text = 'Please indicate how many dollars you would like to give Player 1: \\$'
18.0307 	EXP 	unnamed TextStim: text = 'Please indicate how many dollars you would like to give Player 1: \\$'
18.0473 	EXP 	unnamed TextStim: text = 'Please indicate how many dollars you would like to give Player 1: \\$'
18.0644 	EXP 	unnamed TextStim: text = 'Please indicate how many dollars you would like to give Player 1: \\$'
18.0809 	EXP 	unnamed TextStim: text = 'Please indicate how many dollars you would like to give Player 1: \\$'
18.0974 	EXP 	unnamed TextStim: text = 'Please indicate how many dollars you would like to give Player 1: \\$'
18.1142 	EXP 	unnamed TextStim: text = 'Please indicate how many dollars you would like to give Player 1: \\$'
18.1308 	EXP 	unnamed TextStim: text = 'Please indicate how many dollars you would like to give Player 1: \\$'
18.1475 	EXP 	unnamed TextStim: text = 'Please indicate how many dollars you would like to give Player 1: \\$'
18.1644 	EXP 	unnamed TextStim: text = 'Please indicate how many dollars you would like to give Player 1: \\$'
18.1810 	EXP 	unnamed TextStim: text = 'Please indicate how many dollars you would like to give Player 1: \\$'
18.1975 	EXP 	unnamed TextStim: text = 'Please indicate how many dollars you would like to give Player 1: \\$'
18.2141 	EXP 	unnamed TextStim: text = 'Please indicate how many dollars you would like to give Player 1: \\$'
18.2310 	EXP 	unnamed TextStim: text = 'Please indicate how many dollars you would like to give Player 1: \\$'
18.2478 	EXP 	unnamed TextStim: text = 'Please indicate how many dollars you would like to give Player 1: \\$'
18.2644 	EXP 	unnamed TextStim: text = 'Please indicate how many dollars you would like to give Player 1: \\$'
18.2810 	EXP 	unnamed TextStim: text = 'Please indicate how many dollars you would like to give Player 1: \\$'
18.2975 	EXP 	unnamed TextStim: text = 'Please indicate how many dollars you would like to give Player 1: \\$'
18.3143 	EXP 	unnamed TextStim: text = 'Please indicate how many dollars you would like to give Player 1: \\$'
18.3312 	EXP 	unnamed TextStim: text = 'Please indicate how many dollars you would like to give Player 1: \\$'
18.3480 	EXP 	unnamed TextStim: text = 'Please indicate how many dollars you would like to give Player 1: \\$'
18.3645 	EXP 	unnamed TextStim: text = 'Please indicate how many dollars you would like to give Player 1: \\$'
18.3814 	EXP 	unnamed TextStim: text = 'Please indicate how many dollars you would like to give Player 1: \\$'
18.3982 	EXP 	unnamed TextStim: text = 'Please indicate how many dollars you would like to give Player 1: \\$'
18.4144 	EXP 	unnamed TextStim: text = 'Please indicate how many dollars you would like to give Player 1: \\$'
18.4319 	EXP 	unnamed TextStim: text = 'Please indicate how many dollars you would like to give Player 1: \\$'
18.4477 	EXP 	unnamed TextStim: text = 'Please indicate how many dollars you would like to give Player 1: \\$'
18.4645 	EXP 	unnamed TextStim: text = 'Please indicate how many dollars you would like to give Player 1: \\$'
18.4813 	EXP 	unnamed TextStim: text = 'Please indicate how many dollars you would like to give Player 1: \\$'
18.4976 	EXP 	unnamed TextStim: text = 'Please indicate how many dollars you would like to give Player 1: \\$'
18.5146 	EXP 	unnamed TextStim: text = 'Please indicate how many dollars you would like to give Player 1: \\$'
18.5313 	EXP 	unnamed TextStim: text = 'Please indicate how many dollars you would like to give Player 1: \\$'
18.5478 	EXP 	unnamed TextStim: text = 'Please indicate how many dollars you would like to give Player 1: \\$'
18.5646 	EXP 	unnamed TextStim: text = 'Please indicate how many dollars you would like to give Player 1: \\$'
18.5811 	EXP 	unnamed TextStim: text = 'Please indicate how many dollars you would like to give Player 1: \\$'
18.5979 	EXP 	unnamed TextStim: text = 'Please indicate how many dollars you would like to give Player 1: \\$'
18.6147 	EXP 	unnamed TextStim: text = 'Please indicate how many dollars you would like to give Player 1: \\$'
18.6312 	EXP 	unnamed TextStim: text = 'Please indicate how many dollars you would like to give Player 1: \\$'
18.6480 	EXP 	unnamed TextStim: text = 'Please indicate how many dollars you would like to give Player 1: \\$'
18.6646 	EXP 	unnamed TextStim: text = 'Please indicate how many dollars you would like to give Player 1: \\$'
18.6813 	EXP 	unnamed TextStim: text = 'Please indicate how many dollars you would like to give Player 1: \\$'
18.6981 	EXP 	unnamed TextStim: text = 'Please indicate how many dollars you would like to give Player 1: \\$'
18.7148 	EXP 	unnamed TextStim: text = 'Please indicate how many dollars you would like to give Player 1: \\$'
18.7317 	EXP 	unnamed TextStim: text = 'Please indicate how many dollars you would like to give Player 1: \\$'
18.7481 	EXP 	unnamed TextStim: text = 'Please indicate how many dollars you would like to give Player 1: \\$'
18.7648 	EXP 	unnamed TextStim: text = 'Please indicate how many dollars you would like to give Player 1: \\$'
18.7817 	EXP 	unnamed TextStim: text = 'Please indicate how many dollars you would like to give Player 1: \\$'
18.7983 	EXP 	unnamed TextStim: text = 'Please indicate how many dollars you would like to give Player 1: \\$'
18.8148 	EXP 	unnamed TextStim: text = 'Please indicate how many dollars you would like to give Player 1: \\$'
18.8315 	EXP 	unnamed TextStim: text = 'Please indicate how many dollars you would like to give Player 1: \\$'
18.8482 	EXP 	unnamed TextStim: text = 'Please indicate how many dollars you would like to give Player 1: \\$'
18.8647 	EXP 	unnamed TextStim: text = 'Please indicate how many dollars you would like to give Player 1: \\$'
18.8815 	EXP 	unnamed TextStim: text = 'Please indicate how many dollars you would like to give Player 1: \\$'
18.8983 	EXP 	unnamed TextStim: text = 'Please indicate how many dollars you would like to give Player 1: \\$'
18.9148 	EXP 	unnamed TextStim: text = 'Please indicate how many dollars you would like to give Player 1: \\$'
18.9319 	EXP 	unnamed TextStim: text = 'Please indicate how many dollars you would like to give Player 1: \\$'
18.9482 	EXP 	unnamed TextStim: text = 'Please indicate how many dollars you would like to give Player 1: \\$'
18.9648 	EXP 	unnamed TextStim: text = 'Please indicate how many dollars you would like to give Player 1: \\$'
18.9816 	EXP 	unnamed TextStim: text = 'Please indicate how many dollars you would like to give Player 1: \\$'
18.9980 	EXP 	unnamed TextStim: text = 'Please indicate how many dollars you would like to give Player 1: \\$'
19.0150 	EXP 	unnamed TextStim: text = 'Please indicate how many dollars you would like to give Player 1: \\$'
19.0315 	EXP 	unnamed TextStim: text = 'Please indicate how many dollars you would like to give Player 1: \\$'
19.0484 	EXP 	unnamed TextStim: text = 'Please indicate how many dollars you would like to give Player 1: \\$'
19.0650 	EXP 	unnamed TextStim: text = 'Please indicate how many dollars you would like to give Player 1: \\$'
19.0817 	EXP 	unnamed TextStim: text = 'Please indicate how many dollars you would like to give Player 1: \\$'
19.0984 	EXP 	unnamed TextStim: text = 'Please indicate how many dollars you would like to give Player 1: \\$'
19.1150 	EXP 	unnamed TextStim: text = 'Please indicate how many dollars you would like to give Player 1: \\$'
19.1317 	EXP 	unnamed TextStim: text = 'Please indicate how many dollars you would like to give Player 1: \\$'
19.1484 	EXP 	unnamed TextStim: text = 'Please indicate how many dollars you would like to give Player 1: \\$'
19.1652 	EXP 	unnamed TextStim: text = 'Please indicate how many dollars you would like to give Player 1: \\$'
19.1815 	EXP 	unnamed TextStim: text = 'Please indicate how many dollars you would like to give Player 1: \\$'
19.1984 	EXP 	unnamed TextStim: text = 'Please indicate how many dollars you would like to give Player 1: \\$'
19.2151 	EXP 	unnamed TextStim: text = 'Please indicate how many dollars you would like to give Player 1: \\$'
19.2318 	EXP 	unnamed TextStim: text = 'Please indicate how many dollars you would like to give Player 1: \\$'
19.2485 	EXP 	unnamed TextStim: text = 'Please indicate how many dollars you would like to give Player 1: \\$'
19.2651 	EXP 	unnamed TextStim: text = 'Please indicate how many dollars you would like to give Player 1: \\$'
19.2819 	EXP 	unnamed TextStim: text = 'Please indicate how many dollars you would like to give Player 1: \\$'
19.2986 	EXP 	unnamed TextStim: text = 'Please indicate how many dollars you would like to give Player 1: \\$'
19.3152 	EXP 	unnamed TextStim: text = 'Please indicate how many dollars you would like to give Player 1: \\$'
19.3319 	EXP 	unnamed TextStim: text = 'Please indicate how many dollars you would like to give Player 1: \\$'
19.3485 	EXP 	unnamed TextStim: text = 'Please indicate how many dollars you would like to give Player 1: \\$'
19.3652 	EXP 	unnamed TextStim: text = 'Please indicate how many dollars you would like to give Player 1: \\$'
19.3819 	EXP 	unnamed TextStim: text = 'Please indicate how many dollars you would like to give Player 1: \\$'
19.3987 	EXP 	unnamed TextStim: text = 'Please indicate how many dollars you would like to give Player 1: \\$'
19.4154 	EXP 	unnamed TextStim: text = 'Please indicate how many dollars you would like to give Player 1: \\$'
19.4332 	EXP 	unnamed TextStim: text = 'Please indicate how many dollars you would like to give Player 1: \\$'
19.4488 	EXP 	unnamed TextStim: text = 'Please indicate how many dollars you would like to give Player 1: \\$'
19.4654 	EXP 	unnamed TextStim: text = 'Please indicate how many dollars you would like to give Player 1: \\$'
19.4821 	EXP 	unnamed TextStim: text = 'Please indicate how many dollars you would like to give Player 1: \\$'
19.4988 	EXP 	unnamed TextStim: text = 'Please indicate how many dollars you would like to give Player 1: \\$'
19.5154 	EXP 	unnamed TextStim: text = 'Please indicate how many dollars you would like to give Player 1: \\$'
19.5319 	EXP 	unnamed TextStim: text = 'Please indicate how many dollars you would like to give Player 1: \\$'
19.5488 	EXP 	unnamed TextStim: text = 'Please indicate how many dollars you would like to give Player 1: \\$'
19.5655 	EXP 	unnamed TextStim: text = 'Please indicate how many dollars you would like to give Player 1: \\$'
19.5820 	EXP 	unnamed TextStim: text = 'Please indicate how many dollars you would like to give Player 1: \\$'
19.5986 	EXP 	unnamed TextStim: text = 'Please indicate how many dollars you would like to give Player 1: \\$'
19.6157 	EXP 	unnamed TextStim: text = 'Please indicate how many dollars you would like to give Player 1: \\$'
19.6322 	EXP 	unnamed TextStim: text = 'Please indicate how many dollars you would like to give Player 1: \\$'
19.6491 	EXP 	unnamed TextStim: text = 'Please indicate how many dollars you would like to give Player 1: \\$'
19.6659 	EXP 	unnamed TextStim: text = 'Please indicate how many dollars you would like to give Player 1: \\$'
19.6824 	EXP 	unnamed TextStim: text = 'Please indicate how many dollars you would like to give Player 1: \\$'
19.6991 	EXP 	unnamed TextStim: text = 'Please indicate how many dollars you would like to give Player 1: \\$'
19.7155 	EXP 	unnamed TextStim: text = 'Please indicate how many dollars you would like to give Player 1: \\$'
19.7323 	EXP 	unnamed TextStim: text = 'Please indicate how many dollars you would like to give Player 1: \\$'
19.7490 	EXP 	unnamed TextStim: text = 'Please indicate how many dollars you would like to give Player 1: \\$'
19.7530 	DATA 	Keypress: 2
19.7653 	EXP 	unnamed TextStim: text = 'Please indicate how many dollars you would like to give Player 1: \\$'
19.7822 	EXP 	unnamed TextStim: text = 'Please indicate how many dollars you would like to give Player 1: \\$'
19.7988 	EXP 	unnamed TextStim: text = 'Please indicate how many dollars you would like to give Player 1: \\$'
19.8154 	EXP 	unnamed TextStim: text = 'Please indicate how many dollars you would like to give Player 1: \\$'
19.8321 	EXP 	unnamed TextStim: text = 'Please indicate how many dollars you would like to give Player 1: \\$'
19.8489 	EXP 	unnamed TextStim: text = 'Please indicate how many dollars you would like to give Player 1: \\$'
19.8657 	EXP 	unnamed TextStim: text = 'Please indicate how many dollars you would like to give Player 1: \\$'
19.8823 	EXP 	unnamed TextStim: text = 'Please indicate how many dollars you would like to give Player 1: \\$'
19.8993 	EXP 	unnamed TextStim: text = 'Please indicate how many dollars you would like to give Player 1: \\$'
19.9156 	EXP 	unnamed TextStim: text = 'Please indicate how many dollars you would like to give Player 1: \\$'
19.9324 	EXP 	unnamed TextStim: text = 'Please indicate how many dollars you would like to give Player 1: \\$'
19.9491 	EXP 	unnamed TextStim: text = 'Please indicate how many dollars you would like to give Player 1: \\$'
19.9655 	EXP 	unnamed TextStim: text = 'Please indicate how many dollars you would like to give Player 1: \\$'
19.9824 	EXP 	unnamed TextStim: text = 'Please indicate how many dollars you would like to give Player 1: \\$'
19.9992 	EXP 	unnamed TextStim: text = 'Please indicate how many dollars you would like to give Player 1: \\$'
20.0160 	EXP 	unnamed TextStim: text = 'Please indicate how many dollars you would like to give Player 1: \\$'
20.0324 	EXP 	unnamed TextStim: text = 'Please indicate how many dollars you would like to give Player 1: \\$'
20.0492 	EXP 	unnamed TextStim: text = 'Please indicate how many dollars you would like to give Player 1: \\$'
20.0659 	EXP 	unnamed TextStim: text = 'Please indicate how many dollars you would like to give Player 1: \\$'
20.0826 	EXP 	unnamed TextStim: text = 'Please indicate how many dollars you would like to give Player 1: \\$'
20.0995 	EXP 	unnamed TextStim: text = 'Please indicate how many dollars you would like to give Player 1: \\$'
20.1158 	EXP 	unnamed TextStim: text = 'Please indicate how many dollars you would like to give Player 1: \\$'
20.1328 	EXP 	unnamed TextStim: text = 'Please indicate how many dollars you would like to give Player 1: \\$'
20.1496 	EXP 	unnamed TextStim: text = 'Please indicate how many dollars you would like to give Player 1: \\$'
20.1661 	EXP 	unnamed TextStim: text = 'Please indicate how many dollars you would like to give Player 1: \\$'
20.1827 	EXP 	unnamed TextStim: text = 'Please indicate how many dollars you would like to give Player 1: \\$'
20.1993 	EXP 	unnamed TextStim: text = 'Please indicate how many dollars you would like to give Player 1: \\$'
20.2158 	EXP 	unnamed TextStim: text = 'Please indicate how many dollars you would like to give Player 1: \\$'
20.2329 	EXP 	unnamed TextStim: text = 'Please indicate how many dollars you would like to give Player 1: \\$'
20.2494 	EXP 	unnamed TextStim: text = 'Please indicate how many dollars you would like to give Player 1: \\$'
20.2661 	EXP 	unnamed TextStim: text = 'Please indicate how many dollars you would like to give Player 1: \\$'
20.2829 	EXP 	unnamed TextStim: text = 'Please indicate how many dollars you would like to give Player 1: \\$'
20.2995 	EXP 	unnamed TextStim: text = 'Please indicate how many dollars you would like to give Player 1: \\$'
20.3163 	EXP 	unnamed TextStim: text = 'Please indicate how many dollars you would like to give Player 1: \\$'
20.3329 	EXP 	unnamed TextStim: text = 'Please indicate how many dollars you would like to give Player 1: \\$'
20.3495 	EXP 	unnamed TextStim: text = 'Please indicate how many dollars you would like to give Player 1: \\$'
20.3663 	EXP 	unnamed TextStim: text = 'Please indicate how many dollars you would like to give Player 1: \\$'
20.3831 	EXP 	unnamed TextStim: text = 'Please indicate how many dollars you would like to give Player 1: \\$'
20.3996 	EXP 	unnamed TextStim: text = 'Please indicate how many dollars you would like to give Player 1: \\$'
20.4163 	EXP 	unnamed TextStim: text = 'Please indicate how many dollars you would like to give Player 1: \\$'
20.4332 	EXP 	unnamed TextStim: text = 'Please indicate how many dollars you would like to give Player 1: \\$'
20.4494 	EXP 	unnamed TextStim: text = 'Please indicate how many dollars you would like to give Player 1: \\$'
20.4663 	EXP 	unnamed TextStim: text = 'Please indicate how many dollars you would like to give Player 1: \\$'
20.4828 	EXP 	unnamed TextStim: text = 'Please indicate how many dollars you would like to give Player 1: \\$'
20.4996 	EXP 	unnamed TextStim: text = 'Please indicate how many dollars you would like to give Player 1: \\$'
20.5162 	EXP 	unnamed TextStim: text = 'Please indicate how many dollars you would like to give Player 1: \\$'
20.5329 	EXP 	unnamed TextStim: text = 'Please indicate how many dollars you would like to give Player 1: \\$'
20.5495 	EXP 	unnamed TextStim: text = 'Please indicate how many dollars you would like to give Player 1: \\$'
20.5663 	EXP 	unnamed TextStim: text = 'Please indicate how many dollars you would like to give Player 1: \\$'
20.5827 	EXP 	unnamed TextStim: text = 'Please indicate how many dollars you would like to give Player 1: \\$'
20.5869 	DATA 	Keypress: 1
20.5996 	EXP 	unnamed TextStim: text = 'Please indicate how many dollars you would like to give Player 1: \\$'
20.6163 	EXP 	unnamed TextStim: text = 'Please indicate how many dollars you would like to give Player 1: \\$'
20.6332 	EXP 	unnamed TextStim: text = 'Please indicate how many dollars you would like to give Player 1: \\$'
20.6496 	EXP 	unnamed TextStim: text = 'Please indicate how many dollars you would like to give Player 1: \\$'
20.6664 	EXP 	unnamed TextStim: text = 'Please indicate how many dollars you would like to give Player 1: \\$'
20.6832 	EXP 	unnamed TextStim: text = 'Please indicate how many dollars you would like to give Player 1: \\$'
20.6996 	EXP 	unnamed TextStim: text = 'Please indicate how many dollars you would like to give Player 1: \\$'
20.7164 	EXP 	unnamed TextStim: text = 'Please indicate how many dollars you would like to give Player 1: \\$'
20.7330 	EXP 	unnamed TextStim: text = 'Please indicate how many dollars you would like to give Player 1: \\$'
20.7498 	EXP 	unnamed TextStim: text = 'Please indicate how many dollars you would like to give Player 1: \\$'
20.7665 	EXP 	unnamed TextStim: text = 'Please indicate how many dollars you would like to give Player 1: \\$'
20.7831 	EXP 	unnamed TextStim: text = 'Please indicate how many dollars you would like to give Player 1: \\$'
20.7998 	EXP 	unnamed TextStim: text = 'Please indicate how many dollars you would like to give Player 1: \\$'
20.8045 	DATA 	Keypress: 2
20.8166 	EXP 	unnamed TextStim: text = 'Please indicate how many dollars you would like to give Player 1: \\$'
20.8333 	EXP 	unnamed TextStim: text = 'Please indicate how many dollars you would like to give Player 1: \\$'
20.8499 	EXP 	unnamed TextStim: text = 'Please indicate how many dollars you would like to give Player 1: \\$'
20.8666 	EXP 	unnamed TextStim: text = 'Please indicate how many dollars you would like to give Player 1: \\$'
20.8833 	EXP 	unnamed TextStim: text = 'Please indicate how many dollars you would like to give Player 1: \\$'
20.9006 	EXP 	unnamed TextStim: text = 'Please indicate how many dollars you would like to give Player 1: \\$'
20.9057 	DATA 	Keypress: 3
20.9165 	EXP 	unnamed TextStim: text = 'Please indicate how many dollars you would like to give Player 1: \\$'
20.9333 	EXP 	unnamed TextStim: text = 'Please indicate how many dollars you would like to give Player 1: \\$'
20.9501 	EXP 	unnamed TextStim: text = 'Please indicate how many dollars you would like to give Player 1: \\$'
20.9666 	EXP 	unnamed TextStim: text = 'Please indicate how many dollars you would like to give Player 1: \\$'
20.9833 	EXP 	unnamed TextStim: text = 'Please indicate how many dollars you would like to give Player 1: \\$'
21.0000 	EXP 	unnamed TextStim: text = 'Please indicate how many dollars you would like to give Player 1: \\$'
21.0167 	EXP 	unnamed TextStim: text = 'Please indicate how many dollars you would like to give Player 1: \\$'
21.0334 	EXP 	unnamed TextStim: text = 'Please indicate how many dollars you would like to give Player 1: \\$'
21.0500 	EXP 	unnamed TextStim: text = 'Please indicate how many dollars you would like to give Player 1: \\$'
21.0665 	EXP 	unnamed TextStim: text = 'Please indicate how many dollars you would like to give Player 1: \\$'
21.0834 	EXP 	unnamed TextStim: text = 'Please indicate how many dollars you would like to give Player 1: \\$'
21.0999 	EXP 	unnamed TextStim: text = 'Please indicate how many dollars you would like to give Player 1: \\$'
21.1168 	EXP 	unnamed TextStim: text = 'Please indicate how many dollars you would like to give Player 1: \\$'
21.1218 	DATA 	Keypress: 4
21.1334 	EXP 	unnamed TextStim: text = 'Please indicate how many dollars you would like to give Player 1: \\$'
21.1502 	EXP 	unnamed TextStim: text = 'Please indicate how many dollars you would like to give Player 1: \\$'
21.1668 	EXP 	unnamed TextStim: text = 'Please indicate how many dollars you would like to give Player 1: \\$'
21.1834 	EXP 	unnamed TextStim: text = 'Please indicate how many dollars you would like to give Player 1: \\$'
21.2006 	EXP 	unnamed TextStim: text = 'Please indicate how many dollars you would like to give Player 1: \\$'
21.2166 	EXP 	unnamed TextStim: text = 'Please indicate how many dollars you would like to give Player 1: \\$'
21.2336 	EXP 	unnamed TextStim: text = 'Please indicate how many dollars you would like to give Player 1: \\$'
21.2501 	EXP 	unnamed TextStim: text = 'Please indicate how many dollars you would like to give Player 1: \\$'
21.2667 	EXP 	unnamed TextStim: text = 'Please indicate how many dollars you would like to give Player 1: \\$'
21.2836 	EXP 	unnamed TextStim: text = 'Please indicate how many dollars you would like to give Player 1: \\$'
21.3002 	EXP 	unnamed TextStim: text = 'Please indicate how many dollars you would like to give Player 1: \\$'
21.3169 	EXP 	unnamed TextStim: text = 'Please indicate how many dollars you would like to give Player 1: \\$'
21.3210 	DATA 	Keypress: 5
21.3335 	EXP 	unnamed TextStim: text = 'Please indicate how many dollars you would like to give Player 1: \\$'
21.3505 	EXP 	unnamed TextStim: text = 'Please indicate how many dollars you would like to give Player 1: \\$'
21.3671 	EXP 	unnamed TextStim: text = 'Please indicate how many dollars you would like to give Player 1: \\$'
21.3838 	EXP 	unnamed TextStim: text = 'Please indicate how many dollars you would like to give Player 1: \\$'
21.4004 	EXP 	unnamed TextStim: text = 'Please indicate how many dollars you would like to give Player 1: \\$'
21.4169 	EXP 	unnamed TextStim: text = 'Please indicate how many dollars you would like to give Player 1: \\$'
21.4340 	EXP 	unnamed TextStim: text = 'Please indicate how many dollars you would like to give Player 1: \\$'
21.4507 	EXP 	unnamed TextStim: text = 'Please indicate how many dollars you would like to give Player 1: \\$'
21.4670 	EXP 	unnamed TextStim: text = 'Please indicate how many dollars you would like to give Player 1: \\$'
21.4839 	EXP 	unnamed TextStim: text = 'Please indicate how many dollars you would like to give Player 1: \\$'
21.5005 	EXP 	unnamed TextStim: text = 'Please indicate how many dollars you would like to give Player 1: \\$'
21.5172 	EXP 	unnamed TextStim: text = 'Please indicate how many dollars you would like to give Player 1: \\$'
21.5339 	EXP 	unnamed TextStim: text = 'Please indicate how many dollars you would like to give Player 1: \\$'
21.5503 	EXP 	unnamed TextStim: text = 'Please indicate how many dollars you would like to give Player 1: \\$'
21.5672 	EXP 	unnamed TextStim: text = 'Please indicate how many dollars you would like to give Player 1: \\$'
21.5839 	EXP 	unnamed TextStim: text = 'Please indicate how many dollars you would like to give Player 1: \\$'
21.6004 	EXP 	unnamed TextStim: text = 'Please indicate how many dollars you would like to give Player 1: \\$'
21.6180 	EXP 	unnamed TextStim: text = 'Please indicate how many dollars you would like to give Player 1: \\$'
21.6339 	EXP 	unnamed TextStim: text = 'Please indicate how many dollars you would like to give Player 1: \\$'
21.6507 	EXP 	unnamed TextStim: text = 'Please indicate how many dollars you would like to give Player 1: \\$'
21.6674 	EXP 	unnamed TextStim: text = 'Please indicate how many dollars you would like to give Player 1: \\$'
21.6723 	DATA 	Keypress: h
21.6841 	EXP 	unnamed TextStim: text = 'Please indicate how many dollars you would like to give Player 1: \\$'
21.7006 	EXP 	unnamed TextStim: text = 'Please indicate how many dollars you would like to give Player 1: \\$'
21.7172 	EXP 	unnamed TextStim: text = 'Please indicate how many dollars you would like to give Player 1: \\$'
21.7339 	EXP 	unnamed TextStim: text = 'Please indicate how many dollars you would like to give Player 1: \\$'
21.7506 	EXP 	unnamed TextStim: text = 'Please indicate how many dollars you would like to give Player 1: \\$'
21.7672 	EXP 	unnamed TextStim: text = 'Please indicate how many dollars you would like to give Player 1: \\$'
21.7840 	EXP 	unnamed TextStim: text = 'Please indicate how many dollars you would like to give Player 1: \\$'
21.8006 	EXP 	unnamed TextStim: text = 'Please indicate how many dollars you would like to give Player 1: \\$'
21.8054 	DATA 	Keypress: g
21.8174 	EXP 	unnamed TextStim: text = 'Please indicate how many dollars you would like to give Player 1: \\$'
21.8341 	EXP 	unnamed TextStim: text = 'Please indicate how many dollars you would like to give Player 1: \\$'
21.8509 	EXP 	unnamed TextStim: text = 'Please indicate how many dollars you would like to give Player 1: \\$'
21.8675 	EXP 	unnamed TextStim: text = 'Please indicate how many dollars you would like to give Player 1: \\$'
21.8840 	EXP 	unnamed TextStim: text = 'Please indicate how many dollars you would like to give Player 1: \\$'
21.9012 	EXP 	unnamed TextStim: text = 'Please indicate how many dollars you would like to give Player 1: \\$'
21.9175 	EXP 	unnamed TextStim: text = 'Please indicate how many dollars you would like to give Player 1: \\$'
21.9339 	EXP 	unnamed TextStim: text = 'Please indicate how many dollars you would like to give Player 1: \\$'
21.9507 	EXP 	unnamed TextStim: text = 'Please indicate how many dollars you would like to give Player 1: \\$'
21.9674 	EXP 	unnamed TextStim: text = 'Please indicate how many dollars you would like to give Player 1: \\$'
21.9840 	EXP 	unnamed TextStim: text = 'Please indicate how many dollars you would like to give Player 1: \\$'
22.0009 	EXP 	unnamed TextStim: text = 'Please indicate how many dollars you would like to give Player 1: \\$'
22.0058 	DATA 	Keypress: s
22.0174 	EXP 	unnamed TextStim: text = 'Please indicate how many dollars you would like to give Player 1: \\$'
22.0344 	EXP 	unnamed TextStim: text = 'Please indicate how many dollars you would like to give Player 1: \\$'
22.0392 	DATA 	Keypress: h
22.0510 	EXP 	unnamed TextStim: text = 'Please indicate how many dollars you would like to give Player 1: \\$'
22.0555 	DATA 	Keypress: d
22.0674 	EXP 	unnamed TextStim: text = 'Please indicate how many dollars you would like to give Player 1: \\$'
22.0842 	EXP 	unnamed TextStim: text = 'Please indicate how many dollars you would like to give Player 1: \\$'
22.1007 	EXP 	unnamed TextStim: text = 'Please indicate how many dollars you would like to give Player 1: \\$'
22.1175 	EXP 	unnamed TextStim: text = 'Please indicate how many dollars you would like to give Player 1: \\$'
22.1347 	EXP 	unnamed TextStim: text = 'Please indicate how many dollars you would like to give Player 1: \\$'
22.1509 	EXP 	unnamed TextStim: text = 'Please indicate how many dollars you would like to give Player 1: \\$'
22.1675 	EXP 	unnamed TextStim: text = 'Please indicate how many dollars you would like to give Player 1: \\$'
22.1842 	EXP 	unnamed TextStim: text = 'Please indicate how many dollars you would like to give Player 1: \\$'
22.2012 	EXP 	unnamed TextStim: text = 'Please indicate how many dollars you would like to give Player 1: \\$'
22.2176 	EXP 	unnamed TextStim: text = 'Please indicate how many dollars you would like to give Player 1: \\$'
22.2220 	DATA 	Keypress: c
22.2343 	EXP 	unnamed TextStim: text = 'Please indicate how many dollars you would like to give Player 1: \\$'
22.2514 	EXP 	unnamed TextStim: text = 'Please indicate how many dollars you would like to give Player 1: \\$'
22.2677 	EXP 	unnamed TextStim: text = 'Please indicate how many dollars you would like to give Player 1: \\$'
22.2842 	EXP 	unnamed TextStim: text = 'Please indicate how many dollars you would like to give Player 1: \\$'
22.3012 	EXP 	unnamed TextStim: text = 'Please indicate how many dollars you would like to give Player 1: \\$'
22.3178 	EXP 	unnamed TextStim: text = 'Please indicate how many dollars you would like to give Player 1: \\$'
22.3219 	DATA 	Keypress: h
22.3344 	EXP 	unnamed TextStim: text = 'Please indicate how many dollars you would like to give Player 1: \\$'
22.3512 	EXP 	unnamed TextStim: text = 'Please indicate how many dollars you would like to give Player 1: \\$'
22.3678 	EXP 	unnamed TextStim: text = 'Please indicate how many dollars you would like to give Player 1: \\$'
22.3843 	EXP 	unnamed TextStim: text = 'Please indicate how many dollars you would like to give Player 1: \\$'
22.4011 	EXP 	unnamed TextStim: text = 'Please indicate how many dollars you would like to give Player 1: \\$'
22.4181 	EXP 	unnamed TextStim: text = 'Please indicate how many dollars you would like to give Player 1: \\$'
22.4225 	DATA 	Keypress: f
22.4346 	EXP 	unnamed TextStim: text = 'Please indicate how many dollars you would like to give Player 1: \\$'
22.4516 	EXP 	unnamed TextStim: text = 'Please indicate how many dollars you would like to give Player 1: \\$'
22.4681 	EXP 	unnamed TextStim: text = 'Please indicate how many dollars you would like to give Player 1: \\$'
22.4846 	EXP 	unnamed TextStim: text = 'Please indicate how many dollars you would like to give Player 1: \\$'
22.5012 	EXP 	unnamed TextStim: text = 'Please indicate how many dollars you would like to give Player 1: \\$'
22.5179 	EXP 	unnamed TextStim: text = 'Please indicate how many dollars you would like to give Player 1: \\$'
22.5346 	EXP 	unnamed TextStim: text = 'Please indicate how many dollars you would like to give Player 1: \\$'
22.5511 	EXP 	unnamed TextStim: text = 'Please indicate how many dollars you would like to give Player 1: \\$'
22.5555 	DATA 	Keypress: k
22.5678 	EXP 	unnamed TextStim: text = 'Please indicate how many dollars you would like to give Player 1: \\$'
22.5848 	EXP 	unnamed TextStim: text = 'Please indicate how many dollars you would like to give Player 1: \\$'
22.6011 	EXP 	unnamed TextStim: text = 'Please indicate how many dollars you would like to give Player 1: \\$'
22.6180 	EXP 	unnamed TextStim: text = 'Please indicate how many dollars you would like to give Player 1: \\$'
22.6346 	EXP 	unnamed TextStim: text = 'Please indicate how many dollars you would like to give Player 1: \\$'
22.6512 	EXP 	unnamed TextStim: text = 'Please indicate how many dollars you would like to give Player 1: \\$'
22.6556 	DATA 	Keypress: v
22.6558 	DATA 	Keypress: b
22.6679 	EXP 	unnamed TextStim: text = 'Please indicate how many dollars you would like to give Player 1: \\$'
22.6845 	EXP 	unnamed TextStim: text = 'Please indicate how many dollars you would like to give Player 1: \\$'
22.7013 	EXP 	unnamed TextStim: text = 'Please indicate how many dollars you would like to give Player 1: \\$'
22.7181 	EXP 	unnamed TextStim: text = 'Please indicate how many dollars you would like to give Player 1: \\$'
22.7350 	EXP 	unnamed TextStim: text = 'Please indicate how many dollars you would like to give Player 1: \\$'
22.7516 	EXP 	unnamed TextStim: text = 'Please indicate how many dollars you would like to give Player 1: \\$'
22.7683 	EXP 	unnamed TextStim: text = 'Please indicate how many dollars you would like to give Player 1: \\$'
22.7848 	EXP 	unnamed TextStim: text = 'Please indicate how many dollars you would like to give Player 1: \\$'
22.8017 	EXP 	unnamed TextStim: text = 'Please indicate how many dollars you would like to give Player 1: \\$'
22.8064 	DATA 	Keypress: h
22.8183 	EXP 	unnamed TextStim: text = 'Please indicate how many dollars you would like to give Player 1: \\$'
22.8352 	EXP 	unnamed TextStim: text = 'Please indicate how many dollars you would like to give Player 1: \\$'
22.8397 	DATA 	Keypress: j
22.8516 	EXP 	unnamed TextStim: text = 'Please indicate how many dollars you would like to give Player 1: \\$'
22.8685 	EXP 	unnamed TextStim: text = 'Please indicate how many dollars you would like to give Player 1: \\$'
22.8731 	DATA 	Keypress: b
22.8851 	EXP 	unnamed TextStim: text = 'Please indicate how many dollars you would like to give Player 1: \\$'
22.9017 	EXP 	unnamed TextStim: text = 'Please indicate how many dollars you would like to give Player 1: \\$'
22.9182 	EXP 	unnamed TextStim: text = 'Please indicate how many dollars you would like to give Player 1: \\$'
22.9349 	EXP 	unnamed TextStim: text = 'Please indicate how many dollars you would like to give Player 1: \\$'
22.9515 	EXP 	unnamed TextStim: text = 'Please indicate how many dollars you would like to give Player 1: \\$'
22.9560 	DATA 	Keypress: e
22.9681 	EXP 	unnamed TextStim: text = 'Please indicate how many dollars you would like to give Player 1: \\$'
22.9850 	EXP 	unnamed TextStim: text = 'Please indicate how many dollars you would like to give Player 1: \\$'
23.0017 	EXP 	unnamed TextStim: text = 'Please indicate how many dollars you would like to give Player 1: \\$'
23.0183 	EXP 	unnamed TextStim: text = 'Please indicate how many dollars you would like to give Player 1: \\$'
23.0350 	EXP 	unnamed TextStim: text = 'Please indicate how many dollars you would like to give Player 1: \\$'
23.0517 	EXP 	unnamed TextStim: text = 'Please indicate how many dollars you would like to give Player 1: \\$'
23.0682 	EXP 	unnamed TextStim: text = 'Please indicate how many dollars you would like to give Player 1: \\$'
23.0850 	EXP 	unnamed TextStim: text = 'Please indicate how many dollars you would like to give Player 1: \\$'
23.1016 	EXP 	unnamed TextStim: text = 'Please indicate how many dollars you would like to give Player 1: \\$'
23.1183 	EXP 	unnamed TextStim: text = 'Please indicate how many dollars you would like to give Player 1: \\$'
23.1351 	EXP 	unnamed TextStim: text = 'Please indicate how many dollars you would like to give Player 1: \\$'
23.1518 	EXP 	unnamed TextStim: text = 'Please indicate how many dollars you would like to give Player 1: \\$'
23.1685 	EXP 	unnamed TextStim: text = 'Please indicate how many dollars you would like to give Player 1: \\$'
23.1849 	EXP 	unnamed TextStim: text = 'Please indicate how many dollars you would like to give Player 1: \\$'
23.2017 	EXP 	unnamed TextStim: text = 'Please indicate how many dollars you would like to give Player 1: \\$'
23.2185 	EXP 	unnamed TextStim: text = 'Please indicate how many dollars you would like to give Player 1: \\$'
23.2353 	EXP 	unnamed TextStim: text = 'Please indicate how many dollars you would like to give Player 1: \\$'
23.2519 	EXP 	unnamed TextStim: text = 'Please indicate how many dollars you would like to give Player 1: \\$'
23.2687 	EXP 	unnamed TextStim: text = 'Please indicate how many dollars you would like to give Player 1: \\$'
23.2853 	EXP 	unnamed TextStim: text = 'Please indicate how many dollars you would like to give Player 1: \\$'
23.3020 	EXP 	unnamed TextStim: text = 'Please indicate how many dollars you would like to give Player 1: \\$'
23.3187 	EXP 	unnamed TextStim: text = 'Please indicate how many dollars you would like to give Player 1: \\$'
23.3352 	EXP 	unnamed TextStim: text = 'Please indicate how many dollars you would like to give Player 1: \\$'
23.3521 	EXP 	unnamed TextStim: text = 'Please indicate how many dollars you would like to give Player 1: \\$'
23.3686 	EXP 	unnamed TextStim: text = 'Please indicate how many dollars you would like to give Player 1: \\$'
23.3727 	DATA 	Keypress: num_5
23.3854 	EXP 	unnamed TextStim: text = 'Please indicate how many dollars you would like to give Player 1: \\$'
23.4020 	EXP 	unnamed TextStim: text = 'Please indicate how many dollars you would like to give Player 1: \\$'
23.4187 	EXP 	unnamed TextStim: text = 'Please indicate how many dollars you would like to give Player 1: \\$'
23.4354 	EXP 	unnamed TextStim: text = 'Please indicate how many dollars you would like to give Player 1: \\$'
23.4523 	EXP 	unnamed TextStim: text = 'Please indicate how many dollars you would like to give Player 1: \\$'
23.4688 	EXP 	unnamed TextStim: text = 'Please indicate how many dollars you would like to give Player 1: \\$'
23.4854 	EXP 	unnamed TextStim: text = 'Please indicate how many dollars you would like to give Player 1: \\$'
23.5021 	EXP 	unnamed TextStim: text = 'Please indicate how many dollars you would like to give Player 1: \\$'
23.5064 	DATA 	Keypress: num_4
23.5188 	EXP 	unnamed TextStim: text = 'Please indicate how many dollars you would like to give Player 1: \\$'
23.5353 	EXP 	unnamed TextStim: text = 'Please indicate how many dollars you would like to give Player 1: \\$'
23.5521 	EXP 	unnamed TextStim: text = 'Please indicate how many dollars you would like to give Player 1: \\$'
23.5688 	EXP 	unnamed TextStim: text = 'Please indicate how many dollars you would like to give Player 1: \\$'
23.5853 	EXP 	unnamed TextStim: text = 'Please indicate how many dollars you would like to give Player 1: \\$'
23.6022 	EXP 	unnamed TextStim: text = 'Please indicate how many dollars you would like to give Player 1: \\$'
23.6188 	EXP 	unnamed TextStim: text = 'Please indicate how many dollars you would like to give Player 1: \\$'
23.6355 	EXP 	unnamed TextStim: text = 'Please indicate how many dollars you would like to give Player 1: \\$'
23.6521 	EXP 	unnamed TextStim: text = 'Please indicate how many dollars you would like to give Player 1: \\$'
23.6688 	EXP 	unnamed TextStim: text = 'Please indicate how many dollars you would like to give Player 1: \\$'
23.6854 	EXP 	unnamed TextStim: text = 'Please indicate how many dollars you would like to give Player 1: \\$'
23.7023 	EXP 	unnamed TextStim: text = 'Please indicate how many dollars you would like to give Player 1: \\$'
23.7188 	EXP 	unnamed TextStim: text = 'Please indicate how many dollars you would like to give Player 1: \\$'
23.7231 	DATA 	Keypress: num_5
23.7356 	EXP 	unnamed TextStim: text = 'Please indicate how many dollars you would like to give Player 1: \\$'
23.7521 	EXP 	unnamed TextStim: text = 'Please indicate how many dollars you would like to give Player 1: \\$'
23.7687 	EXP 	unnamed TextStim: text = 'Please indicate how many dollars you would like to give Player 1: \\$'
23.7734 	DATA 	Keypress: num_4
23.7856 	EXP 	unnamed TextStim: text = 'Please indicate how many dollars you would like to give Player 1: \\$'
23.8021 	EXP 	unnamed TextStim: text = 'Please indicate how many dollars you would like to give Player 1: \\$'
23.8191 	EXP 	unnamed TextStim: text = 'Please indicate how many dollars you would like to give Player 1: \\$'
23.8357 	EXP 	unnamed TextStim: text = 'Please indicate how many dollars you would like to give Player 1: \\$'
23.8524 	EXP 	unnamed TextStim: text = 'Please indicate how many dollars you would like to give Player 1: \\$'
23.8692 	EXP 	unnamed TextStim: text = 'Please indicate how many dollars you would like to give Player 1: \\$'
23.8858 	EXP 	unnamed TextStim: text = 'Please indicate how many dollars you would like to give Player 1: \\$'
23.9027 	EXP 	unnamed TextStim: text = 'Please indicate how many dollars you would like to give Player 1: \\$'
23.9074 	DATA 	Keypress: num_5
23.9191 	EXP 	unnamed TextStim: text = 'Please indicate how many dollars you would like to give Player 1: \\$'
23.9358 	EXP 	unnamed TextStim: text = 'Please indicate how many dollars you would like to give Player 1: \\$'
23.9525 	EXP 	unnamed TextStim: text = 'Please indicate how many dollars you would like to give Player 1: \\$'
23.9691 	EXP 	unnamed TextStim: text = 'Please indicate how many dollars you would like to give Player 1: \\$'
23.9860 	EXP 	unnamed TextStim: text = 'Please indicate how many dollars you would like to give Player 1: \\$'
24.0026 	EXP 	unnamed TextStim: text = 'Please indicate how many dollars you would like to give Player 1: \\$'
24.0191 	EXP 	unnamed TextStim: text = 'Please indicate how many dollars you would like to give Player 1: \\$'
24.0359 	EXP 	unnamed TextStim: text = 'Please indicate how many dollars you would like to give Player 1: \\$'
24.0522 	EXP 	unnamed TextStim: text = 'Please indicate how many dollars you would like to give Player 1: \\$'
24.0691 	EXP 	unnamed TextStim: text = 'Please indicate how many dollars you would like to give Player 1: \\$'
24.0858 	EXP 	unnamed TextStim: text = 'Please indicate how many dollars you would like to give Player 1: \\$'
24.1023 	EXP 	unnamed TextStim: text = 'Please indicate how many dollars you would like to give Player 1: \\$'
24.1191 	EXP 	unnamed TextStim: text = 'Please indicate how many dollars you would like to give Player 1: \\$'
24.1360 	EXP 	unnamed TextStim: text = 'Please indicate how many dollars you would like to give Player 1: \\$'
24.1528 	EXP 	unnamed TextStim: text = 'Please indicate how many dollars you would like to give Player 1: \\$'
24.1692 	EXP 	unnamed TextStim: text = 'Please indicate how many dollars you would like to give Player 1: \\$'
24.1858 	EXP 	unnamed TextStim: text = 'Please indicate how many dollars you would like to give Player 1: \\$'
24.2026 	EXP 	unnamed TextStim: text = 'Please indicate how many dollars you would like to give Player 1: \\$'
24.2566 	DATA 	Keypress: return
24.2616 	EXP 	unnamed TextStim: text = 'Please indicate how many dollars you would like to give Player 1: \\$'
24.2616 	EXP 	sendInstructions: autoDraw = False
24.2616 	EXP 	Player1Name: autoDraw = False
24.2616 	EXP 	Player1Pic: autoDraw = False
24.2616 	EXP 	unnamed TextStim: text = 'Please indicate how many dollars you would like to give Player 1: \\$'
24.2616 	EXP 	Feedback: text = '"You gave Player 1 "\n\n"Player 1 received "\n\n"Player 1 chose to give you "'
24.2616 	EXP 	Feedback: autoDraw = True
26.1898 	DATA 	Keypress: escape
26.3081 	EXP 	window1: mouseVisible = True
