4.7170 	WARNING 	User requested fullscreen with size [1024  768], but screen is actually [1920, 1200]. Using actual size
5.6247 	EXP 	Created window1 = Window(allowGUI=False, allowStencil=False, args=UNKNOWN, autoLog=True, bitsMode=UNKNOWN, blendMode='avg', color=array([0., 0., 0.]), colorSpace='rgb', fullscr=<method-wrapper '__getattribute__' of attributeSetter object at 0x0000024C031628D0>, gamma=None, gammaErrorPolicy='raise', kwargs=UNKNOWN, lms=UNKNOWN, monitor=<psychopy.monitors.calibTools.Monitor object at 0x0000024C02FB80F0>, multiSample=False, name='window1', numSamples=2, pos=[0.0, 0.0], screen=0, size=array([1920, 1200]), stereo=False, units='height', useFBO=True, useRetina=False, viewOri=0.0, viewPos=None, viewScale=None, waitBlanking=True, winType='pyglet')
5.6248 	EXP 	window1: recordFrameIntervals = False
5.7910 	EXP 	window1: recordFrameIntervals = True
5.9742 	EXP 	window1: recordFrameIntervals = False
6.2073 	EXP 	Created Instructions = TextStim(__class__=<class 'psychopy.visual.text.TextStim'>, alignHoriz='center', alignVert='center', antialias=True, autoLog=True, bold=False, color='white', colorSpace='named', contrast=1.0, depth=0.0, flipHoriz=False, flipVert=False, font='Arial', fontFiles=[], height=0.045, italic=False, languageStyle='LTR', name='Instructions', opacity=1.0, ori=0, pos=array([0., 0.]), rgb=array([255., 255., 255.]), text=str(...), units='height', win=Window(...), wrapWidth=1.45)
6.2272 	EXP 	Created cueText = TextStim(__class__=<class 'psychopy.visual.text.TextStim'>, alignHoriz='center', alignVert='center', antialias=True, autoLog=True, bold=False, color='white', colorSpace='named', contrast=1.0, depth=0.0, flipHoriz=False, flipVert=False, font='Arial', fontFiles=[], height=0.1, italic=False, languageStyle='LTR', name='cueText', opacity=1.0, ori=0, pos=array([0., 0.]), rgb=array([255., 255., 255.]), text='default text', units='height', win=Window(...), wrapWidth=1)
6.2366 	EXP 	Created sendInstructions = TextStim(__class__=<class 'psychopy.visual.text.TextStim'>, alignHoriz='center', alignVert='center', antialias=True, autoLog=True, bold=False, color='white', colorSpace='named', contrast=1.0, depth=0.0, flipHoriz=False, flipVert=False, font='Arial', fontFiles=[], height=0.04, italic=False, languageStyle='LTR', name='sendInstructions', opacity=1.0, ori=0, pos=array([ 0.  , -0.11]), rgb=array([255., 255., 255.]), text='default text', units='height', win=Window(...), wrapWidth=1.4)
6.2477 	EXP 	Created Player1Name = TextStim(__class__=<class 'psychopy.visual.text.TextStim'>, alignHoriz='center', alignVert='center', antialias=True, autoLog=True, bold=False, color='white', colorSpace='named', contrast=1.0, depth=-1.0, flipHoriz=False, flipVert=False, font='Arial', fontFiles=[], height=0.06, italic=False, languageStyle='LTR', name='Player1Name', opacity=1.0, ori=0, pos=array([0. , 0.2]), rgb=array([255., 255., 255.]), text='default text', units='height', win=Window(...), wrapWidth=1)
6.2500 	EXP 	Created Player1Pic = ImageStim(__class__=<class 'psychopy.visual.image.ImageStim'>, autoLog=True, color=array([1., 1., 1.]), colorSpace='rgb', contrast=1.0, depth=-2.0, flipHoriz=False, flipVert=False, image='sin', interpolate=True, mask=None, maskParams=None, name='Player1Pic', opacity=1.0, ori=0.0, pos=array([0., 0.]), size=array([1., 1.]), texRes=128, units='height', win=Window(...))
6.2504 	EXP 	Created response = TextStim(__class__=<class 'psychopy.visual.text.TextStim'>, alignHoriz='center', alignVert='center', antialias=True, autoLog=True, bold=False, color='white', colorSpace='named', contrast=1.0, depth=-5.0, flipHoriz=False, flipVert=False, font='Arial', fontFiles=[], height=0.04, italic=False, languageStyle='LTR', name='response', opacity=1.0, ori=0, pos=array([ 0. , -0.2]), rgb=array([255., 255., 255.]), text='', units='height', win=Window(...), wrapWidth=1)
6.2546 	EXP 	Created Feedback = TextStim(__class__=<class 'psychopy.visual.text.TextStim'>, alignHoriz='center', alignVert='center', antialias=True, autoLog=True, bold=False, color='white', colorSpace='named', contrast=1.0, depth=0.0, flipHoriz=False, flipVert=False, font='Arial', fontFiles=[], height=0.1, italic=False, languageStyle='LTR', name='Feedback', opacity=1.0, ori=0, pos=array([0., 0.]), rgb=array([255., 255., 255.]), text='default text', units='height', win=Window(...), wrapWidth=1)
6.2591 	EXP 	Created sendInst2 = TextStim(__class__=<class 'psychopy.visual.text.TextStim'>, alignHoriz='center', alignVert='center', antialias=True, autoLog=True, bold=False, color='white', colorSpace='named', contrast=1.0, depth=0.0, flipHoriz=False, flipVert=False, font='Arial', fontFiles=[], height=0.045, italic=False, languageStyle='LTR', name='sendInst2', opacity=1.0, ori=0, pos=array([ 0.  , -0.15]), rgb=array([255., 255., 255.]), text='default text', units='height', win=Window(...), wrapWidth=1.4)
6.2623 	EXP 	Created Player2Name = TextStim(__class__=<class 'psychopy.visual.text.TextStim'>, alignHoriz='center', alignVert='center', antialias=True, autoLog=True, bold=False, color='white', colorSpace='named', contrast=1.0, depth=-1.0, flipHoriz=False, flipVert=False, font='Arial', fontFiles=[], height=0.06, italic=False, languageStyle='LTR', name='Player2Name', opacity=1.0, ori=0, pos=array([0. , 0.2]), rgb=array([255., 255., 255.]), text='default text', units='height', win=Window(...), wrapWidth=1)
6.2643 	EXP 	Created Player2Pic = ImageStim(__class__=<class 'psychopy.visual.image.ImageStim'>, autoLog=True, color=array([1., 1., 1.]), colorSpace='rgb', contrast=1.0, depth=-2.0, flipHoriz=False, flipVert=False, image='sin', interpolate=True, mask=None, maskParams=None, name='Player2Pic', opacity=1.0, ori=0.0, pos=array([0., 0.]), size=array([1., 1.]), texRes=128, units='height', win=Window(...))
6.2687 	EXP 	Created Feedback2 = TextStim(__class__=<class 'psychopy.visual.text.TextStim'>, alignHoriz='center', alignVert='center', antialias=True, autoLog=True, bold=False, color='white', colorSpace='named', contrast=1.0, depth=0.0, flipHoriz=False, flipVert=False, font='Arial', fontFiles=[], height=0.1, italic=False, languageStyle='LTR', name='Feedback2', opacity=1.0, ori=0, pos=array([0., 0.]), rgb=array([255., 255., 255.]), text='default text', units='height', win=Window(...), wrapWidth=1)
6.3002 	EXP 	Instructions: autoDraw = True
7.5383 	EXP 	Imported DictatorGame.xlsx as conditions, 10 conditions, 5 params
7.5385 	EXP 	Created sequence: random, trialTypes=10, nReps=2, seed=None
7.5387 	EXP 	New trial (rep=0, index=0): OrderedDict([('textTypePlayer1', 'Please indicate how many dollars you will give Player 1:   '), ('CueType', 'REACT'), ('textTypePlayer2', 'Please indicate how many dollars you will give Player 2:   '), ('Player1', None), ('Player2', None)])
7.5544 	DATA 	Keypress: space
7.5583 	EXP 	Instructions: autoDraw = False
7.5583 	EXP 	cueText: text = 'REACT'
7.5583 	EXP 	cueText: autoDraw = True
12.5134 	EXP 	Created sequence: sequential, trialTypes=1, nReps=1, seed=None
12.5135 	EXP 	New trial (rep=0, index=0): None
12.5997 	EXP 	cueText: autoDraw = False
12.5997 	EXP 	sendInstructions: text = 'You have been given $5 to use. You have the opportunity to send money to Player 1. You may give them all or none of the money, or any amount in between, using increments of $1. Therefore you can choose to give them $0, $1, $2, $3, $4, or $5.\nThe amount of money you send to them will be tripled, and Player 1 will then have the opportunity to give some money amount back to you. \n\nPlease indicate how many dollars you would like to give Player 1 : '
12.5997 	EXP 	Player1Name: text = 'Player 1'
12.5997 	EXP 	Player1Pic: pos = array([0.  , 0.36])
12.5997 	EXP 	Player1Pic: size = array([0.2, 0.2])
12.5997 	EXP 	Player1Pic: image = '1patterns.png'
12.5997 	EXP 	sendInstructions: autoDraw = True
12.5997 	EXP 	Player1Name: autoDraw = True
12.5997 	EXP 	Player1Pic: autoDraw = True
12.5997 	EXP 	response: autoDraw = True
12.5997 	EXP 	response: text = ''
12.6267 	EXP 	response: text = ''
12.6460 	EXP 	response: text = ''
12.6627 	EXP 	response: text = ''
12.6794 	EXP 	response: text = ''
12.6960 	EXP 	response: text = ''
12.7125 	EXP 	response: text = ''
12.7298 	EXP 	response: text = ''
12.7467 	EXP 	response: text = ''
12.7629 	EXP 	response: text = ''
12.7798 	EXP 	response: text = ''
12.7963 	EXP 	response: text = ''
12.8129 	EXP 	response: text = ''
12.8295 	EXP 	response: text = ''
12.8463 	EXP 	response: text = ''
12.8629 	EXP 	response: text = ''
12.8796 	EXP 	response: text = ''
12.8964 	EXP 	response: text = ''
12.9132 	EXP 	response: text = ''
12.9301 	EXP 	response: text = ''
12.9475 	EXP 	response: text = ''
12.9630 	EXP 	response: text = ''
12.9800 	EXP 	response: text = ''
12.9965 	EXP 	response: text = ''
13.0130 	EXP 	response: text = ''
13.0299 	EXP 	response: text = ''
13.0463 	EXP 	response: text = ''
13.0631 	EXP 	response: text = ''
13.0798 	EXP 	response: text = ''
13.0966 	EXP 	response: text = ''
13.1131 	EXP 	response: text = ''
13.1299 	EXP 	response: text = ''
13.1465 	EXP 	response: text = ''
13.1634 	EXP 	response: text = ''
13.1800 	EXP 	response: text = ''
13.1965 	EXP 	response: text = ''
13.2134 	EXP 	response: text = ''
13.2300 	EXP 	response: text = ''
13.2468 	EXP 	response: text = ''
13.2632 	EXP 	response: text = ''
13.2801 	EXP 	response: text = ''
13.2965 	EXP 	response: text = ''
13.3133 	EXP 	response: text = ''
13.3298 	EXP 	response: text = ''
13.3466 	EXP 	response: text = ''
13.3632 	EXP 	response: text = ''
13.3800 	EXP 	response: text = ''
13.3968 	EXP 	response: text = ''
13.4135 	EXP 	response: text = ''
13.4299 	EXP 	response: text = ''
13.4469 	EXP 	response: text = ''
13.4635 	EXP 	response: text = ''
13.4802 	EXP 	response: text = ''
13.4969 	EXP 	response: text = ''
13.5136 	EXP 	response: text = ''
13.5302 	EXP 	response: text = ''
13.5467 	EXP 	response: text = ''
13.5635 	EXP 	response: text = ''
13.5803 	EXP 	response: text = ''
13.5969 	EXP 	response: text = ''
13.6136 	EXP 	response: text = ''
13.6301 	EXP 	response: text = ''
13.6470 	EXP 	response: text = ''
13.6639 	EXP 	response: text = ''
13.6804 	EXP 	response: text = ''
13.6971 	EXP 	response: text = ''
13.7137 	EXP 	response: text = ''
13.7305 	EXP 	response: text = ''
13.7474 	EXP 	response: text = ''
13.7637 	EXP 	response: text = ''
13.7805 	EXP 	response: text = ''
13.7970 	EXP 	response: text = ''
13.8139 	EXP 	response: text = ''
13.8305 	EXP 	response: text = ''
13.8469 	EXP 	response: text = ''
13.8636 	EXP 	response: text = ''
13.8806 	EXP 	response: text = ''
13.8974 	EXP 	response: text = ''
13.9140 	EXP 	response: text = ''
13.9305 	EXP 	response: text = ''
13.9471 	EXP 	response: text = ''
13.9639 	EXP 	response: text = ''
13.9804 	EXP 	response: text = ''
13.9974 	EXP 	response: text = ''
14.0138 	EXP 	response: text = ''
14.0307 	EXP 	response: text = ''
14.0474 	EXP 	response: text = ''
14.0640 	EXP 	response: text = ''
14.0808 	EXP 	response: text = ''
14.0974 	EXP 	response: text = ''
14.1141 	EXP 	response: text = ''
14.1309 	EXP 	response: text = ''
14.1475 	EXP 	response: text = ''
14.1640 	EXP 	response: text = ''
14.1808 	EXP 	response: text = ''
14.1972 	EXP 	response: text = ''
14.2140 	EXP 	response: text = ''
14.2308 	EXP 	response: text = ''
14.2476 	EXP 	response: text = ''
14.2641 	EXP 	response: text = ''
14.2809 	EXP 	response: text = ''
14.2974 	EXP 	response: text = ''
14.3142 	EXP 	response: text = ''
14.3310 	EXP 	response: text = ''
14.3476 	EXP 	response: text = ''
14.3641 	EXP 	response: text = ''
14.3808 	EXP 	response: text = ''
14.3975 	EXP 	response: text = ''
14.4143 	EXP 	response: text = ''
14.4308 	EXP 	response: text = ''
14.4476 	EXP 	response: text = ''
14.4642 	EXP 	response: text = ''
14.4809 	EXP 	response: text = ''
14.4975 	EXP 	response: text = ''
14.5144 	EXP 	response: text = ''
14.5309 	EXP 	response: text = ''
14.5477 	EXP 	response: text = ''
14.5647 	EXP 	response: text = ''
14.5812 	EXP 	response: text = ''
14.5979 	EXP 	response: text = ''
14.6146 	EXP 	response: text = ''
14.6312 	EXP 	response: text = ''
14.6478 	EXP 	response: text = ''
14.6644 	EXP 	response: text = ''
14.6811 	EXP 	response: text = ''
14.6978 	EXP 	response: text = ''
14.7146 	EXP 	response: text = ''
14.7313 	EXP 	response: text = ''
14.7482 	EXP 	response: text = ''
14.7644 	EXP 	response: text = ''
14.7813 	EXP 	response: text = ''
14.7978 	EXP 	response: text = ''
14.8144 	EXP 	response: text = ''
14.8314 	EXP 	response: text = ''
14.8480 	EXP 	response: text = ''
14.8649 	EXP 	response: text = ''
14.8813 	EXP 	response: text = ''
14.8981 	EXP 	response: text = ''
14.9148 	EXP 	response: text = ''
14.9314 	EXP 	response: text = ''
14.9479 	EXP 	response: text = ''
14.9647 	EXP 	response: text = ''
14.9814 	EXP 	response: text = ''
14.9981 	EXP 	response: text = ''
15.0033 	DATA 	Keypress: 2
15.0147 	EXP 	response: text = ''
15.0315 	EXP 	response: text = ''
15.0481 	EXP 	response: text = ''
15.0646 	EXP 	response: text = ''
15.0815 	EXP 	response: text = ''
15.0980 	EXP 	response: text = ''
15.1149 	EXP 	response: text = ''
15.1315 	EXP 	response: text = ''
15.1481 	EXP 	response: text = ''
15.1651 	EXP 	response: text = ''
15.1816 	EXP 	response: text = ''
15.1982 	EXP 	response: text = ''
15.2151 	EXP 	response: text = ''
15.2318 	EXP 	response: text = ''
15.2489 	EXP 	response: text = ''
15.2650 	EXP 	response: text = ''
15.2816 	EXP 	response: text = ''
15.2983 	EXP 	response: text = ''
15.3151 	EXP 	response: text = ''
15.3316 	EXP 	response: text = ''
15.3484 	EXP 	response: text = ''
15.3652 	EXP 	response: text = ''
15.3819 	EXP 	response: text = ''
15.3984 	EXP 	response: text = ''
15.4151 	EXP 	response: text = ''
15.4318 	EXP 	response: text = ''
15.4487 	EXP 	response: text = ''
15.4652 	EXP 	response: text = ''
15.4820 	EXP 	response: text = ''
15.4985 	EXP 	response: text = ''
15.5154 	EXP 	response: text = ''
15.5320 	EXP 	response: text = ''
15.5487 	EXP 	response: text = ''
15.5652 	EXP 	response: text = ''
15.5824 	EXP 	response: text = ''
15.5988 	EXP 	response: text = ''
15.6154 	EXP 	response: text = ''
15.6322 	EXP 	response: text = ''
15.6497 	EXP 	response: text = ''
15.6651 	EXP 	response: text = ''
15.6818 	EXP 	response: text = ''
15.6986 	EXP 	response: text = ''
15.7154 	EXP 	response: text = ''
15.7321 	EXP 	response: text = ''
15.7491 	EXP 	response: text = ''
15.7653 	EXP 	response: text = ''
15.7820 	EXP 	response: text = ''
15.7985 	EXP 	response: text = ''
15.8154 	EXP 	response: text = ''
15.8320 	EXP 	response: text = ''
15.8488 	EXP 	response: text = ''
15.8654 	EXP 	response: text = ''
15.8821 	EXP 	response: text = ''
15.8988 	EXP 	response: text = ''
15.9156 	EXP 	response: text = ''
15.9322 	EXP 	response: text = ''
15.9487 	EXP 	response: text = ''
15.9656 	EXP 	response: text = ''
15.9821 	EXP 	response: text = ''
15.9989 	EXP 	response: text = ''
16.0155 	EXP 	response: text = ''
16.0320 	EXP 	response: text = ''
16.0489 	EXP 	response: text = ''
16.0659 	EXP 	response: text = ''
16.0826 	EXP 	response: text = ''
16.0989 	EXP 	response: text = ''
16.1160 	EXP 	response: text = ''
16.1325 	EXP 	response: text = ''
16.1493 	EXP 	response: text = ''
16.1660 	EXP 	response: text = ''
16.1825 	EXP 	response: text = ''
16.1992 	EXP 	response: text = ''
16.2158 	EXP 	response: text = ''
16.2327 	EXP 	response: text = ''
16.2493 	EXP 	response: text = ''
16.2658 	EXP 	response: text = ''
16.2825 	EXP 	response: text = ''
16.2990 	EXP 	response: text = ''
16.3159 	EXP 	response: text = ''
16.3326 	EXP 	response: text = ''
16.3492 	EXP 	response: text = ''
16.3660 	EXP 	response: text = ''
16.3825 	EXP 	response: text = ''
16.3991 	EXP 	response: text = ''
16.4158 	EXP 	response: text = ''
16.4327 	EXP 	response: text = ''
16.4493 	EXP 	response: text = ''
16.4659 	EXP 	response: text = ''
16.4826 	EXP 	response: text = ''
16.4992 	EXP 	response: text = ''
16.5160 	EXP 	response: text = ''
16.5326 	EXP 	response: text = ''
16.5493 	EXP 	response: text = ''
16.5662 	EXP 	response: text = ''
16.5828 	EXP 	response: text = ''
16.5996 	EXP 	response: text = ''
16.6161 	EXP 	response: text = ''
16.6327 	EXP 	response: text = ''
16.6500 	EXP 	response: text = ''
16.6661 	EXP 	response: text = ''
16.6828 	EXP 	response: text = ''
16.6995 	EXP 	response: text = ''
16.7159 	EXP 	response: text = ''
16.7329 	EXP 	response: text = ''
16.7498 	EXP 	response: text = ''
16.7665 	EXP 	response: text = ''
16.7829 	EXP 	response: text = ''
16.7997 	EXP 	response: text = ''
16.8162 	EXP 	response: text = ''
16.8330 	EXP 	response: text = ''
16.8494 	EXP 	response: text = ''
16.8663 	EXP 	response: text = ''
16.8830 	EXP 	response: text = ''
16.8997 	EXP 	response: text = ''
16.9164 	EXP 	response: text = ''
16.9330 	EXP 	response: text = ''
16.9495 	EXP 	response: text = ''
16.9663 	EXP 	response: text = ''
16.9828 	EXP 	response: text = ''
16.9998 	EXP 	response: text = ''
17.0164 	EXP 	response: text = ''
17.0331 	EXP 	response: text = ''
17.0497 	EXP 	response: text = ''
17.0664 	EXP 	response: text = ''
17.0831 	EXP 	response: text = ''
17.0998 	EXP 	response: text = ''
17.1166 	EXP 	response: text = ''
17.1332 	EXP 	response: text = ''
17.1498 	EXP 	response: text = ''
17.1669 	EXP 	response: text = ''
17.1836 	EXP 	response: text = ''
17.2002 	EXP 	response: text = ''
17.2168 	EXP 	response: text = ''
17.2336 	EXP 	response: text = ''
17.2503 	EXP 	response: text = ''
17.2666 	EXP 	response: text = ''
17.2832 	EXP 	response: text = ''
17.2998 	EXP 	response: text = ''
17.3165 	EXP 	response: text = ''
17.3332 	EXP 	response: text = ''
17.3500 	EXP 	response: text = ''
17.3668 	EXP 	response: text = ''
17.3832 	EXP 	response: text = ''
17.4002 	EXP 	response: text = ''
17.4167 	EXP 	response: text = ''
17.4334 	EXP 	response: text = ''
17.4501 	EXP 	response: text = ''
17.4669 	EXP 	response: text = ''
17.4833 	EXP 	response: text = ''
17.5004 	EXP 	response: text = ''
17.5170 	EXP 	response: text = ''
17.5333 	EXP 	response: text = ''
17.5504 	EXP 	response: text = ''
17.5667 	EXP 	response: text = ''
17.5835 	EXP 	response: text = ''
17.6006 	EXP 	response: text = ''
17.6169 	EXP 	response: text = ''
17.6336 	EXP 	response: text = ''
17.6500 	EXP 	response: text = ''
17.6669 	EXP 	response: text = ''
17.6834 	EXP 	response: text = ''
17.7003 	EXP 	response: text = ''
17.7169 	EXP 	response: text = ''
17.7335 	EXP 	response: text = ''
17.7505 	EXP 	response: text = ''
17.7671 	EXP 	response: text = ''
17.7836 	EXP 	response: text = ''
17.8005 	EXP 	response: text = ''
17.8171 	EXP 	response: text = ''
17.8338 	EXP 	response: text = ''
17.8509 	EXP 	response: text = ''
17.8671 	EXP 	response: text = ''
17.8838 	EXP 	response: text = ''
17.9004 	EXP 	response: text = ''
17.9173 	EXP 	response: text = ''
17.9337 	EXP 	response: text = ''
17.9506 	EXP 	response: text = ''
17.9672 	EXP 	response: text = ''
17.9837 	EXP 	response: text = ''
18.0008 	EXP 	response: text = ''
18.0173 	EXP 	response: text = ''
18.0338 	EXP 	response: text = ''
18.0508 	EXP 	response: text = ''
18.0673 	EXP 	response: text = ''
18.0840 	EXP 	response: text = ''
18.1008 	EXP 	response: text = ''
18.1177 	EXP 	response: text = ''
18.1341 	EXP 	response: text = ''
18.1508 	EXP 	response: text = ''
18.1675 	EXP 	response: text = ''
18.1842 	EXP 	response: text = ''
18.2009 	EXP 	response: text = ''
18.2176 	EXP 	response: text = ''
18.2344 	EXP 	response: text = ''
18.2511 	EXP 	response: text = ''
18.2673 	EXP 	response: text = ''
18.2841 	EXP 	response: text = ''
18.3009 	EXP 	response: text = ''
18.3175 	EXP 	response: text = ''
18.3342 	EXP 	response: text = ''
18.3508 	EXP 	response: text = ''
18.3676 	EXP 	response: text = ''
18.3846 	EXP 	response: text = ''
18.4010 	EXP 	response: text = ''
18.4177 	EXP 	response: text = ''
18.4346 	EXP 	response: text = ''
18.4512 	EXP 	response: text = ''
18.4677 	EXP 	response: text = ''
18.4844 	EXP 	response: text = ''
18.5010 	EXP 	response: text = ''
18.5176 	EXP 	response: text = ''
18.5341 	EXP 	response: text = ''
18.5511 	EXP 	response: text = ''
18.5679 	EXP 	response: text = ''
18.5845 	EXP 	response: text = ''
18.6014 	EXP 	response: text = ''
18.6179 	EXP 	response: text = ''
18.6346 	EXP 	response: text = ''
18.6513 	EXP 	response: text = ''
18.6681 	EXP 	response: text = ''
18.6850 	EXP 	response: text = ''
18.7014 	EXP 	response: text = ''
18.7180 	EXP 	response: text = ''
18.7352 	EXP 	response: text = ''
18.7515 	EXP 	response: text = ''
18.7677 	EXP 	response: text = ''
18.7846 	EXP 	response: text = ''
18.8011 	EXP 	response: text = ''
18.8177 	EXP 	response: text = ''
18.8346 	EXP 	response: text = ''
18.8513 	EXP 	response: text = ''
18.8680 	EXP 	response: text = ''
18.8845 	EXP 	response: text = ''
18.9013 	EXP 	response: text = ''
18.9178 	EXP 	response: text = ''
18.9348 	EXP 	response: text = ''
18.9514 	EXP 	response: text = ''
18.9681 	EXP 	response: text = ''
18.9848 	EXP 	response: text = ''
19.0016 	EXP 	response: text = ''
19.0181 	EXP 	response: text = ''
19.0348 	EXP 	response: text = ''
19.0513 	EXP 	response: text = ''
19.0680 	EXP 	response: text = ''
19.0849 	EXP 	response: text = ''
19.1013 	EXP 	response: text = ''
19.1182 	EXP 	response: text = ''
19.1347 	EXP 	response: text = ''
19.1515 	EXP 	response: text = ''
19.1684 	EXP 	response: text = ''
19.1850 	EXP 	response: text = ''
19.2018 	EXP 	response: text = ''
19.2183 	EXP 	response: text = ''
19.2349 	EXP 	response: text = ''
19.2520 	EXP 	response: text = ''
19.2682 	EXP 	response: text = ''
19.2850 	EXP 	response: text = ''
19.3017 	EXP 	response: text = ''
19.3182 	EXP 	response: text = ''
19.3350 	EXP 	response: text = ''
19.3516 	EXP 	response: text = ''
19.3685 	EXP 	response: text = ''
19.3852 	EXP 	response: text = ''
19.4018 	EXP 	response: text = ''
19.4185 	EXP 	response: text = ''
19.4352 	EXP 	response: text = ''
19.4519 	EXP 	response: text = ''
19.4686 	EXP 	response: text = ''
19.4854 	EXP 	response: text = ''
19.5019 	EXP 	response: text = ''
19.5188 	EXP 	response: text = ''
19.5353 	EXP 	response: text = ''
19.5520 	EXP 	response: text = ''
19.5687 	EXP 	response: text = ''
19.5853 	EXP 	response: text = ''
19.6020 	EXP 	response: text = ''
19.6186 	EXP 	response: text = ''
19.6353 	EXP 	response: text = ''
19.6519 	EXP 	response: text = ''
19.6688 	EXP 	response: text = ''
19.6858 	EXP 	response: text = ''
19.7020 	EXP 	response: text = ''
19.7188 	EXP 	response: text = ''
19.7360 	EXP 	response: text = ''
19.7525 	EXP 	response: text = ''
19.7689 	EXP 	response: text = ''
19.7853 	EXP 	response: text = ''
19.8021 	EXP 	response: text = ''
19.8188 	EXP 	response: text = ''
19.8355 	EXP 	response: text = ''
19.8519 	EXP 	response: text = ''
19.8689 	EXP 	response: text = ''
19.8855 	EXP 	response: text = ''
19.9022 	EXP 	response: text = ''
19.9186 	EXP 	response: text = ''
19.9356 	EXP 	response: text = ''
19.9522 	EXP 	response: text = ''
19.9689 	EXP 	response: text = ''
19.9857 	EXP 	response: text = ''
20.0023 	EXP 	response: text = ''
20.0190 	EXP 	response: text = ''
20.0357 	EXP 	response: text = ''
20.0523 	EXP 	response: text = ''
20.0688 	EXP 	response: text = ''
20.0855 	EXP 	response: text = ''
20.1021 	EXP 	response: text = ''
20.1190 	EXP 	response: text = ''
20.1357 	EXP 	response: text = ''
20.1525 	EXP 	response: text = ''
20.1691 	EXP 	response: text = ''
20.1861 	EXP 	response: text = ''
20.2025 	EXP 	response: text = ''
20.2193 	EXP 	response: text = ''
20.2361 	EXP 	response: text = ''
20.2529 	EXP 	response: text = ''
20.2693 	EXP 	response: text = ''
20.2858 	EXP 	response: text = ''
20.3025 	EXP 	response: text = ''
20.3192 	EXP 	response: text = ''
20.3359 	EXP 	response: text = ''
20.3523 	EXP 	response: text = ''
20.3693 	EXP 	response: text = ''
20.3860 	EXP 	response: text = ''
20.4025 	EXP 	response: text = ''
20.4193 	EXP 	response: text = ''
20.4359 	EXP 	response: text = ''
20.4526 	EXP 	response: text = ''
20.4693 	EXP 	response: text = ''
20.4858 	EXP 	response: text = ''
20.5027 	EXP 	response: text = ''
20.5196 	EXP 	response: text = ''
20.5361 	EXP 	response: text = ''
20.5529 	EXP 	response: text = ''
20.5693 	EXP 	response: text = ''
20.5860 	EXP 	response: text = ''
20.6027 	EXP 	response: text = ''
20.6192 	EXP 	response: text = ''
20.6360 	EXP 	response: text = ''
20.6529 	EXP 	response: text = ''
20.6696 	EXP 	response: text = ''
20.6862 	EXP 	response: text = ''
20.7030 	EXP 	response: text = ''
20.7199 	EXP 	response: text = ''
20.7369 	EXP 	response: text = ''
20.7527 	EXP 	response: text = ''
20.7698 	EXP 	response: text = ''
20.7860 	EXP 	response: text = ''
20.8029 	EXP 	response: text = ''
20.8196 	EXP 	response: text = ''
20.8364 	EXP 	response: text = ''
20.8529 	EXP 	response: text = ''
20.8696 	EXP 	response: text = ''
20.8862 	EXP 	response: text = ''
20.9030 	EXP 	response: text = ''
20.9198 	EXP 	response: text = ''
20.9363 	EXP 	response: text = ''
20.9530 	EXP 	response: text = ''
20.9696 	EXP 	response: text = ''
20.9865 	EXP 	response: text = ''
21.0031 	EXP 	response: text = ''
21.0197 	EXP 	response: text = ''
21.0364 	EXP 	response: text = ''
21.0531 	EXP 	response: text = ''
21.0698 	EXP 	response: text = ''
21.0863 	EXP 	response: text = ''
21.1030 	EXP 	response: text = ''
21.1197 	EXP 	response: text = ''
21.1363 	EXP 	response: text = ''
21.1533 	EXP 	response: text = ''
21.1698 	EXP 	response: text = ''
21.1866 	EXP 	response: text = ''
21.2032 	EXP 	response: text = ''
21.2199 	EXP 	response: text = ''
21.2371 	EXP 	response: text = ''
21.2532 	EXP 	response: text = ''
21.2701 	EXP 	response: text = ''
21.2865 	EXP 	response: text = ''
21.3033 	EXP 	response: text = ''
21.3200 	EXP 	response: text = ''
21.3366 	EXP 	response: text = ''
21.3536 	EXP 	response: text = ''
21.3701 	EXP 	response: text = ''
21.3870 	EXP 	response: text = ''
21.4044 	EXP 	response: text = ''
21.4201 	EXP 	response: text = ''
21.4369 	EXP 	response: text = ''
21.4535 	EXP 	response: text = ''
21.4700 	EXP 	response: text = ''
21.4869 	EXP 	response: text = ''
21.5036 	EXP 	response: text = ''
21.5203 	EXP 	response: text = ''
21.5367 	EXP 	response: text = ''
21.5536 	EXP 	response: text = ''
21.5703 	EXP 	response: text = ''
21.5869 	EXP 	response: text = ''
21.6039 	EXP 	response: text = ''
21.6203 	EXP 	response: text = ''
21.6371 	EXP 	response: text = ''
21.6537 	EXP 	response: text = ''
21.6704 	EXP 	response: text = ''
21.6871 	EXP 	response: text = ''
21.7039 	EXP 	response: text = ''
21.7211 	EXP 	response: text = ''
21.7376 	EXP 	response: text = ''
21.7539 	EXP 	response: text = ''
21.7707 	EXP 	response: text = ''
21.7871 	EXP 	response: text = ''
21.8038 	EXP 	response: text = ''
21.8206 	EXP 	response: text = ''
21.8371 	EXP 	response: text = ''
21.8538 	EXP 	response: text = ''
21.8704 	EXP 	response: text = ''
21.8871 	EXP 	response: text = ''
21.9039 	EXP 	response: text = ''
21.9208 	EXP 	response: text = ''
21.9373 	EXP 	response: text = ''
21.9541 	EXP 	response: text = ''
21.9707 	EXP 	response: text = ''
21.9875 	EXP 	response: text = ''
22.0039 	EXP 	response: text = ''
22.0207 	EXP 	response: text = ''
22.0375 	EXP 	response: text = ''
22.0540 	EXP 	response: text = ''
22.0707 	EXP 	response: text = ''
22.0873 	EXP 	response: text = ''
22.1038 	EXP 	response: text = ''
22.1205 	EXP 	response: text = ''
22.1374 	EXP 	response: text = ''
22.1541 	EXP 	response: text = ''
22.1709 	EXP 	response: text = ''
22.1875 	EXP 	response: text = ''
22.2038 	EXP 	response: text = ''
22.2208 	EXP 	response: text = ''
22.2376 	EXP 	response: text = ''
22.2539 	EXP 	response: text = ''
22.2707 	EXP 	response: text = ''
22.2873 	EXP 	response: text = ''
22.3042 	EXP 	response: text = ''
22.3208 	EXP 	response: text = ''
22.3374 	EXP 	response: text = ''
22.3541 	EXP 	response: text = ''
22.3709 	EXP 	response: text = ''
22.3875 	EXP 	response: text = ''
22.4041 	EXP 	response: text = ''
22.4209 	EXP 	response: text = ''
22.4376 	EXP 	response: text = ''
22.4543 	EXP 	response: text = ''
22.4709 	EXP 	response: text = ''
22.4877 	EXP 	response: text = ''
22.5043 	EXP 	response: text = ''
22.5212 	EXP 	response: text = ''
22.5375 	EXP 	response: text = ''
22.5541 	EXP 	response: text = ''
22.5711 	EXP 	response: text = ''
22.5878 	EXP 	response: text = ''
22.6043 	EXP 	response: text = ''
22.6210 	EXP 	response: text = ''
22.6376 	EXP 	response: text = ''
22.6547 	EXP 	response: text = ''
22.6712 	EXP 	response: text = ''
22.6878 	EXP 	response: text = ''
22.7048 	EXP 	response: text = ''
22.7214 	EXP 	response: text = ''
22.7382 	EXP 	response: text = ''
22.7546 	EXP 	response: text = ''
22.7711 	EXP 	response: text = ''
22.7877 	EXP 	response: text = ''
22.8045 	EXP 	response: text = ''
22.8212 	EXP 	response: text = ''
22.8380 	EXP 	response: text = ''
22.8547 	EXP 	response: text = ''
22.8711 	EXP 	response: text = ''
22.8878 	EXP 	response: text = ''
22.9045 	EXP 	response: text = ''
22.9214 	EXP 	response: text = ''
22.9380 	EXP 	response: text = ''
22.9548 	EXP 	response: text = ''
22.9713 	EXP 	response: text = ''
22.9880 	EXP 	response: text = ''
23.0046 	EXP 	response: text = ''
23.0214 	EXP 	response: text = ''
23.0381 	EXP 	response: text = ''
23.0548 	EXP 	response: text = ''
23.0715 	EXP 	response: text = ''
23.0881 	EXP 	response: text = ''
23.1050 	EXP 	response: text = ''
23.1216 	EXP 	response: text = ''
23.1381 	EXP 	response: text = ''
23.1549 	EXP 	response: text = ''
23.1716 	EXP 	response: text = ''
23.1881 	EXP 	response: text = ''
23.2048 	EXP 	response: text = ''
23.2215 	EXP 	response: text = ''
23.2382 	EXP 	response: text = ''
23.2552 	EXP 	response: text = ''
23.2716 	EXP 	response: text = ''
23.2882 	EXP 	response: text = ''
23.3048 	EXP 	response: text = ''
23.3215 	EXP 	response: text = ''
23.3383 	EXP 	response: text = ''
23.3551 	EXP 	response: text = ''
23.3718 	EXP 	response: text = ''
23.3886 	EXP 	response: text = ''
23.4054 	EXP 	response: text = ''
23.4218 	EXP 	response: text = ''
23.4386 	EXP 	response: text = ''
23.4552 	EXP 	response: text = ''
23.4718 	EXP 	response: text = ''
23.4884 	EXP 	response: text = ''
23.5052 	EXP 	response: text = ''
23.5230 	EXP 	response: text = ''
23.5386 	EXP 	response: text = ''
23.5551 	EXP 	response: text = ''
23.5719 	EXP 	response: text = ''
23.5886 	EXP 	response: text = ''
23.6052 	EXP 	response: text = ''
23.6217 	EXP 	response: text = ''
23.6386 	EXP 	response: text = ''
23.6552 	EXP 	response: text = ''
23.6721 	EXP 	response: text = ''
23.6887 	EXP 	response: text = ''
23.7054 	EXP 	response: text = ''
23.7220 	EXP 	response: text = ''
23.7388 	EXP 	response: text = ''
23.7556 	EXP 	response: text = ''
23.7719 	EXP 	response: text = ''
23.7887 	EXP 	response: text = ''
23.8055 	EXP 	response: text = ''
23.8219 	EXP 	response: text = ''
23.8388 	EXP 	response: text = ''
23.8554 	EXP 	response: text = ''
23.8720 	EXP 	response: text = ''
23.8888 	EXP 	response: text = ''
23.9056 	EXP 	response: text = ''
23.9221 	EXP 	response: text = ''
23.9391 	EXP 	response: text = ''
23.9556 	EXP 	response: text = ''
23.9721 	EXP 	response: text = ''
23.9889 	EXP 	response: text = ''
24.0056 	EXP 	response: text = ''
24.0220 	EXP 	response: text = ''
24.0388 	EXP 	response: text = ''
24.0555 	EXP 	response: text = ''
24.0722 	EXP 	response: text = ''
24.0889 	EXP 	response: text = ''
24.1056 	EXP 	response: text = ''
24.1220 	EXP 	response: text = ''
24.1391 	EXP 	response: text = ''
24.1556 	EXP 	response: text = ''
24.1725 	EXP 	response: text = ''
24.1892 	EXP 	response: text = ''
24.2058 	EXP 	response: text = ''
24.2225 	EXP 	response: text = ''
24.2390 	EXP 	response: text = ''
24.2559 	EXP 	response: text = ''
24.2726 	EXP 	response: text = ''
24.2891 	EXP 	response: text = ''
24.3059 	EXP 	response: text = ''
24.3225 	EXP 	response: text = ''
24.3419 	EXP 	response: text = ''
24.3562 	EXP 	response: text = ''
24.3725 	EXP 	response: text = ''
24.3891 	EXP 	response: text = ''
24.4057 	EXP 	response: text = ''
24.4223 	EXP 	response: text = ''
24.4391 	EXP 	response: text = ''
24.4561 	EXP 	response: text = ''
24.4728 	EXP 	response: text = ''
24.4894 	EXP 	response: text = ''
24.5060 	EXP 	response: text = ''
24.5228 	EXP 	response: text = ''
24.5395 	EXP 	response: text = ''
24.5561 	EXP 	response: text = ''
24.5728 	EXP 	response: text = ''
24.5894 	EXP 	response: text = ''
24.6061 	EXP 	response: text = ''
24.6228 	EXP 	response: text = ''
24.6396 	EXP 	response: text = ''
24.6563 	EXP 	response: text = ''
24.6731 	EXP 	response: text = ''
24.6895 	EXP 	response: text = ''
24.7062 	EXP 	response: text = ''
24.7230 	EXP 	response: text = ''
24.7394 	EXP 	response: text = ''
24.7560 	EXP 	response: text = ''
24.7729 	EXP 	response: text = ''
24.7894 	EXP 	response: text = ''
24.8062 	EXP 	response: text = ''
24.8229 	EXP 	response: text = ''
24.8395 	EXP 	response: text = ''
24.8573 	EXP 	response: text = ''
24.8740 	EXP 	response: text = ''
24.8906 	EXP 	response: text = ''
24.9073 	EXP 	response: text = ''
24.9241 	EXP 	response: text = ''
24.9403 	EXP 	response: text = ''
24.9562 	EXP 	response: text = ''
24.9730 	EXP 	response: text = ''
24.9895 	EXP 	response: text = ''
25.0066 	EXP 	response: text = ''
25.0231 	EXP 	response: text = ''
25.0401 	EXP 	response: text = ''
25.0565 	EXP 	response: text = ''
25.0733 	EXP 	response: text = ''
25.0901 	EXP 	response: text = ''
25.1072 	EXP 	response: text = ''
25.1239 	EXP 	response: text = ''
25.1413 	EXP 	response: text = ''
25.1575 	EXP 	response: text = ''
25.1745 	EXP 	response: text = ''
25.1913 	EXP 	response: text = ''
25.2076 	EXP 	response: text = ''
25.2245 	EXP 	response: text = ''
25.2399 	EXP 	response: text = ''
25.2578 	EXP 	response: text = ''
25.2741 	EXP 	response: text = ''
25.2905 	EXP 	response: text = ''
25.3073 	EXP 	response: text = ''
25.3242 	EXP 	response: text = ''
25.3417 	EXP 	response: text = ''
25.3574 	EXP 	response: text = ''
25.3741 	EXP 	response: text = ''
25.3899 	EXP 	response: text = ''
25.4066 	EXP 	response: text = ''
25.4235 	EXP 	response: text = ''
25.4400 	EXP 	response: text = ''
25.4566 	EXP 	response: text = ''
25.4733 	EXP 	response: text = ''
25.4898 	EXP 	response: text = ''
25.5067 	EXP 	response: text = ''
25.5235 	EXP 	response: text = ''
25.5400 	EXP 	response: text = ''
25.5570 	EXP 	response: text = ''
25.5736 	EXP 	response: text = ''
25.5904 	EXP 	response: text = ''
25.6069 	EXP 	response: text = ''
25.6238 	EXP 	response: text = ''
25.6402 	EXP 	response: text = ''
25.6571 	EXP 	response: text = ''
25.6737 	EXP 	response: text = ''
25.6903 	EXP 	response: text = ''
25.7071 	EXP 	response: text = ''
25.7238 	EXP 	response: text = ''
25.7405 	EXP 	response: text = ''
25.7574 	EXP 	response: text = ''
25.7740 	EXP 	response: text = ''
25.7904 	EXP 	response: text = ''
25.8071 	EXP 	response: text = ''
25.8238 	EXP 	response: text = ''
25.8405 	EXP 	response: text = ''
25.8583 	EXP 	response: text = ''
25.8738 	EXP 	response: text = ''
25.8906 	EXP 	response: text = ''
25.9072 	EXP 	response: text = ''
25.9239 	EXP 	response: text = ''
25.9410 	EXP 	response: text = ''
25.9570 	EXP 	response: text = ''
25.9737 	EXP 	response: text = ''
25.9905 	EXP 	response: text = ''
26.0073 	EXP 	response: text = ''
26.0239 	EXP 	response: text = ''
26.0405 	EXP 	response: text = ''
26.0574 	EXP 	response: text = ''
26.0740 	EXP 	response: text = ''
26.0911 	EXP 	response: text = ''
26.1075 	EXP 	response: text = ''
26.1242 	EXP 	response: text = ''
26.1407 	EXP 	response: text = ''
26.1575 	EXP 	response: text = ''
26.1743 	EXP 	response: text = ''
26.1909 	EXP 	response: text = ''
26.2075 	EXP 	response: text = ''
26.2241 	EXP 	response: text = ''
26.2410 	EXP 	response: text = ''
26.2575 	EXP 	response: text = ''
26.2745 	EXP 	response: text = ''
26.2909 	EXP 	response: text = ''
26.3076 	EXP 	response: text = ''
26.3243 	EXP 	response: text = ''
26.3413 	EXP 	response: text = ''
26.3574 	EXP 	response: text = ''
26.3741 	EXP 	response: text = ''
26.3909 	EXP 	response: text = ''
26.4076 	EXP 	response: text = ''
26.4241 	EXP 	response: text = ''
26.4408 	EXP 	response: text = ''
26.4577 	EXP 	response: text = ''
26.4742 	EXP 	response: text = ''
26.4908 	EXP 	response: text = ''
26.5076 	EXP 	response: text = ''
26.5240 	EXP 	response: text = ''
26.5407 	EXP 	response: text = ''
26.5577 	EXP 	response: text = ''
26.5745 	EXP 	response: text = ''
26.5911 	EXP 	response: text = ''
26.6078 	EXP 	response: text = ''
26.6246 	EXP 	response: text = ''
26.6413 	EXP 	response: text = ''
26.6579 	EXP 	response: text = ''
26.6744 	EXP 	response: text = ''
26.6913 	EXP 	response: text = ''
26.7080 	EXP 	response: text = ''
26.7252 	EXP 	response: text = ''
26.7412 	EXP 	response: text = ''
26.7581 	EXP 	response: text = ''
26.7746 	EXP 	response: text = ''
26.7913 	EXP 	response: text = ''
26.8078 	EXP 	response: text = ''
26.8247 	EXP 	response: text = ''
26.8414 	EXP 	response: text = ''
26.8581 	EXP 	response: text = ''
26.8747 	EXP 	response: text = ''
26.8913 	EXP 	response: text = ''
26.9079 	EXP 	response: text = ''
26.9247 	EXP 	response: text = ''
26.9414 	EXP 	response: text = ''
26.9581 	EXP 	response: text = ''
26.9753 	EXP 	response: text = ''
26.9914 	EXP 	response: text = ''
27.0081 	EXP 	response: text = ''
27.0247 	EXP 	response: text = ''
27.0413 	EXP 	response: text = ''
27.0579 	EXP 	response: text = ''
27.0748 	EXP 	response: text = ''
27.0912 	EXP 	response: text = ''
27.1083 	EXP 	response: text = ''
27.1248 	EXP 	response: text = ''
27.1414 	EXP 	response: text = ''
27.1581 	EXP 	response: text = ''
27.1750 	EXP 	response: text = ''
27.1914 	EXP 	response: text = ''
27.2081 	EXP 	response: text = ''
27.2249 	EXP 	response: text = ''
27.2415 	EXP 	response: text = ''
27.2582 	EXP 	response: text = ''
27.2750 	EXP 	response: text = ''
27.2914 	EXP 	response: text = ''
27.3083 	EXP 	response: text = ''
27.3250 	EXP 	response: text = ''
27.3415 	EXP 	response: text = ''
27.3583 	EXP 	response: text = ''
27.3749 	EXP 	response: text = ''
27.3916 	EXP 	response: text = ''
27.4085 	EXP 	response: text = ''
27.4250 	EXP 	response: text = ''
27.4416 	EXP 	response: text = ''
27.4583 	EXP 	response: text = ''
27.4751 	EXP 	response: text = ''
27.4918 	EXP 	response: text = ''
27.5086 	EXP 	response: text = ''
27.5253 	EXP 	response: text = ''
27.5419 	EXP 	response: text = ''
27.5584 	EXP 	response: text = ''
27.5753 	EXP 	response: text = ''
27.5917 	EXP 	response: text = ''
27.6086 	EXP 	response: text = ''
27.6250 	EXP 	response: text = ''
27.6419 	EXP 	response: text = ''
27.6588 	EXP 	response: text = ''
27.6754 	EXP 	response: text = ''
27.6919 	EXP 	response: text = ''
27.7088 	EXP 	response: text = ''
27.7257 	EXP 	response: text = ''
27.7421 	EXP 	response: text = ''
27.7587 	EXP 	response: text = ''
27.7754 	EXP 	response: text = ''
27.7921 	EXP 	response: text = ''
27.8085 	EXP 	response: text = ''
27.8254 	EXP 	response: text = ''
27.8421 	EXP 	response: text = ''
27.8587 	EXP 	response: text = ''
27.8755 	EXP 	response: text = ''
27.8919 	EXP 	response: text = ''
27.9088 	EXP 	response: text = ''
27.9253 	EXP 	response: text = ''
27.9424 	EXP 	response: text = ''
27.9588 	EXP 	response: text = ''
27.9755 	EXP 	response: text = ''
27.9921 	EXP 	response: text = ''
28.0089 	EXP 	response: text = ''
28.0255 	EXP 	response: text = ''
28.0423 	EXP 	response: text = ''
28.0589 	EXP 	response: text = ''
28.0754 	EXP 	response: text = ''
28.0932 	EXP 	response: text = ''
28.1090 	EXP 	response: text = ''
28.1258 	EXP 	response: text = ''
28.1422 	EXP 	response: text = ''
28.1589 	EXP 	response: text = ''
28.1758 	EXP 	response: text = ''
28.1921 	EXP 	response: text = ''
28.2091 	EXP 	response: text = ''
28.2257 	EXP 	response: text = ''
28.2424 	EXP 	response: text = ''
28.2592 	EXP 	response: text = ''
28.2756 	EXP 	response: text = ''
28.2923 	EXP 	response: text = ''
28.3091 	EXP 	response: text = ''
28.3257 	EXP 	response: text = ''
28.3425 	EXP 	response: text = ''
28.3590 	EXP 	response: text = ''
28.3758 	EXP 	response: text = ''
28.3926 	EXP 	response: text = ''
28.4091 	EXP 	response: text = ''
28.4259 	EXP 	response: text = ''
28.4425 	EXP 	response: text = ''
28.4592 	EXP 	response: text = ''
28.4758 	EXP 	response: text = ''
28.4924 	EXP 	response: text = ''
28.5092 	EXP 	response: text = ''
28.5261 	EXP 	response: text = ''
28.5424 	EXP 	response: text = ''
28.5594 	EXP 	response: text = ''
28.5761 	EXP 	response: text = ''
28.5929 	EXP 	response: text = ''
28.6095 	EXP 	response: text = ''
28.6268 	EXP 	response: text = ''
28.6431 	EXP 	response: text = ''
28.6597 	EXP 	response: text = ''
28.6776 	EXP 	response: text = ''
28.6935 	EXP 	response: text = ''
28.7101 	EXP 	response: text = ''
28.7268 	EXP 	response: text = ''
28.7430 	EXP 	response: text = ''
28.7598 	EXP 	response: text = ''
28.7764 	EXP 	response: text = ''
28.7943 	EXP 	response: text = ''
28.8106 	EXP 	response: text = ''
28.8269 	EXP 	response: text = ''
28.8432 	EXP 	response: text = ''
28.8600 	EXP 	response: text = ''
28.8762 	EXP 	response: text = ''
28.8928 	EXP 	response: text = ''
28.9093 	EXP 	response: text = ''
28.9262 	EXP 	response: text = ''
28.9435 	EXP 	response: text = ''
28.9594 	EXP 	response: text = ''
28.9762 	EXP 	response: text = ''
28.9929 	EXP 	response: text = ''
29.0094 	EXP 	response: text = ''
29.0263 	EXP 	response: text = ''
29.0431 	EXP 	response: text = ''
29.0600 	EXP 	response: text = ''
29.0765 	EXP 	response: text = ''
29.0929 	EXP 	response: text = ''
29.1099 	EXP 	response: text = ''
29.1263 	EXP 	response: text = ''
29.1429 	EXP 	response: text = ''
29.1596 	EXP 	response: text = ''
29.1766 	EXP 	response: text = ''
29.1928 	EXP 	response: text = ''
29.2097 	EXP 	response: text = ''
29.2266 	EXP 	response: text = ''
29.2434 	EXP 	response: text = ''
29.2603 	EXP 	response: text = ''
29.2773 	EXP 	response: text = ''
29.2937 	EXP 	response: text = ''
29.3099 	EXP 	response: text = ''
29.3266 	EXP 	response: text = ''
29.3432 	EXP 	response: text = ''
29.3600 	EXP 	response: text = ''
29.3769 	EXP 	response: text = ''
29.3934 	EXP 	response: text = ''
29.4102 	EXP 	response: text = ''
29.4268 	EXP 	response: text = ''
29.4433 	EXP 	response: text = ''
29.4600 	EXP 	response: text = ''
29.4769 	EXP 	response: text = ''
29.4935 	EXP 	response: text = ''
29.5100 	EXP 	response: text = ''
29.5269 	EXP 	response: text = ''
29.5433 	EXP 	response: text = ''
29.5602 	EXP 	response: text = ''
29.5767 	EXP 	response: text = ''
29.5935 	EXP 	response: text = ''
29.6104 	EXP 	response: text = ''
29.6270 	EXP 	response: text = ''
29.6437 	EXP 	response: text = ''
29.6603 	EXP 	response: text = ''
29.6770 	EXP 	response: text = ''
29.6938 	EXP 	response: text = ''
29.7107 	EXP 	response: text = ''
29.7272 	EXP 	response: text = ''
29.7438 	EXP 	response: text = ''
29.7604 	EXP 	response: text = ''
29.7779 	EXP 	response: text = ''
29.7941 	EXP 	response: text = ''
29.8107 	EXP 	response: text = ''
29.8272 	EXP 	response: text = ''
29.8439 	EXP 	response: text = ''
29.8604 	EXP 	response: text = ''
29.8772 	EXP 	response: text = ''
29.8938 	EXP 	response: text = ''
29.9103 	EXP 	response: text = ''
29.9271 	EXP 	response: text = ''
29.9440 	EXP 	response: text = ''
29.9605 	EXP 	response: text = ''
29.9770 	EXP 	response: text = ''
29.9936 	EXP 	response: text = ''
30.0105 	EXP 	response: text = ''
30.0272 	EXP 	response: text = ''
30.0438 	EXP 	response: text = ''
30.0606 	EXP 	response: text = ''
30.0775 	EXP 	response: text = ''
30.0939 	EXP 	response: text = ''
30.1108 	EXP 	response: text = ''
30.1273 	EXP 	response: text = ''
30.1441 	EXP 	response: text = ''
30.1609 	EXP 	response: text = ''
30.1773 	EXP 	response: text = ''
30.1942 	EXP 	response: text = ''
30.2107 	EXP 	response: text = ''
30.2275 	EXP 	response: text = ''
30.2441 	EXP 	response: text = ''
30.2611 	EXP 	response: text = ''
30.2778 	EXP 	response: text = ''
30.2943 	EXP 	response: text = ''
30.3112 	EXP 	response: text = ''
30.3278 	EXP 	response: text = ''
30.3442 	EXP 	response: text = ''
30.3609 	EXP 	response: text = ''
30.3775 	EXP 	response: text = ''
30.3942 	EXP 	response: text = ''
30.4110 	EXP 	response: text = ''
30.4273 	EXP 	response: text = ''
30.4440 	EXP 	response: text = ''
30.4608 	EXP 	response: text = ''
30.4774 	EXP 	response: text = ''
30.4942 	EXP 	response: text = ''
30.5109 	EXP 	response: text = ''
30.5277 	EXP 	response: text = ''
30.5442 	EXP 	response: text = ''
30.5613 	EXP 	response: text = ''
30.5780 	EXP 	response: text = ''
30.5945 	EXP 	response: text = ''
30.6111 	EXP 	response: text = ''
30.6279 	EXP 	response: text = ''
30.6445 	EXP 	response: text = ''
30.6611 	EXP 	response: text = ''
30.6778 	EXP 	response: text = ''
30.6946 	EXP 	response: text = ''
30.7112 	EXP 	response: text = ''
30.7277 	EXP 	response: text = ''
30.7447 	EXP 	response: text = ''
30.7612 	EXP 	response: text = ''
30.7777 	EXP 	response: text = ''
30.7946 	EXP 	response: text = ''
30.8114 	EXP 	response: text = ''
30.8278 	EXP 	response: text = ''
30.8446 	EXP 	response: text = ''
30.8613 	EXP 	response: text = ''
30.8778 	EXP 	response: text = ''
30.8945 	EXP 	response: text = ''
30.9113 	EXP 	response: text = ''
30.9278 	EXP 	response: text = ''
30.9448 	EXP 	response: text = ''
30.9613 	EXP 	response: text = ''
30.9780 	EXP 	response: text = ''
30.9948 	EXP 	response: text = ''
31.0114 	EXP 	response: text = ''
31.0282 	EXP 	response: text = ''
31.0446 	EXP 	response: text = ''
31.0615 	EXP 	response: text = ''
31.0782 	EXP 	response: text = ''
31.0948 	EXP 	response: text = ''
31.1116 	EXP 	response: text = ''
31.1283 	EXP 	response: text = ''
31.1447 	EXP 	response: text = ''
31.1614 	EXP 	response: text = ''
31.1783 	EXP 	response: text = ''
31.1949 	EXP 	response: text = ''
31.2117 	EXP 	response: text = ''
31.2283 	EXP 	response: text = ''
31.2450 	EXP 	response: text = ''
31.2617 	EXP 	response: text = ''
31.2786 	EXP 	response: text = ''
31.2951 	EXP 	response: text = ''
31.3121 	EXP 	response: text = ''
31.3286 	EXP 	response: text = ''
31.3451 	EXP 	response: text = ''
31.3616 	EXP 	response: text = ''
31.3782 	EXP 	response: text = ''
31.3952 	EXP 	response: text = ''
31.4117 	EXP 	response: text = ''
31.4284 	EXP 	response: text = ''
31.4448 	EXP 	response: text = ''
31.4617 	EXP 	response: text = ''
31.4782 	EXP 	response: text = ''
31.4951 	EXP 	response: text = ''
31.5117 	EXP 	response: text = ''
31.5286 	EXP 	response: text = ''
31.5450 	EXP 	response: text = ''
31.5618 	EXP 	response: text = ''
31.5783 	EXP 	response: text = ''
31.5952 	EXP 	response: text = ''
31.6119 	EXP 	response: text = ''
31.6283 	EXP 	response: text = ''
31.6452 	EXP 	response: text = ''
31.6618 	EXP 	response: text = ''
31.6784 	EXP 	response: text = ''
31.6953 	EXP 	response: text = ''
31.7121 	EXP 	response: text = ''
31.7287 	EXP 	response: text = ''
31.7454 	EXP 	response: text = ''
31.7621 	EXP 	response: text = ''
31.7785 	EXP 	response: text = ''
31.7953 	EXP 	response: text = ''
31.8122 	EXP 	response: text = ''
31.8287 	EXP 	response: text = ''
31.8453 	EXP 	response: text = ''
31.8619 	EXP 	response: text = ''
31.8787 	EXP 	response: text = ''
31.8953 	EXP 	response: text = ''
31.9119 	EXP 	response: text = ''
31.9288 	EXP 	response: text = ''
31.9457 	EXP 	response: text = ''
31.9619 	EXP 	response: text = ''
31.9788 	EXP 	response: text = ''
31.9954 	EXP 	response: text = ''
32.0124 	EXP 	response: text = ''
32.0290 	EXP 	response: text = ''
32.0456 	EXP 	response: text = ''
32.0623 	EXP 	response: text = ''
32.0789 	EXP 	response: text = ''
32.0954 	EXP 	response: text = ''
32.1121 	EXP 	response: text = ''
32.1290 	EXP 	response: text = ''
32.1455 	EXP 	response: text = ''
32.1624 	EXP 	response: text = ''
32.1790 	EXP 	response: text = ''
32.1958 	EXP 	response: text = ''
32.2126 	EXP 	response: text = ''
32.2292 	EXP 	response: text = ''
32.2458 	EXP 	response: text = ''
32.2625 	EXP 	response: text = ''
32.2792 	EXP 	response: text = ''
32.2960 	EXP 	response: text = ''
32.3128 	EXP 	response: text = ''
32.3291 	EXP 	response: text = ''
32.3461 	EXP 	response: text = ''
32.3625 	EXP 	response: text = ''
32.3790 	EXP 	response: text = ''
32.3957 	EXP 	response: text = ''
32.4128 	EXP 	response: text = ''
32.4293 	EXP 	response: text = ''
32.4468 	EXP 	response: text = ''
32.4626 	EXP 	response: text = ''
32.4796 	EXP 	response: text = ''
32.4962 	EXP 	response: text = ''
32.5128 	EXP 	response: text = ''
32.5293 	EXP 	response: text = ''
32.5461 	EXP 	response: text = ''
32.5624 	EXP 	response: text = ''
32.5793 	EXP 	response: text = ''
32.5959 	EXP 	response: text = ''
32.6127 	EXP 	response: text = ''
32.6293 	EXP 	response: text = ''
32.6460 	EXP 	response: text = ''
32.6628 	EXP 	response: text = ''
32.6795 	EXP 	response: text = ''
32.6961 	EXP 	response: text = ''
32.7130 	EXP 	response: text = ''
32.7296 	EXP 	response: text = ''
32.7462 	EXP 	response: text = ''
32.7629 	EXP 	response: text = ''
32.7796 	EXP 	response: text = ''
32.7965 	EXP 	response: text = ''
32.8132 	EXP 	response: text = ''
32.8297 	EXP 	response: text = ''
32.8464 	EXP 	response: text = ''
32.8634 	EXP 	response: text = ''
32.8798 	EXP 	response: text = ''
32.8963 	EXP 	response: text = ''
32.9131 	EXP 	response: text = ''
32.9296 	EXP 	response: text = ''
32.9470 	EXP 	response: text = ''
32.9630 	EXP 	response: text = ''
32.9798 	EXP 	response: text = ''
32.9963 	EXP 	response: text = ''
33.0130 	EXP 	response: text = ''
33.0297 	EXP 	response: text = ''
33.0465 	EXP 	response: text = ''
33.0631 	EXP 	response: text = ''
33.0796 	EXP 	response: text = ''
33.0963 	EXP 	response: text = ''
33.1131 	EXP 	response: text = ''
33.1297 	EXP 	response: text = ''
33.1462 	EXP 	response: text = ''
33.1630 	EXP 	response: text = ''
33.1797 	EXP 	response: text = ''
33.1964 	EXP 	response: text = ''
33.2133 	EXP 	response: text = ''
33.2299 	EXP 	response: text = ''
33.2464 	EXP 	response: text = ''
33.2633 	EXP 	response: text = ''
33.2797 	EXP 	response: text = ''
33.2969 	EXP 	response: text = ''
33.3137 	EXP 	response: text = ''
33.3300 	EXP 	response: text = ''
33.3467 	EXP 	response: text = ''
33.3635 	EXP 	response: text = ''
33.3800 	EXP 	response: text = ''
33.3968 	EXP 	response: text = ''
33.4135 	EXP 	response: text = ''
33.4302 	EXP 	response: text = ''
33.4469 	EXP 	response: text = ''
33.4635 	EXP 	response: text = ''
33.4802 	EXP 	response: text = ''
33.4971 	EXP 	response: text = ''
33.5137 	EXP 	response: text = ''
33.5303 	EXP 	response: text = ''
33.5471 	EXP 	response: text = ''
33.5633 	EXP 	response: text = ''
33.5803 	EXP 	response: text = ''
33.5967 	EXP 	response: text = ''
33.6135 	EXP 	response: text = ''
33.6301 	EXP 	response: text = ''
33.6469 	EXP 	response: text = ''
33.6633 	EXP 	response: text = ''
33.6803 	EXP 	response: text = ''
33.6969 	EXP 	response: text = ''
33.7137 	EXP 	response: text = ''
33.7301 	EXP 	response: text = ''
33.7470 	EXP 	response: text = ''
33.7637 	EXP 	response: text = ''
33.7802 	EXP 	response: text = ''
33.7972 	EXP 	response: text = ''
33.8138 	EXP 	response: text = ''
33.8304 	EXP 	response: text = ''
33.8470 	EXP 	response: text = ''
33.8637 	EXP 	response: text = ''
33.8803 	EXP 	response: text = ''
33.8971 	EXP 	response: text = ''
33.9136 	EXP 	response: text = ''
33.9303 	EXP 	response: text = ''
33.9468 	EXP 	response: text = ''
33.9640 	EXP 	response: text = ''
33.9806 	EXP 	response: text = ''
33.9972 	EXP 	response: text = ''
34.0139 	EXP 	response: text = ''
34.0304 	EXP 	response: text = ''
34.0474 	EXP 	response: text = ''
34.0639 	EXP 	response: text = ''
34.0807 	EXP 	response: text = ''
34.0973 	EXP 	response: text = ''
34.1139 	EXP 	response: text = ''
34.1305 	EXP 	response: text = ''
34.1472 	EXP 	response: text = ''
34.1639 	EXP 	response: text = ''
34.1806 	EXP 	response: text = ''
34.1972 	EXP 	response: text = ''
34.2140 	EXP 	response: text = ''
34.2306 	EXP 	response: text = ''
34.2474 	EXP 	response: text = ''
34.2639 	EXP 	response: text = ''
34.2810 	EXP 	response: text = ''
34.2978 	EXP 	response: text = ''
34.3143 	EXP 	response: text = ''
34.3307 	EXP 	response: text = ''
34.3476 	EXP 	response: text = ''
34.3642 	EXP 	response: text = ''
34.3809 	EXP 	response: text = ''
34.3976 	EXP 	response: text = ''
34.4143 	EXP 	response: text = ''
34.4312 	EXP 	response: text = ''
34.4476 	EXP 	response: text = ''
34.4641 	EXP 	response: text = ''
34.4810 	EXP 	response: text = ''
34.4976 	EXP 	response: text = ''
34.5143 	EXP 	response: text = ''
34.5311 	EXP 	response: text = ''
34.5475 	EXP 	response: text = ''
34.5643 	EXP 	response: text = ''
34.5808 	EXP 	response: text = ''
34.5975 	EXP 	response: text = ''
34.6142 	EXP 	response: text = ''
34.6310 	EXP 	response: text = ''
34.6477 	EXP 	response: text = ''
34.6645 	EXP 	response: text = ''
34.6812 	EXP 	response: text = ''
34.6984 	EXP 	response: text = ''
34.7147 	EXP 	response: text = ''
34.7313 	EXP 	response: text = ''
34.7479 	EXP 	response: text = ''
34.7646 	EXP 	response: text = ''
34.7811 	EXP 	response: text = ''
34.7977 	EXP 	response: text = ''
34.8146 	EXP 	response: text = ''
34.8311 	EXP 	response: text = ''
34.8477 	EXP 	response: text = ''
34.8647 	EXP 	response: text = ''
34.8813 	EXP 	response: text = ''
34.8981 	EXP 	response: text = ''
34.9148 	EXP 	response: text = ''
34.9314 	EXP 	response: text = ''
34.9478 	EXP 	response: text = ''
34.9646 	EXP 	response: text = ''
34.9812 	EXP 	response: text = ''
34.9979 	EXP 	response: text = ''
35.0146 	EXP 	response: text = ''
35.0314 	EXP 	response: text = ''
35.0479 	EXP 	response: text = ''
35.0647 	EXP 	response: text = ''
35.0814 	EXP 	response: text = ''
35.0981 	EXP 	response: text = ''
35.1147 	EXP 	response: text = ''
35.1315 	EXP 	response: text = ''
35.1480 	EXP 	response: text = ''
35.1649 	EXP 	response: text = ''
35.1815 	EXP 	response: text = ''
35.1980 	EXP 	response: text = ''
35.2149 	EXP 	response: text = ''
35.2315 	EXP 	response: text = ''
35.2480 	EXP 	response: text = ''
35.2650 	EXP 	response: text = ''
35.2815 	EXP 	response: text = ''
35.2986 	EXP 	response: text = ''
35.3149 	EXP 	response: text = ''
35.3315 	EXP 	response: text = ''
35.3482 	EXP 	response: text = ''
35.3650 	EXP 	response: text = ''
35.3815 	EXP 	response: text = ''
35.3982 	EXP 	response: text = ''
35.4150 	EXP 	response: text = ''
35.4315 	EXP 	response: text = ''
35.4485 	EXP 	response: text = ''
35.4652 	EXP 	response: text = ''
35.4819 	EXP 	response: text = ''
35.4985 	EXP 	response: text = ''
35.5154 	EXP 	response: text = ''
35.5318 	EXP 	response: text = ''
35.5483 	EXP 	response: text = ''
35.5652 	EXP 	response: text = ''
35.5820 	EXP 	response: text = ''
35.5988 	EXP 	response: text = ''
35.6153 	EXP 	response: text = ''
35.6319 	EXP 	response: text = ''
35.6485 	EXP 	response: text = ''
35.6653 	EXP 	response: text = ''
35.6820 	EXP 	response: text = ''
35.6987 	EXP 	response: text = ''
35.7153 	EXP 	response: text = ''
35.7321 	EXP 	response: text = ''
35.7486 	EXP 	response: text = ''
35.7656 	EXP 	response: text = ''
35.7821 	EXP 	response: text = ''
35.7988 	EXP 	response: text = ''
35.8155 	EXP 	response: text = ''
35.8322 	EXP 	response: text = ''
35.8489 	EXP 	response: text = ''
35.8654 	EXP 	response: text = ''
35.8821 	EXP 	response: text = ''
35.8987 	EXP 	response: text = ''
35.9153 	EXP 	response: text = ''
35.9320 	EXP 	response: text = ''
35.9486 	EXP 	response: text = ''
35.9656 	EXP 	response: text = ''
35.9823 	EXP 	response: text = ''
35.9989 	EXP 	response: text = ''
36.0158 	EXP 	response: text = ''
36.0324 	EXP 	response: text = ''
36.0492 	EXP 	response: text = ''
36.0656 	EXP 	response: text = ''
36.0823 	EXP 	response: text = ''
36.0989 	EXP 	response: text = ''
36.1156 	EXP 	response: text = ''
36.1323 	EXP 	response: text = ''
36.1488 	EXP 	response: text = ''
36.1655 	EXP 	response: text = ''
36.1821 	EXP 	response: text = ''
36.1992 	EXP 	response: text = ''
36.2156 	EXP 	response: text = ''
36.2324 	EXP 	response: text = ''
36.2489 	EXP 	response: text = ''
36.2658 	EXP 	response: text = ''
36.2825 	EXP 	response: text = ''
36.2994 	EXP 	response: text = ''
36.3159 	EXP 	response: text = ''
36.3326 	EXP 	response: text = ''
36.3492 	EXP 	response: text = ''
36.3657 	EXP 	response: text = ''
36.3823 	EXP 	response: text = ''
36.3991 	EXP 	response: text = ''
36.4157 	EXP 	response: text = ''
36.4323 	EXP 	response: text = ''
36.4491 	EXP 	response: text = ''
36.4658 	EXP 	response: text = ''
36.4825 	EXP 	response: text = ''
36.4991 	EXP 	response: text = ''
36.5160 	EXP 	response: text = ''
36.5324 	EXP 	response: text = ''
36.5493 	EXP 	response: text = ''
36.5662 	EXP 	response: text = ''
36.5829 	EXP 	response: text = ''
36.5996 	EXP 	response: text = ''
36.6161 	EXP 	response: text = ''
36.6325 	EXP 	response: text = ''
36.6494 	EXP 	response: text = ''
36.6660 	EXP 	response: text = ''
36.6827 	EXP 	response: text = ''
36.6993 	EXP 	response: text = ''
36.7162 	EXP 	response: text = ''
36.7326 	EXP 	response: text = ''
36.7493 	EXP 	response: text = ''
36.7660 	EXP 	response: text = ''
36.7827 	EXP 	response: text = ''
36.7995 	EXP 	response: text = ''
36.8163 	EXP 	response: text = ''
36.8328 	EXP 	response: text = ''
36.8494 	EXP 	response: text = ''
36.8662 	EXP 	response: text = ''
36.8828 	EXP 	response: text = ''
36.8997 	EXP 	response: text = ''
36.9163 	EXP 	response: text = ''
36.9326 	EXP 	response: text = ''
36.9496 	EXP 	response: text = ''
36.9663 	EXP 	response: text = ''
36.9830 	EXP 	response: text = ''
36.9995 	EXP 	response: text = ''
37.0163 	EXP 	response: text = ''
37.0330 	EXP 	response: text = ''
37.0497 	EXP 	response: text = ''
37.0663 	EXP 	response: text = ''
37.0829 	EXP 	response: text = ''
37.0998 	EXP 	response: text = ''
37.1164 	EXP 	response: text = ''
37.1330 	EXP 	response: text = ''
37.1498 	EXP 	response: text = ''
37.1667 	EXP 	response: text = ''
37.1833 	EXP 	response: text = ''
37.2000 	EXP 	response: text = ''
37.2166 	EXP 	response: text = ''
37.2333 	EXP 	response: text = ''
37.2502 	EXP 	response: text = ''
37.2664 	EXP 	response: text = ''
37.2831 	EXP 	response: text = ''
37.2999 	EXP 	response: text = ''
37.3167 	EXP 	response: text = ''
37.3333 	EXP 	response: text = ''
37.3501 	EXP 	response: text = ''
37.3665 	EXP 	response: text = ''
37.3832 	EXP 	response: text = ''
37.4000 	EXP 	response: text = ''
37.4167 	EXP 	response: text = ''
37.4333 	EXP 	response: text = ''
37.4500 	EXP 	response: text = ''
37.4668 	EXP 	response: text = ''
37.4834 	EXP 	response: text = ''
37.5001 	EXP 	response: text = ''
37.5171 	EXP 	response: text = ''
37.5336 	EXP 	response: text = ''
37.5502 	EXP 	response: text = ''
37.5668 	EXP 	response: text = ''
37.5835 	EXP 	response: text = ''
37.6002 	EXP 	response: text = ''
37.6167 	EXP 	response: text = ''
37.6333 	EXP 	response: text = ''
37.6501 	EXP 	response: text = ''
37.6669 	EXP 	response: text = ''
37.6835 	EXP 	response: text = ''
37.7003 	EXP 	response: text = ''
37.7169 	EXP 	response: text = ''
37.7337 	EXP 	response: text = ''
37.7504 	EXP 	response: text = ''
37.7671 	EXP 	response: text = ''
37.7838 	EXP 	response: text = ''
37.8006 	EXP 	response: text = ''
37.8171 	EXP 	response: text = ''
37.8340 	EXP 	response: text = ''
37.8502 	EXP 	response: text = ''
37.8669 	EXP 	response: text = ''
37.8839 	EXP 	response: text = ''
37.9004 	EXP 	response: text = ''
37.9173 	EXP 	response: text = ''
37.9339 	EXP 	response: text = ''
37.9505 	EXP 	response: text = ''
37.9673 	EXP 	response: text = ''
37.9839 	EXP 	response: text = ''
38.0006 	EXP 	response: text = ''
38.0173 	EXP 	response: text = ''
38.0340 	EXP 	response: text = ''
38.0506 	EXP 	response: text = ''
38.0673 	EXP 	response: text = ''
38.0842 	EXP 	response: text = ''
38.1007 	EXP 	response: text = ''
38.1174 	EXP 	response: text = ''
38.1341 	EXP 	response: text = ''
38.1508 	EXP 	response: text = ''
38.1673 	EXP 	response: text = ''
38.1841 	EXP 	response: text = ''
38.2011 	EXP 	response: text = ''
38.2173 	EXP 	response: text = ''
38.2342 	EXP 	response: text = ''
38.2508 	EXP 	response: text = ''
38.2673 	EXP 	response: text = ''
38.2841 	EXP 	response: text = ''
38.3007 	EXP 	response: text = ''
38.3176 	EXP 	response: text = ''
38.3340 	EXP 	response: text = ''
38.3507 	EXP 	response: text = ''
38.3675 	EXP 	response: text = ''
38.3840 	EXP 	response: text = ''
38.4007 	EXP 	response: text = ''
38.4175 	EXP 	response: text = ''
38.4342 	EXP 	response: text = ''
38.4512 	EXP 	response: text = ''
38.4674 	EXP 	response: text = ''
38.4844 	EXP 	response: text = ''
38.5011 	EXP 	response: text = ''
38.5178 	EXP 	response: text = ''
38.5346 	EXP 	response: text = ''
38.5511 	EXP 	response: text = ''
38.5675 	EXP 	response: text = ''
38.5842 	EXP 	response: text = ''
38.6010 	EXP 	response: text = ''
38.6176 	EXP 	response: text = ''
38.6344 	EXP 	response: text = ''
38.6511 	EXP 	response: text = ''
38.6679 	EXP 	response: text = ''
38.6846 	EXP 	response: text = ''
38.7012 	EXP 	response: text = ''
38.7180 	EXP 	response: text = ''
38.7346 	EXP 	response: text = ''
38.7512 	EXP 	response: text = ''
38.7679 	EXP 	response: text = ''
38.7864 	EXP 	response: text = ''
38.8031 	EXP 	response: text = ''
38.8183 	EXP 	response: text = ''
38.8349 	EXP 	response: text = ''
38.8513 	EXP 	response: text = ''
38.8680 	EXP 	response: text = ''
38.8844 	EXP 	response: text = ''
38.9010 	EXP 	response: text = ''
38.9176 	EXP 	response: text = ''
38.9346 	EXP 	response: text = ''
38.9513 	EXP 	response: text = ''
38.9679 	EXP 	response: text = ''
38.9847 	EXP 	response: text = ''
39.0013 	EXP 	response: text = ''
39.0182 	EXP 	response: text = ''
39.0348 	EXP 	response: text = ''
39.0513 	EXP 	response: text = ''
39.0682 	EXP 	response: text = ''
39.0847 	EXP 	response: text = ''
39.1014 	EXP 	response: text = ''
39.1181 	EXP 	response: text = ''
39.1349 	EXP 	response: text = ''
39.1514 	EXP 	response: text = ''
39.1681 	EXP 	response: text = ''
39.1848 	EXP 	response: text = ''
39.2014 	EXP 	response: text = ''
39.2181 	EXP 	response: text = ''
39.2347 	EXP 	response: text = ''
39.2513 	EXP 	response: text = ''
39.2682 	EXP 	response: text = ''
39.2849 	EXP 	response: text = ''
39.3016 	EXP 	response: text = ''
39.3185 	EXP 	response: text = ''
39.3349 	EXP 	response: text = ''
39.3516 	EXP 	response: text = ''
39.3681 	EXP 	response: text = ''
39.3851 	EXP 	response: text = ''
39.4016 	EXP 	response: text = ''
39.4184 	EXP 	response: text = ''
39.4352 	EXP 	response: text = ''
39.4517 	EXP 	response: text = ''
39.4684 	EXP 	response: text = ''
39.4848 	EXP 	response: text = ''
39.5017 	EXP 	response: text = ''
39.5186 	EXP 	response: text = ''
39.5350 	EXP 	response: text = ''
39.5518 	EXP 	response: text = ''
39.5685 	EXP 	response: text = ''
39.5850 	EXP 	response: text = ''
39.6018 	EXP 	response: text = ''
39.6185 	EXP 	response: text = ''
39.6349 	EXP 	response: text = ''
39.6520 	EXP 	response: text = ''
39.6686 	EXP 	response: text = ''
39.6854 	EXP 	response: text = ''
39.7020 	EXP 	response: text = ''
39.7186 	EXP 	response: text = ''
39.7354 	EXP 	response: text = ''
39.7520 	EXP 	response: text = ''
39.7687 	EXP 	response: text = ''
39.7852 	EXP 	response: text = ''
39.8023 	EXP 	response: text = ''
39.8191 	EXP 	response: text = ''
39.8355 	EXP 	response: text = ''
39.8521 	EXP 	response: text = ''
39.8687 	EXP 	response: text = ''
39.8853 	EXP 	response: text = ''
39.9019 	EXP 	response: text = ''
39.9187 	EXP 	response: text = ''
39.9353 	EXP 	response: text = ''
39.9521 	EXP 	response: text = ''
39.9687 	EXP 	response: text = ''
39.9854 	EXP 	response: text = ''
40.0025 	EXP 	response: text = ''
40.0189 	EXP 	response: text = ''
40.0355 	EXP 	response: text = ''
40.0521 	EXP 	response: text = ''
40.0687 	EXP 	response: text = ''
40.0855 	EXP 	response: text = ''
40.1023 	EXP 	response: text = ''
40.1187 	EXP 	response: text = ''
40.1355 	EXP 	response: text = ''
40.1523 	EXP 	response: text = ''
40.1693 	EXP 	response: text = ''
40.1858 	EXP 	response: text = ''
40.2025 	EXP 	response: text = ''
40.2191 	EXP 	response: text = ''
40.2361 	EXP 	response: text = ''
40.2524 	EXP 	response: text = ''
40.2689 	EXP 	response: text = ''
40.2857 	EXP 	response: text = ''
40.3026 	EXP 	response: text = ''
40.3190 	EXP 	response: text = ''
40.3359 	EXP 	response: text = ''
40.3525 	EXP 	response: text = ''
40.3689 	EXP 	response: text = ''
40.3858 	EXP 	response: text = ''
40.4026 	EXP 	response: text = ''
40.4191 	EXP 	response: text = ''
40.4357 	EXP 	response: text = ''
40.4525 	EXP 	response: text = ''
40.4692 	EXP 	response: text = ''
40.4860 	EXP 	response: text = ''
40.5027 	EXP 	response: text = ''
40.5194 	EXP 	response: text = ''
40.5363 	EXP 	response: text = ''
40.5528 	EXP 	response: text = ''
40.5694 	EXP 	response: text = ''
40.5862 	EXP 	response: text = ''
40.6028 	EXP 	response: text = ''
40.6195 	EXP 	response: text = ''
40.6360 	EXP 	response: text = ''
40.6528 	EXP 	response: text = ''
40.6695 	EXP 	response: text = ''
40.6862 	EXP 	response: text = ''
40.7026 	EXP 	response: text = ''
40.7193 	EXP 	response: text = ''
40.7362 	EXP 	response: text = ''
40.7526 	EXP 	response: text = ''
40.7696 	EXP 	response: text = ''
40.7863 	EXP 	response: text = ''
40.8033 	EXP 	response: text = ''
40.8197 	EXP 	response: text = ''
40.8365 	EXP 	response: text = ''
40.8529 	EXP 	response: text = ''
40.8695 	EXP 	response: text = ''
40.8861 	EXP 	response: text = ''
40.9028 	EXP 	response: text = ''
40.9194 	EXP 	response: text = ''
40.9361 	EXP 	response: text = ''
40.9530 	EXP 	response: text = ''
40.9698 	EXP 	response: text = ''
40.9866 	EXP 	response: text = ''
41.0029 	EXP 	response: text = ''
41.0197 	EXP 	response: text = ''
41.0364 	EXP 	response: text = ''
41.0531 	EXP 	response: text = ''
41.0697 	EXP 	response: text = ''
41.0864 	EXP 	response: text = ''
41.1029 	EXP 	response: text = ''
41.1197 	EXP 	response: text = ''
41.1363 	EXP 	response: text = ''
41.1531 	EXP 	response: text = ''
41.1696 	EXP 	response: text = ''
41.1865 	EXP 	response: text = ''
41.2031 	EXP 	response: text = ''
41.2198 	EXP 	response: text = ''
41.2363 	EXP 	response: text = ''
41.2531 	EXP 	response: text = ''
41.2700 	EXP 	response: text = ''
41.2869 	EXP 	response: text = ''
41.3041 	EXP 	response: text = ''
41.3199 	EXP 	response: text = ''
41.3369 	EXP 	response: text = ''
41.3534 	EXP 	response: text = ''
41.3700 	EXP 	response: text = ''
41.3868 	EXP 	response: text = ''
41.4051 	EXP 	response: text = ''
41.4204 	EXP 	response: text = ''
41.4369 	EXP 	response: text = ''
41.4533 	EXP 	response: text = ''
41.4698 	EXP 	response: text = ''
41.4868 	EXP 	response: text = ''
41.5033 	EXP 	response: text = ''
41.5202 	EXP 	response: text = ''
41.5368 	EXP 	response: text = ''
41.5533 	EXP 	response: text = ''
41.5701 	EXP 	response: text = ''
41.5866 	EXP 	response: text = ''
41.6034 	EXP 	response: text = ''
41.6200 	EXP 	response: text = ''
41.6368 	EXP 	response: text = ''
41.6537 	EXP 	response: text = ''
41.6704 	EXP 	response: text = ''
41.6871 	EXP 	response: text = ''
41.7037 	EXP 	response: text = ''
41.7204 	EXP 	response: text = ''
41.7371 	EXP 	response: text = ''
41.7538 	EXP 	response: text = ''
41.7704 	EXP 	response: text = ''
41.7870 	EXP 	response: text = ''
41.8041 	EXP 	response: text = ''
41.8206 	EXP 	response: text = ''
41.8373 	EXP 	response: text = ''
41.8538 	EXP 	response: text = ''
41.8704 	EXP 	response: text = ''
41.8870 	EXP 	response: text = ''
41.9037 	EXP 	response: text = ''
41.9203 	EXP 	response: text = ''
41.9373 	EXP 	response: text = ''
41.9538 	EXP 	response: text = ''
41.9704 	EXP 	response: text = ''
41.9871 	EXP 	response: text = ''
42.0037 	EXP 	response: text = ''
42.0204 	EXP 	response: text = ''
42.0372 	EXP 	response: text = ''
42.0538 	EXP 	response: text = ''
42.0707 	EXP 	response: text = ''
42.0872 	EXP 	response: text = ''
42.1039 	EXP 	response: text = ''
42.1204 	EXP 	response: text = ''
42.1373 	EXP 	response: text = ''
42.1539 	EXP 	response: text = ''
42.1704 	EXP 	response: text = ''
42.1872 	EXP 	response: text = ''
42.2038 	EXP 	response: text = ''
42.2207 	EXP 	response: text = ''
42.2374 	EXP 	response: text = ''
42.2540 	EXP 	response: text = ''
42.2710 	EXP 	response: text = ''
42.2876 	EXP 	response: text = ''
42.3045 	EXP 	response: text = ''
42.3211 	EXP 	response: text = ''
42.3375 	EXP 	response: text = ''
42.3541 	EXP 	response: text = ''
42.3709 	EXP 	response: text = ''
42.3876 	EXP 	response: text = ''
42.4044 	EXP 	response: text = ''
42.4210 	EXP 	response: text = ''
42.4377 	EXP 	response: text = ''
42.4545 	EXP 	response: text = ''
42.4709 	EXP 	response: text = ''
42.4883 	EXP 	response: text = ''
42.5045 	EXP 	response: text = ''
42.5227 	EXP 	response: text = ''
42.5388 	EXP 	response: text = ''
42.5576 	EXP 	response: text = ''
42.5717 	EXP 	response: text = ''
42.5878 	EXP 	response: text = ''
42.6041 	EXP 	response: text = ''
42.6272 	EXP 	response: text = ''
42.6454 	EXP 	response: text = ''
42.6630 	EXP 	response: text = ''
42.6849 	EXP 	response: text = ''
42.7044 	EXP 	response: text = ''
42.7211 	EXP 	response: text = ''
42.7378 	EXP 	response: text = ''
42.7546 	EXP 	response: text = ''
42.7713 	EXP 	response: text = ''
42.7878 	EXP 	response: text = ''
42.8044 	EXP 	response: text = ''
42.8212 	EXP 	response: text = ''
42.8380 	EXP 	response: text = ''
42.8544 	EXP 	response: text = ''
42.8710 	EXP 	response: text = ''
42.8878 	EXP 	response: text = ''
42.9043 	EXP 	response: text = ''
42.9211 	EXP 	response: text = ''
42.9378 	EXP 	response: text = ''
42.9547 	EXP 	response: text = ''
42.9713 	EXP 	response: text = ''
42.9780 	DATA 	Mouse: Left button down, pos=(534,770)
42.9880 	EXP 	response: text = ''
43.0044 	EXP 	response: text = ''
43.0215 	EXP 	response: text = ''
43.0380 	EXP 	response: text = ''
43.0547 	EXP 	response: text = ''
43.0712 	EXP 	response: text = ''
43.0782 	DATA 	Mouse:  Left button up, pos=(534,770)
43.0879 	EXP 	response: text = ''
43.1046 	EXP 	response: text = ''
43.1212 	EXP 	response: text = ''
43.1381 	EXP 	response: text = ''
43.1548 	EXP 	response: text = ''
43.1717 	EXP 	response: text = ''
43.1881 	EXP 	response: text = ''
43.2048 	EXP 	response: text = ''
43.2214 	EXP 	response: text = ''
43.2380 	EXP 	response: text = ''
43.2549 	EXP 	response: text = ''
43.2716 	EXP 	response: text = ''
43.2884 	EXP 	response: text = ''
43.3053 	EXP 	response: text = ''
43.3219 	EXP 	response: text = ''
43.3386 	EXP 	response: text = ''
43.3548 	EXP 	response: text = ''
43.3716 	EXP 	response: text = ''
43.3882 	EXP 	response: text = ''
43.4050 	EXP 	response: text = ''
43.4217 	EXP 	response: text = ''
43.4382 	EXP 	response: text = ''
43.4551 	EXP 	response: text = ''
43.4717 	EXP 	response: text = ''
43.4884 	EXP 	response: text = ''
43.5051 	EXP 	response: text = ''
43.5217 	EXP 	response: text = ''
43.5384 	EXP 	response: text = ''
43.5551 	EXP 	response: text = ''
43.5716 	EXP 	response: text = ''
43.5886 	EXP 	response: text = ''
43.6050 	EXP 	response: text = ''
43.6218 	EXP 	response: text = ''
43.6384 	EXP 	response: text = ''
43.6552 	EXP 	response: text = ''
43.6718 	EXP 	response: text = ''
43.6887 	EXP 	response: text = ''
43.7052 	EXP 	response: text = ''
43.7221 	EXP 	response: text = ''
43.7387 	EXP 	response: text = ''
43.7442 	DATA 	Keypress: escape
43.7554 	EXP 	response: text = ''
43.7721 	EXP 	response: text = ''
43.7887 	EXP 	response: text = ''
43.8057 	EXP 	response: text = ''
43.8222 	EXP 	response: text = ''
43.8391 	EXP 	response: text = ''
43.8552 	EXP 	response: text = ''
43.9028 	EXP 	window1: mouseVisible = True
