7.0989 	WARNING 	User requested fullscreen with size [1024  768], but screen is actually [1920, 1200]. Using actual size
8.4341 	EXP 	Created window1 = Window(allowGUI=False, allowStencil=False, args=UNKNOWN, autoLog=True, bitsMode=UNKNOWN, blendMode='avg', color=array([0., 0., 0.]), colorSpace='rgb', fullscr=<method-wrapper '__getattribute__' of attributeSetter object at 0x0000028D7A0B1FD0>, gamma=None, gammaErrorPolicy='raise', kwargs=UNKNOWN, lms=UNKNOWN, monitor=<psychopy.monitors.calibTools.Monitor object at 0x0000028D79FAACF8>, multiSample=False, name='window1', numSamples=2, pos=[0.0, 0.0], screen=0, size=array([1920, 1200]), stereo=False, units='height', useFBO=True, useRetina=False, viewOri=0.0, viewPos=None, viewScale=None, waitBlanking=True, winType='pyglet')
8.4341 	EXP 	window1: recordFrameIntervals = False
8.6008 	EXP 	window1: recordFrameIntervals = True
8.7841 	EXP 	window1: recordFrameIntervals = False
9.0138 	EXP 	Created Instructions = TextStim(__class__=<class 'psychopy.visual.text.TextStim'>, alignHoriz='center', alignVert='center', antialias=True, autoLog=True, bold=False, color='white', colorSpace='named', contrast=1.0, depth=0.0, flipHoriz=False, flipVert=False, font='Arial', fontFiles=[], height=0.045, italic=False, languageStyle='LTR', name='Instructions', opacity=1.0, ori=0, pos=array([0., 0.]), rgb=array([255., 255., 255.]), text=str(...), units='height', win=Window(...), wrapWidth=1.45)
9.0251 	EXP 	Created isiText = TextStim(__class__=<class 'psychopy.visual.text.TextStim'>, alignHoriz='center', alignVert='center', antialias=True, autoLog=True, bold=False, color='white', colorSpace='named', contrast=1.0, depth=0.0, flipHoriz=False, flipVert=False, font='Arial', fontFiles=[], height=0.12, italic=False, languageStyle='LTR', name='isiText', opacity=1.0, ori=0, pos=array([0., 0.]), rgb=array([255., 255., 255.]), text='+', units='height', win=Window(...), wrapWidth=1)
9.0261 	EXP 	Created cueText = TextStim(__class__=<class 'psychopy.visual.text.TextStim'>, alignHoriz='center', alignVert='center', antialias=True, autoLog=True, bold=False, color='white', colorSpace='named', contrast=1.0, depth=0.0, flipHoriz=False, flipVert=False, font='Arial', fontFiles=[], height=0.1, italic=False, languageStyle='LTR', name='cueText', opacity=1.0, ori=0, pos=array([0., 0.]), rgb=array([255., 255., 255.]), text='', units='height', win=Window(...), wrapWidth=1)
9.0277 	EXP 	Created isiText = TextStim(__class__=<class 'psychopy.visual.text.TextStim'>, alignHoriz='center', alignVert='center', antialias=True, autoLog=True, bold=False, color='white', colorSpace='named', contrast=1.0, depth=0.0, flipHoriz=False, flipVert=False, font='Arial', fontFiles=[], height=0.12, italic=False, languageStyle='LTR', name='isiText', opacity=1.0, ori=0, pos=array([0., 0.]), rgb=array([255., 255., 255.]), text='+', units='height', win=Window(...), wrapWidth=1)
9.0384 	EXP 	Created sendInstructions = TextStim(__class__=<class 'psychopy.visual.text.TextStim'>, alignHoriz='center', alignVert='center', antialias=True, autoLog=True, bold=False, color='white', colorSpace='named', contrast=1.0, depth=0.0, flipHoriz=False, flipVert=False, font='Arial', fontFiles=[], height=0.04, italic=False, languageStyle='LTR', name='sendInstructions', opacity=1.0, ori=0, pos=array([ 0.  , -0.11]), rgb=array([255., 255., 255.]), text='default text', units='height', win=Window(...), wrapWidth=1.4)
9.0541 	EXP 	Created Player1Name = TextStim(__class__=<class 'psychopy.visual.text.TextStim'>, alignHoriz='center', alignVert='center', antialias=True, autoLog=True, bold=False, color='white', colorSpace='named', contrast=1.0, depth=-1.0, flipHoriz=False, flipVert=False, font='Arial', fontFiles=[], height=0.06, italic=False, languageStyle='LTR', name='Player1Name', opacity=1.0, ori=0, pos=array([0. , 0.2]), rgb=array([255., 255., 255.]), text='default text', units='height', win=Window(...), wrapWidth=1)
9.0561 	EXP 	Created Player1Pic = ImageStim(__class__=<class 'psychopy.visual.image.ImageStim'>, autoLog=True, color=array([1., 1., 1.]), colorSpace='rgb', contrast=1.0, depth=-2.0, flipHoriz=False, flipVert=False, image='sin', interpolate=True, mask=None, maskParams=None, name='Player1Pic', opacity=1.0, ori=0.0, pos=array([0., 0.]), size=array([1., 1.]), texRes=128, units='height', win=Window(...))
9.0571 	EXP 	Created text = TextStim(__class__=<class 'psychopy.visual.text.TextStim'>, alignHoriz='center', alignVert='center', antialias=True, autoLog=True, bold=False, color='white', colorSpace='named', contrast=1.0, depth=-4.0, flipHoriz=False, flipVert=False, font='Arial', fontFiles=[], height=0.07, italic=False, languageStyle='LTR', name='text', opacity=1.0, ori=0, pos=array([ 0.  , -0.35]), rgb=array([255., 255., 255.]), text='', units='height', win=Window(...), wrapWidth=1)
9.0700 	EXP 	Created dollarSign = TextStim(__class__=<class 'psychopy.visual.text.TextStim'>, alignHoriz='center', alignVert='center', antialias=True, autoLog=True, bold=False, color='white', colorSpace='named', contrast=1.0, depth=-6.0, flipHoriz=False, flipVert=False, font='Arial', fontFiles=[], height=0.07, italic=False, languageStyle='LTR', name='dollarSign', opacity=1.0, ori=0, pos=array([-0.05, -0.35]), rgb=array([255., 255., 255.]), text='default text', units='height', win=Window(...), wrapWidth=1)
9.0731 	EXP 	Created Feedback = TextStim(__class__=<class 'psychopy.visual.text.TextStim'>, alignHoriz='center', alignVert='center', antialias=True, autoLog=True, bold=False, color='white', colorSpace='named', contrast=1.0, depth=-1.0, flipHoriz=False, flipVert=False, font='Arial', fontFiles=[], height=0.07, italic=False, languageStyle='LTR', name='Feedback', opacity=1.0, ori=0, pos=array([0., 0.]), rgb=array([255., 255., 255.]), text='default text', units='height', win=Window(...), wrapWidth=1)
9.0752 	EXP 	Created isiText = TextStim(__class__=<class 'psychopy.visual.text.TextStim'>, alignHoriz='center', alignVert='center', antialias=True, autoLog=True, bold=False, color='white', colorSpace='named', contrast=1.0, depth=0.0, flipHoriz=False, flipVert=False, font='Arial', fontFiles=[], height=0.12, italic=False, languageStyle='LTR', name='isiText', opacity=1.0, ori=0, pos=array([0., 0.]), rgb=array([255., 255., 255.]), text='+', units='height', win=Window(...), wrapWidth=1)
9.0799 	EXP 	Created sendInst2 = TextStim(__class__=<class 'psychopy.visual.text.TextStim'>, alignHoriz='center', alignVert='center', antialias=True, autoLog=True, bold=False, color='white', colorSpace='named', contrast=1.0, depth=0.0, flipHoriz=False, flipVert=False, font='Arial', fontFiles=[], height=0.045, italic=False, languageStyle='LTR', name='sendInst2', opacity=1.0, ori=0, pos=array([ 0.  , -0.15]), rgb=array([255., 255., 255.]), text='default text', units='height', win=Window(...), wrapWidth=1.4)
9.0833 	EXP 	Created Player2Name = TextStim(__class__=<class 'psychopy.visual.text.TextStim'>, alignHoriz='center', alignVert='center', antialias=True, autoLog=True, bold=False, color='white', colorSpace='named', contrast=1.0, depth=-1.0, flipHoriz=False, flipVert=False, font='Arial', fontFiles=[], height=0.06, italic=False, languageStyle='LTR', name='Player2Name', opacity=1.0, ori=0, pos=array([0. , 0.2]), rgb=array([255., 255., 255.]), text='default text', units='height', win=Window(...), wrapWidth=1)
9.0852 	EXP 	Created Player2Pic = ImageStim(__class__=<class 'psychopy.visual.image.ImageStim'>, autoLog=True, color=array([1., 1., 1.]), colorSpace='rgb', contrast=1.0, depth=-2.0, flipHoriz=False, flipVert=False, image='sin', interpolate=True, mask=None, maskParams=None, name='Player2Pic', opacity=1.0, ori=0.0, pos=array([0., 0.]), size=array([1., 1.]), texRes=128, units='height', win=Window(...))
9.0856 	EXP 	Created text2 = TextStim(__class__=<class 'psychopy.visual.text.TextStim'>, alignHoriz='center', alignVert='center', antialias=True, autoLog=True, bold=False, color='white', colorSpace='named', contrast=1.0, depth=-3.0, flipHoriz=False, flipVert=False, font='Arial', fontFiles=[], height=0.1, italic=False, languageStyle='LTR', name='text2', opacity=1.0, ori=0, pos=array([0., 0.]), rgb=array([255., 255., 255.]), text='', units='height', win=Window(...), wrapWidth=1)
9.1054 	EXP 	Created dollar2 = TextStim(__class__=<class 'psychopy.visual.text.TextStim'>, alignHoriz='center', alignVert='center', antialias=True, autoLog=True, bold=False, color='white', colorSpace='named', contrast=1.0, depth=-6.0, flipHoriz=False, flipVert=False, font='Arial', fontFiles=[], height=0.1, italic=False, languageStyle='LTR', name='dollar2', opacity=1.0, ori=0, pos=array([0., 0.]), rgb=array([255., 255., 255.]), text='default text', units='height', win=Window(...), wrapWidth=1)
9.1100 	EXP 	Created Feedback2 = TextStim(__class__=<class 'psychopy.visual.text.TextStim'>, alignHoriz='center', alignVert='center', antialias=True, autoLog=True, bold=False, color='white', colorSpace='named', contrast=1.0, depth=-1.0, flipHoriz=False, flipVert=False, font='Arial', fontFiles=[], height=0.1, italic=False, languageStyle='LTR', name='Feedback2', opacity=1.0, ori=0, pos=array([0., 0.]), rgb=array([255., 255., 255.]), text='default text', units='height', win=Window(...), wrapWidth=1)
9.1405 	EXP 	Instructions: autoDraw = True
9.7230 	DATA 	Mouse: Left button down, pos=(768,742)
9.8227 	DATA 	Mouse:  Left button up, pos=(768,742)
10.3152 	EXP 	Imported DictatorGame.xlsx as conditions, 6 conditions, 3 params
10.3154 	EXP 	Created sequence: random, trialTypes=6, nReps=1, seed=None
10.3156 	EXP 	New trial (rep=0, index=0): OrderedDict([('Rows', '011:020'), ('CueType1', 'REACT'), ('CueType2', 'REGULATE')])
10.3182 	DATA 	Keypress: space
10.3220 	EXP 	Instructions: autoDraw = False
10.3220 	EXP 	isiText: autoDraw = True
12.3289 	EXP 	isiText: autoDraw = False
12.3289 	EXP 	cueText: text = ''
12.3289 	EXP 	cueText: text = 'REGULATE'
12.3289 	EXP 	cueText: autoDraw = True
17.3077 	EXP 	cueText: autoDraw = False
17.3077 	EXP 	isiText: autoDraw = True
19.2991 	EXP 	Imported spreadsheet5.xlsx as conditions, 9 conditions, 2 params
19.2993 	EXP 	Created sequence: random, trialTypes=9, nReps=1, seed=None
19.2995 	EXP 	New trial (rep=0, index=0): OrderedDict([('nReps1', 1), ('nReps2', 1)])
19.2996 	EXP 	Created sequence: sequential, trialTypes=1, nReps=1, seed=None
19.2998 	EXP 	New trial (rep=0, index=0): None
19.4052 	EXP 	isiText: autoDraw = False
19.4052 	EXP 	sendInstructions: text = 'You have been given $5 to use. You have the opportunity to send money to Player 1. You may give them all or none of the money, or any amount in between, using increments of $1. Therefore you can choose to give them $0, $1, $2, $3, $4, or $5.\nThe amount of money you send to them will be tripled, and Player 1 will then have the opportunity to give some money amount back to you. \n\n\nPlease indicate how many dollars you will give to Player 1:\n'
19.4052 	EXP 	Player1Name: text = 'Player 1'
19.4052 	EXP 	Player1Pic: pos = array([0.  , 0.36])
19.4052 	EXP 	Player1Pic: size = array([0.2, 0.2])
19.4052 	EXP 	Player1Pic: image = '1patterns.png'
19.4052 	EXP 	text: text = ''
19.4052 	EXP 	text: text = ''
19.4052 	EXP 	Player1Pic: image = '1patterns.png'
19.4052 	EXP 	dollarSign: text = '$'
19.4052 	EXP 	sendInstructions: autoDraw = True
19.4052 	EXP 	Player1Name: autoDraw = True
19.4052 	EXP 	Player1Pic: autoDraw = True
19.4052 	EXP 	text: autoDraw = True
19.4052 	EXP 	dollarSign: autoDraw = True
22.5811 	DATA 	Keypress: 3
22.5955 	EXP 	text: text = '3'
24.0654 	DATA 	Keypress: return
24.1157 	EXP 	sendInstructions: autoDraw = False
24.1157 	EXP 	Player1Name: autoDraw = False
24.1157 	EXP 	Player1Pic: autoDraw = False
24.1157 	EXP 	text: autoDraw = False
24.1157 	EXP 	dollarSign: autoDraw = False
24.1157 	EXP 	Feedback: text = 'You gave Player 1 $3\n\nPlayer 1 received  $9\n\nPlayer 1 chose to give you $1'
24.1157 	EXP 	Feedback: autoDraw = True
28.6007 	EXP 	Feedback: autoDraw = False
28.6007 	EXP 	isiText: autoDraw = True
30.5691 	EXP 	Created sequence: sequential, trialTypes=1, nReps=1, seed=None
30.5692 	EXP 	New trial (rep=0, index=0): None
30.6564 	EXP 	isiText: autoDraw = False
30.6564 	EXP 	sendInst2: text = 'You have been given$5 to use. You have the opportunity to send money to Player 1. You may give them all or none of the money, or any amount in between, using increments of $1. Therefore you can choose to give them $0, $1, $2, $3, $4, or $5.\nThe amount of money you send to them will be tripled, and Player 1 will then have the opportunity to give some money amount back to you. \n\nPlease type how much money you would like to give Player 1 : '
30.6564 	EXP 	Player2Name: text = 'Player 2'
30.6564 	EXP 	Player2Pic: pos = array([0.  , 0.36])
30.6564 	EXP 	Player2Pic: size = array([0.2, 0.2])
30.6564 	EXP 	Player2Pic: image = '3pattern.png'
30.6564 	EXP 	Player2Pic: image = '3pattern.png'
30.6564 	EXP 	text: text = ''
30.6564 	EXP 	dollar2: text = '$'
30.6564 	EXP 	sendInst2: autoDraw = True
30.6564 	EXP 	Player2Name: autoDraw = True
30.6564 	EXP 	Player2Pic: autoDraw = True
30.6564 	EXP 	text2: autoDraw = True
30.6564 	EXP 	dollar2: autoDraw = True
33.1400 	DATA 	Keypress: 3
33.1545 	EXP 	text: text = '3'
34.3408 	DATA 	Keypress: 3
34.3558 	EXP 	text: text = '33'
36.3754 	DATA 	Keypress: 3
36.3904 	EXP 	text: text = '333'
36.5440 	DATA 	Keypress: 3
36.5575 	EXP 	text: text = '3333'
36.7605 	DATA 	Keypress: 4
36.7756 	EXP 	text: text = '33334'
36.9423 	DATA 	Keypress: 4
36.9573 	EXP 	text: text = '333344'
37.2261 	DATA 	Keypress: 5
37.2416 	EXP 	text: text = '3333445'
37.4771 	DATA 	Keypress: 6
37.9103 	DATA 	Keypress: 4
37.9251 	EXP 	text: text = '33334454'
38.0301 	DATA 	Keypress: 5
38.0583 	EXP 	text: text = '333344545'
38.2608 	DATA 	Keypress: 4
38.2757 	EXP 	text: text = '3333445454'
38.3600 	DATA 	Keypress: 5
38.3752 	EXP 	text: text = '33334454545'
38.7439 	DATA 	Keypress: return
38.8025 	EXP 	sendInst2: autoDraw = False
38.8025 	EXP 	Player2Name: autoDraw = False
38.8025 	EXP 	Player2Pic: autoDraw = False
38.8025 	EXP 	text2: autoDraw = False
38.8025 	EXP 	dollar2: autoDraw = False
38.8025 	EXP 	Feedback2: text = 'You gave Player 1 $5\n\nPlayer 1 received  $15\n\nPlayer 1 chose to give you $1'
38.8025 	EXP 	Feedback2: autoDraw = True
42.7629 	EXP 	New trial (rep=0, index=1): OrderedDict([('nReps1', 1), ('nReps2', 1)])
42.7631 	EXP 	Created sequence: sequential, trialTypes=1, nReps=1, seed=None
42.7632 	EXP 	New trial (rep=0, index=0): None
42.7923 	EXP 	Feedback2: autoDraw = False
42.7923 	EXP 	sendInstructions: text = 'You have been given $5 to use. You have the opportunity to send money to Player 1. You may give them all or none of the money, or any amount in between, using increments of $1. Therefore you can choose to give them $0, $1, $2, $3, $4, or $5.\nThe amount of money you send to them will be tripled, and Player 1 will then have the opportunity to give some money amount back to you. \n\n\nPlease indicate how many dollars you will give to Player 1:\n'
42.7923 	EXP 	Player1Name: text = 'Player 1'
42.7923 	EXP 	Player1Pic: pos = array([0.  , 0.36])
42.7923 	EXP 	Player1Pic: size = array([0.2, 0.2])
42.7923 	EXP 	Player1Pic: image = '1patterns.png'
42.7923 	EXP 	text: text = ''
42.7923 	EXP 	text: text = ''
42.7923 	EXP 	Player1Pic: image = '1patterns.png'
42.7923 	EXP 	dollarSign: text = '$'
42.7923 	EXP 	sendInstructions: autoDraw = True
42.7923 	EXP 	Player1Name: autoDraw = True
42.7923 	EXP 	Player1Pic: autoDraw = True
42.7923 	EXP 	text: autoDraw = True
42.7923 	EXP 	dollarSign: autoDraw = True
44.5491 	DATA 	Keypress: escape
44.6614 	EXP 	window1: mouseVisible = True
