8.6771 	WARNING 	User requested fullscreen with size [1024  768], but screen is actually [1920, 1200]. Using actual size
9.8839 	EXP 	Created window1 = Window(allowGUI=False, allowStencil=False, args=UNKNOWN, autoLog=True, bitsMode=UNKNOWN, blendMode='avg', color=array([0., 0., 0.]), colorSpace='rgb', fullscr=<method-wrapper '__getattribute__' of attributeSetter object at 0x00000261E862C898>, gamma=None, gammaErrorPolicy='raise', kwargs=UNKNOWN, lms=UNKNOWN, monitor=<psychopy.monitors.calibTools.Monitor object at 0x00000261E87BD0B8>, multiSample=False, name='window1', numSamples=2, pos=[0.0, 0.0], screen=0, size=array([1920, 1200]), stereo=False, units='height', useFBO=True, useRetina=False, viewOri=0.0, viewPos=None, viewScale=None, waitBlanking=True, winType='pyglet')
9.8840 	EXP 	window1: recordFrameIntervals = False
10.0499 	EXP 	window1: recordFrameIntervals = True
10.2336 	EXP 	window1: recordFrameIntervals = False
10.4799 	EXP 	Created Instructions = TextStim(__class__=<class 'psychopy.visual.text.TextStim'>, alignHoriz='center', alignVert='center', antialias=True, autoLog=True, bold=False, color='white', colorSpace='named', contrast=1.0, depth=0.0, flipHoriz=False, flipVert=False, font='Arial', fontFiles=[], height=0.045, italic=False, languageStyle='LTR', name='Instructions', opacity=1.0, ori=0, pos=array([0., 0.]), rgb=array([255., 255., 255.]), text=str(...), units='height', win=Window(...), wrapWidth=1.45)
10.4912 	EXP 	Created isiText = TextStim(__class__=<class 'psychopy.visual.text.TextStim'>, alignHoriz='center', alignVert='center', antialias=True, autoLog=True, bold=False, color='white', colorSpace='named', contrast=1.0, depth=0.0, flipHoriz=False, flipVert=False, font='Arial', fontFiles=[], height=0.12, italic=False, languageStyle='LTR', name='isiText', opacity=1.0, ori=0, pos=array([0., 0.]), rgb=array([255., 255., 255.]), text='+', units='height', win=Window(...), wrapWidth=1)
10.4922 	EXP 	Created cueText = TextStim(__class__=<class 'psychopy.visual.text.TextStim'>, alignHoriz='center', alignVert='center', antialias=True, autoLog=True, bold=False, color='white', colorSpace='named', contrast=1.0, depth=0.0, flipHoriz=False, flipVert=False, font='Arial', fontFiles=[], height=0.1, italic=False, languageStyle='LTR', name='cueText', opacity=1.0, ori=0, pos=array([0., 0.]), rgb=array([255., 255., 255.]), text='', units='height', win=Window(...), wrapWidth=1)
10.4938 	EXP 	Created isiText = TextStim(__class__=<class 'psychopy.visual.text.TextStim'>, alignHoriz='center', alignVert='center', antialias=True, autoLog=True, bold=False, color='white', colorSpace='named', contrast=1.0, depth=0.0, flipHoriz=False, flipVert=False, font='Arial', fontFiles=[], height=0.12, italic=False, languageStyle='LTR', name='isiText', opacity=1.0, ori=0, pos=array([0., 0.]), rgb=array([255., 255., 255.]), text='+', units='height', win=Window(...), wrapWidth=1)
10.5053 	EXP 	Created sendInstructions = TextStim(__class__=<class 'psychopy.visual.text.TextStim'>, alignHoriz='center', alignVert='center', antialias=True, autoLog=True, bold=False, color='white', colorSpace='named', contrast=1.0, depth=0.0, flipHoriz=False, flipVert=False, font='Arial', fontFiles=[], height=0.04, italic=False, languageStyle='LTR', name='sendInstructions', opacity=1.0, ori=0, pos=array([ 0.  , -0.11]), rgb=array([255., 255., 255.]), text='default text', units='height', win=Window(...), wrapWidth=1.4)
10.5215 	EXP 	Created Player1Name = TextStim(__class__=<class 'psychopy.visual.text.TextStim'>, alignHoriz='center', alignVert='center', antialias=True, autoLog=True, bold=False, color='white', colorSpace='named', contrast=1.0, depth=-1.0, flipHoriz=False, flipVert=False, font='Arial', fontFiles=[], height=0.06, italic=False, languageStyle='LTR', name='Player1Name', opacity=1.0, ori=0, pos=array([0. , 0.2]), rgb=array([255., 255., 255.]), text='default text', units='height', win=Window(...), wrapWidth=1)
10.5239 	EXP 	Created Player1Pic = ImageStim(__class__=<class 'psychopy.visual.image.ImageStim'>, autoLog=True, color=array([1., 1., 1.]), colorSpace='rgb', contrast=1.0, depth=-2.0, flipHoriz=False, flipVert=False, image='sin', interpolate=True, mask=None, maskParams=None, name='Player1Pic', opacity=1.0, ori=0.0, pos=array([0., 0.]), size=array([1., 1.]), texRes=128, units='height', win=Window(...))
10.5248 	EXP 	Created text = TextStim(__class__=<class 'psychopy.visual.text.TextStim'>, alignHoriz='center', alignVert='center', antialias=True, autoLog=True, bold=False, color='white', colorSpace='named', contrast=1.0, depth=-4.0, flipHoriz=False, flipVert=False, font='Arial', fontFiles=[], height=0.07, italic=False, languageStyle='LTR', name='text', opacity=1.0, ori=0, pos=array([ 0.  , -0.35]), rgb=array([255., 255., 255.]), text='', units='height', win=Window(...), wrapWidth=1)
10.5371 	EXP 	Created dollarSign = TextStim(__class__=<class 'psychopy.visual.text.TextStim'>, alignHoriz='center', alignVert='center', antialias=True, autoLog=True, bold=False, color='white', colorSpace='named', contrast=1.0, depth=-6.0, flipHoriz=False, flipVert=False, font='Arial', fontFiles=[], height=0.07, italic=False, languageStyle='LTR', name='dollarSign', opacity=1.0, ori=0, pos=array([-0.05, -0.35]), rgb=array([255., 255., 255.]), text='default text', units='height', win=Window(...), wrapWidth=1)
10.5402 	EXP 	Created Feedback = TextStim(__class__=<class 'psychopy.visual.text.TextStim'>, alignHoriz='center', alignVert='center', antialias=True, autoLog=True, bold=False, color='white', colorSpace='named', contrast=1.0, depth=-1.0, flipHoriz=False, flipVert=False, font='Arial', fontFiles=[], height=0.07, italic=False, languageStyle='LTR', name='Feedback', opacity=1.0, ori=0, pos=array([0., 0.]), rgb=array([255., 255., 255.]), text='default text', units='height', win=Window(...), wrapWidth=1)
10.5422 	EXP 	Created isiText = TextStim(__class__=<class 'psychopy.visual.text.TextStim'>, alignHoriz='center', alignVert='center', antialias=True, autoLog=True, bold=False, color='white', colorSpace='named', contrast=1.0, depth=0.0, flipHoriz=False, flipVert=False, font='Arial', fontFiles=[], height=0.12, italic=False, languageStyle='LTR', name='isiText', opacity=1.0, ori=0, pos=array([0., 0.]), rgb=array([255., 255., 255.]), text='+', units='height', win=Window(...), wrapWidth=1)
10.5452 	EXP 	Created sendInst2 = TextStim(__class__=<class 'psychopy.visual.text.TextStim'>, alignHoriz='center', alignVert='center', antialias=True, autoLog=True, bold=False, color='white', colorSpace='named', contrast=1.0, depth=0.0, flipHoriz=False, flipVert=False, font='Arial', fontFiles=[], height=0.04, italic=False, languageStyle='LTR', name='sendInst2', opacity=1.0, ori=0, pos=array([ 0.  , -0.11]), rgb=array([255., 255., 255.]), text='default text', units='height', win=Window(...), wrapWidth=1.4)
10.5489 	EXP 	Created Player2Name = TextStim(__class__=<class 'psychopy.visual.text.TextStim'>, alignHoriz='center', alignVert='center', antialias=True, autoLog=True, bold=False, color='white', colorSpace='named', contrast=1.0, depth=-1.0, flipHoriz=False, flipVert=False, font='Arial', fontFiles=[], height=0.06, italic=False, languageStyle='LTR', name='Player2Name', opacity=1.0, ori=0, pos=array([0. , 0.2]), rgb=array([255., 255., 255.]), text='default text', units='height', win=Window(...), wrapWidth=1)
10.5507 	EXP 	Created Player2Pic = ImageStim(__class__=<class 'psychopy.visual.image.ImageStim'>, autoLog=True, color=array([1., 1., 1.]), colorSpace='rgb', contrast=1.0, depth=-2.0, flipHoriz=False, flipVert=False, image='sin', interpolate=True, mask=None, maskParams=None, name='Player2Pic', opacity=1.0, ori=0.0, pos=array([0., 0.]), size=array([1., 1.]), texRes=128, units='height', win=Window(...))
10.5511 	EXP 	Created text_2 = TextStim(__class__=<class 'psychopy.visual.text.TextStim'>, alignHoriz='center', alignVert='center', antialias=True, autoLog=True, bold=False, color='white', colorSpace='named', contrast=1.0, depth=-3.0, flipHoriz=False, flipVert=False, font='Arial', fontFiles=[], height=0.07, italic=False, languageStyle='LTR', name='text_2', opacity=1.0, ori=0, pos=array([ 0.  , -0.35]), rgb=array([255., 255., 255.]), text='', units='height', win=Window(...), wrapWidth=1)
10.5540 	EXP 	Created dollar2 = TextStim(__class__=<class 'psychopy.visual.text.TextStim'>, alignHoriz='center', alignVert='center', antialias=True, autoLog=True, bold=False, color='white', colorSpace='named', contrast=1.0, depth=-6.0, flipHoriz=False, flipVert=False, font='Arial', fontFiles=[], height=0.07, italic=False, languageStyle='LTR', name='dollar2', opacity=1.0, ori=0, pos=array([-0.05, -0.35]), rgb=array([255., 255., 255.]), text='default text', units='height', win=Window(...), wrapWidth=1)
10.5570 	EXP 	Created Feedback2 = TextStim(__class__=<class 'psychopy.visual.text.TextStim'>, alignHoriz='center', alignVert='center', antialias=True, autoLog=True, bold=False, color='white', colorSpace='named', contrast=1.0, depth=-1.0, flipHoriz=False, flipVert=False, font='Arial', fontFiles=[], height=0.07, italic=False, languageStyle='LTR', name='Feedback2', opacity=1.0, ori=0, pos=array([0., 0.]), rgb=array([255., 255., 255.]), text='default text', units='height', win=Window(...), wrapWidth=1)
10.5866 	EXP 	Created tyText = TextStim(__class__=<class 'psychopy.visual.text.TextStim'>, alignHoriz='center', alignVert='center', antialias=True, autoLog=True, bold=False, color='white', colorSpace='named', contrast=1.0, depth=0.0, flipHoriz=False, flipVert=False, font='Arial', fontFiles=[], height=0.1, italic=False, languageStyle='LTR', name='tyText', opacity=1.0, ori=0, pos=array([0., 0.]), rgb=array([255., 255., 255.]), text='Thank you for playing!', units='height', win=Window(...), wrapWidth=1)
10.6173 	EXP 	Instructions: autoDraw = True
16.3514 	EXP 	Imported DictatorGame.xlsx as conditions, 6 conditions, 3 params
16.3516 	EXP 	Created sequence: random, trialTypes=6, nReps=1, seed=None
16.3518 	EXP 	New trial (rep=0, index=0): OrderedDict([('Rows', '041:050'), ('CueType1', 'REGULATE'), ('CueType2', 'REACT')])
16.3542 	DATA 	Keypress: space
16.3582 	EXP 	Instructions: autoDraw = False
16.3582 	EXP 	isiText: autoDraw = True
18.3605 	EXP 	isiText: autoDraw = False
18.3605 	EXP 	cueText: text = ''
18.3605 	EXP 	cueText: text = 'REACT'
18.3605 	EXP 	cueText: autoDraw = True
24.3457 	EXP 	cueText: autoDraw = False
24.3457 	EXP 	isiText: autoDraw = True
26.3362 	EXP 	Imported spreadsheet5.xlsx as conditions, 9 conditions, 2 params
26.3364 	EXP 	Created sequence: sequential, trialTypes=9, nReps=1, seed=None
26.3366 	EXP 	New trial (rep=0, index=0): OrderedDict([('nReps1', 1), ('nReps2', 1)])
26.3367 	EXP 	Created sequence: sequential, trialTypes=1, nReps=1, seed=None
26.3368 	EXP 	New trial (rep=0, index=0): None
26.4748 	EXP 	isiText: autoDraw = False
26.4748 	EXP 	sendInstructions: text = 'You have been given $5 to use. You have the opportunity to send money to Player 1. You may give them all or none of the money, or any amount in between, using increments of $1. Therefore you can choose to give them $0, $1, $2, $3, $4, or $5.\nThe amount of money you send to them will be tripled, and Player 1 will then have the opportunity to give some money amount back to you. \n\n\nPlease indicate how many dollars you will give to Player 1:\n'
26.4748 	EXP 	Player1Name: text = 'Player 1'
26.4748 	EXP 	Player1Pic: pos = array([0.  , 0.36])
26.4748 	EXP 	Player1Pic: size = array([0.2, 0.2])
26.4748 	EXP 	Player1Pic: image = '1patterns.png'
26.4748 	EXP 	text: text = ''
26.4748 	EXP 	text: text = ''
26.4748 	EXP 	Player1Pic: image = '1patterns.png'
26.4748 	EXP 	dollarSign: text = '$'
26.4748 	EXP 	sendInstructions: autoDraw = True
26.4748 	EXP 	Player1Name: autoDraw = True
26.4748 	EXP 	Player1Pic: autoDraw = True
26.4748 	EXP 	text: autoDraw = True
26.4748 	EXP 	dollarSign: autoDraw = True
34.0051 	DATA 	Keypress: 1
34.0196 	EXP 	text: text = '1'
34.9884 	DATA 	Keypress: return
35.0337 	EXP 	sendInstructions: autoDraw = False
35.0337 	EXP 	Player1Name: autoDraw = False
35.0337 	EXP 	Player1Pic: autoDraw = False
35.0337 	EXP 	text: autoDraw = False
35.0337 	EXP 	dollarSign: autoDraw = False
35.0337 	EXP 	Feedback: text = 'You gave Player 1 $1\n\nPlayer 1 received  $3\n\nPlayer 1 chose to give you $1'
35.0337 	EXP 	Feedback: autoDraw = True
40.0077 	EXP 	Feedback: autoDraw = False
40.0077 	EXP 	isiText: autoDraw = True
41.9935 	EXP 	Created sequence: sequential, trialTypes=1, nReps=1, seed=None
41.9936 	EXP 	New trial (rep=0, index=0): None
42.0657 	EXP 	isiText: autoDraw = False
42.0657 	EXP 	sendInst2: text = 'You have been given $5 to use. You have the opportunity to send money to Player 2. You may give them all or none of the money, or any amount in between, using increments of $1. Therefore you can choose to give them $0, $1, $2, $3, $4, or $5.\nThe amount of money you send to them will be tripled, and Player 2 will then have the opportunity to give some money amount back to you. \n\nPlease type how much money you would like to give Player 2 : '
42.0657 	EXP 	Player2Name: text = 'Player 2'
42.0657 	EXP 	Player2Pic: pos = array([0.  , 0.36])
42.0657 	EXP 	Player2Pic: size = array([0.2, 0.2])
42.0657 	EXP 	Player2Pic: image = '3pattern.png'
42.0657 	EXP 	Player2Pic: image = '3pattern.png'
42.0657 	EXP 	text_2: text = ''
42.0657 	EXP 	dollar2: text = '$'
42.0657 	EXP 	sendInst2: autoDraw = True
42.0657 	EXP 	Player2Name: autoDraw = True
42.0657 	EXP 	Player2Pic: autoDraw = True
42.0657 	EXP 	text_2: autoDraw = True
42.0657 	EXP 	dollar2: autoDraw = True
43.8993 	DATA 	Keypress: 2
43.9275 	EXP 	text_2: text = '2'
44.8138 	DATA 	Keypress: return
44.8520 	EXP 	sendInst2: autoDraw = False
44.8520 	EXP 	Player2Name: autoDraw = False
44.8520 	EXP 	Player2Pic: autoDraw = False
44.8520 	EXP 	text_2: autoDraw = False
44.8520 	EXP 	dollar2: autoDraw = False
44.8520 	EXP 	Feedback2: text = 'You gave Player 2 $2\n\nPlayer 2 received  $6\n\nPlayer 2 chose to give you $4'
44.8520 	EXP 	Feedback2: autoDraw = True
49.8335 	EXP 	New trial (rep=0, index=1): OrderedDict([('nReps1', 0), ('nReps2', 0)])
49.8337 	EXP 	Created sequence: sequential, trialTypes=1, nReps=0, seed=None
49.8493 	EXP 	Feedback2: autoDraw = False
49.8493 	EXP 	isiText: autoDraw = True
51.8186 	EXP 	Created sequence: sequential, trialTypes=1, nReps=0, seed=None
51.8189 	EXP 	New trial (rep=0, index=2): OrderedDict([('nReps1', 0), ('nReps2', 0)])
51.8190 	EXP 	Created sequence: sequential, trialTypes=1, nReps=0, seed=None
51.8348 	EXP 	isiText: autoDraw = False
51.8348 	EXP 	isiText: autoDraw = True
53.8200 	EXP 	Created sequence: sequential, trialTypes=1, nReps=0, seed=None
53.8202 	EXP 	New trial (rep=0, index=3): OrderedDict([('nReps1', 1), ('nReps2', 1)])
53.8204 	EXP 	Created sequence: sequential, trialTypes=1, nReps=1, seed=None
53.8205 	EXP 	New trial (rep=0, index=0): None
53.8476 	EXP 	isiText: autoDraw = False
53.8476 	EXP 	sendInstructions: text = 'You have been given $5 to use. You have the opportunity to send money to Player 1. You may give them all or none of the money, or any amount in between, using increments of $1. Therefore you can choose to give them $0, $1, $2, $3, $4, or $5.\nThe amount of money you send to them will be tripled, and Player 1 will then have the opportunity to give some money amount back to you. \n\n\nPlease indicate how many dollars you will give to Player 1:\n'
53.8476 	EXP 	Player1Name: text = 'Player 1'
53.8476 	EXP 	Player1Pic: pos = array([0.  , 0.36])
53.8476 	EXP 	Player1Pic: size = array([0.2, 0.2])
53.8476 	EXP 	Player1Pic: image = '1patterns.png'
53.8476 	EXP 	text: text = ''
53.8476 	EXP 	text: text = ''
53.8476 	EXP 	Player1Pic: image = '1patterns.png'
53.8476 	EXP 	dollarSign: text = '$'
53.8476 	EXP 	sendInstructions: autoDraw = True
53.8476 	EXP 	Player1Name: autoDraw = True
53.8476 	EXP 	Player1Pic: autoDraw = True
53.8476 	EXP 	text: autoDraw = True
53.8476 	EXP 	dollarSign: autoDraw = True
57.6270 	DATA 	Keypress: escape
57.7305 	EXP 	window1: mouseVisible = True
