7.1444 	WARNING 	User requested fullscreen with size [1024  768], but screen is actually [1920, 1200]. Using actual size
8.2054 	EXP 	Created window1 = Window(allowGUI=False, allowStencil=False, args=UNKNOWN, autoLog=True, bitsMode=UNKNOWN, blendMode='avg', color=array([0., 0., 0.]), colorSpace='rgb', fullscr=<method-wrapper '__getattribute__' of attributeSetter object at 0x00000278B7F2D9E8>, gamma=None, gammaErrorPolicy='raise', kwargs=UNKNOWN, lms=UNKNOWN, monitor=<psychopy.monitors.calibTools.Monitor object at 0x00000278B7E4C208>, multiSample=False, name='window1', numSamples=2, pos=[0.0, 0.0], screen=0, size=array([1920, 1200]), stereo=False, units='height', useFBO=True, useRetina=False, viewOri=0.0, viewPos=None, viewScale=None, waitBlanking=True, winType='pyglet')
8.2055 	EXP 	window1: recordFrameIntervals = False
8.3713 	EXP 	window1: recordFrameIntervals = True
8.5559 	EXP 	window1: recordFrameIntervals = False
8.7983 	EXP 	Created Instructions = TextStim(__class__=<class 'psychopy.visual.text.TextStim'>, alignHoriz='center', alignVert='center', antialias=True, autoLog=True, bold=False, color='white', colorSpace='named', contrast=1.0, depth=0.0, flipHoriz=False, flipVert=False, font='Arial', fontFiles=[], height=0.045, italic=False, languageStyle='LTR', name='Instructions', opacity=1.0, ori=0, pos=array([0., 0.]), rgb=array([255., 255., 255.]), text=str(...), units='height', win=Window(...), wrapWidth=1.45)
8.8114 	EXP 	Created isiText = TextStim(__class__=<class 'psychopy.visual.text.TextStim'>, alignHoriz='center', alignVert='center', antialias=True, autoLog=True, bold=False, color='white', colorSpace='named', contrast=1.0, depth=0.0, flipHoriz=False, flipVert=False, font='Arial', fontFiles=[], height=0.12, italic=False, languageStyle='LTR', name='isiText', opacity=1.0, ori=0, pos=array([0., 0.]), rgb=array([255., 255., 255.]), text='+', units='height', win=Window(...), wrapWidth=1)
8.8124 	EXP 	Created cueText = TextStim(__class__=<class 'psychopy.visual.text.TextStim'>, alignHoriz='center', alignVert='center', antialias=True, autoLog=True, bold=False, color='white', colorSpace='named', contrast=1.0, depth=0.0, flipHoriz=False, flipVert=False, font='Arial', fontFiles=[], height=0.1, italic=False, languageStyle='LTR', name='cueText', opacity=1.0, ori=0, pos=array([0., 0.]), rgb=array([255., 255., 255.]), text='', units='height', win=Window(...), wrapWidth=1)
8.8141 	EXP 	Created isiText = TextStim(__class__=<class 'psychopy.visual.text.TextStim'>, alignHoriz='center', alignVert='center', antialias=True, autoLog=True, bold=False, color='white', colorSpace='named', contrast=1.0, depth=0.0, flipHoriz=False, flipVert=False, font='Arial', fontFiles=[], height=0.12, italic=False, languageStyle='LTR', name='isiText', opacity=1.0, ori=0, pos=array([0., 0.]), rgb=array([255., 255., 255.]), text='+', units='height', win=Window(...), wrapWidth=1)
8.8263 	EXP 	Created sendInstructions = TextStim(__class__=<class 'psychopy.visual.text.TextStim'>, alignHoriz='center', alignVert='center', antialias=True, autoLog=True, bold=False, color='white', colorSpace='named', contrast=1.0, depth=0.0, flipHoriz=False, flipVert=False, font='Arial', fontFiles=[], height=0.04, italic=False, languageStyle='LTR', name='sendInstructions', opacity=1.0, ori=0, pos=array([ 0.  , -0.11]), rgb=array([255., 255., 255.]), text='default text', units='height', win=Window(...), wrapWidth=1.4)
8.8429 	EXP 	Created Player1Name = TextStim(__class__=<class 'psychopy.visual.text.TextStim'>, alignHoriz='center', alignVert='center', antialias=True, autoLog=True, bold=False, color='white', colorSpace='named', contrast=1.0, depth=-1.0, flipHoriz=False, flipVert=False, font='Arial', fontFiles=[], height=0.06, italic=False, languageStyle='LTR', name='Player1Name', opacity=1.0, ori=0, pos=array([0. , 0.2]), rgb=array([255., 255., 255.]), text='default text', units='height', win=Window(...), wrapWidth=1)
8.8452 	EXP 	Created Player1Pic = ImageStim(__class__=<class 'psychopy.visual.image.ImageStim'>, autoLog=True, color=array([1., 1., 1.]), colorSpace='rgb', contrast=1.0, depth=-2.0, flipHoriz=False, flipVert=False, image='sin', interpolate=True, mask=None, maskParams=None, name='Player1Pic', opacity=1.0, ori=0.0, pos=array([0., 0.]), size=array([1., 1.]), texRes=128, units='height', win=Window(...))
8.8462 	EXP 	Created text = TextStim(__class__=<class 'psychopy.visual.text.TextStim'>, alignHoriz='center', alignVert='center', antialias=True, autoLog=True, bold=False, color='white', colorSpace='named', contrast=1.0, depth=-4.0, flipHoriz=False, flipVert=False, font='Arial', fontFiles=[], height=0.07, italic=False, languageStyle='LTR', name='text', opacity=1.0, ori=0, pos=array([ 0.  , -0.35]), rgb=array([255., 255., 255.]), text='', units='height', win=Window(...), wrapWidth=1)
8.8605 	EXP 	Created dollarSign = TextStim(__class__=<class 'psychopy.visual.text.TextStim'>, alignHoriz='center', alignVert='center', antialias=True, autoLog=True, bold=False, color='white', colorSpace='named', contrast=1.0, depth=-6.0, flipHoriz=False, flipVert=False, font='Arial', fontFiles=[], height=0.07, italic=False, languageStyle='LTR', name='dollarSign', opacity=1.0, ori=0, pos=array([-0.05, -0.35]), rgb=array([255., 255., 255.]), text='default text', units='height', win=Window(...), wrapWidth=1)
8.8637 	EXP 	Created Feedback = TextStim(__class__=<class 'psychopy.visual.text.TextStim'>, alignHoriz='center', alignVert='center', antialias=True, autoLog=True, bold=False, color='white', colorSpace='named', contrast=1.0, depth=-1.0, flipHoriz=False, flipVert=False, font='Arial', fontFiles=[], height=0.07, italic=False, languageStyle='LTR', name='Feedback', opacity=1.0, ori=0, pos=array([0., 0.]), rgb=array([255., 255., 255.]), text='default text', units='height', win=Window(...), wrapWidth=1)
8.8658 	EXP 	Created isiText = TextStim(__class__=<class 'psychopy.visual.text.TextStim'>, alignHoriz='center', alignVert='center', antialias=True, autoLog=True, bold=False, color='white', colorSpace='named', contrast=1.0, depth=0.0, flipHoriz=False, flipVert=False, font='Arial', fontFiles=[], height=0.12, italic=False, languageStyle='LTR', name='isiText', opacity=1.0, ori=0, pos=array([0., 0.]), rgb=array([255., 255., 255.]), text='+', units='height', win=Window(...), wrapWidth=1)
8.8692 	EXP 	Created sendInst2 = TextStim(__class__=<class 'psychopy.visual.text.TextStim'>, alignHoriz='center', alignVert='center', antialias=True, autoLog=True, bold=False, color='white', colorSpace='named', contrast=1.0, depth=0.0, flipHoriz=False, flipVert=False, font='Arial', fontFiles=[], height=0.04, italic=False, languageStyle='LTR', name='sendInst2', opacity=1.0, ori=0, pos=array([ 0.  , -0.11]), rgb=array([255., 255., 255.]), text='default text', units='height', win=Window(...), wrapWidth=1.4)
8.8726 	EXP 	Created Player2Name = TextStim(__class__=<class 'psychopy.visual.text.TextStim'>, alignHoriz='center', alignVert='center', antialias=True, autoLog=True, bold=False, color='white', colorSpace='named', contrast=1.0, depth=-1.0, flipHoriz=False, flipVert=False, font='Arial', fontFiles=[], height=0.06, italic=False, languageStyle='LTR', name='Player2Name', opacity=1.0, ori=0, pos=array([0. , 0.2]), rgb=array([255., 255., 255.]), text='default text', units='height', win=Window(...), wrapWidth=1)
8.8749 	EXP 	Created Player2Pic = ImageStim(__class__=<class 'psychopy.visual.image.ImageStim'>, autoLog=True, color=array([1., 1., 1.]), colorSpace='rgb', contrast=1.0, depth=-2.0, flipHoriz=False, flipVert=False, image='sin', interpolate=True, mask=None, maskParams=None, name='Player2Pic', opacity=1.0, ori=0.0, pos=array([0., 0.]), size=array([1., 1.]), texRes=128, units='height', win=Window(...))
8.8753 	EXP 	Created text_2 = TextStim(__class__=<class 'psychopy.visual.text.TextStim'>, alignHoriz='center', alignVert='center', antialias=True, autoLog=True, bold=False, color='white', colorSpace='named', contrast=1.0, depth=-3.0, flipHoriz=False, flipVert=False, font='Arial', fontFiles=[], height=0.07, italic=False, languageStyle='LTR', name='text_2', opacity=1.0, ori=0, pos=array([ 0.  , -0.35]), rgb=array([255., 255., 255.]), text='', units='height', win=Window(...), wrapWidth=1)
8.8785 	EXP 	Created dollar2 = TextStim(__class__=<class 'psychopy.visual.text.TextStim'>, alignHoriz='center', alignVert='center', antialias=True, autoLog=True, bold=False, color='white', colorSpace='named', contrast=1.0, depth=-6.0, flipHoriz=False, flipVert=False, font='Arial', fontFiles=[], height=0.07, italic=False, languageStyle='LTR', name='dollar2', opacity=1.0, ori=0, pos=array([-0.05, -0.35]), rgb=array([255., 255., 255.]), text='default text', units='height', win=Window(...), wrapWidth=1)
8.8817 	EXP 	Created Feedback2 = TextStim(__class__=<class 'psychopy.visual.text.TextStim'>, alignHoriz='center', alignVert='center', antialias=True, autoLog=True, bold=False, color='white', colorSpace='named', contrast=1.0, depth=-1.0, flipHoriz=False, flipVert=False, font='Arial', fontFiles=[], height=0.07, italic=False, languageStyle='LTR', name='Feedback2', opacity=1.0, ori=0, pos=array([0., 0.]), rgb=array([255., 255., 255.]), text='default text', units='height', win=Window(...), wrapWidth=1)
8.9155 	EXP 	Created tyText = TextStim(__class__=<class 'psychopy.visual.text.TextStim'>, alignHoriz='center', alignVert='center', antialias=True, autoLog=True, bold=False, color='white', colorSpace='named', contrast=1.0, depth=0.0, flipHoriz=False, flipVert=False, font='Arial', fontFiles=[], height=0.1, italic=False, languageStyle='LTR', name='tyText', opacity=1.0, ori=0, pos=array([0., 0.]), rgb=array([255., 255., 255.]), text='Thank you for playing!', units='height', win=Window(...), wrapWidth=1)
8.9474 	EXP 	Instructions: autoDraw = True
12.3451 	DATA 	Keypress: space
12.3882 	EXP 	Imported DictatorGame.xlsx as conditions, 6 conditions, 3 params
12.3884 	EXP 	Created sequence: random, trialTypes=6, nReps=1, seed=None
12.3886 	EXP 	New trial (rep=0, index=0): OrderedDict([('Rows', '011:020'), ('CueType1', 'REACT'), ('CueType2', 'REGULATE')])
12.3947 	EXP 	Instructions: autoDraw = False
12.3947 	EXP 	isiText: autoDraw = True
14.3988 	EXP 	isiText: autoDraw = False
14.3988 	EXP 	cueText: text = ''
14.3988 	EXP 	cueText: text = 'REGULATE'
14.3988 	EXP 	cueText: autoDraw = True
20.3809 	EXP 	cueText: autoDraw = False
20.3809 	EXP 	isiText: autoDraw = True
22.3730 	EXP 	Imported spreadsheet5.xlsx as conditions, 9 conditions, 1 params
22.3732 	EXP 	Created sequence: sequential, trialTypes=9, nReps=1, seed=None
22.3734 	EXP 	New trial (rep=0, index=0): OrderedDict([('selectBlock', 2)])
22.3752 	EXP 	Created sequence: random, trialTypes=1, nReps=0, seed=None
22.3844 	EXP 	isiText: autoDraw = False
22.3844 	EXP 	isiText: autoDraw = True
24.3697 	EXP 	Created sequence: random, trialTypes=1, nReps=0, seed=None
24.3699 	EXP 	New trial (rep=0, index=1): OrderedDict([('selectBlock', 1)])
24.3715 	EXP 	Created sequence: random, trialTypes=1, nReps=0, seed=None
24.3850 	EXP 	isiText: autoDraw = False
24.3850 	EXP 	isiText: autoDraw = False
24.3850 	EXP 	isiText: autoDraw = True
26.3721 	EXP 	Created sequence: random, trialTypes=1, nReps=0, seed=None
26.3723 	EXP 	New trial (rep=0, index=2): OrderedDict([('selectBlock', 1)])
26.3739 	EXP 	Created sequence: random, trialTypes=1, nReps=0, seed=None
26.3864 	EXP 	isiText: autoDraw = False
26.3864 	EXP 	isiText: autoDraw = False
26.3864 	EXP 	isiText: autoDraw = True
28.3733 	EXP 	Created sequence: random, trialTypes=1, nReps=0, seed=None
28.3734 	EXP 	New trial (rep=0, index=3): OrderedDict([('selectBlock', 2)])
28.3751 	EXP 	Created sequence: random, trialTypes=1, nReps=0, seed=None
28.3880 	EXP 	isiText: autoDraw = False
28.3880 	EXP 	isiText: autoDraw = False
28.3880 	EXP 	isiText: autoDraw = True
30.3754 	EXP 	Created sequence: random, trialTypes=1, nReps=0, seed=None
30.3756 	EXP 	New trial (rep=0, index=4): OrderedDict([('selectBlock', 2)])
30.3772 	EXP 	Created sequence: random, trialTypes=1, nReps=0, seed=None
30.3899 	EXP 	isiText: autoDraw = False
30.3899 	EXP 	isiText: autoDraw = False
30.3899 	EXP 	isiText: autoDraw = True
32.3770 	EXP 	Created sequence: random, trialTypes=1, nReps=0, seed=None
32.3772 	EXP 	New trial (rep=0, index=5): OrderedDict([('selectBlock', 1)])
32.3787 	EXP 	Created sequence: random, trialTypes=1, nReps=0, seed=None
32.3911 	EXP 	isiText: autoDraw = False
32.3911 	EXP 	isiText: autoDraw = False
32.3911 	EXP 	isiText: autoDraw = True
34.3796 	EXP 	Created sequence: random, trialTypes=1, nReps=0, seed=None
34.3798 	EXP 	New trial (rep=0, index=6): OrderedDict([('selectBlock', 2)])
34.3813 	EXP 	Created sequence: random, trialTypes=1, nReps=0, seed=None
34.3929 	EXP 	isiText: autoDraw = False
34.3929 	EXP 	isiText: autoDraw = False
34.3929 	EXP 	isiText: autoDraw = True
36.3806 	EXP 	Created sequence: random, trialTypes=1, nReps=0, seed=None
36.3808 	EXP 	New trial (rep=0, index=7): OrderedDict([('selectBlock', 2)])
36.3824 	EXP 	Created sequence: random, trialTypes=1, nReps=0, seed=None
36.3948 	EXP 	isiText: autoDraw = False
36.3948 	EXP 	isiText: autoDraw = False
36.3948 	EXP 	isiText: autoDraw = True
38.3820 	EXP 	Created sequence: random, trialTypes=1, nReps=0, seed=None
38.3822 	EXP 	New trial (rep=0, index=8): OrderedDict([('selectBlock', 1)])
38.3837 	EXP 	Created sequence: random, trialTypes=1, nReps=0, seed=None
38.3959 	EXP 	isiText: autoDraw = False
38.3959 	EXP 	isiText: autoDraw = False
38.3959 	EXP 	isiText: autoDraw = True
40.3834 	EXP 	Created sequence: random, trialTypes=1, nReps=0, seed=None
40.3836 	EXP 	New trial (rep=0, index=1): OrderedDict([('Rows', '031:040'), ('CueType1', 'REGULATE'), ('CueType2', 'REACT')])
40.3984 	EXP 	isiText: autoDraw = False
40.3984 	EXP 	isiText: autoDraw = False
40.3984 	EXP 	isiText: autoDraw = True
42.4018 	EXP 	isiText: autoDraw = False
42.4018 	EXP 	isiText: autoDraw = False
42.4018 	EXP 	cueText: text = ''
42.4018 	EXP 	cueText: text = 'REACT'
42.4018 	EXP 	cueText: autoDraw = True
48.1067 	DATA 	Keypress: escape
48.1994 	EXP 	window1: mouseVisible = True
