5.5127 	WARNING 	User requested fullscreen with size [1024  768], but screen is actually [1920, 1200]. Using actual size
6.6113 	EXP 	Created window1 = Window(allowGUI=False, allowStencil=False, args=UNKNOWN, autoLog=True, bitsMode=UNKNOWN, blendMode='avg', color=array([0., 0., 0.]), colorSpace='rgb', fullscr=<method-wrapper '__getattribute__' of attributeSetter object at 0x000001B41CE71FD0>, gamma=None, gammaErrorPolicy='raise', kwargs=UNKNOWN, lms=UNKNOWN, monitor=<psychopy.monitors.calibTools.Monitor object at 0x000001B41CF68CF8>, multiSample=False, name='window1', numSamples=2, pos=[0.0, 0.0], screen=0, size=array([1920, 1200]), stereo=False, units='height', useFBO=True, useRetina=False, viewOri=0.0, viewPos=None, viewScale=None, waitBlanking=True, winType='pyglet')
6.6113 	EXP 	window1: recordFrameIntervals = False
6.7774 	EXP 	window1: recordFrameIntervals = True
6.9612 	EXP 	window1: recordFrameIntervals = False
7.1965 	EXP 	Created Instructions = TextStim(__class__=<class 'psychopy.visual.text.TextStim'>, alignHoriz='center', alignVert='center', antialias=True, autoLog=True, bold=False, color='white', colorSpace='named', contrast=1.0, depth=0.0, flipHoriz=False, flipVert=False, font='Arial', fontFiles=[], height=0.045, italic=False, languageStyle='LTR', name='Instructions', opacity=1.0, ori=0, pos=array([0., 0.]), rgb=array([255., 255., 255.]), text=str(...), units='height', win=Window(...), wrapWidth=1.45)
7.2078 	EXP 	Created isiText = TextStim(__class__=<class 'psychopy.visual.text.TextStim'>, alignHoriz='center', alignVert='center', antialias=True, autoLog=True, bold=False, color='white', colorSpace='named', contrast=1.0, depth=0.0, flipHoriz=False, flipVert=False, font='Arial', fontFiles=[], height=0.12, italic=False, languageStyle='LTR', name='isiText', opacity=1.0, ori=0, pos=array([0., 0.]), rgb=array([255., 255., 255.]), text='+', units='height', win=Window(...), wrapWidth=1)
7.2088 	EXP 	Created cueText = TextStim(__class__=<class 'psychopy.visual.text.TextStim'>, alignHoriz='center', alignVert='center', antialias=True, autoLog=True, bold=False, color='white', colorSpace='named', contrast=1.0, depth=0.0, flipHoriz=False, flipVert=False, font='Arial', fontFiles=[], height=0.1, italic=False, languageStyle='LTR', name='cueText', opacity=1.0, ori=0, pos=array([0., 0.]), rgb=array([255., 255., 255.]), text='', units='height', win=Window(...), wrapWidth=1)
7.2104 	EXP 	Created isiText = TextStim(__class__=<class 'psychopy.visual.text.TextStim'>, alignHoriz='center', alignVert='center', antialias=True, autoLog=True, bold=False, color='white', colorSpace='named', contrast=1.0, depth=0.0, flipHoriz=False, flipVert=False, font='Arial', fontFiles=[], height=0.12, italic=False, languageStyle='LTR', name='isiText', opacity=1.0, ori=0, pos=array([0., 0.]), rgb=array([255., 255., 255.]), text='+', units='height', win=Window(...), wrapWidth=1)
7.2207 	EXP 	Created sendInstructions = TextStim(__class__=<class 'psychopy.visual.text.TextStim'>, alignHoriz='center', alignVert='center', antialias=True, autoLog=True, bold=False, color='white', colorSpace='named', contrast=1.0, depth=0.0, flipHoriz=False, flipVert=False, font='Arial', fontFiles=[], height=0.04, italic=False, languageStyle='LTR', name='sendInstructions', opacity=1.0, ori=0, pos=array([ 0.  , -0.11]), rgb=array([255., 255., 255.]), text='default text', units='height', win=Window(...), wrapWidth=1.4)
7.2356 	EXP 	Created Player1Name = TextStim(__class__=<class 'psychopy.visual.text.TextStim'>, alignHoriz='center', alignVert='center', antialias=True, autoLog=True, bold=False, color='white', colorSpace='named', contrast=1.0, depth=-1.0, flipHoriz=False, flipVert=False, font='Arial', fontFiles=[], height=0.06, italic=False, languageStyle='LTR', name='Player1Name', opacity=1.0, ori=0, pos=array([0. , 0.2]), rgb=array([255., 255., 255.]), text='default text', units='height', win=Window(...), wrapWidth=1)
7.2377 	EXP 	Created Player1Pic = ImageStim(__class__=<class 'psychopy.visual.image.ImageStim'>, autoLog=True, color=array([1., 1., 1.]), colorSpace='rgb', contrast=1.0, depth=-2.0, flipHoriz=False, flipVert=False, image='sin', interpolate=True, mask=None, maskParams=None, name='Player1Pic', opacity=1.0, ori=0.0, pos=array([0., 0.]), size=array([1., 1.]), texRes=128, units='height', win=Window(...))
7.2387 	EXP 	Created text = TextStim(__class__=<class 'psychopy.visual.text.TextStim'>, alignHoriz='center', alignVert='center', antialias=True, autoLog=True, bold=False, color='white', colorSpace='named', contrast=1.0, depth=-4.0, flipHoriz=False, flipVert=False, font='Arial', fontFiles=[], height=0.07, italic=False, languageStyle='LTR', name='text', opacity=1.0, ori=0, pos=array([ 0.  , -0.35]), rgb=array([255., 255., 255.]), text='', units='height', win=Window(...), wrapWidth=1)
7.2505 	EXP 	Created dollarSign = TextStim(__class__=<class 'psychopy.visual.text.TextStim'>, alignHoriz='center', alignVert='center', antialias=True, autoLog=True, bold=False, color='white', colorSpace='named', contrast=1.0, depth=-6.0, flipHoriz=False, flipVert=False, font='Arial', fontFiles=[], height=0.07, italic=False, languageStyle='LTR', name='dollarSign', opacity=1.0, ori=0, pos=array([-0.05, -0.35]), rgb=array([255., 255., 255.]), text='default text', units='height', win=Window(...), wrapWidth=1)
7.2537 	EXP 	Created Feedback = TextStim(__class__=<class 'psychopy.visual.text.TextStim'>, alignHoriz='center', alignVert='center', antialias=True, autoLog=True, bold=False, color='white', colorSpace='named', contrast=1.0, depth=-1.0, flipHoriz=False, flipVert=False, font='Arial', fontFiles=[], height=0.07, italic=False, languageStyle='LTR', name='Feedback', opacity=1.0, ori=0, pos=array([0., 0.]), rgb=array([255., 255., 255.]), text='default text', units='height', win=Window(...), wrapWidth=1)
7.2556 	EXP 	Created isiText = TextStim(__class__=<class 'psychopy.visual.text.TextStim'>, alignHoriz='center', alignVert='center', antialias=True, autoLog=True, bold=False, color='white', colorSpace='named', contrast=1.0, depth=0.0, flipHoriz=False, flipVert=False, font='Arial', fontFiles=[], height=0.12, italic=False, languageStyle='LTR', name='isiText', opacity=1.0, ori=0, pos=array([0., 0.]), rgb=array([255., 255., 255.]), text='+', units='height', win=Window(...), wrapWidth=1)
7.2587 	EXP 	Created sendInst2 = TextStim(__class__=<class 'psychopy.visual.text.TextStim'>, alignHoriz='center', alignVert='center', antialias=True, autoLog=True, bold=False, color='white', colorSpace='named', contrast=1.0, depth=0.0, flipHoriz=False, flipVert=False, font='Arial', fontFiles=[], height=0.04, italic=False, languageStyle='LTR', name='sendInst2', opacity=1.0, ori=0, pos=array([ 0.  , -0.11]), rgb=array([255., 255., 255.]), text='default text', units='height', win=Window(...), wrapWidth=1.4)
7.2620 	EXP 	Created Player2Name = TextStim(__class__=<class 'psychopy.visual.text.TextStim'>, alignHoriz='center', alignVert='center', antialias=True, autoLog=True, bold=False, color='white', colorSpace='named', contrast=1.0, depth=-1.0, flipHoriz=False, flipVert=False, font='Arial', fontFiles=[], height=0.06, italic=False, languageStyle='LTR', name='Player2Name', opacity=1.0, ori=0, pos=array([0. , 0.2]), rgb=array([255., 255., 255.]), text='default text', units='height', win=Window(...), wrapWidth=1)
7.2638 	EXP 	Created Player2Pic = ImageStim(__class__=<class 'psychopy.visual.image.ImageStim'>, autoLog=True, color=array([1., 1., 1.]), colorSpace='rgb', contrast=1.0, depth=-2.0, flipHoriz=False, flipVert=False, image='sin', interpolate=True, mask=None, maskParams=None, name='Player2Pic', opacity=1.0, ori=0.0, pos=array([0., 0.]), size=array([1., 1.]), texRes=128, units='height', win=Window(...))
7.2642 	EXP 	Created text2 = TextStim(__class__=<class 'psychopy.visual.text.TextStim'>, alignHoriz='center', alignVert='center', antialias=True, autoLog=True, bold=False, color='white', colorSpace='named', contrast=1.0, depth=-3.0, flipHoriz=False, flipVert=False, font='Arial', fontFiles=[], height=0.07, italic=False, languageStyle='LTR', name='text2', opacity=1.0, ori=0, pos=array([ 0.  , -0.35]), rgb=array([255., 255., 255.]), text='', units='height', win=Window(...), wrapWidth=1)
7.2675 	EXP 	Created dollar2 = TextStim(__class__=<class 'psychopy.visual.text.TextStim'>, alignHoriz='center', alignVert='center', antialias=True, autoLog=True, bold=False, color='white', colorSpace='named', contrast=1.0, depth=-6.0, flipHoriz=False, flipVert=False, font='Arial', fontFiles=[], height=0.07, italic=False, languageStyle='LTR', name='dollar2', opacity=1.0, ori=0, pos=array([-0.05, -0.35]), rgb=array([255., 255., 255.]), text='default text', units='height', win=Window(...), wrapWidth=1)
7.2847 	EXP 	Created Feedback2 = TextStim(__class__=<class 'psychopy.visual.text.TextStim'>, alignHoriz='center', alignVert='center', antialias=True, autoLog=True, bold=False, color='white', colorSpace='named', contrast=1.0, depth=-1.0, flipHoriz=False, flipVert=False, font='Arial', fontFiles=[], height=0.1, italic=False, languageStyle='LTR', name='Feedback2', opacity=1.0, ori=0, pos=array([0., 0.]), rgb=array([255., 255., 255.]), text='default text', units='height', win=Window(...), wrapWidth=1)
7.3158 	EXP 	Instructions: autoDraw = True
9.3422 	EXP 	Imported DictatorGame.xlsx as conditions, 6 conditions, 3 params
9.3424 	EXP 	Created sequence: random, trialTypes=6, nReps=1, seed=None
9.3426 	EXP 	New trial (rep=0, index=0): OrderedDict([('Rows', '041:050'), ('CueType1', 'REGULATE'), ('CueType2', 'REACT')])
9.3454 	DATA 	Keypress: space
9.3492 	EXP 	Instructions: autoDraw = False
9.3492 	EXP 	isiText: autoDraw = True
11.3515 	EXP 	isiText: autoDraw = False
11.3515 	EXP 	cueText: text = ''
11.3515 	EXP 	cueText: text = 'REACT'
11.3515 	EXP 	cueText: autoDraw = True
16.3358 	EXP 	cueText: autoDraw = False
16.3358 	EXP 	isiText: autoDraw = True
18.3274 	EXP 	Imported spreadsheet5.xlsx as conditions, 9 conditions, 2 params
18.3277 	EXP 	Created sequence: random, trialTypes=9, nReps=1, seed=None
18.3279 	EXP 	New trial (rep=0, index=0): OrderedDict([('nReps1', 0), ('nReps2', 0)])
18.3281 	EXP 	Created sequence: sequential, trialTypes=1, nReps=0, seed=None
18.3373 	EXP 	isiText: autoDraw = False
18.3373 	EXP 	isiText: autoDraw = True
20.3229 	EXP 	Created sequence: sequential, trialTypes=1, nReps=0, seed=None
20.3231 	EXP 	New trial (rep=0, index=1): OrderedDict([('nReps1', 0), ('nReps2', 0)])
20.3233 	EXP 	Created sequence: sequential, trialTypes=1, nReps=0, seed=None
20.3390 	EXP 	isiText: autoDraw = False
20.3390 	EXP 	isiText: autoDraw = True
22.3244 	EXP 	Created sequence: sequential, trialTypes=1, nReps=0, seed=None
22.3246 	EXP 	New trial (rep=0, index=2): OrderedDict([('nReps1', 1), ('nReps2', 1)])
22.3247 	EXP 	Created sequence: sequential, trialTypes=1, nReps=1, seed=None
22.3248 	EXP 	New trial (rep=0, index=0): None
22.4301 	EXP 	isiText: autoDraw = False
22.4301 	EXP 	sendInstructions: text = 'You have been given $5 to use. You have the opportunity to send money to Player 1. You may give them all or none of the money, or any amount in between, using increments of $1. Therefore you can choose to give them $0, $1, $2, $3, $4, or $5.\nThe amount of money you send to them will be tripled, and Player 1 will then have the opportunity to give some money amount back to you. \n\n\nPlease indicate how many dollars you will give to Player 1:\n'
22.4301 	EXP 	Player1Name: text = 'Player 1'
22.4301 	EXP 	Player1Pic: pos = array([0.  , 0.36])
22.4301 	EXP 	Player1Pic: size = array([0.2, 0.2])
22.4301 	EXP 	Player1Pic: image = '1patterns.png'
22.4301 	EXP 	text: text = ''
22.4301 	EXP 	text: text = ''
22.4301 	EXP 	Player1Pic: image = '1patterns.png'
22.4301 	EXP 	dollarSign: text = '$'
22.4301 	EXP 	sendInstructions: autoDraw = True
22.4301 	EXP 	Player1Name: autoDraw = True
22.4301 	EXP 	Player1Pic: autoDraw = True
22.4301 	EXP 	text: autoDraw = True
22.4301 	EXP 	dollarSign: autoDraw = True
48.3302 	DATA 	Keypress: 3
48.3460 	EXP 	text: text = '3'
49.2988 	DATA 	Keypress: return
49.3500 	EXP 	sendInstructions: autoDraw = False
49.3500 	EXP 	Player1Name: autoDraw = False
49.3500 	EXP 	Player1Pic: autoDraw = False
49.3500 	EXP 	text: autoDraw = False
49.3500 	EXP 	dollarSign: autoDraw = False
49.3500 	EXP 	Feedback: text = 'You gave Player 1 $3\n\nPlayer 1 received  $9\n\nPlayer 1 chose to give you $2'
49.3500 	EXP 	Feedback: autoDraw = True
53.8334 	EXP 	Feedback: autoDraw = False
53.8334 	EXP 	isiText: autoDraw = True
55.8024 	EXP 	Created sequence: sequential, trialTypes=1, nReps=1, seed=None
55.8025 	EXP 	New trial (rep=0, index=0): None
55.8640 	EXP 	isiText: autoDraw = False
55.8640 	EXP 	sendInst2: text = 'You have been given $5 to use. You have the opportunity to send money to Player 2. You may give them all or none of the money, or any amount in between, using increments of $1. Therefore you can choose to give them $0, $1, $2, $3, $4, or $5.\nThe amount of money you send to them will be tripled, and Player 2 will then have the opportunity to give some money amount back to you. \n\nPlease type how much money you would like to give Player 2 : '
55.8640 	EXP 	Player2Name: text = 'Player 2'
55.8640 	EXP 	Player2Pic: pos = array([0.  , 0.36])
55.8640 	EXP 	Player2Pic: size = array([0.2, 0.2])
55.8640 	EXP 	Player2Pic: image = '3pattern.png'
55.8640 	EXP 	Player2Pic: image = '3pattern.png'
55.8640 	EXP 	text2: text = ''
55.8640 	EXP 	dollar2: text = '$'
55.8640 	EXP 	sendInst2: autoDraw = True
55.8640 	EXP 	Player2Name: autoDraw = True
55.8640 	EXP 	Player2Pic: autoDraw = True
55.8640 	EXP 	text2: autoDraw = True
55.8640 	EXP 	dollar2: autoDraw = True
66.3794 	DATA 	Keypress: 2
66.3940 	EXP 	text2: text = '2'
66.6988 	DATA 	Keypress: return
66.7758 	EXP 	sendInst2: autoDraw = False
66.7758 	EXP 	Player2Name: autoDraw = False
66.7758 	EXP 	Player2Pic: autoDraw = False
66.7758 	EXP 	text2: autoDraw = False
66.7758 	EXP 	dollar2: autoDraw = False
66.7758 	EXP 	Feedback2: text = 'You gave Player 2 $2\n\nPlayer 2 received  $6\n\nPlayer 2 chose to give you $5'
66.7758 	EXP 	Feedback2: autoDraw = True
70.7313 	EXP 	New trial (rep=0, index=3): OrderedDict([('nReps1', 1), ('nReps2', 1)])
70.7316 	EXP 	Created sequence: sequential, trialTypes=1, nReps=1, seed=None
70.7317 	EXP 	New trial (rep=0, index=0): None
70.7584 	EXP 	Feedback2: autoDraw = False
70.7584 	EXP 	sendInstructions: text = 'You have been given $5 to use. You have the opportunity to send money to Player 1. You may give them all or none of the money, or any amount in between, using increments of $1. Therefore you can choose to give them $0, $1, $2, $3, $4, or $5.\nThe amount of money you send to them will be tripled, and Player 1 will then have the opportunity to give some money amount back to you. \n\n\nPlease indicate how many dollars you will give to Player 1:\n'
70.7584 	EXP 	Player1Name: text = 'Player 1'
70.7584 	EXP 	Player1Pic: pos = array([0.  , 0.36])
70.7584 	EXP 	Player1Pic: size = array([0.2, 0.2])
70.7584 	EXP 	Player1Pic: image = '1patterns.png'
70.7584 	EXP 	text: text = ''
70.7584 	EXP 	text: text = ''
70.7584 	EXP 	Player1Pic: image = '1patterns.png'
70.7584 	EXP 	dollarSign: text = '$'
70.7584 	EXP 	sendInstructions: autoDraw = True
70.7584 	EXP 	Player1Name: autoDraw = True
70.7584 	EXP 	Player1Pic: autoDraw = True
70.7584 	EXP 	text: autoDraw = True
70.7584 	EXP 	dollarSign: autoDraw = True
75.5535 	DATA 	Keypress: 1
75.5683 	EXP 	text: text = '1'
76.1709 	DATA 	Keypress: return
76.2073 	EXP 	sendInstructions: autoDraw = False
76.2073 	EXP 	Player1Name: autoDraw = False
76.2073 	EXP 	Player1Pic: autoDraw = False
76.2073 	EXP 	text: autoDraw = False
76.2073 	EXP 	dollarSign: autoDraw = False
76.2073 	EXP 	Feedback: text = 'You gave Player 1 $1\n\nPlayer 1 received  $3\n\nPlayer 1 chose to give you $0'
76.2073 	EXP 	Feedback: autoDraw = True
80.7057 	EXP 	Feedback: autoDraw = False
80.7057 	EXP 	isiText: autoDraw = True
82.6744 	EXP 	Created sequence: sequential, trialTypes=1, nReps=1, seed=None
82.6745 	EXP 	New trial (rep=0, index=0): None
82.7302 	EXP 	window1: mouseVisible = True
