10.9122 	WARNING 	User requested fullscreen with size [1024  768], but screen is actually [1920, 1200]. Using actual size
12.2877 	EXP 	Created window1 = Window(allowGUI=False, allowStencil=False, args=UNKNOWN, autoLog=True, bitsMode=UNKNOWN, blendMode='avg', color=array([0., 0., 0.]), colorSpace='rgb', fullscr=<method-wrapper '__getattribute__' of attributeSetter object at 0x000001E5CFFFB940>, gamma=None, gammaErrorPolicy='raise', kwargs=UNKNOWN, lms=UNKNOWN, monitor=<psychopy.monitors.calibTools.Monitor object at 0x000001E5CFF0D160>, multiSample=False, name='window1', numSamples=2, pos=[0.0, 0.0], screen=0, size=array([1920, 1200]), stereo=False, units='height', useFBO=True, useRetina=False, viewOri=0.0, viewPos=None, viewScale=None, waitBlanking=True, winType='pyglet')
12.2877 	EXP 	window1: recordFrameIntervals = False
12.4534 	EXP 	window1: recordFrameIntervals = True
12.6369 	EXP 	window1: recordFrameIntervals = False
12.8947 	EXP 	Created Instructions = TextStim(__class__=<class 'psychopy.visual.text.TextStim'>, alignHoriz='center', alignVert='center', antialias=True, autoLog=True, bold=False, color='white', colorSpace='named', contrast=1.0, depth=0.0, flipHoriz=False, flipVert=False, font='Arial', fontFiles=[], height=0.045, italic=False, languageStyle='LTR', name='Instructions', opacity=1.0, ori=0, pos=array([0., 0.]), rgb=array([255., 255., 255.]), text=str(...), units='height', win=Window(...), wrapWidth=1.45)
12.9071 	EXP 	Created isiText = TextStim(__class__=<class 'psychopy.visual.text.TextStim'>, alignHoriz='center', alignVert='center', antialias=True, autoLog=True, bold=False, color='white', colorSpace='named', contrast=1.0, depth=0.0, flipHoriz=False, flipVert=False, font='Arial', fontFiles=[], height=0.12, italic=False, languageStyle='LTR', name='isiText', opacity=1.0, ori=0, pos=array([0., 0.]), rgb=array([255., 255., 255.]), text='+', units='height', win=Window(...), wrapWidth=1)
12.9080 	EXP 	Created cueText = TextStim(__class__=<class 'psychopy.visual.text.TextStim'>, alignHoriz='center', alignVert='center', antialias=True, autoLog=True, bold=False, color='white', colorSpace='named', contrast=1.0, depth=0.0, flipHoriz=False, flipVert=False, font='Arial', fontFiles=[], height=0.1, italic=False, languageStyle='LTR', name='cueText', opacity=1.0, ori=0, pos=array([0., 0.]), rgb=array([255., 255., 255.]), text='', units='height', win=Window(...), wrapWidth=1)
12.9096 	EXP 	Created isiText = TextStim(__class__=<class 'psychopy.visual.text.TextStim'>, alignHoriz='center', alignVert='center', antialias=True, autoLog=True, bold=False, color='white', colorSpace='named', contrast=1.0, depth=0.0, flipHoriz=False, flipVert=False, font='Arial', fontFiles=[], height=0.12, italic=False, languageStyle='LTR', name='isiText', opacity=1.0, ori=0, pos=array([0., 0.]), rgb=array([255., 255., 255.]), text='+', units='height', win=Window(...), wrapWidth=1)
12.9215 	EXP 	Created sendInstructions = TextStim(__class__=<class 'psychopy.visual.text.TextStim'>, alignHoriz='center', alignVert='center', antialias=True, autoLog=True, bold=False, color='white', colorSpace='named', contrast=1.0, depth=0.0, flipHoriz=False, flipVert=False, font='Arial', fontFiles=[], height=0.04, italic=False, languageStyle='LTR', name='sendInstructions', opacity=1.0, ori=0, pos=array([ 0.  , -0.11]), rgb=array([255., 255., 255.]), text='default text', units='height', win=Window(...), wrapWidth=1.4)
12.9371 	EXP 	Created Player1Name = TextStim(__class__=<class 'psychopy.visual.text.TextStim'>, alignHoriz='center', alignVert='center', antialias=True, autoLog=True, bold=False, color='white', colorSpace='named', contrast=1.0, depth=-1.0, flipHoriz=False, flipVert=False, font='Arial', fontFiles=[], height=0.06, italic=False, languageStyle='LTR', name='Player1Name', opacity=1.0, ori=0, pos=array([0. , 0.2]), rgb=array([255., 255., 255.]), text='default text', units='height', win=Window(...), wrapWidth=1)
12.9396 	EXP 	Created Player1Pic = ImageStim(__class__=<class 'psychopy.visual.image.ImageStim'>, autoLog=True, color=array([1., 1., 1.]), colorSpace='rgb', contrast=1.0, depth=-2.0, flipHoriz=False, flipVert=False, image='sin', interpolate=True, mask=None, maskParams=None, name='Player1Pic', opacity=1.0, ori=0.0, pos=array([0., 0.]), size=array([1., 1.]), texRes=128, units='height', win=Window(...))
12.9406 	EXP 	Created text = TextStim(__class__=<class 'psychopy.visual.text.TextStim'>, alignHoriz='center', alignVert='center', antialias=True, autoLog=True, bold=False, color='white', colorSpace='named', contrast=1.0, depth=-4.0, flipHoriz=False, flipVert=False, font='Arial', fontFiles=[], height=0.07, italic=False, languageStyle='LTR', name='text', opacity=1.0, ori=0, pos=array([ 0.  , -0.35]), rgb=array([255., 255., 255.]), text='', units='height', win=Window(...), wrapWidth=1)
12.9534 	EXP 	Created dollarSign = TextStim(__class__=<class 'psychopy.visual.text.TextStim'>, alignHoriz='center', alignVert='center', antialias=True, autoLog=True, bold=False, color='white', colorSpace='named', contrast=1.0, depth=-6.0, flipHoriz=False, flipVert=False, font='Arial', fontFiles=[], height=0.07, italic=False, languageStyle='LTR', name='dollarSign', opacity=1.0, ori=0, pos=array([-0.05, -0.35]), rgb=array([255., 255., 255.]), text='default text', units='height', win=Window(...), wrapWidth=1)
12.9566 	EXP 	Created Feedback = TextStim(__class__=<class 'psychopy.visual.text.TextStim'>, alignHoriz='center', alignVert='center', antialias=True, autoLog=True, bold=False, color='white', colorSpace='named', contrast=1.0, depth=-1.0, flipHoriz=False, flipVert=False, font='Arial', fontFiles=[], height=0.07, italic=False, languageStyle='LTR', name='Feedback', opacity=1.0, ori=0, pos=array([0., 0.]), rgb=array([255., 255., 255.]), text='default text', units='height', win=Window(...), wrapWidth=1)
12.9586 	EXP 	Created isiText = TextStim(__class__=<class 'psychopy.visual.text.TextStim'>, alignHoriz='center', alignVert='center', antialias=True, autoLog=True, bold=False, color='white', colorSpace='named', contrast=1.0, depth=0.0, flipHoriz=False, flipVert=False, font='Arial', fontFiles=[], height=0.12, italic=False, languageStyle='LTR', name='isiText', opacity=1.0, ori=0, pos=array([0., 0.]), rgb=array([255., 255., 255.]), text='+', units='height', win=Window(...), wrapWidth=1)
12.9617 	EXP 	Created sendInst2 = TextStim(__class__=<class 'psychopy.visual.text.TextStim'>, alignHoriz='center', alignVert='center', antialias=True, autoLog=True, bold=False, color='white', colorSpace='named', contrast=1.0, depth=0.0, flipHoriz=False, flipVert=False, font='Arial', fontFiles=[], height=0.04, italic=False, languageStyle='LTR', name='sendInst2', opacity=1.0, ori=0, pos=array([ 0.  , -0.11]), rgb=array([255., 255., 255.]), text='default text', units='height', win=Window(...), wrapWidth=1.4)
12.9647 	EXP 	Created Player2Name = TextStim(__class__=<class 'psychopy.visual.text.TextStim'>, alignHoriz='center', alignVert='center', antialias=True, autoLog=True, bold=False, color='white', colorSpace='named', contrast=1.0, depth=-1.0, flipHoriz=False, flipVert=False, font='Arial', fontFiles=[], height=0.06, italic=False, languageStyle='LTR', name='Player2Name', opacity=1.0, ori=0, pos=array([0. , 0.2]), rgb=array([255., 255., 255.]), text='default text', units='height', win=Window(...), wrapWidth=1)
12.9665 	EXP 	Created Player2Pic = ImageStim(__class__=<class 'psychopy.visual.image.ImageStim'>, autoLog=True, color=array([1., 1., 1.]), colorSpace='rgb', contrast=1.0, depth=-2.0, flipHoriz=False, flipVert=False, image='sin', interpolate=True, mask=None, maskParams=None, name='Player2Pic', opacity=1.0, ori=0.0, pos=array([0., 0.]), size=array([1., 1.]), texRes=128, units='height', win=Window(...))
12.9674 	EXP 	Created text_2 = TextStim(__class__=<class 'psychopy.visual.text.TextStim'>, alignHoriz='center', alignVert='center', antialias=True, autoLog=True, bold=False, color='white', colorSpace='named', contrast=1.0, depth=-3.0, flipHoriz=False, flipVert=False, font='Arial', fontFiles=[], height=0.07, italic=False, languageStyle='LTR', name='text_2', opacity=1.0, ori=0, pos=array([ 0.  , -0.35]), rgb=array([255., 255., 255.]), text='', units='height', win=Window(...), wrapWidth=1)
12.9713 	EXP 	Created dollar2 = TextStim(__class__=<class 'psychopy.visual.text.TextStim'>, alignHoriz='center', alignVert='center', antialias=True, autoLog=True, bold=False, color='white', colorSpace='named', contrast=1.0, depth=-6.0, flipHoriz=False, flipVert=False, font='Arial', fontFiles=[], height=0.07, italic=False, languageStyle='LTR', name='dollar2', opacity=1.0, ori=0, pos=array([-0.05, -0.35]), rgb=array([255., 255., 255.]), text='default text', units='height', win=Window(...), wrapWidth=1)
12.9744 	EXP 	Created Feedback2 = TextStim(__class__=<class 'psychopy.visual.text.TextStim'>, alignHoriz='center', alignVert='center', antialias=True, autoLog=True, bold=False, color='white', colorSpace='named', contrast=1.0, depth=-1.0, flipHoriz=False, flipVert=False, font='Arial', fontFiles=[], height=0.07, italic=False, languageStyle='LTR', name='Feedback2', opacity=1.0, ori=0, pos=array([0., 0.]), rgb=array([255., 255., 255.]), text='default text', units='height', win=Window(...), wrapWidth=1)
13.0081 	EXP 	Created tyText = TextStim(__class__=<class 'psychopy.visual.text.TextStim'>, alignHoriz='center', alignVert='center', antialias=True, autoLog=True, bold=False, color='white', colorSpace='named', contrast=1.0, depth=0.0, flipHoriz=False, flipVert=False, font='Arial', fontFiles=[], height=0.1, italic=False, languageStyle='LTR', name='tyText', opacity=1.0, ori=0, pos=array([0., 0.]), rgb=array([255., 255., 255.]), text='Thank you for playing!', units='height', win=Window(...), wrapWidth=1)
13.0390 	EXP 	Instructions: autoDraw = True
15.9443 	DATA 	Keypress: space
15.9893 	EXP 	Imported DictatorGame.xlsx as conditions, 6 conditions, 3 params
15.9896 	EXP 	Created sequence: random, trialTypes=6, nReps=1, seed=None
15.9898 	EXP 	New trial (rep=0, index=0): OrderedDict([('Rows', '011:020'), ('CueType1', 'REACT'), ('CueType2', 'REGULATE')])
15.9963 	EXP 	Instructions: autoDraw = False
15.9963 	EXP 	isiText: autoDraw = True
17.9999 	EXP 	isiText: autoDraw = False
17.9999 	EXP 	cueText: text = ''
17.9999 	EXP 	cueText: text = 'REGULATE'
17.9999 	EXP 	cueText: autoDraw = True
23.9793 	EXP 	cueText: autoDraw = False
23.9793 	EXP 	isiText: autoDraw = True
25.9706 	EXP 	Imported spreadsheet5.xlsx as conditions, 9 conditions, 2 params
25.9708 	EXP 	Created sequence: random, trialTypes=9, nReps=1, seed=None
25.9711 	EXP 	New trial (rep=0, index=0): OrderedDict([('nReps1', 1), ('nReps2', 1)])
25.9712 	EXP 	Created sequence: random, trialTypes=1, nReps=1, seed=None
25.9713 	EXP 	New trial (rep=0, index=0): None
26.1166 	EXP 	isiText: autoDraw = False
26.1166 	EXP 	sendInstructions: text = 'You have been given $5 to use. You have the opportunity to send money to Player 1. You may give them all or none of the money, or any amount in between, using increments of $1. Therefore you can choose to give them $0, $1, $2, $3, $4, or $5.\nThe amount of money you send to them will be tripled, and Player 1 will then have the opportunity to give some money amount back to you. \n\n\nPlease indicate how many dollars you will give to Player 1:\n'
26.1166 	EXP 	Player1Name: text = 'Player 1'
26.1166 	EXP 	Player1Pic: pos = array([0.  , 0.36])
26.1166 	EXP 	Player1Pic: size = array([0.2, 0.2])
26.1166 	EXP 	Player1Pic: image = '1patterns.png'
26.1166 	EXP 	text: text = ''
26.1166 	EXP 	text: text = ''
26.1166 	EXP 	Player1Pic: image = '1patterns.png'
26.1166 	EXP 	dollarSign: text = '$'
26.1166 	EXP 	sendInstructions: autoDraw = True
26.1166 	EXP 	Player1Name: autoDraw = True
26.1166 	EXP 	Player1Pic: autoDraw = True
26.1166 	EXP 	text: autoDraw = True
26.1166 	EXP 	dollarSign: autoDraw = True
30.6379 	DATA 	Keypress: 7
30.9869 	DATA 	Keypress: 6
31.3375 	DATA 	Keypress: 5
31.3522 	EXP 	text: text = '5'
32.1059 	DATA 	Keypress: return
32.1526 	EXP 	sendInstructions: autoDraw = False
32.1526 	EXP 	Player1Name: autoDraw = False
32.1526 	EXP 	Player1Pic: autoDraw = False
32.1526 	EXP 	text: autoDraw = False
32.1526 	EXP 	dollarSign: autoDraw = False
32.1526 	EXP 	Feedback: text = 'You gave Player 1 $5\n\nPlayer 1 received  $15\n\nPlayer 1 chose to give you $3'
32.1526 	EXP 	Feedback: autoDraw = True
37.1407 	EXP 	Feedback: autoDraw = False
37.1407 	EXP 	isiText: autoDraw = True
39.1256 	EXP 	Created sequence: random, trialTypes=1, nReps=1, seed=None
39.1258 	EXP 	New trial (rep=0, index=0): None
39.2026 	EXP 	isiText: autoDraw = False
39.2026 	EXP 	sendInst2: text = 'You have been given $5 to use. You have the opportunity to send money to Player 2. You may give them all or none of the money, or any amount in between, using increments of $1. Therefore you can choose to give them $0, $1, $2, $3, $4, or $5.\nThe amount of money you send to them will be tripled, and Player 2 will then have the opportunity to give some money amount back to you. \n\nPlease type how much money you would like to give Player 2 : '
39.2026 	EXP 	Player2Name: text = 'Player 2'
39.2026 	EXP 	Player2Pic: pos = array([0.  , 0.36])
39.2026 	EXP 	Player2Pic: size = array([0.2, 0.2])
39.2026 	EXP 	Player2Pic: image = '3pattern.png'
39.2026 	EXP 	Player2Pic: image = '3pattern.png'
39.2026 	EXP 	text_2: text = ''
39.2026 	EXP 	dollar2: text = '$'
39.2026 	EXP 	sendInst2: autoDraw = True
39.2026 	EXP 	Player2Name: autoDraw = True
39.2026 	EXP 	Player2Pic: autoDraw = True
39.2026 	EXP 	text_2: autoDraw = True
39.2026 	EXP 	dollar2: autoDraw = True
41.5298 	DATA 	Keypress: 4
41.5445 	EXP 	text_2: text = '4'
42.4470 	DATA 	Keypress: return
42.4833 	EXP 	sendInst2: autoDraw = False
42.4833 	EXP 	Player2Name: autoDraw = False
42.4833 	EXP 	Player2Pic: autoDraw = False
42.4833 	EXP 	text_2: autoDraw = False
42.4833 	EXP 	dollar2: autoDraw = False
42.4833 	EXP 	Feedback2: text = 'You gave Player 2 $4\n\nPlayer 2 received  $12\n\nPlayer 2 chose to give you $10'
42.4833 	EXP 	Feedback2: autoDraw = True
47.4664 	EXP 	New trial (rep=0, index=1): OrderedDict([('nReps1', 0), ('nReps2', 0)])
47.4666 	EXP 	Created sequence: random, trialTypes=1, nReps=0, seed=None
47.4825 	EXP 	Feedback2: autoDraw = False
47.4825 	EXP 	isiText: autoDraw = True
49.4510 	EXP 	Created sequence: random, trialTypes=1, nReps=0, seed=None
49.4512 	EXP 	New trial (rep=0, index=2): OrderedDict([('nReps1', 0), ('nReps2', 0)])
49.4514 	EXP 	Created sequence: random, trialTypes=1, nReps=0, seed=None
49.4670 	EXP 	isiText: autoDraw = False
49.4670 	EXP 	isiText: autoDraw = True
51.4532 	EXP 	Created sequence: random, trialTypes=1, nReps=0, seed=None
51.4534 	EXP 	New trial (rep=0, index=3): OrderedDict([('nReps1', 1), ('nReps2', 1)])
51.4536 	EXP 	Created sequence: random, trialTypes=1, nReps=1, seed=None
51.4537 	EXP 	New trial (rep=0, index=0): None
51.4815 	EXP 	isiText: autoDraw = False
51.4815 	EXP 	sendInstructions: text = 'You have been given $5 to use. You have the opportunity to send money to Player 1. You may give them all or none of the money, or any amount in between, using increments of $1. Therefore you can choose to give them $0, $1, $2, $3, $4, or $5.\nThe amount of money you send to them will be tripled, and Player 1 will then have the opportunity to give some money amount back to you. \n\n\nPlease indicate how many dollars you will give to Player 1:\n'
51.4815 	EXP 	Player1Name: text = 'Player 1'
51.4815 	EXP 	Player1Pic: pos = array([0.  , 0.36])
51.4815 	EXP 	Player1Pic: size = array([0.2, 0.2])
51.4815 	EXP 	Player1Pic: image = '1patterns.png'
51.4815 	EXP 	text: text = ''
51.4815 	EXP 	text: text = ''
51.4815 	EXP 	Player1Pic: image = '1patterns.png'
51.4815 	EXP 	dollarSign: text = '$'
51.4815 	EXP 	sendInstructions: autoDraw = True
51.4815 	EXP 	Player1Name: autoDraw = True
51.4815 	EXP 	Player1Pic: autoDraw = True
51.4815 	EXP 	text: autoDraw = True
51.4815 	EXP 	dollarSign: autoDraw = True
54.3235 	DATA 	Keypress: escape
54.4333 	EXP 	window1: mouseVisible = True
