5.1082 	WARNING 	User requested fullscreen with size [1024  768], but screen is actually [1920, 1200]. Using actual size
5.9355 	EXP 	Created window1 = Window(allowGUI=False, allowStencil=False, args=UNKNOWN, autoLog=True, bitsMode=UNKNOWN, blendMode='avg', color=array([0., 0., 0.]), colorSpace='rgb', fullscr=<method-wrapper '__getattribute__' of attributeSetter object at 0x000002499A418588>, gamma=None, gammaErrorPolicy='raise', kwargs=UNKNOWN, lms=UNKNOWN, monitor=<psychopy.monitors.calibTools.Monitor object at 0x000002499A318D68>, multiSample=False, name='window1', numSamples=2, pos=[0.0, 0.0], screen=0, size=array([1920, 1200]), stereo=False, units='height', useFBO=True, useRetina=False, viewOri=0.0, viewPos=None, viewScale=None, waitBlanking=True, winType='pyglet')
5.9356 	EXP 	window1: recordFrameIntervals = False
6.1014 	EXP 	window1: recordFrameIntervals = True
6.2851 	EXP 	window1: recordFrameIntervals = False
6.5153 	EXP 	Created Instructions = TextStim(__class__=<class 'psychopy.visual.text.TextStim'>, alignHoriz='center', alignVert='center', antialias=True, autoLog=True, bold=False, color='white', colorSpace='named', contrast=1.0, depth=0.0, flipHoriz=False, flipVert=False, font='Arial', fontFiles=[], height=0.045, italic=False, languageStyle='LTR', name='Instructions', opacity=1.0, ori=0, pos=array([0., 0.]), rgb=array([255., 255., 255.]), text=str(...), units='height', win=Window(...), wrapWidth=1.45)
6.5244 	EXP 	Created isiText = TextStim(__class__=<class 'psychopy.visual.text.TextStim'>, alignHoriz='center', alignVert='center', antialias=True, autoLog=True, bold=False, color='white', colorSpace='named', contrast=1.0, depth=0.0, flipHoriz=False, flipVert=False, font='Arial', fontFiles=[], height=0.12, italic=False, languageStyle='LTR', name='isiText', opacity=1.0, ori=0, pos=array([0., 0.]), rgb=array([255., 255., 255.]), text='+', units='height', win=Window(...), wrapWidth=1)
6.5252 	EXP 	Created cueText = TextStim(__class__=<class 'psychopy.visual.text.TextStim'>, alignHoriz='center', alignVert='center', antialias=True, autoLog=True, bold=False, color='white', colorSpace='named', contrast=1.0, depth=0.0, flipHoriz=False, flipVert=False, font='Arial', fontFiles=[], height=0.1, italic=False, languageStyle='LTR', name='cueText', opacity=1.0, ori=0, pos=array([0., 0.]), rgb=array([255., 255., 255.]), text='', units='height', win=Window(...), wrapWidth=1)
6.5268 	EXP 	Created isiText = TextStim(__class__=<class 'psychopy.visual.text.TextStim'>, alignHoriz='center', alignVert='center', antialias=True, autoLog=True, bold=False, color='white', colorSpace='named', contrast=1.0, depth=0.0, flipHoriz=False, flipVert=False, font='Arial', fontFiles=[], height=0.12, italic=False, languageStyle='LTR', name='isiText', opacity=1.0, ori=0, pos=array([0., 0.]), rgb=array([255., 255., 255.]), text='+', units='height', win=Window(...), wrapWidth=1)
6.5366 	EXP 	Created sendInstructions = TextStim(__class__=<class 'psychopy.visual.text.TextStim'>, alignHoriz='center', alignVert='center', antialias=True, autoLog=True, bold=False, color='white', colorSpace='named', contrast=1.0, depth=0.0, flipHoriz=False, flipVert=False, font='Arial', fontFiles=[], height=0.04, italic=False, languageStyle='LTR', name='sendInstructions', opacity=1.0, ori=0, pos=array([ 0.  , -0.11]), rgb=array([255., 255., 255.]), text='default text', units='height', win=Window(...), wrapWidth=1.4)
6.5499 	EXP 	Created Player1Name = TextStim(__class__=<class 'psychopy.visual.text.TextStim'>, alignHoriz='center', alignVert='center', antialias=True, autoLog=True, bold=False, color='white', colorSpace='named', contrast=1.0, depth=-1.0, flipHoriz=False, flipVert=False, font='Arial', fontFiles=[], height=0.06, italic=False, languageStyle='LTR', name='Player1Name', opacity=1.0, ori=0, pos=array([0. , 0.2]), rgb=array([255., 255., 255.]), text='default text', units='height', win=Window(...), wrapWidth=1)
6.5522 	EXP 	Created Player1Pic = ImageStim(__class__=<class 'psychopy.visual.image.ImageStim'>, autoLog=True, color=array([1., 1., 1.]), colorSpace='rgb', contrast=1.0, depth=-2.0, flipHoriz=False, flipVert=False, image='sin', interpolate=True, mask=None, maskParams=None, name='Player1Pic', opacity=1.0, ori=0.0, pos=array([0., 0.]), size=array([1., 1.]), texRes=128, units='height', win=Window(...))
6.5530 	EXP 	Created text = TextStim(__class__=<class 'psychopy.visual.text.TextStim'>, alignHoriz='center', alignVert='center', antialias=True, autoLog=True, bold=False, color='white', colorSpace='named', contrast=1.0, depth=-4.0, flipHoriz=False, flipVert=False, font='Arial', fontFiles=[], height=0.07, italic=False, languageStyle='LTR', name='text', opacity=1.0, ori=0, pos=array([ 0.  , -0.35]), rgb=array([255., 255., 255.]), text='', units='height', win=Window(...), wrapWidth=1)
6.5650 	EXP 	Created dollarSign = TextStim(__class__=<class 'psychopy.visual.text.TextStim'>, alignHoriz='center', alignVert='center', antialias=True, autoLog=True, bold=False, color='white', colorSpace='named', contrast=1.0, depth=-6.0, flipHoriz=False, flipVert=False, font='Arial', fontFiles=[], height=0.07, italic=False, languageStyle='LTR', name='dollarSign', opacity=1.0, ori=0, pos=array([-0.05, -0.35]), rgb=array([255., 255., 255.]), text='default text', units='height', win=Window(...), wrapWidth=1)
6.5681 	EXP 	Created Feedback = TextStim(__class__=<class 'psychopy.visual.text.TextStim'>, alignHoriz='center', alignVert='center', antialias=True, autoLog=True, bold=False, color='white', colorSpace='named', contrast=1.0, depth=-1.0, flipHoriz=False, flipVert=False, font='Arial', fontFiles=[], height=0.07, italic=False, languageStyle='LTR', name='Feedback', opacity=1.0, ori=0, pos=array([0., 0.]), rgb=array([255., 255., 255.]), text='default text', units='height', win=Window(...), wrapWidth=1)
6.5700 	EXP 	Created isiText = TextStim(__class__=<class 'psychopy.visual.text.TextStim'>, alignHoriz='center', alignVert='center', antialias=True, autoLog=True, bold=False, color='white', colorSpace='named', contrast=1.0, depth=0.0, flipHoriz=False, flipVert=False, font='Arial', fontFiles=[], height=0.12, italic=False, languageStyle='LTR', name='isiText', opacity=1.0, ori=0, pos=array([0., 0.]), rgb=array([255., 255., 255.]), text='+', units='height', win=Window(...), wrapWidth=1)
6.5745 	EXP 	Created sendInst2 = TextStim(__class__=<class 'psychopy.visual.text.TextStim'>, alignHoriz='center', alignVert='center', antialias=True, autoLog=True, bold=False, color='white', colorSpace='named', contrast=1.0, depth=0.0, flipHoriz=False, flipVert=False, font='Arial', fontFiles=[], height=0.045, italic=False, languageStyle='LTR', name='sendInst2', opacity=1.0, ori=0, pos=array([ 0.  , -0.15]), rgb=array([255., 255., 255.]), text='default text', units='height', win=Window(...), wrapWidth=1.4)
6.5777 	EXP 	Created Player2Name = TextStim(__class__=<class 'psychopy.visual.text.TextStim'>, alignHoriz='center', alignVert='center', antialias=True, autoLog=True, bold=False, color='white', colorSpace='named', contrast=1.0, depth=-1.0, flipHoriz=False, flipVert=False, font='Arial', fontFiles=[], height=0.06, italic=False, languageStyle='LTR', name='Player2Name', opacity=1.0, ori=0, pos=array([0. , 0.2]), rgb=array([255., 255., 255.]), text='default text', units='height', win=Window(...), wrapWidth=1)
6.5796 	EXP 	Created Player2Pic = ImageStim(__class__=<class 'psychopy.visual.image.ImageStim'>, autoLog=True, color=array([1., 1., 1.]), colorSpace='rgb', contrast=1.0, depth=-2.0, flipHoriz=False, flipVert=False, image='sin', interpolate=True, mask=None, maskParams=None, name='Player2Pic', opacity=1.0, ori=0.0, pos=array([0., 0.]), size=array([1., 1.]), texRes=128, units='height', win=Window(...))
6.5800 	EXP 	Created text2 = TextStim(__class__=<class 'psychopy.visual.text.TextStim'>, alignHoriz='center', alignVert='center', antialias=True, autoLog=True, bold=False, color='white', colorSpace='named', contrast=1.0, depth=-3.0, flipHoriz=False, flipVert=False, font='Arial', fontFiles=[], height=0.1, italic=False, languageStyle='LTR', name='text2', opacity=1.0, ori=0, pos=array([0., 0.]), rgb=array([255., 255., 255.]), text='', units='height', win=Window(...), wrapWidth=1)
6.5970 	EXP 	Created dollar2 = TextStim(__class__=<class 'psychopy.visual.text.TextStim'>, alignHoriz='center', alignVert='center', antialias=True, autoLog=True, bold=False, color='white', colorSpace='named', contrast=1.0, depth=-6.0, flipHoriz=False, flipVert=False, font='Arial', fontFiles=[], height=0.1, italic=False, languageStyle='LTR', name='dollar2', opacity=1.0, ori=0, pos=array([0., 0.]), rgb=array([255., 255., 255.]), text='default text', units='height', win=Window(...), wrapWidth=1)
6.6011 	EXP 	Created Feedback2 = TextStim(__class__=<class 'psychopy.visual.text.TextStim'>, alignHoriz='center', alignVert='center', antialias=True, autoLog=True, bold=False, color='white', colorSpace='named', contrast=1.0, depth=-1.0, flipHoriz=False, flipVert=False, font='Arial', fontFiles=[], height=0.1, italic=False, languageStyle='LTR', name='Feedback2', opacity=1.0, ori=0, pos=array([0., 0.]), rgb=array([255., 255., 255.]), text='default text', units='height', win=Window(...), wrapWidth=1)
6.6323 	EXP 	Instructions: autoDraw = True
8.3415 	DATA 	Keypress: space
8.3814 	EXP 	Imported DictatorGame.xlsx as conditions, 6 conditions, 3 params
8.3816 	EXP 	Created sequence: random, trialTypes=6, nReps=1, seed=None
8.3820 	EXP 	New trial (rep=0, index=0): OrderedDict([('Rows', '031:040'), ('CueType1', 'REGULATE'), ('CueType2', 'REACT')])
8.3889 	EXP 	Instructions: autoDraw = False
8.3889 	EXP 	isiText: autoDraw = True
10.3914 	EXP 	isiText: autoDraw = False
10.3914 	EXP 	cueText: text = ''
10.3914 	EXP 	cueText: text = 'REACT'
10.3914 	EXP 	cueText: autoDraw = True
15.3762 	EXP 	cueText: autoDraw = False
15.3762 	EXP 	isiText: autoDraw = True
17.3671 	EXP 	Imported spreadsheet5.xlsx as conditions, 9 conditions, 2 params
17.3673 	EXP 	Created sequence: random, trialTypes=9, nReps=1, seed=None
17.3675 	EXP 	New trial (rep=0, index=0): OrderedDict([('selectBlock', 2), ('Rows', None)])
17.3694 	EXP 	Created sequence: sequential, trialTypes=1, nReps=0, seed=None
17.3786 	EXP 	isiText: autoDraw = False
17.3786 	EXP 	isiText: autoDraw = True
19.3650 	EXP 	Created sequence: sequential, trialTypes=1, nReps=0, seed=None
19.3652 	EXP 	New trial (rep=0, index=1): OrderedDict([('selectBlock', 2), ('Rows', None)])
19.3669 	EXP 	Created sequence: sequential, trialTypes=1, nReps=0, seed=None
19.3794 	EXP 	isiText: autoDraw = False
19.3794 	EXP 	isiText: autoDraw = False
19.3794 	EXP 	isiText: autoDraw = True
21.3665 	EXP 	Created sequence: sequential, trialTypes=1, nReps=0, seed=None
21.3667 	EXP 	New trial (rep=0, index=2): OrderedDict([('selectBlock', 1), ('Rows', None)])
21.3684 	EXP 	Created sequence: sequential, trialTypes=1, nReps=0, seed=None
21.3812 	EXP 	isiText: autoDraw = False
21.3812 	EXP 	isiText: autoDraw = False
21.3812 	EXP 	isiText: autoDraw = True
23.3679 	EXP 	Created sequence: sequential, trialTypes=1, nReps=0, seed=None
23.3680 	EXP 	New trial (rep=0, index=3): OrderedDict([('selectBlock', 1), ('Rows', None)])
23.3697 	EXP 	Created sequence: sequential, trialTypes=1, nReps=0, seed=None
23.3826 	EXP 	isiText: autoDraw = False
23.3826 	EXP 	isiText: autoDraw = False
23.3826 	EXP 	isiText: autoDraw = True
25.3704 	EXP 	Created sequence: sequential, trialTypes=1, nReps=0, seed=None
25.3706 	EXP 	New trial (rep=0, index=4): OrderedDict([('selectBlock', 1), ('Rows', None)])
25.3723 	EXP 	Created sequence: sequential, trialTypes=1, nReps=0, seed=None
25.3843 	EXP 	isiText: autoDraw = False
25.3843 	EXP 	isiText: autoDraw = False
25.3843 	EXP 	isiText: autoDraw = True
27.3716 	EXP 	Created sequence: sequential, trialTypes=1, nReps=0, seed=None
27.3718 	EXP 	New trial (rep=0, index=5): OrderedDict([('selectBlock', 1), ('Rows', None)])
27.3734 	EXP 	Created sequence: sequential, trialTypes=1, nReps=0, seed=None
27.3859 	EXP 	isiText: autoDraw = False
27.3859 	EXP 	isiText: autoDraw = False
27.3859 	EXP 	isiText: autoDraw = True
29.3724 	EXP 	Created sequence: sequential, trialTypes=1, nReps=0, seed=None
29.3726 	EXP 	New trial (rep=0, index=6): OrderedDict([('selectBlock', 2), ('Rows', None)])
29.3742 	EXP 	Created sequence: sequential, trialTypes=1, nReps=0, seed=None
29.3877 	EXP 	isiText: autoDraw = False
29.3877 	EXP 	isiText: autoDraw = False
29.3877 	EXP 	isiText: autoDraw = True
30.7247 	DATA 	Keypress: escape
30.8406 	EXP 	window1: mouseVisible = True
