6.4674 	WARNING 	User requested fullscreen with size [1024  768], but screen is actually [1920, 1200]. Using actual size
7.4922 	EXP 	Created window1 = Window(allowGUI=False, allowStencil=False, args=UNKNOWN, autoLog=True, bitsMode=UNKNOWN, blendMode='avg', color=array([0., 0., 0.]), colorSpace='rgb', fullscr=<method-wrapper '__getattribute__' of attributeSetter object at 0x000002588A2F28D0>, gamma=None, gammaErrorPolicy='raise', kwargs=UNKNOWN, lms=UNKNOWN, monitor=<psychopy.monitors.calibTools.Monitor object at 0x00000258891760F0>, multiSample=False, name='window1', numSamples=2, pos=[0.0, 0.0], screen=0, size=array([1920, 1200]), stereo=False, units='height', useFBO=True, useRetina=False, viewOri=0.0, viewPos=None, viewScale=None, waitBlanking=True, winType='pyglet')
7.4923 	EXP 	window1: recordFrameIntervals = False
7.6581 	EXP 	window1: recordFrameIntervals = True
7.8417 	EXP 	window1: recordFrameIntervals = False
8.0794 	EXP 	Created Instructions = TextStim(__class__=<class 'psychopy.visual.text.TextStim'>, alignHoriz='center', alignVert='center', antialias=True, autoLog=True, bold=False, color='white', colorSpace='named', contrast=1.0, depth=0.0, flipHoriz=False, flipVert=False, font='Arial', fontFiles=[], height=0.045, italic=False, languageStyle='LTR', name='Instructions', opacity=1.0, ori=0, pos=array([0., 0.]), rgb=array([255., 255., 255.]), text=str(...), units='height', win=Window(...), wrapWidth=1.45)
8.0993 	EXP 	Created cueText = TextStim(__class__=<class 'psychopy.visual.text.TextStim'>, alignHoriz='center', alignVert='center', antialias=True, autoLog=True, bold=False, color='white', colorSpace='named', contrast=1.0, depth=0.0, flipHoriz=False, flipVert=False, font='Arial', fontFiles=[], height=0.1, italic=False, languageStyle='LTR', name='cueText', opacity=1.0, ori=0, pos=array([0., 0.]), rgb=array([255., 255., 255.]), text='default text', units='height', win=Window(...), wrapWidth=1)
8.1087 	EXP 	Created sendInstructions = TextStim(__class__=<class 'psychopy.visual.text.TextStim'>, alignHoriz='center', alignVert='center', antialias=True, autoLog=True, bold=False, color='white', colorSpace='named', contrast=1.0, depth=0.0, flipHoriz=False, flipVert=False, font='Arial', fontFiles=[], height=0.04, italic=False, languageStyle='LTR', name='sendInstructions', opacity=1.0, ori=0, pos=array([ 0.  , -0.11]), rgb=array([255., 255., 255.]), text='default text', units='height', win=Window(...), wrapWidth=1.4)
8.1200 	EXP 	Created Player1Name = TextStim(__class__=<class 'psychopy.visual.text.TextStim'>, alignHoriz='center', alignVert='center', antialias=True, autoLog=True, bold=False, color='white', colorSpace='named', contrast=1.0, depth=-1.0, flipHoriz=False, flipVert=False, font='Arial', fontFiles=[], height=0.06, italic=False, languageStyle='LTR', name='Player1Name', opacity=1.0, ori=0, pos=array([0. , 0.2]), rgb=array([255., 255., 255.]), text='default text', units='height', win=Window(...), wrapWidth=1)
8.1224 	EXP 	Created Player1Pic = ImageStim(__class__=<class 'psychopy.visual.image.ImageStim'>, autoLog=True, color=array([1., 1., 1.]), colorSpace='rgb', contrast=1.0, depth=-2.0, flipHoriz=False, flipVert=False, image='sin', interpolate=True, mask=None, maskParams=None, name='Player1Pic', opacity=1.0, ori=0.0, pos=array([0., 0.]), size=array([1., 1.]), texRes=128, units='height', win=Window(...))
8.1229 	EXP 	Created response = TextStim(__class__=<class 'psychopy.visual.text.TextStim'>, alignHoriz='center', alignVert='center', antialias=True, autoLog=True, bold=False, color='white', colorSpace='named', contrast=1.0, depth=-5.0, flipHoriz=False, flipVert=False, font='Arial', fontFiles=[], height=0.04, italic=False, languageStyle='LTR', name='response', opacity=1.0, ori=0, pos=array([ 0.  , -0.35]), rgb=array([255., 255., 255.]), text='', units='height', win=Window(...), wrapWidth=1)
8.1273 	EXP 	Created Feedback = TextStim(__class__=<class 'psychopy.visual.text.TextStim'>, alignHoriz='center', alignVert='center', antialias=True, autoLog=True, bold=False, color='white', colorSpace='named', contrast=1.0, depth=0.0, flipHoriz=False, flipVert=False, font='Arial', fontFiles=[], height=0.1, italic=False, languageStyle='LTR', name='Feedback', opacity=1.0, ori=0, pos=array([0., 0.]), rgb=array([255., 255., 255.]), text='default text', units='height', win=Window(...), wrapWidth=1)
8.1319 	EXP 	Created sendInst2 = TextStim(__class__=<class 'psychopy.visual.text.TextStim'>, alignHoriz='center', alignVert='center', antialias=True, autoLog=True, bold=False, color='white', colorSpace='named', contrast=1.0, depth=0.0, flipHoriz=False, flipVert=False, font='Arial', fontFiles=[], height=0.045, italic=False, languageStyle='LTR', name='sendInst2', opacity=1.0, ori=0, pos=array([ 0.  , -0.15]), rgb=array([255., 255., 255.]), text='default text', units='height', win=Window(...), wrapWidth=1.4)
8.1351 	EXP 	Created Player2Name = TextStim(__class__=<class 'psychopy.visual.text.TextStim'>, alignHoriz='center', alignVert='center', antialias=True, autoLog=True, bold=False, color='white', colorSpace='named', contrast=1.0, depth=-1.0, flipHoriz=False, flipVert=False, font='Arial', fontFiles=[], height=0.06, italic=False, languageStyle='LTR', name='Player2Name', opacity=1.0, ori=0, pos=array([0. , 0.2]), rgb=array([255., 255., 255.]), text='default text', units='height', win=Window(...), wrapWidth=1)
8.1374 	EXP 	Created Player2Pic = ImageStim(__class__=<class 'psychopy.visual.image.ImageStim'>, autoLog=True, color=array([1., 1., 1.]), colorSpace='rgb', contrast=1.0, depth=-2.0, flipHoriz=False, flipVert=False, image='sin', interpolate=True, mask=None, maskParams=None, name='Player2Pic', opacity=1.0, ori=0.0, pos=array([0., 0.]), size=array([1., 1.]), texRes=128, units='height', win=Window(...))
8.1417 	EXP 	Created Feedback2 = TextStim(__class__=<class 'psychopy.visual.text.TextStim'>, alignHoriz='center', alignVert='center', antialias=True, autoLog=True, bold=False, color='white', colorSpace='named', contrast=1.0, depth=0.0, flipHoriz=False, flipVert=False, font='Arial', fontFiles=[], height=0.1, italic=False, languageStyle='LTR', name='Feedback2', opacity=1.0, ori=0, pos=array([0., 0.]), rgb=array([255., 255., 255.]), text='default text', units='height', win=Window(...), wrapWidth=1)
8.1738 	EXP 	Instructions: autoDraw = True
10.5907 	EXP 	Imported DictatorGame.xlsx as conditions, 10 conditions, 5 params
10.5910 	EXP 	Created sequence: random, trialTypes=10, nReps=2, seed=None
10.5912 	EXP 	New trial (rep=0, index=0): OrderedDict([('textTypePlayer1', 'Please indicate how many dollars you will give Player 1:   '), ('CueType', 'REGULATE'), ('textTypePlayer2', 'Please indicate how many dollars you will give Player 2:   '), ('Player1', '1patterns.png'), ('Player2', '3pattern.png')])
10.6095 	DATA 	Keypress: space
10.6134 	EXP 	Instructions: autoDraw = False
10.6134 	EXP 	cueText: text = 'REGULATE'
10.6134 	EXP 	cueText: autoDraw = True
15.5705 	EXP 	Imported DictatorGame.xlsx as conditions, 10 conditions, 5 params
15.5706 	EXP 	Created sequence: sequential, trialTypes=10, nReps=1, seed=None
15.5708 	EXP 	New trial (rep=0, index=0): OrderedDict([('textTypePlayer1', 'Please indicate how many dollars you will give Player 1:   '), ('CueType', 'REGULATE'), ('textTypePlayer2', 'Please indicate how many dollars you will give Player 2:   '), ('Player1', '1patterns.png'), ('Player2', '3pattern.png')])
15.6574 	EXP 	cueText: autoDraw = False
15.6574 	EXP 	sendInstructions: text = 'You have been given $5 to use. You have the opportunity to send money to Player 1. You may give them all or none of the money, or any amount in between, using increments of $1. Therefore you can choose to give them $0, $1, $2, $3, $4, or $5.\nThe amount of money you send to them will be tripled, and Player 1 will then have the opportunity to give some money amount back to you. '
15.6574 	EXP 	Player1Name: text = 'Player 1'
15.6574 	EXP 	Player1Pic: pos = array([0.  , 0.36])
15.6574 	EXP 	Player1Pic: size = array([0.2, 0.2])
15.6574 	EXP 	Player1Pic: image = '1patterns.png'
15.6574 	EXP 	response: text = ''
15.6574 	EXP 	sendInstructions: autoDraw = True
15.6574 	EXP 	Player1Name: autoDraw = True
15.6574 	EXP 	Player1Pic: autoDraw = True
15.6574 	EXP 	response: autoDraw = True
15.6574 	EXP 	response: text = 'Please indicate how many dollars you will give Player 1:   '
15.6784 	EXP 	response: text = 'Please indicate how many dollars you will give Player 1:   '
15.6979 	EXP 	response: text = 'Please indicate how many dollars you will give Player 1:   '
15.7150 	EXP 	response: text = 'Please indicate how many dollars you will give Player 1:   '
15.7316 	EXP 	response: text = 'Please indicate how many dollars you will give Player 1:   '
15.7483 	EXP 	response: text = 'Please indicate how many dollars you will give Player 1:   '
15.7647 	EXP 	response: text = 'Please indicate how many dollars you will give Player 1:   '
15.7816 	EXP 	response: text = 'Please indicate how many dollars you will give Player 1:   '
15.7984 	EXP 	response: text = 'Please indicate how many dollars you will give Player 1:   '
15.8150 	EXP 	response: text = 'Please indicate how many dollars you will give Player 1:   '
15.8317 	EXP 	response: text = 'Please indicate how many dollars you will give Player 1:   '
15.8484 	EXP 	response: text = 'Please indicate how many dollars you will give Player 1:   '
15.8651 	EXP 	response: text = 'Please indicate how many dollars you will give Player 1:   '
15.8817 	EXP 	response: text = 'Please indicate how many dollars you will give Player 1:   '
15.8984 	EXP 	response: text = 'Please indicate how many dollars you will give Player 1:   '
15.9150 	EXP 	response: text = 'Please indicate how many dollars you will give Player 1:   '
15.9318 	EXP 	response: text = 'Please indicate how many dollars you will give Player 1:   '
15.9484 	EXP 	response: text = 'Please indicate how many dollars you will give Player 1:   '
15.9651 	EXP 	response: text = 'Please indicate how many dollars you will give Player 1:   '
15.9816 	EXP 	response: text = 'Please indicate how many dollars you will give Player 1:   '
15.9986 	EXP 	response: text = 'Please indicate how many dollars you will give Player 1:   '
16.0152 	EXP 	response: text = 'Please indicate how many dollars you will give Player 1:   '
16.0318 	EXP 	response: text = 'Please indicate how many dollars you will give Player 1:   '
16.0485 	EXP 	response: text = 'Please indicate how many dollars you will give Player 1:   '
16.0651 	EXP 	response: text = 'Please indicate how many dollars you will give Player 1:   '
16.0820 	EXP 	response: text = 'Please indicate how many dollars you will give Player 1:   '
16.0987 	EXP 	response: text = 'Please indicate how many dollars you will give Player 1:   '
16.1154 	EXP 	response: text = 'Please indicate how many dollars you will give Player 1:   '
16.1321 	EXP 	response: text = 'Please indicate how many dollars you will give Player 1:   '
16.1488 	EXP 	response: text = 'Please indicate how many dollars you will give Player 1:   '
16.1654 	EXP 	response: text = 'Please indicate how many dollars you will give Player 1:   '
16.1820 	EXP 	response: text = 'Please indicate how many dollars you will give Player 1:   '
16.1987 	EXP 	response: text = 'Please indicate how many dollars you will give Player 1:   '
16.2154 	EXP 	response: text = 'Please indicate how many dollars you will give Player 1:   '
16.2320 	EXP 	response: text = 'Please indicate how many dollars you will give Player 1:   '
16.2488 	EXP 	response: text = 'Please indicate how many dollars you will give Player 1:   '
16.2654 	EXP 	response: text = 'Please indicate how many dollars you will give Player 1:   '
16.2821 	EXP 	response: text = 'Please indicate how many dollars you will give Player 1:   '
16.2987 	EXP 	response: text = 'Please indicate how many dollars you will give Player 1:   '
16.3155 	EXP 	response: text = 'Please indicate how many dollars you will give Player 1:   '
16.3322 	EXP 	response: text = 'Please indicate how many dollars you will give Player 1:   '
16.3490 	EXP 	response: text = 'Please indicate how many dollars you will give Player 1:   '
16.3660 	EXP 	response: text = 'Please indicate how many dollars you will give Player 1:   '
16.3821 	EXP 	response: text = 'Please indicate how many dollars you will give Player 1:   '
16.3988 	EXP 	response: text = 'Please indicate how many dollars you will give Player 1:   '
16.4159 	EXP 	response: text = 'Please indicate how many dollars you will give Player 1:   '
16.4322 	EXP 	response: text = 'Please indicate how many dollars you will give Player 1:   '
16.4487 	EXP 	response: text = 'Please indicate how many dollars you will give Player 1:   '
16.4656 	EXP 	response: text = 'Please indicate how many dollars you will give Player 1:   '
16.4824 	EXP 	response: text = 'Please indicate how many dollars you will give Player 1:   '
16.4994 	EXP 	response: text = 'Please indicate how many dollars you will give Player 1:   '
16.5157 	EXP 	response: text = 'Please indicate how many dollars you will give Player 1:   '
16.5325 	EXP 	response: text = 'Please indicate how many dollars you will give Player 1:   '
16.5492 	EXP 	response: text = 'Please indicate how many dollars you will give Player 1:   '
16.5658 	EXP 	response: text = 'Please indicate how many dollars you will give Player 1:   '
16.5824 	EXP 	response: text = 'Please indicate how many dollars you will give Player 1:   '
16.5991 	EXP 	response: text = 'Please indicate how many dollars you will give Player 1:   '
16.6159 	EXP 	response: text = 'Please indicate how many dollars you will give Player 1:   '
16.6325 	EXP 	response: text = 'Please indicate how many dollars you will give Player 1:   '
16.6491 	EXP 	response: text = 'Please indicate how many dollars you will give Player 1:   '
16.6657 	EXP 	response: text = 'Please indicate how many dollars you will give Player 1:   '
16.6824 	EXP 	response: text = 'Please indicate how many dollars you will give Player 1:   '
16.6997 	EXP 	response: text = 'Please indicate how many dollars you will give Player 1:   '
16.7160 	EXP 	response: text = 'Please indicate how many dollars you will give Player 1:   '
16.7326 	EXP 	response: text = 'Please indicate how many dollars you will give Player 1:   '
16.7491 	EXP 	response: text = 'Please indicate how many dollars you will give Player 1:   '
16.7656 	EXP 	response: text = 'Please indicate how many dollars you will give Player 1:   '
16.7823 	EXP 	response: text = 'Please indicate how many dollars you will give Player 1:   '
16.8002 	EXP 	response: text = 'Please indicate how many dollars you will give Player 1:   '
16.8158 	EXP 	response: text = 'Please indicate how many dollars you will give Player 1:   '
16.8326 	EXP 	response: text = 'Please indicate how many dollars you will give Player 1:   '
16.8492 	EXP 	response: text = 'Please indicate how many dollars you will give Player 1:   '
16.8659 	EXP 	response: text = 'Please indicate how many dollars you will give Player 1:   '
16.8825 	EXP 	response: text = 'Please indicate how many dollars you will give Player 1:   '
16.8992 	EXP 	response: text = 'Please indicate how many dollars you will give Player 1:   '
16.9159 	EXP 	response: text = 'Please indicate how many dollars you will give Player 1:   '
16.9325 	EXP 	response: text = 'Please indicate how many dollars you will give Player 1:   '
16.9493 	EXP 	response: text = 'Please indicate how many dollars you will give Player 1:   '
16.9660 	EXP 	response: text = 'Please indicate how many dollars you will give Player 1:   '
16.9826 	EXP 	response: text = 'Please indicate how many dollars you will give Player 1:   '
16.9995 	EXP 	response: text = 'Please indicate how many dollars you will give Player 1:   '
17.0161 	EXP 	response: text = 'Please indicate how many dollars you will give Player 1:   '
17.0329 	EXP 	response: text = 'Please indicate how many dollars you will give Player 1:   '
17.0498 	EXP 	response: text = 'Please indicate how many dollars you will give Player 1:   '
17.0662 	EXP 	response: text = 'Please indicate how many dollars you will give Player 1:   '
17.0828 	EXP 	response: text = 'Please indicate how many dollars you will give Player 1:   '
17.0993 	EXP 	response: text = 'Please indicate how many dollars you will give Player 1:   '
17.1162 	EXP 	response: text = 'Please indicate how many dollars you will give Player 1:   '
17.1328 	EXP 	response: text = 'Please indicate how many dollars you will give Player 1:   '
17.1494 	EXP 	response: text = 'Please indicate how many dollars you will give Player 1:   '
17.1660 	EXP 	response: text = 'Please indicate how many dollars you will give Player 1:   '
17.1827 	EXP 	response: text = 'Please indicate how many dollars you will give Player 1:   '
17.1995 	EXP 	response: text = 'Please indicate how many dollars you will give Player 1:   '
17.2160 	EXP 	response: text = 'Please indicate how many dollars you will give Player 1:   '
17.2330 	EXP 	response: text = 'Please indicate how many dollars you will give Player 1:   '
17.2496 	EXP 	response: text = 'Please indicate how many dollars you will give Player 1:   '
17.2660 	EXP 	response: text = 'Please indicate how many dollars you will give Player 1:   '
17.2829 	EXP 	response: text = 'Please indicate how many dollars you will give Player 1:   '
17.2994 	EXP 	response: text = 'Please indicate how many dollars you will give Player 1:   '
17.3163 	EXP 	response: text = 'Please indicate how many dollars you will give Player 1:   '
17.3329 	EXP 	response: text = 'Please indicate how many dollars you will give Player 1:   '
17.3497 	EXP 	response: text = 'Please indicate how many dollars you will give Player 1:   '
17.3663 	EXP 	response: text = 'Please indicate how many dollars you will give Player 1:   '
17.3828 	EXP 	response: text = 'Please indicate how many dollars you will give Player 1:   '
17.3996 	EXP 	response: text = 'Please indicate how many dollars you will give Player 1:   '
17.4163 	EXP 	response: text = 'Please indicate how many dollars you will give Player 1:   '
17.4329 	EXP 	response: text = 'Please indicate how many dollars you will give Player 1:   '
17.4497 	EXP 	response: text = 'Please indicate how many dollars you will give Player 1:   '
17.4664 	EXP 	response: text = 'Please indicate how many dollars you will give Player 1:   '
17.4832 	EXP 	response: text = 'Please indicate how many dollars you will give Player 1:   '
17.4998 	EXP 	response: text = 'Please indicate how many dollars you will give Player 1:   '
17.5166 	EXP 	response: text = 'Please indicate how many dollars you will give Player 1:   '
17.5334 	EXP 	response: text = 'Please indicate how many dollars you will give Player 1:   '
17.5499 	EXP 	response: text = 'Please indicate how many dollars you will give Player 1:   '
17.5665 	EXP 	response: text = 'Please indicate how many dollars you will give Player 1:   '
17.5833 	EXP 	response: text = 'Please indicate how many dollars you will give Player 1:   '
17.6000 	EXP 	response: text = 'Please indicate how many dollars you will give Player 1:   '
17.6168 	EXP 	response: text = 'Please indicate how many dollars you will give Player 1:   '
17.6333 	EXP 	response: text = 'Please indicate how many dollars you will give Player 1:   '
17.6503 	EXP 	response: text = 'Please indicate how many dollars you will give Player 1:   '
17.6668 	EXP 	response: text = 'Please indicate how many dollars you will give Player 1:   '
17.6832 	EXP 	response: text = 'Please indicate how many dollars you will give Player 1:   '
17.7000 	EXP 	response: text = 'Please indicate how many dollars you will give Player 1:   '
17.7168 	EXP 	response: text = 'Please indicate how many dollars you will give Player 1:   '
17.7335 	EXP 	response: text = 'Please indicate how many dollars you will give Player 1:   '
17.7502 	EXP 	response: text = 'Please indicate how many dollars you will give Player 1:   '
17.7667 	EXP 	response: text = 'Please indicate how many dollars you will give Player 1:   '
17.7833 	EXP 	response: text = 'Please indicate how many dollars you will give Player 1:   '
17.7999 	EXP 	response: text = 'Please indicate how many dollars you will give Player 1:   '
17.8166 	EXP 	response: text = 'Please indicate how many dollars you will give Player 1:   '
17.8334 	EXP 	response: text = 'Please indicate how many dollars you will give Player 1:   '
17.8502 	EXP 	response: text = 'Please indicate how many dollars you will give Player 1:   '
17.8667 	EXP 	response: text = 'Please indicate how many dollars you will give Player 1:   '
17.8834 	EXP 	response: text = 'Please indicate how many dollars you will give Player 1:   '
17.9001 	EXP 	response: text = 'Please indicate how many dollars you will give Player 1:   '
17.9167 	EXP 	response: text = 'Please indicate how many dollars you will give Player 1:   '
17.9335 	EXP 	response: text = 'Please indicate how many dollars you will give Player 1:   '
17.9499 	EXP 	response: text = 'Please indicate how many dollars you will give Player 1:   '
17.9666 	EXP 	response: text = 'Please indicate how many dollars you will give Player 1:   '
17.9838 	EXP 	response: text = 'Please indicate how many dollars you will give Player 1:   '
18.0005 	EXP 	response: text = 'Please indicate how many dollars you will give Player 1:   '
18.0169 	EXP 	response: text = 'Please indicate how many dollars you will give Player 1:   '
18.0337 	EXP 	response: text = 'Please indicate how many dollars you will give Player 1:   '
18.0507 	EXP 	response: text = 'Please indicate how many dollars you will give Player 1:   '
18.0670 	EXP 	response: text = 'Please indicate how many dollars you will give Player 1:   '
18.0836 	EXP 	response: text = 'Please indicate how many dollars you will give Player 1:   '
18.1003 	EXP 	response: text = 'Please indicate how many dollars you will give Player 1:   '
18.1170 	EXP 	response: text = 'Please indicate how many dollars you will give Player 1:   '
18.1337 	EXP 	response: text = 'Please indicate how many dollars you will give Player 1:   '
18.1504 	EXP 	response: text = 'Please indicate how many dollars you will give Player 1:   '
18.1678 	EXP 	response: text = 'Please indicate how many dollars you will give Player 1:   '
18.1837 	EXP 	response: text = 'Please indicate how many dollars you will give Player 1:   '
18.2005 	EXP 	response: text = 'Please indicate how many dollars you will give Player 1:   '
18.2170 	EXP 	response: text = 'Please indicate how many dollars you will give Player 1:   '
18.2338 	EXP 	response: text = 'Please indicate how many dollars you will give Player 1:   '
18.2503 	EXP 	response: text = 'Please indicate how many dollars you will give Player 1:   '
18.2670 	EXP 	response: text = 'Please indicate how many dollars you will give Player 1:   '
18.2837 	EXP 	response: text = 'Please indicate how many dollars you will give Player 1:   '
18.3004 	EXP 	response: text = 'Please indicate how many dollars you will give Player 1:   '
18.3172 	EXP 	response: text = 'Please indicate how many dollars you will give Player 1:   '
18.3339 	EXP 	response: text = 'Please indicate how many dollars you will give Player 1:   '
18.3505 	EXP 	response: text = 'Please indicate how many dollars you will give Player 1:   '
18.3673 	EXP 	response: text = 'Please indicate how many dollars you will give Player 1:   '
18.3838 	EXP 	response: text = 'Please indicate how many dollars you will give Player 1:   '
18.4006 	EXP 	response: text = 'Please indicate how many dollars you will give Player 1:   '
18.4170 	EXP 	response: text = 'Please indicate how many dollars you will give Player 1:   '
18.4339 	EXP 	response: text = 'Please indicate how many dollars you will give Player 1:   '
18.4506 	EXP 	response: text = 'Please indicate how many dollars you will give Player 1:   '
18.4673 	EXP 	response: text = 'Please indicate how many dollars you will give Player 1:   '
18.4839 	EXP 	response: text = 'Please indicate how many dollars you will give Player 1:   '
18.5009 	EXP 	response: text = 'Please indicate how many dollars you will give Player 1:   '
18.5175 	EXP 	response: text = 'Please indicate how many dollars you will give Player 1:   '
18.5341 	EXP 	response: text = 'Please indicate how many dollars you will give Player 1:   '
18.5506 	EXP 	response: text = 'Please indicate how many dollars you will give Player 1:   '
18.5675 	EXP 	response: text = 'Please indicate how many dollars you will give Player 1:   '
18.5843 	EXP 	response: text = 'Please indicate how many dollars you will give Player 1:   '
18.6008 	EXP 	response: text = 'Please indicate how many dollars you will give Player 1:   '
18.6175 	EXP 	response: text = 'Please indicate how many dollars you will give Player 1:   '
18.6342 	EXP 	response: text = 'Please indicate how many dollars you will give Player 1:   '
18.6509 	EXP 	response: text = 'Please indicate how many dollars you will give Player 1:   '
18.6682 	EXP 	response: text = 'Please indicate how many dollars you will give Player 1:   '
18.6844 	EXP 	response: text = 'Please indicate how many dollars you will give Player 1:   '
18.7006 	EXP 	response: text = 'Please indicate how many dollars you will give Player 1:   '
18.7174 	EXP 	response: text = 'Please indicate how many dollars you will give Player 1:   '
18.7340 	EXP 	response: text = 'Please indicate how many dollars you will give Player 1:   '
18.7506 	EXP 	response: text = 'Please indicate how many dollars you will give Player 1:   '
18.7674 	EXP 	response: text = 'Please indicate how many dollars you will give Player 1:   '
18.7841 	EXP 	response: text = 'Please indicate how many dollars you will give Player 1:   '
18.8008 	EXP 	response: text = 'Please indicate how many dollars you will give Player 1:   '
18.8174 	EXP 	response: text = 'Please indicate how many dollars you will give Player 1:   '
18.8342 	EXP 	response: text = 'Please indicate how many dollars you will give Player 1:   '
18.8510 	EXP 	response: text = 'Please indicate how many dollars you will give Player 1:   '
18.8677 	EXP 	response: text = 'Please indicate how many dollars you will give Player 1:   '
18.8842 	EXP 	response: text = 'Please indicate how many dollars you will give Player 1:   '
18.9009 	EXP 	response: text = 'Please indicate how many dollars you will give Player 1:   '
18.9176 	EXP 	response: text = 'Please indicate how many dollars you will give Player 1:   '
18.9341 	EXP 	response: text = 'Please indicate how many dollars you will give Player 1:   '
18.9511 	EXP 	response: text = 'Please indicate how many dollars you will give Player 1:   '
18.9677 	EXP 	response: text = 'Please indicate how many dollars you will give Player 1:   '
18.9844 	EXP 	response: text = 'Please indicate how many dollars you will give Player 1:   '
19.0014 	EXP 	response: text = 'Please indicate how many dollars you will give Player 1:   '
19.0179 	EXP 	response: text = 'Please indicate how many dollars you will give Player 1:   '
19.0346 	EXP 	response: text = 'Please indicate how many dollars you will give Player 1:   '
19.0512 	EXP 	response: text = 'Please indicate how many dollars you will give Player 1:   '
19.0679 	EXP 	response: text = 'Please indicate how many dollars you will give Player 1:   '
19.0846 	EXP 	response: text = 'Please indicate how many dollars you will give Player 1:   '
19.1012 	EXP 	response: text = 'Please indicate how many dollars you will give Player 1:   '
19.1179 	EXP 	response: text = 'Please indicate how many dollars you will give Player 1:   '
19.1345 	EXP 	response: text = 'Please indicate how many dollars you will give Player 1:   '
19.1512 	EXP 	response: text = 'Please indicate how many dollars you will give Player 1:   '
19.1682 	EXP 	response: text = 'Please indicate how many dollars you will give Player 1:   '
19.1843 	EXP 	response: text = 'Please indicate how many dollars you will give Player 1:   '
19.2012 	EXP 	response: text = 'Please indicate how many dollars you will give Player 1:   '
19.2180 	EXP 	response: text = 'Please indicate how many dollars you will give Player 1:   '
19.2348 	EXP 	response: text = 'Please indicate how many dollars you will give Player 1:   '
19.2513 	EXP 	response: text = 'Please indicate how many dollars you will give Player 1:   '
19.2678 	EXP 	response: text = 'Please indicate how many dollars you will give Player 1:   '
19.2847 	EXP 	response: text = 'Please indicate how many dollars you will give Player 1:   '
19.3014 	EXP 	response: text = 'Please indicate how many dollars you will give Player 1:   '
19.3180 	EXP 	response: text = 'Please indicate how many dollars you will give Player 1:   '
19.3349 	EXP 	response: text = 'Please indicate how many dollars you will give Player 1:   '
19.3514 	EXP 	response: text = 'Please indicate how many dollars you will give Player 1:   '
19.3680 	EXP 	response: text = 'Please indicate how many dollars you will give Player 1:   '
19.3848 	EXP 	response: text = 'Please indicate how many dollars you will give Player 1:   '
19.4014 	EXP 	response: text = 'Please indicate how many dollars you will give Player 1:   '
19.4182 	EXP 	response: text = 'Please indicate how many dollars you will give Player 1:   '
19.4348 	EXP 	response: text = 'Please indicate how many dollars you will give Player 1:   '
19.4516 	EXP 	response: text = 'Please indicate how many dollars you will give Player 1:   '
19.4683 	EXP 	response: text = 'Please indicate how many dollars you will give Player 1:   '
19.4850 	EXP 	response: text = 'Please indicate how many dollars you will give Player 1:   '
19.5014 	EXP 	response: text = 'Please indicate how many dollars you will give Player 1:   '
19.5182 	EXP 	response: text = 'Please indicate how many dollars you will give Player 1:   '
19.5349 	EXP 	response: text = 'Please indicate how many dollars you will give Player 1:   '
19.5519 	EXP 	response: text = 'Please indicate how many dollars you will give Player 1:   '
19.5683 	EXP 	response: text = 'Please indicate how many dollars you will give Player 1:   '
19.5848 	EXP 	response: text = 'Please indicate how many dollars you will give Player 1:   '
19.6015 	EXP 	response: text = 'Please indicate how many dollars you will give Player 1:   '
19.6182 	EXP 	response: text = 'Please indicate how many dollars you will give Player 1:   '
19.6348 	EXP 	response: text = 'Please indicate how many dollars you will give Player 1:   '
19.6514 	EXP 	response: text = 'Please indicate how many dollars you will give Player 1:   '
19.6682 	EXP 	response: text = 'Please indicate how many dollars you will give Player 1:   '
19.6850 	EXP 	response: text = 'Please indicate how many dollars you will give Player 1:   '
19.7016 	EXP 	response: text = 'Please indicate how many dollars you will give Player 1:   '
19.7182 	EXP 	response: text = 'Please indicate how many dollars you will give Player 1:   '
19.7349 	EXP 	response: text = 'Please indicate how many dollars you will give Player 1:   '
19.7515 	EXP 	response: text = 'Please indicate how many dollars you will give Player 1:   '
19.7683 	EXP 	response: text = 'Please indicate how many dollars you will give Player 1:   '
19.7849 	EXP 	response: text = 'Please indicate how many dollars you will give Player 1:   '
19.8016 	EXP 	response: text = 'Please indicate how many dollars you will give Player 1:   '
19.8183 	EXP 	response: text = 'Please indicate how many dollars you will give Player 1:   '
19.8349 	EXP 	response: text = 'Please indicate how many dollars you will give Player 1:   '
19.8517 	EXP 	response: text = 'Please indicate how many dollars you will give Player 1:   '
19.8683 	EXP 	response: text = 'Please indicate how many dollars you will give Player 1:   '
19.8852 	EXP 	response: text = 'Please indicate how many dollars you will give Player 1:   '
19.9019 	EXP 	response: text = 'Please indicate how many dollars you will give Player 1:   '
19.9186 	EXP 	response: text = 'Please indicate how many dollars you will give Player 1:   '
19.9353 	EXP 	response: text = 'Please indicate how many dollars you will give Player 1:   '
19.9519 	EXP 	response: text = 'Please indicate how many dollars you will give Player 1:   '
19.9686 	EXP 	response: text = 'Please indicate how many dollars you will give Player 1:   '
19.9850 	EXP 	response: text = 'Please indicate how many dollars you will give Player 1:   '
20.0019 	EXP 	response: text = 'Please indicate how many dollars you will give Player 1:   '
20.0185 	EXP 	response: text = 'Please indicate how many dollars you will give Player 1:   '
20.0254 	DATA 	Keypress: num_2
20.0352 	EXP 	response: text = 'Please indicate how many dollars you will give Player 1:   '
20.0519 	EXP 	response: text = 'Please indicate how many dollars you will give Player 1:   '
20.0684 	EXP 	response: text = 'Please indicate how many dollars you will give Player 1:   '
20.0852 	EXP 	response: text = 'Please indicate how many dollars you will give Player 1:   '
20.1018 	EXP 	response: text = 'Please indicate how many dollars you will give Player 1:   '
20.1186 	EXP 	response: text = 'Please indicate how many dollars you will give Player 1:   '
20.1351 	EXP 	response: text = 'Please indicate how many dollars you will give Player 1:   '
20.1519 	EXP 	response: text = 'Please indicate how many dollars you will give Player 1:   '
20.1688 	EXP 	response: text = 'Please indicate how many dollars you will give Player 1:   '
20.1854 	EXP 	response: text = 'Please indicate how many dollars you will give Player 1:   '
20.2018 	EXP 	response: text = 'Please indicate how many dollars you will give Player 1:   '
20.2186 	EXP 	response: text = 'Please indicate how many dollars you will give Player 1:   '
20.2352 	EXP 	response: text = 'Please indicate how many dollars you will give Player 1:   '
20.2518 	EXP 	response: text = 'Please indicate how many dollars you will give Player 1:   '
20.2688 	EXP 	response: text = 'Please indicate how many dollars you will give Player 1:   '
20.2855 	EXP 	response: text = 'Please indicate how many dollars you will give Player 1:   '
20.3022 	EXP 	response: text = 'Please indicate how many dollars you will give Player 1:   '
20.3187 	EXP 	response: text = 'Please indicate how many dollars you will give Player 1:   '
20.3357 	EXP 	response: text = 'Please indicate how many dollars you will give Player 1:   '
20.3520 	EXP 	response: text = 'Please indicate how many dollars you will give Player 1:   '
20.3686 	EXP 	response: text = 'Please indicate how many dollars you will give Player 1:   '
20.3856 	EXP 	response: text = 'Please indicate how many dollars you will give Player 1:   '
20.4021 	EXP 	response: text = 'Please indicate how many dollars you will give Player 1:   '
20.4189 	EXP 	response: text = 'Please indicate how many dollars you will give Player 1:   '
20.4355 	EXP 	response: text = 'Please indicate how many dollars you will give Player 1:   '
20.4523 	EXP 	response: text = 'Please indicate how many dollars you will give Player 1:   '
20.4689 	EXP 	response: text = 'Please indicate how many dollars you will give Player 1:   '
20.4855 	EXP 	response: text = 'Please indicate how many dollars you will give Player 1:   '
20.5020 	EXP 	response: text = 'Please indicate how many dollars you will give Player 1:   '
20.5191 	EXP 	response: text = 'Please indicate how many dollars you will give Player 1:   '
20.5356 	EXP 	response: text = 'Please indicate how many dollars you will give Player 1:   '
20.5522 	EXP 	response: text = 'Please indicate how many dollars you will give Player 1:   '
20.5688 	EXP 	response: text = 'Please indicate how many dollars you will give Player 1:   '
20.5857 	EXP 	response: text = 'Please indicate how many dollars you will give Player 1:   '
20.6024 	EXP 	response: text = 'Please indicate how many dollars you will give Player 1:   '
20.6189 	EXP 	response: text = 'Please indicate how many dollars you will give Player 1:   '
20.6357 	EXP 	response: text = 'Please indicate how many dollars you will give Player 1:   '
20.6522 	EXP 	response: text = 'Please indicate how many dollars you will give Player 1:   '
20.6692 	EXP 	response: text = 'Please indicate how many dollars you will give Player 1:   '
20.6857 	EXP 	response: text = 'Please indicate how many dollars you will give Player 1:   '
20.6925 	DATA 	Keypress: num_5
20.7024 	EXP 	response: text = 'Please indicate how many dollars you will give Player 1:   '
20.7191 	EXP 	response: text = 'Please indicate how many dollars you will give Player 1:   '
20.7356 	EXP 	response: text = 'Please indicate how many dollars you will give Player 1:   '
20.7524 	EXP 	response: text = 'Please indicate how many dollars you will give Player 1:   '
20.7691 	EXP 	response: text = 'Please indicate how many dollars you will give Player 1:   '
20.7856 	EXP 	response: text = 'Please indicate how many dollars you will give Player 1:   '
20.8023 	EXP 	response: text = 'Please indicate how many dollars you will give Player 1:   '
20.8192 	EXP 	response: text = 'Please indicate how many dollars you will give Player 1:   '
20.8359 	EXP 	response: text = 'Please indicate how many dollars you will give Player 1:   '
20.8523 	EXP 	response: text = 'Please indicate how many dollars you will give Player 1:   '
20.8693 	EXP 	response: text = 'Please indicate how many dollars you will give Player 1:   '
20.8860 	EXP 	response: text = 'Please indicate how many dollars you will give Player 1:   '
20.9025 	EXP 	response: text = 'Please indicate how many dollars you will give Player 1:   '
20.9095 	DATA 	Keypress: num_2
20.9194 	EXP 	response: text = 'Please indicate how many dollars you will give Player 1:   '
20.9361 	EXP 	response: text = 'Please indicate how many dollars you will give Player 1:   '
20.9528 	EXP 	response: text = 'Please indicate how many dollars you will give Player 1:   '
20.9695 	EXP 	response: text = 'Please indicate how many dollars you will give Player 1:   '
20.9861 	EXP 	response: text = 'Please indicate how many dollars you will give Player 1:   '
21.0026 	EXP 	response: text = 'Please indicate how many dollars you will give Player 1:   '
21.0191 	EXP 	response: text = 'Please indicate how many dollars you will give Player 1:   '
21.0362 	EXP 	response: text = 'Please indicate how many dollars you will give Player 1:   '
21.0528 	EXP 	response: text = 'Please indicate how many dollars you will give Player 1:   '
21.0695 	EXP 	response: text = 'Please indicate how many dollars you will give Player 1:   '
21.0862 	EXP 	response: text = 'Please indicate how many dollars you will give Player 1:   '
21.1025 	EXP 	response: text = 'Please indicate how many dollars you will give Player 1:   '
21.1092 	DATA 	Keypress: num_5
21.1195 	EXP 	response: text = 'Please indicate how many dollars you will give Player 1:   '
21.1360 	EXP 	response: text = 'Please indicate how many dollars you will give Player 1:   '
21.1528 	EXP 	response: text = 'Please indicate how many dollars you will give Player 1:   '
21.1696 	EXP 	response: text = 'Please indicate how many dollars you will give Player 1:   '
21.1863 	EXP 	response: text = 'Please indicate how many dollars you will give Player 1:   '
21.2029 	EXP 	response: text = 'Please indicate how many dollars you will give Player 1:   '
21.2197 	EXP 	response: text = 'Please indicate how many dollars you will give Player 1:   '
21.2370 	EXP 	response: text = 'Please indicate how many dollars you will give Player 1:   '
21.2533 	EXP 	response: text = 'Please indicate how many dollars you will give Player 1:   '
21.2700 	EXP 	response: text = 'Please indicate how many dollars you will give Player 1:   '
21.2863 	EXP 	response: text = 'Please indicate how many dollars you will give Player 1:   '
21.3028 	EXP 	response: text = 'Please indicate how many dollars you will give Player 1:   '
21.3195 	EXP 	response: text = 'Please indicate how many dollars you will give Player 1:   '
21.3362 	EXP 	response: text = 'Please indicate how many dollars you will give Player 1:   '
21.3531 	EXP 	response: text = 'Please indicate how many dollars you will give Player 1:   '
21.3696 	EXP 	response: text = 'Please indicate how many dollars you will give Player 1:   '
21.3865 	EXP 	response: text = 'Please indicate how many dollars you will give Player 1:   '
21.4028 	EXP 	response: text = 'Please indicate how many dollars you will give Player 1:   '
21.4197 	EXP 	response: text = 'Please indicate how many dollars you will give Player 1:   '
21.4364 	EXP 	response: text = 'Please indicate how many dollars you will give Player 1:   '
21.4531 	EXP 	response: text = 'Please indicate how many dollars you will give Player 1:   '
21.4697 	EXP 	response: text = 'Please indicate how many dollars you will give Player 1:   '
21.4865 	EXP 	response: text = 'Please indicate how many dollars you will give Player 1:   '
21.5033 	EXP 	response: text = 'Please indicate how many dollars you will give Player 1:   '
21.5198 	EXP 	response: text = 'Please indicate how many dollars you will give Player 1:   '
21.5366 	EXP 	response: text = 'Please indicate how many dollars you will give Player 1:   '
21.5532 	EXP 	response: text = 'Please indicate how many dollars you will give Player 1:   '
21.5699 	EXP 	response: text = 'Please indicate how many dollars you will give Player 1:   '
21.5866 	EXP 	response: text = 'Please indicate how many dollars you will give Player 1:   '
21.6035 	EXP 	response: text = 'Please indicate how many dollars you will give Player 1:   '
21.6199 	EXP 	response: text = 'Please indicate how many dollars you will give Player 1:   '
21.6365 	EXP 	response: text = 'Please indicate how many dollars you will give Player 1:   '
21.6533 	EXP 	response: text = 'Please indicate how many dollars you will give Player 1:   '
21.6700 	EXP 	response: text = 'Please indicate how many dollars you will give Player 1:   '
21.6867 	EXP 	response: text = 'Please indicate how many dollars you will give Player 1:   '
21.7033 	EXP 	response: text = 'Please indicate how many dollars you will give Player 1:   '
21.7200 	EXP 	response: text = 'Please indicate how many dollars you will give Player 1:   '
21.7365 	EXP 	response: text = 'Please indicate how many dollars you will give Player 1:   '
21.7534 	EXP 	response: text = 'Please indicate how many dollars you will give Player 1:   '
21.7704 	EXP 	response: text = 'Please indicate how many dollars you will give Player 1:   '
21.7771 	DATA 	Keypress: 3
21.7869 	EXP 	response: text = 'Please indicate how many dollars you will give Player 1:   '
21.8034 	EXP 	response: text = 'Please indicate how many dollars you will give Player 1:   '
21.8203 	EXP 	response: text = 'Please indicate how many dollars you will give Player 1:   '
21.8368 	EXP 	response: text = 'Please indicate how many dollars you will give Player 1:   '
21.8535 	EXP 	response: text = 'Please indicate how many dollars you will give Player 1:   '
21.8701 	EXP 	response: text = 'Please indicate how many dollars you will give Player 1:   '
21.8869 	EXP 	response: text = 'Please indicate how many dollars you will give Player 1:   '
21.9035 	EXP 	response: text = 'Please indicate how many dollars you will give Player 1:   '
21.9202 	EXP 	response: text = 'Please indicate how many dollars you will give Player 1:   '
21.9369 	EXP 	response: text = 'Please indicate how many dollars you will give Player 1:   '
21.9537 	EXP 	response: text = 'Please indicate how many dollars you will give Player 1:   '
21.9704 	EXP 	response: text = 'Please indicate how many dollars you will give Player 1:   '
21.9869 	EXP 	response: text = 'Please indicate how many dollars you will give Player 1:   '
21.9934 	DATA 	Keypress: 4
22.0037 	EXP 	response: text = 'Please indicate how many dollars you will give Player 1:   '
22.0204 	EXP 	response: text = 'Please indicate how many dollars you will give Player 1:   '
22.0368 	EXP 	response: text = 'Please indicate how many dollars you will give Player 1:   '
22.0536 	EXP 	response: text = 'Please indicate how many dollars you will give Player 1:   '
22.0703 	EXP 	response: text = 'Please indicate how many dollars you will give Player 1:   '
22.0872 	EXP 	response: text = 'Please indicate how many dollars you will give Player 1:   '
22.1040 	EXP 	response: text = 'Please indicate how many dollars you will give Player 1:   '
22.1204 	EXP 	response: text = 'Please indicate how many dollars you will give Player 1:   '
22.1372 	EXP 	response: text = 'Please indicate how many dollars you will give Player 1:   '
22.1537 	EXP 	response: text = 'Please indicate how many dollars you will give Player 1:   '
22.1598 	DATA 	Keypress: 5
22.1706 	EXP 	response: text = 'Please indicate how many dollars you will give Player 1:   '
22.1872 	EXP 	response: text = 'Please indicate how many dollars you will give Player 1:   '
22.2039 	EXP 	response: text = 'Please indicate how many dollars you will give Player 1:   '
22.2204 	EXP 	response: text = 'Please indicate how many dollars you will give Player 1:   '
22.2372 	EXP 	response: text = 'Please indicate how many dollars you will give Player 1:   '
22.2538 	EXP 	response: text = 'Please indicate how many dollars you will give Player 1:   '
22.2706 	EXP 	response: text = 'Please indicate how many dollars you will give Player 1:   '
22.2876 	EXP 	response: text = 'Please indicate how many dollars you will give Player 1:   '
22.3038 	EXP 	response: text = 'Please indicate how many dollars you will give Player 1:   '
22.3201 	EXP 	response: text = 'Please indicate how many dollars you will give Player 1:   '
22.3374 	EXP 	response: text = 'Please indicate how many dollars you will give Player 1:   '
22.3538 	EXP 	response: text = 'Please indicate how many dollars you will give Player 1:   '
22.3598 	DATA 	Keypress: 2
22.3704 	EXP 	response: text = 'Please indicate how many dollars you will give Player 1:   '
22.3872 	EXP 	response: text = 'Please indicate how many dollars you will give Player 1:   '
22.4038 	EXP 	response: text = 'Please indicate how many dollars you will give Player 1:   '
22.4205 	EXP 	response: text = 'Please indicate how many dollars you will give Player 1:   '
22.4373 	EXP 	response: text = 'Please indicate how many dollars you will give Player 1:   '
22.4538 	EXP 	response: text = 'Please indicate how many dollars you will give Player 1:   '
22.4705 	EXP 	response: text = 'Please indicate how many dollars you will give Player 1:   '
22.4871 	EXP 	response: text = 'Please indicate how many dollars you will give Player 1:   '
22.5039 	EXP 	response: text = 'Please indicate how many dollars you will give Player 1:   '
22.5206 	EXP 	response: text = 'Please indicate how many dollars you will give Player 1:   '
22.5371 	EXP 	response: text = 'Please indicate how many dollars you will give Player 1:   '
22.5541 	EXP 	response: text = 'Please indicate how many dollars you will give Player 1:   '
22.5593 	DATA 	Keypress: 3
22.5706 	EXP 	response: text = 'Please indicate how many dollars you will give Player 1:   '
22.5874 	EXP 	response: text = 'Please indicate how many dollars you will give Player 1:   '
22.6040 	EXP 	response: text = 'Please indicate how many dollars you will give Player 1:   '
22.6205 	EXP 	response: text = 'Please indicate how many dollars you will give Player 1:   '
22.6373 	EXP 	response: text = 'Please indicate how many dollars you will give Player 1:   '
22.6540 	EXP 	response: text = 'Please indicate how many dollars you will give Player 1:   '
22.6706 	EXP 	response: text = 'Please indicate how many dollars you will give Player 1:   '
22.6874 	EXP 	response: text = 'Please indicate how many dollars you will give Player 1:   '
22.7039 	EXP 	response: text = 'Please indicate how many dollars you will give Player 1:   '
22.7208 	EXP 	response: text = 'Please indicate how many dollars you will give Player 1:   '
22.7374 	EXP 	response: text = 'Please indicate how many dollars you will give Player 1:   '
22.7541 	EXP 	response: text = 'Please indicate how many dollars you will give Player 1:   '
22.7617 	DATA 	Keypress: 2
22.7711 	EXP 	response: text = 'Please indicate how many dollars you will give Player 1:   '
22.7874 	EXP 	response: text = 'Please indicate how many dollars you will give Player 1:   '
22.8040 	EXP 	response: text = 'Please indicate how many dollars you will give Player 1:   '
22.8208 	EXP 	response: text = 'Please indicate how many dollars you will give Player 1:   '
22.8375 	EXP 	response: text = 'Please indicate how many dollars you will give Player 1:   '
22.8541 	EXP 	response: text = 'Please indicate how many dollars you will give Player 1:   '
22.8707 	EXP 	response: text = 'Please indicate how many dollars you will give Player 1:   '
22.8774 	DATA 	Keypress: 3
22.8877 	EXP 	response: text = 'Please indicate how many dollars you will give Player 1:   '
22.9042 	EXP 	response: text = 'Please indicate how many dollars you will give Player 1:   '
22.9210 	EXP 	response: text = 'Please indicate how many dollars you will give Player 1:   '
22.9375 	EXP 	response: text = 'Please indicate how many dollars you will give Player 1:   '
22.9543 	EXP 	response: text = 'Please indicate how many dollars you will give Player 1:   '
22.9709 	EXP 	response: text = 'Please indicate how many dollars you will give Player 1:   '
22.9773 	DATA 	Keypress: 2
22.9876 	EXP 	response: text = 'Please indicate how many dollars you will give Player 1:   '
23.0043 	EXP 	response: text = 'Please indicate how many dollars you will give Player 1:   '
23.0211 	EXP 	response: text = 'Please indicate how many dollars you will give Player 1:   '
23.0374 	EXP 	response: text = 'Please indicate how many dollars you will give Player 1:   '
23.0544 	EXP 	response: text = 'Please indicate how many dollars you will give Player 1:   '
23.0711 	EXP 	response: text = 'Please indicate how many dollars you will give Player 1:   '
23.0880 	EXP 	response: text = 'Please indicate how many dollars you will give Player 1:   '
23.1047 	EXP 	response: text = 'Please indicate how many dollars you will give Player 1:   '
23.1212 	EXP 	response: text = 'Please indicate how many dollars you will give Player 1:   '
23.1274 	DATA 	Keypress: 3
23.1381 	EXP 	response: text = 'Please indicate how many dollars you will give Player 1:   '
23.1546 	EXP 	response: text = 'Please indicate how many dollars you will give Player 1:   '
23.1711 	EXP 	response: text = 'Please indicate how many dollars you will give Player 1:   '
23.1878 	EXP 	response: text = 'Please indicate how many dollars you will give Player 1:   '
23.1934 	DATA 	Keypress: 2
23.2044 	EXP 	response: text = 'Please indicate how many dollars you will give Player 1:   '
23.2211 	EXP 	response: text = 'Please indicate how many dollars you will give Player 1:   '
23.2378 	EXP 	response: text = 'Please indicate how many dollars you will give Player 1:   '
23.2544 	EXP 	response: text = 'Please indicate how many dollars you will give Player 1:   '
23.2713 	EXP 	response: text = 'Please indicate how many dollars you will give Player 1:   '
23.2880 	EXP 	response: text = 'Please indicate how many dollars you will give Player 1:   '
23.3046 	EXP 	response: text = 'Please indicate how many dollars you will give Player 1:   '
23.3113 	DATA 	Keypress: 5
23.3213 	EXP 	response: text = 'Please indicate how many dollars you will give Player 1:   '
23.3381 	EXP 	response: text = 'Please indicate how many dollars you will give Player 1:   '
23.3546 	EXP 	response: text = 'Please indicate how many dollars you will give Player 1:   '
23.3713 	EXP 	response: text = 'Please indicate how many dollars you will give Player 1:   '
23.3880 	EXP 	response: text = 'Please indicate how many dollars you will give Player 1:   '
23.4046 	EXP 	response: text = 'Please indicate how many dollars you will give Player 1:   '
23.4215 	EXP 	response: text = 'Please indicate how many dollars you will give Player 1:   '
23.4275 	DATA 	Keypress: 2
23.4378 	EXP 	response: text = 'Please indicate how many dollars you will give Player 1:   '
23.4547 	EXP 	response: text = 'Please indicate how many dollars you will give Player 1:   '
23.4712 	EXP 	response: text = 'Please indicate how many dollars you will give Player 1:   '
23.4880 	EXP 	response: text = 'Please indicate how many dollars you will give Player 1:   '
23.5047 	EXP 	response: text = 'Please indicate how many dollars you will give Player 1:   '
23.5213 	EXP 	response: text = 'Please indicate how many dollars you will give Player 1:   '
23.5381 	EXP 	response: text = 'Please indicate how many dollars you will give Player 1:   '
23.5547 	EXP 	response: text = 'Please indicate how many dollars you will give Player 1:   '
23.5715 	EXP 	response: text = 'Please indicate how many dollars you will give Player 1:   '
23.5882 	EXP 	response: text = 'Please indicate how many dollars you will give Player 1:   '
23.6049 	EXP 	response: text = 'Please indicate how many dollars you will give Player 1:   '
23.6213 	EXP 	response: text = 'Please indicate how many dollars you will give Player 1:   '
23.6281 	DATA 	Keypress: 5
23.6381 	EXP 	response: text = 'Please indicate how many dollars you will give Player 1:   '
23.6549 	EXP 	response: text = 'Please indicate how many dollars you will give Player 1:   '
23.6714 	EXP 	response: text = 'Please indicate how many dollars you will give Player 1:   '
23.6883 	EXP 	response: text = 'Please indicate how many dollars you will give Player 1:   '
23.7050 	EXP 	response: text = 'Please indicate how many dollars you will give Player 1:   '
23.7217 	EXP 	response: text = 'Please indicate how many dollars you will give Player 1:   '
23.7381 	EXP 	response: text = 'Please indicate how many dollars you will give Player 1:   '
23.7549 	EXP 	response: text = 'Please indicate how many dollars you will give Player 1:   '
23.7715 	EXP 	response: text = 'Please indicate how many dollars you will give Player 1:   '
23.7884 	EXP 	response: text = 'Please indicate how many dollars you will give Player 1:   '
23.8050 	EXP 	response: text = 'Please indicate how many dollars you will give Player 1:   '
23.8218 	EXP 	response: text = 'Please indicate how many dollars you will give Player 1:   '
23.8384 	EXP 	response: text = 'Please indicate how many dollars you will give Player 1:   '
23.8550 	EXP 	response: text = 'Please indicate how many dollars you will give Player 1:   '
23.8717 	EXP 	response: text = 'Please indicate how many dollars you will give Player 1:   '
23.8887 	EXP 	response: text = 'Please indicate how many dollars you will give Player 1:   '
23.9052 	EXP 	response: text = 'Please indicate how many dollars you will give Player 1:   '
23.9220 	EXP 	response: text = 'Please indicate how many dollars you will give Player 1:   '
23.9384 	EXP 	response: text = 'Please indicate how many dollars you will give Player 1:   '
23.9449 	DATA 	Keypress: y
23.9451 	DATA 	Keypress: h
23.9556 	EXP 	response: text = 'Please indicate how many dollars you will give Player 1:   '
23.9717 	EXP 	response: text = 'Please indicate how many dollars you will give Player 1:   '
23.9885 	EXP 	response: text = 'Please indicate how many dollars you will give Player 1:   '
24.0052 	EXP 	response: text = 'Please indicate how many dollars you will give Player 1:   '
24.0219 	EXP 	response: text = 'Please indicate how many dollars you will give Player 1:   '
24.0386 	EXP 	response: text = 'Please indicate how many dollars you will give Player 1:   '
24.0552 	EXP 	response: text = 'Please indicate how many dollars you will give Player 1:   '
24.0719 	EXP 	response: text = 'Please indicate how many dollars you will give Player 1:   '
24.0884 	EXP 	response: text = 'Please indicate how many dollars you will give Player 1:   '
24.0949 	DATA 	Keypress: u
24.1052 	EXP 	response: text = 'Please indicate how many dollars you will give Player 1:   '
24.1218 	EXP 	response: text = 'Please indicate how many dollars you will give Player 1:   '
24.1386 	EXP 	response: text = 'Please indicate how many dollars you will give Player 1:   '
24.1553 	EXP 	response: text = 'Please indicate how many dollars you will give Player 1:   '
24.1719 	EXP 	response: text = 'Please indicate how many dollars you will give Player 1:   '
24.1889 	EXP 	response: text = 'Please indicate how many dollars you will give Player 1:   '
24.2053 	EXP 	response: text = 'Please indicate how many dollars you will give Player 1:   '
24.2220 	EXP 	response: text = 'Please indicate how many dollars you will give Player 1:   '
24.2386 	EXP 	response: text = 'Please indicate how many dollars you will give Player 1:   '
24.2552 	EXP 	response: text = 'Please indicate how many dollars you will give Player 1:   '
24.2720 	EXP 	response: text = 'Please indicate how many dollars you will give Player 1:   '
24.2888 	EXP 	response: text = 'Please indicate how many dollars you will give Player 1:   '
24.3054 	EXP 	response: text = 'Please indicate how many dollars you will give Player 1:   '
24.3219 	EXP 	response: text = 'Please indicate how many dollars you will give Player 1:   '
24.3287 	DATA 	Keypress: j
24.3385 	EXP 	response: text = 'Please indicate how many dollars you will give Player 1:   '
24.3554 	EXP 	response: text = 'Please indicate how many dollars you will give Player 1:   '
24.3723 	EXP 	response: text = 'Please indicate how many dollars you will give Player 1:   '
24.3792 	DATA 	Keypress: h
24.3888 	EXP 	response: text = 'Please indicate how many dollars you will give Player 1:   '
24.4055 	EXP 	response: text = 'Please indicate how many dollars you will give Player 1:   '
24.4223 	EXP 	response: text = 'Please indicate how many dollars you will give Player 1:   '
24.4389 	EXP 	response: text = 'Please indicate how many dollars you will give Player 1:   '
24.4556 	EXP 	response: text = 'Please indicate how many dollars you will give Player 1:   '
24.4720 	EXP 	response: text = 'Please indicate how many dollars you will give Player 1:   '
24.4889 	EXP 	response: text = 'Please indicate how many dollars you will give Player 1:   '
24.5054 	EXP 	response: text = 'Please indicate how many dollars you will give Player 1:   '
24.5111 	DATA 	Keypress: f
24.5222 	EXP 	response: text = 'Please indicate how many dollars you will give Player 1:   '
24.5390 	EXP 	response: text = 'Please indicate how many dollars you will give Player 1:   '
24.5555 	EXP 	response: text = 'Please indicate how many dollars you will give Player 1:   '
24.5723 	EXP 	response: text = 'Please indicate how many dollars you will give Player 1:   '
24.5892 	EXP 	response: text = 'Please indicate how many dollars you will give Player 1:   '
24.6059 	EXP 	response: text = 'Please indicate how many dollars you will give Player 1:   '
24.6225 	EXP 	response: text = 'Please indicate how many dollars you will give Player 1:   '
24.6392 	EXP 	response: text = 'Please indicate how many dollars you will give Player 1:   '
24.6560 	EXP 	response: text = 'Please indicate how many dollars you will give Player 1:   '
24.6726 	EXP 	response: text = 'Please indicate how many dollars you will give Player 1:   '
24.6791 	DATA 	Keypress: comma
24.6792 	DATA 	Keypress: j
24.6893 	EXP 	response: text = 'Please indicate how many dollars you will give Player 1:   '
24.7056 	EXP 	response: text = 'Please indicate how many dollars you will give Player 1:   '
24.7225 	EXP 	response: text = 'Please indicate how many dollars you will give Player 1:   '
24.7295 	DATA 	Keypress: h
24.7392 	EXP 	response: text = 'Please indicate how many dollars you will give Player 1:   '
24.7562 	EXP 	response: text = 'Please indicate how many dollars you will give Player 1:   '
24.7723 	EXP 	response: text = 'Please indicate how many dollars you will give Player 1:   '
24.7891 	EXP 	response: text = 'Please indicate how many dollars you will give Player 1:   '
24.8059 	EXP 	response: text = 'Please indicate how many dollars you will give Player 1:   '
24.8126 	DATA 	Keypress: f
24.8226 	EXP 	response: text = 'Please indicate how many dollars you will give Player 1:   '
24.8391 	EXP 	response: text = 'Please indicate how many dollars you will give Player 1:   '
24.8557 	EXP 	response: text = 'Please indicate how many dollars you will give Player 1:   '
24.8725 	EXP 	response: text = 'Please indicate how many dollars you will give Player 1:   '
24.8893 	EXP 	response: text = 'Please indicate how many dollars you will give Player 1:   '
24.9058 	EXP 	response: text = 'Please indicate how many dollars you will give Player 1:   '
24.9226 	EXP 	response: text = 'Please indicate how many dollars you will give Player 1:   '
24.9392 	EXP 	response: text = 'Please indicate how many dollars you will give Player 1:   '
24.9560 	EXP 	response: text = 'Please indicate how many dollars you will give Player 1:   '
24.9726 	EXP 	response: text = 'Please indicate how many dollars you will give Player 1:   '
24.9893 	EXP 	response: text = 'Please indicate how many dollars you will give Player 1:   '
25.0060 	EXP 	response: text = 'Please indicate how many dollars you will give Player 1:   '
25.0227 	EXP 	response: text = 'Please indicate how many dollars you will give Player 1:   '
25.0395 	EXP 	response: text = 'Please indicate how many dollars you will give Player 1:   '
25.0561 	EXP 	response: text = 'Please indicate how many dollars you will give Player 1:   '
25.0632 	DATA 	Keypress: v
25.0726 	EXP 	response: text = 'Please indicate how many dollars you will give Player 1:   '
25.0896 	EXP 	response: text = 'Please indicate how many dollars you will give Player 1:   '
25.1059 	EXP 	response: text = 'Please indicate how many dollars you will give Player 1:   '
25.1225 	EXP 	response: text = 'Please indicate how many dollars you will give Player 1:   '
25.1394 	EXP 	response: text = 'Please indicate how many dollars you will give Player 1:   '
25.1562 	EXP 	response: text = 'Please indicate how many dollars you will give Player 1:   '
25.1730 	EXP 	response: text = 'Please indicate how many dollars you will give Player 1:   '
25.1895 	EXP 	response: text = 'Please indicate how many dollars you will give Player 1:   '
25.2062 	EXP 	response: text = 'Please indicate how many dollars you will give Player 1:   '
25.2229 	EXP 	response: text = 'Please indicate how many dollars you will give Player 1:   '
25.2399 	EXP 	response: text = 'Please indicate how many dollars you will give Player 1:   '
25.2564 	EXP 	response: text = 'Please indicate how many dollars you will give Player 1:   '
25.2635 	DATA 	Keypress: j
25.2636 	DATA 	Keypress: h
25.2728 	EXP 	response: text = 'Please indicate how many dollars you will give Player 1:   '
25.2893 	EXP 	response: text = 'Please indicate how many dollars you will give Player 1:   '
25.3061 	EXP 	response: text = 'Please indicate how many dollars you will give Player 1:   '
25.3227 	EXP 	response: text = 'Please indicate how many dollars you will give Player 1:   '
25.3398 	EXP 	response: text = 'Please indicate how many dollars you will give Player 1:   '
25.3562 	EXP 	response: text = 'Please indicate how many dollars you will give Player 1:   '
25.3731 	EXP 	response: text = 'Please indicate how many dollars you will give Player 1:   '
25.3897 	EXP 	response: text = 'Please indicate how many dollars you will give Player 1:   '
25.4061 	EXP 	response: text = 'Please indicate how many dollars you will give Player 1:   '
25.4124 	DATA 	Keypress: v
25.4231 	EXP 	response: text = 'Please indicate how many dollars you will give Player 1:   '
25.4397 	EXP 	response: text = 'Please indicate how many dollars you will give Player 1:   '
25.4564 	EXP 	response: text = 'Please indicate how many dollars you will give Player 1:   '
25.4731 	EXP 	response: text = 'Please indicate how many dollars you will give Player 1:   '
25.4897 	EXP 	response: text = 'Please indicate how many dollars you will give Player 1:   '
25.5066 	EXP 	response: text = 'Please indicate how many dollars you will give Player 1:   '
25.5228 	EXP 	response: text = 'Please indicate how many dollars you will give Player 1:   '
25.5297 	DATA 	Keypress: comma
25.5298 	DATA 	Keypress: j
25.5398 	EXP 	response: text = 'Please indicate how many dollars you will give Player 1:   '
25.5467 	DATA 	Keypress: h
25.5564 	EXP 	response: text = 'Please indicate how many dollars you will give Player 1:   '
25.5732 	EXP 	response: text = 'Please indicate how many dollars you will give Player 1:   '
25.5898 	EXP 	response: text = 'Please indicate how many dollars you will give Player 1:   '
25.6064 	EXP 	response: text = 'Please indicate how many dollars you will give Player 1:   '
25.6231 	EXP 	response: text = 'Please indicate how many dollars you will give Player 1:   '
25.6399 	EXP 	response: text = 'Please indicate how many dollars you will give Player 1:   '
25.6566 	EXP 	response: text = 'Please indicate how many dollars you will give Player 1:   '
25.6732 	EXP 	response: text = 'Please indicate how many dollars you will give Player 1:   '
25.6903 	EXP 	response: text = 'Please indicate how many dollars you will give Player 1:   '
25.7068 	EXP 	response: text = 'Please indicate how many dollars you will give Player 1:   '
25.7233 	EXP 	response: text = 'Please indicate how many dollars you will give Player 1:   '
25.7400 	EXP 	response: text = 'Please indicate how many dollars you will give Player 1:   '
25.7568 	EXP 	response: text = 'Please indicate how many dollars you will give Player 1:   '
25.7733 	EXP 	response: text = 'Please indicate how many dollars you will give Player 1:   '
25.7799 	DATA 	Keypress: j
25.7898 	EXP 	response: text = 'Please indicate how many dollars you will give Player 1:   '
25.7959 	DATA 	Keypress: h
25.8066 	EXP 	response: text = 'Please indicate how many dollars you will give Player 1:   '
25.8233 	EXP 	response: text = 'Please indicate how many dollars you will give Player 1:   '
25.8399 	EXP 	response: text = 'Please indicate how many dollars you will give Player 1:   '
25.8565 	EXP 	response: text = 'Please indicate how many dollars you will give Player 1:   '
25.8736 	EXP 	response: text = 'Please indicate how many dollars you will give Player 1:   '
25.8903 	EXP 	response: text = 'Please indicate how many dollars you will give Player 1:   '
25.9069 	EXP 	response: text = 'Please indicate how many dollars you will give Player 1:   '
25.9235 	EXP 	response: text = 'Please indicate how many dollars you will give Player 1:   '
25.9402 	EXP 	response: text = 'Please indicate how many dollars you will give Player 1:   '
25.9569 	EXP 	response: text = 'Please indicate how many dollars you will give Player 1:   '
25.9736 	EXP 	response: text = 'Please indicate how many dollars you will give Player 1:   '
25.9907 	EXP 	response: text = 'Please indicate how many dollars you will give Player 1:   '
26.0071 	EXP 	response: text = 'Please indicate how many dollars you will give Player 1:   '
26.0236 	EXP 	response: text = 'Please indicate how many dollars you will give Player 1:   '
26.0403 	EXP 	response: text = 'Please indicate how many dollars you will give Player 1:   '
26.0570 	EXP 	response: text = 'Please indicate how many dollars you will give Player 1:   '
26.0737 	EXP 	response: text = 'Please indicate how many dollars you will give Player 1:   '
26.0903 	EXP 	response: text = 'Please indicate how many dollars you will give Player 1:   '
26.1070 	EXP 	response: text = 'Please indicate how many dollars you will give Player 1:   '
26.1238 	EXP 	response: text = 'Please indicate how many dollars you will give Player 1:   '
26.1404 	EXP 	response: text = 'Please indicate how many dollars you will give Player 1:   '
26.1573 	EXP 	response: text = 'Please indicate how many dollars you will give Player 1:   '
26.1736 	EXP 	response: text = 'Please indicate how many dollars you will give Player 1:   '
26.1904 	EXP 	response: text = 'Please indicate how many dollars you will give Player 1:   '
26.2068 	EXP 	response: text = 'Please indicate how many dollars you will give Player 1:   '
26.2237 	EXP 	response: text = 'Please indicate how many dollars you will give Player 1:   '
26.2405 	EXP 	response: text = 'Please indicate how many dollars you will give Player 1:   '
26.2571 	EXP 	response: text = 'Please indicate how many dollars you will give Player 1:   '
26.2737 	EXP 	response: text = 'Please indicate how many dollars you will give Player 1:   '
26.2911 	EXP 	response: text = 'Please indicate how many dollars you will give Player 1:   '
26.3071 	EXP 	response: text = 'Please indicate how many dollars you will give Player 1:   '
26.3236 	EXP 	response: text = 'Please indicate how many dollars you will give Player 1:   '
26.3405 	EXP 	response: text = 'Please indicate how many dollars you will give Player 1:   '
26.3572 	EXP 	response: text = 'Please indicate how many dollars you will give Player 1:   '
26.3739 	EXP 	response: text = 'Please indicate how many dollars you will give Player 1:   '
26.3905 	EXP 	response: text = 'Please indicate how many dollars you will give Player 1:   '
26.4072 	EXP 	response: text = 'Please indicate how many dollars you will give Player 1:   '
26.4239 	EXP 	response: text = 'Please indicate how many dollars you will give Player 1:   '
26.4404 	EXP 	response: text = 'Please indicate how many dollars you will give Player 1:   '
26.4570 	EXP 	response: text = 'Please indicate how many dollars you will give Player 1:   '
26.4740 	EXP 	response: text = 'Please indicate how many dollars you will give Player 1:   '
26.4907 	EXP 	response: text = 'Please indicate how many dollars you will give Player 1:   '
26.5073 	EXP 	response: text = 'Please indicate how many dollars you will give Player 1:   '
26.5240 	EXP 	response: text = 'Please indicate how many dollars you will give Player 1:   '
26.5407 	EXP 	response: text = 'Please indicate how many dollars you will give Player 1:   '
26.5576 	EXP 	response: text = 'Please indicate how many dollars you will give Player 1:   '
26.5898 	EXP 	window1: mouseVisible = True
