5.8213 	WARNING 	User requested fullscreen with size [1024  768], but screen is actually [1920, 1200]. Using actual size
6.9076 	EXP 	Created window1 = Window(allowGUI=False, allowStencil=False, args=UNKNOWN, autoLog=True, bitsMode=UNKNOWN, blendMode='avg', color=array([0., 0., 0.]), colorSpace='rgb', fullscr=<method-wrapper '__getattribute__' of attributeSetter object at 0x0000026FA7CD6898>, gamma=None, gammaErrorPolicy='raise', kwargs=UNKNOWN, lms=UNKNOWN, monitor=<psychopy.monitors.calibTools.Monitor object at 0x0000026FA7D750B8>, multiSample=False, name='window1', numSamples=2, pos=[0.0, 0.0], screen=0, size=array([1920, 1200]), stereo=False, units='height', useFBO=True, useRetina=False, viewOri=0.0, viewPos=None, viewScale=None, waitBlanking=True, winType='pyglet')
6.9076 	EXP 	window1: recordFrameIntervals = False
7.0740 	EXP 	window1: recordFrameIntervals = True
7.2574 	EXP 	window1: recordFrameIntervals = False
7.4964 	EXP 	Created Instructions = TextStim(__class__=<class 'psychopy.visual.text.TextStim'>, alignHoriz='center', alignVert='center', antialias=True, autoLog=True, bold=False, color='white', colorSpace='named', contrast=1.0, depth=0.0, flipHoriz=False, flipVert=False, font='Arial', fontFiles=[], height=0.045, italic=False, languageStyle='LTR', name='Instructions', opacity=1.0, ori=0, pos=array([0., 0.]), rgb=array([255., 255., 255.]), text=str(...), units='height', win=Window(...), wrapWidth=1.45)
7.5172 	EXP 	Created cueText = TextStim(__class__=<class 'psychopy.visual.text.TextStim'>, alignHoriz='center', alignVert='center', antialias=True, autoLog=True, bold=False, color='white', colorSpace='named', contrast=1.0, depth=0.0, flipHoriz=False, flipVert=False, font='Arial', fontFiles=[], height=0.1, italic=False, languageStyle='LTR', name='cueText', opacity=1.0, ori=0, pos=array([0., 0.]), rgb=array([255., 255., 255.]), text='default text', units='height', win=Window(...), wrapWidth=1)
7.5271 	EXP 	Created sendInstructions = TextStim(__class__=<class 'psychopy.visual.text.TextStim'>, alignHoriz='center', alignVert='center', antialias=True, autoLog=True, bold=False, color='white', colorSpace='named', contrast=1.0, depth=0.0, flipHoriz=False, flipVert=False, font='Arial', fontFiles=[], height=0.04, italic=False, languageStyle='LTR', name='sendInstructions', opacity=1.0, ori=0, pos=array([ 0.  , -0.11]), rgb=array([255., 255., 255.]), text='default text', units='height', win=Window(...), wrapWidth=1.4)
7.5390 	EXP 	Created Player1Name = TextStim(__class__=<class 'psychopy.visual.text.TextStim'>, alignHoriz='center', alignVert='center', antialias=True, autoLog=True, bold=False, color='white', colorSpace='named', contrast=1.0, depth=-1.0, flipHoriz=False, flipVert=False, font='Arial', fontFiles=[], height=0.06, italic=False, languageStyle='LTR', name='Player1Name', opacity=1.0, ori=0, pos=array([0. , 0.2]), rgb=array([255., 255., 255.]), text='default text', units='height', win=Window(...), wrapWidth=1)
7.5414 	EXP 	Created Player1Pic = ImageStim(__class__=<class 'psychopy.visual.image.ImageStim'>, autoLog=True, color=array([1., 1., 1.]), colorSpace='rgb', contrast=1.0, depth=-2.0, flipHoriz=False, flipVert=False, image='sin', interpolate=True, mask=None, maskParams=None, name='Player1Pic', opacity=1.0, ori=0.0, pos=array([0., 0.]), size=array([1., 1.]), texRes=128, units='height', win=Window(...))
7.5419 	EXP 	Created text = TextStim(__class__=<class 'psychopy.visual.text.TextStim'>, alignHoriz='center', alignVert='center', antialias=True, autoLog=True, bold=False, color='white', colorSpace='named', contrast=1.0, depth=-4.0, flipHoriz=False, flipVert=False, font='Arial', fontFiles=[], height=0.1, italic=False, languageStyle='LTR', name='text', opacity=1.0, ori=0, pos=array([ 0.  , -0.35]), rgb=array([255., 255., 255.]), text='', units='height', win=Window(...), wrapWidth=1)
7.5465 	EXP 	Created Feedback = TextStim(__class__=<class 'psychopy.visual.text.TextStim'>, alignHoriz='center', alignVert='center', antialias=True, autoLog=True, bold=False, color='white', colorSpace='named', contrast=1.0, depth=0.0, flipHoriz=False, flipVert=False, font='Arial', fontFiles=[], height=0.1, italic=False, languageStyle='LTR', name='Feedback', opacity=1.0, ori=0, pos=array([0., 0.]), rgb=array([255., 255., 255.]), text='default text', units='height', win=Window(...), wrapWidth=1)
7.5509 	EXP 	Created sendInst2 = TextStim(__class__=<class 'psychopy.visual.text.TextStim'>, alignHoriz='center', alignVert='center', antialias=True, autoLog=True, bold=False, color='white', colorSpace='named', contrast=1.0, depth=0.0, flipHoriz=False, flipVert=False, font='Arial', fontFiles=[], height=0.045, italic=False, languageStyle='LTR', name='sendInst2', opacity=1.0, ori=0, pos=array([ 0.  , -0.15]), rgb=array([255., 255., 255.]), text='default text', units='height', win=Window(...), wrapWidth=1.4)
7.5541 	EXP 	Created Player2Name = TextStim(__class__=<class 'psychopy.visual.text.TextStim'>, alignHoriz='center', alignVert='center', antialias=True, autoLog=True, bold=False, color='white', colorSpace='named', contrast=1.0, depth=-1.0, flipHoriz=False, flipVert=False, font='Arial', fontFiles=[], height=0.06, italic=False, languageStyle='LTR', name='Player2Name', opacity=1.0, ori=0, pos=array([0. , 0.2]), rgb=array([255., 255., 255.]), text='default text', units='height', win=Window(...), wrapWidth=1)
7.5561 	EXP 	Created Player2Pic = ImageStim(__class__=<class 'psychopy.visual.image.ImageStim'>, autoLog=True, color=array([1., 1., 1.]), colorSpace='rgb', contrast=1.0, depth=-2.0, flipHoriz=False, flipVert=False, image='sin', interpolate=True, mask=None, maskParams=None, name='Player2Pic', opacity=1.0, ori=0.0, pos=array([0., 0.]), size=array([1., 1.]), texRes=128, units='height', win=Window(...))
7.5603 	EXP 	Created Feedback2 = TextStim(__class__=<class 'psychopy.visual.text.TextStim'>, alignHoriz='center', alignVert='center', antialias=True, autoLog=True, bold=False, color='white', colorSpace='named', contrast=1.0, depth=0.0, flipHoriz=False, flipVert=False, font='Arial', fontFiles=[], height=0.1, italic=False, languageStyle='LTR', name='Feedback2', opacity=1.0, ori=0, pos=array([0., 0.]), rgb=array([255., 255., 255.]), text='default text', units='height', win=Window(...), wrapWidth=1)
7.5906 	EXP 	Instructions: autoDraw = True
8.5552 	EXP 	Imported DictatorGame.xlsx as conditions, 10 conditions, 5 params
8.5554 	EXP 	Created sequence: random, trialTypes=10, nReps=2, seed=None
8.5556 	EXP 	New trial (rep=0, index=0): OrderedDict([('textTypePlayer1', 'Please indicate how many dollars you will give Player 1:   '), ('CueType', 'REGULATE'), ('textTypePlayer2', 'Please indicate how many dollars you will give Player 2:   '), ('Player1', '1patterns.png'), ('Player2', '3pattern.png')])
8.5741 	DATA 	Keypress: space
8.5779 	EXP 	Instructions: autoDraw = False
8.5779 	EXP 	cueText: text = 'REGULATE'
8.5779 	EXP 	cueText: autoDraw = True
13.5346 	EXP 	Imported DictatorGame.xlsx as conditions, 10 conditions, 5 params
13.5347 	EXP 	Created sequence: sequential, trialTypes=10, nReps=1, seed=None
13.5349 	EXP 	New trial (rep=0, index=0): OrderedDict([('textTypePlayer1', 'Please indicate how many dollars you will give Player 1:   '), ('CueType', 'REGULATE'), ('textTypePlayer2', 'Please indicate how many dollars you will give Player 2:   '), ('Player1', '1patterns.png'), ('Player2', '3pattern.png')])
13.6297 	EXP 	cueText: autoDraw = False
13.6297 	EXP 	sendInstructions: text = 'You have been given $5 to use. You have the opportunity to send money to Player 1. You may give them all or none of the money, or any amount in between, using increments of $1. Therefore you can choose to give them $0, $1, $2, $3, $4, or $5.\nThe amount of money you send to them will be tripled, and Player 1 will then have the opportunity to give some money amount back to you. \n\n\nPlease indicate how many dollars you will give to Player 1:\n\n$'
13.6297 	EXP 	Player1Name: text = 'Player 1'
13.6297 	EXP 	Player1Pic: pos = array([0.  , 0.36])
13.6297 	EXP 	Player1Pic: size = array([0.2, 0.2])
13.6297 	EXP 	Player1Pic: image = '1patterns.png'
13.6297 	EXP 	text: text = ''
13.6297 	EXP 	sendInstructions: autoDraw = True
13.6297 	EXP 	Player1Name: autoDraw = True
13.6297 	EXP 	Player1Pic: autoDraw = True
13.6297 	EXP 	text: autoDraw = True
14.6303 	EXP 	text: autoDraw = False
15.6666 	DATA 	Keypress: 4
15.6813 	EXP 	text: text = '4'
18.1348 	DATA 	Keypress: 5
18.1522 	EXP 	text: text = '45'
21.3234 	DATA 	Keypress: g
21.3523 	EXP 	text: text = '45g'
21.4042 	DATA 	Keypress: r
21.4191 	EXP 	text: text = '45gr'
21.4378 	DATA 	Keypress: h
21.4527 	EXP 	text: text = '45grh'
21.6876 	DATA 	Keypress: g
21.7030 	EXP 	text: text = '45grhg'
21.8385 	DATA 	Keypress: h
21.8528 	EXP 	text: text = '45grhgh'
21.9552 	DATA 	Keypress: f
21.9698 	EXP 	text: text = '45grhghf'
22.7561 	DATA 	Keypress: f
22.7704 	EXP 	text: text = '45grhghff'
22.8394 	DATA 	Keypress: g
22.8543 	EXP 	text: text = '45grhghffg'
22.9728 	DATA 	Keypress: h
22.9874 	EXP 	text: text = '45grhghffgh'
23.2765 	DATA 	Keypress: g
23.2913 	EXP 	text: text = '45grhghffghg'
23.3074 	DATA 	Keypress: f
23.3241 	EXP 	text: text = '45grhghffghgf'
23.3902 	DATA 	Keypress: h
23.4064 	EXP 	text: text = '45grhghffghgfh'
23.8064 	DATA 	Keypress: g
23.8220 	EXP 	text: text = '45grhghffghgfhg'
24.6413 	DATA 	Keypress: f
24.6566 	EXP 	text: text = '45grhghffghgfhgf'
24.9575 	DATA 	Keypress: g
24.9732 	EXP 	text: text = '45grhghffghgfhgfg'
25.1740 	DATA 	Keypress: h
25.1897 	EXP 	text: text = '45grhghffghgfhgfgh'
25.5095 	DATA 	Keypress: f
25.5262 	EXP 	text: text = '45grhghffghgfhgfghf'
25.9083 	DATA 	Keypress: f
25.9248 	EXP 	text: text = '45grhghffghgfhgfghff'
26.0110 	DATA 	Keypress: g
26.0414 	EXP 	text: text = '45grhghffghgfhgfghffg'
26.3087 	DATA 	Keypress: g
26.3261 	EXP 	text: text = '45grhghffghgfhgfghffgg'
26.6098 	DATA 	Keypress: f
26.6273 	EXP 	text: text = '45grhghffghgfhgfghffggf'
26.7430 	DATA 	Keypress: g
26.7599 	EXP 	text: text = '45grhghffghgfhgfghffggfg'
27.1956 	DATA 	Keypress: g
27.2265 	EXP 	text: text = '45grhghffghgfhgfghffggfgg'
27.9264 	DATA 	Keypress: 3
27.9446 	EXP 	text: text = '45grhghffghgfhgfghffggfgg3'
28.0128 	DATA 	Keypress: 4
28.0453 	EXP 	text: text = '45grhghffghgfhgfghffggfgg34'
28.3433 	DATA 	Keypress: 5
28.3619 	EXP 	text: text = '45grhghffghgfhgfghffggfgg345'
28.4124 	DATA 	Keypress: 4
28.4452 	EXP 	text: text = '45grhghffghgfhgfghffggfgg3454'
28.7958 	DATA 	Keypress: 3
28.8284 	EXP 	text: text = '45grhghffghgfhgfghffggfgg34543'
29.1111 	DATA 	Keypress: 3
29.1287 	EXP 	text: text = '45grhghffghgfhgfghffggfgg345433'
29.1636 	DATA 	Keypress: 4
29.1953 	EXP 	text: text = '45grhghffghgfhgfghffggfgg3454334'
29.2937 	DATA 	Keypress: 5
29.3124 	EXP 	text: text = '45grhghffghgfhgfghffggfgg34543345'
29.6620 	DATA 	Keypress: 5
29.6797 	EXP 	text: text = '45grhghffghgfhgfghffggfgg345433455'
29.9807 	DATA 	Keypress: 5
30.0133 	EXP 	text: text = '45grhghffghgfhgfghffggfgg3454334555'
30.0451 	DATA 	Keypress: 4
30.0637 	EXP 	text: text = '45grhghffghgfhgfghffggfgg34543345554'
30.1619 	DATA 	Keypress: 3
30.1828 	EXP 	text: text = '45grhghffghgfhgfghffggfgg345433455543'
30.4622 	DATA 	Keypress: 3
30.4757 	DATA 	Keypress: 4
30.4812 	EXP 	text: text = '45grhghffghgfhgfghffggfgg3454334555433'
30.5032 	EXP 	text: text = '45grhghffghgfhgfghffggfgg34543345554334'
30.6954 	DATA 	Keypress: 6
30.7170 	EXP 	text: text = '45grhghffghgfhgfghffggfgg345433455543346'
30.8622 	DATA 	Keypress: 5
30.8757 	DATA 	Keypress: 6
30.8809 	EXP 	text: text = '45grhghffghgfhgfghffggfgg3454334555433465'
30.9045 	EXP 	text: text = '45grhghffghgfhgfghffggfgg34543345554334656'
31.0290 	DATA 	Keypress: 7
31.0523 	EXP 	text: text = '45grhghffghgfhgfghffggfgg345433455543346567'
31.2457 	DATA 	Keypress: 5
31.2631 	DATA 	Keypress: 6
31.2685 	EXP 	text: text = '45grhghffghgfhgfghffggfgg3454334555433465675'
31.2926 	EXP 	text: text = '45grhghffghgfhgfghffggfgg34543345554334656756'
31.8632 	DATA 	Keypress: f
31.8852 	EXP 	text: text = '45grhghffghgfhgfghffggfgg34543345554334656756f'
31.9157 	DATA 	Keypress: v
31.9493 	DATA 	Keypress: b
31.9547 	EXP 	text: text = '45grhghffghgfhgfghffggfgg34543345554334656756fv'
31.9806 	EXP 	text: text = '45grhghffghgfhgfghffggfgg34543345554334656756fvb'
32.1800 	DATA 	Keypress: l
32.2035 	EXP 	text: text = '45grhghffghgfhgfghffggfgg34543345554334656756fvbl'
32.2062 	DATA 	Keypress: f
32.2301 	EXP 	text: text = '45grhghffghgfhgfghffggfgg34543345554334656756fvblf'
32.2999 	DATA 	Keypress: h
32.3001 	DATA 	Keypress: k
32.3002 	DATA 	Keypress: i
32.3373 	EXP 	text: text = '45grhghffghgfhgfghffggfgg34543345554334656756fvblfh'
32.3612 	DATA 	Keypress: g
32.3849 	EXP 	text: text = '45grhghffghgfhgfghffggfgg34543345554334656756fvblfhg'
32.4467 	DATA 	Keypress: i
32.4468 	DATA 	Keypress: o
32.4712 	EXP 	text: text = '45grhghffghgfhgfghffggfgg34543345554334656756fvblfhgi'
32.4944 	DATA 	Keypress: r
32.4945 	DATA 	Keypress: e
32.5188 	EXP 	text: text = '45grhghffghgfhgfghffggfgg34543345554334656756fvblfhgir'
32.7324 	DATA 	Keypress: 7
32.7718 	EXP 	text: text = '45grhghffghgfhgfghffggfgg34543345554334656756fvblfhgir7'
32.7944 	DATA 	Keypress: 5
32.8191 	EXP 	text: text = '45grhghffghgfhgfghffggfgg34543345554334656756fvblfhgir75'
32.9137 	DATA 	Keypress: 6
32.9396 	EXP 	text: text = '45grhghffghgfhgfghffggfgg34543345554334656756fvblfhgir756'
33.2981 	DATA 	Keypress: return
33.3512 	EXP 	sendInstructions: autoDraw = False
33.3512 	EXP 	Player1Name: autoDraw = False
33.3512 	EXP 	Player1Pic: autoDraw = False
33.3512 	EXP 	text: autoDraw = False
33.3512 	EXP 	Feedback: text = '"You gave Player 1 "\n\n"Player 1 received "\n\n"Player 1 chose to give you "'
33.3512 	EXP 	Feedback: autoDraw = True
34.8161 	DATA 	Keypress: h
34.9157 	DATA 	Keypress: j
35.0163 	DATA 	Keypress: d
35.1834 	DATA 	Keypress: j
35.1835 	DATA 	Keypress: h
35.5168 	DATA 	Keypress: 5
35.6333 	DATA 	Keypress: 4
35.6994 	DATA 	Keypress: h
35.7834 	DATA 	Keypress: g
35.9002 	DATA 	Keypress: j
35.9340 	DATA 	Keypress: 5
35.9342 	DATA 	Keypress: h
35.9496 	DATA 	Keypress: 4
36.0339 	DATA 	Keypress: g
36.1837 	DATA 	Keypress: j
36.1838 	DATA 	Keypress: h
37.3163 	EXP 	New trial (rep=0, index=1): OrderedDict([('textTypePlayer1', 'Please indicate how many dollars you will give Player 1:   '), ('CueType', 'REGULATE'), ('textTypePlayer2', 'Please indicate how many dollars you will give Player 2:   '), ('Player1', None), ('Player2', None)])
37.3429 	EXP 	Feedback: autoDraw = False
37.3429 	EXP 	sendInstructions: text = 'You have been given $5 to use. You have the opportunity to send money to Player 1. You may give them all or none of the money, or any amount in between, using increments of $1. Therefore you can choose to give them $0, $1, $2, $3, $4, or $5.\nThe amount of money you send to them will be tripled, and Player 1 will then have the opportunity to give some money amount back to you. \n\n\nPlease indicate how many dollars you will give to Player 1:\n\n$'
37.3429 	EXP 	Player1Name: text = 'Player 1'
37.3429 	EXP 	Player1Pic: pos = array([0.  , 0.36])
37.3429 	EXP 	Player1Pic: size = array([0.2, 0.2])
37.3429 	EXP 	Player1Pic: image = '1patterns.png'
37.3429 	EXP 	text: text = ''
37.3429 	EXP 	sendInstructions: autoDraw = True
37.3429 	EXP 	Player1Name: autoDraw = True
37.3429 	EXP 	Player1Pic: autoDraw = True
37.3429 	EXP 	text: autoDraw = True
37.8372 	DATA 	Keypress: g
37.8663 	EXP 	text: text = 'g'
38.0186 	DATA 	Keypress: h
38.0329 	EXP 	text: text = 'gh'
38.3499 	EXP 	text: autoDraw = False
38.9884 	DATA 	Keypress: g
39.0169 	EXP 	text: text = 'ghg'
41.6711 	DATA 	Keypress: j
41.6862 	EXP 	text: text = 'ghgj'
41.8055 	DATA 	Keypress: h
41.8196 	EXP 	text: text = 'ghgjh'
41.9373 	DATA 	Keypress: g
41.9532 	EXP 	text: text = 'ghgjhg'
42.1412 	DATA 	Keypress: h
42.1698 	EXP 	text: text = 'ghgjhgh'
42.2552 	DATA 	Keypress: j
42.2703 	EXP 	text: text = 'ghgjhghj'
42.4911 	DATA 	Keypress: h
42.5201 	EXP 	text: text = 'ghgjhghjh'
42.5894 	DATA 	Keypress: g
42.6041 	EXP 	text: text = 'ghgjhghjhg'
42.7549 	DATA 	Keypress: h
42.7702 	EXP 	text: text = 'ghgjhghjhgh'
42.8056 	DATA 	Keypress: j
42.8207 	EXP 	text: text = 'ghgjhghjhghj'
42.9056 	DATA 	Keypress: g
42.9208 	EXP 	text: text = 'ghgjhghjhghjg'
43.0220 	DATA 	Keypress: j
43.0375 	EXP 	text: text = 'ghgjhghjhghjgj'
43.1067 	DATA 	Keypress: g
43.1068 	DATA 	Keypress: h
43.1222 	EXP 	text: text = 'ghgjhghjhghjgjg'
43.5229 	DATA 	Keypress: return
43.5373 	EXP 	sendInstructions: autoDraw = False
43.5373 	EXP 	Player1Name: autoDraw = False
43.5373 	EXP 	Player1Pic: autoDraw = False
43.5373 	EXP 	text: autoDraw = False
43.5373 	EXP 	Feedback: text = '"You gave Player 1 "\n\n"Player 1 received "\n\n"Player 1 chose to give you "'
43.5373 	EXP 	Feedback: autoDraw = True
44.3069 	DATA 	Keypress: escape
44.4332 	EXP 	window1: mouseVisible = True
