5.5716 	WARNING 	User requested fullscreen with size [1024  768], but screen is actually [1920, 1200]. Using actual size
6.5117 	EXP 	Created window1 = Window(allowGUI=False, allowStencil=False, args=UNKNOWN, autoLog=True, bitsMode=UNKNOWN, blendMode='avg', color=array([0., 0., 0.]), colorSpace='rgb', fullscr=<method-wrapper '__getattribute__' of attributeSetter object at 0x000002224FE01FD0>, gamma=None, gammaErrorPolicy='raise', kwargs=UNKNOWN, lms=UNKNOWN, monitor=<psychopy.monitors.calibTools.Monitor object at 0x000002224FEF8CF8>, multiSample=False, name='window1', numSamples=2, pos=[0.0, 0.0], screen=0, size=array([1920, 1200]), stereo=False, units='height', useFBO=True, useRetina=False, viewOri=0.0, viewPos=None, viewScale=None, waitBlanking=True, winType='pyglet')
6.5118 	EXP 	window1: recordFrameIntervals = False
6.6776 	EXP 	window1: recordFrameIntervals = True
6.8612 	EXP 	window1: recordFrameIntervals = False
7.0951 	EXP 	Created Instructions = TextStim(__class__=<class 'psychopy.visual.text.TextStim'>, alignHoriz='center', alignVert='center', antialias=True, autoLog=True, bold=False, color='white', colorSpace='named', contrast=1.0, depth=0.0, flipHoriz=False, flipVert=False, font='Arial', fontFiles=[], height=0.045, italic=False, languageStyle='LTR', name='Instructions', opacity=1.0, ori=0, pos=array([0., 0.]), rgb=array([255., 255., 255.]), text=str(...), units='height', win=Window(...), wrapWidth=1.45)
7.1059 	EXP 	Created isiText = TextStim(__class__=<class 'psychopy.visual.text.TextStim'>, alignHoriz='center', alignVert='center', antialias=True, autoLog=True, bold=False, color='white', colorSpace='named', contrast=1.0, depth=0.0, flipHoriz=False, flipVert=False, font='Arial', fontFiles=[], height=0.12, italic=False, languageStyle='LTR', name='isiText', opacity=1.0, ori=0, pos=array([0., 0.]), rgb=array([255., 255., 255.]), text='+', units='height', win=Window(...), wrapWidth=1)
7.1068 	EXP 	Created cueText = TextStim(__class__=<class 'psychopy.visual.text.TextStim'>, alignHoriz='center', alignVert='center', antialias=True, autoLog=True, bold=False, color='white', colorSpace='named', contrast=1.0, depth=0.0, flipHoriz=False, flipVert=False, font='Arial', fontFiles=[], height=0.1, italic=False, languageStyle='LTR', name='cueText', opacity=1.0, ori=0, pos=array([0., 0.]), rgb=array([255., 255., 255.]), text='', units='height', win=Window(...), wrapWidth=1)
7.1084 	EXP 	Created isiText = TextStim(__class__=<class 'psychopy.visual.text.TextStim'>, alignHoriz='center', alignVert='center', antialias=True, autoLog=True, bold=False, color='white', colorSpace='named', contrast=1.0, depth=0.0, flipHoriz=False, flipVert=False, font='Arial', fontFiles=[], height=0.12, italic=False, languageStyle='LTR', name='isiText', opacity=1.0, ori=0, pos=array([0., 0.]), rgb=array([255., 255., 255.]), text='+', units='height', win=Window(...), wrapWidth=1)
7.1181 	EXP 	Created sendInstructions = TextStim(__class__=<class 'psychopy.visual.text.TextStim'>, alignHoriz='center', alignVert='center', antialias=True, autoLog=True, bold=False, color='white', colorSpace='named', contrast=1.0, depth=0.0, flipHoriz=False, flipVert=False, font='Arial', fontFiles=[], height=0.04, italic=False, languageStyle='LTR', name='sendInstructions', opacity=1.0, ori=0, pos=array([ 0.  , -0.11]), rgb=array([255., 255., 255.]), text='default text', units='height', win=Window(...), wrapWidth=1.4)
7.1320 	EXP 	Created Player1Name = TextStim(__class__=<class 'psychopy.visual.text.TextStim'>, alignHoriz='center', alignVert='center', antialias=True, autoLog=True, bold=False, color='white', colorSpace='named', contrast=1.0, depth=-1.0, flipHoriz=False, flipVert=False, font='Arial', fontFiles=[], height=0.06, italic=False, languageStyle='LTR', name='Player1Name', opacity=1.0, ori=0, pos=array([0. , 0.2]), rgb=array([255., 255., 255.]), text='default text', units='height', win=Window(...), wrapWidth=1)
7.1339 	EXP 	Created Player1Pic = ImageStim(__class__=<class 'psychopy.visual.image.ImageStim'>, autoLog=True, color=array([1., 1., 1.]), colorSpace='rgb', contrast=1.0, depth=-2.0, flipHoriz=False, flipVert=False, image='sin', interpolate=True, mask=None, maskParams=None, name='Player1Pic', opacity=1.0, ori=0.0, pos=array([0., 0.]), size=array([1., 1.]), texRes=128, units='height', win=Window(...))
7.1347 	EXP 	Created text = TextStim(__class__=<class 'psychopy.visual.text.TextStim'>, alignHoriz='center', alignVert='center', antialias=True, autoLog=True, bold=False, color='white', colorSpace='named', contrast=1.0, depth=-4.0, flipHoriz=False, flipVert=False, font='Arial', fontFiles=[], height=0.07, italic=False, languageStyle='LTR', name='text', opacity=1.0, ori=0, pos=array([ 0.  , -0.35]), rgb=array([255., 255., 255.]), text='', units='height', win=Window(...), wrapWidth=1)
7.1461 	EXP 	Created dollarSign = TextStim(__class__=<class 'psychopy.visual.text.TextStim'>, alignHoriz='center', alignVert='center', antialias=True, autoLog=True, bold=False, color='white', colorSpace='named', contrast=1.0, depth=-6.0, flipHoriz=False, flipVert=False, font='Arial', fontFiles=[], height=0.07, italic=False, languageStyle='LTR', name='dollarSign', opacity=1.0, ori=0, pos=array([-0.05, -0.35]), rgb=array([255., 255., 255.]), text='default text', units='height', win=Window(...), wrapWidth=1)
7.1492 	EXP 	Created Feedback = TextStim(__class__=<class 'psychopy.visual.text.TextStim'>, alignHoriz='center', alignVert='center', antialias=True, autoLog=True, bold=False, color='white', colorSpace='named', contrast=1.0, depth=-1.0, flipHoriz=False, flipVert=False, font='Arial', fontFiles=[], height=0.07, italic=False, languageStyle='LTR', name='Feedback', opacity=1.0, ori=0, pos=array([0., 0.]), rgb=array([255., 255., 255.]), text='default text', units='height', win=Window(...), wrapWidth=1)
7.1511 	EXP 	Created isiText = TextStim(__class__=<class 'psychopy.visual.text.TextStim'>, alignHoriz='center', alignVert='center', antialias=True, autoLog=True, bold=False, color='white', colorSpace='named', contrast=1.0, depth=0.0, flipHoriz=False, flipVert=False, font='Arial', fontFiles=[], height=0.12, italic=False, languageStyle='LTR', name='isiText', opacity=1.0, ori=0, pos=array([0., 0.]), rgb=array([255., 255., 255.]), text='+', units='height', win=Window(...), wrapWidth=1)
7.1557 	EXP 	Created sendInst2 = TextStim(__class__=<class 'psychopy.visual.text.TextStim'>, alignHoriz='center', alignVert='center', antialias=True, autoLog=True, bold=False, color='white', colorSpace='named', contrast=1.0, depth=0.0, flipHoriz=False, flipVert=False, font='Arial', fontFiles=[], height=0.045, italic=False, languageStyle='LTR', name='sendInst2', opacity=1.0, ori=0, pos=array([ 0.  , -0.15]), rgb=array([255., 255., 255.]), text='default text', units='height', win=Window(...), wrapWidth=1.4)
7.1588 	EXP 	Created Player2Name = TextStim(__class__=<class 'psychopy.visual.text.TextStim'>, alignHoriz='center', alignVert='center', antialias=True, autoLog=True, bold=False, color='white', colorSpace='named', contrast=1.0, depth=-1.0, flipHoriz=False, flipVert=False, font='Arial', fontFiles=[], height=0.06, italic=False, languageStyle='LTR', name='Player2Name', opacity=1.0, ori=0, pos=array([0. , 0.2]), rgb=array([255., 255., 255.]), text='default text', units='height', win=Window(...), wrapWidth=1)
7.1605 	EXP 	Created Player2Pic = ImageStim(__class__=<class 'psychopy.visual.image.ImageStim'>, autoLog=True, color=array([1., 1., 1.]), colorSpace='rgb', contrast=1.0, depth=-2.0, flipHoriz=False, flipVert=False, image='sin', interpolate=True, mask=None, maskParams=None, name='Player2Pic', opacity=1.0, ori=0.0, pos=array([0., 0.]), size=array([1., 1.]), texRes=128, units='height', win=Window(...))
7.1609 	EXP 	Created text2 = TextStim(__class__=<class 'psychopy.visual.text.TextStim'>, alignHoriz='center', alignVert='center', antialias=True, autoLog=True, bold=False, color='white', colorSpace='named', contrast=1.0, depth=-3.0, flipHoriz=False, flipVert=False, font='Arial', fontFiles=[], height=0.1, italic=False, languageStyle='LTR', name='text2', opacity=1.0, ori=0, pos=array([0., 0.]), rgb=array([255., 255., 255.]), text='', units='height', win=Window(...), wrapWidth=1)
7.1640 	EXP 	Created dollar2 = TextStim(__class__=<class 'psychopy.visual.text.TextStim'>, alignHoriz='center', alignVert='center', antialias=True, autoLog=True, bold=False, color='white', colorSpace='named', contrast=1.0, depth=-6.0, flipHoriz=False, flipVert=False, font='Arial', fontFiles=[], height=0.07, italic=False, languageStyle='LTR', name='dollar2', opacity=1.0, ori=0, pos=array([-0.05, -0.35]), rgb=array([255., 255., 255.]), text='default text', units='height', win=Window(...), wrapWidth=1)
7.1817 	EXP 	Created Feedback2 = TextStim(__class__=<class 'psychopy.visual.text.TextStim'>, alignHoriz='center', alignVert='center', antialias=True, autoLog=True, bold=False, color='white', colorSpace='named', contrast=1.0, depth=-1.0, flipHoriz=False, flipVert=False, font='Arial', fontFiles=[], height=0.1, italic=False, languageStyle='LTR', name='Feedback2', opacity=1.0, ori=0, pos=array([0., 0.]), rgb=array([255., 255., 255.]), text='default text', units='height', win=Window(...), wrapWidth=1)
7.2123 	EXP 	Instructions: autoDraw = True
8.7245 	EXP 	Imported DictatorGame.xlsx as conditions, 6 conditions, 3 params
8.7248 	EXP 	Created sequence: random, trialTypes=6, nReps=1, seed=None
8.7251 	EXP 	New trial (rep=0, index=0): OrderedDict([('Rows', '041:050'), ('CueType1', 'REGULATE'), ('CueType2', 'REACT')])
8.7281 	DATA 	Keypress: space
8.7320 	EXP 	Instructions: autoDraw = False
8.7320 	EXP 	isiText: autoDraw = True
10.7401 	EXP 	isiText: autoDraw = False
10.7401 	EXP 	cueText: text = ''
10.7401 	EXP 	cueText: text = 'REGULATE'
10.7401 	EXP 	cueText: autoDraw = True
15.7183 	EXP 	cueText: autoDraw = False
15.7183 	EXP 	isiText: autoDraw = True
17.7099 	EXP 	Imported spreadsheet5.xlsx as conditions, 9 conditions, 2 params
17.7101 	EXP 	Created sequence: random, trialTypes=9, nReps=1, seed=None
17.7103 	EXP 	New trial (rep=0, index=0): OrderedDict([('nReps1', 1), ('nReps2', 1)])
17.7104 	EXP 	Created sequence: sequential, trialTypes=1, nReps=1, seed=None
17.7105 	EXP 	New trial (rep=0, index=0): None
17.8362 	EXP 	isiText: autoDraw = False
17.8362 	EXP 	sendInstructions: text = 'You have been given $5 to use. You have the opportunity to send money to Player 1. You may give them all or none of the money, or any amount in between, using increments of $1. Therefore you can choose to give them $0, $1, $2, $3, $4, or $5.\nThe amount of money you send to them will be tripled, and Player 1 will then have the opportunity to give some money amount back to you. \n\n\nPlease indicate how many dollars you will give to Player 1:\n'
17.8362 	EXP 	Player1Name: text = 'Player 1'
17.8362 	EXP 	Player1Pic: pos = array([0.  , 0.36])
17.8362 	EXP 	Player1Pic: size = array([0.2, 0.2])
17.8362 	EXP 	Player1Pic: image = '1patterns.png'
17.8362 	EXP 	text: text = ''
17.8362 	EXP 	text: text = ''
17.8362 	EXP 	Player1Pic: image = '3pattern.png'
17.8362 	EXP 	dollarSign: text = '$'
17.8362 	EXP 	sendInstructions: autoDraw = True
17.8362 	EXP 	Player1Name: autoDraw = True
17.8362 	EXP 	Player1Pic: autoDraw = True
17.8362 	EXP 	text: autoDraw = True
17.8362 	EXP 	dollarSign: autoDraw = True
19.8240 	DATA 	Keypress: 2
19.8389 	EXP 	text: text = '2'
23.5265 	DATA 	Keypress: return
23.5704 	EXP 	sendInstructions: autoDraw = False
23.5704 	EXP 	Player1Name: autoDraw = False
23.5704 	EXP 	Player1Pic: autoDraw = False
23.5704 	EXP 	text: autoDraw = False
23.5704 	EXP 	dollarSign: autoDraw = False
23.5704 	EXP 	Feedback: text = 'You gave Player 1 $2\n\nPlayer 1 received  $6\n\nPlayer 1 chose to give you $0'
23.5704 	EXP 	Feedback: autoDraw = True
28.0621 	EXP 	Feedback: autoDraw = False
28.0621 	EXP 	isiText: autoDraw = True
30.0309 	EXP 	Created sequence: sequential, trialTypes=1, nReps=1, seed=None
30.0310 	EXP 	New trial (rep=0, index=0): None
30.1282 	EXP 	isiText: autoDraw = False
30.1282 	EXP 	sendInst2: text = 'You have been given$5 to use. You have the opportunity to send money to Player 1. You may give them all or none of the money, or any amount in between, using increments of $1. Therefore you can choose to give them $0, $1, $2, $3, $4, or $5.\nThe amount of money you send to them will be tripled, and Player 1 will then have the opportunity to give some money amount back to you. \n\nPlease type how much money you would like to give Player 1 : '
30.1282 	EXP 	Player2Name: text = 'Player 2'
30.1282 	EXP 	Player2Pic: pos = array([0.  , 0.36])
30.1282 	EXP 	Player2Pic: size = array([0.2, 0.2])
30.1282 	EXP 	Player2Pic: image = '3pattern.png'
30.1282 	EXP 	Player2Pic: image = '1patterns.png'
30.1282 	EXP 	text2: text = ''
30.1282 	EXP 	dollar2: text = '$'
30.1282 	EXP 	sendInst2: autoDraw = True
30.1282 	EXP 	Player2Name: autoDraw = True
30.1282 	EXP 	Player2Pic: autoDraw = True
30.1282 	EXP 	text2: autoDraw = True
30.1282 	EXP 	dollar2: autoDraw = True
33.4353 	DATA 	Keypress: escape
33.5220 	EXP 	window1: mouseVisible = True
