5.4809 	WARNING 	User requested fullscreen with size [1024  768], but screen is actually [1920, 1200]. Using actual size
6.4855 	EXP 	Created window1 = Window(allowGUI=False, allowStencil=False, args=UNKNOWN, autoLog=True, bitsMode=UNKNOWN, blendMode='avg', color=array([0., 0., 0.]), colorSpace='rgb', fullscr=<method-wrapper '__getattribute__' of attributeSetter object at 0x00000263235E39E8>, gamma=None, gammaErrorPolicy='raise', kwargs=UNKNOWN, lms=UNKNOWN, monitor=<psychopy.monitors.calibTools.Monitor object at 0x000002632368B208>, multiSample=False, name='window1', numSamples=2, pos=[0.0, 0.0], screen=0, size=array([1920, 1200]), stereo=False, units='height', useFBO=True, useRetina=False, viewOri=0.0, viewPos=None, viewScale=None, waitBlanking=True, winType='pyglet')
6.4856 	EXP 	window1: recordFrameIntervals = False
6.6522 	EXP 	window1: recordFrameIntervals = True
6.8358 	EXP 	window1: recordFrameIntervals = False
7.0744 	EXP 	Created Instructions = TextStim(__class__=<class 'psychopy.visual.text.TextStim'>, alignHoriz='center', alignVert='center', antialias=True, autoLog=True, bold=False, color='white', colorSpace='named', contrast=1.0, depth=0.0, flipHoriz=False, flipVert=False, font='Arial', fontFiles=[], height=0.045, italic=False, languageStyle='LTR', name='Instructions', opacity=1.0, ori=0, pos=array([0., 0.]), rgb=array([255., 255., 255.]), text=str(...), units='height', win=Window(...), wrapWidth=1.45)
7.0944 	EXP 	Created cueText = TextStim(__class__=<class 'psychopy.visual.text.TextStim'>, alignHoriz='center', alignVert='center', antialias=True, autoLog=True, bold=False, color='white', colorSpace='named', contrast=1.0, depth=0.0, flipHoriz=False, flipVert=False, font='Arial', fontFiles=[], height=0.1, italic=False, languageStyle='LTR', name='cueText', opacity=1.0, ori=0, pos=array([0., 0.]), rgb=array([255., 255., 255.]), text='default text', units='height', win=Window(...), wrapWidth=1)
7.1041 	EXP 	Created sendInstructions = TextStim(__class__=<class 'psychopy.visual.text.TextStim'>, alignHoriz='center', alignVert='center', antialias=True, autoLog=True, bold=False, color='white', colorSpace='named', contrast=1.0, depth=0.0, flipHoriz=False, flipVert=False, font='Arial', fontFiles=[], height=0.04, italic=False, languageStyle='LTR', name='sendInstructions', opacity=1.0, ori=0, pos=array([ 0.  , -0.11]), rgb=array([255., 255., 255.]), text='default text', units='height', win=Window(...), wrapWidth=1.4)
7.1160 	EXP 	Created Player1Name = TextStim(__class__=<class 'psychopy.visual.text.TextStim'>, alignHoriz='center', alignVert='center', antialias=True, autoLog=True, bold=False, color='white', colorSpace='named', contrast=1.0, depth=-1.0, flipHoriz=False, flipVert=False, font='Arial', fontFiles=[], height=0.06, italic=False, languageStyle='LTR', name='Player1Name', opacity=1.0, ori=0, pos=array([0. , 0.2]), rgb=array([255., 255., 255.]), text='default text', units='height', win=Window(...), wrapWidth=1)
7.1181 	EXP 	Created Player1Pic = ImageStim(__class__=<class 'psychopy.visual.image.ImageStim'>, autoLog=True, color=array([1., 1., 1.]), colorSpace='rgb', contrast=1.0, depth=-2.0, flipHoriz=False, flipVert=False, image='sin', interpolate=True, mask=None, maskParams=None, name='Player1Pic', opacity=1.0, ori=0.0, pos=array([0., 0.]), size=array([1., 1.]), texRes=128, units='height', win=Window(...))
7.1185 	EXP 	Created text = TextStim(__class__=<class 'psychopy.visual.text.TextStim'>, alignHoriz='center', alignVert='center', antialias=True, autoLog=True, bold=False, color='white', colorSpace='named', contrast=1.0, depth=-4.0, flipHoriz=False, flipVert=False, font='Arial', fontFiles=[], height=0.1, italic=False, languageStyle='LTR', name='text', opacity=1.0, ori=0, pos=array([ 0.  , -0.35]), rgb=array([255., 255., 255.]), text='', units='height', win=Window(...), wrapWidth=1)
7.1230 	EXP 	Created text_2 = TextStim(__class__=<class 'psychopy.visual.text.TextStim'>, alignHoriz='center', alignVert='center', antialias=True, autoLog=True, bold=False, color='white', colorSpace='named', contrast=1.0, depth=-6.0, flipHoriz=False, flipVert=False, font='Arial', fontFiles=[], height=0.1, italic=False, languageStyle='LTR', name='text_2', opacity=1.0, ori=0, pos=array([-0.05, -0.35]), rgb=array([255., 255., 255.]), text='default text', units='height', win=Window(...), wrapWidth=1)
7.1274 	EXP 	Created Feedback = TextStim(__class__=<class 'psychopy.visual.text.TextStim'>, alignHoriz='center', alignVert='center', antialias=True, autoLog=True, bold=False, color='white', colorSpace='named', contrast=1.0, depth=0.0, flipHoriz=False, flipVert=False, font='Arial', fontFiles=[], height=0.1, italic=False, languageStyle='LTR', name='Feedback', opacity=1.0, ori=0, pos=array([0., 0.]), rgb=array([255., 255., 255.]), text='default text', units='height', win=Window(...), wrapWidth=1)
7.1320 	EXP 	Created sendInst2 = TextStim(__class__=<class 'psychopy.visual.text.TextStim'>, alignHoriz='center', alignVert='center', antialias=True, autoLog=True, bold=False, color='white', colorSpace='named', contrast=1.0, depth=0.0, flipHoriz=False, flipVert=False, font='Arial', fontFiles=[], height=0.045, italic=False, languageStyle='LTR', name='sendInst2', opacity=1.0, ori=0, pos=array([ 0.  , -0.15]), rgb=array([255., 255., 255.]), text='default text', units='height', win=Window(...), wrapWidth=1.4)
7.1353 	EXP 	Created Player2Name = TextStim(__class__=<class 'psychopy.visual.text.TextStim'>, alignHoriz='center', alignVert='center', antialias=True, autoLog=True, bold=False, color='white', colorSpace='named', contrast=1.0, depth=-1.0, flipHoriz=False, flipVert=False, font='Arial', fontFiles=[], height=0.06, italic=False, languageStyle='LTR', name='Player2Name', opacity=1.0, ori=0, pos=array([0. , 0.2]), rgb=array([255., 255., 255.]), text='default text', units='height', win=Window(...), wrapWidth=1)
7.1372 	EXP 	Created Player2Pic = ImageStim(__class__=<class 'psychopy.visual.image.ImageStim'>, autoLog=True, color=array([1., 1., 1.]), colorSpace='rgb', contrast=1.0, depth=-2.0, flipHoriz=False, flipVert=False, image='sin', interpolate=True, mask=None, maskParams=None, name='Player2Pic', opacity=1.0, ori=0.0, pos=array([0., 0.]), size=array([1., 1.]), texRes=128, units='height', win=Window(...))
7.1415 	EXP 	Created Feedback2 = TextStim(__class__=<class 'psychopy.visual.text.TextStim'>, alignHoriz='center', alignVert='center', antialias=True, autoLog=True, bold=False, color='white', colorSpace='named', contrast=1.0, depth=0.0, flipHoriz=False, flipVert=False, font='Arial', fontFiles=[], height=0.1, italic=False, languageStyle='LTR', name='Feedback2', opacity=1.0, ori=0, pos=array([0., 0.]), rgb=array([255., 255., 255.]), text='default text', units='height', win=Window(...), wrapWidth=1)
7.1725 	EXP 	Instructions: autoDraw = True
8.4002 	EXP 	Imported DictatorGame.xlsx as conditions, 10 conditions, 5 params
8.4005 	EXP 	Created sequence: random, trialTypes=10, nReps=2, seed=None
8.4008 	EXP 	New trial (rep=0, index=0): OrderedDict([('textTypePlayer1', 'Please indicate how many dollars you will give Player 1:   '), ('CueType', 'REGULATE'), ('textTypePlayer2', 'Please indicate how many dollars you will give Player 2:   '), ('Player1', None), ('Player2', None)])
8.4197 	DATA 	Keypress: space
8.4235 	EXP 	Instructions: autoDraw = False
8.4235 	EXP 	cueText: text = 'REGULATE'
8.4235 	EXP 	cueText: autoDraw = True
13.3798 	EXP 	Imported DictatorGame.xlsx as conditions, 10 conditions, 5 params
13.3800 	EXP 	Created sequence: sequential, trialTypes=10, nReps=1, seed=None
13.3802 	EXP 	New trial (rep=0, index=0): OrderedDict([('textTypePlayer1', 'Please indicate how many dollars you will give Player 1:   '), ('CueType', 'REGULATE'), ('textTypePlayer2', 'Please indicate how many dollars you will give Player 2:   '), ('Player1', '1patterns.png'), ('Player2', '3pattern.png')])
13.4664 	EXP 	cueText: autoDraw = False
13.4664 	EXP 	sendInstructions: text = 'You have been given $5 to use. You have the opportunity to send money to Player 1. You may give them all or none of the money, or any amount in between, using increments of $1. Therefore you can choose to give them $0, $1, $2, $3, $4, or $5.\nThe amount of money you send to them will be tripled, and Player 1 will then have the opportunity to give some money amount back to you. \n\n\nPlease indicate how many dollars you will give to Player 1:\n'
13.4664 	EXP 	Player1Name: text = 'Player 1'
13.4664 	EXP 	Player1Pic: pos = array([0.  , 0.36])
13.4664 	EXP 	Player1Pic: size = array([0.2, 0.2])
13.4664 	EXP 	Player1Pic: image = '1patterns.png'
13.4664 	EXP 	text: text = ''
13.4664 	EXP 	text: text = ''
13.4664 	EXP 	text_2: text = '$'
13.4664 	EXP 	sendInstructions: autoDraw = True
13.4664 	EXP 	Player1Name: autoDraw = True
13.4664 	EXP 	Player1Pic: autoDraw = True
13.4664 	EXP 	text: autoDraw = True
13.4664 	EXP 	text_2: autoDraw = True
14.4755 	EXP 	text_2: autoDraw = False
16.0291 	DATA 	Keypress: escape
16.0473 	EXP 	text: text = 'escape'
16.1280 	EXP 	window1: mouseVisible = True
6.9017 	WARNING 	User requested fullscreen with size [1024  768], but screen is actually [1920, 1200]. Using actual size
7.7102 	EXP 	Created window1 = Window(allowGUI=False, allowStencil=False, args=UNKNOWN, autoLog=True, bitsMode=UNKNOWN, blendMode='avg', color=array([0., 0., 0.]), colorSpace='rgb', fullscr=<method-wrapper '__getattribute__' of attributeSetter object at 0x000001E5A1C87978>, gamma=None, gammaErrorPolicy='raise', kwargs=UNKNOWN, lms=UNKNOWN, monitor=<psychopy.monitors.calibTools.Monitor object at 0x000001E5A1BA9198>, multiSample=False, name='window1', numSamples=2, pos=[0.0, 0.0], screen=0, size=array([1920, 1200]), stereo=False, units='height', useFBO=True, useRetina=False, viewOri=0.0, viewPos=None, viewScale=None, waitBlanking=True, winType='pyglet')
7.7103 	EXP 	window1: recordFrameIntervals = False
7.8758 	EXP 	window1: recordFrameIntervals = True
8.0589 	EXP 	window1: recordFrameIntervals = False
8.2996 	EXP 	Created Instructions = TextStim(__class__=<class 'psychopy.visual.text.TextStim'>, alignHoriz='center', alignVert='center', antialias=True, autoLog=True, bold=False, color='white', colorSpace='named', contrast=1.0, depth=0.0, flipHoriz=False, flipVert=False, font='Arial', fontFiles=[], height=0.045, italic=False, languageStyle='LTR', name='Instructions', opacity=1.0, ori=0, pos=array([0., 0.]), rgb=array([255., 255., 255.]), text=str(...), units='height', win=Window(...), wrapWidth=1.45)
8.3203 	EXP 	Created cueText = TextStim(__class__=<class 'psychopy.visual.text.TextStim'>, alignHoriz='center', alignVert='center', antialias=True, autoLog=True, bold=False, color='white', colorSpace='named', contrast=1.0, depth=0.0, flipHoriz=False, flipVert=False, font='Arial', fontFiles=[], height=0.1, italic=False, languageStyle='LTR', name='cueText', opacity=1.0, ori=0, pos=array([0., 0.]), rgb=array([255., 255., 255.]), text='default text', units='height', win=Window(...), wrapWidth=1)
8.3302 	EXP 	Created sendInstructions = TextStim(__class__=<class 'psychopy.visual.text.TextStim'>, alignHoriz='center', alignVert='center', antialias=True, autoLog=True, bold=False, color='white', colorSpace='named', contrast=1.0, depth=0.0, flipHoriz=False, flipVert=False, font='Arial', fontFiles=[], height=0.04, italic=False, languageStyle='LTR', name='sendInstructions', opacity=1.0, ori=0, pos=array([ 0.  , -0.11]), rgb=array([255., 255., 255.]), text='default text', units='height', win=Window(...), wrapWidth=1.4)
8.3419 	EXP 	Created Player1Name = TextStim(__class__=<class 'psychopy.visual.text.TextStim'>, alignHoriz='center', alignVert='center', antialias=True, autoLog=True, bold=False, color='white', colorSpace='named', contrast=1.0, depth=-1.0, flipHoriz=False, flipVert=False, font='Arial', fontFiles=[], height=0.06, italic=False, languageStyle='LTR', name='Player1Name', opacity=1.0, ori=0, pos=array([0. , 0.2]), rgb=array([255., 255., 255.]), text='default text', units='height', win=Window(...), wrapWidth=1)
8.3446 	EXP 	Created Player1Pic = ImageStim(__class__=<class 'psychopy.visual.image.ImageStim'>, autoLog=True, color=array([1., 1., 1.]), colorSpace='rgb', contrast=1.0, depth=-2.0, flipHoriz=False, flipVert=False, image='sin', interpolate=True, mask=None, maskParams=None, name='Player1Pic', opacity=1.0, ori=0.0, pos=array([0., 0.]), size=array([1., 1.]), texRes=128, units='height', win=Window(...))
8.3457 	EXP 	Created text = TextStim(__class__=<class 'psychopy.visual.text.TextStim'>, alignHoriz='center', alignVert='center', antialias=True, autoLog=True, bold=False, color='white', colorSpace='named', contrast=1.0, depth=-4.0, flipHoriz=False, flipVert=False, font='Arial', fontFiles=[], height=0.07, italic=False, languageStyle='LTR', name='text', opacity=1.0, ori=0, pos=array([ 0.  , -0.35]), rgb=array([255., 255., 255.]), text='', units='height', win=Window(...), wrapWidth=1)
8.3604 	EXP 	Created dollarSign = TextStim(__class__=<class 'psychopy.visual.text.TextStim'>, alignHoriz='center', alignVert='center', antialias=True, autoLog=True, bold=False, color='white', colorSpace='named', contrast=1.0, depth=-6.0, flipHoriz=False, flipVert=False, font='Arial', fontFiles=[], height=0.07, italic=False, languageStyle='LTR', name='dollarSign', opacity=1.0, ori=0, pos=array([-0.05, -0.35]), rgb=array([255., 255., 255.]), text='default text', units='height', win=Window(...), wrapWidth=1)
8.3648 	EXP 	Created Feedback = TextStim(__class__=<class 'psychopy.visual.text.TextStim'>, alignHoriz='center', alignVert='center', antialias=True, autoLog=True, bold=False, color='white', colorSpace='named', contrast=1.0, depth=0.0, flipHoriz=False, flipVert=False, font='Arial', fontFiles=[], height=0.1, italic=False, languageStyle='LTR', name='Feedback', opacity=1.0, ori=0, pos=array([0., 0.]), rgb=array([255., 255., 255.]), text='default text', units='height', win=Window(...), wrapWidth=1)
8.3691 	EXP 	Created sendInst2 = TextStim(__class__=<class 'psychopy.visual.text.TextStim'>, alignHoriz='center', alignVert='center', antialias=True, autoLog=True, bold=False, color='white', colorSpace='named', contrast=1.0, depth=0.0, flipHoriz=False, flipVert=False, font='Arial', fontFiles=[], height=0.045, italic=False, languageStyle='LTR', name='sendInst2', opacity=1.0, ori=0, pos=array([ 0.  , -0.15]), rgb=array([255., 255., 255.]), text='default text', units='height', win=Window(...), wrapWidth=1.4)
8.3726 	EXP 	Created Player2Name = TextStim(__class__=<class 'psychopy.visual.text.TextStim'>, alignHoriz='center', alignVert='center', antialias=True, autoLog=True, bold=False, color='white', colorSpace='named', contrast=1.0, depth=-1.0, flipHoriz=False, flipVert=False, font='Arial', fontFiles=[], height=0.06, italic=False, languageStyle='LTR', name='Player2Name', opacity=1.0, ori=0, pos=array([0. , 0.2]), rgb=array([255., 255., 255.]), text='default text', units='height', win=Window(...), wrapWidth=1)
8.3748 	EXP 	Created Player2Pic = ImageStim(__class__=<class 'psychopy.visual.image.ImageStim'>, autoLog=True, color=array([1., 1., 1.]), colorSpace='rgb', contrast=1.0, depth=-2.0, flipHoriz=False, flipVert=False, image='sin', interpolate=True, mask=None, maskParams=None, name='Player2Pic', opacity=1.0, ori=0.0, pos=array([0., 0.]), size=array([1., 1.]), texRes=128, units='height', win=Window(...))
8.3792 	EXP 	Created Feedback2 = TextStim(__class__=<class 'psychopy.visual.text.TextStim'>, alignHoriz='center', alignVert='center', antialias=True, autoLog=True, bold=False, color='white', colorSpace='named', contrast=1.0, depth=0.0, flipHoriz=False, flipVert=False, font='Arial', fontFiles=[], height=0.1, italic=False, languageStyle='LTR', name='Feedback2', opacity=1.0, ori=0, pos=array([0., 0.]), rgb=array([255., 255., 255.]), text='default text', units='height', win=Window(...), wrapWidth=1)
8.4113 	EXP 	Instructions: autoDraw = True
10.3571 	EXP 	Imported DictatorGame.xlsx as conditions, 10 conditions, 5 params
10.3574 	EXP 	Created sequence: random, trialTypes=10, nReps=2, seed=None
10.3577 	EXP 	New trial (rep=0, index=0): OrderedDict([('textTypePlayer1', 'Please indicate how many dollars you will give Player 1:   '), ('CueType', 'REGULATE'), ('textTypePlayer2', 'Please indicate how many dollars you will give Player 2:   '), ('Player1', None), ('Player2', None)])
10.3801 	DATA 	Keypress: space
10.3843 	EXP 	Instructions: autoDraw = False
10.3843 	EXP 	cueText: text = 'REGULATE'
10.3843 	EXP 	cueText: autoDraw = True
15.3535 	EXP 	Imported DictatorGame.xlsx as conditions, 10 conditions, 5 params
15.3538 	EXP 	Created sequence: sequential, trialTypes=10, nReps=1, seed=None
15.3540 	EXP 	New trial (rep=0, index=0): OrderedDict([('textTypePlayer1', 'Please indicate how many dollars you will give Player 1:   '), ('CueType', 'REGULATE'), ('textTypePlayer2', 'Please indicate how many dollars you will give Player 2:   '), ('Player1', '1patterns.png'), ('Player2', '3pattern.png')])
15.4438 	EXP 	cueText: autoDraw = False
15.4438 	EXP 	sendInstructions: text = 'You have been given $5 to use. You have the opportunity to send money to Player 1. You may give them all or none of the money, or any amount in between, using increments of $1. Therefore you can choose to give them $0, $1, $2, $3, $4, or $5.\nThe amount of money you send to them will be tripled, and Player 1 will then have the opportunity to give some money amount back to you. \n\n\nPlease indicate how many dollars you will give to Player 1:\n'
15.4438 	EXP 	Player1Name: text = 'Player 1'
15.4438 	EXP 	Player1Pic: pos = array([0.  , 0.36])
15.4438 	EXP 	Player1Pic: size = array([0.2, 0.2])
15.4438 	EXP 	Player1Pic: image = '1patterns.png'
15.4438 	EXP 	text: text = ''
15.4438 	EXP 	text: text = ''
15.4438 	EXP 	dollarSign: text = '$'
15.4438 	EXP 	sendInstructions: autoDraw = True
15.4438 	EXP 	Player1Name: autoDraw = True
15.4438 	EXP 	Player1Pic: autoDraw = True
15.4438 	EXP 	text: autoDraw = True
15.4438 	EXP 	dollarSign: autoDraw = True
17.4687 	DATA 	Keypress: 2
17.4835 	EXP 	text: text = '2'
19.8543 	DATA 	Keypress: backspace
19.8684 	EXP 	text: text = ''
20.0546 	DATA 	Keypress: 9
20.0693 	EXP 	text: text = '9'
20.5238 	DATA 	Keypress: backspace
20.5525 	EXP 	text: text = ''
21.8893 	DATA 	Keypress: 5
21.9039 	EXP 	text: text = '5'
22.0893 	DATA 	Keypress: backspace
22.1039 	EXP 	text: text = ''
34.2325 	DATA 	Keypress: escape
34.2509 	EXP 	text: text = 'escape'
34.3453 	EXP 	window1: mouseVisible = True
