5.6355 	WARNING 	User requested fullscreen with size [1024  768], but screen is actually [1920, 1200]. Using actual size
6.4632 	EXP 	Created window1 = Window(allowGUI=False, allowStencil=False, args=UNKNOWN, autoLog=True, bitsMode=UNKNOWN, blendMode='avg', color=array([0., 0., 0.]), colorSpace='rgb', fullscr=<method-wrapper '__getattribute__' of attributeSetter object at 0x0000021C1E5828D0>, gamma=None, gammaErrorPolicy='raise', kwargs=UNKNOWN, lms=UNKNOWN, monitor=<psychopy.monitors.calibTools.Monitor object at 0x0000021C1E3D60F0>, multiSample=False, name='window1', numSamples=2, pos=[0.0, 0.0], screen=0, size=array([1920, 1200]), stereo=False, units='height', useFBO=True, useRetina=False, viewOri=0.0, viewPos=None, viewScale=None, waitBlanking=True, winType='pyglet')
6.4632 	EXP 	window1: recordFrameIntervals = False
6.6299 	EXP 	window1: recordFrameIntervals = True
6.8132 	EXP 	window1: recordFrameIntervals = False
7.0470 	EXP 	Created Instructions = TextStim(__class__=<class 'psychopy.visual.text.TextStim'>, alignHoriz='center', alignVert='center', antialias=True, autoLog=True, bold=False, color='white', colorSpace='named', contrast=1.0, depth=0.0, flipHoriz=False, flipVert=False, font='Arial', fontFiles=[], height=0.045, italic=False, languageStyle='LTR', name='Instructions', opacity=1.0, ori=0, pos=array([0., 0.]), rgb=array([255., 255., 255.]), text=str(...), units='height', win=Window(...), wrapWidth=1.45)
7.0670 	EXP 	Created cueText = TextStim(__class__=<class 'psychopy.visual.text.TextStim'>, alignHoriz='center', alignVert='center', antialias=True, autoLog=True, bold=False, color='white', colorSpace='named', contrast=1.0, depth=0.0, flipHoriz=False, flipVert=False, font='Arial', fontFiles=[], height=0.1, italic=False, languageStyle='LTR', name='cueText', opacity=1.0, ori=0, pos=array([0., 0.]), rgb=array([255., 255., 255.]), text='default text', units='height', win=Window(...), wrapWidth=1)
7.0770 	EXP 	Created sendInstructions = TextStim(__class__=<class 'psychopy.visual.text.TextStim'>, alignHoriz='center', alignVert='center', antialias=True, autoLog=True, bold=False, color='white', colorSpace='named', contrast=1.0, depth=0.0, flipHoriz=False, flipVert=False, font='Arial', fontFiles=[], height=0.04, italic=False, languageStyle='LTR', name='sendInstructions', opacity=1.0, ori=0, pos=array([ 0.  , -0.11]), rgb=array([255., 255., 255.]), text='default text', units='height', win=Window(...), wrapWidth=1.4)
7.0882 	EXP 	Created Player1Name = TextStim(__class__=<class 'psychopy.visual.text.TextStim'>, alignHoriz='center', alignVert='center', antialias=True, autoLog=True, bold=False, color='white', colorSpace='named', contrast=1.0, depth=-1.0, flipHoriz=False, flipVert=False, font='Arial', fontFiles=[], height=0.06, italic=False, languageStyle='LTR', name='Player1Name', opacity=1.0, ori=0, pos=array([0. , 0.2]), rgb=array([255., 255., 255.]), text='default text', units='height', win=Window(...), wrapWidth=1)
7.0913 	EXP 	Created Player1Pic = ImageStim(__class__=<class 'psychopy.visual.image.ImageStim'>, autoLog=True, color=array([1., 1., 1.]), colorSpace='rgb', contrast=1.0, depth=-2.0, flipHoriz=False, flipVert=False, image='sin', interpolate=True, mask=None, maskParams=None, name='Player1Pic', opacity=1.0, ori=0.0, pos=array([0., 0.]), size=array([1., 1.]), texRes=128, units='height', win=Window(...))
7.0919 	EXP 	Created response = TextStim(__class__=<class 'psychopy.visual.text.TextStim'>, alignHoriz='center', alignVert='center', antialias=True, autoLog=True, bold=False, color='white', colorSpace='named', contrast=1.0, depth=-5.0, flipHoriz=False, flipVert=False, font='Arial', fontFiles=[], height=0.04, italic=False, languageStyle='LTR', name='response', opacity=1.0, ori=0, pos=array([ 0. , -0.2]), rgb=array([255., 255., 255.]), text='', units='height', win=Window(...), wrapWidth=1)
7.0967 	EXP 	Created Feedback = TextStim(__class__=<class 'psychopy.visual.text.TextStim'>, alignHoriz='center', alignVert='center', antialias=True, autoLog=True, bold=False, color='white', colorSpace='named', contrast=1.0, depth=0.0, flipHoriz=False, flipVert=False, font='Arial', fontFiles=[], height=0.1, italic=False, languageStyle='LTR', name='Feedback', opacity=1.0, ori=0, pos=array([0., 0.]), rgb=array([255., 255., 255.]), text='default text', units='height', win=Window(...), wrapWidth=1)
7.1012 	EXP 	Created sendInst2 = TextStim(__class__=<class 'psychopy.visual.text.TextStim'>, alignHoriz='center', alignVert='center', antialias=True, autoLog=True, bold=False, color='white', colorSpace='named', contrast=1.0, depth=0.0, flipHoriz=False, flipVert=False, font='Arial', fontFiles=[], height=0.045, italic=False, languageStyle='LTR', name='sendInst2', opacity=1.0, ori=0, pos=array([ 0.  , -0.15]), rgb=array([255., 255., 255.]), text='default text', units='height', win=Window(...), wrapWidth=1.4)
7.1045 	EXP 	Created Player2Name = TextStim(__class__=<class 'psychopy.visual.text.TextStim'>, alignHoriz='center', alignVert='center', antialias=True, autoLog=True, bold=False, color='white', colorSpace='named', contrast=1.0, depth=-1.0, flipHoriz=False, flipVert=False, font='Arial', fontFiles=[], height=0.06, italic=False, languageStyle='LTR', name='Player2Name', opacity=1.0, ori=0, pos=array([0. , 0.2]), rgb=array([255., 255., 255.]), text='default text', units='height', win=Window(...), wrapWidth=1)
7.1065 	EXP 	Created Player2Pic = ImageStim(__class__=<class 'psychopy.visual.image.ImageStim'>, autoLog=True, color=array([1., 1., 1.]), colorSpace='rgb', contrast=1.0, depth=-2.0, flipHoriz=False, flipVert=False, image='sin', interpolate=True, mask=None, maskParams=None, name='Player2Pic', opacity=1.0, ori=0.0, pos=array([0., 0.]), size=array([1., 1.]), texRes=128, units='height', win=Window(...))
7.1110 	EXP 	Created Feedback2 = TextStim(__class__=<class 'psychopy.visual.text.TextStim'>, alignHoriz='center', alignVert='center', antialias=True, autoLog=True, bold=False, color='white', colorSpace='named', contrast=1.0, depth=0.0, flipHoriz=False, flipVert=False, font='Arial', fontFiles=[], height=0.1, italic=False, languageStyle='LTR', name='Feedback2', opacity=1.0, ori=0, pos=array([0., 0.]), rgb=array([255., 255., 255.]), text='default text', units='height', win=Window(...), wrapWidth=1)
7.1419 	EXP 	Instructions: autoDraw = True
7.7768 	EXP 	Imported DictatorGame.xlsx as conditions, 10 conditions, 5 params
7.7771 	EXP 	Created sequence: random, trialTypes=10, nReps=2, seed=None
7.7773 	EXP 	New trial (rep=0, index=0): OrderedDict([('textTypePlayer1', 'Please indicate how many dollars you will give Player 1:   '), ('CueType', 'REACT'), ('textTypePlayer2', 'Please indicate how many dollars you will give Player 2:   '), ('Player1', None), ('Player2', None)])
7.7924 	DATA 	Keypress: space
7.7965 	EXP 	Instructions: autoDraw = False
7.7965 	EXP 	cueText: text = 'REACT'
7.7965 	EXP 	cueText: autoDraw = True
12.7730 	EXP 	Imported DictatorGame.xlsx as conditions, 10 conditions, 5 params
12.7732 	EXP 	Created sequence: sequential, trialTypes=10, nReps=1, seed=None
12.7734 	EXP 	New trial (rep=0, index=0): OrderedDict([('textTypePlayer1', 'Please indicate how many dollars you will give Player 1:   '), ('CueType', 'REGULATE'), ('textTypePlayer2', 'Please indicate how many dollars you will give Player 2:   '), ('Player1', '1patterns.png'), ('Player2', '3pattern.png')])
12.8643 	EXP 	cueText: autoDraw = False
12.8643 	EXP 	sendInstructions: text = 'You have been given $5 to use. You have the opportunity to send money to Player 1. You may give them all or none of the money, or any amount in between, using increments of $1. Therefore you can choose to give them $0, $1, $2, $3, $4, or $5.\nThe amount of money you send to them will be tripled, and Player 1 will then have the opportunity to give some money amount back to you. '
12.8643 	EXP 	Player1Name: text = 'Player 1'
12.8643 	EXP 	Player1Pic: pos = array([0.  , 0.36])
12.8643 	EXP 	Player1Pic: size = array([0.2, 0.2])
12.8643 	EXP 	Player1Pic: image = '1patterns.png'
12.8643 	EXP 	response: text = ''
12.8643 	EXP 	sendInstructions: autoDraw = True
12.8643 	EXP 	Player1Name: autoDraw = True
12.8643 	EXP 	Player1Pic: autoDraw = True
12.8643 	EXP 	response: autoDraw = True
12.8643 	EXP 	response: text = 'Please indicate how many dollars you will give Player 1:   '
12.8842 	EXP 	response: text = 'Please indicate how many dollars you will give Player 1:   '
12.9012 	EXP 	response: text = 'Please indicate how many dollars you will give Player 1:   '
12.9178 	EXP 	response: text = 'Please indicate how many dollars you will give Player 1:   '
12.9344 	EXP 	response: text = 'Please indicate how many dollars you will give Player 1:   '
12.9512 	EXP 	response: text = 'Please indicate how many dollars you will give Player 1:   '
12.9676 	EXP 	response: text = 'Please indicate how many dollars you will give Player 1:   '
12.9846 	EXP 	response: text = 'Please indicate how many dollars you will give Player 1:   '
13.0010 	EXP 	response: text = 'Please indicate how many dollars you will give Player 1:   '
13.0180 	EXP 	response: text = 'Please indicate how many dollars you will give Player 1:   '
13.0346 	EXP 	response: text = 'Please indicate how many dollars you will give Player 1:   '
13.0511 	EXP 	response: text = 'Please indicate how many dollars you will give Player 1:   '
13.0679 	EXP 	response: text = 'Please indicate how many dollars you will give Player 1:   '
13.0845 	EXP 	response: text = 'Please indicate how many dollars you will give Player 1:   '
13.1013 	EXP 	response: text = 'Please indicate how many dollars you will give Player 1:   '
13.1179 	EXP 	response: text = 'Please indicate how many dollars you will give Player 1:   '
13.1346 	EXP 	response: text = 'Please indicate how many dollars you will give Player 1:   '
13.1513 	EXP 	response: text = 'Please indicate how many dollars you will give Player 1:   '
13.1681 	EXP 	response: text = 'Please indicate how many dollars you will give Player 1:   '
13.1847 	EXP 	response: text = 'Please indicate how many dollars you will give Player 1:   '
13.2012 	EXP 	response: text = 'Please indicate how many dollars you will give Player 1:   '
13.2181 	EXP 	response: text = 'Please indicate how many dollars you will give Player 1:   '
13.2349 	EXP 	response: text = 'Please indicate how many dollars you will give Player 1:   '
13.2515 	EXP 	response: text = 'Please indicate how many dollars you will give Player 1:   '
13.2680 	EXP 	response: text = 'Please indicate how many dollars you will give Player 1:   '
13.2849 	EXP 	response: text = 'Please indicate how many dollars you will give Player 1:   '
13.3014 	EXP 	response: text = 'Please indicate how many dollars you will give Player 1:   '
13.3183 	EXP 	response: text = 'Please indicate how many dollars you will give Player 1:   '
13.3348 	EXP 	response: text = 'Please indicate how many dollars you will give Player 1:   '
13.3514 	EXP 	response: text = 'Please indicate how many dollars you will give Player 1:   '
13.3682 	EXP 	response: text = 'Please indicate how many dollars you will give Player 1:   '
13.3849 	EXP 	response: text = 'Please indicate how many dollars you will give Player 1:   '
13.4016 	EXP 	response: text = 'Please indicate how many dollars you will give Player 1:   '
13.4183 	EXP 	response: text = 'Please indicate how many dollars you will give Player 1:   '
13.4350 	EXP 	response: text = 'Please indicate how many dollars you will give Player 1:   '
13.4517 	EXP 	response: text = 'Please indicate how many dollars you will give Player 1:   '
13.4682 	EXP 	response: text = 'Please indicate how many dollars you will give Player 1:   '
13.4849 	EXP 	response: text = 'Please indicate how many dollars you will give Player 1:   '
13.5016 	EXP 	response: text = 'Please indicate how many dollars you will give Player 1:   '
13.5184 	EXP 	response: text = 'Please indicate how many dollars you will give Player 1:   '
13.5347 	EXP 	response: text = 'Please indicate how many dollars you will give Player 1:   '
13.5516 	EXP 	response: text = 'Please indicate how many dollars you will give Player 1:   '
13.5683 	EXP 	response: text = 'Please indicate how many dollars you will give Player 1:   '
13.5847 	EXP 	response: text = 'Please indicate how many dollars you will give Player 1:   '
13.6017 	EXP 	response: text = 'Please indicate how many dollars you will give Player 1:   '
13.6181 	EXP 	response: text = 'Please indicate how many dollars you will give Player 1:   '
13.6351 	EXP 	response: text = 'Please indicate how many dollars you will give Player 1:   '
13.6518 	EXP 	response: text = 'Please indicate how many dollars you will give Player 1:   '
13.6683 	EXP 	response: text = 'Please indicate how many dollars you will give Player 1:   '
13.6852 	EXP 	response: text = 'Please indicate how many dollars you will give Player 1:   '
13.7017 	EXP 	response: text = 'Please indicate how many dollars you will give Player 1:   '
13.7183 	EXP 	response: text = 'Please indicate how many dollars you will give Player 1:   '
13.7351 	EXP 	response: text = 'Please indicate how many dollars you will give Player 1:   '
13.7517 	EXP 	response: text = 'Please indicate how many dollars you will give Player 1:   '
13.7685 	EXP 	response: text = 'Please indicate how many dollars you will give Player 1:   '
13.7851 	EXP 	response: text = 'Please indicate how many dollars you will give Player 1:   '
13.8018 	EXP 	response: text = 'Please indicate how many dollars you will give Player 1:   '
13.8186 	EXP 	response: text = 'Please indicate how many dollars you will give Player 1:   '
13.8357 	EXP 	response: text = 'Please indicate how many dollars you will give Player 1:   '
13.8519 	EXP 	response: text = 'Please indicate how many dollars you will give Player 1:   '
13.8692 	EXP 	response: text = 'Please indicate how many dollars you will give Player 1:   '
13.8851 	EXP 	response: text = 'Please indicate how many dollars you will give Player 1:   '
13.9021 	EXP 	response: text = 'Please indicate how many dollars you will give Player 1:   '
13.9187 	EXP 	response: text = 'Please indicate how many dollars you will give Player 1:   '
13.9353 	EXP 	response: text = 'Please indicate how many dollars you will give Player 1:   '
13.9520 	EXP 	response: text = 'Please indicate how many dollars you will give Player 1:   '
13.9687 	EXP 	response: text = 'Please indicate how many dollars you will give Player 1:   '
13.9853 	EXP 	response: text = 'Please indicate how many dollars you will give Player 1:   '
14.0020 	EXP 	response: text = 'Please indicate how many dollars you will give Player 1:   '
14.0187 	EXP 	response: text = 'Please indicate how many dollars you will give Player 1:   '
14.0354 	EXP 	response: text = 'Please indicate how many dollars you will give Player 1:   '
14.0522 	EXP 	response: text = 'Please indicate how many dollars you will give Player 1:   '
14.0687 	EXP 	response: text = 'Please indicate how many dollars you will give Player 1:   '
14.0854 	EXP 	response: text = 'Please indicate how many dollars you will give Player 1:   '
14.1022 	EXP 	response: text = 'Please indicate how many dollars you will give Player 1:   '
14.1189 	EXP 	response: text = 'Please indicate how many dollars you will give Player 1:   '
14.1355 	EXP 	response: text = 'Please indicate how many dollars you will give Player 1:   '
14.1522 	EXP 	response: text = 'Please indicate how many dollars you will give Player 1:   '
14.1688 	EXP 	response: text = 'Please indicate how many dollars you will give Player 1:   '
14.1855 	EXP 	response: text = 'Please indicate how many dollars you will give Player 1:   '
14.2024 	EXP 	response: text = 'Please indicate how many dollars you will give Player 1:   '
14.2191 	EXP 	response: text = 'Please indicate how many dollars you will give Player 1:   '
14.2356 	EXP 	response: text = 'Please indicate how many dollars you will give Player 1:   '
14.2523 	EXP 	response: text = 'Please indicate how many dollars you will give Player 1:   '
14.2689 	EXP 	response: text = 'Please indicate how many dollars you will give Player 1:   '
14.2857 	EXP 	response: text = 'Please indicate how many dollars you will give Player 1:   '
14.3023 	EXP 	response: text = 'Please indicate how many dollars you will give Player 1:   '
14.3191 	EXP 	response: text = 'Please indicate how many dollars you will give Player 1:   '
14.3360 	EXP 	response: text = 'Please indicate how many dollars you will give Player 1:   '
14.3521 	EXP 	response: text = 'Please indicate how many dollars you will give Player 1:   '
14.3691 	EXP 	response: text = 'Please indicate how many dollars you will give Player 1:   '
14.3857 	EXP 	response: text = 'Please indicate how many dollars you will give Player 1:   '
14.4024 	EXP 	response: text = 'Please indicate how many dollars you will give Player 1:   '
14.4190 	EXP 	response: text = 'Please indicate how many dollars you will give Player 1:   '
14.4357 	EXP 	response: text = 'Please indicate how many dollars you will give Player 1:   '
14.4524 	EXP 	response: text = 'Please indicate how many dollars you will give Player 1:   '
14.4691 	EXP 	response: text = 'Please indicate how many dollars you will give Player 1:   '
14.4858 	EXP 	response: text = 'Please indicate how many dollars you will give Player 1:   '
14.5028 	EXP 	response: text = 'Please indicate how many dollars you will give Player 1:   '
14.5192 	EXP 	response: text = 'Please indicate how many dollars you will give Player 1:   '
14.5358 	EXP 	response: text = 'Please indicate how many dollars you will give Player 1:   '
14.5523 	EXP 	response: text = 'Please indicate how many dollars you will give Player 1:   '
14.5691 	EXP 	response: text = 'Please indicate how many dollars you will give Player 1:   '
14.5858 	EXP 	response: text = 'Please indicate how many dollars you will give Player 1:   '
14.6026 	EXP 	response: text = 'Please indicate how many dollars you will give Player 1:   '
14.6192 	EXP 	response: text = 'Please indicate how many dollars you will give Player 1:   '
14.6359 	EXP 	response: text = 'Please indicate how many dollars you will give Player 1:   '
14.6526 	EXP 	response: text = 'Please indicate how many dollars you will give Player 1:   '
14.6695 	EXP 	response: text = 'Please indicate how many dollars you will give Player 1:   '
14.6860 	EXP 	response: text = 'Please indicate how many dollars you will give Player 1:   '
14.7035 	EXP 	response: text = 'Please indicate how many dollars you will give Player 1:   '
14.7198 	EXP 	response: text = 'Please indicate how many dollars you will give Player 1:   '
14.7360 	EXP 	response: text = 'Please indicate how many dollars you will give Player 1:   '
14.7527 	EXP 	response: text = 'Please indicate how many dollars you will give Player 1:   '
14.7694 	EXP 	response: text = 'Please indicate how many dollars you will give Player 1:   '
14.7861 	EXP 	response: text = 'Please indicate how many dollars you will give Player 1:   '
14.8025 	EXP 	response: text = 'Please indicate how many dollars you will give Player 1:   '
14.8194 	EXP 	response: text = 'Please indicate how many dollars you will give Player 1:   '
14.8364 	EXP 	response: text = 'Please indicate how many dollars you will give Player 1:   '
14.8527 	EXP 	response: text = 'Please indicate how many dollars you will give Player 1:   '
14.8694 	EXP 	response: text = 'Please indicate how many dollars you will give Player 1:   '
14.8861 	EXP 	response: text = 'Please indicate how many dollars you will give Player 1:   '
14.9026 	EXP 	response: text = 'Please indicate how many dollars you will give Player 1:   '
14.9192 	EXP 	response: text = 'Please indicate how many dollars you will give Player 1:   '
14.9363 	EXP 	response: text = 'Please indicate how many dollars you will give Player 1:   '
14.9529 	EXP 	response: text = 'Please indicate how many dollars you will give Player 1:   '
14.9696 	EXP 	response: text = 'Please indicate how many dollars you will give Player 1:   '
14.9862 	EXP 	response: text = 'Please indicate how many dollars you will give Player 1:   '
15.0031 	EXP 	response: text = 'Please indicate how many dollars you will give Player 1:   '
15.0197 	EXP 	response: text = 'Please indicate how many dollars you will give Player 1:   '
15.0362 	EXP 	response: text = 'Please indicate how many dollars you will give Player 1:   '
15.0530 	EXP 	response: text = 'Please indicate how many dollars you will give Player 1:   '
15.0697 	EXP 	response: text = 'Please indicate how many dollars you will give Player 1:   '
15.0864 	EXP 	response: text = 'Please indicate how many dollars you will give Player 1:   '
15.1033 	EXP 	response: text = 'Please indicate how many dollars you will give Player 1:   '
15.1198 	EXP 	response: text = 'Please indicate how many dollars you will give Player 1:   '
15.1366 	EXP 	response: text = 'Please indicate how many dollars you will give Player 1:   '
15.1530 	EXP 	response: text = 'Please indicate how many dollars you will give Player 1:   '
15.1697 	EXP 	response: text = 'Please indicate how many dollars you will give Player 1:   '
15.1863 	EXP 	response: text = 'Please indicate how many dollars you will give Player 1:   '
15.2030 	EXP 	response: text = 'Please indicate how many dollars you will give Player 1:   '
15.2197 	EXP 	response: text = 'Please indicate how many dollars you will give Player 1:   '
15.2364 	EXP 	response: text = 'Please indicate how many dollars you will give Player 1:   '
15.2531 	EXP 	response: text = 'Please indicate how many dollars you will give Player 1:   '
15.2697 	EXP 	response: text = 'Please indicate how many dollars you will give Player 1:   '
15.2864 	EXP 	response: text = 'Please indicate how many dollars you will give Player 1:   '
15.3031 	EXP 	response: text = 'Please indicate how many dollars you will give Player 1:   '
15.3199 	EXP 	response: text = 'Please indicate how many dollars you will give Player 1:   '
15.3364 	EXP 	response: text = 'Please indicate how many dollars you will give Player 1:   '
15.3532 	EXP 	response: text = 'Please indicate how many dollars you will give Player 1:   '
15.3698 	EXP 	response: text = 'Please indicate how many dollars you will give Player 1:   '
15.3866 	EXP 	response: text = 'Please indicate how many dollars you will give Player 1:   '
15.4031 	EXP 	response: text = 'Please indicate how many dollars you will give Player 1:   '
15.4201 	EXP 	response: text = 'Please indicate how many dollars you will give Player 1:   '
15.4366 	EXP 	response: text = 'Please indicate how many dollars you will give Player 1:   '
15.4532 	EXP 	response: text = 'Please indicate how many dollars you will give Player 1:   '
15.4700 	EXP 	response: text = 'Please indicate how many dollars you will give Player 1:   '
15.4864 	EXP 	response: text = 'Please indicate how many dollars you will give Player 1:   '
15.5033 	EXP 	response: text = 'Please indicate how many dollars you will give Player 1:   '
15.5198 	EXP 	response: text = 'Please indicate how many dollars you will give Player 1:   '
15.5367 	EXP 	response: text = 'Please indicate how many dollars you will give Player 1:   '
15.5533 	EXP 	response: text = 'Please indicate how many dollars you will give Player 1:   '
15.5700 	EXP 	response: text = 'Please indicate how many dollars you will give Player 1:   '
15.5867 	EXP 	response: text = 'Please indicate how many dollars you will give Player 1:   '
15.6034 	EXP 	response: text = 'Please indicate how many dollars you will give Player 1:   '
15.6200 	EXP 	response: text = 'Please indicate how many dollars you will give Player 1:   '
15.6368 	EXP 	response: text = 'Please indicate how many dollars you will give Player 1:   '
15.6535 	EXP 	response: text = 'Please indicate how many dollars you will give Player 1:   '
15.6701 	EXP 	response: text = 'Please indicate how many dollars you will give Player 1:   '
15.6869 	EXP 	response: text = 'Please indicate how many dollars you will give Player 1:   '
15.7036 	EXP 	response: text = 'Please indicate how many dollars you will give Player 1:   '
15.7201 	EXP 	response: text = 'Please indicate how many dollars you will give Player 1:   '
15.7368 	EXP 	response: text = 'Please indicate how many dollars you will give Player 1:   '
15.7430 	DATA 	Keypress: 3
15.7536 	EXP 	response: text = 'Please indicate how many dollars you will give Player 1:   '
15.7700 	EXP 	response: text = 'Please indicate how many dollars you will give Player 1:   '
15.7869 	EXP 	response: text = 'Please indicate how many dollars you will give Player 1:   '
15.8036 	EXP 	response: text = 'Please indicate how many dollars you will give Player 1:   '
15.8203 	EXP 	response: text = 'Please indicate how many dollars you will give Player 1:   '
15.8373 	EXP 	response: text = 'Please indicate how many dollars you will give Player 1:   '
15.8536 	EXP 	response: text = 'Please indicate how many dollars you will give Player 1:   '
15.8702 	EXP 	response: text = 'Please indicate how many dollars you will give Player 1:   '
15.8868 	EXP 	response: text = 'Please indicate how many dollars you will give Player 1:   '
15.9037 	EXP 	response: text = 'Please indicate how many dollars you will give Player 1:   '
15.9202 	EXP 	response: text = 'Please indicate how many dollars you will give Player 1:   '
15.9369 	EXP 	response: text = 'Please indicate how many dollars you will give Player 1:   '
15.9535 	EXP 	response: text = 'Please indicate how many dollars you will give Player 1:   '
15.9702 	EXP 	response: text = 'Please indicate how many dollars you will give Player 1:   '
15.9870 	EXP 	response: text = 'Please indicate how many dollars you will give Player 1:   '
16.0043 	EXP 	response: text = 'Please indicate how many dollars you will give Player 1:   '
16.0204 	EXP 	response: text = 'Please indicate how many dollars you will give Player 1:   '
16.0373 	EXP 	response: text = 'Please indicate how many dollars you will give Player 1:   '
16.0537 	EXP 	response: text = 'Please indicate how many dollars you will give Player 1:   '
16.0704 	EXP 	response: text = 'Please indicate how many dollars you will give Player 1:   '
16.0871 	EXP 	response: text = 'Please indicate how many dollars you will give Player 1:   '
16.1039 	EXP 	response: text = 'Please indicate how many dollars you will give Player 1:   '
16.1204 	EXP 	response: text = 'Please indicate how many dollars you will give Player 1:   '
16.1372 	EXP 	response: text = 'Please indicate how many dollars you will give Player 1:   '
16.1540 	EXP 	response: text = 'Please indicate how many dollars you will give Player 1:   '
16.1707 	EXP 	response: text = 'Please indicate how many dollars you will give Player 1:   '
16.1873 	EXP 	response: text = 'Please indicate how many dollars you will give Player 1:   '
16.2039 	EXP 	response: text = 'Please indicate how many dollars you will give Player 1:   '
16.2210 	EXP 	response: text = 'Please indicate how many dollars you will give Player 1:   '
16.2374 	EXP 	response: text = 'Please indicate how many dollars you will give Player 1:   '
16.2540 	EXP 	response: text = 'Please indicate how many dollars you will give Player 1:   '
16.2707 	EXP 	response: text = 'Please indicate how many dollars you will give Player 1:   '
16.2874 	EXP 	response: text = 'Please indicate how many dollars you will give Player 1:   '
16.3042 	EXP 	response: text = 'Please indicate how many dollars you will give Player 1:   '
16.3209 	EXP 	response: text = 'Please indicate how many dollars you will give Player 1:   '
16.3375 	EXP 	response: text = 'Please indicate how many dollars you will give Player 1:   '
16.3538 	EXP 	response: text = 'Please indicate how many dollars you will give Player 1:   '
16.3706 	EXP 	response: text = 'Please indicate how many dollars you will give Player 1:   '
16.3872 	EXP 	response: text = 'Please indicate how many dollars you will give Player 1:   '
16.4040 	EXP 	response: text = 'Please indicate how many dollars you will give Player 1:   '
16.4206 	EXP 	response: text = 'Please indicate how many dollars you will give Player 1:   '
16.4375 	EXP 	response: text = 'Please indicate how many dollars you will give Player 1:   '
16.4543 	EXP 	response: text = 'Please indicate how many dollars you will give Player 1:   '
16.4708 	EXP 	response: text = 'Please indicate how many dollars you will give Player 1:   '
16.4876 	EXP 	response: text = 'Please indicate how many dollars you will give Player 1:   '
16.5042 	EXP 	response: text = 'Please indicate how many dollars you will give Player 1:   '
16.5213 	EXP 	response: text = 'Please indicate how many dollars you will give Player 1:   '
16.5375 	EXP 	response: text = 'Please indicate how many dollars you will give Player 1:   '
16.5541 	EXP 	response: text = 'Please indicate how many dollars you will give Player 1:   '
16.5711 	EXP 	response: text = 'Please indicate how many dollars you will give Player 1:   '
16.5876 	EXP 	response: text = 'Please indicate how many dollars you will give Player 1:   '
16.6044 	EXP 	response: text = 'Please indicate how many dollars you will give Player 1:   '
16.6206 	EXP 	response: text = 'Please indicate how many dollars you will give Player 1:   '
16.6377 	EXP 	response: text = 'Please indicate how many dollars you will give Player 1:   '
16.6545 	EXP 	response: text = 'Please indicate how many dollars you will give Player 1:   '
16.6710 	EXP 	response: text = 'Please indicate how many dollars you will give Player 1:   '
16.6877 	EXP 	response: text = 'Please indicate how many dollars you will give Player 1:   '
16.7043 	EXP 	response: text = 'Please indicate how many dollars you will give Player 1:   '
16.7211 	EXP 	response: text = 'Please indicate how many dollars you will give Player 1:   '
16.7378 	EXP 	response: text = 'Please indicate how many dollars you will give Player 1:   '
16.7541 	EXP 	response: text = 'Please indicate how many dollars you will give Player 1:   '
16.7710 	EXP 	response: text = 'Please indicate how many dollars you will give Player 1:   '
16.7879 	EXP 	response: text = 'Please indicate how many dollars you will give Player 1:   '
16.8043 	EXP 	response: text = 'Please indicate how many dollars you will give Player 1:   '
16.8214 	EXP 	response: text = 'Please indicate how many dollars you will give Player 1:   '
16.8381 	EXP 	response: text = 'Please indicate how many dollars you will give Player 1:   '
16.8546 	EXP 	response: text = 'Please indicate how many dollars you will give Player 1:   '
16.8711 	EXP 	response: text = 'Please indicate how many dollars you will give Player 1:   '
16.8878 	EXP 	response: text = 'Please indicate how many dollars you will give Player 1:   '
16.9042 	EXP 	response: text = 'Please indicate how many dollars you will give Player 1:   '
16.9211 	EXP 	response: text = 'Please indicate how many dollars you will give Player 1:   '
16.9377 	EXP 	response: text = 'Please indicate how many dollars you will give Player 1:   '
16.9545 	EXP 	response: text = 'Please indicate how many dollars you will give Player 1:   '
16.9711 	EXP 	response: text = 'Please indicate how many dollars you will give Player 1:   '
16.9878 	EXP 	response: text = 'Please indicate how many dollars you will give Player 1:   '
17.0045 	EXP 	response: text = 'Please indicate how many dollars you will give Player 1:   '
17.0212 	EXP 	response: text = 'Please indicate how many dollars you will give Player 1:   '
17.0379 	EXP 	response: text = 'Please indicate how many dollars you will give Player 1:   '
17.0545 	EXP 	response: text = 'Please indicate how many dollars you will give Player 1:   '
17.0712 	EXP 	response: text = 'Please indicate how many dollars you will give Player 1:   '
17.0881 	EXP 	response: text = 'Please indicate how many dollars you will give Player 1:   '
17.1048 	EXP 	response: text = 'Please indicate how many dollars you will give Player 1:   '
17.1214 	EXP 	response: text = 'Please indicate how many dollars you will give Player 1:   '
17.1381 	EXP 	response: text = 'Please indicate how many dollars you will give Player 1:   '
17.1546 	EXP 	response: text = 'Please indicate how many dollars you will give Player 1:   '
17.1712 	EXP 	response: text = 'Please indicate how many dollars you will give Player 1:   '
17.1880 	EXP 	response: text = 'Please indicate how many dollars you will give Player 1:   '
17.2047 	EXP 	response: text = 'Please indicate how many dollars you will give Player 1:   '
17.2213 	EXP 	response: text = 'Please indicate how many dollars you will give Player 1:   '
17.2380 	EXP 	response: text = 'Please indicate how many dollars you will give Player 1:   '
17.2545 	EXP 	response: text = 'Please indicate how many dollars you will give Player 1:   '
17.2714 	EXP 	response: text = 'Please indicate how many dollars you will give Player 1:   '
17.2881 	EXP 	response: text = 'Please indicate how many dollars you will give Player 1:   '
17.3048 	EXP 	response: text = 'Please indicate how many dollars you will give Player 1:   '
17.3214 	EXP 	response: text = 'Please indicate how many dollars you will give Player 1:   '
17.3382 	EXP 	response: text = 'Please indicate how many dollars you will give Player 1:   '
17.3548 	EXP 	response: text = 'Please indicate how many dollars you will give Player 1:   '
17.3713 	EXP 	response: text = 'Please indicate how many dollars you will give Player 1:   '
17.3879 	EXP 	response: text = 'Please indicate how many dollars you will give Player 1:   '
17.4048 	EXP 	response: text = 'Please indicate how many dollars you will give Player 1:   '
17.4217 	EXP 	response: text = 'Please indicate how many dollars you will give Player 1:   '
17.4383 	EXP 	response: text = 'Please indicate how many dollars you will give Player 1:   '
17.4550 	EXP 	response: text = 'Please indicate how many dollars you will give Player 1:   '
17.4715 	EXP 	response: text = 'Please indicate how many dollars you will give Player 1:   '
17.4883 	EXP 	response: text = 'Please indicate how many dollars you will give Player 1:   '
17.4951 	DATA 	Keypress: 3
17.5048 	EXP 	response: text = 'Please indicate how many dollars you will give Player 1:   '
17.5215 	EXP 	response: text = 'Please indicate how many dollars you will give Player 1:   '
17.5386 	EXP 	response: text = 'Please indicate how many dollars you will give Player 1:   '
17.5548 	EXP 	response: text = 'Please indicate how many dollars you will give Player 1:   '
17.5717 	EXP 	response: text = 'Please indicate how many dollars you will give Player 1:   '
17.5884 	EXP 	response: text = 'Please indicate how many dollars you will give Player 1:   '
17.6049 	EXP 	response: text = 'Please indicate how many dollars you will give Player 1:   '
17.6217 	EXP 	response: text = 'Please indicate how many dollars you will give Player 1:   '
17.6384 	EXP 	response: text = 'Please indicate how many dollars you will give Player 1:   '
17.6550 	EXP 	response: text = 'Please indicate how many dollars you will give Player 1:   '
17.6718 	EXP 	response: text = 'Please indicate how many dollars you will give Player 1:   '
17.6884 	EXP 	response: text = 'Please indicate how many dollars you will give Player 1:   '
17.7051 	EXP 	response: text = 'Please indicate how many dollars you will give Player 1:   '
17.7121 	DATA 	Keypress: 3
17.7216 	EXP 	response: text = 'Please indicate how many dollars you will give Player 1:   '
17.7385 	EXP 	response: text = 'Please indicate how many dollars you will give Player 1:   '
17.7551 	EXP 	response: text = 'Please indicate how many dollars you will give Player 1:   '
17.7720 	EXP 	response: text = 'Please indicate how many dollars you will give Player 1:   '
17.7885 	EXP 	response: text = 'Please indicate how many dollars you will give Player 1:   '
17.8053 	EXP 	response: text = 'Please indicate how many dollars you will give Player 1:   '
17.8221 	EXP 	response: text = 'Please indicate how many dollars you will give Player 1:   '
17.8386 	EXP 	response: text = 'Please indicate how many dollars you will give Player 1:   '
17.8552 	EXP 	response: text = 'Please indicate how many dollars you will give Player 1:   '
17.8719 	EXP 	response: text = 'Please indicate how many dollars you will give Player 1:   '
17.8885 	EXP 	response: text = 'Please indicate how many dollars you will give Player 1:   '
17.9050 	EXP 	response: text = 'Please indicate how many dollars you will give Player 1:   '
17.9119 	DATA 	Keypress: 3
17.9220 	EXP 	response: text = 'Please indicate how many dollars you will give Player 1:   '
17.9388 	EXP 	response: text = 'Please indicate how many dollars you will give Player 1:   '
17.9552 	EXP 	response: text = 'Please indicate how many dollars you will give Player 1:   '
17.9720 	EXP 	response: text = 'Please indicate how many dollars you will give Player 1:   '
17.9887 	EXP 	response: text = 'Please indicate how many dollars you will give Player 1:   '
18.0053 	EXP 	response: text = 'Please indicate how many dollars you will give Player 1:   '
18.0221 	EXP 	response: text = 'Please indicate how many dollars you will give Player 1:   '
18.0389 	EXP 	response: text = 'Please indicate how many dollars you will give Player 1:   '
18.0555 	EXP 	response: text = 'Please indicate how many dollars you will give Player 1:   '
18.0719 	EXP 	response: text = 'Please indicate how many dollars you will give Player 1:   '
18.0889 	EXP 	response: text = 'Please indicate how many dollars you will give Player 1:   '
18.1056 	EXP 	response: text = 'Please indicate how many dollars you will give Player 1:   '
18.1116 	DATA 	Keypress: 3
18.1222 	EXP 	response: text = 'Please indicate how many dollars you will give Player 1:   '
18.1389 	EXP 	response: text = 'Please indicate how many dollars you will give Player 1:   '
18.1559 	EXP 	response: text = 'Please indicate how many dollars you will give Player 1:   '
18.1724 	EXP 	response: text = 'Please indicate how many dollars you will give Player 1:   '
18.1890 	EXP 	response: text = 'Please indicate how many dollars you will give Player 1:   '
18.2057 	EXP 	response: text = 'Please indicate how many dollars you will give Player 1:   '
18.2222 	EXP 	response: text = 'Please indicate how many dollars you will give Player 1:   '
18.2391 	EXP 	response: text = 'Please indicate how many dollars you will give Player 1:   '
18.2557 	EXP 	response: text = 'Please indicate how many dollars you will give Player 1:   '
18.2723 	EXP 	response: text = 'Please indicate how many dollars you will give Player 1:   '
18.2894 	EXP 	response: text = 'Please indicate how many dollars you will give Player 1:   '
18.2961 	DATA 	Keypress: 3
18.3057 	EXP 	response: text = 'Please indicate how many dollars you will give Player 1:   '
18.3226 	EXP 	response: text = 'Please indicate how many dollars you will give Player 1:   '
18.3393 	EXP 	response: text = 'Please indicate how many dollars you will give Player 1:   '
18.3557 	EXP 	response: text = 'Please indicate how many dollars you will give Player 1:   '
18.3724 	EXP 	response: text = 'Please indicate how many dollars you will give Player 1:   '
18.3887 	EXP 	response: text = 'Please indicate how many dollars you will give Player 1:   '
18.4055 	EXP 	response: text = 'Please indicate how many dollars you will give Player 1:   '
18.4227 	EXP 	response: text = 'Please indicate how many dollars you will give Player 1:   '
18.4391 	EXP 	response: text = 'Please indicate how many dollars you will give Player 1:   '
18.4557 	EXP 	response: text = 'Please indicate how many dollars you will give Player 1:   '
18.4725 	EXP 	response: text = 'Please indicate how many dollars you will give Player 1:   '
18.4890 	EXP 	response: text = 'Please indicate how many dollars you will give Player 1:   '
18.4956 	DATA 	Keypress: 3
18.5057 	EXP 	response: text = 'Please indicate how many dollars you will give Player 1:   '
18.5224 	EXP 	response: text = 'Please indicate how many dollars you will give Player 1:   '
18.5392 	EXP 	response: text = 'Please indicate how many dollars you will give Player 1:   '
18.5558 	EXP 	response: text = 'Please indicate how many dollars you will give Player 1:   '
18.5725 	EXP 	response: text = 'Please indicate how many dollars you will give Player 1:   '
18.5891 	EXP 	response: text = 'Please indicate how many dollars you will give Player 1:   '
18.6061 	EXP 	response: text = 'Please indicate how many dollars you will give Player 1:   '
18.6225 	EXP 	response: text = 'Please indicate how many dollars you will give Player 1:   '
18.6392 	EXP 	response: text = 'Please indicate how many dollars you will give Player 1:   '
18.6559 	EXP 	response: text = 'Please indicate how many dollars you will give Player 1:   '
18.6726 	EXP 	response: text = 'Please indicate how many dollars you will give Player 1:   '
18.6891 	EXP 	response: text = 'Please indicate how many dollars you will give Player 1:   '
18.7060 	EXP 	response: text = 'Please indicate how many dollars you will give Player 1:   '
18.7225 	EXP 	response: text = 'Please indicate how many dollars you will give Player 1:   '
18.7393 	EXP 	response: text = 'Please indicate how many dollars you will give Player 1:   '
18.7558 	EXP 	response: text = 'Please indicate how many dollars you will give Player 1:   '
18.7727 	EXP 	response: text = 'Please indicate how many dollars you will give Player 1:   '
18.7892 	EXP 	response: text = 'Please indicate how many dollars you will give Player 1:   '
18.8060 	EXP 	response: text = 'Please indicate how many dollars you will give Player 1:   '
18.8225 	EXP 	response: text = 'Please indicate how many dollars you will give Player 1:   '
18.8395 	EXP 	response: text = 'Please indicate how many dollars you will give Player 1:   '
18.8561 	EXP 	response: text = 'Please indicate how many dollars you will give Player 1:   '
18.8727 	EXP 	response: text = 'Please indicate how many dollars you will give Player 1:   '
18.8896 	EXP 	response: text = 'Please indicate how many dollars you will give Player 1:   '
18.9060 	EXP 	response: text = 'Please indicate how many dollars you will give Player 1:   '
18.9126 	DATA 	Keypress: 4
18.9228 	EXP 	response: text = 'Please indicate how many dollars you will give Player 1:   '
18.9393 	EXP 	response: text = 'Please indicate how many dollars you will give Player 1:   '
18.9561 	EXP 	response: text = 'Please indicate how many dollars you will give Player 1:   '
18.9726 	EXP 	response: text = 'Please indicate how many dollars you will give Player 1:   '
18.9894 	EXP 	response: text = 'Please indicate how many dollars you will give Player 1:   '
19.0060 	EXP 	response: text = 'Please indicate how many dollars you will give Player 1:   '
19.0230 	EXP 	response: text = 'Please indicate how many dollars you will give Player 1:   '
19.0397 	EXP 	response: text = 'Please indicate how many dollars you will give Player 1:   '
19.0563 	EXP 	response: text = 'Please indicate how many dollars you will give Player 1:   '
19.0729 	EXP 	response: text = 'Please indicate how many dollars you will give Player 1:   '
19.0897 	EXP 	response: text = 'Please indicate how many dollars you will give Player 1:   '
19.1066 	EXP 	response: text = 'Please indicate how many dollars you will give Player 1:   '
19.1231 	EXP 	response: text = 'Please indicate how many dollars you will give Player 1:   '
19.1397 	EXP 	response: text = 'Please indicate how many dollars you will give Player 1:   '
19.1564 	EXP 	response: text = 'Please indicate how many dollars you will give Player 1:   '
19.1616 	DATA 	Keypress: 2
19.1730 	EXP 	response: text = 'Please indicate how many dollars you will give Player 1:   '
19.1897 	EXP 	response: text = 'Please indicate how many dollars you will give Player 1:   '
19.2063 	EXP 	response: text = 'Please indicate how many dollars you will give Player 1:   '
19.2234 	EXP 	response: text = 'Please indicate how many dollars you will give Player 1:   '
19.2395 	EXP 	response: text = 'Please indicate how many dollars you will give Player 1:   '
19.2565 	EXP 	response: text = 'Please indicate how many dollars you will give Player 1:   '
19.2732 	EXP 	response: text = 'Please indicate how many dollars you will give Player 1:   '
19.2897 	EXP 	response: text = 'Please indicate how many dollars you will give Player 1:   '
19.3063 	EXP 	response: text = 'Please indicate how many dollars you will give Player 1:   '
19.3228 	EXP 	response: text = 'Please indicate how many dollars you will give Player 1:   '
19.3401 	EXP 	response: text = 'Please indicate how many dollars you will give Player 1:   '
19.3565 	EXP 	response: text = 'Please indicate how many dollars you will give Player 1:   '
19.3732 	EXP 	response: text = 'Please indicate how many dollars you will give Player 1:   '
19.3897 	EXP 	response: text = 'Please indicate how many dollars you will give Player 1:   '
19.4065 	EXP 	response: text = 'Please indicate how many dollars you will give Player 1:   '
19.4232 	EXP 	response: text = 'Please indicate how many dollars you will give Player 1:   '
19.4295 	DATA 	Keypress: 3
19.4399 	EXP 	response: text = 'Please indicate how many dollars you will give Player 1:   '
19.4564 	EXP 	response: text = 'Please indicate how many dollars you will give Player 1:   '
19.4733 	EXP 	response: text = 'Please indicate how many dollars you will give Player 1:   '
19.4898 	EXP 	response: text = 'Please indicate how many dollars you will give Player 1:   '
19.5066 	EXP 	response: text = 'Please indicate how many dollars you will give Player 1:   '
19.5233 	EXP 	response: text = 'Please indicate how many dollars you will give Player 1:   '
19.5398 	EXP 	response: text = 'Please indicate how many dollars you will give Player 1:   '
19.5567 	EXP 	response: text = 'Please indicate how many dollars you will give Player 1:   '
19.5732 	EXP 	response: text = 'Please indicate how many dollars you will give Player 1:   '
19.5800 	DATA 	Keypress: 5
19.5900 	EXP 	response: text = 'Please indicate how many dollars you will give Player 1:   '
19.6066 	EXP 	response: text = 'Please indicate how many dollars you will give Player 1:   '
19.6233 	EXP 	response: text = 'Please indicate how many dollars you will give Player 1:   '
19.6400 	EXP 	response: text = 'Please indicate how many dollars you will give Player 1:   '
19.6566 	EXP 	response: text = 'Please indicate how many dollars you will give Player 1:   '
19.6734 	EXP 	response: text = 'Please indicate how many dollars you will give Player 1:   '
19.6901 	EXP 	response: text = 'Please indicate how many dollars you will give Player 1:   '
19.7069 	EXP 	response: text = 'Please indicate how many dollars you will give Player 1:   '
19.7233 	EXP 	response: text = 'Please indicate how many dollars you will give Player 1:   '
19.7400 	EXP 	response: text = 'Please indicate how many dollars you will give Player 1:   '
19.7568 	EXP 	response: text = 'Please indicate how many dollars you will give Player 1:   '
19.7736 	EXP 	response: text = 'Please indicate how many dollars you will give Player 1:   '
19.7902 	EXP 	response: text = 'Please indicate how many dollars you will give Player 1:   '
19.8068 	EXP 	response: text = 'Please indicate how many dollars you will give Player 1:   '
19.8233 	EXP 	response: text = 'Please indicate how many dollars you will give Player 1:   '
19.8404 	EXP 	response: text = 'Please indicate how many dollars you will give Player 1:   '
19.8568 	EXP 	response: text = 'Please indicate how many dollars you will give Player 1:   '
19.8736 	EXP 	response: text = 'Please indicate how many dollars you will give Player 1:   '
19.8903 	EXP 	response: text = 'Please indicate how many dollars you will give Player 1:   '
19.9068 	EXP 	response: text = 'Please indicate how many dollars you will give Player 1:   '
19.9237 	EXP 	response: text = 'Please indicate how many dollars you will give Player 1:   '
19.9404 	EXP 	response: text = 'Please indicate how many dollars you will give Player 1:   '
19.9568 	EXP 	response: text = 'Please indicate how many dollars you will give Player 1:   '
19.9737 	EXP 	response: text = 'Please indicate how many dollars you will give Player 1:   '
19.9791 	DATA 	Keypress: 5
19.9904 	EXP 	response: text = 'Please indicate how many dollars you will give Player 1:   '
20.0071 	EXP 	response: text = 'Please indicate how many dollars you will give Player 1:   '
20.0236 	EXP 	response: text = 'Please indicate how many dollars you will give Player 1:   '
20.0404 	EXP 	response: text = 'Please indicate how many dollars you will give Player 1:   '
20.0570 	EXP 	response: text = 'Please indicate how many dollars you will give Player 1:   '
20.0739 	EXP 	response: text = 'Please indicate how many dollars you will give Player 1:   '
20.0803 	DATA 	Keypress: 4
20.0906 	EXP 	response: text = 'Please indicate how many dollars you will give Player 1:   '
20.0972 	DATA 	Keypress: 3
20.1071 	EXP 	response: text = 'Please indicate how many dollars you will give Player 1:   '
20.1236 	EXP 	response: text = 'Please indicate how many dollars you will give Player 1:   '
20.1404 	EXP 	response: text = 'Please indicate how many dollars you will give Player 1:   '
20.1572 	EXP 	response: text = 'Please indicate how many dollars you will give Player 1:   '
20.1740 	EXP 	response: text = 'Please indicate how many dollars you will give Player 1:   '
20.1906 	EXP 	response: text = 'Please indicate how many dollars you will give Player 1:   '
20.2075 	EXP 	response: text = 'Please indicate how many dollars you will give Player 1:   '
20.2241 	EXP 	response: text = 'Please indicate how many dollars you will give Player 1:   '
20.2405 	EXP 	response: text = 'Please indicate how many dollars you will give Player 1:   '
20.2572 	EXP 	response: text = 'Please indicate how many dollars you will give Player 1:   '
20.2740 	EXP 	response: text = 'Please indicate how many dollars you will give Player 1:   '
20.2906 	EXP 	response: text = 'Please indicate how many dollars you will give Player 1:   '
20.3072 	EXP 	response: text = 'Please indicate how many dollars you will give Player 1:   '
20.3241 	EXP 	response: text = 'Please indicate how many dollars you will give Player 1:   '
20.3406 	EXP 	response: text = 'Please indicate how many dollars you will give Player 1:   '
20.3573 	EXP 	response: text = 'Please indicate how many dollars you will give Player 1:   '
20.3639 	DATA 	Keypress: 5
20.3740 	EXP 	response: text = 'Please indicate how many dollars you will give Player 1:   '
20.3906 	EXP 	response: text = 'Please indicate how many dollars you will give Player 1:   '
20.4074 	EXP 	response: text = 'Please indicate how many dollars you will give Player 1:   '
20.4240 	EXP 	response: text = 'Please indicate how many dollars you will give Player 1:   '
20.4308 	DATA 	Keypress: 4
20.4407 	EXP 	response: text = 'Please indicate how many dollars you will give Player 1:   '
20.4574 	EXP 	response: text = 'Please indicate how many dollars you will give Player 1:   '
20.4742 	EXP 	response: text = 'Please indicate how many dollars you will give Player 1:   '
20.4908 	EXP 	response: text = 'Please indicate how many dollars you will give Player 1:   '
20.5075 	EXP 	response: text = 'Please indicate how many dollars you will give Player 1:   '
20.5136 	DATA 	Keypress: 3
20.5246 	EXP 	response: text = 'Please indicate how many dollars you will give Player 1:   '
20.5408 	EXP 	response: text = 'Please indicate how many dollars you will give Player 1:   '
20.5572 	EXP 	response: text = 'Please indicate how many dollars you will give Player 1:   '
20.5741 	EXP 	response: text = 'Please indicate how many dollars you will give Player 1:   '
20.5909 	EXP 	response: text = 'Please indicate how many dollars you will give Player 1:   '
20.6075 	EXP 	response: text = 'Please indicate how many dollars you will give Player 1:   '
20.6242 	EXP 	response: text = 'Please indicate how many dollars you will give Player 1:   '
20.6408 	EXP 	response: text = 'Please indicate how many dollars you will give Player 1:   '
20.6576 	EXP 	response: text = 'Please indicate how many dollars you will give Player 1:   '
20.6742 	EXP 	response: text = 'Please indicate how many dollars you will give Player 1:   '
20.6910 	EXP 	response: text = 'Please indicate how many dollars you will give Player 1:   '
20.7076 	EXP 	response: text = 'Please indicate how many dollars you will give Player 1:   '
20.7242 	EXP 	response: text = 'Please indicate how many dollars you will give Player 1:   '
20.7308 	DATA 	Keypress: 4
20.7411 	EXP 	response: text = 'Please indicate how many dollars you will give Player 1:   '
20.7478 	DATA 	Keypress: 3
20.7579 	EXP 	response: text = 'Please indicate how many dollars you will give Player 1:   '
20.7745 	EXP 	response: text = 'Please indicate how many dollars you will give Player 1:   '
20.7911 	EXP 	response: text = 'Please indicate how many dollars you will give Player 1:   '
20.8078 	EXP 	response: text = 'Please indicate how many dollars you will give Player 1:   '
20.8244 	EXP 	response: text = 'Please indicate how many dollars you will give Player 1:   '
20.8412 	EXP 	response: text = 'Please indicate how many dollars you will give Player 1:   '
20.8578 	EXP 	response: text = 'Please indicate how many dollars you will give Player 1:   '
20.8748 	EXP 	response: text = 'Please indicate how many dollars you will give Player 1:   '
20.8811 	DATA 	Keypress: 5
20.8912 	EXP 	response: text = 'Please indicate how many dollars you will give Player 1:   '
20.9079 	EXP 	response: text = 'Please indicate how many dollars you will give Player 1:   '
20.9245 	EXP 	response: text = 'Please indicate how many dollars you will give Player 1:   '
20.9410 	EXP 	response: text = 'Please indicate how many dollars you will give Player 1:   '
20.9578 	EXP 	response: text = 'Please indicate how many dollars you will give Player 1:   '
20.9645 	DATA 	Keypress: 4
20.9745 	EXP 	response: text = 'Please indicate how many dollars you will give Player 1:   '
20.9910 	EXP 	response: text = 'Please indicate how many dollars you will give Player 1:   '
21.0078 	EXP 	response: text = 'Please indicate how many dollars you will give Player 1:   '
21.0246 	EXP 	response: text = 'Please indicate how many dollars you will give Player 1:   '
21.0312 	DATA 	Keypress: 3
21.0412 	EXP 	response: text = 'Please indicate how many dollars you will give Player 1:   '
21.0580 	EXP 	response: text = 'Please indicate how many dollars you will give Player 1:   '
21.0746 	EXP 	response: text = 'Please indicate how many dollars you will give Player 1:   '
21.0911 	EXP 	response: text = 'Please indicate how many dollars you will give Player 1:   '
21.1078 	EXP 	response: text = 'Please indicate how many dollars you will give Player 1:   '
21.1246 	EXP 	response: text = 'Please indicate how many dollars you will give Player 1:   '
21.1313 	DATA 	Keypress: 5
21.1414 	EXP 	response: text = 'Please indicate how many dollars you will give Player 1:   '
21.1580 	EXP 	response: text = 'Please indicate how many dollars you will give Player 1:   '
21.1646 	DATA 	Keypress: 4
21.1746 	EXP 	response: text = 'Please indicate how many dollars you will give Player 1:   '
21.1914 	EXP 	response: text = 'Please indicate how many dollars you will give Player 1:   '
21.2081 	EXP 	response: text = 'Please indicate how many dollars you will give Player 1:   '
21.2246 	EXP 	response: text = 'Please indicate how many dollars you will give Player 1:   '
21.2310 	DATA 	Keypress: 3
21.2414 	EXP 	response: text = 'Please indicate how many dollars you will give Player 1:   '
21.2580 	EXP 	response: text = 'Please indicate how many dollars you will give Player 1:   '
21.2748 	EXP 	response: text = 'Please indicate how many dollars you will give Player 1:   '
21.2915 	EXP 	response: text = 'Please indicate how many dollars you will give Player 1:   '
21.3085 	EXP 	response: text = 'Please indicate how many dollars you will give Player 1:   '
21.3247 	EXP 	response: text = 'Please indicate how many dollars you will give Player 1:   '
21.3414 	EXP 	response: text = 'Please indicate how many dollars you will give Player 1:   '
21.3582 	EXP 	response: text = 'Please indicate how many dollars you will give Player 1:   '
21.3638 	DATA 	Keypress: 5
21.3748 	EXP 	response: text = 'Please indicate how many dollars you will give Player 1:   '
21.3914 	EXP 	response: text = 'Please indicate how many dollars you will give Player 1:   '
21.3985 	DATA 	Keypress: 4
21.4082 	EXP 	response: text = 'Please indicate how many dollars you will give Player 1:   '
21.4249 	EXP 	response: text = 'Please indicate how many dollars you will give Player 1:   '
21.4415 	EXP 	response: text = 'Please indicate how many dollars you will give Player 1:   '
21.4582 	EXP 	response: text = 'Please indicate how many dollars you will give Player 1:   '
21.4647 	DATA 	Keypress: 3
21.4749 	EXP 	response: text = 'Please indicate how many dollars you will give Player 1:   '
21.4914 	EXP 	response: text = 'Please indicate how many dollars you will give Player 1:   '
21.5081 	EXP 	response: text = 'Please indicate how many dollars you will give Player 1:   '
21.5251 	EXP 	response: text = 'Please indicate how many dollars you will give Player 1:   '
21.5417 	EXP 	response: text = 'Please indicate how many dollars you will give Player 1:   '
21.5581 	EXP 	response: text = 'Please indicate how many dollars you will give Player 1:   '
21.5749 	EXP 	response: text = 'Please indicate how many dollars you will give Player 1:   '
21.5917 	EXP 	response: text = 'Please indicate how many dollars you will give Player 1:   '
21.5987 	DATA 	Keypress: 5
21.6084 	EXP 	response: text = 'Please indicate how many dollars you will give Player 1:   '
21.6149 	DATA 	Keypress: 4
21.6249 	EXP 	response: text = 'Please indicate how many dollars you will give Player 1:   '
21.6417 	EXP 	response: text = 'Please indicate how many dollars you will give Player 1:   '
21.6584 	EXP 	response: text = 'Please indicate how many dollars you will give Player 1:   '
21.6751 	EXP 	response: text = 'Please indicate how many dollars you will give Player 1:   '
21.6921 	EXP 	response: text = 'Please indicate how many dollars you will give Player 1:   '
21.6988 	DATA 	Keypress: 3
21.7085 	EXP 	response: text = 'Please indicate how many dollars you will give Player 1:   '
21.7251 	EXP 	response: text = 'Please indicate how many dollars you will give Player 1:   '
21.7418 	EXP 	response: text = 'Please indicate how many dollars you will give Player 1:   '
21.7587 	EXP 	response: text = 'Please indicate how many dollars you will give Player 1:   '
21.7753 	EXP 	response: text = 'Please indicate how many dollars you will give Player 1:   '
21.7917 	EXP 	response: text = 'Please indicate how many dollars you will give Player 1:   '
21.8085 	EXP 	response: text = 'Please indicate how many dollars you will give Player 1:   '
21.8256 	EXP 	response: text = 'Please indicate how many dollars you will give Player 1:   '
21.8328 	DATA 	Keypress: 5
21.8329 	DATA 	Keypress: 4
21.8418 	EXP 	response: text = 'Please indicate how many dollars you will give Player 1:   '
21.8585 	EXP 	response: text = 'Please indicate how many dollars you will give Player 1:   '
21.8753 	EXP 	response: text = 'Please indicate how many dollars you will give Player 1:   '
21.8919 	EXP 	response: text = 'Please indicate how many dollars you will give Player 1:   '
21.8973 	DATA 	Keypress: 3
21.9086 	EXP 	response: text = 'Please indicate how many dollars you will give Player 1:   '
21.9253 	EXP 	response: text = 'Please indicate how many dollars you will give Player 1:   '
21.9420 	EXP 	response: text = 'Please indicate how many dollars you will give Player 1:   '
21.9587 	EXP 	response: text = 'Please indicate how many dollars you will give Player 1:   '
21.9753 	EXP 	response: text = 'Please indicate how many dollars you will give Player 1:   '
21.9920 	EXP 	response: text = 'Please indicate how many dollars you will give Player 1:   '
22.0085 	EXP 	response: text = 'Please indicate how many dollars you will give Player 1:   '
22.0255 	EXP 	response: text = 'Please indicate how many dollars you will give Player 1:   '
22.0325 	DATA 	Keypress: 5
22.0422 	EXP 	response: text = 'Please indicate how many dollars you will give Player 1:   '
22.0589 	EXP 	response: text = 'Please indicate how many dollars you will give Player 1:   '
22.0756 	EXP 	response: text = 'Please indicate how many dollars you will give Player 1:   '
22.0922 	EXP 	response: text = 'Please indicate how many dollars you will give Player 1:   '
22.1089 	EXP 	response: text = 'Please indicate how many dollars you will give Player 1:   '
22.1255 	EXP 	response: text = 'Please indicate how many dollars you will give Player 1:   '
22.1422 	EXP 	response: text = 'Please indicate how many dollars you will give Player 1:   '
22.1590 	EXP 	response: text = 'Please indicate how many dollars you will give Player 1:   '
22.1755 	EXP 	response: text = 'Please indicate how many dollars you will give Player 1:   '
22.1925 	EXP 	response: text = 'Please indicate how many dollars you will give Player 1:   '
22.2090 	EXP 	response: text = 'Please indicate how many dollars you will give Player 1:   '
22.2257 	EXP 	response: text = 'Please indicate how many dollars you will give Player 1:   '
22.2423 	EXP 	response: text = 'Please indicate how many dollars you will give Player 1:   '
22.2592 	EXP 	response: text = 'Please indicate how many dollars you will give Player 1:   '
22.2757 	EXP 	response: text = 'Please indicate how many dollars you will give Player 1:   '
22.2924 	EXP 	response: text = 'Please indicate how many dollars you will give Player 1:   '
22.3091 	EXP 	response: text = 'Please indicate how many dollars you will give Player 1:   '
22.3260 	EXP 	response: text = 'Please indicate how many dollars you will give Player 1:   '
22.3424 	EXP 	response: text = 'Please indicate how many dollars you will give Player 1:   '
22.3594 	EXP 	response: text = 'Please indicate how many dollars you will give Player 1:   '
22.3757 	EXP 	response: text = 'Please indicate how many dollars you will give Player 1:   '
22.3924 	EXP 	response: text = 'Please indicate how many dollars you will give Player 1:   '
22.4090 	EXP 	response: text = 'Please indicate how many dollars you will give Player 1:   '
22.4258 	EXP 	response: text = 'Please indicate how many dollars you will give Player 1:   '
22.4424 	EXP 	response: text = 'Please indicate how many dollars you will give Player 1:   '
22.4592 	EXP 	response: text = 'Please indicate how many dollars you will give Player 1:   '
22.4759 	EXP 	response: text = 'Please indicate how many dollars you will give Player 1:   '
22.4925 	EXP 	response: text = 'Please indicate how many dollars you will give Player 1:   '
22.5091 	EXP 	response: text = 'Please indicate how many dollars you will give Player 1:   '
22.5266 	EXP 	response: text = 'Please indicate how many dollars you will give Player 1:   '
22.5424 	EXP 	response: text = 'Please indicate how many dollars you will give Player 1:   '
22.5591 	EXP 	response: text = 'Please indicate how many dollars you will give Player 1:   '
22.5756 	EXP 	response: text = 'Please indicate how many dollars you will give Player 1:   '
22.6057 	EXP 	window1: mouseVisible = True
