6.8592 	WARNING 	User requested fullscreen with size [1024  768], but screen is actually [1920, 1200]. Using actual size
8.0693 	EXP 	Created window1 = Window(allowGUI=False, allowStencil=False, args=UNKNOWN, autoLog=True, bitsMode=UNKNOWN, blendMode='avg', color=array([0., 0., 0.]), colorSpace='rgb', fullscr=<method-wrapper '__getattribute__' of attributeSetter object at 0x00000295B8F58780>, gamma=None, gammaErrorPolicy='raise', kwargs=UNKNOWN, lms=UNKNOWN, monitor=<psychopy.monitors.calibTools.Monitor object at 0x00000295B8E6EF60>, multiSample=False, name='window1', numSamples=2, pos=[0.0, 0.0], screen=0, size=array([1920, 1200]), stereo=False, units='height', useFBO=True, useRetina=False, viewOri=0.0, viewPos=None, viewScale=None, waitBlanking=True, winType='pyglet')
8.0694 	EXP 	window1: recordFrameIntervals = False
8.2384 	EXP 	window1: recordFrameIntervals = True
8.4193 	EXP 	window1: recordFrameIntervals = False
8.6637 	EXP 	Created Instructions = TextStim(__class__=<class 'psychopy.visual.text.TextStim'>, alignHoriz='center', alignVert='center', antialias=True, autoLog=True, bold=False, color='white', colorSpace='named', contrast=1.0, depth=0.0, flipHoriz=False, flipVert=False, font='Arial', fontFiles=[], height=0.045, italic=False, languageStyle='LTR', name='Instructions', opacity=1.0, ori=0, pos=array([0., 0.]), rgb=array([255., 255., 255.]), text=str(...), units='height', win=Window(...), wrapWidth=1.45)
8.6843 	EXP 	Created cueText = TextStim(__class__=<class 'psychopy.visual.text.TextStim'>, alignHoriz='center', alignVert='center', antialias=True, autoLog=True, bold=False, color='white', colorSpace='named', contrast=1.0, depth=0.0, flipHoriz=False, flipVert=False, font='Arial', fontFiles=[], height=0.1, italic=False, languageStyle='LTR', name='cueText', opacity=1.0, ori=0, pos=array([0., 0.]), rgb=array([255., 255., 255.]), text='default text', units='height', win=Window(...), wrapWidth=1)
8.6947 	EXP 	Created sendInstructions = TextStim(__class__=<class 'psychopy.visual.text.TextStim'>, alignHoriz='center', alignVert='center', antialias=True, autoLog=True, bold=False, color='white', colorSpace='named', contrast=1.0, depth=0.0, flipHoriz=False, flipVert=False, font='Arial', fontFiles=[], height=0.04, italic=False, languageStyle='LTR', name='sendInstructions', opacity=1.0, ori=0, pos=array([ 0.  , -0.11]), rgb=array([255., 255., 255.]), text='default text', units='height', win=Window(...), wrapWidth=1.4)
8.7062 	EXP 	Created Player1Name = TextStim(__class__=<class 'psychopy.visual.text.TextStim'>, alignHoriz='center', alignVert='center', antialias=True, autoLog=True, bold=False, color='white', colorSpace='named', contrast=1.0, depth=-1.0, flipHoriz=False, flipVert=False, font='Arial', fontFiles=[], height=0.06, italic=False, languageStyle='LTR', name='Player1Name', opacity=1.0, ori=0, pos=array([0. , 0.2]), rgb=array([255., 255., 255.]), text='default text', units='height', win=Window(...), wrapWidth=1)
8.7083 	EXP 	Created Player1Pic = ImageStim(__class__=<class 'psychopy.visual.image.ImageStim'>, autoLog=True, color=array([1., 1., 1.]), colorSpace='rgb', contrast=1.0, depth=-2.0, flipHoriz=False, flipVert=False, image='sin', interpolate=True, mask=None, maskParams=None, name='Player1Pic', opacity=1.0, ori=0.0, pos=array([0., 0.]), size=array([1., 1.]), texRes=128, units='height', win=Window(...))
10.4742 	EXP 	Created Feedback = TextStim(__class__=<class 'psychopy.visual.text.TextStim'>, alignHoriz='center', alignVert='center', antialias=True, autoLog=True, bold=False, color='white', colorSpace='named', contrast=1.0, depth=0.0, flipHoriz=False, flipVert=False, font='Arial', fontFiles=[], height=0.1, italic=False, languageStyle='LTR', name='Feedback', opacity=1.0, ori=0, pos=array([0., 0.]), rgb=array([255., 255., 255.]), text='default text', units='height', win=Window(...), wrapWidth=1)
10.4792 	EXP 	Created sendInst2 = TextStim(__class__=<class 'psychopy.visual.text.TextStim'>, alignHoriz='center', alignVert='center', antialias=True, autoLog=True, bold=False, color='white', colorSpace='named', contrast=1.0, depth=0.0, flipHoriz=False, flipVert=False, font='Arial', fontFiles=[], height=0.045, italic=False, languageStyle='LTR', name='sendInst2', opacity=1.0, ori=0, pos=array([ 0.  , -0.15]), rgb=array([255., 255., 255.]), text='default text', units='height', win=Window(...), wrapWidth=1.4)
10.4826 	EXP 	Created Player2Name = TextStim(__class__=<class 'psychopy.visual.text.TextStim'>, alignHoriz='center', alignVert='center', antialias=True, autoLog=True, bold=False, color='white', colorSpace='named', contrast=1.0, depth=-1.0, flipHoriz=False, flipVert=False, font='Arial', fontFiles=[], height=0.06, italic=False, languageStyle='LTR', name='Player2Name', opacity=1.0, ori=0, pos=array([0. , 0.2]), rgb=array([255., 255., 255.]), text='default text', units='height', win=Window(...), wrapWidth=1)
10.4847 	EXP 	Created Player2Pic = ImageStim(__class__=<class 'psychopy.visual.image.ImageStim'>, autoLog=True, color=array([1., 1., 1.]), colorSpace='rgb', contrast=1.0, depth=-2.0, flipHoriz=False, flipVert=False, image='sin', interpolate=True, mask=None, maskParams=None, name='Player2Pic', opacity=1.0, ori=0.0, pos=array([0., 0.]), size=array([1., 1.]), texRes=128, units='height', win=Window(...))
10.4891 	EXP 	Created Feedback2 = TextStim(__class__=<class 'psychopy.visual.text.TextStim'>, alignHoriz='center', alignVert='center', antialias=True, autoLog=True, bold=False, color='white', colorSpace='named', contrast=1.0, depth=0.0, flipHoriz=False, flipVert=False, font='Arial', fontFiles=[], height=0.1, italic=False, languageStyle='LTR', name='Feedback2', opacity=1.0, ori=0, pos=array([0., 0.]), rgb=array([255., 255., 255.]), text='default text', units='height', win=Window(...), wrapWidth=1)
10.5207 	EXP 	Instructions: autoDraw = True
11.7684 	EXP 	Imported DictatorGame.xlsx as conditions, 10 conditions, 5 params
11.7686 	EXP 	Created sequence: random, trialTypes=10, nReps=2, seed=None
11.7689 	EXP 	New trial (rep=0, index=0): OrderedDict([('textTypePlayer1', 'Please indicate how many dollars you will give Player 1:   '), ('CueType', 'REGULATE'), ('textTypePlayer2', 'Please indicate how many dollars you will give Player 2:   '), ('Player1', None), ('Player2', None)])
11.7868 	DATA 	Keypress: space
11.7909 	EXP 	Instructions: autoDraw = False
11.7909 	EXP 	cueText: text = 'REGULATE'
11.7909 	EXP 	cueText: autoDraw = True
16.7478 	EXP 	Imported DictatorGame.xlsx as conditions, 10 conditions, 5 params
16.7480 	EXP 	Created sequence: sequential, trialTypes=10, nReps=1, seed=None
16.7482 	EXP 	New trial (rep=0, index=0): OrderedDict([('textTypePlayer1', 'Please indicate how many dollars you will give Player 1:   '), ('CueType', 'REGULATE'), ('textTypePlayer2', 'Please indicate how many dollars you will give Player 2:   '), ('Player1', '1patterns.png'), ('Player2', '3pattern.png')])
16.8539 	EXP 	cueText: autoDraw = False
16.8539 	EXP 	sendInstructions: text = 'You have been given $5 to use. You have the opportunity to send money to Player 1. You may give them all or none of the money, or any amount in between, using increments of $1. Therefore you can choose to give them $0, $1, $2, $3, $4, or $5.\nThe amount of money you send to them will be tripled, and Player 1 will then have the opportunity to give some money amount back to you. '
16.8539 	EXP 	Player1Name: text = 'Player 1'
16.8539 	EXP 	Player1Pic: pos = array([0.  , 0.36])
16.8539 	EXP 	Player1Pic: size = array([0.2, 0.2])
16.8539 	EXP 	Player1Pic: image = '1patterns.png'
16.8539 	EXP 	sendInstructions: autoDraw = True
16.8539 	EXP 	Player1Name: autoDraw = True
16.8539 	EXP 	Player1Pic: autoDraw = True
22.3509 	DATA 	Keypress: 3
24.0353 	DATA 	Keypress: f
24.1030 	DATA 	Keypress: g
24.2042 	DATA 	Keypress: h
24.5206 	DATA 	Keypress: h
24.6701 	DATA 	Keypress: f
24.7870 	DATA 	Keypress: g
25.2873 	DATA 	Keypress: 5
25.4045 	DATA 	Keypress: 4
25.5380 	DATA 	Keypress: 6
25.6048 	DATA 	Keypress: 5
25.8880 	DATA 	Keypress: 4
25.9879 	DATA 	Keypress: 2
26.1387 	DATA 	Keypress: 5
26.5379 	DATA 	Keypress: 5
26.5381 	DATA 	Keypress: 6
27.1886 	DATA 	Keypress: num_2
27.4552 	DATA 	Keypress: num_2
27.5730 	DATA 	Keypress: num_4
27.5732 	DATA 	Keypress: num_5
27.7894 	DATA 	Keypress: num_3
27.7895 	DATA 	Keypress: num_5
27.8728 	DATA 	Keypress: num_4
28.0236 	DATA 	Keypress: num_5
28.0395 	DATA 	Keypress: num_3
28.1058 	DATA 	Keypress: num_4
28.3231 	DATA 	Keypress: num_2
28.3894 	DATA 	Keypress: num_1
28.5740 	DATA 	Keypress: num_2
28.7231 	DATA 	Keypress: num_4
28.8898 	DATA 	Keypress: num_5
28.9896 	DATA 	Keypress: num_4
29.1070 	DATA 	Keypress: num_5
29.2076 	DATA 	Keypress: num_4
29.3572 	DATA 	Keypress: num_5
29.4402 	DATA 	Keypress: num_4
29.6077 	DATA 	Keypress: num_5
29.6744 	DATA 	Keypress: num_4
30.1408 	DATA 	Keypress: v
30.2582 	DATA 	Keypress: j
30.2584 	DATA 	Keypress: h
30.3592 	DATA 	Keypress: v
30.4086 	DATA 	Keypress: g
30.4923 	DATA 	Keypress: comma
30.4925 	DATA 	Keypress: j
30.6256 	DATA 	Keypress: x
30.6588 	DATA 	Keypress: s
30.7600 	DATA 	Keypress: d
30.7609 	DATA 	Keypress: e
30.8761 	DATA 	Keypress: s
31.1079 	DATA 	Keypress: e
32.0266 	DATA 	Keypress: h
32.0762 	DATA 	Keypress: g
32.2094 	DATA 	Keypress: j
32.2429 	DATA 	Keypress: h
32.3433 	DATA 	Keypress: g
38.5809 	DATA 	Keypress: escape
38.7443 	EXP 	window1: mouseVisible = True
