4.0868 	WARNING 	User requested fullscreen with size [1024  768], but screen is actually [1920, 1080]. Using actual size
4.9773 	EXP 	Created window1 = Window(allowGUI=False, allowStencil=False, args=UNKNOWN, autoLog=True, bitsMode=UNKNOWN, blendMode='avg', color=array([0., 0., 0.]), colorSpace='rgb', fullscr=<method-wrapper '__getattribute__' of attributeSetter object at 0x000001C39E30BD68>, gamma=None, gammaErrorPolicy='raise', kwargs=UNKNOWN, lms=UNKNOWN, monitor=<psychopy.monitors.calibTools.Monitor object at 0x000001C39E37A208>, multiSample=False, name='window1', numSamples=2, pos=[0.0, 0.0], screen=0, size=array([1920, 1080]), stereo=False, units='norm', useFBO=True, useRetina=False, viewOri=0.0, viewPos=None, viewScale=None, waitBlanking=True, winType='pyglet')
4.9774 	EXP 	window1: recordFrameIntervals = False
5.1449 	EXP 	window1: recordFrameIntervals = True
5.3296 	EXP 	window1: recordFrameIntervals = False
5.4967 	EXP 	Created unnamed TextStim = TextStim(__class__=<class 'psychopy.visual.text.TextStim'>, alignHoriz='center', alignVert='center', antialias=True, autoLog=True, bold=False, color='white', colorSpace='named', contrast=1.0, depth=0, flipHoriz=False, flipVert=False, font='Arial', fontFiles=[], height=0.08, italic=False, languageStyle='LTR', name='unnamed TextStim', opacity=1.0, ori=0.0, pos=array([0., 0.]), rgb=array([255., 255., 255.]), text=str(...), units='norm', win=Window(...), wrapWidth=1.6)
5.5607 	EXP 	Created unnamed TextStim = TextStim(__class__=<class 'psychopy.visual.text.TextStim'>, alignHoriz='center', alignVert='center', antialias=True, autoLog=True, bold=False, color='white', colorSpace='named', contrast=1.0, depth=0, flipHoriz=False, flipVert=False, font='Arial', fontFiles=[], height=0.08, italic=False, languageStyle='LTR', name='unnamed TextStim', opacity=1.0, ori=0.0, pos=array([0. , 0.3]), rgb=array([255., 255., 255.]), text=str(...), units='norm', win=Window(...), wrapWidth=1.6)
5.5718 	EXP 	Created unnamed TextStim = TextStim(__class__=<class 'psychopy.visual.text.TextStim'>, alignHoriz='center', alignVert='center', antialias=True, autoLog=True, bold=False, color='white', colorSpace='named', contrast=1.0, depth=0, flipHoriz=False, flipVert=False, font='', fontFiles=[], height=0.09, italic=False, languageStyle='LTR', name='unnamed TextStim', opacity=1.0, ori=0.0, pos=array([-0.1, -0.5]), rgb=array([255., 255., 255.]), text='default text', units='norm', win=Window(...), wrapWidth=1.5)
5.5780 	EXP 	unnamed TextStim: autoDraw = True
9.1959 	DATA 	Keypress: space
9.2639 	EXP 	Imported DictatorGame.xlsx as conditions, 10 conditions, 1 params
9.2641 	EXP 	Created sequence: sequential, trialTypes=10, nReps=1, seed=None
9.2643 	EXP 	New trial (rep=0, index=0): OrderedDict([('word', 'Please indicate how many dollars you will give the Receiver:   ')])
9.2860 	EXP 	unnamed TextStim: autoDraw = False
9.2860 	EXP 	unnamed TextStim: autoDraw = True
9.2860 	EXP 	unnamed TextStim: autoDraw = True
23.2127 	DATA 	Keypress: 5
24.4947 	DATA 	Keypress: return
24.5105 	EXP 	New trial (rep=0, index=1): OrderedDict([('word', 'Please indicate how many dollars you will give the Receiver:   ')])
24.5276 	EXP 	unnamed TextStim: autoDraw = False
24.5276 	EXP 	unnamed TextStim: autoDraw = True
100.6938 	DATA 	Keypress: escape
100.7673 	EXP 	window1: mouseVisible = True
